[2024-12-02T14:19:22.647+0000] {processor.py:186} INFO - Started process (PID=259) to work on /opt/airflow/dags/script/example/create_dag_with_python_operator.py
[2024-12-02T14:19:22.649+0000] {processor.py:914} INFO - Processing file /opt/airflow/dags/script/example/create_dag_with_python_operator.py for tasks to queue
[2024-12-02T14:19:22.650+0000] {logging_mixin.py:190} INFO - [2024-12-02T14:19:22.650+0000] {dagbag.py:588} INFO - Filling up the DagBag from /opt/airflow/dags/script/example/create_dag_with_python_operator.py
[2024-12-02T14:19:22.655+0000] {processor.py:927} WARNING - No viable dags retrieved from /opt/airflow/dags/script/example/create_dag_with_python_operator.py
[2024-12-02T14:19:22.666+0000] {processor.py:208} INFO - Processing /opt/airflow/dags/script/example/create_dag_with_python_operator.py took 0.024 seconds
[2024-12-02T14:19:53.245+0000] {processor.py:186} INFO - Started process (PID=373) to work on /opt/airflow/dags/script/example/create_dag_with_python_operator.py
[2024-12-02T14:19:53.246+0000] {processor.py:914} INFO - Processing file /opt/airflow/dags/script/example/create_dag_with_python_operator.py for tasks to queue
[2024-12-02T14:19:53.248+0000] {logging_mixin.py:190} INFO - [2024-12-02T14:19:53.247+0000] {dagbag.py:588} INFO - Filling up the DagBag from /opt/airflow/dags/script/example/create_dag_with_python_operator.py
[2024-12-02T14:19:53.249+0000] {processor.py:927} WARNING - No viable dags retrieved from /opt/airflow/dags/script/example/create_dag_with_python_operator.py
[2024-12-02T14:19:53.253+0000] {processor.py:208} INFO - Processing /opt/airflow/dags/script/example/create_dag_with_python_operator.py took 0.010 seconds
[2024-12-02T14:20:23.969+0000] {processor.py:186} INFO - Started process (PID=474) to work on /opt/airflow/dags/script/example/create_dag_with_python_operator.py
[2024-12-02T14:20:23.969+0000] {processor.py:914} INFO - Processing file /opt/airflow/dags/script/example/create_dag_with_python_operator.py for tasks to queue
[2024-12-02T14:20:23.970+0000] {logging_mixin.py:190} INFO - [2024-12-02T14:20:23.970+0000] {dagbag.py:588} INFO - Filling up the DagBag from /opt/airflow/dags/script/example/create_dag_with_python_operator.py
[2024-12-02T14:20:23.971+0000] {processor.py:927} WARNING - No viable dags retrieved from /opt/airflow/dags/script/example/create_dag_with_python_operator.py
[2024-12-02T14:20:23.976+0000] {processor.py:208} INFO - Processing /opt/airflow/dags/script/example/create_dag_with_python_operator.py took 0.009 seconds
[2024-12-02T14:20:54.688+0000] {processor.py:186} INFO - Started process (PID=575) to work on /opt/airflow/dags/script/example/create_dag_with_python_operator.py
[2024-12-02T14:20:54.688+0000] {processor.py:914} INFO - Processing file /opt/airflow/dags/script/example/create_dag_with_python_operator.py for tasks to queue
[2024-12-02T14:20:54.689+0000] {logging_mixin.py:190} INFO - [2024-12-02T14:20:54.689+0000] {dagbag.py:588} INFO - Filling up the DagBag from /opt/airflow/dags/script/example/create_dag_with_python_operator.py
[2024-12-02T14:20:54.692+0000] {processor.py:927} WARNING - No viable dags retrieved from /opt/airflow/dags/script/example/create_dag_with_python_operator.py
[2024-12-02T14:20:54.697+0000] {processor.py:208} INFO - Processing /opt/airflow/dags/script/example/create_dag_with_python_operator.py took 0.012 seconds
[2024-12-02T14:21:25.415+0000] {processor.py:186} INFO - Started process (PID=676) to work on /opt/airflow/dags/script/example/create_dag_with_python_operator.py
[2024-12-02T14:21:25.416+0000] {processor.py:914} INFO - Processing file /opt/airflow/dags/script/example/create_dag_with_python_operator.py for tasks to queue
[2024-12-02T14:21:25.417+0000] {logging_mixin.py:190} INFO - [2024-12-02T14:21:25.417+0000] {dagbag.py:588} INFO - Filling up the DagBag from /opt/airflow/dags/script/example/create_dag_with_python_operator.py
[2024-12-02T14:21:25.427+0000] {processor.py:927} WARNING - No viable dags retrieved from /opt/airflow/dags/script/example/create_dag_with_python_operator.py
[2024-12-02T14:21:25.441+0000] {processor.py:208} INFO - Processing /opt/airflow/dags/script/example/create_dag_with_python_operator.py took 0.061 seconds
[2024-12-02T14:21:56.147+0000] {processor.py:186} INFO - Started process (PID=777) to work on /opt/airflow/dags/script/example/create_dag_with_python_operator.py
[2024-12-02T14:21:56.148+0000] {processor.py:914} INFO - Processing file /opt/airflow/dags/script/example/create_dag_with_python_operator.py for tasks to queue
[2024-12-02T14:21:56.149+0000] {logging_mixin.py:190} INFO - [2024-12-02T14:21:56.149+0000] {dagbag.py:588} INFO - Filling up the DagBag from /opt/airflow/dags/script/example/create_dag_with_python_operator.py
[2024-12-02T14:21:56.151+0000] {processor.py:927} WARNING - No viable dags retrieved from /opt/airflow/dags/script/example/create_dag_with_python_operator.py
[2024-12-02T14:21:56.157+0000] {processor.py:208} INFO - Processing /opt/airflow/dags/script/example/create_dag_with_python_operator.py took 0.012 seconds
[2024-12-02T14:22:26.739+0000] {processor.py:186} INFO - Started process (PID=878) to work on /opt/airflow/dags/script/example/create_dag_with_python_operator.py
[2024-12-02T14:22:26.739+0000] {processor.py:914} INFO - Processing file /opt/airflow/dags/script/example/create_dag_with_python_operator.py for tasks to queue
[2024-12-02T14:22:26.740+0000] {logging_mixin.py:190} INFO - [2024-12-02T14:22:26.740+0000] {dagbag.py:588} INFO - Filling up the DagBag from /opt/airflow/dags/script/example/create_dag_with_python_operator.py
[2024-12-02T14:22:26.742+0000] {processor.py:927} WARNING - No viable dags retrieved from /opt/airflow/dags/script/example/create_dag_with_python_operator.py
[2024-12-02T14:22:26.746+0000] {processor.py:208} INFO - Processing /opt/airflow/dags/script/example/create_dag_with_python_operator.py took 0.010 seconds
[2024-12-02T14:22:57.438+0000] {processor.py:186} INFO - Started process (PID=979) to work on /opt/airflow/dags/script/example/create_dag_with_python_operator.py
[2024-12-02T14:22:57.439+0000] {processor.py:914} INFO - Processing file /opt/airflow/dags/script/example/create_dag_with_python_operator.py for tasks to queue
[2024-12-02T14:22:57.440+0000] {logging_mixin.py:190} INFO - [2024-12-02T14:22:57.440+0000] {dagbag.py:588} INFO - Filling up the DagBag from /opt/airflow/dags/script/example/create_dag_with_python_operator.py
[2024-12-02T14:22:57.441+0000] {processor.py:927} WARNING - No viable dags retrieved from /opt/airflow/dags/script/example/create_dag_with_python_operator.py
[2024-12-02T14:22:57.446+0000] {processor.py:208} INFO - Processing /opt/airflow/dags/script/example/create_dag_with_python_operator.py took 0.010 seconds
[2024-12-02T14:23:28.149+0000] {processor.py:186} INFO - Started process (PID=1080) to work on /opt/airflow/dags/script/example/create_dag_with_python_operator.py
[2024-12-02T14:23:28.149+0000] {processor.py:914} INFO - Processing file /opt/airflow/dags/script/example/create_dag_with_python_operator.py for tasks to queue
[2024-12-02T14:23:28.151+0000] {logging_mixin.py:190} INFO - [2024-12-02T14:23:28.151+0000] {dagbag.py:588} INFO - Filling up the DagBag from /opt/airflow/dags/script/example/create_dag_with_python_operator.py
[2024-12-02T14:23:28.153+0000] {processor.py:927} WARNING - No viable dags retrieved from /opt/airflow/dags/script/example/create_dag_with_python_operator.py
[2024-12-02T14:23:28.158+0000] {processor.py:208} INFO - Processing /opt/airflow/dags/script/example/create_dag_with_python_operator.py took 0.011 seconds
[2024-12-02T14:23:59.207+0000] {processor.py:186} INFO - Started process (PID=1181) to work on /opt/airflow/dags/script/example/create_dag_with_python_operator.py
[2024-12-02T14:23:59.208+0000] {processor.py:914} INFO - Processing file /opt/airflow/dags/script/example/create_dag_with_python_operator.py for tasks to queue
[2024-12-02T14:23:59.213+0000] {logging_mixin.py:190} INFO - [2024-12-02T14:23:59.211+0000] {dagbag.py:588} INFO - Filling up the DagBag from /opt/airflow/dags/script/example/create_dag_with_python_operator.py
[2024-12-02T14:23:59.244+0000] {processor.py:927} WARNING - No viable dags retrieved from /opt/airflow/dags/script/example/create_dag_with_python_operator.py
[2024-12-02T14:23:59.255+0000] {processor.py:208} INFO - Processing /opt/airflow/dags/script/example/create_dag_with_python_operator.py took 0.050 seconds
[2024-12-02T14:24:30.762+0000] {processor.py:186} INFO - Started process (PID=1284) to work on /opt/airflow/dags/script/example/create_dag_with_python_operator.py
[2024-12-02T14:24:30.762+0000] {processor.py:914} INFO - Processing file /opt/airflow/dags/script/example/create_dag_with_python_operator.py for tasks to queue
[2024-12-02T14:24:30.829+0000] {logging_mixin.py:190} INFO - [2024-12-02T14:24:30.828+0000] {dagbag.py:588} INFO - Filling up the DagBag from /opt/airflow/dags/script/example/create_dag_with_python_operator.py
[2024-12-02T14:24:30.830+0000] {processor.py:927} WARNING - No viable dags retrieved from /opt/airflow/dags/script/example/create_dag_with_python_operator.py
[2024-12-02T14:24:30.834+0000] {processor.py:208} INFO - Processing /opt/airflow/dags/script/example/create_dag_with_python_operator.py took 0.074 seconds
[2024-12-02T14:25:01.446+0000] {processor.py:186} INFO - Started process (PID=1383) to work on /opt/airflow/dags/script/example/create_dag_with_python_operator.py
[2024-12-02T14:25:01.447+0000] {processor.py:914} INFO - Processing file /opt/airflow/dags/script/example/create_dag_with_python_operator.py for tasks to queue
[2024-12-02T14:25:01.448+0000] {logging_mixin.py:190} INFO - [2024-12-02T14:25:01.448+0000] {dagbag.py:588} INFO - Filling up the DagBag from /opt/airflow/dags/script/example/create_dag_with_python_operator.py
[2024-12-02T14:25:01.450+0000] {processor.py:927} WARNING - No viable dags retrieved from /opt/airflow/dags/script/example/create_dag_with_python_operator.py
[2024-12-02T14:25:01.458+0000] {processor.py:208} INFO - Processing /opt/airflow/dags/script/example/create_dag_with_python_operator.py took 0.014 seconds
[2024-12-02T14:25:32.192+0000] {processor.py:186} INFO - Started process (PID=1484) to work on /opt/airflow/dags/script/example/create_dag_with_python_operator.py
[2024-12-02T14:25:32.193+0000] {processor.py:914} INFO - Processing file /opt/airflow/dags/script/example/create_dag_with_python_operator.py for tasks to queue
[2024-12-02T14:25:32.194+0000] {logging_mixin.py:190} INFO - [2024-12-02T14:25:32.194+0000] {dagbag.py:588} INFO - Filling up the DagBag from /opt/airflow/dags/script/example/create_dag_with_python_operator.py
[2024-12-02T14:25:32.196+0000] {processor.py:927} WARNING - No viable dags retrieved from /opt/airflow/dags/script/example/create_dag_with_python_operator.py
[2024-12-02T14:25:32.205+0000] {processor.py:208} INFO - Processing /opt/airflow/dags/script/example/create_dag_with_python_operator.py took 0.014 seconds
[2024-12-02T14:26:02.924+0000] {processor.py:186} INFO - Started process (PID=1585) to work on /opt/airflow/dags/script/example/create_dag_with_python_operator.py
[2024-12-02T14:26:02.924+0000] {processor.py:914} INFO - Processing file /opt/airflow/dags/script/example/create_dag_with_python_operator.py for tasks to queue
[2024-12-02T14:26:02.926+0000] {logging_mixin.py:190} INFO - [2024-12-02T14:26:02.926+0000] {dagbag.py:588} INFO - Filling up the DagBag from /opt/airflow/dags/script/example/create_dag_with_python_operator.py
[2024-12-02T14:26:02.929+0000] {processor.py:927} WARNING - No viable dags retrieved from /opt/airflow/dags/script/example/create_dag_with_python_operator.py
[2024-12-02T14:26:02.935+0000] {processor.py:208} INFO - Processing /opt/airflow/dags/script/example/create_dag_with_python_operator.py took 0.014 seconds
[2024-12-02T14:26:33.634+0000] {processor.py:186} INFO - Started process (PID=1686) to work on /opt/airflow/dags/script/example/create_dag_with_python_operator.py
[2024-12-02T14:26:33.635+0000] {processor.py:914} INFO - Processing file /opt/airflow/dags/script/example/create_dag_with_python_operator.py for tasks to queue
[2024-12-02T14:26:33.637+0000] {logging_mixin.py:190} INFO - [2024-12-02T14:26:33.637+0000] {dagbag.py:588} INFO - Filling up the DagBag from /opt/airflow/dags/script/example/create_dag_with_python_operator.py
[2024-12-02T14:26:33.639+0000] {processor.py:927} WARNING - No viable dags retrieved from /opt/airflow/dags/script/example/create_dag_with_python_operator.py
[2024-12-02T14:26:33.645+0000] {processor.py:208} INFO - Processing /opt/airflow/dags/script/example/create_dag_with_python_operator.py took 0.013 seconds
[2024-12-02T14:27:04.578+0000] {processor.py:186} INFO - Started process (PID=1787) to work on /opt/airflow/dags/script/example/create_dag_with_python_operator.py
[2024-12-02T14:27:04.579+0000] {processor.py:914} INFO - Processing file /opt/airflow/dags/script/example/create_dag_with_python_operator.py for tasks to queue
[2024-12-02T14:27:04.581+0000] {logging_mixin.py:190} INFO - [2024-12-02T14:27:04.581+0000] {dagbag.py:588} INFO - Filling up the DagBag from /opt/airflow/dags/script/example/create_dag_with_python_operator.py
[2024-12-02T14:27:04.583+0000] {processor.py:927} WARNING - No viable dags retrieved from /opt/airflow/dags/script/example/create_dag_with_python_operator.py
[2024-12-02T14:27:04.590+0000] {processor.py:208} INFO - Processing /opt/airflow/dags/script/example/create_dag_with_python_operator.py took 0.014 seconds
[2024-12-02T14:27:35.247+0000] {processor.py:186} INFO - Started process (PID=1888) to work on /opt/airflow/dags/script/example/create_dag_with_python_operator.py
[2024-12-02T14:27:35.248+0000] {processor.py:914} INFO - Processing file /opt/airflow/dags/script/example/create_dag_with_python_operator.py for tasks to queue
[2024-12-02T14:27:35.249+0000] {logging_mixin.py:190} INFO - [2024-12-02T14:27:35.249+0000] {dagbag.py:588} INFO - Filling up the DagBag from /opt/airflow/dags/script/example/create_dag_with_python_operator.py
[2024-12-02T14:27:35.251+0000] {processor.py:927} WARNING - No viable dags retrieved from /opt/airflow/dags/script/example/create_dag_with_python_operator.py
[2024-12-02T14:27:35.259+0000] {processor.py:208} INFO - Processing /opt/airflow/dags/script/example/create_dag_with_python_operator.py took 0.014 seconds
[2024-12-02T14:28:05.946+0000] {processor.py:186} INFO - Started process (PID=1989) to work on /opt/airflow/dags/script/example/create_dag_with_python_operator.py
[2024-12-02T14:28:05.947+0000] {processor.py:914} INFO - Processing file /opt/airflow/dags/script/example/create_dag_with_python_operator.py for tasks to queue
[2024-12-02T14:28:05.949+0000] {logging_mixin.py:190} INFO - [2024-12-02T14:28:05.949+0000] {dagbag.py:588} INFO - Filling up the DagBag from /opt/airflow/dags/script/example/create_dag_with_python_operator.py
[2024-12-02T14:28:05.951+0000] {processor.py:927} WARNING - No viable dags retrieved from /opt/airflow/dags/script/example/create_dag_with_python_operator.py
[2024-12-02T14:28:05.958+0000] {processor.py:208} INFO - Processing /opt/airflow/dags/script/example/create_dag_with_python_operator.py took 0.014 seconds
[2024-12-02T14:28:36.688+0000] {processor.py:186} INFO - Started process (PID=2090) to work on /opt/airflow/dags/script/example/create_dag_with_python_operator.py
[2024-12-02T14:28:36.688+0000] {processor.py:914} INFO - Processing file /opt/airflow/dags/script/example/create_dag_with_python_operator.py for tasks to queue
[2024-12-02T14:28:36.690+0000] {logging_mixin.py:190} INFO - [2024-12-02T14:28:36.690+0000] {dagbag.py:588} INFO - Filling up the DagBag from /opt/airflow/dags/script/example/create_dag_with_python_operator.py
[2024-12-02T14:28:36.693+0000] {processor.py:927} WARNING - No viable dags retrieved from /opt/airflow/dags/script/example/create_dag_with_python_operator.py
[2024-12-02T14:28:36.700+0000] {processor.py:208} INFO - Processing /opt/airflow/dags/script/example/create_dag_with_python_operator.py took 0.014 seconds
[2024-12-02T14:29:07.504+0000] {processor.py:186} INFO - Started process (PID=2193) to work on /opt/airflow/dags/script/example/create_dag_with_python_operator.py
[2024-12-02T14:29:07.504+0000] {processor.py:914} INFO - Processing file /opt/airflow/dags/script/example/create_dag_with_python_operator.py for tasks to queue
[2024-12-02T14:29:07.506+0000] {logging_mixin.py:190} INFO - [2024-12-02T14:29:07.505+0000] {dagbag.py:588} INFO - Filling up the DagBag from /opt/airflow/dags/script/example/create_dag_with_python_operator.py
[2024-12-02T14:29:07.507+0000] {processor.py:927} WARNING - No viable dags retrieved from /opt/airflow/dags/script/example/create_dag_with_python_operator.py
[2024-12-02T14:29:07.512+0000] {processor.py:208} INFO - Processing /opt/airflow/dags/script/example/create_dag_with_python_operator.py took 0.011 seconds
[2024-12-02T14:29:38.227+0000] {processor.py:186} INFO - Started process (PID=2292) to work on /opt/airflow/dags/script/example/create_dag_with_python_operator.py
[2024-12-02T14:29:38.228+0000] {processor.py:914} INFO - Processing file /opt/airflow/dags/script/example/create_dag_with_python_operator.py for tasks to queue
[2024-12-02T14:29:38.230+0000] {logging_mixin.py:190} INFO - [2024-12-02T14:29:38.230+0000] {dagbag.py:588} INFO - Filling up the DagBag from /opt/airflow/dags/script/example/create_dag_with_python_operator.py
[2024-12-02T14:29:38.232+0000] {processor.py:927} WARNING - No viable dags retrieved from /opt/airflow/dags/script/example/create_dag_with_python_operator.py
[2024-12-02T14:29:38.239+0000] {processor.py:208} INFO - Processing /opt/airflow/dags/script/example/create_dag_with_python_operator.py took 0.013 seconds
[2024-12-02T14:30:09.031+0000] {processor.py:186} INFO - Started process (PID=2393) to work on /opt/airflow/dags/script/example/create_dag_with_python_operator.py
[2024-12-02T14:30:09.032+0000] {processor.py:914} INFO - Processing file /opt/airflow/dags/script/example/create_dag_with_python_operator.py for tasks to queue
[2024-12-02T14:30:09.033+0000] {logging_mixin.py:190} INFO - [2024-12-02T14:30:09.033+0000] {dagbag.py:588} INFO - Filling up the DagBag from /opt/airflow/dags/script/example/create_dag_with_python_operator.py
[2024-12-02T14:30:09.037+0000] {processor.py:927} WARNING - No viable dags retrieved from /opt/airflow/dags/script/example/create_dag_with_python_operator.py
[2024-12-02T14:30:09.047+0000] {processor.py:208} INFO - Processing /opt/airflow/dags/script/example/create_dag_with_python_operator.py took 0.019 seconds
[2024-12-02T14:30:39.800+0000] {processor.py:186} INFO - Started process (PID=2494) to work on /opt/airflow/dags/script/example/create_dag_with_python_operator.py
[2024-12-02T14:30:39.801+0000] {processor.py:914} INFO - Processing file /opt/airflow/dags/script/example/create_dag_with_python_operator.py for tasks to queue
[2024-12-02T14:30:39.803+0000] {logging_mixin.py:190} INFO - [2024-12-02T14:30:39.803+0000] {dagbag.py:588} INFO - Filling up the DagBag from /opt/airflow/dags/script/example/create_dag_with_python_operator.py
[2024-12-02T14:30:39.805+0000] {processor.py:927} WARNING - No viable dags retrieved from /opt/airflow/dags/script/example/create_dag_with_python_operator.py
[2024-12-02T14:30:39.813+0000] {processor.py:208} INFO - Processing /opt/airflow/dags/script/example/create_dag_with_python_operator.py took 0.015 seconds
[2024-12-02T14:31:10.528+0000] {processor.py:186} INFO - Started process (PID=2595) to work on /opt/airflow/dags/script/example/create_dag_with_python_operator.py
[2024-12-02T14:31:10.528+0000] {processor.py:914} INFO - Processing file /opt/airflow/dags/script/example/create_dag_with_python_operator.py for tasks to queue
[2024-12-02T14:31:10.530+0000] {logging_mixin.py:190} INFO - [2024-12-02T14:31:10.530+0000] {dagbag.py:588} INFO - Filling up the DagBag from /opt/airflow/dags/script/example/create_dag_with_python_operator.py
[2024-12-02T14:31:10.533+0000] {processor.py:927} WARNING - No viable dags retrieved from /opt/airflow/dags/script/example/create_dag_with_python_operator.py
[2024-12-02T14:31:10.539+0000] {processor.py:208} INFO - Processing /opt/airflow/dags/script/example/create_dag_with_python_operator.py took 0.013 seconds
[2024-12-02T14:31:41.262+0000] {processor.py:186} INFO - Started process (PID=2698) to work on /opt/airflow/dags/script/example/create_dag_with_python_operator.py
[2024-12-02T14:31:41.262+0000] {processor.py:914} INFO - Processing file /opt/airflow/dags/script/example/create_dag_with_python_operator.py for tasks to queue
[2024-12-02T14:31:41.264+0000] {logging_mixin.py:190} INFO - [2024-12-02T14:31:41.263+0000] {dagbag.py:588} INFO - Filling up the DagBag from /opt/airflow/dags/script/example/create_dag_with_python_operator.py
[2024-12-02T14:31:41.265+0000] {processor.py:927} WARNING - No viable dags retrieved from /opt/airflow/dags/script/example/create_dag_with_python_operator.py
[2024-12-02T14:31:41.271+0000] {processor.py:208} INFO - Processing /opt/airflow/dags/script/example/create_dag_with_python_operator.py took 0.013 seconds
[2024-12-02T14:32:11.994+0000] {processor.py:186} INFO - Started process (PID=2797) to work on /opt/airflow/dags/script/example/create_dag_with_python_operator.py
[2024-12-02T14:32:11.995+0000] {processor.py:914} INFO - Processing file /opt/airflow/dags/script/example/create_dag_with_python_operator.py for tasks to queue
[2024-12-02T14:32:11.997+0000] {logging_mixin.py:190} INFO - [2024-12-02T14:32:11.997+0000] {dagbag.py:588} INFO - Filling up the DagBag from /opt/airflow/dags/script/example/create_dag_with_python_operator.py
[2024-12-02T14:32:11.999+0000] {processor.py:927} WARNING - No viable dags retrieved from /opt/airflow/dags/script/example/create_dag_with_python_operator.py
[2024-12-02T14:32:12.006+0000] {processor.py:208} INFO - Processing /opt/airflow/dags/script/example/create_dag_with_python_operator.py took 0.013 seconds
[2024-12-02T14:32:42.685+0000] {processor.py:186} INFO - Started process (PID=2898) to work on /opt/airflow/dags/script/example/create_dag_with_python_operator.py
[2024-12-02T14:32:42.686+0000] {processor.py:914} INFO - Processing file /opt/airflow/dags/script/example/create_dag_with_python_operator.py for tasks to queue
[2024-12-02T14:32:42.688+0000] {logging_mixin.py:190} INFO - [2024-12-02T14:32:42.687+0000] {dagbag.py:588} INFO - Filling up the DagBag from /opt/airflow/dags/script/example/create_dag_with_python_operator.py
[2024-12-02T14:32:42.690+0000] {processor.py:927} WARNING - No viable dags retrieved from /opt/airflow/dags/script/example/create_dag_with_python_operator.py
[2024-12-02T14:32:42.697+0000] {processor.py:208} INFO - Processing /opt/airflow/dags/script/example/create_dag_with_python_operator.py took 0.015 seconds
[2024-12-02T14:33:13.418+0000] {processor.py:186} INFO - Started process (PID=2999) to work on /opt/airflow/dags/script/example/create_dag_with_python_operator.py
[2024-12-02T14:33:13.418+0000] {processor.py:914} INFO - Processing file /opt/airflow/dags/script/example/create_dag_with_python_operator.py for tasks to queue
[2024-12-02T14:33:13.421+0000] {logging_mixin.py:190} INFO - [2024-12-02T14:33:13.421+0000] {dagbag.py:588} INFO - Filling up the DagBag from /opt/airflow/dags/script/example/create_dag_with_python_operator.py
[2024-12-02T14:33:13.423+0000] {processor.py:927} WARNING - No viable dags retrieved from /opt/airflow/dags/script/example/create_dag_with_python_operator.py
[2024-12-02T14:33:13.431+0000] {processor.py:208} INFO - Processing /opt/airflow/dags/script/example/create_dag_with_python_operator.py took 0.015 seconds
[2024-12-02T14:33:43.821+0000] {processor.py:186} INFO - Started process (PID=3102) to work on /opt/airflow/dags/script/example/create_dag_with_python_operator.py
[2024-12-02T14:33:43.821+0000] {processor.py:914} INFO - Processing file /opt/airflow/dags/script/example/create_dag_with_python_operator.py for tasks to queue
[2024-12-02T14:33:43.822+0000] {logging_mixin.py:190} INFO - [2024-12-02T14:33:43.822+0000] {dagbag.py:588} INFO - Filling up the DagBag from /opt/airflow/dags/script/example/create_dag_with_python_operator.py
[2024-12-02T14:33:43.823+0000] {processor.py:927} WARNING - No viable dags retrieved from /opt/airflow/dags/script/example/create_dag_with_python_operator.py
[2024-12-02T14:33:43.828+0000] {processor.py:208} INFO - Processing /opt/airflow/dags/script/example/create_dag_with_python_operator.py took 0.010 seconds
[2024-12-02T14:34:15.355+0000] {processor.py:186} INFO - Started process (PID=3206) to work on /opt/airflow/dags/script/example/create_dag_with_python_operator.py
[2024-12-02T14:34:15.356+0000] {processor.py:914} INFO - Processing file /opt/airflow/dags/script/example/create_dag_with_python_operator.py for tasks to queue
[2024-12-02T14:34:15.358+0000] {logging_mixin.py:190} INFO - [2024-12-02T14:34:15.358+0000] {dagbag.py:588} INFO - Filling up the DagBag from /opt/airflow/dags/script/example/create_dag_with_python_operator.py
[2024-12-02T14:34:15.361+0000] {processor.py:927} WARNING - No viable dags retrieved from /opt/airflow/dags/script/example/create_dag_with_python_operator.py
[2024-12-02T14:34:15.366+0000] {processor.py:208} INFO - Processing /opt/airflow/dags/script/example/create_dag_with_python_operator.py took 0.014 seconds
[2024-12-02T14:34:46.069+0000] {processor.py:186} INFO - Started process (PID=3307) to work on /opt/airflow/dags/script/example/create_dag_with_python_operator.py
[2024-12-02T14:34:46.071+0000] {processor.py:914} INFO - Processing file /opt/airflow/dags/script/example/create_dag_with_python_operator.py for tasks to queue
[2024-12-02T14:34:46.072+0000] {logging_mixin.py:190} INFO - [2024-12-02T14:34:46.072+0000] {dagbag.py:588} INFO - Filling up the DagBag from /opt/airflow/dags/script/example/create_dag_with_python_operator.py
[2024-12-02T14:34:46.074+0000] {processor.py:927} WARNING - No viable dags retrieved from /opt/airflow/dags/script/example/create_dag_with_python_operator.py
[2024-12-02T14:34:46.080+0000] {processor.py:208} INFO - Processing /opt/airflow/dags/script/example/create_dag_with_python_operator.py took 0.013 seconds
[2024-12-02T14:35:16.824+0000] {processor.py:186} INFO - Started process (PID=3408) to work on /opt/airflow/dags/script/example/create_dag_with_python_operator.py
[2024-12-02T14:35:16.824+0000] {processor.py:914} INFO - Processing file /opt/airflow/dags/script/example/create_dag_with_python_operator.py for tasks to queue
[2024-12-02T14:35:16.826+0000] {logging_mixin.py:190} INFO - [2024-12-02T14:35:16.826+0000] {dagbag.py:588} INFO - Filling up the DagBag from /opt/airflow/dags/script/example/create_dag_with_python_operator.py
[2024-12-02T14:35:16.827+0000] {processor.py:927} WARNING - No viable dags retrieved from /opt/airflow/dags/script/example/create_dag_with_python_operator.py
[2024-12-02T14:35:16.831+0000] {processor.py:208} INFO - Processing /opt/airflow/dags/script/example/create_dag_with_python_operator.py took 0.010 seconds
[2024-12-02T14:35:47.550+0000] {processor.py:186} INFO - Started process (PID=3509) to work on /opt/airflow/dags/script/example/create_dag_with_python_operator.py
[2024-12-02T14:35:47.550+0000] {processor.py:914} INFO - Processing file /opt/airflow/dags/script/example/create_dag_with_python_operator.py for tasks to queue
[2024-12-02T14:35:47.551+0000] {logging_mixin.py:190} INFO - [2024-12-02T14:35:47.551+0000] {dagbag.py:588} INFO - Filling up the DagBag from /opt/airflow/dags/script/example/create_dag_with_python_operator.py
[2024-12-02T14:35:47.554+0000] {processor.py:927} WARNING - No viable dags retrieved from /opt/airflow/dags/script/example/create_dag_with_python_operator.py
[2024-12-02T14:35:47.561+0000] {processor.py:208} INFO - Processing /opt/airflow/dags/script/example/create_dag_with_python_operator.py took 0.013 seconds
[2024-12-02T14:36:18.694+0000] {processor.py:186} INFO - Started process (PID=3610) to work on /opt/airflow/dags/script/example/create_dag_with_python_operator.py
[2024-12-02T14:36:18.695+0000] {processor.py:914} INFO - Processing file /opt/airflow/dags/script/example/create_dag_with_python_operator.py for tasks to queue
[2024-12-02T14:36:18.697+0000] {logging_mixin.py:190} INFO - [2024-12-02T14:36:18.696+0000] {dagbag.py:588} INFO - Filling up the DagBag from /opt/airflow/dags/script/example/create_dag_with_python_operator.py
[2024-12-02T14:36:18.699+0000] {processor.py:927} WARNING - No viable dags retrieved from /opt/airflow/dags/script/example/create_dag_with_python_operator.py
[2024-12-02T14:36:18.703+0000] {processor.py:208} INFO - Processing /opt/airflow/dags/script/example/create_dag_with_python_operator.py took 0.012 seconds
[2024-12-02T14:36:49.401+0000] {processor.py:186} INFO - Started process (PID=3710) to work on /opt/airflow/dags/script/example/create_dag_with_python_operator.py
[2024-12-02T14:36:49.401+0000] {processor.py:914} INFO - Processing file /opt/airflow/dags/script/example/create_dag_with_python_operator.py for tasks to queue
[2024-12-02T14:36:49.402+0000] {logging_mixin.py:190} INFO - [2024-12-02T14:36:49.402+0000] {dagbag.py:588} INFO - Filling up the DagBag from /opt/airflow/dags/script/example/create_dag_with_python_operator.py
[2024-12-02T14:36:49.403+0000] {processor.py:927} WARNING - No viable dags retrieved from /opt/airflow/dags/script/example/create_dag_with_python_operator.py
[2024-12-02T14:36:49.409+0000] {processor.py:208} INFO - Processing /opt/airflow/dags/script/example/create_dag_with_python_operator.py took 0.011 seconds
[2024-12-02T14:37:20.152+0000] {processor.py:186} INFO - Started process (PID=3811) to work on /opt/airflow/dags/script/example/create_dag_with_python_operator.py
[2024-12-02T14:37:20.152+0000] {processor.py:914} INFO - Processing file /opt/airflow/dags/script/example/create_dag_with_python_operator.py for tasks to queue
[2024-12-02T14:37:20.154+0000] {logging_mixin.py:190} INFO - [2024-12-02T14:37:20.153+0000] {dagbag.py:588} INFO - Filling up the DagBag from /opt/airflow/dags/script/example/create_dag_with_python_operator.py
[2024-12-02T14:37:20.156+0000] {processor.py:927} WARNING - No viable dags retrieved from /opt/airflow/dags/script/example/create_dag_with_python_operator.py
[2024-12-02T14:37:20.162+0000] {processor.py:208} INFO - Processing /opt/airflow/dags/script/example/create_dag_with_python_operator.py took 0.013 seconds
[2024-12-02T14:37:50.855+0000] {processor.py:186} INFO - Started process (PID=3912) to work on /opt/airflow/dags/script/example/create_dag_with_python_operator.py
[2024-12-02T14:37:50.856+0000] {processor.py:914} INFO - Processing file /opt/airflow/dags/script/example/create_dag_with_python_operator.py for tasks to queue
[2024-12-02T14:37:50.858+0000] {logging_mixin.py:190} INFO - [2024-12-02T14:37:50.857+0000] {dagbag.py:588} INFO - Filling up the DagBag from /opt/airflow/dags/script/example/create_dag_with_python_operator.py
[2024-12-02T14:37:50.859+0000] {processor.py:927} WARNING - No viable dags retrieved from /opt/airflow/dags/script/example/create_dag_with_python_operator.py
[2024-12-02T14:37:50.864+0000] {processor.py:208} INFO - Processing /opt/airflow/dags/script/example/create_dag_with_python_operator.py took 0.011 seconds
[2024-12-02T14:38:21.613+0000] {processor.py:186} INFO - Started process (PID=4012) to work on /opt/airflow/dags/script/example/create_dag_with_python_operator.py
[2024-12-02T14:38:21.614+0000] {processor.py:914} INFO - Processing file /opt/airflow/dags/script/example/create_dag_with_python_operator.py for tasks to queue
[2024-12-02T14:38:21.615+0000] {logging_mixin.py:190} INFO - [2024-12-02T14:38:21.615+0000] {dagbag.py:588} INFO - Filling up the DagBag from /opt/airflow/dags/script/example/create_dag_with_python_operator.py
[2024-12-02T14:38:21.618+0000] {processor.py:927} WARNING - No viable dags retrieved from /opt/airflow/dags/script/example/create_dag_with_python_operator.py
[2024-12-02T14:38:21.624+0000] {processor.py:208} INFO - Processing /opt/airflow/dags/script/example/create_dag_with_python_operator.py took 0.013 seconds
[2024-12-02T14:38:52.374+0000] {processor.py:186} INFO - Started process (PID=4113) to work on /opt/airflow/dags/script/example/create_dag_with_python_operator.py
[2024-12-02T14:38:52.374+0000] {processor.py:914} INFO - Processing file /opt/airflow/dags/script/example/create_dag_with_python_operator.py for tasks to queue
[2024-12-02T14:38:52.375+0000] {logging_mixin.py:190} INFO - [2024-12-02T14:38:52.375+0000] {dagbag.py:588} INFO - Filling up the DagBag from /opt/airflow/dags/script/example/create_dag_with_python_operator.py
[2024-12-02T14:38:52.376+0000] {processor.py:927} WARNING - No viable dags retrieved from /opt/airflow/dags/script/example/create_dag_with_python_operator.py
[2024-12-02T14:38:52.381+0000] {processor.py:208} INFO - Processing /opt/airflow/dags/script/example/create_dag_with_python_operator.py took 0.009 seconds
[2024-12-02T14:39:23.111+0000] {processor.py:186} INFO - Started process (PID=4216) to work on /opt/airflow/dags/script/example/create_dag_with_python_operator.py
[2024-12-02T14:39:23.112+0000] {processor.py:914} INFO - Processing file /opt/airflow/dags/script/example/create_dag_with_python_operator.py for tasks to queue
[2024-12-02T14:39:23.112+0000] {logging_mixin.py:190} INFO - [2024-12-02T14:39:23.112+0000] {dagbag.py:588} INFO - Filling up the DagBag from /opt/airflow/dags/script/example/create_dag_with_python_operator.py
[2024-12-02T14:39:23.113+0000] {processor.py:927} WARNING - No viable dags retrieved from /opt/airflow/dags/script/example/create_dag_with_python_operator.py
[2024-12-02T14:39:23.118+0000] {processor.py:208} INFO - Processing /opt/airflow/dags/script/example/create_dag_with_python_operator.py took 0.009 seconds
[2024-12-02T14:39:53.934+0000] {processor.py:186} INFO - Started process (PID=4315) to work on /opt/airflow/dags/script/example/create_dag_with_python_operator.py
[2024-12-02T14:39:53.934+0000] {processor.py:914} INFO - Processing file /opt/airflow/dags/script/example/create_dag_with_python_operator.py for tasks to queue
[2024-12-02T14:39:53.936+0000] {logging_mixin.py:190} INFO - [2024-12-02T14:39:53.935+0000] {dagbag.py:588} INFO - Filling up the DagBag from /opt/airflow/dags/script/example/create_dag_with_python_operator.py
[2024-12-02T14:39:53.937+0000] {processor.py:927} WARNING - No viable dags retrieved from /opt/airflow/dags/script/example/create_dag_with_python_operator.py
[2024-12-02T14:39:53.941+0000] {processor.py:208} INFO - Processing /opt/airflow/dags/script/example/create_dag_with_python_operator.py took 0.010 seconds
[2024-12-02T14:40:24.624+0000] {processor.py:186} INFO - Started process (PID=4415) to work on /opt/airflow/dags/script/example/create_dag_with_python_operator.py
[2024-12-02T14:40:24.625+0000] {processor.py:914} INFO - Processing file /opt/airflow/dags/script/example/create_dag_with_python_operator.py for tasks to queue
[2024-12-02T14:40:24.626+0000] {logging_mixin.py:190} INFO - [2024-12-02T14:40:24.625+0000] {dagbag.py:588} INFO - Filling up the DagBag from /opt/airflow/dags/script/example/create_dag_with_python_operator.py
[2024-12-02T14:40:24.627+0000] {processor.py:927} WARNING - No viable dags retrieved from /opt/airflow/dags/script/example/create_dag_with_python_operator.py
[2024-12-02T14:40:24.631+0000] {processor.py:208} INFO - Processing /opt/airflow/dags/script/example/create_dag_with_python_operator.py took 0.009 seconds
[2024-12-02T14:40:55.384+0000] {processor.py:186} INFO - Started process (PID=4516) to work on /opt/airflow/dags/script/example/create_dag_with_python_operator.py
[2024-12-02T14:40:55.386+0000] {processor.py:914} INFO - Processing file /opt/airflow/dags/script/example/create_dag_with_python_operator.py for tasks to queue
[2024-12-02T14:40:55.388+0000] {logging_mixin.py:190} INFO - [2024-12-02T14:40:55.387+0000] {dagbag.py:588} INFO - Filling up the DagBag from /opt/airflow/dags/script/example/create_dag_with_python_operator.py
[2024-12-02T14:40:55.393+0000] {processor.py:927} WARNING - No viable dags retrieved from /opt/airflow/dags/script/example/create_dag_with_python_operator.py
[2024-12-02T14:40:55.399+0000] {processor.py:208} INFO - Processing /opt/airflow/dags/script/example/create_dag_with_python_operator.py took 0.020 seconds
[2024-12-02T14:41:26.247+0000] {processor.py:186} INFO - Started process (PID=4619) to work on /opt/airflow/dags/script/example/create_dag_with_python_operator.py
[2024-12-02T14:41:26.248+0000] {processor.py:914} INFO - Processing file /opt/airflow/dags/script/example/create_dag_with_python_operator.py for tasks to queue
[2024-12-02T14:41:26.249+0000] {logging_mixin.py:190} INFO - [2024-12-02T14:41:26.248+0000] {dagbag.py:588} INFO - Filling up the DagBag from /opt/airflow/dags/script/example/create_dag_with_python_operator.py
[2024-12-02T14:41:26.250+0000] {processor.py:927} WARNING - No viable dags retrieved from /opt/airflow/dags/script/example/create_dag_with_python_operator.py
[2024-12-02T14:41:26.255+0000] {processor.py:208} INFO - Processing /opt/airflow/dags/script/example/create_dag_with_python_operator.py took 0.011 seconds
[2024-12-02T14:41:57.043+0000] {processor.py:186} INFO - Started process (PID=4718) to work on /opt/airflow/dags/script/example/create_dag_with_python_operator.py
[2024-12-02T14:41:57.044+0000] {processor.py:914} INFO - Processing file /opt/airflow/dags/script/example/create_dag_with_python_operator.py for tasks to queue
[2024-12-02T14:41:57.045+0000] {logging_mixin.py:190} INFO - [2024-12-02T14:41:57.045+0000] {dagbag.py:588} INFO - Filling up the DagBag from /opt/airflow/dags/script/example/create_dag_with_python_operator.py
[2024-12-02T14:41:57.047+0000] {processor.py:927} WARNING - No viable dags retrieved from /opt/airflow/dags/script/example/create_dag_with_python_operator.py
[2024-12-02T14:41:57.053+0000] {processor.py:208} INFO - Processing /opt/airflow/dags/script/example/create_dag_with_python_operator.py took 0.013 seconds
[2024-12-02T14:42:27.853+0000] {processor.py:186} INFO - Started process (PID=4819) to work on /opt/airflow/dags/script/example/create_dag_with_python_operator.py
[2024-12-02T14:42:27.854+0000] {processor.py:914} INFO - Processing file /opt/airflow/dags/script/example/create_dag_with_python_operator.py for tasks to queue
[2024-12-02T14:42:27.855+0000] {logging_mixin.py:190} INFO - [2024-12-02T14:42:27.855+0000] {dagbag.py:588} INFO - Filling up the DagBag from /opt/airflow/dags/script/example/create_dag_with_python_operator.py
[2024-12-02T14:42:27.858+0000] {processor.py:927} WARNING - No viable dags retrieved from /opt/airflow/dags/script/example/create_dag_with_python_operator.py
[2024-12-02T14:42:27.864+0000] {processor.py:208} INFO - Processing /opt/airflow/dags/script/example/create_dag_with_python_operator.py took 0.014 seconds
[2024-12-02T14:42:58.693+0000] {processor.py:186} INFO - Started process (PID=4922) to work on /opt/airflow/dags/script/example/create_dag_with_python_operator.py
[2024-12-02T14:42:58.694+0000] {processor.py:914} INFO - Processing file /opt/airflow/dags/script/example/create_dag_with_python_operator.py for tasks to queue
[2024-12-02T14:42:58.694+0000] {logging_mixin.py:190} INFO - [2024-12-02T14:42:58.694+0000] {dagbag.py:588} INFO - Filling up the DagBag from /opt/airflow/dags/script/example/create_dag_with_python_operator.py
[2024-12-02T14:42:58.695+0000] {processor.py:927} WARNING - No viable dags retrieved from /opt/airflow/dags/script/example/create_dag_with_python_operator.py
[2024-12-02T14:42:58.700+0000] {processor.py:208} INFO - Processing /opt/airflow/dags/script/example/create_dag_with_python_operator.py took 0.010 seconds
[2024-12-02T14:43:29.378+0000] {processor.py:186} INFO - Started process (PID=5022) to work on /opt/airflow/dags/script/example/create_dag_with_python_operator.py
[2024-12-02T14:43:29.378+0000] {processor.py:914} INFO - Processing file /opt/airflow/dags/script/example/create_dag_with_python_operator.py for tasks to queue
[2024-12-02T14:43:29.379+0000] {logging_mixin.py:190} INFO - [2024-12-02T14:43:29.379+0000] {dagbag.py:588} INFO - Filling up the DagBag from /opt/airflow/dags/script/example/create_dag_with_python_operator.py
[2024-12-02T14:43:29.380+0000] {processor.py:927} WARNING - No viable dags retrieved from /opt/airflow/dags/script/example/create_dag_with_python_operator.py
[2024-12-02T14:43:29.385+0000] {processor.py:208} INFO - Processing /opt/airflow/dags/script/example/create_dag_with_python_operator.py took 0.009 seconds
[2024-12-02T14:44:00.066+0000] {processor.py:186} INFO - Started process (PID=5122) to work on /opt/airflow/dags/script/example/create_dag_with_python_operator.py
[2024-12-02T14:44:00.067+0000] {processor.py:914} INFO - Processing file /opt/airflow/dags/script/example/create_dag_with_python_operator.py for tasks to queue
[2024-12-02T14:44:00.068+0000] {logging_mixin.py:190} INFO - [2024-12-02T14:44:00.068+0000] {dagbag.py:588} INFO - Filling up the DagBag from /opt/airflow/dags/script/example/create_dag_with_python_operator.py
[2024-12-02T14:44:00.070+0000] {processor.py:927} WARNING - No viable dags retrieved from /opt/airflow/dags/script/example/create_dag_with_python_operator.py
[2024-12-02T14:44:00.077+0000] {processor.py:208} INFO - Processing /opt/airflow/dags/script/example/create_dag_with_python_operator.py took 0.013 seconds
[2024-12-02T14:44:30.889+0000] {processor.py:186} INFO - Started process (PID=5223) to work on /opt/airflow/dags/script/example/create_dag_with_python_operator.py
[2024-12-02T14:44:30.890+0000] {processor.py:914} INFO - Processing file /opt/airflow/dags/script/example/create_dag_with_python_operator.py for tasks to queue
[2024-12-02T14:44:30.892+0000] {logging_mixin.py:190} INFO - [2024-12-02T14:44:30.891+0000] {dagbag.py:588} INFO - Filling up the DagBag from /opt/airflow/dags/script/example/create_dag_with_python_operator.py
[2024-12-02T14:44:30.893+0000] {processor.py:927} WARNING - No viable dags retrieved from /opt/airflow/dags/script/example/create_dag_with_python_operator.py
[2024-12-02T14:44:30.898+0000] {processor.py:208} INFO - Processing /opt/airflow/dags/script/example/create_dag_with_python_operator.py took 0.011 seconds
[2024-12-02T14:45:01.554+0000] {processor.py:186} INFO - Started process (PID=5324) to work on /opt/airflow/dags/script/example/create_dag_with_python_operator.py
[2024-12-02T14:45:01.554+0000] {processor.py:914} INFO - Processing file /opt/airflow/dags/script/example/create_dag_with_python_operator.py for tasks to queue
[2024-12-02T14:45:01.555+0000] {logging_mixin.py:190} INFO - [2024-12-02T14:45:01.555+0000] {dagbag.py:588} INFO - Filling up the DagBag from /opt/airflow/dags/script/example/create_dag_with_python_operator.py
[2024-12-02T14:45:01.556+0000] {processor.py:927} WARNING - No viable dags retrieved from /opt/airflow/dags/script/example/create_dag_with_python_operator.py
[2024-12-02T14:45:01.561+0000] {processor.py:208} INFO - Processing /opt/airflow/dags/script/example/create_dag_with_python_operator.py took 0.009 seconds
[2024-12-02T14:45:32.230+0000] {processor.py:186} INFO - Started process (PID=5425) to work on /opt/airflow/dags/script/example/create_dag_with_python_operator.py
[2024-12-02T14:45:32.230+0000] {processor.py:914} INFO - Processing file /opt/airflow/dags/script/example/create_dag_with_python_operator.py for tasks to queue
[2024-12-02T14:45:32.231+0000] {logging_mixin.py:190} INFO - [2024-12-02T14:45:32.231+0000] {dagbag.py:588} INFO - Filling up the DagBag from /opt/airflow/dags/script/example/create_dag_with_python_operator.py
[2024-12-02T14:45:32.233+0000] {processor.py:927} WARNING - No viable dags retrieved from /opt/airflow/dags/script/example/create_dag_with_python_operator.py
[2024-12-02T14:45:32.237+0000] {processor.py:208} INFO - Processing /opt/airflow/dags/script/example/create_dag_with_python_operator.py took 0.009 seconds
[2024-12-02T14:46:03.034+0000] {processor.py:186} INFO - Started process (PID=5527) to work on /opt/airflow/dags/script/example/create_dag_with_python_operator.py
[2024-12-02T14:46:03.034+0000] {processor.py:914} INFO - Processing file /opt/airflow/dags/script/example/create_dag_with_python_operator.py for tasks to queue
[2024-12-02T14:46:03.035+0000] {logging_mixin.py:190} INFO - [2024-12-02T14:46:03.035+0000] {dagbag.py:588} INFO - Filling up the DagBag from /opt/airflow/dags/script/example/create_dag_with_python_operator.py
[2024-12-02T14:46:03.036+0000] {processor.py:927} WARNING - No viable dags retrieved from /opt/airflow/dags/script/example/create_dag_with_python_operator.py
[2024-12-02T14:46:03.041+0000] {processor.py:208} INFO - Processing /opt/airflow/dags/script/example/create_dag_with_python_operator.py took 0.009 seconds
[2024-12-02T14:46:33.794+0000] {processor.py:186} INFO - Started process (PID=5626) to work on /opt/airflow/dags/script/example/create_dag_with_python_operator.py
[2024-12-02T14:46:33.794+0000] {processor.py:914} INFO - Processing file /opt/airflow/dags/script/example/create_dag_with_python_operator.py for tasks to queue
[2024-12-02T14:46:33.796+0000] {logging_mixin.py:190} INFO - [2024-12-02T14:46:33.796+0000] {dagbag.py:588} INFO - Filling up the DagBag from /opt/airflow/dags/script/example/create_dag_with_python_operator.py
[2024-12-02T14:46:33.797+0000] {processor.py:927} WARNING - No viable dags retrieved from /opt/airflow/dags/script/example/create_dag_with_python_operator.py
[2024-12-02T14:46:33.802+0000] {processor.py:208} INFO - Processing /opt/airflow/dags/script/example/create_dag_with_python_operator.py took 0.011 seconds
[2024-12-02T14:47:04.642+0000] {processor.py:186} INFO - Started process (PID=5727) to work on /opt/airflow/dags/script/example/create_dag_with_python_operator.py
[2024-12-02T14:47:04.645+0000] {processor.py:914} INFO - Processing file /opt/airflow/dags/script/example/create_dag_with_python_operator.py for tasks to queue
[2024-12-02T14:47:04.646+0000] {logging_mixin.py:190} INFO - [2024-12-02T14:47:04.646+0000] {dagbag.py:588} INFO - Filling up the DagBag from /opt/airflow/dags/script/example/create_dag_with_python_operator.py
[2024-12-02T14:47:04.647+0000] {processor.py:927} WARNING - No viable dags retrieved from /opt/airflow/dags/script/example/create_dag_with_python_operator.py
[2024-12-02T14:47:04.652+0000] {processor.py:208} INFO - Processing /opt/airflow/dags/script/example/create_dag_with_python_operator.py took 0.013 seconds
[2024-12-02T14:47:35.458+0000] {processor.py:186} INFO - Started process (PID=5828) to work on /opt/airflow/dags/script/example/create_dag_with_python_operator.py
[2024-12-02T14:47:35.458+0000] {processor.py:914} INFO - Processing file /opt/airflow/dags/script/example/create_dag_with_python_operator.py for tasks to queue
[2024-12-02T14:47:35.459+0000] {logging_mixin.py:190} INFO - [2024-12-02T14:47:35.459+0000] {dagbag.py:588} INFO - Filling up the DagBag from /opt/airflow/dags/script/example/create_dag_with_python_operator.py
[2024-12-02T14:47:35.462+0000] {processor.py:927} WARNING - No viable dags retrieved from /opt/airflow/dags/script/example/create_dag_with_python_operator.py
[2024-12-02T14:47:35.468+0000] {processor.py:208} INFO - Processing /opt/airflow/dags/script/example/create_dag_with_python_operator.py took 0.013 seconds
[2024-12-02T14:48:06.231+0000] {processor.py:186} INFO - Started process (PID=5931) to work on /opt/airflow/dags/script/example/create_dag_with_python_operator.py
[2024-12-02T14:48:06.232+0000] {processor.py:914} INFO - Processing file /opt/airflow/dags/script/example/create_dag_with_python_operator.py for tasks to queue
[2024-12-02T14:48:06.233+0000] {logging_mixin.py:190} INFO - [2024-12-02T14:48:06.232+0000] {dagbag.py:588} INFO - Filling up the DagBag from /opt/airflow/dags/script/example/create_dag_with_python_operator.py
[2024-12-02T14:48:06.234+0000] {processor.py:927} WARNING - No viable dags retrieved from /opt/airflow/dags/script/example/create_dag_with_python_operator.py
[2024-12-02T14:48:06.238+0000] {processor.py:208} INFO - Processing /opt/airflow/dags/script/example/create_dag_with_python_operator.py took 0.009 seconds
[2024-12-02T14:48:36.939+0000] {processor.py:186} INFO - Started process (PID=6030) to work on /opt/airflow/dags/script/example/create_dag_with_python_operator.py
[2024-12-02T14:48:36.941+0000] {processor.py:914} INFO - Processing file /opt/airflow/dags/script/example/create_dag_with_python_operator.py for tasks to queue
[2024-12-02T14:48:36.942+0000] {logging_mixin.py:190} INFO - [2024-12-02T14:48:36.942+0000] {dagbag.py:588} INFO - Filling up the DagBag from /opt/airflow/dags/script/example/create_dag_with_python_operator.py
[2024-12-02T14:48:36.943+0000] {processor.py:927} WARNING - No viable dags retrieved from /opt/airflow/dags/script/example/create_dag_with_python_operator.py
[2024-12-02T14:48:36.947+0000] {processor.py:208} INFO - Processing /opt/airflow/dags/script/example/create_dag_with_python_operator.py took 0.010 seconds
[2024-12-02T14:49:07.757+0000] {processor.py:186} INFO - Started process (PID=6131) to work on /opt/airflow/dags/script/example/create_dag_with_python_operator.py
[2024-12-02T14:49:07.758+0000] {processor.py:914} INFO - Processing file /opt/airflow/dags/script/example/create_dag_with_python_operator.py for tasks to queue
[2024-12-02T14:49:07.760+0000] {logging_mixin.py:190} INFO - [2024-12-02T14:49:07.760+0000] {dagbag.py:588} INFO - Filling up the DagBag from /opt/airflow/dags/script/example/create_dag_with_python_operator.py
[2024-12-02T14:49:07.762+0000] {processor.py:927} WARNING - No viable dags retrieved from /opt/airflow/dags/script/example/create_dag_with_python_operator.py
[2024-12-02T14:49:07.766+0000] {processor.py:208} INFO - Processing /opt/airflow/dags/script/example/create_dag_with_python_operator.py took 0.011 seconds
[2024-12-02T14:49:38.654+0000] {processor.py:186} INFO - Started process (PID=6232) to work on /opt/airflow/dags/script/example/create_dag_with_python_operator.py
[2024-12-02T14:49:38.655+0000] {processor.py:914} INFO - Processing file /opt/airflow/dags/script/example/create_dag_with_python_operator.py for tasks to queue
[2024-12-02T14:49:38.657+0000] {logging_mixin.py:190} INFO - [2024-12-02T14:49:38.656+0000] {dagbag.py:588} INFO - Filling up the DagBag from /opt/airflow/dags/script/example/create_dag_with_python_operator.py
[2024-12-02T14:49:38.658+0000] {processor.py:927} WARNING - No viable dags retrieved from /opt/airflow/dags/script/example/create_dag_with_python_operator.py
[2024-12-02T14:49:38.662+0000] {processor.py:208} INFO - Processing /opt/airflow/dags/script/example/create_dag_with_python_operator.py took 0.011 seconds
[2024-12-02T14:50:09.392+0000] {processor.py:186} INFO - Started process (PID=6333) to work on /opt/airflow/dags/script/example/create_dag_with_python_operator.py
[2024-12-02T14:50:09.393+0000] {processor.py:914} INFO - Processing file /opt/airflow/dags/script/example/create_dag_with_python_operator.py for tasks to queue
[2024-12-02T14:50:09.395+0000] {logging_mixin.py:190} INFO - [2024-12-02T14:50:09.394+0000] {dagbag.py:588} INFO - Filling up the DagBag from /opt/airflow/dags/script/example/create_dag_with_python_operator.py
[2024-12-02T14:50:09.396+0000] {processor.py:927} WARNING - No viable dags retrieved from /opt/airflow/dags/script/example/create_dag_with_python_operator.py
[2024-12-02T14:50:09.400+0000] {processor.py:208} INFO - Processing /opt/airflow/dags/script/example/create_dag_with_python_operator.py took 0.011 seconds
[2024-12-02T14:50:40.155+0000] {processor.py:186} INFO - Started process (PID=6434) to work on /opt/airflow/dags/script/example/create_dag_with_python_operator.py
[2024-12-02T14:50:40.156+0000] {processor.py:914} INFO - Processing file /opt/airflow/dags/script/example/create_dag_with_python_operator.py for tasks to queue
[2024-12-02T14:50:40.157+0000] {logging_mixin.py:190} INFO - [2024-12-02T14:50:40.157+0000] {dagbag.py:588} INFO - Filling up the DagBag from /opt/airflow/dags/script/example/create_dag_with_python_operator.py
[2024-12-02T14:50:40.158+0000] {processor.py:927} WARNING - No viable dags retrieved from /opt/airflow/dags/script/example/create_dag_with_python_operator.py
[2024-12-02T14:50:40.162+0000] {processor.py:208} INFO - Processing /opt/airflow/dags/script/example/create_dag_with_python_operator.py took 0.009 seconds
[2024-12-02T14:51:10.873+0000] {processor.py:186} INFO - Started process (PID=6537) to work on /opt/airflow/dags/script/example/create_dag_with_python_operator.py
[2024-12-02T14:51:10.874+0000] {processor.py:914} INFO - Processing file /opt/airflow/dags/script/example/create_dag_with_python_operator.py for tasks to queue
[2024-12-02T14:51:10.874+0000] {logging_mixin.py:190} INFO - [2024-12-02T14:51:10.874+0000] {dagbag.py:588} INFO - Filling up the DagBag from /opt/airflow/dags/script/example/create_dag_with_python_operator.py
[2024-12-02T14:51:10.875+0000] {processor.py:927} WARNING - No viable dags retrieved from /opt/airflow/dags/script/example/create_dag_with_python_operator.py
[2024-12-02T14:51:10.880+0000] {processor.py:208} INFO - Processing /opt/airflow/dags/script/example/create_dag_with_python_operator.py took 0.009 seconds
[2024-12-02T14:51:41.618+0000] {processor.py:186} INFO - Started process (PID=6636) to work on /opt/airflow/dags/script/example/create_dag_with_python_operator.py
[2024-12-02T14:51:41.619+0000] {processor.py:914} INFO - Processing file /opt/airflow/dags/script/example/create_dag_with_python_operator.py for tasks to queue
[2024-12-02T14:51:41.620+0000] {logging_mixin.py:190} INFO - [2024-12-02T14:51:41.620+0000] {dagbag.py:588} INFO - Filling up the DagBag from /opt/airflow/dags/script/example/create_dag_with_python_operator.py
[2024-12-02T14:51:41.622+0000] {processor.py:927} WARNING - No viable dags retrieved from /opt/airflow/dags/script/example/create_dag_with_python_operator.py
[2024-12-02T14:51:41.629+0000] {processor.py:208} INFO - Processing /opt/airflow/dags/script/example/create_dag_with_python_operator.py took 0.012 seconds
[2024-12-02T14:52:12.387+0000] {processor.py:186} INFO - Started process (PID=6739) to work on /opt/airflow/dags/script/example/create_dag_with_python_operator.py
[2024-12-02T14:52:12.387+0000] {processor.py:914} INFO - Processing file /opt/airflow/dags/script/example/create_dag_with_python_operator.py for tasks to queue
[2024-12-02T14:52:12.388+0000] {logging_mixin.py:190} INFO - [2024-12-02T14:52:12.388+0000] {dagbag.py:588} INFO - Filling up the DagBag from /opt/airflow/dags/script/example/create_dag_with_python_operator.py
[2024-12-02T14:52:12.389+0000] {processor.py:927} WARNING - No viable dags retrieved from /opt/airflow/dags/script/example/create_dag_with_python_operator.py
[2024-12-02T14:52:12.395+0000] {processor.py:208} INFO - Processing /opt/airflow/dags/script/example/create_dag_with_python_operator.py took 0.010 seconds
[2024-12-02T14:52:43.199+0000] {processor.py:186} INFO - Started process (PID=6838) to work on /opt/airflow/dags/script/example/create_dag_with_python_operator.py
[2024-12-02T14:52:43.200+0000] {processor.py:914} INFO - Processing file /opt/airflow/dags/script/example/create_dag_with_python_operator.py for tasks to queue
[2024-12-02T14:52:43.201+0000] {logging_mixin.py:190} INFO - [2024-12-02T14:52:43.201+0000] {dagbag.py:588} INFO - Filling up the DagBag from /opt/airflow/dags/script/example/create_dag_with_python_operator.py
[2024-12-02T14:52:43.202+0000] {processor.py:927} WARNING - No viable dags retrieved from /opt/airflow/dags/script/example/create_dag_with_python_operator.py
[2024-12-02T14:52:43.206+0000] {processor.py:208} INFO - Processing /opt/airflow/dags/script/example/create_dag_with_python_operator.py took 0.009 seconds
[2024-12-02T14:53:13.995+0000] {processor.py:186} INFO - Started process (PID=6939) to work on /opt/airflow/dags/script/example/create_dag_with_python_operator.py
[2024-12-02T14:53:13.995+0000] {processor.py:914} INFO - Processing file /opt/airflow/dags/script/example/create_dag_with_python_operator.py for tasks to queue
[2024-12-02T14:53:13.996+0000] {logging_mixin.py:190} INFO - [2024-12-02T14:53:13.996+0000] {dagbag.py:588} INFO - Filling up the DagBag from /opt/airflow/dags/script/example/create_dag_with_python_operator.py
[2024-12-02T14:53:13.997+0000] {processor.py:927} WARNING - No viable dags retrieved from /opt/airflow/dags/script/example/create_dag_with_python_operator.py
[2024-12-02T14:53:14.002+0000] {processor.py:208} INFO - Processing /opt/airflow/dags/script/example/create_dag_with_python_operator.py took 0.009 seconds
[2024-12-02T14:53:44.749+0000] {processor.py:186} INFO - Started process (PID=7040) to work on /opt/airflow/dags/script/example/create_dag_with_python_operator.py
[2024-12-02T14:53:44.749+0000] {processor.py:914} INFO - Processing file /opt/airflow/dags/script/example/create_dag_with_python_operator.py for tasks to queue
[2024-12-02T14:53:44.750+0000] {logging_mixin.py:190} INFO - [2024-12-02T14:53:44.750+0000] {dagbag.py:588} INFO - Filling up the DagBag from /opt/airflow/dags/script/example/create_dag_with_python_operator.py
[2024-12-02T14:53:44.752+0000] {processor.py:927} WARNING - No viable dags retrieved from /opt/airflow/dags/script/example/create_dag_with_python_operator.py
[2024-12-02T14:53:44.758+0000] {processor.py:208} INFO - Processing /opt/airflow/dags/script/example/create_dag_with_python_operator.py took 0.012 seconds
[2024-12-02T14:54:15.499+0000] {processor.py:186} INFO - Started process (PID=7141) to work on /opt/airflow/dags/script/example/create_dag_with_python_operator.py
[2024-12-02T14:54:15.500+0000] {processor.py:914} INFO - Processing file /opt/airflow/dags/script/example/create_dag_with_python_operator.py for tasks to queue
[2024-12-02T14:54:15.501+0000] {logging_mixin.py:190} INFO - [2024-12-02T14:54:15.501+0000] {dagbag.py:588} INFO - Filling up the DagBag from /opt/airflow/dags/script/example/create_dag_with_python_operator.py
[2024-12-02T14:54:15.503+0000] {processor.py:927} WARNING - No viable dags retrieved from /opt/airflow/dags/script/example/create_dag_with_python_operator.py
[2024-12-02T14:54:15.507+0000] {processor.py:208} INFO - Processing /opt/airflow/dags/script/example/create_dag_with_python_operator.py took 0.010 seconds
[2024-12-02T14:54:46.278+0000] {processor.py:186} INFO - Started process (PID=7244) to work on /opt/airflow/dags/script/example/create_dag_with_python_operator.py
[2024-12-02T14:54:46.278+0000] {processor.py:914} INFO - Processing file /opt/airflow/dags/script/example/create_dag_with_python_operator.py for tasks to queue
[2024-12-02T14:54:46.279+0000] {logging_mixin.py:190} INFO - [2024-12-02T14:54:46.279+0000] {dagbag.py:588} INFO - Filling up the DagBag from /opt/airflow/dags/script/example/create_dag_with_python_operator.py
[2024-12-02T14:54:46.280+0000] {processor.py:927} WARNING - No viable dags retrieved from /opt/airflow/dags/script/example/create_dag_with_python_operator.py
[2024-12-02T14:54:46.285+0000] {processor.py:208} INFO - Processing /opt/airflow/dags/script/example/create_dag_with_python_operator.py took 0.009 seconds
[2024-12-02T14:55:16.960+0000] {processor.py:186} INFO - Started process (PID=7343) to work on /opt/airflow/dags/script/example/create_dag_with_python_operator.py
[2024-12-02T14:55:16.961+0000] {processor.py:914} INFO - Processing file /opt/airflow/dags/script/example/create_dag_with_python_operator.py for tasks to queue
[2024-12-02T14:55:16.963+0000] {logging_mixin.py:190} INFO - [2024-12-02T14:55:16.963+0000] {dagbag.py:588} INFO - Filling up the DagBag from /opt/airflow/dags/script/example/create_dag_with_python_operator.py
[2024-12-02T14:55:16.965+0000] {processor.py:927} WARNING - No viable dags retrieved from /opt/airflow/dags/script/example/create_dag_with_python_operator.py
[2024-12-02T14:55:16.969+0000] {processor.py:208} INFO - Processing /opt/airflow/dags/script/example/create_dag_with_python_operator.py took 0.011 seconds
[2024-12-02T14:55:47.775+0000] {processor.py:186} INFO - Started process (PID=7451) to work on /opt/airflow/dags/script/example/create_dag_with_python_operator.py
[2024-12-02T14:55:47.776+0000] {processor.py:914} INFO - Processing file /opt/airflow/dags/script/example/create_dag_with_python_operator.py for tasks to queue
[2024-12-02T14:55:47.777+0000] {logging_mixin.py:190} INFO - [2024-12-02T14:55:47.777+0000] {dagbag.py:588} INFO - Filling up the DagBag from /opt/airflow/dags/script/example/create_dag_with_python_operator.py
[2024-12-02T14:55:47.778+0000] {processor.py:927} WARNING - No viable dags retrieved from /opt/airflow/dags/script/example/create_dag_with_python_operator.py
[2024-12-02T14:55:47.787+0000] {processor.py:208} INFO - Processing /opt/airflow/dags/script/example/create_dag_with_python_operator.py took 0.014 seconds
[2024-12-02T14:56:18.580+0000] {processor.py:186} INFO - Started process (PID=7552) to work on /opt/airflow/dags/script/example/create_dag_with_python_operator.py
[2024-12-02T14:56:18.580+0000] {processor.py:914} INFO - Processing file /opt/airflow/dags/script/example/create_dag_with_python_operator.py for tasks to queue
[2024-12-02T14:56:18.582+0000] {logging_mixin.py:190} INFO - [2024-12-02T14:56:18.582+0000] {dagbag.py:588} INFO - Filling up the DagBag from /opt/airflow/dags/script/example/create_dag_with_python_operator.py
[2024-12-02T14:56:18.584+0000] {processor.py:927} WARNING - No viable dags retrieved from /opt/airflow/dags/script/example/create_dag_with_python_operator.py
[2024-12-02T14:56:18.588+0000] {processor.py:208} INFO - Processing /opt/airflow/dags/script/example/create_dag_with_python_operator.py took 0.011 seconds
[2024-12-02T14:56:49.266+0000] {processor.py:186} INFO - Started process (PID=7655) to work on /opt/airflow/dags/script/example/create_dag_with_python_operator.py
[2024-12-02T14:56:49.266+0000] {processor.py:914} INFO - Processing file /opt/airflow/dags/script/example/create_dag_with_python_operator.py for tasks to queue
[2024-12-02T14:56:49.267+0000] {logging_mixin.py:190} INFO - [2024-12-02T14:56:49.267+0000] {dagbag.py:588} INFO - Filling up the DagBag from /opt/airflow/dags/script/example/create_dag_with_python_operator.py
[2024-12-02T14:56:49.268+0000] {processor.py:927} WARNING - No viable dags retrieved from /opt/airflow/dags/script/example/create_dag_with_python_operator.py
[2024-12-02T14:56:49.273+0000] {processor.py:208} INFO - Processing /opt/airflow/dags/script/example/create_dag_with_python_operator.py took 0.009 seconds
[2024-12-02T14:57:20.105+0000] {processor.py:186} INFO - Started process (PID=7754) to work on /opt/airflow/dags/script/example/create_dag_with_python_operator.py
[2024-12-02T14:57:20.105+0000] {processor.py:914} INFO - Processing file /opt/airflow/dags/script/example/create_dag_with_python_operator.py for tasks to queue
[2024-12-02T14:57:20.106+0000] {logging_mixin.py:190} INFO - [2024-12-02T14:57:20.106+0000] {dagbag.py:588} INFO - Filling up the DagBag from /opt/airflow/dags/script/example/create_dag_with_python_operator.py
[2024-12-02T14:57:20.108+0000] {processor.py:927} WARNING - No viable dags retrieved from /opt/airflow/dags/script/example/create_dag_with_python_operator.py
[2024-12-02T14:57:20.115+0000] {processor.py:208} INFO - Processing /opt/airflow/dags/script/example/create_dag_with_python_operator.py took 0.013 seconds
[2024-12-02T14:57:50.786+0000] {processor.py:186} INFO - Started process (PID=7855) to work on /opt/airflow/dags/script/example/create_dag_with_python_operator.py
[2024-12-02T14:57:50.788+0000] {processor.py:914} INFO - Processing file /opt/airflow/dags/script/example/create_dag_with_python_operator.py for tasks to queue
[2024-12-02T14:57:50.790+0000] {logging_mixin.py:190} INFO - [2024-12-02T14:57:50.790+0000] {dagbag.py:588} INFO - Filling up the DagBag from /opt/airflow/dags/script/example/create_dag_with_python_operator.py
[2024-12-02T14:57:50.792+0000] {processor.py:927} WARNING - No viable dags retrieved from /opt/airflow/dags/script/example/create_dag_with_python_operator.py
[2024-12-02T14:57:50.796+0000] {processor.py:208} INFO - Processing /opt/airflow/dags/script/example/create_dag_with_python_operator.py took 0.012 seconds
[2024-12-02T14:58:21.526+0000] {processor.py:186} INFO - Started process (PID=7958) to work on /opt/airflow/dags/script/example/create_dag_with_python_operator.py
[2024-12-02T14:58:21.527+0000] {processor.py:914} INFO - Processing file /opt/airflow/dags/script/example/create_dag_with_python_operator.py for tasks to queue
[2024-12-02T14:58:21.528+0000] {logging_mixin.py:190} INFO - [2024-12-02T14:58:21.527+0000] {dagbag.py:588} INFO - Filling up the DagBag from /opt/airflow/dags/script/example/create_dag_with_python_operator.py
[2024-12-02T14:58:21.529+0000] {processor.py:927} WARNING - No viable dags retrieved from /opt/airflow/dags/script/example/create_dag_with_python_operator.py
[2024-12-02T14:58:21.534+0000] {processor.py:208} INFO - Processing /opt/airflow/dags/script/example/create_dag_with_python_operator.py took 0.010 seconds
[2024-12-02T14:58:52.261+0000] {processor.py:186} INFO - Started process (PID=8059) to work on /opt/airflow/dags/script/example/create_dag_with_python_operator.py
[2024-12-02T14:58:52.261+0000] {processor.py:914} INFO - Processing file /opt/airflow/dags/script/example/create_dag_with_python_operator.py for tasks to queue
[2024-12-02T14:58:52.262+0000] {logging_mixin.py:190} INFO - [2024-12-02T14:58:52.262+0000] {dagbag.py:588} INFO - Filling up the DagBag from /opt/airflow/dags/script/example/create_dag_with_python_operator.py
[2024-12-02T14:58:52.263+0000] {processor.py:927} WARNING - No viable dags retrieved from /opt/airflow/dags/script/example/create_dag_with_python_operator.py
[2024-12-02T14:58:52.268+0000] {processor.py:208} INFO - Processing /opt/airflow/dags/script/example/create_dag_with_python_operator.py took 0.009 seconds
[2024-12-02T14:59:23.046+0000] {processor.py:186} INFO - Started process (PID=8158) to work on /opt/airflow/dags/script/example/create_dag_with_python_operator.py
[2024-12-02T14:59:23.048+0000] {processor.py:914} INFO - Processing file /opt/airflow/dags/script/example/create_dag_with_python_operator.py for tasks to queue
[2024-12-02T14:59:23.049+0000] {logging_mixin.py:190} INFO - [2024-12-02T14:59:23.049+0000] {dagbag.py:588} INFO - Filling up the DagBag from /opt/airflow/dags/script/example/create_dag_with_python_operator.py
[2024-12-02T14:59:23.050+0000] {processor.py:927} WARNING - No viable dags retrieved from /opt/airflow/dags/script/example/create_dag_with_python_operator.py
[2024-12-02T14:59:23.054+0000] {processor.py:208} INFO - Processing /opt/airflow/dags/script/example/create_dag_with_python_operator.py took 0.012 seconds
[2024-12-02T14:59:53.910+0000] {processor.py:186} INFO - Started process (PID=8259) to work on /opt/airflow/dags/script/example/create_dag_with_python_operator.py
[2024-12-02T14:59:53.912+0000] {processor.py:914} INFO - Processing file /opt/airflow/dags/script/example/create_dag_with_python_operator.py for tasks to queue
[2024-12-02T14:59:53.913+0000] {logging_mixin.py:190} INFO - [2024-12-02T14:59:53.913+0000] {dagbag.py:588} INFO - Filling up the DagBag from /opt/airflow/dags/script/example/create_dag_with_python_operator.py
[2024-12-02T14:59:53.915+0000] {processor.py:927} WARNING - No viable dags retrieved from /opt/airflow/dags/script/example/create_dag_with_python_operator.py
[2024-12-02T14:59:53.919+0000] {processor.py:208} INFO - Processing /opt/airflow/dags/script/example/create_dag_with_python_operator.py took 0.014 seconds
[2024-12-02T15:00:24.604+0000] {processor.py:186} INFO - Started process (PID=8360) to work on /opt/airflow/dags/script/example/create_dag_with_python_operator.py
[2024-12-02T15:00:24.605+0000] {processor.py:914} INFO - Processing file /opt/airflow/dags/script/example/create_dag_with_python_operator.py for tasks to queue
[2024-12-02T15:00:24.606+0000] {logging_mixin.py:190} INFO - [2024-12-02T15:00:24.606+0000] {dagbag.py:588} INFO - Filling up the DagBag from /opt/airflow/dags/script/example/create_dag_with_python_operator.py
[2024-12-02T15:00:24.607+0000] {processor.py:927} WARNING - No viable dags retrieved from /opt/airflow/dags/script/example/create_dag_with_python_operator.py
[2024-12-02T15:00:24.611+0000] {processor.py:208} INFO - Processing /opt/airflow/dags/script/example/create_dag_with_python_operator.py took 0.010 seconds
[2024-12-02T15:00:55.456+0000] {processor.py:186} INFO - Started process (PID=8463) to work on /opt/airflow/dags/script/example/create_dag_with_python_operator.py
[2024-12-02T15:00:55.456+0000] {processor.py:914} INFO - Processing file /opt/airflow/dags/script/example/create_dag_with_python_operator.py for tasks to queue
[2024-12-02T15:00:55.457+0000] {logging_mixin.py:190} INFO - [2024-12-02T15:00:55.457+0000] {dagbag.py:588} INFO - Filling up the DagBag from /opt/airflow/dags/script/example/create_dag_with_python_operator.py
[2024-12-02T15:00:55.458+0000] {processor.py:927} WARNING - No viable dags retrieved from /opt/airflow/dags/script/example/create_dag_with_python_operator.py
[2024-12-02T15:00:55.463+0000] {processor.py:208} INFO - Processing /opt/airflow/dags/script/example/create_dag_with_python_operator.py took 0.010 seconds
[2024-12-02T15:01:26.191+0000] {processor.py:186} INFO - Started process (PID=8562) to work on /opt/airflow/dags/script/example/create_dag_with_python_operator.py
[2024-12-02T15:01:26.192+0000] {processor.py:914} INFO - Processing file /opt/airflow/dags/script/example/create_dag_with_python_operator.py for tasks to queue
[2024-12-02T15:01:26.193+0000] {logging_mixin.py:190} INFO - [2024-12-02T15:01:26.193+0000] {dagbag.py:588} INFO - Filling up the DagBag from /opt/airflow/dags/script/example/create_dag_with_python_operator.py
[2024-12-02T15:01:26.195+0000] {processor.py:927} WARNING - No viable dags retrieved from /opt/airflow/dags/script/example/create_dag_with_python_operator.py
[2024-12-02T15:01:26.202+0000] {processor.py:208} INFO - Processing /opt/airflow/dags/script/example/create_dag_with_python_operator.py took 0.014 seconds
[2024-12-02T15:01:56.962+0000] {processor.py:186} INFO - Started process (PID=8663) to work on /opt/airflow/dags/script/example/create_dag_with_python_operator.py
[2024-12-02T15:01:56.962+0000] {processor.py:914} INFO - Processing file /opt/airflow/dags/script/example/create_dag_with_python_operator.py for tasks to queue
[2024-12-02T15:01:56.963+0000] {logging_mixin.py:190} INFO - [2024-12-02T15:01:56.963+0000] {dagbag.py:588} INFO - Filling up the DagBag from /opt/airflow/dags/script/example/create_dag_with_python_operator.py
[2024-12-02T15:01:56.966+0000] {processor.py:927} WARNING - No viable dags retrieved from /opt/airflow/dags/script/example/create_dag_with_python_operator.py
[2024-12-02T15:01:56.974+0000] {processor.py:208} INFO - Processing /opt/airflow/dags/script/example/create_dag_with_python_operator.py took 0.015 seconds
[2024-12-02T15:02:27.805+0000] {processor.py:186} INFO - Started process (PID=8764) to work on /opt/airflow/dags/script/example/create_dag_with_python_operator.py
[2024-12-02T15:02:27.806+0000] {processor.py:914} INFO - Processing file /opt/airflow/dags/script/example/create_dag_with_python_operator.py for tasks to queue
[2024-12-02T15:02:27.808+0000] {logging_mixin.py:190} INFO - [2024-12-02T15:02:27.808+0000] {dagbag.py:588} INFO - Filling up the DagBag from /opt/airflow/dags/script/example/create_dag_with_python_operator.py
[2024-12-02T15:02:27.812+0000] {processor.py:927} WARNING - No viable dags retrieved from /opt/airflow/dags/script/example/create_dag_with_python_operator.py
[2024-12-02T15:02:27.819+0000] {processor.py:208} INFO - Processing /opt/airflow/dags/script/example/create_dag_with_python_operator.py took 0.018 seconds
[2024-12-02T15:02:58.588+0000] {processor.py:186} INFO - Started process (PID=8865) to work on /opt/airflow/dags/script/example/create_dag_with_python_operator.py
[2024-12-02T15:02:58.591+0000] {processor.py:914} INFO - Processing file /opt/airflow/dags/script/example/create_dag_with_python_operator.py for tasks to queue
[2024-12-02T15:02:58.592+0000] {logging_mixin.py:190} INFO - [2024-12-02T15:02:58.592+0000] {dagbag.py:588} INFO - Filling up the DagBag from /opt/airflow/dags/script/example/create_dag_with_python_operator.py
[2024-12-02T15:02:58.593+0000] {processor.py:927} WARNING - No viable dags retrieved from /opt/airflow/dags/script/example/create_dag_with_python_operator.py
[2024-12-02T15:02:58.598+0000] {processor.py:208} INFO - Processing /opt/airflow/dags/script/example/create_dag_with_python_operator.py took 0.012 seconds
[2024-12-02T15:03:29.328+0000] {processor.py:186} INFO - Started process (PID=8966) to work on /opt/airflow/dags/script/example/create_dag_with_python_operator.py
[2024-12-02T15:03:29.328+0000] {processor.py:914} INFO - Processing file /opt/airflow/dags/script/example/create_dag_with_python_operator.py for tasks to queue
[2024-12-02T15:03:29.329+0000] {logging_mixin.py:190} INFO - [2024-12-02T15:03:29.329+0000] {dagbag.py:588} INFO - Filling up the DagBag from /opt/airflow/dags/script/example/create_dag_with_python_operator.py
[2024-12-02T15:03:29.331+0000] {processor.py:927} WARNING - No viable dags retrieved from /opt/airflow/dags/script/example/create_dag_with_python_operator.py
[2024-12-02T15:03:29.335+0000] {processor.py:208} INFO - Processing /opt/airflow/dags/script/example/create_dag_with_python_operator.py took 0.010 seconds
[2024-12-02T15:04:00.079+0000] {processor.py:186} INFO - Started process (PID=9069) to work on /opt/airflow/dags/script/example/create_dag_with_python_operator.py
[2024-12-02T15:04:00.080+0000] {processor.py:914} INFO - Processing file /opt/airflow/dags/script/example/create_dag_with_python_operator.py for tasks to queue
[2024-12-02T15:04:00.081+0000] {logging_mixin.py:190} INFO - [2024-12-02T15:04:00.080+0000] {dagbag.py:588} INFO - Filling up the DagBag from /opt/airflow/dags/script/example/create_dag_with_python_operator.py
[2024-12-02T15:04:00.082+0000] {processor.py:927} WARNING - No viable dags retrieved from /opt/airflow/dags/script/example/create_dag_with_python_operator.py
[2024-12-02T15:04:00.086+0000] {processor.py:208} INFO - Processing /opt/airflow/dags/script/example/create_dag_with_python_operator.py took 0.009 seconds
[2024-12-02T15:04:30.820+0000] {processor.py:186} INFO - Started process (PID=9168) to work on /opt/airflow/dags/script/example/create_dag_with_python_operator.py
[2024-12-02T15:04:30.820+0000] {processor.py:914} INFO - Processing file /opt/airflow/dags/script/example/create_dag_with_python_operator.py for tasks to queue
[2024-12-02T15:04:30.822+0000] {logging_mixin.py:190} INFO - [2024-12-02T15:04:30.822+0000] {dagbag.py:588} INFO - Filling up the DagBag from /opt/airflow/dags/script/example/create_dag_with_python_operator.py
[2024-12-02T15:04:30.823+0000] {processor.py:927} WARNING - No viable dags retrieved from /opt/airflow/dags/script/example/create_dag_with_python_operator.py
[2024-12-02T15:04:30.828+0000] {processor.py:208} INFO - Processing /opt/airflow/dags/script/example/create_dag_with_python_operator.py took 0.010 seconds
