[2024-12-02T14:19:22.533+0000] {processor.py:186} INFO - Started process (PID=239) to work on /opt/airflow/dags/script/example/dag_with_minio_s3.py
[2024-12-02T14:19:22.534+0000] {processor.py:914} INFO - Processing file /opt/airflow/dags/script/example/dag_with_minio_s3.py for tasks to queue
[2024-12-02T14:19:22.536+0000] {logging_mixin.py:190} INFO - [2024-12-02T14:19:22.536+0000] {dagbag.py:588} INFO - Filling up the DagBag from /opt/airflow/dags/script/example/dag_with_minio_s3.py
[2024-12-02T14:19:22.540+0000] {processor.py:927} WARNING - No viable dags retrieved from /opt/airflow/dags/script/example/dag_with_minio_s3.py
[2024-12-02T14:19:22.555+0000] {processor.py:208} INFO - Processing /opt/airflow/dags/script/example/dag_with_minio_s3.py took 0.027 seconds
[2024-12-02T14:19:53.207+0000] {processor.py:186} INFO - Started process (PID=353) to work on /opt/airflow/dags/script/example/dag_with_minio_s3.py
[2024-12-02T14:19:53.207+0000] {processor.py:914} INFO - Processing file /opt/airflow/dags/script/example/dag_with_minio_s3.py for tasks to queue
[2024-12-02T14:19:53.208+0000] {logging_mixin.py:190} INFO - [2024-12-02T14:19:53.208+0000] {dagbag.py:588} INFO - Filling up the DagBag from /opt/airflow/dags/script/example/dag_with_minio_s3.py
[2024-12-02T14:19:53.209+0000] {processor.py:927} WARNING - No viable dags retrieved from /opt/airflow/dags/script/example/dag_with_minio_s3.py
[2024-12-02T14:19:53.214+0000] {processor.py:208} INFO - Processing /opt/airflow/dags/script/example/dag_with_minio_s3.py took 0.009 seconds
[2024-12-02T14:20:23.922+0000] {processor.py:186} INFO - Started process (PID=454) to work on /opt/airflow/dags/script/example/dag_with_minio_s3.py
[2024-12-02T14:20:23.923+0000] {processor.py:914} INFO - Processing file /opt/airflow/dags/script/example/dag_with_minio_s3.py for tasks to queue
[2024-12-02T14:20:23.924+0000] {logging_mixin.py:190} INFO - [2024-12-02T14:20:23.924+0000] {dagbag.py:588} INFO - Filling up the DagBag from /opt/airflow/dags/script/example/dag_with_minio_s3.py
[2024-12-02T14:20:23.926+0000] {processor.py:927} WARNING - No viable dags retrieved from /opt/airflow/dags/script/example/dag_with_minio_s3.py
[2024-12-02T14:20:23.932+0000] {processor.py:208} INFO - Processing /opt/airflow/dags/script/example/dag_with_minio_s3.py took 0.013 seconds
[2024-12-02T14:20:54.645+0000] {processor.py:186} INFO - Started process (PID=555) to work on /opt/airflow/dags/script/example/dag_with_minio_s3.py
[2024-12-02T14:20:54.645+0000] {processor.py:914} INFO - Processing file /opt/airflow/dags/script/example/dag_with_minio_s3.py for tasks to queue
[2024-12-02T14:20:54.646+0000] {logging_mixin.py:190} INFO - [2024-12-02T14:20:54.646+0000] {dagbag.py:588} INFO - Filling up the DagBag from /opt/airflow/dags/script/example/dag_with_minio_s3.py
[2024-12-02T14:20:54.649+0000] {processor.py:927} WARNING - No viable dags retrieved from /opt/airflow/dags/script/example/dag_with_minio_s3.py
[2024-12-02T14:20:54.655+0000] {processor.py:208} INFO - Processing /opt/airflow/dags/script/example/dag_with_minio_s3.py took 0.013 seconds
[2024-12-02T14:21:25.335+0000] {processor.py:186} INFO - Started process (PID=656) to work on /opt/airflow/dags/script/example/dag_with_minio_s3.py
[2024-12-02T14:21:25.336+0000] {processor.py:914} INFO - Processing file /opt/airflow/dags/script/example/dag_with_minio_s3.py for tasks to queue
[2024-12-02T14:21:25.337+0000] {logging_mixin.py:190} INFO - [2024-12-02T14:21:25.337+0000] {dagbag.py:588} INFO - Filling up the DagBag from /opt/airflow/dags/script/example/dag_with_minio_s3.py
[2024-12-02T14:21:25.340+0000] {processor.py:927} WARNING - No viable dags retrieved from /opt/airflow/dags/script/example/dag_with_minio_s3.py
[2024-12-02T14:21:25.346+0000] {processor.py:208} INFO - Processing /opt/airflow/dags/script/example/dag_with_minio_s3.py took 0.013 seconds
[2024-12-02T14:21:56.110+0000] {processor.py:186} INFO - Started process (PID=759) to work on /opt/airflow/dags/script/example/dag_with_minio_s3.py
[2024-12-02T14:21:56.111+0000] {processor.py:914} INFO - Processing file /opt/airflow/dags/script/example/dag_with_minio_s3.py for tasks to queue
[2024-12-02T14:21:56.112+0000] {logging_mixin.py:190} INFO - [2024-12-02T14:21:56.112+0000] {dagbag.py:588} INFO - Filling up the DagBag from /opt/airflow/dags/script/example/dag_with_minio_s3.py
[2024-12-02T14:21:56.114+0000] {processor.py:927} WARNING - No viable dags retrieved from /opt/airflow/dags/script/example/dag_with_minio_s3.py
[2024-12-02T14:21:56.120+0000] {processor.py:208} INFO - Processing /opt/airflow/dags/script/example/dag_with_minio_s3.py took 0.012 seconds
[2024-12-02T14:22:26.699+0000] {processor.py:186} INFO - Started process (PID=858) to work on /opt/airflow/dags/script/example/dag_with_minio_s3.py
[2024-12-02T14:22:26.700+0000] {processor.py:914} INFO - Processing file /opt/airflow/dags/script/example/dag_with_minio_s3.py for tasks to queue
[2024-12-02T14:22:26.701+0000] {logging_mixin.py:190} INFO - [2024-12-02T14:22:26.701+0000] {dagbag.py:588} INFO - Filling up the DagBag from /opt/airflow/dags/script/example/dag_with_minio_s3.py
[2024-12-02T14:22:26.703+0000] {processor.py:927} WARNING - No viable dags retrieved from /opt/airflow/dags/script/example/dag_with_minio_s3.py
[2024-12-02T14:22:26.708+0000] {processor.py:208} INFO - Processing /opt/airflow/dags/script/example/dag_with_minio_s3.py took 0.011 seconds
[2024-12-02T14:22:57.395+0000] {processor.py:186} INFO - Started process (PID=959) to work on /opt/airflow/dags/script/example/dag_with_minio_s3.py
[2024-12-02T14:22:57.396+0000] {processor.py:914} INFO - Processing file /opt/airflow/dags/script/example/dag_with_minio_s3.py for tasks to queue
[2024-12-02T14:22:57.397+0000] {logging_mixin.py:190} INFO - [2024-12-02T14:22:57.397+0000] {dagbag.py:588} INFO - Filling up the DagBag from /opt/airflow/dags/script/example/dag_with_minio_s3.py
[2024-12-02T14:22:57.398+0000] {processor.py:927} WARNING - No viable dags retrieved from /opt/airflow/dags/script/example/dag_with_minio_s3.py
[2024-12-02T14:22:57.403+0000] {processor.py:208} INFO - Processing /opt/airflow/dags/script/example/dag_with_minio_s3.py took 0.010 seconds
[2024-12-02T14:23:28.106+0000] {processor.py:186} INFO - Started process (PID=1060) to work on /opt/airflow/dags/script/example/dag_with_minio_s3.py
[2024-12-02T14:23:28.107+0000] {processor.py:914} INFO - Processing file /opt/airflow/dags/script/example/dag_with_minio_s3.py for tasks to queue
[2024-12-02T14:23:28.107+0000] {logging_mixin.py:190} INFO - [2024-12-02T14:23:28.107+0000] {dagbag.py:588} INFO - Filling up the DagBag from /opt/airflow/dags/script/example/dag_with_minio_s3.py
[2024-12-02T14:23:28.110+0000] {processor.py:927} WARNING - No viable dags retrieved from /opt/airflow/dags/script/example/dag_with_minio_s3.py
[2024-12-02T14:23:28.116+0000] {processor.py:208} INFO - Processing /opt/airflow/dags/script/example/dag_with_minio_s3.py took 0.013 seconds
[2024-12-02T14:23:59.155+0000] {processor.py:186} INFO - Started process (PID=1161) to work on /opt/airflow/dags/script/example/dag_with_minio_s3.py
[2024-12-02T14:23:59.156+0000] {processor.py:914} INFO - Processing file /opt/airflow/dags/script/example/dag_with_minio_s3.py for tasks to queue
[2024-12-02T14:23:59.158+0000] {logging_mixin.py:190} INFO - [2024-12-02T14:23:59.157+0000] {dagbag.py:588} INFO - Filling up the DagBag from /opt/airflow/dags/script/example/dag_with_minio_s3.py
[2024-12-02T14:23:59.161+0000] {processor.py:927} WARNING - No viable dags retrieved from /opt/airflow/dags/script/example/dag_with_minio_s3.py
[2024-12-02T14:23:59.167+0000] {processor.py:208} INFO - Processing /opt/airflow/dags/script/example/dag_with_minio_s3.py took 0.015 seconds
[2024-12-02T14:24:30.472+0000] {processor.py:186} INFO - Started process (PID=1264) to work on /opt/airflow/dags/script/example/dag_with_minio_s3.py
[2024-12-02T14:24:30.472+0000] {processor.py:914} INFO - Processing file /opt/airflow/dags/script/example/dag_with_minio_s3.py for tasks to queue
[2024-12-02T14:24:30.473+0000] {logging_mixin.py:190} INFO - [2024-12-02T14:24:30.473+0000] {dagbag.py:588} INFO - Filling up the DagBag from /opt/airflow/dags/script/example/dag_with_minio_s3.py
[2024-12-02T14:24:30.474+0000] {processor.py:927} WARNING - No viable dags retrieved from /opt/airflow/dags/script/example/dag_with_minio_s3.py
[2024-12-02T14:24:30.554+0000] {processor.py:208} INFO - Processing /opt/airflow/dags/script/example/dag_with_minio_s3.py took 0.084 seconds
[2024-12-02T14:25:01.396+0000] {processor.py:186} INFO - Started process (PID=1365) to work on /opt/airflow/dags/script/example/dag_with_minio_s3.py
[2024-12-02T14:25:01.397+0000] {processor.py:914} INFO - Processing file /opt/airflow/dags/script/example/dag_with_minio_s3.py for tasks to queue
[2024-12-02T14:25:01.399+0000] {logging_mixin.py:190} INFO - [2024-12-02T14:25:01.399+0000] {dagbag.py:588} INFO - Filling up the DagBag from /opt/airflow/dags/script/example/dag_with_minio_s3.py
[2024-12-02T14:25:01.401+0000] {processor.py:927} WARNING - No viable dags retrieved from /opt/airflow/dags/script/example/dag_with_minio_s3.py
[2024-12-02T14:25:01.409+0000] {processor.py:208} INFO - Processing /opt/airflow/dags/script/example/dag_with_minio_s3.py took 0.016 seconds
[2024-12-02T14:25:32.143+0000] {processor.py:186} INFO - Started process (PID=1466) to work on /opt/airflow/dags/script/example/dag_with_minio_s3.py
[2024-12-02T14:25:32.143+0000] {processor.py:914} INFO - Processing file /opt/airflow/dags/script/example/dag_with_minio_s3.py for tasks to queue
[2024-12-02T14:25:32.145+0000] {logging_mixin.py:190} INFO - [2024-12-02T14:25:32.145+0000] {dagbag.py:588} INFO - Filling up the DagBag from /opt/airflow/dags/script/example/dag_with_minio_s3.py
[2024-12-02T14:25:32.148+0000] {processor.py:927} WARNING - No viable dags retrieved from /opt/airflow/dags/script/example/dag_with_minio_s3.py
[2024-12-02T14:25:32.155+0000] {processor.py:208} INFO - Processing /opt/airflow/dags/script/example/dag_with_minio_s3.py took 0.016 seconds
[2024-12-02T14:26:02.879+0000] {processor.py:186} INFO - Started process (PID=1567) to work on /opt/airflow/dags/script/example/dag_with_minio_s3.py
[2024-12-02T14:26:02.879+0000] {processor.py:914} INFO - Processing file /opt/airflow/dags/script/example/dag_with_minio_s3.py for tasks to queue
[2024-12-02T14:26:02.880+0000] {logging_mixin.py:190} INFO - [2024-12-02T14:26:02.880+0000] {dagbag.py:588} INFO - Filling up the DagBag from /opt/airflow/dags/script/example/dag_with_minio_s3.py
[2024-12-02T14:26:02.883+0000] {processor.py:927} WARNING - No viable dags retrieved from /opt/airflow/dags/script/example/dag_with_minio_s3.py
[2024-12-02T14:26:02.891+0000] {processor.py:208} INFO - Processing /opt/airflow/dags/script/example/dag_with_minio_s3.py took 0.015 seconds
[2024-12-02T14:26:33.590+0000] {processor.py:186} INFO - Started process (PID=1668) to work on /opt/airflow/dags/script/example/dag_with_minio_s3.py
[2024-12-02T14:26:33.590+0000] {processor.py:914} INFO - Processing file /opt/airflow/dags/script/example/dag_with_minio_s3.py for tasks to queue
[2024-12-02T14:26:33.592+0000] {logging_mixin.py:190} INFO - [2024-12-02T14:26:33.592+0000] {dagbag.py:588} INFO - Filling up the DagBag from /opt/airflow/dags/script/example/dag_with_minio_s3.py
[2024-12-02T14:26:33.594+0000] {processor.py:927} WARNING - No viable dags retrieved from /opt/airflow/dags/script/example/dag_with_minio_s3.py
[2024-12-02T14:26:33.605+0000] {processor.py:208} INFO - Processing /opt/airflow/dags/script/example/dag_with_minio_s3.py took 0.018 seconds
[2024-12-02T14:27:04.529+0000] {processor.py:186} INFO - Started process (PID=1769) to work on /opt/airflow/dags/script/example/dag_with_minio_s3.py
[2024-12-02T14:27:04.529+0000] {processor.py:914} INFO - Processing file /opt/airflow/dags/script/example/dag_with_minio_s3.py for tasks to queue
[2024-12-02T14:27:04.531+0000] {logging_mixin.py:190} INFO - [2024-12-02T14:27:04.531+0000] {dagbag.py:588} INFO - Filling up the DagBag from /opt/airflow/dags/script/example/dag_with_minio_s3.py
[2024-12-02T14:27:04.534+0000] {processor.py:927} WARNING - No viable dags retrieved from /opt/airflow/dags/script/example/dag_with_minio_s3.py
[2024-12-02T14:27:04.542+0000] {processor.py:208} INFO - Processing /opt/airflow/dags/script/example/dag_with_minio_s3.py took 0.017 seconds
[2024-12-02T14:27:35.193+0000] {processor.py:186} INFO - Started process (PID=1870) to work on /opt/airflow/dags/script/example/dag_with_minio_s3.py
[2024-12-02T14:27:35.194+0000] {processor.py:914} INFO - Processing file /opt/airflow/dags/script/example/dag_with_minio_s3.py for tasks to queue
[2024-12-02T14:27:35.196+0000] {logging_mixin.py:190} INFO - [2024-12-02T14:27:35.195+0000] {dagbag.py:588} INFO - Filling up the DagBag from /opt/airflow/dags/script/example/dag_with_minio_s3.py
[2024-12-02T14:27:35.198+0000] {processor.py:927} WARNING - No viable dags retrieved from /opt/airflow/dags/script/example/dag_with_minio_s3.py
[2024-12-02T14:27:35.207+0000] {processor.py:208} INFO - Processing /opt/airflow/dags/script/example/dag_with_minio_s3.py took 0.017 seconds
[2024-12-02T14:28:05.895+0000] {processor.py:186} INFO - Started process (PID=1971) to work on /opt/airflow/dags/script/example/dag_with_minio_s3.py
[2024-12-02T14:28:05.895+0000] {processor.py:914} INFO - Processing file /opt/airflow/dags/script/example/dag_with_minio_s3.py for tasks to queue
[2024-12-02T14:28:05.897+0000] {logging_mixin.py:190} INFO - [2024-12-02T14:28:05.896+0000] {dagbag.py:588} INFO - Filling up the DagBag from /opt/airflow/dags/script/example/dag_with_minio_s3.py
[2024-12-02T14:28:05.899+0000] {processor.py:927} WARNING - No viable dags retrieved from /opt/airflow/dags/script/example/dag_with_minio_s3.py
[2024-12-02T14:28:05.906+0000] {processor.py:208} INFO - Processing /opt/airflow/dags/script/example/dag_with_minio_s3.py took 0.015 seconds
[2024-12-02T14:28:36.643+0000] {processor.py:186} INFO - Started process (PID=2072) to work on /opt/airflow/dags/script/example/dag_with_minio_s3.py
[2024-12-02T14:28:36.643+0000] {processor.py:914} INFO - Processing file /opt/airflow/dags/script/example/dag_with_minio_s3.py for tasks to queue
[2024-12-02T14:28:36.644+0000] {logging_mixin.py:190} INFO - [2024-12-02T14:28:36.644+0000] {dagbag.py:588} INFO - Filling up the DagBag from /opt/airflow/dags/script/example/dag_with_minio_s3.py
[2024-12-02T14:28:36.647+0000] {processor.py:927} WARNING - No viable dags retrieved from /opt/airflow/dags/script/example/dag_with_minio_s3.py
[2024-12-02T14:28:36.655+0000] {processor.py:208} INFO - Processing /opt/airflow/dags/script/example/dag_with_minio_s3.py took 0.015 seconds
[2024-12-02T14:29:07.430+0000] {processor.py:186} INFO - Started process (PID=2171) to work on /opt/airflow/dags/script/example/dag_with_minio_s3.py
[2024-12-02T14:29:07.430+0000] {processor.py:914} INFO - Processing file /opt/airflow/dags/script/example/dag_with_minio_s3.py for tasks to queue
[2024-12-02T14:29:07.432+0000] {logging_mixin.py:190} INFO - [2024-12-02T14:29:07.431+0000] {dagbag.py:588} INFO - Filling up the DagBag from /opt/airflow/dags/script/example/dag_with_minio_s3.py
[2024-12-02T14:29:07.435+0000] {processor.py:927} WARNING - No viable dags retrieved from /opt/airflow/dags/script/example/dag_with_minio_s3.py
[2024-12-02T14:29:07.442+0000] {processor.py:208} INFO - Processing /opt/airflow/dags/script/example/dag_with_minio_s3.py took 0.015 seconds
[2024-12-02T14:29:38.185+0000] {processor.py:186} INFO - Started process (PID=2274) to work on /opt/airflow/dags/script/example/dag_with_minio_s3.py
[2024-12-02T14:29:38.186+0000] {processor.py:914} INFO - Processing file /opt/airflow/dags/script/example/dag_with_minio_s3.py for tasks to queue
[2024-12-02T14:29:38.187+0000] {logging_mixin.py:190} INFO - [2024-12-02T14:29:38.187+0000] {dagbag.py:588} INFO - Filling up the DagBag from /opt/airflow/dags/script/example/dag_with_minio_s3.py
[2024-12-02T14:29:38.189+0000] {processor.py:927} WARNING - No viable dags retrieved from /opt/airflow/dags/script/example/dag_with_minio_s3.py
[2024-12-02T14:29:38.197+0000] {processor.py:208} INFO - Processing /opt/airflow/dags/script/example/dag_with_minio_s3.py took 0.014 seconds
[2024-12-02T14:30:08.973+0000] {processor.py:186} INFO - Started process (PID=2375) to work on /opt/airflow/dags/script/example/dag_with_minio_s3.py
[2024-12-02T14:30:08.973+0000] {processor.py:914} INFO - Processing file /opt/airflow/dags/script/example/dag_with_minio_s3.py for tasks to queue
[2024-12-02T14:30:08.975+0000] {logging_mixin.py:190} INFO - [2024-12-02T14:30:08.975+0000] {dagbag.py:588} INFO - Filling up the DagBag from /opt/airflow/dags/script/example/dag_with_minio_s3.py
[2024-12-02T14:30:08.978+0000] {processor.py:927} WARNING - No viable dags retrieved from /opt/airflow/dags/script/example/dag_with_minio_s3.py
[2024-12-02T14:30:08.987+0000] {processor.py:208} INFO - Processing /opt/airflow/dags/script/example/dag_with_minio_s3.py took 0.018 seconds
[2024-12-02T14:30:39.744+0000] {processor.py:186} INFO - Started process (PID=2476) to work on /opt/airflow/dags/script/example/dag_with_minio_s3.py
[2024-12-02T14:30:39.745+0000] {processor.py:914} INFO - Processing file /opt/airflow/dags/script/example/dag_with_minio_s3.py for tasks to queue
[2024-12-02T14:30:39.746+0000] {logging_mixin.py:190} INFO - [2024-12-02T14:30:39.746+0000] {dagbag.py:588} INFO - Filling up the DagBag from /opt/airflow/dags/script/example/dag_with_minio_s3.py
[2024-12-02T14:30:39.749+0000] {processor.py:927} WARNING - No viable dags retrieved from /opt/airflow/dags/script/example/dag_with_minio_s3.py
[2024-12-02T14:30:39.761+0000] {processor.py:208} INFO - Processing /opt/airflow/dags/script/example/dag_with_minio_s3.py took 0.021 seconds
[2024-12-02T14:31:10.479+0000] {processor.py:186} INFO - Started process (PID=2577) to work on /opt/airflow/dags/script/example/dag_with_minio_s3.py
[2024-12-02T14:31:10.480+0000] {processor.py:914} INFO - Processing file /opt/airflow/dags/script/example/dag_with_minio_s3.py for tasks to queue
[2024-12-02T14:31:10.482+0000] {logging_mixin.py:190} INFO - [2024-12-02T14:31:10.481+0000] {dagbag.py:588} INFO - Filling up the DagBag from /opt/airflow/dags/script/example/dag_with_minio_s3.py
[2024-12-02T14:31:10.484+0000] {processor.py:927} WARNING - No viable dags retrieved from /opt/airflow/dags/script/example/dag_with_minio_s3.py
[2024-12-02T14:31:10.492+0000] {processor.py:208} INFO - Processing /opt/airflow/dags/script/example/dag_with_minio_s3.py took 0.017 seconds
[2024-12-02T14:31:41.204+0000] {processor.py:186} INFO - Started process (PID=2678) to work on /opt/airflow/dags/script/example/dag_with_minio_s3.py
[2024-12-02T14:31:41.204+0000] {processor.py:914} INFO - Processing file /opt/airflow/dags/script/example/dag_with_minio_s3.py for tasks to queue
[2024-12-02T14:31:41.206+0000] {logging_mixin.py:190} INFO - [2024-12-02T14:31:41.205+0000] {dagbag.py:588} INFO - Filling up the DagBag from /opt/airflow/dags/script/example/dag_with_minio_s3.py
[2024-12-02T14:31:41.208+0000] {processor.py:927} WARNING - No viable dags retrieved from /opt/airflow/dags/script/example/dag_with_minio_s3.py
[2024-12-02T14:31:41.218+0000] {processor.py:208} INFO - Processing /opt/airflow/dags/script/example/dag_with_minio_s3.py took 0.018 seconds
[2024-12-02T14:32:11.949+0000] {processor.py:186} INFO - Started process (PID=2779) to work on /opt/airflow/dags/script/example/dag_with_minio_s3.py
[2024-12-02T14:32:11.950+0000] {processor.py:914} INFO - Processing file /opt/airflow/dags/script/example/dag_with_minio_s3.py for tasks to queue
[2024-12-02T14:32:11.950+0000] {logging_mixin.py:190} INFO - [2024-12-02T14:32:11.950+0000] {dagbag.py:588} INFO - Filling up the DagBag from /opt/airflow/dags/script/example/dag_with_minio_s3.py
[2024-12-02T14:32:11.953+0000] {processor.py:927} WARNING - No viable dags retrieved from /opt/airflow/dags/script/example/dag_with_minio_s3.py
[2024-12-02T14:32:11.961+0000] {processor.py:208} INFO - Processing /opt/airflow/dags/script/example/dag_with_minio_s3.py took 0.014 seconds
[2024-12-02T14:32:42.634+0000] {processor.py:186} INFO - Started process (PID=2880) to work on /opt/airflow/dags/script/example/dag_with_minio_s3.py
[2024-12-02T14:32:42.634+0000] {processor.py:914} INFO - Processing file /opt/airflow/dags/script/example/dag_with_minio_s3.py for tasks to queue
[2024-12-02T14:32:42.635+0000] {logging_mixin.py:190} INFO - [2024-12-02T14:32:42.635+0000] {dagbag.py:588} INFO - Filling up the DagBag from /opt/airflow/dags/script/example/dag_with_minio_s3.py
[2024-12-02T14:32:42.637+0000] {processor.py:927} WARNING - No viable dags retrieved from /opt/airflow/dags/script/example/dag_with_minio_s3.py
[2024-12-02T14:32:42.645+0000] {processor.py:208} INFO - Processing /opt/airflow/dags/script/example/dag_with_minio_s3.py took 0.015 seconds
[2024-12-02T14:33:13.368+0000] {processor.py:186} INFO - Started process (PID=2981) to work on /opt/airflow/dags/script/example/dag_with_minio_s3.py
[2024-12-02T14:33:13.368+0000] {processor.py:914} INFO - Processing file /opt/airflow/dags/script/example/dag_with_minio_s3.py for tasks to queue
[2024-12-02T14:33:13.369+0000] {logging_mixin.py:190} INFO - [2024-12-02T14:33:13.369+0000] {dagbag.py:588} INFO - Filling up the DagBag from /opt/airflow/dags/script/example/dag_with_minio_s3.py
[2024-12-02T14:33:13.372+0000] {processor.py:927} WARNING - No viable dags retrieved from /opt/airflow/dags/script/example/dag_with_minio_s3.py
[2024-12-02T14:33:13.380+0000] {processor.py:208} INFO - Processing /opt/airflow/dags/script/example/dag_with_minio_s3.py took 0.015 seconds
[2024-12-02T14:33:43.758+0000] {processor.py:186} INFO - Started process (PID=3082) to work on /opt/airflow/dags/script/example/dag_with_minio_s3.py
[2024-12-02T14:33:43.758+0000] {processor.py:914} INFO - Processing file /opt/airflow/dags/script/example/dag_with_minio_s3.py for tasks to queue
[2024-12-02T14:33:43.759+0000] {logging_mixin.py:190} INFO - [2024-12-02T14:33:43.759+0000] {dagbag.py:588} INFO - Filling up the DagBag from /opt/airflow/dags/script/example/dag_with_minio_s3.py
[2024-12-02T14:33:43.760+0000] {processor.py:927} WARNING - No viable dags retrieved from /opt/airflow/dags/script/example/dag_with_minio_s3.py
[2024-12-02T14:33:43.765+0000] {processor.py:208} INFO - Processing /opt/airflow/dags/script/example/dag_with_minio_s3.py took 0.010 seconds
[2024-12-02T14:34:15.277+0000] {processor.py:186} INFO - Started process (PID=3186) to work on /opt/airflow/dags/script/example/dag_with_minio_s3.py
[2024-12-02T14:34:15.280+0000] {processor.py:914} INFO - Processing file /opt/airflow/dags/script/example/dag_with_minio_s3.py for tasks to queue
[2024-12-02T14:34:15.281+0000] {logging_mixin.py:190} INFO - [2024-12-02T14:34:15.281+0000] {dagbag.py:588} INFO - Filling up the DagBag from /opt/airflow/dags/script/example/dag_with_minio_s3.py
[2024-12-02T14:34:15.284+0000] {processor.py:927} WARNING - No viable dags retrieved from /opt/airflow/dags/script/example/dag_with_minio_s3.py
[2024-12-02T14:34:15.295+0000] {processor.py:208} INFO - Processing /opt/airflow/dags/script/example/dag_with_minio_s3.py took 0.025 seconds
[2024-12-02T14:34:46.022+0000] {processor.py:186} INFO - Started process (PID=3289) to work on /opt/airflow/dags/script/example/dag_with_minio_s3.py
[2024-12-02T14:34:46.025+0000] {processor.py:914} INFO - Processing file /opt/airflow/dags/script/example/dag_with_minio_s3.py for tasks to queue
[2024-12-02T14:34:46.026+0000] {logging_mixin.py:190} INFO - [2024-12-02T14:34:46.026+0000] {dagbag.py:588} INFO - Filling up the DagBag from /opt/airflow/dags/script/example/dag_with_minio_s3.py
[2024-12-02T14:34:46.028+0000] {processor.py:927} WARNING - No viable dags retrieved from /opt/airflow/dags/script/example/dag_with_minio_s3.py
[2024-12-02T14:34:46.036+0000] {processor.py:208} INFO - Processing /opt/airflow/dags/script/example/dag_with_minio_s3.py took 0.018 seconds
[2024-12-02T14:35:16.773+0000] {processor.py:186} INFO - Started process (PID=3388) to work on /opt/airflow/dags/script/example/dag_with_minio_s3.py
[2024-12-02T14:35:16.773+0000] {processor.py:914} INFO - Processing file /opt/airflow/dags/script/example/dag_with_minio_s3.py for tasks to queue
[2024-12-02T14:35:16.774+0000] {logging_mixin.py:190} INFO - [2024-12-02T14:35:16.774+0000] {dagbag.py:588} INFO - Filling up the DagBag from /opt/airflow/dags/script/example/dag_with_minio_s3.py
[2024-12-02T14:35:16.777+0000] {processor.py:927} WARNING - No viable dags retrieved from /opt/airflow/dags/script/example/dag_with_minio_s3.py
[2024-12-02T14:35:16.784+0000] {processor.py:208} INFO - Processing /opt/airflow/dags/script/example/dag_with_minio_s3.py took 0.013 seconds
[2024-12-02T14:35:47.503+0000] {processor.py:186} INFO - Started process (PID=3489) to work on /opt/airflow/dags/script/example/dag_with_minio_s3.py
[2024-12-02T14:35:47.503+0000] {processor.py:914} INFO - Processing file /opt/airflow/dags/script/example/dag_with_minio_s3.py for tasks to queue
[2024-12-02T14:35:47.504+0000] {logging_mixin.py:190} INFO - [2024-12-02T14:35:47.504+0000] {dagbag.py:588} INFO - Filling up the DagBag from /opt/airflow/dags/script/example/dag_with_minio_s3.py
[2024-12-02T14:35:47.506+0000] {processor.py:927} WARNING - No viable dags retrieved from /opt/airflow/dags/script/example/dag_with_minio_s3.py
[2024-12-02T14:35:47.513+0000] {processor.py:208} INFO - Processing /opt/airflow/dags/script/example/dag_with_minio_s3.py took 0.013 seconds
[2024-12-02T14:36:18.619+0000] {processor.py:186} INFO - Started process (PID=3590) to work on /opt/airflow/dags/script/example/dag_with_minio_s3.py
[2024-12-02T14:36:18.624+0000] {processor.py:914} INFO - Processing file /opt/airflow/dags/script/example/dag_with_minio_s3.py for tasks to queue
[2024-12-02T14:36:18.629+0000] {logging_mixin.py:190} INFO - [2024-12-02T14:36:18.629+0000] {dagbag.py:588} INFO - Filling up the DagBag from /opt/airflow/dags/script/example/dag_with_minio_s3.py
[2024-12-02T14:36:18.634+0000] {processor.py:927} WARNING - No viable dags retrieved from /opt/airflow/dags/script/example/dag_with_minio_s3.py
[2024-12-02T14:36:18.654+0000] {processor.py:208} INFO - Processing /opt/airflow/dags/script/example/dag_with_minio_s3.py took 0.039 seconds
[2024-12-02T14:36:49.358+0000] {processor.py:186} INFO - Started process (PID=3690) to work on /opt/airflow/dags/script/example/dag_with_minio_s3.py
[2024-12-02T14:36:49.360+0000] {processor.py:914} INFO - Processing file /opt/airflow/dags/script/example/dag_with_minio_s3.py for tasks to queue
[2024-12-02T14:36:49.361+0000] {logging_mixin.py:190} INFO - [2024-12-02T14:36:49.361+0000] {dagbag.py:588} INFO - Filling up the DagBag from /opt/airflow/dags/script/example/dag_with_minio_s3.py
[2024-12-02T14:36:49.362+0000] {processor.py:927} WARNING - No viable dags retrieved from /opt/airflow/dags/script/example/dag_with_minio_s3.py
[2024-12-02T14:36:49.367+0000] {processor.py:208} INFO - Processing /opt/airflow/dags/script/example/dag_with_minio_s3.py took 0.011 seconds
[2024-12-02T14:37:20.105+0000] {processor.py:186} INFO - Started process (PID=3791) to work on /opt/airflow/dags/script/example/dag_with_minio_s3.py
[2024-12-02T14:37:20.105+0000] {processor.py:914} INFO - Processing file /opt/airflow/dags/script/example/dag_with_minio_s3.py for tasks to queue
[2024-12-02T14:37:20.106+0000] {logging_mixin.py:190} INFO - [2024-12-02T14:37:20.106+0000] {dagbag.py:588} INFO - Filling up the DagBag from /opt/airflow/dags/script/example/dag_with_minio_s3.py
[2024-12-02T14:37:20.110+0000] {processor.py:927} WARNING - No viable dags retrieved from /opt/airflow/dags/script/example/dag_with_minio_s3.py
[2024-12-02T14:37:20.115+0000] {processor.py:208} INFO - Processing /opt/airflow/dags/script/example/dag_with_minio_s3.py took 0.013 seconds
[2024-12-02T14:37:50.810+0000] {processor.py:186} INFO - Started process (PID=3892) to work on /opt/airflow/dags/script/example/dag_with_minio_s3.py
[2024-12-02T14:37:50.811+0000] {processor.py:914} INFO - Processing file /opt/airflow/dags/script/example/dag_with_minio_s3.py for tasks to queue
[2024-12-02T14:37:50.812+0000] {logging_mixin.py:190} INFO - [2024-12-02T14:37:50.811+0000] {dagbag.py:588} INFO - Filling up the DagBag from /opt/airflow/dags/script/example/dag_with_minio_s3.py
[2024-12-02T14:37:50.813+0000] {processor.py:927} WARNING - No viable dags retrieved from /opt/airflow/dags/script/example/dag_with_minio_s3.py
[2024-12-02T14:37:50.820+0000] {processor.py:208} INFO - Processing /opt/airflow/dags/script/example/dag_with_minio_s3.py took 0.012 seconds
[2024-12-02T14:38:21.572+0000] {processor.py:186} INFO - Started process (PID=3994) to work on /opt/airflow/dags/script/example/dag_with_minio_s3.py
[2024-12-02T14:38:21.573+0000] {processor.py:914} INFO - Processing file /opt/airflow/dags/script/example/dag_with_minio_s3.py for tasks to queue
[2024-12-02T14:38:21.574+0000] {logging_mixin.py:190} INFO - [2024-12-02T14:38:21.573+0000] {dagbag.py:588} INFO - Filling up the DagBag from /opt/airflow/dags/script/example/dag_with_minio_s3.py
[2024-12-02T14:38:21.575+0000] {processor.py:927} WARNING - No viable dags retrieved from /opt/airflow/dags/script/example/dag_with_minio_s3.py
[2024-12-02T14:38:21.582+0000] {processor.py:208} INFO - Processing /opt/airflow/dags/script/example/dag_with_minio_s3.py took 0.012 seconds
[2024-12-02T14:38:52.335+0000] {processor.py:186} INFO - Started process (PID=4093) to work on /opt/airflow/dags/script/example/dag_with_minio_s3.py
[2024-12-02T14:38:52.336+0000] {processor.py:914} INFO - Processing file /opt/airflow/dags/script/example/dag_with_minio_s3.py for tasks to queue
[2024-12-02T14:38:52.337+0000] {logging_mixin.py:190} INFO - [2024-12-02T14:38:52.337+0000] {dagbag.py:588} INFO - Filling up the DagBag from /opt/airflow/dags/script/example/dag_with_minio_s3.py
[2024-12-02T14:38:52.338+0000] {processor.py:927} WARNING - No viable dags retrieved from /opt/airflow/dags/script/example/dag_with_minio_s3.py
[2024-12-02T14:38:52.343+0000] {processor.py:208} INFO - Processing /opt/airflow/dags/script/example/dag_with_minio_s3.py took 0.010 seconds
[2024-12-02T14:39:23.058+0000] {processor.py:186} INFO - Started process (PID=4196) to work on /opt/airflow/dags/script/example/dag_with_minio_s3.py
[2024-12-02T14:39:23.058+0000] {processor.py:914} INFO - Processing file /opt/airflow/dags/script/example/dag_with_minio_s3.py for tasks to queue
[2024-12-02T14:39:23.059+0000] {logging_mixin.py:190} INFO - [2024-12-02T14:39:23.059+0000] {dagbag.py:588} INFO - Filling up the DagBag from /opt/airflow/dags/script/example/dag_with_minio_s3.py
[2024-12-02T14:39:23.060+0000] {processor.py:927} WARNING - No viable dags retrieved from /opt/airflow/dags/script/example/dag_with_minio_s3.py
[2024-12-02T14:39:23.065+0000] {processor.py:208} INFO - Processing /opt/airflow/dags/script/example/dag_with_minio_s3.py took 0.009 seconds
[2024-12-02T14:39:53.882+0000] {processor.py:186} INFO - Started process (PID=4295) to work on /opt/airflow/dags/script/example/dag_with_minio_s3.py
[2024-12-02T14:39:53.883+0000] {processor.py:914} INFO - Processing file /opt/airflow/dags/script/example/dag_with_minio_s3.py for tasks to queue
[2024-12-02T14:39:53.884+0000] {logging_mixin.py:190} INFO - [2024-12-02T14:39:53.884+0000] {dagbag.py:588} INFO - Filling up the DagBag from /opt/airflow/dags/script/example/dag_with_minio_s3.py
[2024-12-02T14:39:53.885+0000] {processor.py:927} WARNING - No viable dags retrieved from /opt/airflow/dags/script/example/dag_with_minio_s3.py
[2024-12-02T14:39:53.890+0000] {processor.py:208} INFO - Processing /opt/airflow/dags/script/example/dag_with_minio_s3.py took 0.012 seconds
[2024-12-02T14:40:24.577+0000] {processor.py:186} INFO - Started process (PID=4397) to work on /opt/airflow/dags/script/example/dag_with_minio_s3.py
[2024-12-02T14:40:24.577+0000] {processor.py:914} INFO - Processing file /opt/airflow/dags/script/example/dag_with_minio_s3.py for tasks to queue
[2024-12-02T14:40:24.578+0000] {logging_mixin.py:190} INFO - [2024-12-02T14:40:24.578+0000] {dagbag.py:588} INFO - Filling up the DagBag from /opt/airflow/dags/script/example/dag_with_minio_s3.py
[2024-12-02T14:40:24.579+0000] {processor.py:927} WARNING - No viable dags retrieved from /opt/airflow/dags/script/example/dag_with_minio_s3.py
[2024-12-02T14:40:24.586+0000] {processor.py:208} INFO - Processing /opt/airflow/dags/script/example/dag_with_minio_s3.py took 0.011 seconds
[2024-12-02T14:40:55.328+0000] {processor.py:186} INFO - Started process (PID=4496) to work on /opt/airflow/dags/script/example/dag_with_minio_s3.py
[2024-12-02T14:40:55.328+0000] {processor.py:914} INFO - Processing file /opt/airflow/dags/script/example/dag_with_minio_s3.py for tasks to queue
[2024-12-02T14:40:55.330+0000] {logging_mixin.py:190} INFO - [2024-12-02T14:40:55.330+0000] {dagbag.py:588} INFO - Filling up the DagBag from /opt/airflow/dags/script/example/dag_with_minio_s3.py
[2024-12-02T14:40:55.333+0000] {processor.py:927} WARNING - No viable dags retrieved from /opt/airflow/dags/script/example/dag_with_minio_s3.py
[2024-12-02T14:40:55.339+0000] {processor.py:208} INFO - Processing /opt/airflow/dags/script/example/dag_with_minio_s3.py took 0.014 seconds
[2024-12-02T14:41:26.180+0000] {processor.py:186} INFO - Started process (PID=4597) to work on /opt/airflow/dags/script/example/dag_with_minio_s3.py
[2024-12-02T14:41:26.181+0000] {processor.py:914} INFO - Processing file /opt/airflow/dags/script/example/dag_with_minio_s3.py for tasks to queue
[2024-12-02T14:41:26.182+0000] {logging_mixin.py:190} INFO - [2024-12-02T14:41:26.182+0000] {dagbag.py:588} INFO - Filling up the DagBag from /opt/airflow/dags/script/example/dag_with_minio_s3.py
[2024-12-02T14:41:26.184+0000] {processor.py:927} WARNING - No viable dags retrieved from /opt/airflow/dags/script/example/dag_with_minio_s3.py
[2024-12-02T14:41:26.194+0000] {processor.py:208} INFO - Processing /opt/airflow/dags/script/example/dag_with_minio_s3.py took 0.016 seconds
[2024-12-02T14:41:56.996+0000] {processor.py:186} INFO - Started process (PID=4698) to work on /opt/airflow/dags/script/example/dag_with_minio_s3.py
[2024-12-02T14:41:56.997+0000] {processor.py:914} INFO - Processing file /opt/airflow/dags/script/example/dag_with_minio_s3.py for tasks to queue
[2024-12-02T14:41:56.998+0000] {logging_mixin.py:190} INFO - [2024-12-02T14:41:56.998+0000] {dagbag.py:588} INFO - Filling up the DagBag from /opt/airflow/dags/script/example/dag_with_minio_s3.py
[2024-12-02T14:41:57.000+0000] {processor.py:927} WARNING - No viable dags retrieved from /opt/airflow/dags/script/example/dag_with_minio_s3.py
[2024-12-02T14:41:57.006+0000] {processor.py:208} INFO - Processing /opt/airflow/dags/script/example/dag_with_minio_s3.py took 0.013 seconds
[2024-12-02T14:42:27.801+0000] {processor.py:186} INFO - Started process (PID=4799) to work on /opt/airflow/dags/script/example/dag_with_minio_s3.py
[2024-12-02T14:42:27.802+0000] {processor.py:914} INFO - Processing file /opt/airflow/dags/script/example/dag_with_minio_s3.py for tasks to queue
[2024-12-02T14:42:27.803+0000] {logging_mixin.py:190} INFO - [2024-12-02T14:42:27.803+0000] {dagbag.py:588} INFO - Filling up the DagBag from /opt/airflow/dags/script/example/dag_with_minio_s3.py
[2024-12-02T14:42:27.806+0000] {processor.py:927} WARNING - No viable dags retrieved from /opt/airflow/dags/script/example/dag_with_minio_s3.py
[2024-12-02T14:42:27.812+0000] {processor.py:208} INFO - Processing /opt/airflow/dags/script/example/dag_with_minio_s3.py took 0.013 seconds
[2024-12-02T14:42:58.631+0000] {processor.py:186} INFO - Started process (PID=4900) to work on /opt/airflow/dags/script/example/dag_with_minio_s3.py
[2024-12-02T14:42:58.632+0000] {processor.py:914} INFO - Processing file /opt/airflow/dags/script/example/dag_with_minio_s3.py for tasks to queue
[2024-12-02T14:42:58.633+0000] {logging_mixin.py:190} INFO - [2024-12-02T14:42:58.633+0000] {dagbag.py:588} INFO - Filling up the DagBag from /opt/airflow/dags/script/example/dag_with_minio_s3.py
[2024-12-02T14:42:58.635+0000] {processor.py:927} WARNING - No viable dags retrieved from /opt/airflow/dags/script/example/dag_with_minio_s3.py
[2024-12-02T14:42:58.641+0000] {processor.py:208} INFO - Processing /opt/airflow/dags/script/example/dag_with_minio_s3.py took 0.012 seconds
[2024-12-02T14:43:29.333+0000] {processor.py:186} INFO - Started process (PID=5001) to work on /opt/airflow/dags/script/example/dag_with_minio_s3.py
[2024-12-02T14:43:29.334+0000] {processor.py:914} INFO - Processing file /opt/airflow/dags/script/example/dag_with_minio_s3.py for tasks to queue
[2024-12-02T14:43:29.336+0000] {logging_mixin.py:190} INFO - [2024-12-02T14:43:29.335+0000] {dagbag.py:588} INFO - Filling up the DagBag from /opt/airflow/dags/script/example/dag_with_minio_s3.py
[2024-12-02T14:43:29.337+0000] {processor.py:927} WARNING - No viable dags retrieved from /opt/airflow/dags/script/example/dag_with_minio_s3.py
[2024-12-02T14:43:29.343+0000] {processor.py:208} INFO - Processing /opt/airflow/dags/script/example/dag_with_minio_s3.py took 0.012 seconds
[2024-12-02T14:44:00.027+0000] {processor.py:186} INFO - Started process (PID=5104) to work on /opt/airflow/dags/script/example/dag_with_minio_s3.py
[2024-12-02T14:44:00.027+0000] {processor.py:914} INFO - Processing file /opt/airflow/dags/script/example/dag_with_minio_s3.py for tasks to queue
[2024-12-02T14:44:00.028+0000] {logging_mixin.py:190} INFO - [2024-12-02T14:44:00.028+0000] {dagbag.py:588} INFO - Filling up the DagBag from /opt/airflow/dags/script/example/dag_with_minio_s3.py
[2024-12-02T14:44:00.030+0000] {processor.py:927} WARNING - No viable dags retrieved from /opt/airflow/dags/script/example/dag_with_minio_s3.py
[2024-12-02T14:44:00.038+0000] {processor.py:208} INFO - Processing /opt/airflow/dags/script/example/dag_with_minio_s3.py took 0.013 seconds
[2024-12-02T14:44:30.836+0000] {processor.py:186} INFO - Started process (PID=5203) to work on /opt/airflow/dags/script/example/dag_with_minio_s3.py
[2024-12-02T14:44:30.836+0000] {processor.py:914} INFO - Processing file /opt/airflow/dags/script/example/dag_with_minio_s3.py for tasks to queue
[2024-12-02T14:44:30.839+0000] {logging_mixin.py:190} INFO - [2024-12-02T14:44:30.838+0000] {dagbag.py:588} INFO - Filling up the DagBag from /opt/airflow/dags/script/example/dag_with_minio_s3.py
[2024-12-02T14:44:30.840+0000] {processor.py:927} WARNING - No viable dags retrieved from /opt/airflow/dags/script/example/dag_with_minio_s3.py
[2024-12-02T14:44:30.848+0000] {processor.py:208} INFO - Processing /opt/airflow/dags/script/example/dag_with_minio_s3.py took 0.014 seconds
[2024-12-02T14:45:01.507+0000] {processor.py:186} INFO - Started process (PID=5304) to work on /opt/airflow/dags/script/example/dag_with_minio_s3.py
[2024-12-02T14:45:01.509+0000] {processor.py:914} INFO - Processing file /opt/airflow/dags/script/example/dag_with_minio_s3.py for tasks to queue
[2024-12-02T14:45:01.510+0000] {logging_mixin.py:190} INFO - [2024-12-02T14:45:01.510+0000] {dagbag.py:588} INFO - Filling up the DagBag from /opt/airflow/dags/script/example/dag_with_minio_s3.py
[2024-12-02T14:45:01.511+0000] {processor.py:927} WARNING - No viable dags retrieved from /opt/airflow/dags/script/example/dag_with_minio_s3.py
[2024-12-02T14:45:01.517+0000] {processor.py:208} INFO - Processing /opt/airflow/dags/script/example/dag_with_minio_s3.py took 0.013 seconds
[2024-12-02T14:45:32.187+0000] {processor.py:186} INFO - Started process (PID=5405) to work on /opt/airflow/dags/script/example/dag_with_minio_s3.py
[2024-12-02T14:45:32.188+0000] {processor.py:914} INFO - Processing file /opt/airflow/dags/script/example/dag_with_minio_s3.py for tasks to queue
[2024-12-02T14:45:32.189+0000] {logging_mixin.py:190} INFO - [2024-12-02T14:45:32.189+0000] {dagbag.py:588} INFO - Filling up the DagBag from /opt/airflow/dags/script/example/dag_with_minio_s3.py
[2024-12-02T14:45:32.191+0000] {processor.py:927} WARNING - No viable dags retrieved from /opt/airflow/dags/script/example/dag_with_minio_s3.py
[2024-12-02T14:45:32.197+0000] {processor.py:208} INFO - Processing /opt/airflow/dags/script/example/dag_with_minio_s3.py took 0.012 seconds
[2024-12-02T14:46:02.973+0000] {processor.py:186} INFO - Started process (PID=5505) to work on /opt/airflow/dags/script/example/dag_with_minio_s3.py
[2024-12-02T14:46:02.973+0000] {processor.py:914} INFO - Processing file /opt/airflow/dags/script/example/dag_with_minio_s3.py for tasks to queue
[2024-12-02T14:46:02.975+0000] {logging_mixin.py:190} INFO - [2024-12-02T14:46:02.975+0000] {dagbag.py:588} INFO - Filling up the DagBag from /opt/airflow/dags/script/example/dag_with_minio_s3.py
[2024-12-02T14:46:02.977+0000] {processor.py:927} WARNING - No viable dags retrieved from /opt/airflow/dags/script/example/dag_with_minio_s3.py
[2024-12-02T14:46:02.983+0000] {processor.py:208} INFO - Processing /opt/airflow/dags/script/example/dag_with_minio_s3.py took 0.013 seconds
[2024-12-02T14:46:33.735+0000] {processor.py:186} INFO - Started process (PID=5606) to work on /opt/airflow/dags/script/example/dag_with_minio_s3.py
[2024-12-02T14:46:33.736+0000] {processor.py:914} INFO - Processing file /opt/airflow/dags/script/example/dag_with_minio_s3.py for tasks to queue
[2024-12-02T14:46:33.737+0000] {logging_mixin.py:190} INFO - [2024-12-02T14:46:33.737+0000] {dagbag.py:588} INFO - Filling up the DagBag from /opt/airflow/dags/script/example/dag_with_minio_s3.py
[2024-12-02T14:46:33.741+0000] {processor.py:927} WARNING - No viable dags retrieved from /opt/airflow/dags/script/example/dag_with_minio_s3.py
[2024-12-02T14:46:33.746+0000] {processor.py:208} INFO - Processing /opt/airflow/dags/script/example/dag_with_minio_s3.py took 0.014 seconds
[2024-12-02T14:47:04.585+0000] {processor.py:186} INFO - Started process (PID=5707) to work on /opt/airflow/dags/script/example/dag_with_minio_s3.py
[2024-12-02T14:47:04.586+0000] {processor.py:914} INFO - Processing file /opt/airflow/dags/script/example/dag_with_minio_s3.py for tasks to queue
[2024-12-02T14:47:04.587+0000] {logging_mixin.py:190} INFO - [2024-12-02T14:47:04.587+0000] {dagbag.py:588} INFO - Filling up the DagBag from /opt/airflow/dags/script/example/dag_with_minio_s3.py
[2024-12-02T14:47:04.588+0000] {processor.py:927} WARNING - No viable dags retrieved from /opt/airflow/dags/script/example/dag_with_minio_s3.py
[2024-12-02T14:47:04.596+0000] {processor.py:208} INFO - Processing /opt/airflow/dags/script/example/dag_with_minio_s3.py took 0.014 seconds
[2024-12-02T14:47:35.416+0000] {processor.py:186} INFO - Started process (PID=5808) to work on /opt/airflow/dags/script/example/dag_with_minio_s3.py
[2024-12-02T14:47:35.417+0000] {processor.py:914} INFO - Processing file /opt/airflow/dags/script/example/dag_with_minio_s3.py for tasks to queue
[2024-12-02T14:47:35.418+0000] {logging_mixin.py:190} INFO - [2024-12-02T14:47:35.418+0000] {dagbag.py:588} INFO - Filling up the DagBag from /opt/airflow/dags/script/example/dag_with_minio_s3.py
[2024-12-02T14:47:35.419+0000] {processor.py:927} WARNING - No viable dags retrieved from /opt/airflow/dags/script/example/dag_with_minio_s3.py
[2024-12-02T14:47:35.424+0000] {processor.py:208} INFO - Processing /opt/airflow/dags/script/example/dag_with_minio_s3.py took 0.012 seconds
[2024-12-02T14:48:06.175+0000] {processor.py:186} INFO - Started process (PID=5911) to work on /opt/airflow/dags/script/example/dag_with_minio_s3.py
[2024-12-02T14:48:06.175+0000] {processor.py:914} INFO - Processing file /opt/airflow/dags/script/example/dag_with_minio_s3.py for tasks to queue
[2024-12-02T14:48:06.176+0000] {logging_mixin.py:190} INFO - [2024-12-02T14:48:06.176+0000] {dagbag.py:588} INFO - Filling up the DagBag from /opt/airflow/dags/script/example/dag_with_minio_s3.py
[2024-12-02T14:48:06.177+0000] {processor.py:927} WARNING - No viable dags retrieved from /opt/airflow/dags/script/example/dag_with_minio_s3.py
[2024-12-02T14:48:06.182+0000] {processor.py:208} INFO - Processing /opt/airflow/dags/script/example/dag_with_minio_s3.py took 0.010 seconds
[2024-12-02T14:48:36.895+0000] {processor.py:186} INFO - Started process (PID=6010) to work on /opt/airflow/dags/script/example/dag_with_minio_s3.py
[2024-12-02T14:48:36.896+0000] {processor.py:914} INFO - Processing file /opt/airflow/dags/script/example/dag_with_minio_s3.py for tasks to queue
[2024-12-02T14:48:36.897+0000] {logging_mixin.py:190} INFO - [2024-12-02T14:48:36.897+0000] {dagbag.py:588} INFO - Filling up the DagBag from /opt/airflow/dags/script/example/dag_with_minio_s3.py
[2024-12-02T14:48:36.898+0000] {processor.py:927} WARNING - No viable dags retrieved from /opt/airflow/dags/script/example/dag_with_minio_s3.py
[2024-12-02T14:48:36.903+0000] {processor.py:208} INFO - Processing /opt/airflow/dags/script/example/dag_with_minio_s3.py took 0.010 seconds
[2024-12-02T14:49:07.712+0000] {processor.py:186} INFO - Started process (PID=6111) to work on /opt/airflow/dags/script/example/dag_with_minio_s3.py
[2024-12-02T14:49:07.712+0000] {processor.py:914} INFO - Processing file /opt/airflow/dags/script/example/dag_with_minio_s3.py for tasks to queue
[2024-12-02T14:49:07.713+0000] {logging_mixin.py:190} INFO - [2024-12-02T14:49:07.713+0000] {dagbag.py:588} INFO - Filling up the DagBag from /opt/airflow/dags/script/example/dag_with_minio_s3.py
[2024-12-02T14:49:07.716+0000] {processor.py:927} WARNING - No viable dags retrieved from /opt/airflow/dags/script/example/dag_with_minio_s3.py
[2024-12-02T14:49:07.722+0000] {processor.py:208} INFO - Processing /opt/airflow/dags/script/example/dag_with_minio_s3.py took 0.013 seconds
[2024-12-02T14:49:38.602+0000] {processor.py:186} INFO - Started process (PID=6212) to work on /opt/airflow/dags/script/example/dag_with_minio_s3.py
[2024-12-02T14:49:38.602+0000] {processor.py:914} INFO - Processing file /opt/airflow/dags/script/example/dag_with_minio_s3.py for tasks to queue
[2024-12-02T14:49:38.604+0000] {logging_mixin.py:190} INFO - [2024-12-02T14:49:38.604+0000] {dagbag.py:588} INFO - Filling up the DagBag from /opt/airflow/dags/script/example/dag_with_minio_s3.py
[2024-12-02T14:49:38.607+0000] {processor.py:927} WARNING - No viable dags retrieved from /opt/airflow/dags/script/example/dag_with_minio_s3.py
[2024-12-02T14:49:38.613+0000] {processor.py:208} INFO - Processing /opt/airflow/dags/script/example/dag_with_minio_s3.py took 0.014 seconds
[2024-12-02T14:50:09.345+0000] {processor.py:186} INFO - Started process (PID=6313) to work on /opt/airflow/dags/script/example/dag_with_minio_s3.py
[2024-12-02T14:50:09.346+0000] {processor.py:914} INFO - Processing file /opt/airflow/dags/script/example/dag_with_minio_s3.py for tasks to queue
[2024-12-02T14:50:09.347+0000] {logging_mixin.py:190} INFO - [2024-12-02T14:50:09.347+0000] {dagbag.py:588} INFO - Filling up the DagBag from /opt/airflow/dags/script/example/dag_with_minio_s3.py
[2024-12-02T14:50:09.349+0000] {processor.py:927} WARNING - No viable dags retrieved from /opt/airflow/dags/script/example/dag_with_minio_s3.py
[2024-12-02T14:50:09.354+0000] {processor.py:208} INFO - Processing /opt/airflow/dags/script/example/dag_with_minio_s3.py took 0.011 seconds
[2024-12-02T14:50:40.104+0000] {processor.py:186} INFO - Started process (PID=6414) to work on /opt/airflow/dags/script/example/dag_with_minio_s3.py
[2024-12-02T14:50:40.106+0000] {processor.py:914} INFO - Processing file /opt/airflow/dags/script/example/dag_with_minio_s3.py for tasks to queue
[2024-12-02T14:50:40.107+0000] {logging_mixin.py:190} INFO - [2024-12-02T14:50:40.107+0000] {dagbag.py:588} INFO - Filling up the DagBag from /opt/airflow/dags/script/example/dag_with_minio_s3.py
[2024-12-02T14:50:40.108+0000] {processor.py:927} WARNING - No viable dags retrieved from /opt/airflow/dags/script/example/dag_with_minio_s3.py
[2024-12-02T14:50:40.114+0000] {processor.py:208} INFO - Processing /opt/airflow/dags/script/example/dag_with_minio_s3.py took 0.012 seconds
[2024-12-02T14:51:10.816+0000] {processor.py:186} INFO - Started process (PID=6515) to work on /opt/airflow/dags/script/example/dag_with_minio_s3.py
[2024-12-02T14:51:10.816+0000] {processor.py:914} INFO - Processing file /opt/airflow/dags/script/example/dag_with_minio_s3.py for tasks to queue
[2024-12-02T14:51:10.817+0000] {logging_mixin.py:190} INFO - [2024-12-02T14:51:10.817+0000] {dagbag.py:588} INFO - Filling up the DagBag from /opt/airflow/dags/script/example/dag_with_minio_s3.py
[2024-12-02T14:51:10.819+0000] {processor.py:927} WARNING - No viable dags retrieved from /opt/airflow/dags/script/example/dag_with_minio_s3.py
[2024-12-02T14:51:10.825+0000] {processor.py:208} INFO - Processing /opt/airflow/dags/script/example/dag_with_minio_s3.py took 0.012 seconds
[2024-12-02T14:51:41.581+0000] {processor.py:186} INFO - Started process (PID=6618) to work on /opt/airflow/dags/script/example/dag_with_minio_s3.py
[2024-12-02T14:51:41.581+0000] {processor.py:914} INFO - Processing file /opt/airflow/dags/script/example/dag_with_minio_s3.py for tasks to queue
[2024-12-02T14:51:41.582+0000] {logging_mixin.py:190} INFO - [2024-12-02T14:51:41.582+0000] {dagbag.py:588} INFO - Filling up the DagBag from /opt/airflow/dags/script/example/dag_with_minio_s3.py
[2024-12-02T14:51:41.584+0000] {processor.py:927} WARNING - No viable dags retrieved from /opt/airflow/dags/script/example/dag_with_minio_s3.py
[2024-12-02T14:51:41.591+0000] {processor.py:208} INFO - Processing /opt/airflow/dags/script/example/dag_with_minio_s3.py took 0.013 seconds
[2024-12-02T14:52:12.324+0000] {processor.py:186} INFO - Started process (PID=6717) to work on /opt/airflow/dags/script/example/dag_with_minio_s3.py
[2024-12-02T14:52:12.325+0000] {processor.py:914} INFO - Processing file /opt/airflow/dags/script/example/dag_with_minio_s3.py for tasks to queue
[2024-12-02T14:52:12.326+0000] {logging_mixin.py:190} INFO - [2024-12-02T14:52:12.326+0000] {dagbag.py:588} INFO - Filling up the DagBag from /opt/airflow/dags/script/example/dag_with_minio_s3.py
[2024-12-02T14:52:12.328+0000] {processor.py:927} WARNING - No viable dags retrieved from /opt/airflow/dags/script/example/dag_with_minio_s3.py
[2024-12-02T14:52:12.336+0000] {processor.py:208} INFO - Processing /opt/airflow/dags/script/example/dag_with_minio_s3.py took 0.015 seconds
[2024-12-02T14:52:43.152+0000] {processor.py:186} INFO - Started process (PID=6820) to work on /opt/airflow/dags/script/example/dag_with_minio_s3.py
[2024-12-02T14:52:43.154+0000] {processor.py:914} INFO - Processing file /opt/airflow/dags/script/example/dag_with_minio_s3.py for tasks to queue
[2024-12-02T14:52:43.155+0000] {logging_mixin.py:190} INFO - [2024-12-02T14:52:43.154+0000] {dagbag.py:588} INFO - Filling up the DagBag from /opt/airflow/dags/script/example/dag_with_minio_s3.py
[2024-12-02T14:52:43.156+0000] {processor.py:927} WARNING - No viable dags retrieved from /opt/airflow/dags/script/example/dag_with_minio_s3.py
[2024-12-02T14:52:43.162+0000] {processor.py:208} INFO - Processing /opt/airflow/dags/script/example/dag_with_minio_s3.py took 0.012 seconds
[2024-12-02T14:53:13.947+0000] {processor.py:186} INFO - Started process (PID=6919) to work on /opt/airflow/dags/script/example/dag_with_minio_s3.py
[2024-12-02T14:53:13.948+0000] {processor.py:914} INFO - Processing file /opt/airflow/dags/script/example/dag_with_minio_s3.py for tasks to queue
[2024-12-02T14:53:13.949+0000] {logging_mixin.py:190} INFO - [2024-12-02T14:53:13.949+0000] {dagbag.py:588} INFO - Filling up the DagBag from /opt/airflow/dags/script/example/dag_with_minio_s3.py
[2024-12-02T14:53:13.950+0000] {processor.py:927} WARNING - No viable dags retrieved from /opt/airflow/dags/script/example/dag_with_minio_s3.py
[2024-12-02T14:53:13.957+0000] {processor.py:208} INFO - Processing /opt/airflow/dags/script/example/dag_with_minio_s3.py took 0.012 seconds
[2024-12-02T14:53:44.710+0000] {processor.py:186} INFO - Started process (PID=7022) to work on /opt/airflow/dags/script/example/dag_with_minio_s3.py
[2024-12-02T14:53:44.710+0000] {processor.py:914} INFO - Processing file /opt/airflow/dags/script/example/dag_with_minio_s3.py for tasks to queue
[2024-12-02T14:53:44.711+0000] {logging_mixin.py:190} INFO - [2024-12-02T14:53:44.711+0000] {dagbag.py:588} INFO - Filling up the DagBag from /opt/airflow/dags/script/example/dag_with_minio_s3.py
[2024-12-02T14:53:44.713+0000] {processor.py:927} WARNING - No viable dags retrieved from /opt/airflow/dags/script/example/dag_with_minio_s3.py
[2024-12-02T14:53:44.720+0000] {processor.py:208} INFO - Processing /opt/airflow/dags/script/example/dag_with_minio_s3.py took 0.013 seconds
[2024-12-02T14:54:15.458+0000] {processor.py:186} INFO - Started process (PID=7121) to work on /opt/airflow/dags/script/example/dag_with_minio_s3.py
[2024-12-02T14:54:15.458+0000] {processor.py:914} INFO - Processing file /opt/airflow/dags/script/example/dag_with_minio_s3.py for tasks to queue
[2024-12-02T14:54:15.459+0000] {logging_mixin.py:190} INFO - [2024-12-02T14:54:15.459+0000] {dagbag.py:588} INFO - Filling up the DagBag from /opt/airflow/dags/script/example/dag_with_minio_s3.py
[2024-12-02T14:54:15.460+0000] {processor.py:927} WARNING - No viable dags retrieved from /opt/airflow/dags/script/example/dag_with_minio_s3.py
[2024-12-02T14:54:15.466+0000] {processor.py:208} INFO - Processing /opt/airflow/dags/script/example/dag_with_minio_s3.py took 0.010 seconds
[2024-12-02T14:54:46.224+0000] {processor.py:186} INFO - Started process (PID=7224) to work on /opt/airflow/dags/script/example/dag_with_minio_s3.py
[2024-12-02T14:54:46.224+0000] {processor.py:914} INFO - Processing file /opt/airflow/dags/script/example/dag_with_minio_s3.py for tasks to queue
[2024-12-02T14:54:46.225+0000] {logging_mixin.py:190} INFO - [2024-12-02T14:54:46.225+0000] {dagbag.py:588} INFO - Filling up the DagBag from /opt/airflow/dags/script/example/dag_with_minio_s3.py
[2024-12-02T14:54:46.226+0000] {processor.py:927} WARNING - No viable dags retrieved from /opt/airflow/dags/script/example/dag_with_minio_s3.py
[2024-12-02T14:54:46.231+0000] {processor.py:208} INFO - Processing /opt/airflow/dags/script/example/dag_with_minio_s3.py took 0.009 seconds
[2024-12-02T14:55:16.916+0000] {processor.py:186} INFO - Started process (PID=7323) to work on /opt/airflow/dags/script/example/dag_with_minio_s3.py
[2024-12-02T14:55:16.917+0000] {processor.py:914} INFO - Processing file /opt/airflow/dags/script/example/dag_with_minio_s3.py for tasks to queue
[2024-12-02T14:55:16.918+0000] {logging_mixin.py:190} INFO - [2024-12-02T14:55:16.917+0000] {dagbag.py:588} INFO - Filling up the DagBag from /opt/airflow/dags/script/example/dag_with_minio_s3.py
[2024-12-02T14:55:16.919+0000] {processor.py:927} WARNING - No viable dags retrieved from /opt/airflow/dags/script/example/dag_with_minio_s3.py
[2024-12-02T14:55:16.924+0000] {processor.py:208} INFO - Processing /opt/airflow/dags/script/example/dag_with_minio_s3.py took 0.011 seconds
[2024-12-02T14:55:47.729+0000] {processor.py:186} INFO - Started process (PID=7433) to work on /opt/airflow/dags/script/example/dag_with_minio_s3.py
[2024-12-02T14:55:47.729+0000] {processor.py:914} INFO - Processing file /opt/airflow/dags/script/example/dag_with_minio_s3.py for tasks to queue
[2024-12-02T14:55:47.730+0000] {logging_mixin.py:190} INFO - [2024-12-02T14:55:47.730+0000] {dagbag.py:588} INFO - Filling up the DagBag from /opt/airflow/dags/script/example/dag_with_minio_s3.py
[2024-12-02T14:55:47.733+0000] {processor.py:927} WARNING - No viable dags retrieved from /opt/airflow/dags/script/example/dag_with_minio_s3.py
[2024-12-02T14:55:47.741+0000] {processor.py:208} INFO - Processing /opt/airflow/dags/script/example/dag_with_minio_s3.py took 0.015 seconds
[2024-12-02T14:56:18.530+0000] {processor.py:186} INFO - Started process (PID=7534) to work on /opt/airflow/dags/script/example/dag_with_minio_s3.py
[2024-12-02T14:56:18.530+0000] {processor.py:914} INFO - Processing file /opt/airflow/dags/script/example/dag_with_minio_s3.py for tasks to queue
[2024-12-02T14:56:18.532+0000] {logging_mixin.py:190} INFO - [2024-12-02T14:56:18.531+0000] {dagbag.py:588} INFO - Filling up the DagBag from /opt/airflow/dags/script/example/dag_with_minio_s3.py
[2024-12-02T14:56:18.533+0000] {processor.py:927} WARNING - No viable dags retrieved from /opt/airflow/dags/script/example/dag_with_minio_s3.py
[2024-12-02T14:56:18.540+0000] {processor.py:208} INFO - Processing /opt/airflow/dags/script/example/dag_with_minio_s3.py took 0.013 seconds
[2024-12-02T14:56:49.210+0000] {processor.py:186} INFO - Started process (PID=7633) to work on /opt/airflow/dags/script/example/dag_with_minio_s3.py
[2024-12-02T14:56:49.210+0000] {processor.py:914} INFO - Processing file /opt/airflow/dags/script/example/dag_with_minio_s3.py for tasks to queue
[2024-12-02T14:56:49.211+0000] {logging_mixin.py:190} INFO - [2024-12-02T14:56:49.211+0000] {dagbag.py:588} INFO - Filling up the DagBag from /opt/airflow/dags/script/example/dag_with_minio_s3.py
[2024-12-02T14:56:49.213+0000] {processor.py:927} WARNING - No viable dags retrieved from /opt/airflow/dags/script/example/dag_with_minio_s3.py
[2024-12-02T14:56:49.219+0000] {processor.py:208} INFO - Processing /opt/airflow/dags/script/example/dag_with_minio_s3.py took 0.012 seconds
[2024-12-02T14:57:20.064+0000] {processor.py:186} INFO - Started process (PID=7736) to work on /opt/airflow/dags/script/example/dag_with_minio_s3.py
[2024-12-02T14:57:20.065+0000] {processor.py:914} INFO - Processing file /opt/airflow/dags/script/example/dag_with_minio_s3.py for tasks to queue
[2024-12-02T14:57:20.066+0000] {logging_mixin.py:190} INFO - [2024-12-02T14:57:20.066+0000] {dagbag.py:588} INFO - Filling up the DagBag from /opt/airflow/dags/script/example/dag_with_minio_s3.py
[2024-12-02T14:57:20.068+0000] {processor.py:927} WARNING - No viable dags retrieved from /opt/airflow/dags/script/example/dag_with_minio_s3.py
[2024-12-02T14:57:20.075+0000] {processor.py:208} INFO - Processing /opt/airflow/dags/script/example/dag_with_minio_s3.py took 0.013 seconds
[2024-12-02T14:57:50.743+0000] {processor.py:186} INFO - Started process (PID=7835) to work on /opt/airflow/dags/script/example/dag_with_minio_s3.py
[2024-12-02T14:57:50.743+0000] {processor.py:914} INFO - Processing file /opt/airflow/dags/script/example/dag_with_minio_s3.py for tasks to queue
[2024-12-02T14:57:50.744+0000] {logging_mixin.py:190} INFO - [2024-12-02T14:57:50.744+0000] {dagbag.py:588} INFO - Filling up the DagBag from /opt/airflow/dags/script/example/dag_with_minio_s3.py
[2024-12-02T14:57:50.747+0000] {processor.py:927} WARNING - No viable dags retrieved from /opt/airflow/dags/script/example/dag_with_minio_s3.py
[2024-12-02T14:57:50.751+0000] {processor.py:208} INFO - Processing /opt/airflow/dags/script/example/dag_with_minio_s3.py took 0.012 seconds
[2024-12-02T14:58:21.471+0000] {processor.py:186} INFO - Started process (PID=7938) to work on /opt/airflow/dags/script/example/dag_with_minio_s3.py
[2024-12-02T14:58:21.472+0000] {processor.py:914} INFO - Processing file /opt/airflow/dags/script/example/dag_with_minio_s3.py for tasks to queue
[2024-12-02T14:58:21.472+0000] {logging_mixin.py:190} INFO - [2024-12-02T14:58:21.472+0000] {dagbag.py:588} INFO - Filling up the DagBag from /opt/airflow/dags/script/example/dag_with_minio_s3.py
[2024-12-02T14:58:21.473+0000] {processor.py:927} WARNING - No viable dags retrieved from /opt/airflow/dags/script/example/dag_with_minio_s3.py
[2024-12-02T14:58:21.479+0000] {processor.py:208} INFO - Processing /opt/airflow/dags/script/example/dag_with_minio_s3.py took 0.009 seconds
[2024-12-02T14:58:52.207+0000] {processor.py:186} INFO - Started process (PID=8039) to work on /opt/airflow/dags/script/example/dag_with_minio_s3.py
[2024-12-02T14:58:52.207+0000] {processor.py:914} INFO - Processing file /opt/airflow/dags/script/example/dag_with_minio_s3.py for tasks to queue
[2024-12-02T14:58:52.208+0000] {logging_mixin.py:190} INFO - [2024-12-02T14:58:52.208+0000] {dagbag.py:588} INFO - Filling up the DagBag from /opt/airflow/dags/script/example/dag_with_minio_s3.py
[2024-12-02T14:58:52.209+0000] {processor.py:927} WARNING - No viable dags retrieved from /opt/airflow/dags/script/example/dag_with_minio_s3.py
[2024-12-02T14:58:52.214+0000] {processor.py:208} INFO - Processing /opt/airflow/dags/script/example/dag_with_minio_s3.py took 0.009 seconds
[2024-12-02T14:59:22.996+0000] {processor.py:186} INFO - Started process (PID=8138) to work on /opt/airflow/dags/script/example/dag_with_minio_s3.py
[2024-12-02T14:59:22.997+0000] {processor.py:914} INFO - Processing file /opt/airflow/dags/script/example/dag_with_minio_s3.py for tasks to queue
[2024-12-02T14:59:22.998+0000] {logging_mixin.py:190} INFO - [2024-12-02T14:59:22.998+0000] {dagbag.py:588} INFO - Filling up the DagBag from /opt/airflow/dags/script/example/dag_with_minio_s3.py
[2024-12-02T14:59:23.001+0000] {processor.py:927} WARNING - No viable dags retrieved from /opt/airflow/dags/script/example/dag_with_minio_s3.py
[2024-12-02T14:59:23.006+0000] {processor.py:208} INFO - Processing /opt/airflow/dags/script/example/dag_with_minio_s3.py took 0.013 seconds
[2024-12-02T14:59:53.861+0000] {processor.py:186} INFO - Started process (PID=8239) to work on /opt/airflow/dags/script/example/dag_with_minio_s3.py
[2024-12-02T14:59:53.862+0000] {processor.py:914} INFO - Processing file /opt/airflow/dags/script/example/dag_with_minio_s3.py for tasks to queue
[2024-12-02T14:59:53.864+0000] {logging_mixin.py:190} INFO - [2024-12-02T14:59:53.864+0000] {dagbag.py:588} INFO - Filling up the DagBag from /opt/airflow/dags/script/example/dag_with_minio_s3.py
[2024-12-02T14:59:53.865+0000] {processor.py:927} WARNING - No viable dags retrieved from /opt/airflow/dags/script/example/dag_with_minio_s3.py
[2024-12-02T14:59:53.870+0000] {processor.py:208} INFO - Processing /opt/airflow/dags/script/example/dag_with_minio_s3.py took 0.012 seconds
[2024-12-02T15:00:24.558+0000] {processor.py:186} INFO - Started process (PID=8340) to work on /opt/airflow/dags/script/example/dag_with_minio_s3.py
[2024-12-02T15:00:24.560+0000] {processor.py:914} INFO - Processing file /opt/airflow/dags/script/example/dag_with_minio_s3.py for tasks to queue
[2024-12-02T15:00:24.560+0000] {logging_mixin.py:190} INFO - [2024-12-02T15:00:24.560+0000] {dagbag.py:588} INFO - Filling up the DagBag from /opt/airflow/dags/script/example/dag_with_minio_s3.py
[2024-12-02T15:00:24.561+0000] {processor.py:927} WARNING - No viable dags retrieved from /opt/airflow/dags/script/example/dag_with_minio_s3.py
[2024-12-02T15:00:24.566+0000] {processor.py:208} INFO - Processing /opt/airflow/dags/script/example/dag_with_minio_s3.py took 0.011 seconds
[2024-12-02T15:00:55.391+0000] {processor.py:186} INFO - Started process (PID=8441) to work on /opt/airflow/dags/script/example/dag_with_minio_s3.py
[2024-12-02T15:00:55.392+0000] {processor.py:914} INFO - Processing file /opt/airflow/dags/script/example/dag_with_minio_s3.py for tasks to queue
[2024-12-02T15:00:55.393+0000] {logging_mixin.py:190} INFO - [2024-12-02T15:00:55.393+0000] {dagbag.py:588} INFO - Filling up the DagBag from /opt/airflow/dags/script/example/dag_with_minio_s3.py
[2024-12-02T15:00:55.395+0000] {processor.py:927} WARNING - No viable dags retrieved from /opt/airflow/dags/script/example/dag_with_minio_s3.py
[2024-12-02T15:00:55.401+0000] {processor.py:208} INFO - Processing /opt/airflow/dags/script/example/dag_with_minio_s3.py took 0.013 seconds
[2024-12-02T15:01:26.150+0000] {processor.py:186} INFO - Started process (PID=8544) to work on /opt/airflow/dags/script/example/dag_with_minio_s3.py
[2024-12-02T15:01:26.150+0000] {processor.py:914} INFO - Processing file /opt/airflow/dags/script/example/dag_with_minio_s3.py for tasks to queue
[2024-12-02T15:01:26.151+0000] {logging_mixin.py:190} INFO - [2024-12-02T15:01:26.151+0000] {dagbag.py:588} INFO - Filling up the DagBag from /opt/airflow/dags/script/example/dag_with_minio_s3.py
[2024-12-02T15:01:26.153+0000] {processor.py:927} WARNING - No viable dags retrieved from /opt/airflow/dags/script/example/dag_with_minio_s3.py
[2024-12-02T15:01:26.161+0000] {processor.py:208} INFO - Processing /opt/airflow/dags/script/example/dag_with_minio_s3.py took 0.014 seconds
[2024-12-02T15:01:56.921+0000] {processor.py:186} INFO - Started process (PID=8645) to work on /opt/airflow/dags/script/example/dag_with_minio_s3.py
[2024-12-02T15:01:56.922+0000] {processor.py:914} INFO - Processing file /opt/airflow/dags/script/example/dag_with_minio_s3.py for tasks to queue
[2024-12-02T15:01:56.922+0000] {logging_mixin.py:190} INFO - [2024-12-02T15:01:56.922+0000] {dagbag.py:588} INFO - Filling up the DagBag from /opt/airflow/dags/script/example/dag_with_minio_s3.py
[2024-12-02T15:01:56.923+0000] {processor.py:927} WARNING - No viable dags retrieved from /opt/airflow/dags/script/example/dag_with_minio_s3.py
[2024-12-02T15:01:56.931+0000] {processor.py:208} INFO - Processing /opt/airflow/dags/script/example/dag_with_minio_s3.py took 0.012 seconds
[2024-12-02T15:02:27.757+0000] {processor.py:186} INFO - Started process (PID=8744) to work on /opt/airflow/dags/script/example/dag_with_minio_s3.py
[2024-12-02T15:02:27.758+0000] {processor.py:914} INFO - Processing file /opt/airflow/dags/script/example/dag_with_minio_s3.py for tasks to queue
[2024-12-02T15:02:27.759+0000] {logging_mixin.py:190} INFO - [2024-12-02T15:02:27.759+0000] {dagbag.py:588} INFO - Filling up the DagBag from /opt/airflow/dags/script/example/dag_with_minio_s3.py
[2024-12-02T15:02:27.760+0000] {processor.py:927} WARNING - No viable dags retrieved from /opt/airflow/dags/script/example/dag_with_minio_s3.py
[2024-12-02T15:02:27.765+0000] {processor.py:208} INFO - Processing /opt/airflow/dags/script/example/dag_with_minio_s3.py took 0.011 seconds
[2024-12-02T15:02:58.548+0000] {processor.py:186} INFO - Started process (PID=8845) to work on /opt/airflow/dags/script/example/dag_with_minio_s3.py
[2024-12-02T15:02:58.548+0000] {processor.py:914} INFO - Processing file /opt/airflow/dags/script/example/dag_with_minio_s3.py for tasks to queue
[2024-12-02T15:02:58.549+0000] {logging_mixin.py:190} INFO - [2024-12-02T15:02:58.549+0000] {dagbag.py:588} INFO - Filling up the DagBag from /opt/airflow/dags/script/example/dag_with_minio_s3.py
[2024-12-02T15:02:58.550+0000] {processor.py:927} WARNING - No viable dags retrieved from /opt/airflow/dags/script/example/dag_with_minio_s3.py
[2024-12-02T15:02:58.555+0000] {processor.py:208} INFO - Processing /opt/airflow/dags/script/example/dag_with_minio_s3.py took 0.010 seconds
[2024-12-02T15:03:29.285+0000] {processor.py:186} INFO - Started process (PID=8946) to work on /opt/airflow/dags/script/example/dag_with_minio_s3.py
[2024-12-02T15:03:29.285+0000] {processor.py:914} INFO - Processing file /opt/airflow/dags/script/example/dag_with_minio_s3.py for tasks to queue
[2024-12-02T15:03:29.286+0000] {logging_mixin.py:190} INFO - [2024-12-02T15:03:29.286+0000] {dagbag.py:588} INFO - Filling up the DagBag from /opt/airflow/dags/script/example/dag_with_minio_s3.py
[2024-12-02T15:03:29.287+0000] {processor.py:927} WARNING - No viable dags retrieved from /opt/airflow/dags/script/example/dag_with_minio_s3.py
[2024-12-02T15:03:29.292+0000] {processor.py:208} INFO - Processing /opt/airflow/dags/script/example/dag_with_minio_s3.py took 0.010 seconds
[2024-12-02T15:04:00.023+0000] {processor.py:186} INFO - Started process (PID=9049) to work on /opt/airflow/dags/script/example/dag_with_minio_s3.py
[2024-12-02T15:04:00.023+0000] {processor.py:914} INFO - Processing file /opt/airflow/dags/script/example/dag_with_minio_s3.py for tasks to queue
[2024-12-02T15:04:00.024+0000] {logging_mixin.py:190} INFO - [2024-12-02T15:04:00.024+0000] {dagbag.py:588} INFO - Filling up the DagBag from /opt/airflow/dags/script/example/dag_with_minio_s3.py
[2024-12-02T15:04:00.025+0000] {processor.py:927} WARNING - No viable dags retrieved from /opt/airflow/dags/script/example/dag_with_minio_s3.py
[2024-12-02T15:04:00.030+0000] {processor.py:208} INFO - Processing /opt/airflow/dags/script/example/dag_with_minio_s3.py took 0.009 seconds
[2024-12-02T15:04:30.773+0000] {processor.py:186} INFO - Started process (PID=9148) to work on /opt/airflow/dags/script/example/dag_with_minio_s3.py
[2024-12-02T15:04:30.773+0000] {processor.py:914} INFO - Processing file /opt/airflow/dags/script/example/dag_with_minio_s3.py for tasks to queue
[2024-12-02T15:04:30.776+0000] {logging_mixin.py:190} INFO - [2024-12-02T15:04:30.775+0000] {dagbag.py:588} INFO - Filling up the DagBag from /opt/airflow/dags/script/example/dag_with_minio_s3.py
[2024-12-02T15:04:30.778+0000] {processor.py:927} WARNING - No viable dags retrieved from /opt/airflow/dags/script/example/dag_with_minio_s3.py
[2024-12-02T15:04:30.782+0000] {processor.py:208} INFO - Processing /opt/airflow/dags/script/example/dag_with_minio_s3.py took 0.012 seconds
