[2024-12-02T14:19:22.608+0000] {processor.py:186} INFO - Started process (PID=254) to work on /opt/airflow/dags/script/example/dag_with_catchup_and_backfill.py
[2024-12-02T14:19:22.609+0000] {processor.py:914} INFO - Processing file /opt/airflow/dags/script/example/dag_with_catchup_and_backfill.py for tasks to queue
[2024-12-02T14:19:22.612+0000] {logging_mixin.py:190} INFO - [2024-12-02T14:19:22.611+0000] {dagbag.py:588} INFO - Filling up the DagBag from /opt/airflow/dags/script/example/dag_with_catchup_and_backfill.py
[2024-12-02T14:19:22.617+0000] {processor.py:927} WARNING - No viable dags retrieved from /opt/airflow/dags/script/example/dag_with_catchup_and_backfill.py
[2024-12-02T14:19:22.633+0000] {processor.py:208} INFO - Processing /opt/airflow/dags/script/example/dag_with_catchup_and_backfill.py took 0.029 seconds
[2024-12-02T14:19:53.235+0000] {processor.py:186} INFO - Started process (PID=368) to work on /opt/airflow/dags/script/example/dag_with_catchup_and_backfill.py
[2024-12-02T14:19:53.235+0000] {processor.py:914} INFO - Processing file /opt/airflow/dags/script/example/dag_with_catchup_and_backfill.py for tasks to queue
[2024-12-02T14:19:53.236+0000] {logging_mixin.py:190} INFO - [2024-12-02T14:19:53.236+0000] {dagbag.py:588} INFO - Filling up the DagBag from /opt/airflow/dags/script/example/dag_with_catchup_and_backfill.py
[2024-12-02T14:19:53.238+0000] {processor.py:927} WARNING - No viable dags retrieved from /opt/airflow/dags/script/example/dag_with_catchup_and_backfill.py
[2024-12-02T14:19:53.243+0000] {processor.py:208} INFO - Processing /opt/airflow/dags/script/example/dag_with_catchup_and_backfill.py took 0.011 seconds
[2024-12-02T14:20:23.953+0000] {processor.py:186} INFO - Started process (PID=469) to work on /opt/airflow/dags/script/example/dag_with_catchup_and_backfill.py
[2024-12-02T14:20:23.953+0000] {processor.py:914} INFO - Processing file /opt/airflow/dags/script/example/dag_with_catchup_and_backfill.py for tasks to queue
[2024-12-02T14:20:23.954+0000] {logging_mixin.py:190} INFO - [2024-12-02T14:20:23.954+0000] {dagbag.py:588} INFO - Filling up the DagBag from /opt/airflow/dags/script/example/dag_with_catchup_and_backfill.py
[2024-12-02T14:20:23.956+0000] {processor.py:927} WARNING - No viable dags retrieved from /opt/airflow/dags/script/example/dag_with_catchup_and_backfill.py
[2024-12-02T14:20:23.963+0000] {processor.py:208} INFO - Processing /opt/airflow/dags/script/example/dag_with_catchup_and_backfill.py took 0.012 seconds
[2024-12-02T14:20:54.681+0000] {processor.py:186} INFO - Started process (PID=570) to work on /opt/airflow/dags/script/example/dag_with_catchup_and_backfill.py
[2024-12-02T14:20:54.682+0000] {processor.py:914} INFO - Processing file /opt/airflow/dags/script/example/dag_with_catchup_and_backfill.py for tasks to queue
[2024-12-02T14:20:54.683+0000] {logging_mixin.py:190} INFO - [2024-12-02T14:20:54.683+0000] {dagbag.py:588} INFO - Filling up the DagBag from /opt/airflow/dags/script/example/dag_with_catchup_and_backfill.py
[2024-12-02T14:20:54.685+0000] {processor.py:927} WARNING - No viable dags retrieved from /opt/airflow/dags/script/example/dag_with_catchup_and_backfill.py
[2024-12-02T14:20:54.691+0000] {processor.py:208} INFO - Processing /opt/airflow/dags/script/example/dag_with_catchup_and_backfill.py took 0.012 seconds
[2024-12-02T14:21:25.372+0000] {processor.py:186} INFO - Started process (PID=671) to work on /opt/airflow/dags/script/example/dag_with_catchup_and_backfill.py
[2024-12-02T14:21:25.373+0000] {processor.py:914} INFO - Processing file /opt/airflow/dags/script/example/dag_with_catchup_and_backfill.py for tasks to queue
[2024-12-02T14:21:25.374+0000] {logging_mixin.py:190} INFO - [2024-12-02T14:21:25.374+0000] {dagbag.py:588} INFO - Filling up the DagBag from /opt/airflow/dags/script/example/dag_with_catchup_and_backfill.py
[2024-12-02T14:21:25.375+0000] {processor.py:927} WARNING - No viable dags retrieved from /opt/airflow/dags/script/example/dag_with_catchup_and_backfill.py
[2024-12-02T14:21:25.414+0000] {processor.py:208} INFO - Processing /opt/airflow/dags/script/example/dag_with_catchup_and_backfill.py took 0.044 seconds
[2024-12-02T14:21:56.146+0000] {processor.py:186} INFO - Started process (PID=774) to work on /opt/airflow/dags/script/example/dag_with_catchup_and_backfill.py
[2024-12-02T14:21:56.147+0000] {processor.py:914} INFO - Processing file /opt/airflow/dags/script/example/dag_with_catchup_and_backfill.py for tasks to queue
[2024-12-02T14:21:56.148+0000] {logging_mixin.py:190} INFO - [2024-12-02T14:21:56.147+0000] {dagbag.py:588} INFO - Filling up the DagBag from /opt/airflow/dags/script/example/dag_with_catchup_and_backfill.py
[2024-12-02T14:21:56.150+0000] {processor.py:927} WARNING - No viable dags retrieved from /opt/airflow/dags/script/example/dag_with_catchup_and_backfill.py
[2024-12-02T14:21:56.157+0000] {processor.py:208} INFO - Processing /opt/airflow/dags/script/example/dag_with_catchup_and_backfill.py took 0.013 seconds
[2024-12-02T14:22:26.727+0000] {processor.py:186} INFO - Started process (PID=873) to work on /opt/airflow/dags/script/example/dag_with_catchup_and_backfill.py
[2024-12-02T14:22:26.727+0000] {processor.py:914} INFO - Processing file /opt/airflow/dags/script/example/dag_with_catchup_and_backfill.py for tasks to queue
[2024-12-02T14:22:26.730+0000] {logging_mixin.py:190} INFO - [2024-12-02T14:22:26.730+0000] {dagbag.py:588} INFO - Filling up the DagBag from /opt/airflow/dags/script/example/dag_with_catchup_and_backfill.py
[2024-12-02T14:22:26.731+0000] {processor.py:927} WARNING - No viable dags retrieved from /opt/airflow/dags/script/example/dag_with_catchup_and_backfill.py
[2024-12-02T14:22:26.736+0000] {processor.py:208} INFO - Processing /opt/airflow/dags/script/example/dag_with_catchup_and_backfill.py took 0.011 seconds
[2024-12-02T14:22:57.428+0000] {processor.py:186} INFO - Started process (PID=974) to work on /opt/airflow/dags/script/example/dag_with_catchup_and_backfill.py
[2024-12-02T14:22:57.428+0000] {processor.py:914} INFO - Processing file /opt/airflow/dags/script/example/dag_with_catchup_and_backfill.py for tasks to queue
[2024-12-02T14:22:57.430+0000] {logging_mixin.py:190} INFO - [2024-12-02T14:22:57.429+0000] {dagbag.py:588} INFO - Filling up the DagBag from /opt/airflow/dags/script/example/dag_with_catchup_and_backfill.py
[2024-12-02T14:22:57.431+0000] {processor.py:927} WARNING - No viable dags retrieved from /opt/airflow/dags/script/example/dag_with_catchup_and_backfill.py
[2024-12-02T14:22:57.436+0000] {processor.py:208} INFO - Processing /opt/airflow/dags/script/example/dag_with_catchup_and_backfill.py took 0.011 seconds
[2024-12-02T14:23:28.138+0000] {processor.py:186} INFO - Started process (PID=1075) to work on /opt/airflow/dags/script/example/dag_with_catchup_and_backfill.py
[2024-12-02T14:23:28.139+0000] {processor.py:914} INFO - Processing file /opt/airflow/dags/script/example/dag_with_catchup_and_backfill.py for tasks to queue
[2024-12-02T14:23:28.140+0000] {logging_mixin.py:190} INFO - [2024-12-02T14:23:28.140+0000] {dagbag.py:588} INFO - Filling up the DagBag from /opt/airflow/dags/script/example/dag_with_catchup_and_backfill.py
[2024-12-02T14:23:28.141+0000] {processor.py:927} WARNING - No viable dags retrieved from /opt/airflow/dags/script/example/dag_with_catchup_and_backfill.py
[2024-12-02T14:23:28.146+0000] {processor.py:208} INFO - Processing /opt/airflow/dags/script/example/dag_with_catchup_and_backfill.py took 0.011 seconds
[2024-12-02T14:23:59.194+0000] {processor.py:186} INFO - Started process (PID=1176) to work on /opt/airflow/dags/script/example/dag_with_catchup_and_backfill.py
[2024-12-02T14:23:59.195+0000] {processor.py:914} INFO - Processing file /opt/airflow/dags/script/example/dag_with_catchup_and_backfill.py for tasks to queue
[2024-12-02T14:23:59.197+0000] {logging_mixin.py:190} INFO - [2024-12-02T14:23:59.197+0000] {dagbag.py:588} INFO - Filling up the DagBag from /opt/airflow/dags/script/example/dag_with_catchup_and_backfill.py
[2024-12-02T14:23:59.198+0000] {processor.py:927} WARNING - No viable dags retrieved from /opt/airflow/dags/script/example/dag_with_catchup_and_backfill.py
[2024-12-02T14:23:59.204+0000] {processor.py:208} INFO - Processing /opt/airflow/dags/script/example/dag_with_catchup_and_backfill.py took 0.013 seconds
[2024-12-02T14:24:30.671+0000] {processor.py:186} INFO - Started process (PID=1279) to work on /opt/airflow/dags/script/example/dag_with_catchup_and_backfill.py
[2024-12-02T14:24:30.671+0000] {processor.py:914} INFO - Processing file /opt/airflow/dags/script/example/dag_with_catchup_and_backfill.py for tasks to queue
[2024-12-02T14:24:30.746+0000] {logging_mixin.py:190} INFO - [2024-12-02T14:24:30.672+0000] {dagbag.py:588} INFO - Filling up the DagBag from /opt/airflow/dags/script/example/dag_with_catchup_and_backfill.py
[2024-12-02T14:24:30.747+0000] {processor.py:927} WARNING - No viable dags retrieved from /opt/airflow/dags/script/example/dag_with_catchup_and_backfill.py
[2024-12-02T14:24:30.751+0000] {processor.py:208} INFO - Processing /opt/airflow/dags/script/example/dag_with_catchup_and_backfill.py took 0.082 seconds
[2024-12-02T14:25:01.445+0000] {processor.py:186} INFO - Started process (PID=1380) to work on /opt/airflow/dags/script/example/dag_with_catchup_and_backfill.py
[2024-12-02T14:25:01.446+0000] {processor.py:914} INFO - Processing file /opt/airflow/dags/script/example/dag_with_catchup_and_backfill.py for tasks to queue
[2024-12-02T14:25:01.448+0000] {logging_mixin.py:190} INFO - [2024-12-02T14:25:01.448+0000] {dagbag.py:588} INFO - Filling up the DagBag from /opt/airflow/dags/script/example/dag_with_catchup_and_backfill.py
[2024-12-02T14:25:01.450+0000] {processor.py:927} WARNING - No viable dags retrieved from /opt/airflow/dags/script/example/dag_with_catchup_and_backfill.py
[2024-12-02T14:25:01.458+0000] {processor.py:208} INFO - Processing /opt/airflow/dags/script/example/dag_with_catchup_and_backfill.py took 0.016 seconds
[2024-12-02T14:25:32.192+0000] {processor.py:186} INFO - Started process (PID=1481) to work on /opt/airflow/dags/script/example/dag_with_catchup_and_backfill.py
[2024-12-02T14:25:32.192+0000] {processor.py:914} INFO - Processing file /opt/airflow/dags/script/example/dag_with_catchup_and_backfill.py for tasks to queue
[2024-12-02T14:25:32.194+0000] {logging_mixin.py:190} INFO - [2024-12-02T14:25:32.194+0000] {dagbag.py:588} INFO - Filling up the DagBag from /opt/airflow/dags/script/example/dag_with_catchup_and_backfill.py
[2024-12-02T14:25:32.196+0000] {processor.py:927} WARNING - No viable dags retrieved from /opt/airflow/dags/script/example/dag_with_catchup_and_backfill.py
[2024-12-02T14:25:32.205+0000] {processor.py:208} INFO - Processing /opt/airflow/dags/script/example/dag_with_catchup_and_backfill.py took 0.016 seconds
[2024-12-02T14:26:02.923+0000] {processor.py:186} INFO - Started process (PID=1582) to work on /opt/airflow/dags/script/example/dag_with_catchup_and_backfill.py
[2024-12-02T14:26:02.924+0000] {processor.py:914} INFO - Processing file /opt/airflow/dags/script/example/dag_with_catchup_and_backfill.py for tasks to queue
[2024-12-02T14:26:02.925+0000] {logging_mixin.py:190} INFO - [2024-12-02T14:26:02.925+0000] {dagbag.py:588} INFO - Filling up the DagBag from /opt/airflow/dags/script/example/dag_with_catchup_and_backfill.py
[2024-12-02T14:26:02.927+0000] {processor.py:927} WARNING - No viable dags retrieved from /opt/airflow/dags/script/example/dag_with_catchup_and_backfill.py
[2024-12-02T14:26:02.934+0000] {processor.py:208} INFO - Processing /opt/airflow/dags/script/example/dag_with_catchup_and_backfill.py took 0.014 seconds
[2024-12-02T14:26:33.633+0000] {processor.py:186} INFO - Started process (PID=1683) to work on /opt/airflow/dags/script/example/dag_with_catchup_and_backfill.py
[2024-12-02T14:26:33.633+0000] {processor.py:914} INFO - Processing file /opt/airflow/dags/script/example/dag_with_catchup_and_backfill.py for tasks to queue
[2024-12-02T14:26:33.635+0000] {logging_mixin.py:190} INFO - [2024-12-02T14:26:33.635+0000] {dagbag.py:588} INFO - Filling up the DagBag from /opt/airflow/dags/script/example/dag_with_catchup_and_backfill.py
[2024-12-02T14:26:33.637+0000] {processor.py:927} WARNING - No viable dags retrieved from /opt/airflow/dags/script/example/dag_with_catchup_and_backfill.py
[2024-12-02T14:26:33.645+0000] {processor.py:208} INFO - Processing /opt/airflow/dags/script/example/dag_with_catchup_and_backfill.py took 0.014 seconds
[2024-12-02T14:27:04.577+0000] {processor.py:186} INFO - Started process (PID=1784) to work on /opt/airflow/dags/script/example/dag_with_catchup_and_backfill.py
[2024-12-02T14:27:04.578+0000] {processor.py:914} INFO - Processing file /opt/airflow/dags/script/example/dag_with_catchup_and_backfill.py for tasks to queue
[2024-12-02T14:27:04.579+0000] {logging_mixin.py:190} INFO - [2024-12-02T14:27:04.579+0000] {dagbag.py:588} INFO - Filling up the DagBag from /opt/airflow/dags/script/example/dag_with_catchup_and_backfill.py
[2024-12-02T14:27:04.582+0000] {processor.py:927} WARNING - No viable dags retrieved from /opt/airflow/dags/script/example/dag_with_catchup_and_backfill.py
[2024-12-02T14:27:04.590+0000] {processor.py:208} INFO - Processing /opt/airflow/dags/script/example/dag_with_catchup_and_backfill.py took 0.016 seconds
[2024-12-02T14:27:35.246+0000] {processor.py:186} INFO - Started process (PID=1885) to work on /opt/airflow/dags/script/example/dag_with_catchup_and_backfill.py
[2024-12-02T14:27:35.247+0000] {processor.py:914} INFO - Processing file /opt/airflow/dags/script/example/dag_with_catchup_and_backfill.py for tasks to queue
[2024-12-02T14:27:35.249+0000] {logging_mixin.py:190} INFO - [2024-12-02T14:27:35.249+0000] {dagbag.py:588} INFO - Filling up the DagBag from /opt/airflow/dags/script/example/dag_with_catchup_and_backfill.py
[2024-12-02T14:27:35.251+0000] {processor.py:927} WARNING - No viable dags retrieved from /opt/airflow/dags/script/example/dag_with_catchup_and_backfill.py
[2024-12-02T14:27:35.259+0000] {processor.py:208} INFO - Processing /opt/airflow/dags/script/example/dag_with_catchup_and_backfill.py took 0.015 seconds
[2024-12-02T14:28:05.946+0000] {processor.py:186} INFO - Started process (PID=1986) to work on /opt/airflow/dags/script/example/dag_with_catchup_and_backfill.py
[2024-12-02T14:28:05.946+0000] {processor.py:914} INFO - Processing file /opt/airflow/dags/script/example/dag_with_catchup_and_backfill.py for tasks to queue
[2024-12-02T14:28:05.948+0000] {logging_mixin.py:190} INFO - [2024-12-02T14:28:05.948+0000] {dagbag.py:588} INFO - Filling up the DagBag from /opt/airflow/dags/script/example/dag_with_catchup_and_backfill.py
[2024-12-02T14:28:05.951+0000] {processor.py:927} WARNING - No viable dags retrieved from /opt/airflow/dags/script/example/dag_with_catchup_and_backfill.py
[2024-12-02T14:28:05.958+0000] {processor.py:208} INFO - Processing /opt/airflow/dags/script/example/dag_with_catchup_and_backfill.py took 0.015 seconds
[2024-12-02T14:28:36.687+0000] {processor.py:186} INFO - Started process (PID=2087) to work on /opt/airflow/dags/script/example/dag_with_catchup_and_backfill.py
[2024-12-02T14:28:36.688+0000] {processor.py:914} INFO - Processing file /opt/airflow/dags/script/example/dag_with_catchup_and_backfill.py for tasks to queue
[2024-12-02T14:28:36.689+0000] {logging_mixin.py:190} INFO - [2024-12-02T14:28:36.689+0000] {dagbag.py:588} INFO - Filling up the DagBag from /opt/airflow/dags/script/example/dag_with_catchup_and_backfill.py
[2024-12-02T14:28:36.692+0000] {processor.py:927} WARNING - No viable dags retrieved from /opt/airflow/dags/script/example/dag_with_catchup_and_backfill.py
[2024-12-02T14:28:36.699+0000] {processor.py:208} INFO - Processing /opt/airflow/dags/script/example/dag_with_catchup_and_backfill.py took 0.014 seconds
[2024-12-02T14:29:07.479+0000] {processor.py:186} INFO - Started process (PID=2186) to work on /opt/airflow/dags/script/example/dag_with_catchup_and_backfill.py
[2024-12-02T14:29:07.480+0000] {processor.py:914} INFO - Processing file /opt/airflow/dags/script/example/dag_with_catchup_and_backfill.py for tasks to queue
[2024-12-02T14:29:07.481+0000] {logging_mixin.py:190} INFO - [2024-12-02T14:29:07.481+0000] {dagbag.py:588} INFO - Filling up the DagBag from /opt/airflow/dags/script/example/dag_with_catchup_and_backfill.py
[2024-12-02T14:29:07.484+0000] {processor.py:927} WARNING - No viable dags retrieved from /opt/airflow/dags/script/example/dag_with_catchup_and_backfill.py
[2024-12-02T14:29:07.492+0000] {processor.py:208} INFO - Processing /opt/airflow/dags/script/example/dag_with_catchup_and_backfill.py took 0.016 seconds
[2024-12-02T14:29:38.227+0000] {processor.py:186} INFO - Started process (PID=2289) to work on /opt/airflow/dags/script/example/dag_with_catchup_and_backfill.py
[2024-12-02T14:29:38.227+0000] {processor.py:914} INFO - Processing file /opt/airflow/dags/script/example/dag_with_catchup_and_backfill.py for tasks to queue
[2024-12-02T14:29:38.228+0000] {logging_mixin.py:190} INFO - [2024-12-02T14:29:38.228+0000] {dagbag.py:588} INFO - Filling up the DagBag from /opt/airflow/dags/script/example/dag_with_catchup_and_backfill.py
[2024-12-02T14:29:38.231+0000] {processor.py:927} WARNING - No viable dags retrieved from /opt/airflow/dags/script/example/dag_with_catchup_and_backfill.py
[2024-12-02T14:29:38.237+0000] {processor.py:208} INFO - Processing /opt/airflow/dags/script/example/dag_with_catchup_and_backfill.py took 0.013 seconds
[2024-12-02T14:30:09.029+0000] {processor.py:186} INFO - Started process (PID=2390) to work on /opt/airflow/dags/script/example/dag_with_catchup_and_backfill.py
[2024-12-02T14:30:09.030+0000] {processor.py:914} INFO - Processing file /opt/airflow/dags/script/example/dag_with_catchup_and_backfill.py for tasks to queue
[2024-12-02T14:30:09.032+0000] {logging_mixin.py:190} INFO - [2024-12-02T14:30:09.032+0000] {dagbag.py:588} INFO - Filling up the DagBag from /opt/airflow/dags/script/example/dag_with_catchup_and_backfill.py
[2024-12-02T14:30:09.034+0000] {processor.py:927} WARNING - No viable dags retrieved from /opt/airflow/dags/script/example/dag_with_catchup_and_backfill.py
[2024-12-02T14:30:09.043+0000] {processor.py:208} INFO - Processing /opt/airflow/dags/script/example/dag_with_catchup_and_backfill.py took 0.017 seconds
[2024-12-02T14:30:39.799+0000] {processor.py:186} INFO - Started process (PID=2491) to work on /opt/airflow/dags/script/example/dag_with_catchup_and_backfill.py
[2024-12-02T14:30:39.800+0000] {processor.py:914} INFO - Processing file /opt/airflow/dags/script/example/dag_with_catchup_and_backfill.py for tasks to queue
[2024-12-02T14:30:39.802+0000] {logging_mixin.py:190} INFO - [2024-12-02T14:30:39.802+0000] {dagbag.py:588} INFO - Filling up the DagBag from /opt/airflow/dags/script/example/dag_with_catchup_and_backfill.py
[2024-12-02T14:30:39.804+0000] {processor.py:927} WARNING - No viable dags retrieved from /opt/airflow/dags/script/example/dag_with_catchup_and_backfill.py
[2024-12-02T14:30:39.812+0000] {processor.py:208} INFO - Processing /opt/airflow/dags/script/example/dag_with_catchup_and_backfill.py took 0.015 seconds
[2024-12-02T14:31:10.528+0000] {processor.py:186} INFO - Started process (PID=2592) to work on /opt/airflow/dags/script/example/dag_with_catchup_and_backfill.py
[2024-12-02T14:31:10.528+0000] {processor.py:914} INFO - Processing file /opt/airflow/dags/script/example/dag_with_catchup_and_backfill.py for tasks to queue
[2024-12-02T14:31:10.530+0000] {logging_mixin.py:190} INFO - [2024-12-02T14:31:10.529+0000] {dagbag.py:588} INFO - Filling up the DagBag from /opt/airflow/dags/script/example/dag_with_catchup_and_backfill.py
[2024-12-02T14:31:10.531+0000] {processor.py:927} WARNING - No viable dags retrieved from /opt/airflow/dags/script/example/dag_with_catchup_and_backfill.py
[2024-12-02T14:31:10.539+0000] {processor.py:208} INFO - Processing /opt/airflow/dags/script/example/dag_with_catchup_and_backfill.py took 0.014 seconds
[2024-12-02T14:31:41.235+0000] {processor.py:186} INFO - Started process (PID=2691) to work on /opt/airflow/dags/script/example/dag_with_catchup_and_backfill.py
[2024-12-02T14:31:41.236+0000] {processor.py:914} INFO - Processing file /opt/airflow/dags/script/example/dag_with_catchup_and_backfill.py for tasks to queue
[2024-12-02T14:31:41.237+0000] {logging_mixin.py:190} INFO - [2024-12-02T14:31:41.237+0000] {dagbag.py:588} INFO - Filling up the DagBag from /opt/airflow/dags/script/example/dag_with_catchup_and_backfill.py
[2024-12-02T14:31:41.240+0000] {processor.py:927} WARNING - No viable dags retrieved from /opt/airflow/dags/script/example/dag_with_catchup_and_backfill.py
[2024-12-02T14:31:41.247+0000] {processor.py:208} INFO - Processing /opt/airflow/dags/script/example/dag_with_catchup_and_backfill.py took 0.015 seconds
[2024-12-02T14:32:11.994+0000] {processor.py:186} INFO - Started process (PID=2794) to work on /opt/airflow/dags/script/example/dag_with_catchup_and_backfill.py
[2024-12-02T14:32:11.994+0000] {processor.py:914} INFO - Processing file /opt/airflow/dags/script/example/dag_with_catchup_and_backfill.py for tasks to queue
[2024-12-02T14:32:11.997+0000] {logging_mixin.py:190} INFO - [2024-12-02T14:32:11.996+0000] {dagbag.py:588} INFO - Filling up the DagBag from /opt/airflow/dags/script/example/dag_with_catchup_and_backfill.py
[2024-12-02T14:32:11.999+0000] {processor.py:927} WARNING - No viable dags retrieved from /opt/airflow/dags/script/example/dag_with_catchup_and_backfill.py
[2024-12-02T14:32:12.005+0000] {processor.py:208} INFO - Processing /opt/airflow/dags/script/example/dag_with_catchup_and_backfill.py took 0.014 seconds
[2024-12-02T14:32:42.684+0000] {processor.py:186} INFO - Started process (PID=2895) to work on /opt/airflow/dags/script/example/dag_with_catchup_and_backfill.py
[2024-12-02T14:32:42.685+0000] {processor.py:914} INFO - Processing file /opt/airflow/dags/script/example/dag_with_catchup_and_backfill.py for tasks to queue
[2024-12-02T14:32:42.687+0000] {logging_mixin.py:190} INFO - [2024-12-02T14:32:42.687+0000] {dagbag.py:588} INFO - Filling up the DagBag from /opt/airflow/dags/script/example/dag_with_catchup_and_backfill.py
[2024-12-02T14:32:42.689+0000] {processor.py:927} WARNING - No viable dags retrieved from /opt/airflow/dags/script/example/dag_with_catchup_and_backfill.py
[2024-12-02T14:32:42.697+0000] {processor.py:208} INFO - Processing /opt/airflow/dags/script/example/dag_with_catchup_and_backfill.py took 0.016 seconds
[2024-12-02T14:33:13.417+0000] {processor.py:186} INFO - Started process (PID=2996) to work on /opt/airflow/dags/script/example/dag_with_catchup_and_backfill.py
[2024-12-02T14:33:13.418+0000] {processor.py:914} INFO - Processing file /opt/airflow/dags/script/example/dag_with_catchup_and_backfill.py for tasks to queue
[2024-12-02T14:33:13.420+0000] {logging_mixin.py:190} INFO - [2024-12-02T14:33:13.420+0000] {dagbag.py:588} INFO - Filling up the DagBag from /opt/airflow/dags/script/example/dag_with_catchup_and_backfill.py
[2024-12-02T14:33:13.423+0000] {processor.py:927} WARNING - No viable dags retrieved from /opt/airflow/dags/script/example/dag_with_catchup_and_backfill.py
[2024-12-02T14:33:13.431+0000] {processor.py:208} INFO - Processing /opt/airflow/dags/script/example/dag_with_catchup_and_backfill.py took 0.017 seconds
[2024-12-02T14:33:43.801+0000] {processor.py:186} INFO - Started process (PID=3097) to work on /opt/airflow/dags/script/example/dag_with_catchup_and_backfill.py
[2024-12-02T14:33:43.802+0000] {processor.py:914} INFO - Processing file /opt/airflow/dags/script/example/dag_with_catchup_and_backfill.py for tasks to queue
[2024-12-02T14:33:43.803+0000] {logging_mixin.py:190} INFO - [2024-12-02T14:33:43.803+0000] {dagbag.py:588} INFO - Filling up the DagBag from /opt/airflow/dags/script/example/dag_with_catchup_and_backfill.py
[2024-12-02T14:33:43.804+0000] {processor.py:927} WARNING - No viable dags retrieved from /opt/airflow/dags/script/example/dag_with_catchup_and_backfill.py
[2024-12-02T14:33:43.810+0000] {processor.py:208} INFO - Processing /opt/airflow/dags/script/example/dag_with_catchup_and_backfill.py took 0.011 seconds
[2024-12-02T14:34:15.334+0000] {processor.py:186} INFO - Started process (PID=3201) to work on /opt/airflow/dags/script/example/dag_with_catchup_and_backfill.py
[2024-12-02T14:34:15.335+0000] {processor.py:914} INFO - Processing file /opt/airflow/dags/script/example/dag_with_catchup_and_backfill.py for tasks to queue
[2024-12-02T14:34:15.337+0000] {logging_mixin.py:190} INFO - [2024-12-02T14:34:15.337+0000] {dagbag.py:588} INFO - Filling up the DagBag from /opt/airflow/dags/script/example/dag_with_catchup_and_backfill.py
[2024-12-02T14:34:15.347+0000] {processor.py:927} WARNING - No viable dags retrieved from /opt/airflow/dags/script/example/dag_with_catchup_and_backfill.py
[2024-12-02T14:34:15.356+0000] {processor.py:208} INFO - Processing /opt/airflow/dags/script/example/dag_with_catchup_and_backfill.py took 0.025 seconds
[2024-12-02T14:34:46.068+0000] {processor.py:186} INFO - Started process (PID=3304) to work on /opt/airflow/dags/script/example/dag_with_catchup_and_backfill.py
[2024-12-02T14:34:46.071+0000] {processor.py:914} INFO - Processing file /opt/airflow/dags/script/example/dag_with_catchup_and_backfill.py for tasks to queue
[2024-12-02T14:34:46.072+0000] {logging_mixin.py:190} INFO - [2024-12-02T14:34:46.072+0000] {dagbag.py:588} INFO - Filling up the DagBag from /opt/airflow/dags/script/example/dag_with_catchup_and_backfill.py
[2024-12-02T14:34:46.073+0000] {processor.py:927} WARNING - No viable dags retrieved from /opt/airflow/dags/script/example/dag_with_catchup_and_backfill.py
[2024-12-02T14:34:46.080+0000] {processor.py:208} INFO - Processing /opt/airflow/dags/script/example/dag_with_catchup_and_backfill.py took 0.014 seconds
[2024-12-02T14:35:16.806+0000] {processor.py:186} INFO - Started process (PID=3403) to work on /opt/airflow/dags/script/example/dag_with_catchup_and_backfill.py
[2024-12-02T14:35:16.807+0000] {processor.py:914} INFO - Processing file /opt/airflow/dags/script/example/dag_with_catchup_and_backfill.py for tasks to queue
[2024-12-02T14:35:16.808+0000] {logging_mixin.py:190} INFO - [2024-12-02T14:35:16.808+0000] {dagbag.py:588} INFO - Filling up the DagBag from /opt/airflow/dags/script/example/dag_with_catchup_and_backfill.py
[2024-12-02T14:35:16.811+0000] {processor.py:927} WARNING - No viable dags retrieved from /opt/airflow/dags/script/example/dag_with_catchup_and_backfill.py
[2024-12-02T14:35:16.817+0000] {processor.py:208} INFO - Processing /opt/airflow/dags/script/example/dag_with_catchup_and_backfill.py took 0.013 seconds
[2024-12-02T14:35:47.544+0000] {processor.py:186} INFO - Started process (PID=3504) to work on /opt/airflow/dags/script/example/dag_with_catchup_and_backfill.py
[2024-12-02T14:35:47.546+0000] {processor.py:914} INFO - Processing file /opt/airflow/dags/script/example/dag_with_catchup_and_backfill.py for tasks to queue
[2024-12-02T14:35:47.547+0000] {logging_mixin.py:190} INFO - [2024-12-02T14:35:47.547+0000] {dagbag.py:588} INFO - Filling up the DagBag from /opt/airflow/dags/script/example/dag_with_catchup_and_backfill.py
[2024-12-02T14:35:47.548+0000] {processor.py:927} WARNING - No viable dags retrieved from /opt/airflow/dags/script/example/dag_with_catchup_and_backfill.py
[2024-12-02T14:35:47.554+0000] {processor.py:208} INFO - Processing /opt/airflow/dags/script/example/dag_with_catchup_and_backfill.py took 0.013 seconds
[2024-12-02T14:36:18.683+0000] {processor.py:186} INFO - Started process (PID=3605) to work on /opt/airflow/dags/script/example/dag_with_catchup_and_backfill.py
[2024-12-02T14:36:18.684+0000] {processor.py:914} INFO - Processing file /opt/airflow/dags/script/example/dag_with_catchup_and_backfill.py for tasks to queue
[2024-12-02T14:36:18.685+0000] {logging_mixin.py:190} INFO - [2024-12-02T14:36:18.685+0000] {dagbag.py:588} INFO - Filling up the DagBag from /opt/airflow/dags/script/example/dag_with_catchup_and_backfill.py
[2024-12-02T14:36:18.686+0000] {processor.py:927} WARNING - No viable dags retrieved from /opt/airflow/dags/script/example/dag_with_catchup_and_backfill.py
[2024-12-02T14:36:18.691+0000] {processor.py:208} INFO - Processing /opt/airflow/dags/script/example/dag_with_catchup_and_backfill.py took 0.011 seconds
[2024-12-02T14:36:49.390+0000] {processor.py:186} INFO - Started process (PID=3705) to work on /opt/airflow/dags/script/example/dag_with_catchup_and_backfill.py
[2024-12-02T14:36:49.392+0000] {processor.py:914} INFO - Processing file /opt/airflow/dags/script/example/dag_with_catchup_and_backfill.py for tasks to queue
[2024-12-02T14:36:49.393+0000] {logging_mixin.py:190} INFO - [2024-12-02T14:36:49.393+0000] {dagbag.py:588} INFO - Filling up the DagBag from /opt/airflow/dags/script/example/dag_with_catchup_and_backfill.py
[2024-12-02T14:36:49.394+0000] {processor.py:927} WARNING - No viable dags retrieved from /opt/airflow/dags/script/example/dag_with_catchup_and_backfill.py
[2024-12-02T14:36:49.400+0000] {processor.py:208} INFO - Processing /opt/airflow/dags/script/example/dag_with_catchup_and_backfill.py took 0.012 seconds
[2024-12-02T14:37:20.145+0000] {processor.py:186} INFO - Started process (PID=3807) to work on /opt/airflow/dags/script/example/dag_with_catchup_and_backfill.py
[2024-12-02T14:37:20.147+0000] {processor.py:914} INFO - Processing file /opt/airflow/dags/script/example/dag_with_catchup_and_backfill.py for tasks to queue
[2024-12-02T14:37:20.148+0000] {logging_mixin.py:190} INFO - [2024-12-02T14:37:20.148+0000] {dagbag.py:588} INFO - Filling up the DagBag from /opt/airflow/dags/script/example/dag_with_catchup_and_backfill.py
[2024-12-02T14:37:20.149+0000] {processor.py:927} WARNING - No viable dags retrieved from /opt/airflow/dags/script/example/dag_with_catchup_and_backfill.py
[2024-12-02T14:37:20.155+0000] {processor.py:208} INFO - Processing /opt/airflow/dags/script/example/dag_with_catchup_and_backfill.py took 0.013 seconds
[2024-12-02T14:37:50.844+0000] {processor.py:186} INFO - Started process (PID=3907) to work on /opt/airflow/dags/script/example/dag_with_catchup_and_backfill.py
[2024-12-02T14:37:50.845+0000] {processor.py:914} INFO - Processing file /opt/airflow/dags/script/example/dag_with_catchup_and_backfill.py for tasks to queue
[2024-12-02T14:37:50.847+0000] {logging_mixin.py:190} INFO - [2024-12-02T14:37:50.846+0000] {dagbag.py:588} INFO - Filling up the DagBag from /opt/airflow/dags/script/example/dag_with_catchup_and_backfill.py
[2024-12-02T14:37:50.848+0000] {processor.py:927} WARNING - No viable dags retrieved from /opt/airflow/dags/script/example/dag_with_catchup_and_backfill.py
[2024-12-02T14:37:50.852+0000] {processor.py:208} INFO - Processing /opt/airflow/dags/script/example/dag_with_catchup_and_backfill.py took 0.011 seconds
[2024-12-02T14:38:21.612+0000] {processor.py:186} INFO - Started process (PID=4009) to work on /opt/airflow/dags/script/example/dag_with_catchup_and_backfill.py
[2024-12-02T14:38:21.613+0000] {processor.py:914} INFO - Processing file /opt/airflow/dags/script/example/dag_with_catchup_and_backfill.py for tasks to queue
[2024-12-02T14:38:21.614+0000] {logging_mixin.py:190} INFO - [2024-12-02T14:38:21.614+0000] {dagbag.py:588} INFO - Filling up the DagBag from /opt/airflow/dags/script/example/dag_with_catchup_and_backfill.py
[2024-12-02T14:38:21.615+0000] {processor.py:927} WARNING - No viable dags retrieved from /opt/airflow/dags/script/example/dag_with_catchup_and_backfill.py
[2024-12-02T14:38:21.623+0000] {processor.py:208} INFO - Processing /opt/airflow/dags/script/example/dag_with_catchup_and_backfill.py took 0.014 seconds
[2024-12-02T14:38:52.365+0000] {processor.py:186} INFO - Started process (PID=4108) to work on /opt/airflow/dags/script/example/dag_with_catchup_and_backfill.py
[2024-12-02T14:38:52.365+0000] {processor.py:914} INFO - Processing file /opt/airflow/dags/script/example/dag_with_catchup_and_backfill.py for tasks to queue
[2024-12-02T14:38:52.366+0000] {logging_mixin.py:190} INFO - [2024-12-02T14:38:52.366+0000] {dagbag.py:588} INFO - Filling up the DagBag from /opt/airflow/dags/script/example/dag_with_catchup_and_backfill.py
[2024-12-02T14:38:52.367+0000] {processor.py:927} WARNING - No viable dags retrieved from /opt/airflow/dags/script/example/dag_with_catchup_and_backfill.py
[2024-12-02T14:38:52.372+0000] {processor.py:208} INFO - Processing /opt/airflow/dags/script/example/dag_with_catchup_and_backfill.py took 0.010 seconds
[2024-12-02T14:39:23.095+0000] {processor.py:186} INFO - Started process (PID=4211) to work on /opt/airflow/dags/script/example/dag_with_catchup_and_backfill.py
[2024-12-02T14:39:23.096+0000] {processor.py:914} INFO - Processing file /opt/airflow/dags/script/example/dag_with_catchup_and_backfill.py for tasks to queue
[2024-12-02T14:39:23.096+0000] {logging_mixin.py:190} INFO - [2024-12-02T14:39:23.096+0000] {dagbag.py:588} INFO - Filling up the DagBag from /opt/airflow/dags/script/example/dag_with_catchup_and_backfill.py
[2024-12-02T14:39:23.097+0000] {processor.py:927} WARNING - No viable dags retrieved from /opt/airflow/dags/script/example/dag_with_catchup_and_backfill.py
[2024-12-02T14:39:23.102+0000] {processor.py:208} INFO - Processing /opt/airflow/dags/script/example/dag_with_catchup_and_backfill.py took 0.009 seconds
[2024-12-02T14:39:53.921+0000] {processor.py:186} INFO - Started process (PID=4310) to work on /opt/airflow/dags/script/example/dag_with_catchup_and_backfill.py
[2024-12-02T14:39:53.922+0000] {processor.py:914} INFO - Processing file /opt/airflow/dags/script/example/dag_with_catchup_and_backfill.py for tasks to queue
[2024-12-02T14:39:53.924+0000] {logging_mixin.py:190} INFO - [2024-12-02T14:39:53.923+0000] {dagbag.py:588} INFO - Filling up the DagBag from /opt/airflow/dags/script/example/dag_with_catchup_and_backfill.py
[2024-12-02T14:39:53.925+0000] {processor.py:927} WARNING - No viable dags retrieved from /opt/airflow/dags/script/example/dag_with_catchup_and_backfill.py
[2024-12-02T14:39:53.931+0000] {processor.py:208} INFO - Processing /opt/airflow/dags/script/example/dag_with_catchup_and_backfill.py took 0.014 seconds
[2024-12-02T14:40:24.607+0000] {processor.py:186} INFO - Started process (PID=4410) to work on /opt/airflow/dags/script/example/dag_with_catchup_and_backfill.py
[2024-12-02T14:40:24.608+0000] {processor.py:914} INFO - Processing file /opt/airflow/dags/script/example/dag_with_catchup_and_backfill.py for tasks to queue
[2024-12-02T14:40:24.609+0000] {logging_mixin.py:190} INFO - [2024-12-02T14:40:24.609+0000] {dagbag.py:588} INFO - Filling up the DagBag from /opt/airflow/dags/script/example/dag_with_catchup_and_backfill.py
[2024-12-02T14:40:24.611+0000] {processor.py:927} WARNING - No viable dags retrieved from /opt/airflow/dags/script/example/dag_with_catchup_and_backfill.py
[2024-12-02T14:40:24.617+0000] {processor.py:208} INFO - Processing /opt/airflow/dags/script/example/dag_with_catchup_and_backfill.py took 0.013 seconds
[2024-12-02T14:40:55.370+0000] {processor.py:186} INFO - Started process (PID=4511) to work on /opt/airflow/dags/script/example/dag_with_catchup_and_backfill.py
[2024-12-02T14:40:55.371+0000] {processor.py:914} INFO - Processing file /opt/airflow/dags/script/example/dag_with_catchup_and_backfill.py for tasks to queue
[2024-12-02T14:40:55.372+0000] {logging_mixin.py:190} INFO - [2024-12-02T14:40:55.372+0000] {dagbag.py:588} INFO - Filling up the DagBag from /opt/airflow/dags/script/example/dag_with_catchup_and_backfill.py
[2024-12-02T14:40:55.373+0000] {processor.py:927} WARNING - No viable dags retrieved from /opt/airflow/dags/script/example/dag_with_catchup_and_backfill.py
[2024-12-02T14:40:55.379+0000] {processor.py:208} INFO - Processing /opt/airflow/dags/script/example/dag_with_catchup_and_backfill.py took 0.012 seconds
[2024-12-02T14:41:26.225+0000] {processor.py:186} INFO - Started process (PID=4612) to work on /opt/airflow/dags/script/example/dag_with_catchup_and_backfill.py
[2024-12-02T14:41:26.225+0000] {processor.py:914} INFO - Processing file /opt/airflow/dags/script/example/dag_with_catchup_and_backfill.py for tasks to queue
[2024-12-02T14:41:26.227+0000] {logging_mixin.py:190} INFO - [2024-12-02T14:41:26.227+0000] {dagbag.py:588} INFO - Filling up the DagBag from /opt/airflow/dags/script/example/dag_with_catchup_and_backfill.py
[2024-12-02T14:41:26.229+0000] {processor.py:927} WARNING - No viable dags retrieved from /opt/airflow/dags/script/example/dag_with_catchup_and_backfill.py
[2024-12-02T14:41:26.236+0000] {processor.py:208} INFO - Processing /opt/airflow/dags/script/example/dag_with_catchup_and_backfill.py took 0.013 seconds
[2024-12-02T14:41:57.036+0000] {processor.py:186} INFO - Started process (PID=4713) to work on /opt/airflow/dags/script/example/dag_with_catchup_and_backfill.py
[2024-12-02T14:41:57.038+0000] {processor.py:914} INFO - Processing file /opt/airflow/dags/script/example/dag_with_catchup_and_backfill.py for tasks to queue
[2024-12-02T14:41:57.039+0000] {logging_mixin.py:190} INFO - [2024-12-02T14:41:57.039+0000] {dagbag.py:588} INFO - Filling up the DagBag from /opt/airflow/dags/script/example/dag_with_catchup_and_backfill.py
[2024-12-02T14:41:57.040+0000] {processor.py:927} WARNING - No viable dags retrieved from /opt/airflow/dags/script/example/dag_with_catchup_and_backfill.py
[2024-12-02T14:41:57.046+0000] {processor.py:208} INFO - Processing /opt/airflow/dags/script/example/dag_with_catchup_and_backfill.py took 0.013 seconds
[2024-12-02T14:42:27.846+0000] {processor.py:186} INFO - Started process (PID=4814) to work on /opt/airflow/dags/script/example/dag_with_catchup_and_backfill.py
[2024-12-02T14:42:27.848+0000] {processor.py:914} INFO - Processing file /opt/airflow/dags/script/example/dag_with_catchup_and_backfill.py for tasks to queue
[2024-12-02T14:42:27.849+0000] {logging_mixin.py:190} INFO - [2024-12-02T14:42:27.849+0000] {dagbag.py:588} INFO - Filling up the DagBag from /opt/airflow/dags/script/example/dag_with_catchup_and_backfill.py
[2024-12-02T14:42:27.850+0000] {processor.py:927} WARNING - No viable dags retrieved from /opt/airflow/dags/script/example/dag_with_catchup_and_backfill.py
[2024-12-02T14:42:27.857+0000] {processor.py:208} INFO - Processing /opt/airflow/dags/script/example/dag_with_catchup_and_backfill.py took 0.014 seconds
[2024-12-02T14:42:58.671+0000] {processor.py:186} INFO - Started process (PID=4915) to work on /opt/airflow/dags/script/example/dag_with_catchup_and_backfill.py
[2024-12-02T14:42:58.672+0000] {processor.py:914} INFO - Processing file /opt/airflow/dags/script/example/dag_with_catchup_and_backfill.py for tasks to queue
[2024-12-02T14:42:58.674+0000] {logging_mixin.py:190} INFO - [2024-12-02T14:42:58.674+0000] {dagbag.py:588} INFO - Filling up the DagBag from /opt/airflow/dags/script/example/dag_with_catchup_and_backfill.py
[2024-12-02T14:42:58.677+0000] {processor.py:927} WARNING - No viable dags retrieved from /opt/airflow/dags/script/example/dag_with_catchup_and_backfill.py
[2024-12-02T14:42:58.683+0000] {processor.py:208} INFO - Processing /opt/airflow/dags/script/example/dag_with_catchup_and_backfill.py took 0.016 seconds
[2024-12-02T14:43:29.362+0000] {processor.py:186} INFO - Started process (PID=5016) to work on /opt/airflow/dags/script/example/dag_with_catchup_and_backfill.py
[2024-12-02T14:43:29.363+0000] {processor.py:914} INFO - Processing file /opt/airflow/dags/script/example/dag_with_catchup_and_backfill.py for tasks to queue
[2024-12-02T14:43:29.364+0000] {logging_mixin.py:190} INFO - [2024-12-02T14:43:29.364+0000] {dagbag.py:588} INFO - Filling up the DagBag from /opt/airflow/dags/script/example/dag_with_catchup_and_backfill.py
[2024-12-02T14:43:29.366+0000] {processor.py:927} WARNING - No viable dags retrieved from /opt/airflow/dags/script/example/dag_with_catchup_and_backfill.py
[2024-12-02T14:43:29.372+0000] {processor.py:208} INFO - Processing /opt/airflow/dags/script/example/dag_with_catchup_and_backfill.py took 0.012 seconds
[2024-12-02T14:44:00.065+0000] {processor.py:186} INFO - Started process (PID=5119) to work on /opt/airflow/dags/script/example/dag_with_catchup_and_backfill.py
[2024-12-02T14:44:00.066+0000] {processor.py:914} INFO - Processing file /opt/airflow/dags/script/example/dag_with_catchup_and_backfill.py for tasks to queue
[2024-12-02T14:44:00.066+0000] {logging_mixin.py:190} INFO - [2024-12-02T14:44:00.066+0000] {dagbag.py:588} INFO - Filling up the DagBag from /opt/airflow/dags/script/example/dag_with_catchup_and_backfill.py
[2024-12-02T14:44:00.069+0000] {processor.py:927} WARNING - No viable dags retrieved from /opt/airflow/dags/script/example/dag_with_catchup_and_backfill.py
[2024-12-02T14:44:00.076+0000] {processor.py:208} INFO - Processing /opt/airflow/dags/script/example/dag_with_catchup_and_backfill.py took 0.013 seconds
[2024-12-02T14:44:30.871+0000] {processor.py:186} INFO - Started process (PID=5218) to work on /opt/airflow/dags/script/example/dag_with_catchup_and_backfill.py
[2024-12-02T14:44:30.872+0000] {processor.py:914} INFO - Processing file /opt/airflow/dags/script/example/dag_with_catchup_and_backfill.py for tasks to queue
[2024-12-02T14:44:30.874+0000] {logging_mixin.py:190} INFO - [2024-12-02T14:44:30.874+0000] {dagbag.py:588} INFO - Filling up the DagBag from /opt/airflow/dags/script/example/dag_with_catchup_and_backfill.py
[2024-12-02T14:44:30.876+0000] {processor.py:927} WARNING - No viable dags retrieved from /opt/airflow/dags/script/example/dag_with_catchup_and_backfill.py
[2024-12-02T14:44:30.883+0000] {processor.py:208} INFO - Processing /opt/airflow/dags/script/example/dag_with_catchup_and_backfill.py took 0.014 seconds
[2024-12-02T14:45:01.538+0000] {processor.py:186} INFO - Started process (PID=5319) to work on /opt/airflow/dags/script/example/dag_with_catchup_and_backfill.py
[2024-12-02T14:45:01.539+0000] {processor.py:914} INFO - Processing file /opt/airflow/dags/script/example/dag_with_catchup_and_backfill.py for tasks to queue
[2024-12-02T14:45:01.540+0000] {logging_mixin.py:190} INFO - [2024-12-02T14:45:01.540+0000] {dagbag.py:588} INFO - Filling up the DagBag from /opt/airflow/dags/script/example/dag_with_catchup_and_backfill.py
[2024-12-02T14:45:01.542+0000] {processor.py:927} WARNING - No viable dags retrieved from /opt/airflow/dags/script/example/dag_with_catchup_and_backfill.py
[2024-12-02T14:45:01.548+0000] {processor.py:208} INFO - Processing /opt/airflow/dags/script/example/dag_with_catchup_and_backfill.py took 0.013 seconds
[2024-12-02T14:45:32.220+0000] {processor.py:186} INFO - Started process (PID=5420) to work on /opt/airflow/dags/script/example/dag_with_catchup_and_backfill.py
[2024-12-02T14:45:32.221+0000] {processor.py:914} INFO - Processing file /opt/airflow/dags/script/example/dag_with_catchup_and_backfill.py for tasks to queue
[2024-12-02T14:45:32.222+0000] {logging_mixin.py:190} INFO - [2024-12-02T14:45:32.222+0000] {dagbag.py:588} INFO - Filling up the DagBag from /opt/airflow/dags/script/example/dag_with_catchup_and_backfill.py
[2024-12-02T14:45:32.223+0000] {processor.py:927} WARNING - No viable dags retrieved from /opt/airflow/dags/script/example/dag_with_catchup_and_backfill.py
[2024-12-02T14:45:32.228+0000] {processor.py:208} INFO - Processing /opt/airflow/dags/script/example/dag_with_catchup_and_backfill.py took 0.010 seconds
[2024-12-02T14:46:03.010+0000] {processor.py:186} INFO - Started process (PID=5520) to work on /opt/airflow/dags/script/example/dag_with_catchup_and_backfill.py
[2024-12-02T14:46:03.010+0000] {processor.py:914} INFO - Processing file /opt/airflow/dags/script/example/dag_with_catchup_and_backfill.py for tasks to queue
[2024-12-02T14:46:03.011+0000] {logging_mixin.py:190} INFO - [2024-12-02T14:46:03.011+0000] {dagbag.py:588} INFO - Filling up the DagBag from /opt/airflow/dags/script/example/dag_with_catchup_and_backfill.py
[2024-12-02T14:46:03.013+0000] {processor.py:927} WARNING - No viable dags retrieved from /opt/airflow/dags/script/example/dag_with_catchup_and_backfill.py
[2024-12-02T14:46:03.025+0000] {processor.py:208} INFO - Processing /opt/airflow/dags/script/example/dag_with_catchup_and_backfill.py took 0.017 seconds
[2024-12-02T14:46:33.771+0000] {processor.py:186} INFO - Started process (PID=5621) to work on /opt/airflow/dags/script/example/dag_with_catchup_and_backfill.py
[2024-12-02T14:46:33.771+0000] {processor.py:914} INFO - Processing file /opt/airflow/dags/script/example/dag_with_catchup_and_backfill.py for tasks to queue
[2024-12-02T14:46:33.773+0000] {logging_mixin.py:190} INFO - [2024-12-02T14:46:33.772+0000] {dagbag.py:588} INFO - Filling up the DagBag from /opt/airflow/dags/script/example/dag_with_catchup_and_backfill.py
[2024-12-02T14:46:33.775+0000] {processor.py:927} WARNING - No viable dags retrieved from /opt/airflow/dags/script/example/dag_with_catchup_and_backfill.py
[2024-12-02T14:46:33.784+0000] {processor.py:208} INFO - Processing /opt/airflow/dags/script/example/dag_with_catchup_and_backfill.py took 0.015 seconds
[2024-12-02T14:47:04.629+0000] {processor.py:186} INFO - Started process (PID=5722) to work on /opt/airflow/dags/script/example/dag_with_catchup_and_backfill.py
[2024-12-02T14:47:04.630+0000] {processor.py:914} INFO - Processing file /opt/airflow/dags/script/example/dag_with_catchup_and_backfill.py for tasks to queue
[2024-12-02T14:47:04.631+0000] {logging_mixin.py:190} INFO - [2024-12-02T14:47:04.631+0000] {dagbag.py:588} INFO - Filling up the DagBag from /opt/airflow/dags/script/example/dag_with_catchup_and_backfill.py
[2024-12-02T14:47:04.634+0000] {processor.py:927} WARNING - No viable dags retrieved from /opt/airflow/dags/script/example/dag_with_catchup_and_backfill.py
[2024-12-02T14:47:04.641+0000] {processor.py:208} INFO - Processing /opt/airflow/dags/script/example/dag_with_catchup_and_backfill.py took 0.016 seconds
[2024-12-02T14:47:35.451+0000] {processor.py:186} INFO - Started process (PID=5823) to work on /opt/airflow/dags/script/example/dag_with_catchup_and_backfill.py
[2024-12-02T14:47:35.453+0000] {processor.py:914} INFO - Processing file /opt/airflow/dags/script/example/dag_with_catchup_and_backfill.py for tasks to queue
[2024-12-02T14:47:35.455+0000] {logging_mixin.py:190} INFO - [2024-12-02T14:47:35.454+0000] {dagbag.py:588} INFO - Filling up the DagBag from /opt/airflow/dags/script/example/dag_with_catchup_and_backfill.py
[2024-12-02T14:47:35.456+0000] {processor.py:927} WARNING - No viable dags retrieved from /opt/airflow/dags/script/example/dag_with_catchup_and_backfill.py
[2024-12-02T14:47:35.462+0000] {processor.py:208} INFO - Processing /opt/airflow/dags/script/example/dag_with_catchup_and_backfill.py took 0.013 seconds
[2024-12-02T14:48:06.214+0000] {processor.py:186} INFO - Started process (PID=5926) to work on /opt/airflow/dags/script/example/dag_with_catchup_and_backfill.py
[2024-12-02T14:48:06.215+0000] {processor.py:914} INFO - Processing file /opt/airflow/dags/script/example/dag_with_catchup_and_backfill.py for tasks to queue
[2024-12-02T14:48:06.215+0000] {logging_mixin.py:190} INFO - [2024-12-02T14:48:06.215+0000] {dagbag.py:588} INFO - Filling up the DagBag from /opt/airflow/dags/script/example/dag_with_catchup_and_backfill.py
[2024-12-02T14:48:06.216+0000] {processor.py:927} WARNING - No viable dags retrieved from /opt/airflow/dags/script/example/dag_with_catchup_and_backfill.py
[2024-12-02T14:48:06.222+0000] {processor.py:208} INFO - Processing /opt/airflow/dags/script/example/dag_with_catchup_and_backfill.py took 0.009 seconds
[2024-12-02T14:48:36.928+0000] {processor.py:186} INFO - Started process (PID=6025) to work on /opt/airflow/dags/script/example/dag_with_catchup_and_backfill.py
[2024-12-02T14:48:36.929+0000] {processor.py:914} INFO - Processing file /opt/airflow/dags/script/example/dag_with_catchup_and_backfill.py for tasks to queue
[2024-12-02T14:48:36.930+0000] {logging_mixin.py:190} INFO - [2024-12-02T14:48:36.930+0000] {dagbag.py:588} INFO - Filling up the DagBag from /opt/airflow/dags/script/example/dag_with_catchup_and_backfill.py
[2024-12-02T14:48:36.931+0000] {processor.py:927} WARNING - No viable dags retrieved from /opt/airflow/dags/script/example/dag_with_catchup_and_backfill.py
[2024-12-02T14:48:36.938+0000] {processor.py:208} INFO - Processing /opt/airflow/dags/script/example/dag_with_catchup_and_backfill.py took 0.012 seconds
[2024-12-02T14:49:07.746+0000] {processor.py:186} INFO - Started process (PID=6126) to work on /opt/airflow/dags/script/example/dag_with_catchup_and_backfill.py
[2024-12-02T14:49:07.747+0000] {processor.py:914} INFO - Processing file /opt/airflow/dags/script/example/dag_with_catchup_and_backfill.py for tasks to queue
[2024-12-02T14:49:07.748+0000] {logging_mixin.py:190} INFO - [2024-12-02T14:49:07.748+0000] {dagbag.py:588} INFO - Filling up the DagBag from /opt/airflow/dags/script/example/dag_with_catchup_and_backfill.py
[2024-12-02T14:49:07.749+0000] {processor.py:927} WARNING - No viable dags retrieved from /opt/airflow/dags/script/example/dag_with_catchup_and_backfill.py
[2024-12-02T14:49:07.754+0000] {processor.py:208} INFO - Processing /opt/airflow/dags/script/example/dag_with_catchup_and_backfill.py took 0.011 seconds
[2024-12-02T14:49:38.643+0000] {processor.py:186} INFO - Started process (PID=6227) to work on /opt/airflow/dags/script/example/dag_with_catchup_and_backfill.py
[2024-12-02T14:49:38.644+0000] {processor.py:914} INFO - Processing file /opt/airflow/dags/script/example/dag_with_catchup_and_backfill.py for tasks to queue
[2024-12-02T14:49:38.645+0000] {logging_mixin.py:190} INFO - [2024-12-02T14:49:38.645+0000] {dagbag.py:588} INFO - Filling up the DagBag from /opt/airflow/dags/script/example/dag_with_catchup_and_backfill.py
[2024-12-02T14:49:38.646+0000] {processor.py:927} WARNING - No viable dags retrieved from /opt/airflow/dags/script/example/dag_with_catchup_and_backfill.py
[2024-12-02T14:49:38.652+0000] {processor.py:208} INFO - Processing /opt/airflow/dags/script/example/dag_with_catchup_and_backfill.py took 0.011 seconds
[2024-12-02T14:50:09.381+0000] {processor.py:186} INFO - Started process (PID=6328) to work on /opt/airflow/dags/script/example/dag_with_catchup_and_backfill.py
[2024-12-02T14:50:09.383+0000] {processor.py:914} INFO - Processing file /opt/airflow/dags/script/example/dag_with_catchup_and_backfill.py for tasks to queue
[2024-12-02T14:50:09.384+0000] {logging_mixin.py:190} INFO - [2024-12-02T14:50:09.384+0000] {dagbag.py:588} INFO - Filling up the DagBag from /opt/airflow/dags/script/example/dag_with_catchup_and_backfill.py
[2024-12-02T14:50:09.385+0000] {processor.py:927} WARNING - No viable dags retrieved from /opt/airflow/dags/script/example/dag_with_catchup_and_backfill.py
[2024-12-02T14:50:09.391+0000] {processor.py:208} INFO - Processing /opt/airflow/dags/script/example/dag_with_catchup_and_backfill.py took 0.012 seconds
[2024-12-02T14:50:40.135+0000] {processor.py:186} INFO - Started process (PID=6429) to work on /opt/airflow/dags/script/example/dag_with_catchup_and_backfill.py
[2024-12-02T14:50:40.136+0000] {processor.py:914} INFO - Processing file /opt/airflow/dags/script/example/dag_with_catchup_and_backfill.py for tasks to queue
[2024-12-02T14:50:40.138+0000] {logging_mixin.py:190} INFO - [2024-12-02T14:50:40.137+0000] {dagbag.py:588} INFO - Filling up the DagBag from /opt/airflow/dags/script/example/dag_with_catchup_and_backfill.py
[2024-12-02T14:50:40.142+0000] {processor.py:927} WARNING - No viable dags retrieved from /opt/airflow/dags/script/example/dag_with_catchup_and_backfill.py
[2024-12-02T14:50:40.149+0000] {processor.py:208} INFO - Processing /opt/airflow/dags/script/example/dag_with_catchup_and_backfill.py took 0.017 seconds
[2024-12-02T14:51:10.853+0000] {processor.py:186} INFO - Started process (PID=6530) to work on /opt/airflow/dags/script/example/dag_with_catchup_and_backfill.py
[2024-12-02T14:51:10.854+0000] {processor.py:914} INFO - Processing file /opt/airflow/dags/script/example/dag_with_catchup_and_backfill.py for tasks to queue
[2024-12-02T14:51:10.855+0000] {logging_mixin.py:190} INFO - [2024-12-02T14:51:10.855+0000] {dagbag.py:588} INFO - Filling up the DagBag from /opt/airflow/dags/script/example/dag_with_catchup_and_backfill.py
[2024-12-02T14:51:10.857+0000] {processor.py:927} WARNING - No viable dags retrieved from /opt/airflow/dags/script/example/dag_with_catchup_and_backfill.py
[2024-12-02T14:51:10.864+0000] {processor.py:208} INFO - Processing /opt/airflow/dags/script/example/dag_with_catchup_and_backfill.py took 0.013 seconds
[2024-12-02T14:51:41.618+0000] {processor.py:186} INFO - Started process (PID=6633) to work on /opt/airflow/dags/script/example/dag_with_catchup_and_backfill.py
[2024-12-02T14:51:41.618+0000] {processor.py:914} INFO - Processing file /opt/airflow/dags/script/example/dag_with_catchup_and_backfill.py for tasks to queue
[2024-12-02T14:51:41.619+0000] {logging_mixin.py:190} INFO - [2024-12-02T14:51:41.619+0000] {dagbag.py:588} INFO - Filling up the DagBag from /opt/airflow/dags/script/example/dag_with_catchup_and_backfill.py
[2024-12-02T14:51:41.621+0000] {processor.py:927} WARNING - No viable dags retrieved from /opt/airflow/dags/script/example/dag_with_catchup_and_backfill.py
[2024-12-02T14:51:41.628+0000] {processor.py:208} INFO - Processing /opt/airflow/dags/script/example/dag_with_catchup_and_backfill.py took 0.013 seconds
[2024-12-02T14:52:12.364+0000] {processor.py:186} INFO - Started process (PID=6732) to work on /opt/airflow/dags/script/example/dag_with_catchup_and_backfill.py
[2024-12-02T14:52:12.365+0000] {processor.py:914} INFO - Processing file /opt/airflow/dags/script/example/dag_with_catchup_and_backfill.py for tasks to queue
[2024-12-02T14:52:12.367+0000] {logging_mixin.py:190} INFO - [2024-12-02T14:52:12.367+0000] {dagbag.py:588} INFO - Filling up the DagBag from /opt/airflow/dags/script/example/dag_with_catchup_and_backfill.py
[2024-12-02T14:52:12.369+0000] {processor.py:927} WARNING - No viable dags retrieved from /opt/airflow/dags/script/example/dag_with_catchup_and_backfill.py
[2024-12-02T14:52:12.376+0000] {processor.py:208} INFO - Processing /opt/airflow/dags/script/example/dag_with_catchup_and_backfill.py took 0.015 seconds
[2024-12-02T14:52:43.184+0000] {processor.py:186} INFO - Started process (PID=6833) to work on /opt/airflow/dags/script/example/dag_with_catchup_and_backfill.py
[2024-12-02T14:52:43.185+0000] {processor.py:914} INFO - Processing file /opt/airflow/dags/script/example/dag_with_catchup_and_backfill.py for tasks to queue
[2024-12-02T14:52:43.186+0000] {logging_mixin.py:190} INFO - [2024-12-02T14:52:43.186+0000] {dagbag.py:588} INFO - Filling up the DagBag from /opt/airflow/dags/script/example/dag_with_catchup_and_backfill.py
[2024-12-02T14:52:43.189+0000] {processor.py:927} WARNING - No viable dags retrieved from /opt/airflow/dags/script/example/dag_with_catchup_and_backfill.py
[2024-12-02T14:52:43.194+0000] {processor.py:208} INFO - Processing /opt/airflow/dags/script/example/dag_with_catchup_and_backfill.py took 0.012 seconds
[2024-12-02T14:53:13.980+0000] {processor.py:186} INFO - Started process (PID=6934) to work on /opt/airflow/dags/script/example/dag_with_catchup_and_backfill.py
[2024-12-02T14:53:13.980+0000] {processor.py:914} INFO - Processing file /opt/airflow/dags/script/example/dag_with_catchup_and_backfill.py for tasks to queue
[2024-12-02T14:53:13.981+0000] {logging_mixin.py:190} INFO - [2024-12-02T14:53:13.981+0000] {dagbag.py:588} INFO - Filling up the DagBag from /opt/airflow/dags/script/example/dag_with_catchup_and_backfill.py
[2024-12-02T14:53:13.984+0000] {processor.py:927} WARNING - No viable dags retrieved from /opt/airflow/dags/script/example/dag_with_catchup_and_backfill.py
[2024-12-02T14:53:13.989+0000] {processor.py:208} INFO - Processing /opt/airflow/dags/script/example/dag_with_catchup_and_backfill.py took 0.012 seconds
[2024-12-02T14:53:44.748+0000] {processor.py:186} INFO - Started process (PID=7037) to work on /opt/airflow/dags/script/example/dag_with_catchup_and_backfill.py
[2024-12-02T14:53:44.748+0000] {processor.py:914} INFO - Processing file /opt/airflow/dags/script/example/dag_with_catchup_and_backfill.py for tasks to queue
[2024-12-02T14:53:44.750+0000] {logging_mixin.py:190} INFO - [2024-12-02T14:53:44.750+0000] {dagbag.py:588} INFO - Filling up the DagBag from /opt/airflow/dags/script/example/dag_with_catchup_and_backfill.py
[2024-12-02T14:53:44.751+0000] {processor.py:927} WARNING - No viable dags retrieved from /opt/airflow/dags/script/example/dag_with_catchup_and_backfill.py
[2024-12-02T14:53:44.759+0000] {processor.py:208} INFO - Processing /opt/airflow/dags/script/example/dag_with_catchup_and_backfill.py took 0.014 seconds
[2024-12-02T14:54:15.487+0000] {processor.py:186} INFO - Started process (PID=7136) to work on /opt/airflow/dags/script/example/dag_with_catchup_and_backfill.py
[2024-12-02T14:54:15.488+0000] {processor.py:914} INFO - Processing file /opt/airflow/dags/script/example/dag_with_catchup_and_backfill.py for tasks to queue
[2024-12-02T14:54:15.490+0000] {logging_mixin.py:190} INFO - [2024-12-02T14:54:15.490+0000] {dagbag.py:588} INFO - Filling up the DagBag from /opt/airflow/dags/script/example/dag_with_catchup_and_backfill.py
[2024-12-02T14:54:15.492+0000] {processor.py:927} WARNING - No viable dags retrieved from /opt/airflow/dags/script/example/dag_with_catchup_and_backfill.py
[2024-12-02T14:54:15.496+0000] {processor.py:208} INFO - Processing /opt/airflow/dags/script/example/dag_with_catchup_and_backfill.py took 0.011 seconds
[2024-12-02T14:54:46.261+0000] {processor.py:186} INFO - Started process (PID=7239) to work on /opt/airflow/dags/script/example/dag_with_catchup_and_backfill.py
[2024-12-02T14:54:46.262+0000] {processor.py:914} INFO - Processing file /opt/airflow/dags/script/example/dag_with_catchup_and_backfill.py for tasks to queue
[2024-12-02T14:54:46.263+0000] {logging_mixin.py:190} INFO - [2024-12-02T14:54:46.262+0000] {dagbag.py:588} INFO - Filling up the DagBag from /opt/airflow/dags/script/example/dag_with_catchup_and_backfill.py
[2024-12-02T14:54:46.263+0000] {processor.py:927} WARNING - No viable dags retrieved from /opt/airflow/dags/script/example/dag_with_catchup_and_backfill.py
[2024-12-02T14:54:46.268+0000] {processor.py:208} INFO - Processing /opt/airflow/dags/script/example/dag_with_catchup_and_backfill.py took 0.009 seconds
[2024-12-02T14:55:16.950+0000] {processor.py:186} INFO - Started process (PID=7338) to work on /opt/airflow/dags/script/example/dag_with_catchup_and_backfill.py
[2024-12-02T14:55:16.951+0000] {processor.py:914} INFO - Processing file /opt/airflow/dags/script/example/dag_with_catchup_and_backfill.py for tasks to queue
[2024-12-02T14:55:16.952+0000] {logging_mixin.py:190} INFO - [2024-12-02T14:55:16.952+0000] {dagbag.py:588} INFO - Filling up the DagBag from /opt/airflow/dags/script/example/dag_with_catchup_and_backfill.py
[2024-12-02T14:55:16.956+0000] {processor.py:927} WARNING - No viable dags retrieved from /opt/airflow/dags/script/example/dag_with_catchup_and_backfill.py
[2024-12-02T14:55:16.961+0000] {processor.py:208} INFO - Processing /opt/airflow/dags/script/example/dag_with_catchup_and_backfill.py took 0.013 seconds
[2024-12-02T14:55:47.774+0000] {processor.py:186} INFO - Started process (PID=7448) to work on /opt/airflow/dags/script/example/dag_with_catchup_and_backfill.py
[2024-12-02T14:55:47.775+0000] {processor.py:914} INFO - Processing file /opt/airflow/dags/script/example/dag_with_catchup_and_backfill.py for tasks to queue
[2024-12-02T14:55:47.777+0000] {logging_mixin.py:190} INFO - [2024-12-02T14:55:47.776+0000] {dagbag.py:588} INFO - Filling up the DagBag from /opt/airflow/dags/script/example/dag_with_catchup_and_backfill.py
[2024-12-02T14:55:47.778+0000] {processor.py:927} WARNING - No viable dags retrieved from /opt/airflow/dags/script/example/dag_with_catchup_and_backfill.py
[2024-12-02T14:55:47.787+0000] {processor.py:208} INFO - Processing /opt/airflow/dags/script/example/dag_with_catchup_and_backfill.py took 0.015 seconds
[2024-12-02T14:56:18.565+0000] {processor.py:186} INFO - Started process (PID=7547) to work on /opt/airflow/dags/script/example/dag_with_catchup_and_backfill.py
[2024-12-02T14:56:18.566+0000] {processor.py:914} INFO - Processing file /opt/airflow/dags/script/example/dag_with_catchup_and_backfill.py for tasks to queue
[2024-12-02T14:56:18.567+0000] {logging_mixin.py:190} INFO - [2024-12-02T14:56:18.567+0000] {dagbag.py:588} INFO - Filling up the DagBag from /opt/airflow/dags/script/example/dag_with_catchup_and_backfill.py
[2024-12-02T14:56:18.571+0000] {processor.py:927} WARNING - No viable dags retrieved from /opt/airflow/dags/script/example/dag_with_catchup_and_backfill.py
[2024-12-02T14:56:18.576+0000] {processor.py:208} INFO - Processing /opt/airflow/dags/script/example/dag_with_catchup_and_backfill.py took 0.014 seconds
[2024-12-02T14:56:49.246+0000] {processor.py:186} INFO - Started process (PID=7648) to work on /opt/airflow/dags/script/example/dag_with_catchup_and_backfill.py
[2024-12-02T14:56:49.247+0000] {processor.py:914} INFO - Processing file /opt/airflow/dags/script/example/dag_with_catchup_and_backfill.py for tasks to queue
[2024-12-02T14:56:49.248+0000] {logging_mixin.py:190} INFO - [2024-12-02T14:56:49.248+0000] {dagbag.py:588} INFO - Filling up the DagBag from /opt/airflow/dags/script/example/dag_with_catchup_and_backfill.py
[2024-12-02T14:56:49.251+0000] {processor.py:927} WARNING - No viable dags retrieved from /opt/airflow/dags/script/example/dag_with_catchup_and_backfill.py
[2024-12-02T14:56:49.256+0000] {processor.py:208} INFO - Processing /opt/airflow/dags/script/example/dag_with_catchup_and_backfill.py took 0.012 seconds
[2024-12-02T14:57:20.104+0000] {processor.py:186} INFO - Started process (PID=7751) to work on /opt/airflow/dags/script/example/dag_with_catchup_and_backfill.py
[2024-12-02T14:57:20.105+0000] {processor.py:914} INFO - Processing file /opt/airflow/dags/script/example/dag_with_catchup_and_backfill.py for tasks to queue
[2024-12-02T14:57:20.106+0000] {logging_mixin.py:190} INFO - [2024-12-02T14:57:20.106+0000] {dagbag.py:588} INFO - Filling up the DagBag from /opt/airflow/dags/script/example/dag_with_catchup_and_backfill.py
[2024-12-02T14:57:20.107+0000] {processor.py:927} WARNING - No viable dags retrieved from /opt/airflow/dags/script/example/dag_with_catchup_and_backfill.py
[2024-12-02T14:57:20.115+0000] {processor.py:208} INFO - Processing /opt/airflow/dags/script/example/dag_with_catchup_and_backfill.py took 0.014 seconds
[2024-12-02T14:57:50.776+0000] {processor.py:186} INFO - Started process (PID=7850) to work on /opt/airflow/dags/script/example/dag_with_catchup_and_backfill.py
[2024-12-02T14:57:50.776+0000] {processor.py:914} INFO - Processing file /opt/airflow/dags/script/example/dag_with_catchup_and_backfill.py for tasks to queue
[2024-12-02T14:57:50.778+0000] {logging_mixin.py:190} INFO - [2024-12-02T14:57:50.777+0000] {dagbag.py:588} INFO - Filling up the DagBag from /opt/airflow/dags/script/example/dag_with_catchup_and_backfill.py
[2024-12-02T14:57:50.779+0000] {processor.py:927} WARNING - No viable dags retrieved from /opt/airflow/dags/script/example/dag_with_catchup_and_backfill.py
[2024-12-02T14:57:50.785+0000] {processor.py:208} INFO - Processing /opt/airflow/dags/script/example/dag_with_catchup_and_backfill.py took 0.012 seconds
[2024-12-02T14:58:21.509+0000] {processor.py:186} INFO - Started process (PID=7953) to work on /opt/airflow/dags/script/example/dag_with_catchup_and_backfill.py
[2024-12-02T14:58:21.509+0000] {processor.py:914} INFO - Processing file /opt/airflow/dags/script/example/dag_with_catchup_and_backfill.py for tasks to queue
[2024-12-02T14:58:21.510+0000] {logging_mixin.py:190} INFO - [2024-12-02T14:58:21.510+0000] {dagbag.py:588} INFO - Filling up the DagBag from /opt/airflow/dags/script/example/dag_with_catchup_and_backfill.py
[2024-12-02T14:58:21.511+0000] {processor.py:927} WARNING - No viable dags retrieved from /opt/airflow/dags/script/example/dag_with_catchup_and_backfill.py
[2024-12-02T14:58:21.516+0000] {processor.py:208} INFO - Processing /opt/airflow/dags/script/example/dag_with_catchup_and_backfill.py took 0.009 seconds
[2024-12-02T14:58:52.244+0000] {processor.py:186} INFO - Started process (PID=8054) to work on /opt/airflow/dags/script/example/dag_with_catchup_and_backfill.py
[2024-12-02T14:58:52.245+0000] {processor.py:914} INFO - Processing file /opt/airflow/dags/script/example/dag_with_catchup_and_backfill.py for tasks to queue
[2024-12-02T14:58:52.245+0000] {logging_mixin.py:190} INFO - [2024-12-02T14:58:52.245+0000] {dagbag.py:588} INFO - Filling up the DagBag from /opt/airflow/dags/script/example/dag_with_catchup_and_backfill.py
[2024-12-02T14:58:52.246+0000] {processor.py:927} WARNING - No viable dags retrieved from /opt/airflow/dags/script/example/dag_with_catchup_and_backfill.py
[2024-12-02T14:58:52.251+0000] {processor.py:208} INFO - Processing /opt/airflow/dags/script/example/dag_with_catchup_and_backfill.py took 0.009 seconds
[2024-12-02T14:59:23.034+0000] {processor.py:186} INFO - Started process (PID=8153) to work on /opt/airflow/dags/script/example/dag_with_catchup_and_backfill.py
[2024-12-02T14:59:23.035+0000] {processor.py:914} INFO - Processing file /opt/airflow/dags/script/example/dag_with_catchup_and_backfill.py for tasks to queue
[2024-12-02T14:59:23.036+0000] {logging_mixin.py:190} INFO - [2024-12-02T14:59:23.036+0000] {dagbag.py:588} INFO - Filling up the DagBag from /opt/airflow/dags/script/example/dag_with_catchup_and_backfill.py
[2024-12-02T14:59:23.038+0000] {processor.py:927} WARNING - No viable dags retrieved from /opt/airflow/dags/script/example/dag_with_catchup_and_backfill.py
[2024-12-02T14:59:23.045+0000] {processor.py:208} INFO - Processing /opt/airflow/dags/script/example/dag_with_catchup_and_backfill.py took 0.013 seconds
[2024-12-02T14:59:53.896+0000] {processor.py:186} INFO - Started process (PID=8254) to work on /opt/airflow/dags/script/example/dag_with_catchup_and_backfill.py
[2024-12-02T14:59:53.897+0000] {processor.py:914} INFO - Processing file /opt/airflow/dags/script/example/dag_with_catchup_and_backfill.py for tasks to queue
[2024-12-02T14:59:53.899+0000] {logging_mixin.py:190} INFO - [2024-12-02T14:59:53.899+0000] {dagbag.py:588} INFO - Filling up the DagBag from /opt/airflow/dags/script/example/dag_with_catchup_and_backfill.py
[2024-12-02T14:59:53.900+0000] {processor.py:927} WARNING - No viable dags retrieved from /opt/airflow/dags/script/example/dag_with_catchup_and_backfill.py
[2024-12-02T14:59:53.908+0000] {processor.py:208} INFO - Processing /opt/airflow/dags/script/example/dag_with_catchup_and_backfill.py took 0.015 seconds
[2024-12-02T15:00:24.592+0000] {processor.py:186} INFO - Started process (PID=8355) to work on /opt/airflow/dags/script/example/dag_with_catchup_and_backfill.py
[2024-12-02T15:00:24.593+0000] {processor.py:914} INFO - Processing file /opt/airflow/dags/script/example/dag_with_catchup_and_backfill.py for tasks to queue
[2024-12-02T15:00:24.595+0000] {logging_mixin.py:190} INFO - [2024-12-02T15:00:24.594+0000] {dagbag.py:588} INFO - Filling up the DagBag from /opt/airflow/dags/script/example/dag_with_catchup_and_backfill.py
[2024-12-02T15:00:24.596+0000] {processor.py:927} WARNING - No viable dags retrieved from /opt/airflow/dags/script/example/dag_with_catchup_and_backfill.py
[2024-12-02T15:00:24.602+0000] {processor.py:208} INFO - Processing /opt/airflow/dags/script/example/dag_with_catchup_and_backfill.py took 0.013 seconds
[2024-12-02T15:00:55.432+0000] {processor.py:186} INFO - Started process (PID=8456) to work on /opt/airflow/dags/script/example/dag_with_catchup_and_backfill.py
[2024-12-02T15:00:55.433+0000] {processor.py:914} INFO - Processing file /opt/airflow/dags/script/example/dag_with_catchup_and_backfill.py for tasks to queue
[2024-12-02T15:00:55.435+0000] {logging_mixin.py:190} INFO - [2024-12-02T15:00:55.434+0000] {dagbag.py:588} INFO - Filling up the DagBag from /opt/airflow/dags/script/example/dag_with_catchup_and_backfill.py
[2024-12-02T15:00:55.437+0000] {processor.py:927} WARNING - No viable dags retrieved from /opt/airflow/dags/script/example/dag_with_catchup_and_backfill.py
[2024-12-02T15:00:55.443+0000] {processor.py:208} INFO - Processing /opt/airflow/dags/script/example/dag_with_catchup_and_backfill.py took 0.013 seconds
[2024-12-02T15:01:26.191+0000] {processor.py:186} INFO - Started process (PID=8559) to work on /opt/airflow/dags/script/example/dag_with_catchup_and_backfill.py
[2024-12-02T15:01:26.192+0000] {processor.py:914} INFO - Processing file /opt/airflow/dags/script/example/dag_with_catchup_and_backfill.py for tasks to queue
[2024-12-02T15:01:26.193+0000] {logging_mixin.py:190} INFO - [2024-12-02T15:01:26.193+0000] {dagbag.py:588} INFO - Filling up the DagBag from /opt/airflow/dags/script/example/dag_with_catchup_and_backfill.py
[2024-12-02T15:01:26.195+0000] {processor.py:927} WARNING - No viable dags retrieved from /opt/airflow/dags/script/example/dag_with_catchup_and_backfill.py
[2024-12-02T15:01:26.201+0000] {processor.py:208} INFO - Processing /opt/airflow/dags/script/example/dag_with_catchup_and_backfill.py took 0.014 seconds
[2024-12-02T15:01:56.961+0000] {processor.py:186} INFO - Started process (PID=8660) to work on /opt/airflow/dags/script/example/dag_with_catchup_and_backfill.py
[2024-12-02T15:01:56.961+0000] {processor.py:914} INFO - Processing file /opt/airflow/dags/script/example/dag_with_catchup_and_backfill.py for tasks to queue
[2024-12-02T15:01:56.962+0000] {logging_mixin.py:190} INFO - [2024-12-02T15:01:56.962+0000] {dagbag.py:588} INFO - Filling up the DagBag from /opt/airflow/dags/script/example/dag_with_catchup_and_backfill.py
[2024-12-02T15:01:56.964+0000] {processor.py:927} WARNING - No viable dags retrieved from /opt/airflow/dags/script/example/dag_with_catchup_and_backfill.py
[2024-12-02T15:01:56.970+0000] {processor.py:208} INFO - Processing /opt/airflow/dags/script/example/dag_with_catchup_and_backfill.py took 0.012 seconds
[2024-12-02T15:02:27.794+0000] {processor.py:186} INFO - Started process (PID=8759) to work on /opt/airflow/dags/script/example/dag_with_catchup_and_backfill.py
[2024-12-02T15:02:27.794+0000] {processor.py:914} INFO - Processing file /opt/airflow/dags/script/example/dag_with_catchup_and_backfill.py for tasks to queue
[2024-12-02T15:02:27.796+0000] {logging_mixin.py:190} INFO - [2024-12-02T15:02:27.796+0000] {dagbag.py:588} INFO - Filling up the DagBag from /opt/airflow/dags/script/example/dag_with_catchup_and_backfill.py
[2024-12-02T15:02:27.798+0000] {processor.py:927} WARNING - No viable dags retrieved from /opt/airflow/dags/script/example/dag_with_catchup_and_backfill.py
[2024-12-02T15:02:27.806+0000] {processor.py:208} INFO - Processing /opt/airflow/dags/script/example/dag_with_catchup_and_backfill.py took 0.015 seconds
[2024-12-02T15:02:58.579+0000] {processor.py:186} INFO - Started process (PID=8860) to work on /opt/airflow/dags/script/example/dag_with_catchup_and_backfill.py
[2024-12-02T15:02:58.579+0000] {processor.py:914} INFO - Processing file /opt/airflow/dags/script/example/dag_with_catchup_and_backfill.py for tasks to queue
[2024-12-02T15:02:58.581+0000] {logging_mixin.py:190} INFO - [2024-12-02T15:02:58.581+0000] {dagbag.py:588} INFO - Filling up the DagBag from /opt/airflow/dags/script/example/dag_with_catchup_and_backfill.py
[2024-12-02T15:02:58.582+0000] {processor.py:927} WARNING - No viable dags retrieved from /opt/airflow/dags/script/example/dag_with_catchup_and_backfill.py
[2024-12-02T15:02:58.588+0000] {processor.py:208} INFO - Processing /opt/airflow/dags/script/example/dag_with_catchup_and_backfill.py took 0.011 seconds
[2024-12-02T15:03:29.314+0000] {processor.py:186} INFO - Started process (PID=8961) to work on /opt/airflow/dags/script/example/dag_with_catchup_and_backfill.py
[2024-12-02T15:03:29.315+0000] {processor.py:914} INFO - Processing file /opt/airflow/dags/script/example/dag_with_catchup_and_backfill.py for tasks to queue
[2024-12-02T15:03:29.317+0000] {logging_mixin.py:190} INFO - [2024-12-02T15:03:29.317+0000] {dagbag.py:588} INFO - Filling up the DagBag from /opt/airflow/dags/script/example/dag_with_catchup_and_backfill.py
[2024-12-02T15:03:29.319+0000] {processor.py:927} WARNING - No viable dags retrieved from /opt/airflow/dags/script/example/dag_with_catchup_and_backfill.py
[2024-12-02T15:03:29.324+0000] {processor.py:208} INFO - Processing /opt/airflow/dags/script/example/dag_with_catchup_and_backfill.py took 0.012 seconds
[2024-12-02T15:04:00.062+0000] {processor.py:186} INFO - Started process (PID=9064) to work on /opt/airflow/dags/script/example/dag_with_catchup_and_backfill.py
[2024-12-02T15:04:00.063+0000] {processor.py:914} INFO - Processing file /opt/airflow/dags/script/example/dag_with_catchup_and_backfill.py for tasks to queue
[2024-12-02T15:04:00.063+0000] {logging_mixin.py:190} INFO - [2024-12-02T15:04:00.063+0000] {dagbag.py:588} INFO - Filling up the DagBag from /opt/airflow/dags/script/example/dag_with_catchup_and_backfill.py
[2024-12-02T15:04:00.064+0000] {processor.py:927} WARNING - No viable dags retrieved from /opt/airflow/dags/script/example/dag_with_catchup_and_backfill.py
[2024-12-02T15:04:00.069+0000] {processor.py:208} INFO - Processing /opt/airflow/dags/script/example/dag_with_catchup_and_backfill.py took 0.009 seconds
[2024-12-02T15:04:30.803+0000] {processor.py:186} INFO - Started process (PID=9163) to work on /opt/airflow/dags/script/example/dag_with_catchup_and_backfill.py
[2024-12-02T15:04:30.803+0000] {processor.py:914} INFO - Processing file /opt/airflow/dags/script/example/dag_with_catchup_and_backfill.py for tasks to queue
[2024-12-02T15:04:30.805+0000] {logging_mixin.py:190} INFO - [2024-12-02T15:04:30.805+0000] {dagbag.py:588} INFO - Filling up the DagBag from /opt/airflow/dags/script/example/dag_with_catchup_and_backfill.py
[2024-12-02T15:04:30.807+0000] {processor.py:927} WARNING - No viable dags retrieved from /opt/airflow/dags/script/example/dag_with_catchup_and_backfill.py
[2024-12-02T15:04:30.814+0000] {processor.py:208} INFO - Processing /opt/airflow/dags/script/example/dag_with_catchup_and_backfill.py took 0.013 seconds
