[2024-12-02T14:19:22.592+0000] {processor.py:186} INFO - Started process (PID=249) to work on /opt/airflow/dags/script/example/dag_with_cron_expression.py
[2024-12-02T14:19:22.593+0000] {processor.py:914} INFO - Processing file /opt/airflow/dags/script/example/dag_with_cron_expression.py for tasks to queue
[2024-12-02T14:19:22.595+0000] {logging_mixin.py:190} INFO - [2024-12-02T14:19:22.594+0000] {dagbag.py:588} INFO - Filling up the DagBag from /opt/airflow/dags/script/example/dag_with_cron_expression.py
[2024-12-02T14:19:22.599+0000] {processor.py:927} WARNING - No viable dags retrieved from /opt/airflow/dags/script/example/dag_with_cron_expression.py
[2024-12-02T14:19:22.613+0000] {processor.py:208} INFO - Processing /opt/airflow/dags/script/example/dag_with_cron_expression.py took 0.027 seconds
[2024-12-02T14:19:53.224+0000] {processor.py:186} INFO - Started process (PID=363) to work on /opt/airflow/dags/script/example/dag_with_cron_expression.py
[2024-12-02T14:19:53.225+0000] {processor.py:914} INFO - Processing file /opt/airflow/dags/script/example/dag_with_cron_expression.py for tasks to queue
[2024-12-02T14:19:53.226+0000] {logging_mixin.py:190} INFO - [2024-12-02T14:19:53.225+0000] {dagbag.py:588} INFO - Filling up the DagBag from /opt/airflow/dags/script/example/dag_with_cron_expression.py
[2024-12-02T14:19:53.227+0000] {processor.py:927} WARNING - No viable dags retrieved from /opt/airflow/dags/script/example/dag_with_cron_expression.py
[2024-12-02T14:19:53.232+0000] {processor.py:208} INFO - Processing /opt/airflow/dags/script/example/dag_with_cron_expression.py took 0.010 seconds
[2024-12-02T14:20:23.944+0000] {processor.py:186} INFO - Started process (PID=464) to work on /opt/airflow/dags/script/example/dag_with_cron_expression.py
[2024-12-02T14:20:23.945+0000] {processor.py:914} INFO - Processing file /opt/airflow/dags/script/example/dag_with_cron_expression.py for tasks to queue
[2024-12-02T14:20:23.946+0000] {logging_mixin.py:190} INFO - [2024-12-02T14:20:23.945+0000] {dagbag.py:588} INFO - Filling up the DagBag from /opt/airflow/dags/script/example/dag_with_cron_expression.py
[2024-12-02T14:20:23.949+0000] {processor.py:927} WARNING - No viable dags retrieved from /opt/airflow/dags/script/example/dag_with_cron_expression.py
[2024-12-02T14:20:23.958+0000] {processor.py:208} INFO - Processing /opt/airflow/dags/script/example/dag_with_cron_expression.py took 0.017 seconds
[2024-12-02T14:20:54.667+0000] {processor.py:186} INFO - Started process (PID=565) to work on /opt/airflow/dags/script/example/dag_with_cron_expression.py
[2024-12-02T14:20:54.667+0000] {processor.py:914} INFO - Processing file /opt/airflow/dags/script/example/dag_with_cron_expression.py for tasks to queue
[2024-12-02T14:20:54.668+0000] {logging_mixin.py:190} INFO - [2024-12-02T14:20:54.668+0000] {dagbag.py:588} INFO - Filling up the DagBag from /opt/airflow/dags/script/example/dag_with_cron_expression.py
[2024-12-02T14:20:54.670+0000] {processor.py:927} WARNING - No viable dags retrieved from /opt/airflow/dags/script/example/dag_with_cron_expression.py
[2024-12-02T14:20:54.677+0000] {processor.py:208} INFO - Processing /opt/airflow/dags/script/example/dag_with_cron_expression.py took 0.012 seconds
[2024-12-02T14:21:25.359+0000] {processor.py:186} INFO - Started process (PID=666) to work on /opt/airflow/dags/script/example/dag_with_cron_expression.py
[2024-12-02T14:21:25.359+0000] {processor.py:914} INFO - Processing file /opt/airflow/dags/script/example/dag_with_cron_expression.py for tasks to queue
[2024-12-02T14:21:25.361+0000] {logging_mixin.py:190} INFO - [2024-12-02T14:21:25.360+0000] {dagbag.py:588} INFO - Filling up the DagBag from /opt/airflow/dags/script/example/dag_with_cron_expression.py
[2024-12-02T14:21:25.364+0000] {processor.py:927} WARNING - No viable dags retrieved from /opt/airflow/dags/script/example/dag_with_cron_expression.py
[2024-12-02T14:21:25.369+0000] {processor.py:208} INFO - Processing /opt/airflow/dags/script/example/dag_with_cron_expression.py took 0.013 seconds
[2024-12-02T14:21:56.130+0000] {processor.py:186} INFO - Started process (PID=769) to work on /opt/airflow/dags/script/example/dag_with_cron_expression.py
[2024-12-02T14:21:56.131+0000] {processor.py:914} INFO - Processing file /opt/airflow/dags/script/example/dag_with_cron_expression.py for tasks to queue
[2024-12-02T14:21:56.131+0000] {logging_mixin.py:190} INFO - [2024-12-02T14:21:56.131+0000] {dagbag.py:588} INFO - Filling up the DagBag from /opt/airflow/dags/script/example/dag_with_cron_expression.py
[2024-12-02T14:21:56.132+0000] {processor.py:927} WARNING - No viable dags retrieved from /opt/airflow/dags/script/example/dag_with_cron_expression.py
[2024-12-02T14:21:56.137+0000] {processor.py:208} INFO - Processing /opt/airflow/dags/script/example/dag_with_cron_expression.py took 0.009 seconds
[2024-12-02T14:22:26.719+0000] {processor.py:186} INFO - Started process (PID=868) to work on /opt/airflow/dags/script/example/dag_with_cron_expression.py
[2024-12-02T14:22:26.719+0000] {processor.py:914} INFO - Processing file /opt/airflow/dags/script/example/dag_with_cron_expression.py for tasks to queue
[2024-12-02T14:22:26.720+0000] {logging_mixin.py:190} INFO - [2024-12-02T14:22:26.720+0000] {dagbag.py:588} INFO - Filling up the DagBag from /opt/airflow/dags/script/example/dag_with_cron_expression.py
[2024-12-02T14:22:26.723+0000] {processor.py:927} WARNING - No viable dags retrieved from /opt/airflow/dags/script/example/dag_with_cron_expression.py
[2024-12-02T14:22:26.727+0000] {processor.py:208} INFO - Processing /opt/airflow/dags/script/example/dag_with_cron_expression.py took 0.011 seconds
[2024-12-02T14:22:57.416+0000] {processor.py:186} INFO - Started process (PID=969) to work on /opt/airflow/dags/script/example/dag_with_cron_expression.py
[2024-12-02T14:22:57.416+0000] {processor.py:914} INFO - Processing file /opt/airflow/dags/script/example/dag_with_cron_expression.py for tasks to queue
[2024-12-02T14:22:57.417+0000] {logging_mixin.py:190} INFO - [2024-12-02T14:22:57.417+0000] {dagbag.py:588} INFO - Filling up the DagBag from /opt/airflow/dags/script/example/dag_with_cron_expression.py
[2024-12-02T14:22:57.418+0000] {processor.py:927} WARNING - No viable dags retrieved from /opt/airflow/dags/script/example/dag_with_cron_expression.py
[2024-12-02T14:22:57.425+0000] {processor.py:208} INFO - Processing /opt/airflow/dags/script/example/dag_with_cron_expression.py took 0.012 seconds
[2024-12-02T14:23:28.128+0000] {processor.py:186} INFO - Started process (PID=1070) to work on /opt/airflow/dags/script/example/dag_with_cron_expression.py
[2024-12-02T14:23:28.128+0000] {processor.py:914} INFO - Processing file /opt/airflow/dags/script/example/dag_with_cron_expression.py for tasks to queue
[2024-12-02T14:23:28.129+0000] {logging_mixin.py:190} INFO - [2024-12-02T14:23:28.129+0000] {dagbag.py:588} INFO - Filling up the DagBag from /opt/airflow/dags/script/example/dag_with_cron_expression.py
[2024-12-02T14:23:28.131+0000] {processor.py:927} WARNING - No viable dags retrieved from /opt/airflow/dags/script/example/dag_with_cron_expression.py
[2024-12-02T14:23:28.137+0000] {processor.py:208} INFO - Processing /opt/airflow/dags/script/example/dag_with_cron_expression.py took 0.011 seconds
[2024-12-02T14:23:59.183+0000] {processor.py:186} INFO - Started process (PID=1171) to work on /opt/airflow/dags/script/example/dag_with_cron_expression.py
[2024-12-02T14:23:59.184+0000] {processor.py:914} INFO - Processing file /opt/airflow/dags/script/example/dag_with_cron_expression.py for tasks to queue
[2024-12-02T14:23:59.185+0000] {logging_mixin.py:190} INFO - [2024-12-02T14:23:59.185+0000] {dagbag.py:588} INFO - Filling up the DagBag from /opt/airflow/dags/script/example/dag_with_cron_expression.py
[2024-12-02T14:23:59.189+0000] {processor.py:927} WARNING - No viable dags retrieved from /opt/airflow/dags/script/example/dag_with_cron_expression.py
[2024-12-02T14:23:59.194+0000] {processor.py:208} INFO - Processing /opt/airflow/dags/script/example/dag_with_cron_expression.py took 0.013 seconds
[2024-12-02T14:24:30.567+0000] {processor.py:186} INFO - Started process (PID=1272) to work on /opt/airflow/dags/script/example/dag_with_cron_expression.py
[2024-12-02T14:24:30.568+0000] {processor.py:914} INFO - Processing file /opt/airflow/dags/script/example/dag_with_cron_expression.py for tasks to queue
[2024-12-02T14:24:30.569+0000] {logging_mixin.py:190} INFO - [2024-12-02T14:24:30.569+0000] {dagbag.py:588} INFO - Filling up the DagBag from /opt/airflow/dags/script/example/dag_with_cron_expression.py
[2024-12-02T14:24:30.574+0000] {processor.py:927} WARNING - No viable dags retrieved from /opt/airflow/dags/script/example/dag_with_cron_expression.py
[2024-12-02T14:24:30.659+0000] {processor.py:208} INFO - Processing /opt/airflow/dags/script/example/dag_with_cron_expression.py took 0.094 seconds
[2024-12-02T14:25:01.421+0000] {processor.py:186} INFO - Started process (PID=1375) to work on /opt/airflow/dags/script/example/dag_with_cron_expression.py
[2024-12-02T14:25:01.421+0000] {processor.py:914} INFO - Processing file /opt/airflow/dags/script/example/dag_with_cron_expression.py for tasks to queue
[2024-12-02T14:25:01.422+0000] {logging_mixin.py:190} INFO - [2024-12-02T14:25:01.422+0000] {dagbag.py:588} INFO - Filling up the DagBag from /opt/airflow/dags/script/example/dag_with_cron_expression.py
[2024-12-02T14:25:01.424+0000] {processor.py:927} WARNING - No viable dags retrieved from /opt/airflow/dags/script/example/dag_with_cron_expression.py
[2024-12-02T14:25:01.430+0000] {processor.py:208} INFO - Processing /opt/airflow/dags/script/example/dag_with_cron_expression.py took 0.011 seconds
[2024-12-02T14:25:32.170+0000] {processor.py:186} INFO - Started process (PID=1476) to work on /opt/airflow/dags/script/example/dag_with_cron_expression.py
[2024-12-02T14:25:32.170+0000] {processor.py:914} INFO - Processing file /opt/airflow/dags/script/example/dag_with_cron_expression.py for tasks to queue
[2024-12-02T14:25:32.171+0000] {logging_mixin.py:190} INFO - [2024-12-02T14:25:32.171+0000] {dagbag.py:588} INFO - Filling up the DagBag from /opt/airflow/dags/script/example/dag_with_cron_expression.py
[2024-12-02T14:25:32.173+0000] {processor.py:927} WARNING - No viable dags retrieved from /opt/airflow/dags/script/example/dag_with_cron_expression.py
[2024-12-02T14:25:32.179+0000] {processor.py:208} INFO - Processing /opt/airflow/dags/script/example/dag_with_cron_expression.py took 0.012 seconds
[2024-12-02T14:26:02.903+0000] {processor.py:186} INFO - Started process (PID=1577) to work on /opt/airflow/dags/script/example/dag_with_cron_expression.py
[2024-12-02T14:26:02.904+0000] {processor.py:914} INFO - Processing file /opt/airflow/dags/script/example/dag_with_cron_expression.py for tasks to queue
[2024-12-02T14:26:02.905+0000] {logging_mixin.py:190} INFO - [2024-12-02T14:26:02.905+0000] {dagbag.py:588} INFO - Filling up the DagBag from /opt/airflow/dags/script/example/dag_with_cron_expression.py
[2024-12-02T14:26:02.906+0000] {processor.py:927} WARNING - No viable dags retrieved from /opt/airflow/dags/script/example/dag_with_cron_expression.py
[2024-12-02T14:26:02.911+0000] {processor.py:208} INFO - Processing /opt/airflow/dags/script/example/dag_with_cron_expression.py took 0.010 seconds
[2024-12-02T14:26:33.614+0000] {processor.py:186} INFO - Started process (PID=1678) to work on /opt/airflow/dags/script/example/dag_with_cron_expression.py
[2024-12-02T14:26:33.615+0000] {processor.py:914} INFO - Processing file /opt/airflow/dags/script/example/dag_with_cron_expression.py for tasks to queue
[2024-12-02T14:26:33.616+0000] {logging_mixin.py:190} INFO - [2024-12-02T14:26:33.616+0000] {dagbag.py:588} INFO - Filling up the DagBag from /opt/airflow/dags/script/example/dag_with_cron_expression.py
[2024-12-02T14:26:33.617+0000] {processor.py:927} WARNING - No viable dags retrieved from /opt/airflow/dags/script/example/dag_with_cron_expression.py
[2024-12-02T14:26:33.622+0000] {processor.py:208} INFO - Processing /opt/airflow/dags/script/example/dag_with_cron_expression.py took 0.010 seconds
[2024-12-02T14:27:04.555+0000] {processor.py:186} INFO - Started process (PID=1779) to work on /opt/airflow/dags/script/example/dag_with_cron_expression.py
[2024-12-02T14:27:04.556+0000] {processor.py:914} INFO - Processing file /opt/airflow/dags/script/example/dag_with_cron_expression.py for tasks to queue
[2024-12-02T14:27:04.557+0000] {logging_mixin.py:190} INFO - [2024-12-02T14:27:04.557+0000] {dagbag.py:588} INFO - Filling up the DagBag from /opt/airflow/dags/script/example/dag_with_cron_expression.py
[2024-12-02T14:27:04.558+0000] {processor.py:927} WARNING - No viable dags retrieved from /opt/airflow/dags/script/example/dag_with_cron_expression.py
[2024-12-02T14:27:04.564+0000] {processor.py:208} INFO - Processing /opt/airflow/dags/script/example/dag_with_cron_expression.py took 0.012 seconds
[2024-12-02T14:27:35.222+0000] {processor.py:186} INFO - Started process (PID=1880) to work on /opt/airflow/dags/script/example/dag_with_cron_expression.py
[2024-12-02T14:27:35.222+0000] {processor.py:914} INFO - Processing file /opt/airflow/dags/script/example/dag_with_cron_expression.py for tasks to queue
[2024-12-02T14:27:35.224+0000] {logging_mixin.py:190} INFO - [2024-12-02T14:27:35.224+0000] {dagbag.py:588} INFO - Filling up the DagBag from /opt/airflow/dags/script/example/dag_with_cron_expression.py
[2024-12-02T14:27:35.225+0000] {processor.py:927} WARNING - No viable dags retrieved from /opt/airflow/dags/script/example/dag_with_cron_expression.py
[2024-12-02T14:27:35.232+0000] {processor.py:208} INFO - Processing /opt/airflow/dags/script/example/dag_with_cron_expression.py took 0.013 seconds
[2024-12-02T14:28:05.923+0000] {processor.py:186} INFO - Started process (PID=1981) to work on /opt/airflow/dags/script/example/dag_with_cron_expression.py
[2024-12-02T14:28:05.923+0000] {processor.py:914} INFO - Processing file /opt/airflow/dags/script/example/dag_with_cron_expression.py for tasks to queue
[2024-12-02T14:28:05.925+0000] {logging_mixin.py:190} INFO - [2024-12-02T14:28:05.925+0000] {dagbag.py:588} INFO - Filling up the DagBag from /opt/airflow/dags/script/example/dag_with_cron_expression.py
[2024-12-02T14:28:05.926+0000] {processor.py:927} WARNING - No viable dags retrieved from /opt/airflow/dags/script/example/dag_with_cron_expression.py
[2024-12-02T14:28:05.932+0000] {processor.py:208} INFO - Processing /opt/airflow/dags/script/example/dag_with_cron_expression.py took 0.012 seconds
[2024-12-02T14:28:36.668+0000] {processor.py:186} INFO - Started process (PID=2082) to work on /opt/airflow/dags/script/example/dag_with_cron_expression.py
[2024-12-02T14:28:36.668+0000] {processor.py:914} INFO - Processing file /opt/airflow/dags/script/example/dag_with_cron_expression.py for tasks to queue
[2024-12-02T14:28:36.669+0000] {logging_mixin.py:190} INFO - [2024-12-02T14:28:36.669+0000] {dagbag.py:588} INFO - Filling up the DagBag from /opt/airflow/dags/script/example/dag_with_cron_expression.py
[2024-12-02T14:28:36.670+0000] {processor.py:927} WARNING - No viable dags retrieved from /opt/airflow/dags/script/example/dag_with_cron_expression.py
[2024-12-02T14:28:36.676+0000] {processor.py:208} INFO - Processing /opt/airflow/dags/script/example/dag_with_cron_expression.py took 0.011 seconds
[2024-12-02T14:29:07.477+0000] {processor.py:186} INFO - Started process (PID=2183) to work on /opt/airflow/dags/script/example/dag_with_cron_expression.py
[2024-12-02T14:29:07.478+0000] {processor.py:914} INFO - Processing file /opt/airflow/dags/script/example/dag_with_cron_expression.py for tasks to queue
[2024-12-02T14:29:07.479+0000] {logging_mixin.py:190} INFO - [2024-12-02T14:29:07.479+0000] {dagbag.py:588} INFO - Filling up the DagBag from /opt/airflow/dags/script/example/dag_with_cron_expression.py
[2024-12-02T14:29:07.483+0000] {processor.py:927} WARNING - No viable dags retrieved from /opt/airflow/dags/script/example/dag_with_cron_expression.py
[2024-12-02T14:29:07.491+0000] {processor.py:208} INFO - Processing /opt/airflow/dags/script/example/dag_with_cron_expression.py took 0.017 seconds
[2024-12-02T14:29:38.208+0000] {processor.py:186} INFO - Started process (PID=2284) to work on /opt/airflow/dags/script/example/dag_with_cron_expression.py
[2024-12-02T14:29:38.208+0000] {processor.py:914} INFO - Processing file /opt/airflow/dags/script/example/dag_with_cron_expression.py for tasks to queue
[2024-12-02T14:29:38.209+0000] {logging_mixin.py:190} INFO - [2024-12-02T14:29:38.209+0000] {dagbag.py:588} INFO - Filling up the DagBag from /opt/airflow/dags/script/example/dag_with_cron_expression.py
[2024-12-02T14:29:38.210+0000] {processor.py:927} WARNING - No viable dags retrieved from /opt/airflow/dags/script/example/dag_with_cron_expression.py
[2024-12-02T14:29:38.215+0000] {processor.py:208} INFO - Processing /opt/airflow/dags/script/example/dag_with_cron_expression.py took 0.009 seconds
[2024-12-02T14:30:09.003+0000] {processor.py:186} INFO - Started process (PID=2385) to work on /opt/airflow/dags/script/example/dag_with_cron_expression.py
[2024-12-02T14:30:09.003+0000] {processor.py:914} INFO - Processing file /opt/airflow/dags/script/example/dag_with_cron_expression.py for tasks to queue
[2024-12-02T14:30:09.005+0000] {logging_mixin.py:190} INFO - [2024-12-02T14:30:09.005+0000] {dagbag.py:588} INFO - Filling up the DagBag from /opt/airflow/dags/script/example/dag_with_cron_expression.py
[2024-12-02T14:30:09.007+0000] {processor.py:927} WARNING - No viable dags retrieved from /opt/airflow/dags/script/example/dag_with_cron_expression.py
[2024-12-02T14:30:09.013+0000] {processor.py:208} INFO - Processing /opt/airflow/dags/script/example/dag_with_cron_expression.py took 0.014 seconds
[2024-12-02T14:30:39.778+0000] {processor.py:186} INFO - Started process (PID=2486) to work on /opt/airflow/dags/script/example/dag_with_cron_expression.py
[2024-12-02T14:30:39.779+0000] {processor.py:914} INFO - Processing file /opt/airflow/dags/script/example/dag_with_cron_expression.py for tasks to queue
[2024-12-02T14:30:39.780+0000] {logging_mixin.py:190} INFO - [2024-12-02T14:30:39.780+0000] {dagbag.py:588} INFO - Filling up the DagBag from /opt/airflow/dags/script/example/dag_with_cron_expression.py
[2024-12-02T14:30:39.781+0000] {processor.py:927} WARNING - No viable dags retrieved from /opt/airflow/dags/script/example/dag_with_cron_expression.py
[2024-12-02T14:30:39.787+0000] {processor.py:208} INFO - Processing /opt/airflow/dags/script/example/dag_with_cron_expression.py took 0.012 seconds
[2024-12-02T14:31:10.506+0000] {processor.py:186} INFO - Started process (PID=2587) to work on /opt/airflow/dags/script/example/dag_with_cron_expression.py
[2024-12-02T14:31:10.507+0000] {processor.py:914} INFO - Processing file /opt/airflow/dags/script/example/dag_with_cron_expression.py for tasks to queue
[2024-12-02T14:31:10.508+0000] {logging_mixin.py:190} INFO - [2024-12-02T14:31:10.508+0000] {dagbag.py:588} INFO - Filling up the DagBag from /opt/airflow/dags/script/example/dag_with_cron_expression.py
[2024-12-02T14:31:10.509+0000] {processor.py:927} WARNING - No viable dags retrieved from /opt/airflow/dags/script/example/dag_with_cron_expression.py
[2024-12-02T14:31:10.515+0000] {processor.py:208} INFO - Processing /opt/airflow/dags/script/example/dag_with_cron_expression.py took 0.011 seconds
[2024-12-02T14:31:41.234+0000] {processor.py:186} INFO - Started process (PID=2688) to work on /opt/airflow/dags/script/example/dag_with_cron_expression.py
[2024-12-02T14:31:41.235+0000] {processor.py:914} INFO - Processing file /opt/airflow/dags/script/example/dag_with_cron_expression.py for tasks to queue
[2024-12-02T14:31:41.237+0000] {logging_mixin.py:190} INFO - [2024-12-02T14:31:41.237+0000] {dagbag.py:588} INFO - Filling up the DagBag from /opt/airflow/dags/script/example/dag_with_cron_expression.py
[2024-12-02T14:31:41.239+0000] {processor.py:927} WARNING - No viable dags retrieved from /opt/airflow/dags/script/example/dag_with_cron_expression.py
[2024-12-02T14:31:41.247+0000] {processor.py:208} INFO - Processing /opt/airflow/dags/script/example/dag_with_cron_expression.py took 0.016 seconds
[2024-12-02T14:32:11.973+0000] {processor.py:186} INFO - Started process (PID=2789) to work on /opt/airflow/dags/script/example/dag_with_cron_expression.py
[2024-12-02T14:32:11.974+0000] {processor.py:914} INFO - Processing file /opt/airflow/dags/script/example/dag_with_cron_expression.py for tasks to queue
[2024-12-02T14:32:11.975+0000] {logging_mixin.py:190} INFO - [2024-12-02T14:32:11.975+0000] {dagbag.py:588} INFO - Filling up the DagBag from /opt/airflow/dags/script/example/dag_with_cron_expression.py
[2024-12-02T14:32:11.976+0000] {processor.py:927} WARNING - No viable dags retrieved from /opt/airflow/dags/script/example/dag_with_cron_expression.py
[2024-12-02T14:32:11.982+0000] {processor.py:208} INFO - Processing /opt/airflow/dags/script/example/dag_with_cron_expression.py took 0.011 seconds
[2024-12-02T14:32:42.659+0000] {processor.py:186} INFO - Started process (PID=2890) to work on /opt/airflow/dags/script/example/dag_with_cron_expression.py
[2024-12-02T14:32:42.660+0000] {processor.py:914} INFO - Processing file /opt/airflow/dags/script/example/dag_with_cron_expression.py for tasks to queue
[2024-12-02T14:32:42.661+0000] {logging_mixin.py:190} INFO - [2024-12-02T14:32:42.661+0000] {dagbag.py:588} INFO - Filling up the DagBag from /opt/airflow/dags/script/example/dag_with_cron_expression.py
[2024-12-02T14:32:42.663+0000] {processor.py:927} WARNING - No viable dags retrieved from /opt/airflow/dags/script/example/dag_with_cron_expression.py
[2024-12-02T14:32:42.669+0000] {processor.py:208} INFO - Processing /opt/airflow/dags/script/example/dag_with_cron_expression.py took 0.013 seconds
[2024-12-02T14:33:13.394+0000] {processor.py:186} INFO - Started process (PID=2991) to work on /opt/airflow/dags/script/example/dag_with_cron_expression.py
[2024-12-02T14:33:13.394+0000] {processor.py:914} INFO - Processing file /opt/airflow/dags/script/example/dag_with_cron_expression.py for tasks to queue
[2024-12-02T14:33:13.395+0000] {logging_mixin.py:190} INFO - [2024-12-02T14:33:13.395+0000] {dagbag.py:588} INFO - Filling up the DagBag from /opt/airflow/dags/script/example/dag_with_cron_expression.py
[2024-12-02T14:33:13.397+0000] {processor.py:927} WARNING - No viable dags retrieved from /opt/airflow/dags/script/example/dag_with_cron_expression.py
[2024-12-02T14:33:13.403+0000] {processor.py:208} INFO - Processing /opt/airflow/dags/script/example/dag_with_cron_expression.py took 0.012 seconds
[2024-12-02T14:33:43.779+0000] {processor.py:186} INFO - Started process (PID=3090) to work on /opt/airflow/dags/script/example/dag_with_cron_expression.py
[2024-12-02T14:33:43.780+0000] {processor.py:914} INFO - Processing file /opt/airflow/dags/script/example/dag_with_cron_expression.py for tasks to queue
[2024-12-02T14:33:43.782+0000] {logging_mixin.py:190} INFO - [2024-12-02T14:33:43.781+0000] {dagbag.py:588} INFO - Filling up the DagBag from /opt/airflow/dags/script/example/dag_with_cron_expression.py
[2024-12-02T14:33:43.783+0000] {processor.py:927} WARNING - No viable dags retrieved from /opt/airflow/dags/script/example/dag_with_cron_expression.py
[2024-12-02T14:33:43.790+0000] {processor.py:208} INFO - Processing /opt/airflow/dags/script/example/dag_with_cron_expression.py took 0.014 seconds
[2024-12-02T14:34:15.316+0000] {processor.py:186} INFO - Started process (PID=3196) to work on /opt/airflow/dags/script/example/dag_with_cron_expression.py
[2024-12-02T14:34:15.316+0000] {processor.py:914} INFO - Processing file /opt/airflow/dags/script/example/dag_with_cron_expression.py for tasks to queue
[2024-12-02T14:34:15.318+0000] {logging_mixin.py:190} INFO - [2024-12-02T14:34:15.317+0000] {dagbag.py:588} INFO - Filling up the DagBag from /opt/airflow/dags/script/example/dag_with_cron_expression.py
[2024-12-02T14:34:15.319+0000] {processor.py:927} WARNING - No viable dags retrieved from /opt/airflow/dags/script/example/dag_with_cron_expression.py
[2024-12-02T14:34:15.329+0000] {processor.py:208} INFO - Processing /opt/airflow/dags/script/example/dag_with_cron_expression.py took 0.019 seconds
[2024-12-02T14:34:46.047+0000] {processor.py:186} INFO - Started process (PID=3299) to work on /opt/airflow/dags/script/example/dag_with_cron_expression.py
[2024-12-02T14:34:46.048+0000] {processor.py:914} INFO - Processing file /opt/airflow/dags/script/example/dag_with_cron_expression.py for tasks to queue
[2024-12-02T14:34:46.049+0000] {logging_mixin.py:190} INFO - [2024-12-02T14:34:46.049+0000] {dagbag.py:588} INFO - Filling up the DagBag from /opt/airflow/dags/script/example/dag_with_cron_expression.py
[2024-12-02T14:34:46.051+0000] {processor.py:927} WARNING - No viable dags retrieved from /opt/airflow/dags/script/example/dag_with_cron_expression.py
[2024-12-02T14:34:46.056+0000] {processor.py:208} INFO - Processing /opt/airflow/dags/script/example/dag_with_cron_expression.py took 0.012 seconds
[2024-12-02T14:35:16.799+0000] {processor.py:186} INFO - Started process (PID=3398) to work on /opt/airflow/dags/script/example/dag_with_cron_expression.py
[2024-12-02T14:35:16.801+0000] {processor.py:914} INFO - Processing file /opt/airflow/dags/script/example/dag_with_cron_expression.py for tasks to queue
[2024-12-02T14:35:16.802+0000] {logging_mixin.py:190} INFO - [2024-12-02T14:35:16.802+0000] {dagbag.py:588} INFO - Filling up the DagBag from /opt/airflow/dags/script/example/dag_with_cron_expression.py
[2024-12-02T14:35:16.803+0000] {processor.py:927} WARNING - No viable dags retrieved from /opt/airflow/dags/script/example/dag_with_cron_expression.py
[2024-12-02T14:35:16.810+0000] {processor.py:208} INFO - Processing /opt/airflow/dags/script/example/dag_with_cron_expression.py took 0.013 seconds
[2024-12-02T14:35:47.528+0000] {processor.py:186} INFO - Started process (PID=3499) to work on /opt/airflow/dags/script/example/dag_with_cron_expression.py
[2024-12-02T14:35:47.528+0000] {processor.py:914} INFO - Processing file /opt/airflow/dags/script/example/dag_with_cron_expression.py for tasks to queue
[2024-12-02T14:35:47.530+0000] {logging_mixin.py:190} INFO - [2024-12-02T14:35:47.530+0000] {dagbag.py:588} INFO - Filling up the DagBag from /opt/airflow/dags/script/example/dag_with_cron_expression.py
[2024-12-02T14:35:47.533+0000] {processor.py:927} WARNING - No viable dags retrieved from /opt/airflow/dags/script/example/dag_with_cron_expression.py
[2024-12-02T14:35:47.538+0000] {processor.py:208} INFO - Processing /opt/airflow/dags/script/example/dag_with_cron_expression.py took 0.012 seconds
[2024-12-02T14:36:18.672+0000] {processor.py:186} INFO - Started process (PID=3600) to work on /opt/airflow/dags/script/example/dag_with_cron_expression.py
[2024-12-02T14:36:18.672+0000] {processor.py:914} INFO - Processing file /opt/airflow/dags/script/example/dag_with_cron_expression.py for tasks to queue
[2024-12-02T14:36:18.674+0000] {logging_mixin.py:190} INFO - [2024-12-02T14:36:18.673+0000] {dagbag.py:588} INFO - Filling up the DagBag from /opt/airflow/dags/script/example/dag_with_cron_expression.py
[2024-12-02T14:36:18.675+0000] {processor.py:927} WARNING - No viable dags retrieved from /opt/airflow/dags/script/example/dag_with_cron_expression.py
[2024-12-02T14:36:18.680+0000] {processor.py:208} INFO - Processing /opt/airflow/dags/script/example/dag_with_cron_expression.py took 0.011 seconds
[2024-12-02T14:36:49.380+0000] {processor.py:186} INFO - Started process (PID=3700) to work on /opt/airflow/dags/script/example/dag_with_cron_expression.py
[2024-12-02T14:36:49.380+0000] {processor.py:914} INFO - Processing file /opt/airflow/dags/script/example/dag_with_cron_expression.py for tasks to queue
[2024-12-02T14:36:49.381+0000] {logging_mixin.py:190} INFO - [2024-12-02T14:36:49.381+0000] {dagbag.py:588} INFO - Filling up the DagBag from /opt/airflow/dags/script/example/dag_with_cron_expression.py
[2024-12-02T14:36:49.383+0000] {processor.py:927} WARNING - No viable dags retrieved from /opt/airflow/dags/script/example/dag_with_cron_expression.py
[2024-12-02T14:36:49.389+0000] {processor.py:208} INFO - Processing /opt/airflow/dags/script/example/dag_with_cron_expression.py took 0.012 seconds
[2024-12-02T14:37:20.128+0000] {processor.py:186} INFO - Started process (PID=3801) to work on /opt/airflow/dags/script/example/dag_with_cron_expression.py
[2024-12-02T14:37:20.129+0000] {processor.py:914} INFO - Processing file /opt/airflow/dags/script/example/dag_with_cron_expression.py for tasks to queue
[2024-12-02T14:37:20.130+0000] {logging_mixin.py:190} INFO - [2024-12-02T14:37:20.130+0000] {dagbag.py:588} INFO - Filling up the DagBag from /opt/airflow/dags/script/example/dag_with_cron_expression.py
[2024-12-02T14:37:20.132+0000] {processor.py:927} WARNING - No viable dags retrieved from /opt/airflow/dags/script/example/dag_with_cron_expression.py
[2024-12-02T14:37:20.138+0000] {processor.py:208} INFO - Processing /opt/airflow/dags/script/example/dag_with_cron_expression.py took 0.013 seconds
[2024-12-02T14:37:50.832+0000] {processor.py:186} INFO - Started process (PID=3902) to work on /opt/airflow/dags/script/example/dag_with_cron_expression.py
[2024-12-02T14:37:50.833+0000] {processor.py:914} INFO - Processing file /opt/airflow/dags/script/example/dag_with_cron_expression.py for tasks to queue
[2024-12-02T14:37:50.834+0000] {logging_mixin.py:190} INFO - [2024-12-02T14:37:50.834+0000] {dagbag.py:588} INFO - Filling up the DagBag from /opt/airflow/dags/script/example/dag_with_cron_expression.py
[2024-12-02T14:37:50.836+0000] {processor.py:927} WARNING - No viable dags retrieved from /opt/airflow/dags/script/example/dag_with_cron_expression.py
[2024-12-02T14:37:50.843+0000] {processor.py:208} INFO - Processing /opt/airflow/dags/script/example/dag_with_cron_expression.py took 0.013 seconds
[2024-12-02T14:38:21.595+0000] {processor.py:186} INFO - Started process (PID=4004) to work on /opt/airflow/dags/script/example/dag_with_cron_expression.py
[2024-12-02T14:38:21.595+0000] {processor.py:914} INFO - Processing file /opt/airflow/dags/script/example/dag_with_cron_expression.py for tasks to queue
[2024-12-02T14:38:21.596+0000] {logging_mixin.py:190} INFO - [2024-12-02T14:38:21.596+0000] {dagbag.py:588} INFO - Filling up the DagBag from /opt/airflow/dags/script/example/dag_with_cron_expression.py
[2024-12-02T14:38:21.597+0000] {processor.py:927} WARNING - No viable dags retrieved from /opt/airflow/dags/script/example/dag_with_cron_expression.py
[2024-12-02T14:38:21.602+0000] {processor.py:208} INFO - Processing /opt/airflow/dags/script/example/dag_with_cron_expression.py took 0.009 seconds
[2024-12-02T14:38:52.355+0000] {processor.py:186} INFO - Started process (PID=4103) to work on /opt/airflow/dags/script/example/dag_with_cron_expression.py
[2024-12-02T14:38:52.355+0000] {processor.py:914} INFO - Processing file /opt/airflow/dags/script/example/dag_with_cron_expression.py for tasks to queue
[2024-12-02T14:38:52.356+0000] {logging_mixin.py:190} INFO - [2024-12-02T14:38:52.356+0000] {dagbag.py:588} INFO - Filling up the DagBag from /opt/airflow/dags/script/example/dag_with_cron_expression.py
[2024-12-02T14:38:52.357+0000] {processor.py:927} WARNING - No viable dags retrieved from /opt/airflow/dags/script/example/dag_with_cron_expression.py
[2024-12-02T14:38:52.362+0000] {processor.py:208} INFO - Processing /opt/airflow/dags/script/example/dag_with_cron_expression.py took 0.010 seconds
[2024-12-02T14:39:23.076+0000] {processor.py:186} INFO - Started process (PID=4204) to work on /opt/airflow/dags/script/example/dag_with_cron_expression.py
[2024-12-02T14:39:23.076+0000] {processor.py:914} INFO - Processing file /opt/airflow/dags/script/example/dag_with_cron_expression.py for tasks to queue
[2024-12-02T14:39:23.077+0000] {logging_mixin.py:190} INFO - [2024-12-02T14:39:23.077+0000] {dagbag.py:588} INFO - Filling up the DagBag from /opt/airflow/dags/script/example/dag_with_cron_expression.py
[2024-12-02T14:39:23.080+0000] {processor.py:927} WARNING - No viable dags retrieved from /opt/airflow/dags/script/example/dag_with_cron_expression.py
[2024-12-02T14:39:23.086+0000] {processor.py:208} INFO - Processing /opt/airflow/dags/script/example/dag_with_cron_expression.py took 0.012 seconds
[2024-12-02T14:39:53.907+0000] {processor.py:186} INFO - Started process (PID=4305) to work on /opt/airflow/dags/script/example/dag_with_cron_expression.py
[2024-12-02T14:39:53.908+0000] {processor.py:914} INFO - Processing file /opt/airflow/dags/script/example/dag_with_cron_expression.py for tasks to queue
[2024-12-02T14:39:53.909+0000] {logging_mixin.py:190} INFO - [2024-12-02T14:39:53.908+0000] {dagbag.py:588} INFO - Filling up the DagBag from /opt/airflow/dags/script/example/dag_with_cron_expression.py
[2024-12-02T14:39:53.911+0000] {processor.py:927} WARNING - No viable dags retrieved from /opt/airflow/dags/script/example/dag_with_cron_expression.py
[2024-12-02T14:39:53.919+0000] {processor.py:208} INFO - Processing /opt/airflow/dags/script/example/dag_with_cron_expression.py took 0.015 seconds
[2024-12-02T14:40:24.600+0000] {processor.py:186} INFO - Started process (PID=4405) to work on /opt/airflow/dags/script/example/dag_with_cron_expression.py
[2024-12-02T14:40:24.602+0000] {processor.py:914} INFO - Processing file /opt/airflow/dags/script/example/dag_with_cron_expression.py for tasks to queue
[2024-12-02T14:40:24.603+0000] {logging_mixin.py:190} INFO - [2024-12-02T14:40:24.603+0000] {dagbag.py:588} INFO - Filling up the DagBag from /opt/airflow/dags/script/example/dag_with_cron_expression.py
[2024-12-02T14:40:24.604+0000] {processor.py:927} WARNING - No viable dags retrieved from /opt/airflow/dags/script/example/dag_with_cron_expression.py
[2024-12-02T14:40:24.610+0000] {processor.py:208} INFO - Processing /opt/airflow/dags/script/example/dag_with_cron_expression.py took 0.013 seconds
[2024-12-02T14:40:55.356+0000] {processor.py:186} INFO - Started process (PID=4506) to work on /opt/airflow/dags/script/example/dag_with_cron_expression.py
[2024-12-02T14:40:55.357+0000] {processor.py:914} INFO - Processing file /opt/airflow/dags/script/example/dag_with_cron_expression.py for tasks to queue
[2024-12-02T14:40:55.358+0000] {logging_mixin.py:190} INFO - [2024-12-02T14:40:55.358+0000] {dagbag.py:588} INFO - Filling up the DagBag from /opt/airflow/dags/script/example/dag_with_cron_expression.py
[2024-12-02T14:40:55.360+0000] {processor.py:927} WARNING - No viable dags retrieved from /opt/airflow/dags/script/example/dag_with_cron_expression.py
[2024-12-02T14:40:55.367+0000] {processor.py:208} INFO - Processing /opt/airflow/dags/script/example/dag_with_cron_expression.py took 0.015 seconds
[2024-12-02T14:41:26.224+0000] {processor.py:186} INFO - Started process (PID=4609) to work on /opt/airflow/dags/script/example/dag_with_cron_expression.py
[2024-12-02T14:41:26.224+0000] {processor.py:914} INFO - Processing file /opt/airflow/dags/script/example/dag_with_cron_expression.py for tasks to queue
[2024-12-02T14:41:26.225+0000] {logging_mixin.py:190} INFO - [2024-12-02T14:41:26.225+0000] {dagbag.py:588} INFO - Filling up the DagBag from /opt/airflow/dags/script/example/dag_with_cron_expression.py
[2024-12-02T14:41:26.227+0000] {processor.py:927} WARNING - No viable dags retrieved from /opt/airflow/dags/script/example/dag_with_cron_expression.py
[2024-12-02T14:41:26.235+0000] {processor.py:208} INFO - Processing /opt/airflow/dags/script/example/dag_with_cron_expression.py took 0.014 seconds
[2024-12-02T14:41:57.021+0000] {processor.py:186} INFO - Started process (PID=4708) to work on /opt/airflow/dags/script/example/dag_with_cron_expression.py
[2024-12-02T14:41:57.021+0000] {processor.py:914} INFO - Processing file /opt/airflow/dags/script/example/dag_with_cron_expression.py for tasks to queue
[2024-12-02T14:41:57.023+0000] {logging_mixin.py:190} INFO - [2024-12-02T14:41:57.023+0000] {dagbag.py:588} INFO - Filling up the DagBag from /opt/airflow/dags/script/example/dag_with_cron_expression.py
[2024-12-02T14:41:57.026+0000] {processor.py:927} WARNING - No viable dags retrieved from /opt/airflow/dags/script/example/dag_with_cron_expression.py
[2024-12-02T14:41:57.031+0000] {processor.py:208} INFO - Processing /opt/airflow/dags/script/example/dag_with_cron_expression.py took 0.012 seconds
[2024-12-02T14:42:27.827+0000] {processor.py:186} INFO - Started process (PID=4809) to work on /opt/airflow/dags/script/example/dag_with_cron_expression.py
[2024-12-02T14:42:27.828+0000] {processor.py:914} INFO - Processing file /opt/airflow/dags/script/example/dag_with_cron_expression.py for tasks to queue
[2024-12-02T14:42:27.829+0000] {logging_mixin.py:190} INFO - [2024-12-02T14:42:27.829+0000] {dagbag.py:588} INFO - Filling up the DagBag from /opt/airflow/dags/script/example/dag_with_cron_expression.py
[2024-12-02T14:42:27.832+0000] {processor.py:927} WARNING - No viable dags retrieved from /opt/airflow/dags/script/example/dag_with_cron_expression.py
[2024-12-02T14:42:27.839+0000] {processor.py:208} INFO - Processing /opt/airflow/dags/script/example/dag_with_cron_expression.py took 0.014 seconds
[2024-12-02T14:42:58.670+0000] {processor.py:186} INFO - Started process (PID=4912) to work on /opt/airflow/dags/script/example/dag_with_cron_expression.py
[2024-12-02T14:42:58.670+0000] {processor.py:914} INFO - Processing file /opt/airflow/dags/script/example/dag_with_cron_expression.py for tasks to queue
[2024-12-02T14:42:58.671+0000] {logging_mixin.py:190} INFO - [2024-12-02T14:42:58.671+0000] {dagbag.py:588} INFO - Filling up the DagBag from /opt/airflow/dags/script/example/dag_with_cron_expression.py
[2024-12-02T14:42:58.674+0000] {processor.py:927} WARNING - No viable dags retrieved from /opt/airflow/dags/script/example/dag_with_cron_expression.py
[2024-12-02T14:42:58.682+0000] {processor.py:208} INFO - Processing /opt/airflow/dags/script/example/dag_with_cron_expression.py took 0.016 seconds
[2024-12-02T14:43:29.356+0000] {processor.py:186} INFO - Started process (PID=5012) to work on /opt/airflow/dags/script/example/dag_with_cron_expression.py
[2024-12-02T14:43:29.357+0000] {processor.py:914} INFO - Processing file /opt/airflow/dags/script/example/dag_with_cron_expression.py for tasks to queue
[2024-12-02T14:43:29.358+0000] {logging_mixin.py:190} INFO - [2024-12-02T14:43:29.358+0000] {dagbag.py:588} INFO - Filling up the DagBag from /opt/airflow/dags/script/example/dag_with_cron_expression.py
[2024-12-02T14:43:29.359+0000] {processor.py:927} WARNING - No viable dags retrieved from /opt/airflow/dags/script/example/dag_with_cron_expression.py
[2024-12-02T14:43:29.366+0000] {processor.py:208} INFO - Processing /opt/airflow/dags/script/example/dag_with_cron_expression.py took 0.012 seconds
[2024-12-02T14:44:00.048+0000] {processor.py:186} INFO - Started process (PID=5114) to work on /opt/airflow/dags/script/example/dag_with_cron_expression.py
[2024-12-02T14:44:00.049+0000] {processor.py:914} INFO - Processing file /opt/airflow/dags/script/example/dag_with_cron_expression.py for tasks to queue
[2024-12-02T14:44:00.049+0000] {logging_mixin.py:190} INFO - [2024-12-02T14:44:00.049+0000] {dagbag.py:588} INFO - Filling up the DagBag from /opt/airflow/dags/script/example/dag_with_cron_expression.py
[2024-12-02T14:44:00.050+0000] {processor.py:927} WARNING - No viable dags retrieved from /opt/airflow/dags/script/example/dag_with_cron_expression.py
[2024-12-02T14:44:00.055+0000] {processor.py:208} INFO - Processing /opt/airflow/dags/script/example/dag_with_cron_expression.py took 0.009 seconds
[2024-12-02T14:44:30.864+0000] {processor.py:186} INFO - Started process (PID=5213) to work on /opt/airflow/dags/script/example/dag_with_cron_expression.py
[2024-12-02T14:44:30.866+0000] {processor.py:914} INFO - Processing file /opt/airflow/dags/script/example/dag_with_cron_expression.py for tasks to queue
[2024-12-02T14:44:30.867+0000] {logging_mixin.py:190} INFO - [2024-12-02T14:44:30.867+0000] {dagbag.py:588} INFO - Filling up the DagBag from /opt/airflow/dags/script/example/dag_with_cron_expression.py
[2024-12-02T14:44:30.868+0000] {processor.py:927} WARNING - No viable dags retrieved from /opt/airflow/dags/script/example/dag_with_cron_expression.py
[2024-12-02T14:44:30.875+0000] {processor.py:208} INFO - Processing /opt/airflow/dags/script/example/dag_with_cron_expression.py took 0.015 seconds
[2024-12-02T14:45:01.530+0000] {processor.py:186} INFO - Started process (PID=5314) to work on /opt/airflow/dags/script/example/dag_with_cron_expression.py
[2024-12-02T14:45:01.530+0000] {processor.py:914} INFO - Processing file /opt/airflow/dags/script/example/dag_with_cron_expression.py for tasks to queue
[2024-12-02T14:45:01.533+0000] {logging_mixin.py:190} INFO - [2024-12-02T14:45:01.533+0000] {dagbag.py:588} INFO - Filling up the DagBag from /opt/airflow/dags/script/example/dag_with_cron_expression.py
[2024-12-02T14:45:01.535+0000] {processor.py:927} WARNING - No viable dags retrieved from /opt/airflow/dags/script/example/dag_with_cron_expression.py
[2024-12-02T14:45:01.541+0000] {processor.py:208} INFO - Processing /opt/airflow/dags/script/example/dag_with_cron_expression.py took 0.014 seconds
[2024-12-02T14:45:32.209+0000] {processor.py:186} INFO - Started process (PID=5415) to work on /opt/airflow/dags/script/example/dag_with_cron_expression.py
[2024-12-02T14:45:32.210+0000] {processor.py:914} INFO - Processing file /opt/airflow/dags/script/example/dag_with_cron_expression.py for tasks to queue
[2024-12-02T14:45:32.211+0000] {logging_mixin.py:190} INFO - [2024-12-02T14:45:32.211+0000] {dagbag.py:588} INFO - Filling up the DagBag from /opt/airflow/dags/script/example/dag_with_cron_expression.py
[2024-12-02T14:45:32.212+0000] {processor.py:927} WARNING - No viable dags retrieved from /opt/airflow/dags/script/example/dag_with_cron_expression.py
[2024-12-02T14:45:32.218+0000] {processor.py:208} INFO - Processing /opt/airflow/dags/script/example/dag_with_cron_expression.py took 0.011 seconds
[2024-12-02T14:46:03.010+0000] {processor.py:186} INFO - Started process (PID=5517) to work on /opt/airflow/dags/script/example/dag_with_cron_expression.py
[2024-12-02T14:46:03.010+0000] {processor.py:914} INFO - Processing file /opt/airflow/dags/script/example/dag_with_cron_expression.py for tasks to queue
[2024-12-02T14:46:03.011+0000] {logging_mixin.py:190} INFO - [2024-12-02T14:46:03.011+0000] {dagbag.py:588} INFO - Filling up the DagBag from /opt/airflow/dags/script/example/dag_with_cron_expression.py
[2024-12-02T14:46:03.013+0000] {processor.py:927} WARNING - No viable dags retrieved from /opt/airflow/dags/script/example/dag_with_cron_expression.py
[2024-12-02T14:46:03.022+0000] {processor.py:208} INFO - Processing /opt/airflow/dags/script/example/dag_with_cron_expression.py took 0.016 seconds
[2024-12-02T14:46:33.764+0000] {processor.py:186} INFO - Started process (PID=5616) to work on /opt/airflow/dags/script/example/dag_with_cron_expression.py
[2024-12-02T14:46:33.766+0000] {processor.py:914} INFO - Processing file /opt/airflow/dags/script/example/dag_with_cron_expression.py for tasks to queue
[2024-12-02T14:46:33.768+0000] {logging_mixin.py:190} INFO - [2024-12-02T14:46:33.768+0000] {dagbag.py:588} INFO - Filling up the DagBag from /opt/airflow/dags/script/example/dag_with_cron_expression.py
[2024-12-02T14:46:33.769+0000] {processor.py:927} WARNING - No viable dags retrieved from /opt/airflow/dags/script/example/dag_with_cron_expression.py
[2024-12-02T14:46:33.777+0000] {processor.py:208} INFO - Processing /opt/airflow/dags/script/example/dag_with_cron_expression.py took 0.016 seconds
[2024-12-02T14:47:04.614+0000] {processor.py:186} INFO - Started process (PID=5717) to work on /opt/airflow/dags/script/example/dag_with_cron_expression.py
[2024-12-02T14:47:04.615+0000] {processor.py:914} INFO - Processing file /opt/airflow/dags/script/example/dag_with_cron_expression.py for tasks to queue
[2024-12-02T14:47:04.616+0000] {logging_mixin.py:190} INFO - [2024-12-02T14:47:04.616+0000] {dagbag.py:588} INFO - Filling up the DagBag from /opt/airflow/dags/script/example/dag_with_cron_expression.py
[2024-12-02T14:47:04.618+0000] {processor.py:927} WARNING - No viable dags retrieved from /opt/airflow/dags/script/example/dag_with_cron_expression.py
[2024-12-02T14:47:04.625+0000] {processor.py:208} INFO - Processing /opt/airflow/dags/script/example/dag_with_cron_expression.py took 0.015 seconds
[2024-12-02T14:47:35.437+0000] {processor.py:186} INFO - Started process (PID=5818) to work on /opt/airflow/dags/script/example/dag_with_cron_expression.py
[2024-12-02T14:47:35.438+0000] {processor.py:914} INFO - Processing file /opt/airflow/dags/script/example/dag_with_cron_expression.py for tasks to queue
[2024-12-02T14:47:35.440+0000] {logging_mixin.py:190} INFO - [2024-12-02T14:47:35.440+0000] {dagbag.py:588} INFO - Filling up the DagBag from /opt/airflow/dags/script/example/dag_with_cron_expression.py
[2024-12-02T14:47:35.441+0000] {processor.py:927} WARNING - No viable dags retrieved from /opt/airflow/dags/script/example/dag_with_cron_expression.py
[2024-12-02T14:47:35.446+0000] {processor.py:208} INFO - Processing /opt/airflow/dags/script/example/dag_with_cron_expression.py took 0.011 seconds
[2024-12-02T14:48:06.193+0000] {processor.py:186} INFO - Started process (PID=5919) to work on /opt/airflow/dags/script/example/dag_with_cron_expression.py
[2024-12-02T14:48:06.194+0000] {processor.py:914} INFO - Processing file /opt/airflow/dags/script/example/dag_with_cron_expression.py for tasks to queue
[2024-12-02T14:48:06.194+0000] {logging_mixin.py:190} INFO - [2024-12-02T14:48:06.194+0000] {dagbag.py:588} INFO - Filling up the DagBag from /opt/airflow/dags/script/example/dag_with_cron_expression.py
[2024-12-02T14:48:06.197+0000] {processor.py:927} WARNING - No viable dags retrieved from /opt/airflow/dags/script/example/dag_with_cron_expression.py
[2024-12-02T14:48:06.203+0000] {processor.py:208} INFO - Processing /opt/airflow/dags/script/example/dag_with_cron_expression.py took 0.012 seconds
[2024-12-02T14:48:36.916+0000] {processor.py:186} INFO - Started process (PID=6020) to work on /opt/airflow/dags/script/example/dag_with_cron_expression.py
[2024-12-02T14:48:36.916+0000] {processor.py:914} INFO - Processing file /opt/airflow/dags/script/example/dag_with_cron_expression.py for tasks to queue
[2024-12-02T14:48:36.917+0000] {logging_mixin.py:190} INFO - [2024-12-02T14:48:36.917+0000] {dagbag.py:588} INFO - Filling up the DagBag from /opt/airflow/dags/script/example/dag_with_cron_expression.py
[2024-12-02T14:48:36.920+0000] {processor.py:927} WARNING - No viable dags retrieved from /opt/airflow/dags/script/example/dag_with_cron_expression.py
[2024-12-02T14:48:36.925+0000] {processor.py:208} INFO - Processing /opt/airflow/dags/script/example/dag_with_cron_expression.py took 0.012 seconds
[2024-12-02T14:49:07.735+0000] {processor.py:186} INFO - Started process (PID=6121) to work on /opt/airflow/dags/script/example/dag_with_cron_expression.py
[2024-12-02T14:49:07.735+0000] {processor.py:914} INFO - Processing file /opt/airflow/dags/script/example/dag_with_cron_expression.py for tasks to queue
[2024-12-02T14:49:07.736+0000] {logging_mixin.py:190} INFO - [2024-12-02T14:49:07.736+0000] {dagbag.py:588} INFO - Filling up the DagBag from /opt/airflow/dags/script/example/dag_with_cron_expression.py
[2024-12-02T14:49:07.738+0000] {processor.py:927} WARNING - No viable dags retrieved from /opt/airflow/dags/script/example/dag_with_cron_expression.py
[2024-12-02T14:49:07.744+0000] {processor.py:208} INFO - Processing /opt/airflow/dags/script/example/dag_with_cron_expression.py took 0.012 seconds
[2024-12-02T14:49:38.630+0000] {processor.py:186} INFO - Started process (PID=6222) to work on /opt/airflow/dags/script/example/dag_with_cron_expression.py
[2024-12-02T14:49:38.630+0000] {processor.py:914} INFO - Processing file /opt/airflow/dags/script/example/dag_with_cron_expression.py for tasks to queue
[2024-12-02T14:49:38.633+0000] {logging_mixin.py:190} INFO - [2024-12-02T14:49:38.633+0000] {dagbag.py:588} INFO - Filling up the DagBag from /opt/airflow/dags/script/example/dag_with_cron_expression.py
[2024-12-02T14:49:38.634+0000] {processor.py:927} WARNING - No viable dags retrieved from /opt/airflow/dags/script/example/dag_with_cron_expression.py
[2024-12-02T14:49:38.640+0000] {processor.py:208} INFO - Processing /opt/airflow/dags/script/example/dag_with_cron_expression.py took 0.013 seconds
[2024-12-02T14:50:09.370+0000] {processor.py:186} INFO - Started process (PID=6323) to work on /opt/airflow/dags/script/example/dag_with_cron_expression.py
[2024-12-02T14:50:09.371+0000] {processor.py:914} INFO - Processing file /opt/airflow/dags/script/example/dag_with_cron_expression.py for tasks to queue
[2024-12-02T14:50:09.372+0000] {logging_mixin.py:190} INFO - [2024-12-02T14:50:09.372+0000] {dagbag.py:588} INFO - Filling up the DagBag from /opt/airflow/dags/script/example/dag_with_cron_expression.py
[2024-12-02T14:50:09.374+0000] {processor.py:927} WARNING - No viable dags retrieved from /opt/airflow/dags/script/example/dag_with_cron_expression.py
[2024-12-02T14:50:09.380+0000] {processor.py:208} INFO - Processing /opt/airflow/dags/script/example/dag_with_cron_expression.py took 0.013 seconds
[2024-12-02T14:50:40.127+0000] {processor.py:186} INFO - Started process (PID=6425) to work on /opt/airflow/dags/script/example/dag_with_cron_expression.py
[2024-12-02T14:50:40.127+0000] {processor.py:914} INFO - Processing file /opt/airflow/dags/script/example/dag_with_cron_expression.py for tasks to queue
[2024-12-02T14:50:40.129+0000] {logging_mixin.py:190} INFO - [2024-12-02T14:50:40.129+0000] {dagbag.py:588} INFO - Filling up the DagBag from /opt/airflow/dags/script/example/dag_with_cron_expression.py
[2024-12-02T14:50:40.130+0000] {processor.py:927} WARNING - No viable dags retrieved from /opt/airflow/dags/script/example/dag_with_cron_expression.py
[2024-12-02T14:50:40.136+0000] {processor.py:208} INFO - Processing /opt/airflow/dags/script/example/dag_with_cron_expression.py took 0.012 seconds
[2024-12-02T14:51:10.852+0000] {processor.py:186} INFO - Started process (PID=6527) to work on /opt/airflow/dags/script/example/dag_with_cron_expression.py
[2024-12-02T14:51:10.853+0000] {processor.py:914} INFO - Processing file /opt/airflow/dags/script/example/dag_with_cron_expression.py for tasks to queue
[2024-12-02T14:51:10.854+0000] {logging_mixin.py:190} INFO - [2024-12-02T14:51:10.854+0000] {dagbag.py:588} INFO - Filling up the DagBag from /opt/airflow/dags/script/example/dag_with_cron_expression.py
[2024-12-02T14:51:10.856+0000] {processor.py:927} WARNING - No viable dags retrieved from /opt/airflow/dags/script/example/dag_with_cron_expression.py
[2024-12-02T14:51:10.863+0000] {processor.py:208} INFO - Processing /opt/airflow/dags/script/example/dag_with_cron_expression.py took 0.013 seconds
[2024-12-02T14:51:41.601+0000] {processor.py:186} INFO - Started process (PID=6628) to work on /opt/airflow/dags/script/example/dag_with_cron_expression.py
[2024-12-02T14:51:41.601+0000] {processor.py:914} INFO - Processing file /opt/airflow/dags/script/example/dag_with_cron_expression.py for tasks to queue
[2024-12-02T14:51:41.602+0000] {logging_mixin.py:190} INFO - [2024-12-02T14:51:41.602+0000] {dagbag.py:588} INFO - Filling up the DagBag from /opt/airflow/dags/script/example/dag_with_cron_expression.py
[2024-12-02T14:51:41.603+0000] {processor.py:927} WARNING - No viable dags retrieved from /opt/airflow/dags/script/example/dag_with_cron_expression.py
[2024-12-02T14:51:41.608+0000] {processor.py:208} INFO - Processing /opt/airflow/dags/script/example/dag_with_cron_expression.py took 0.009 seconds
[2024-12-02T14:52:12.363+0000] {processor.py:186} INFO - Started process (PID=6729) to work on /opt/airflow/dags/script/example/dag_with_cron_expression.py
[2024-12-02T14:52:12.363+0000] {processor.py:914} INFO - Processing file /opt/airflow/dags/script/example/dag_with_cron_expression.py for tasks to queue
[2024-12-02T14:52:12.364+0000] {logging_mixin.py:190} INFO - [2024-12-02T14:52:12.364+0000] {dagbag.py:588} INFO - Filling up the DagBag from /opt/airflow/dags/script/example/dag_with_cron_expression.py
[2024-12-02T14:52:12.367+0000] {processor.py:927} WARNING - No viable dags retrieved from /opt/airflow/dags/script/example/dag_with_cron_expression.py
[2024-12-02T14:52:12.375+0000] {processor.py:208} INFO - Processing /opt/airflow/dags/script/example/dag_with_cron_expression.py took 0.015 seconds
[2024-12-02T14:52:43.175+0000] {processor.py:186} INFO - Started process (PID=6828) to work on /opt/airflow/dags/script/example/dag_with_cron_expression.py
[2024-12-02T14:52:43.176+0000] {processor.py:914} INFO - Processing file /opt/airflow/dags/script/example/dag_with_cron_expression.py for tasks to queue
[2024-12-02T14:52:43.178+0000] {logging_mixin.py:190} INFO - [2024-12-02T14:52:43.177+0000] {dagbag.py:588} INFO - Filling up the DagBag from /opt/airflow/dags/script/example/dag_with_cron_expression.py
[2024-12-02T14:52:43.179+0000] {processor.py:927} WARNING - No viable dags retrieved from /opt/airflow/dags/script/example/dag_with_cron_expression.py
[2024-12-02T14:52:43.185+0000] {processor.py:208} INFO - Processing /opt/airflow/dags/script/example/dag_with_cron_expression.py took 0.013 seconds
[2024-12-02T14:53:13.971+0000] {processor.py:186} INFO - Started process (PID=6929) to work on /opt/airflow/dags/script/example/dag_with_cron_expression.py
[2024-12-02T14:53:13.971+0000] {processor.py:914} INFO - Processing file /opt/airflow/dags/script/example/dag_with_cron_expression.py for tasks to queue
[2024-12-02T14:53:13.973+0000] {logging_mixin.py:190} INFO - [2024-12-02T14:53:13.972+0000] {dagbag.py:588} INFO - Filling up the DagBag from /opt/airflow/dags/script/example/dag_with_cron_expression.py
[2024-12-02T14:53:13.975+0000] {processor.py:927} WARNING - No viable dags retrieved from /opt/airflow/dags/script/example/dag_with_cron_expression.py
[2024-12-02T14:53:13.981+0000] {processor.py:208} INFO - Processing /opt/airflow/dags/script/example/dag_with_cron_expression.py took 0.014 seconds
[2024-12-02T14:53:44.730+0000] {processor.py:186} INFO - Started process (PID=7032) to work on /opt/airflow/dags/script/example/dag_with_cron_expression.py
[2024-12-02T14:53:44.731+0000] {processor.py:914} INFO - Processing file /opt/airflow/dags/script/example/dag_with_cron_expression.py for tasks to queue
[2024-12-02T14:53:44.732+0000] {logging_mixin.py:190} INFO - [2024-12-02T14:53:44.732+0000] {dagbag.py:588} INFO - Filling up the DagBag from /opt/airflow/dags/script/example/dag_with_cron_expression.py
[2024-12-02T14:53:44.733+0000] {processor.py:927} WARNING - No viable dags retrieved from /opt/airflow/dags/script/example/dag_with_cron_expression.py
[2024-12-02T14:53:44.737+0000] {processor.py:208} INFO - Processing /opt/airflow/dags/script/example/dag_with_cron_expression.py took 0.009 seconds
[2024-12-02T14:54:15.478+0000] {processor.py:186} INFO - Started process (PID=7131) to work on /opt/airflow/dags/script/example/dag_with_cron_expression.py
[2024-12-02T14:54:15.479+0000] {processor.py:914} INFO - Processing file /opt/airflow/dags/script/example/dag_with_cron_expression.py for tasks to queue
[2024-12-02T14:54:15.479+0000] {logging_mixin.py:190} INFO - [2024-12-02T14:54:15.479+0000] {dagbag.py:588} INFO - Filling up the DagBag from /opt/airflow/dags/script/example/dag_with_cron_expression.py
[2024-12-02T14:54:15.481+0000] {processor.py:927} WARNING - No viable dags retrieved from /opt/airflow/dags/script/example/dag_with_cron_expression.py
[2024-12-02T14:54:15.488+0000] {processor.py:208} INFO - Processing /opt/airflow/dags/script/example/dag_with_cron_expression.py took 0.012 seconds
[2024-12-02T14:54:46.242+0000] {processor.py:186} INFO - Started process (PID=7232) to work on /opt/airflow/dags/script/example/dag_with_cron_expression.py
[2024-12-02T14:54:46.242+0000] {processor.py:914} INFO - Processing file /opt/airflow/dags/script/example/dag_with_cron_expression.py for tasks to queue
[2024-12-02T14:54:46.243+0000] {logging_mixin.py:190} INFO - [2024-12-02T14:54:46.243+0000] {dagbag.py:588} INFO - Filling up the DagBag from /opt/airflow/dags/script/example/dag_with_cron_expression.py
[2024-12-02T14:54:46.244+0000] {processor.py:927} WARNING - No viable dags retrieved from /opt/airflow/dags/script/example/dag_with_cron_expression.py
[2024-12-02T14:54:46.251+0000] {processor.py:208} INFO - Processing /opt/airflow/dags/script/example/dag_with_cron_expression.py took 0.012 seconds
[2024-12-02T14:55:16.937+0000] {processor.py:186} INFO - Started process (PID=7333) to work on /opt/airflow/dags/script/example/dag_with_cron_expression.py
[2024-12-02T14:55:16.938+0000] {processor.py:914} INFO - Processing file /opt/airflow/dags/script/example/dag_with_cron_expression.py for tasks to queue
[2024-12-02T14:55:16.940+0000] {logging_mixin.py:190} INFO - [2024-12-02T14:55:16.939+0000] {dagbag.py:588} INFO - Filling up the DagBag from /opt/airflow/dags/script/example/dag_with_cron_expression.py
[2024-12-02T14:55:16.942+0000] {processor.py:927} WARNING - No viable dags retrieved from /opt/airflow/dags/script/example/dag_with_cron_expression.py
[2024-12-02T14:55:16.947+0000] {processor.py:208} INFO - Processing /opt/airflow/dags/script/example/dag_with_cron_expression.py took 0.012 seconds
[2024-12-02T14:55:47.754+0000] {processor.py:186} INFO - Started process (PID=7443) to work on /opt/airflow/dags/script/example/dag_with_cron_expression.py
[2024-12-02T14:55:47.754+0000] {processor.py:914} INFO - Processing file /opt/airflow/dags/script/example/dag_with_cron_expression.py for tasks to queue
[2024-12-02T14:55:47.755+0000] {logging_mixin.py:190} INFO - [2024-12-02T14:55:47.755+0000] {dagbag.py:588} INFO - Filling up the DagBag from /opt/airflow/dags/script/example/dag_with_cron_expression.py
[2024-12-02T14:55:47.756+0000] {processor.py:927} WARNING - No viable dags retrieved from /opt/airflow/dags/script/example/dag_with_cron_expression.py
[2024-12-02T14:55:47.763+0000] {processor.py:208} INFO - Processing /opt/airflow/dags/script/example/dag_with_cron_expression.py took 0.011 seconds
[2024-12-02T14:56:18.554+0000] {processor.py:186} INFO - Started process (PID=7542) to work on /opt/airflow/dags/script/example/dag_with_cron_expression.py
[2024-12-02T14:56:18.555+0000] {processor.py:914} INFO - Processing file /opt/airflow/dags/script/example/dag_with_cron_expression.py for tasks to queue
[2024-12-02T14:56:18.557+0000] {logging_mixin.py:190} INFO - [2024-12-02T14:56:18.556+0000] {dagbag.py:588} INFO - Filling up the DagBag from /opt/airflow/dags/script/example/dag_with_cron_expression.py
[2024-12-02T14:56:18.560+0000] {processor.py:927} WARNING - No viable dags retrieved from /opt/airflow/dags/script/example/dag_with_cron_expression.py
[2024-12-02T14:56:18.566+0000] {processor.py:208} INFO - Processing /opt/airflow/dags/script/example/dag_with_cron_expression.py took 0.014 seconds
[2024-12-02T14:56:49.245+0000] {processor.py:186} INFO - Started process (PID=7645) to work on /opt/airflow/dags/script/example/dag_with_cron_expression.py
[2024-12-02T14:56:49.246+0000] {processor.py:914} INFO - Processing file /opt/airflow/dags/script/example/dag_with_cron_expression.py for tasks to queue
[2024-12-02T14:56:49.247+0000] {logging_mixin.py:190} INFO - [2024-12-02T14:56:49.247+0000] {dagbag.py:588} INFO - Filling up the DagBag from /opt/airflow/dags/script/example/dag_with_cron_expression.py
[2024-12-02T14:56:49.248+0000] {processor.py:927} WARNING - No viable dags retrieved from /opt/airflow/dags/script/example/dag_with_cron_expression.py
[2024-12-02T14:56:49.255+0000] {processor.py:208} INFO - Processing /opt/airflow/dags/script/example/dag_with_cron_expression.py took 0.012 seconds
[2024-12-02T14:57:20.086+0000] {processor.py:186} INFO - Started process (PID=7746) to work on /opt/airflow/dags/script/example/dag_with_cron_expression.py
[2024-12-02T14:57:20.086+0000] {processor.py:914} INFO - Processing file /opt/airflow/dags/script/example/dag_with_cron_expression.py for tasks to queue
[2024-12-02T14:57:20.087+0000] {logging_mixin.py:190} INFO - [2024-12-02T14:57:20.087+0000] {dagbag.py:588} INFO - Filling up the DagBag from /opt/airflow/dags/script/example/dag_with_cron_expression.py
[2024-12-02T14:57:20.088+0000] {processor.py:927} WARNING - No viable dags retrieved from /opt/airflow/dags/script/example/dag_with_cron_expression.py
[2024-12-02T14:57:20.093+0000] {processor.py:208} INFO - Processing /opt/airflow/dags/script/example/dag_with_cron_expression.py took 0.009 seconds
[2024-12-02T14:57:50.766+0000] {processor.py:186} INFO - Started process (PID=7845) to work on /opt/airflow/dags/script/example/dag_with_cron_expression.py
[2024-12-02T14:57:50.767+0000] {processor.py:914} INFO - Processing file /opt/airflow/dags/script/example/dag_with_cron_expression.py for tasks to queue
[2024-12-02T14:57:50.768+0000] {logging_mixin.py:190} INFO - [2024-12-02T14:57:50.768+0000] {dagbag.py:588} INFO - Filling up the DagBag from /opt/airflow/dags/script/example/dag_with_cron_expression.py
[2024-12-02T14:57:50.769+0000] {processor.py:927} WARNING - No viable dags retrieved from /opt/airflow/dags/script/example/dag_with_cron_expression.py
[2024-12-02T14:57:50.774+0000] {processor.py:208} INFO - Processing /opt/airflow/dags/script/example/dag_with_cron_expression.py took 0.010 seconds
[2024-12-02T14:58:21.490+0000] {processor.py:186} INFO - Started process (PID=7946) to work on /opt/airflow/dags/script/example/dag_with_cron_expression.py
[2024-12-02T14:58:21.491+0000] {processor.py:914} INFO - Processing file /opt/airflow/dags/script/example/dag_with_cron_expression.py for tasks to queue
[2024-12-02T14:58:21.492+0000] {logging_mixin.py:190} INFO - [2024-12-02T14:58:21.492+0000] {dagbag.py:588} INFO - Filling up the DagBag from /opt/airflow/dags/script/example/dag_with_cron_expression.py
[2024-12-02T14:58:21.494+0000] {processor.py:927} WARNING - No viable dags retrieved from /opt/airflow/dags/script/example/dag_with_cron_expression.py
[2024-12-02T14:58:21.500+0000] {processor.py:208} INFO - Processing /opt/airflow/dags/script/example/dag_with_cron_expression.py took 0.012 seconds
[2024-12-02T14:58:52.225+0000] {processor.py:186} INFO - Started process (PID=8047) to work on /opt/airflow/dags/script/example/dag_with_cron_expression.py
[2024-12-02T14:58:52.225+0000] {processor.py:914} INFO - Processing file /opt/airflow/dags/script/example/dag_with_cron_expression.py for tasks to queue
[2024-12-02T14:58:52.226+0000] {logging_mixin.py:190} INFO - [2024-12-02T14:58:52.226+0000] {dagbag.py:588} INFO - Filling up the DagBag from /opt/airflow/dags/script/example/dag_with_cron_expression.py
[2024-12-02T14:58:52.228+0000] {processor.py:927} WARNING - No viable dags retrieved from /opt/airflow/dags/script/example/dag_with_cron_expression.py
[2024-12-02T14:58:52.234+0000] {processor.py:208} INFO - Processing /opt/airflow/dags/script/example/dag_with_cron_expression.py took 0.012 seconds
[2024-12-02T14:59:23.021+0000] {processor.py:186} INFO - Started process (PID=8148) to work on /opt/airflow/dags/script/example/dag_with_cron_expression.py
[2024-12-02T14:59:23.021+0000] {processor.py:914} INFO - Processing file /opt/airflow/dags/script/example/dag_with_cron_expression.py for tasks to queue
[2024-12-02T14:59:23.022+0000] {logging_mixin.py:190} INFO - [2024-12-02T14:59:23.022+0000] {dagbag.py:588} INFO - Filling up the DagBag from /opt/airflow/dags/script/example/dag_with_cron_expression.py
[2024-12-02T14:59:23.026+0000] {processor.py:927} WARNING - No viable dags retrieved from /opt/airflow/dags/script/example/dag_with_cron_expression.py
[2024-12-02T14:59:23.031+0000] {processor.py:208} INFO - Processing /opt/airflow/dags/script/example/dag_with_cron_expression.py took 0.013 seconds
[2024-12-02T14:59:53.885+0000] {processor.py:186} INFO - Started process (PID=8249) to work on /opt/airflow/dags/script/example/dag_with_cron_expression.py
[2024-12-02T14:59:53.886+0000] {processor.py:914} INFO - Processing file /opt/airflow/dags/script/example/dag_with_cron_expression.py for tasks to queue
[2024-12-02T14:59:53.887+0000] {logging_mixin.py:190} INFO - [2024-12-02T14:59:53.887+0000] {dagbag.py:588} INFO - Filling up the DagBag from /opt/airflow/dags/script/example/dag_with_cron_expression.py
[2024-12-02T14:59:53.888+0000] {processor.py:927} WARNING - No viable dags retrieved from /opt/airflow/dags/script/example/dag_with_cron_expression.py
[2024-12-02T14:59:53.894+0000] {processor.py:208} INFO - Processing /opt/airflow/dags/script/example/dag_with_cron_expression.py took 0.011 seconds
[2024-12-02T15:00:24.580+0000] {processor.py:186} INFO - Started process (PID=8350) to work on /opt/airflow/dags/script/example/dag_with_cron_expression.py
[2024-12-02T15:00:24.582+0000] {processor.py:914} INFO - Processing file /opt/airflow/dags/script/example/dag_with_cron_expression.py for tasks to queue
[2024-12-02T15:00:24.583+0000] {logging_mixin.py:190} INFO - [2024-12-02T15:00:24.583+0000] {dagbag.py:588} INFO - Filling up the DagBag from /opt/airflow/dags/script/example/dag_with_cron_expression.py
[2024-12-02T15:00:24.584+0000] {processor.py:927} WARNING - No viable dags retrieved from /opt/airflow/dags/script/example/dag_with_cron_expression.py
[2024-12-02T15:00:24.589+0000] {processor.py:208} INFO - Processing /opt/airflow/dags/script/example/dag_with_cron_expression.py took 0.011 seconds
[2024-12-02T15:00:55.432+0000] {processor.py:186} INFO - Started process (PID=8453) to work on /opt/airflow/dags/script/example/dag_with_cron_expression.py
[2024-12-02T15:00:55.432+0000] {processor.py:914} INFO - Processing file /opt/airflow/dags/script/example/dag_with_cron_expression.py for tasks to queue
[2024-12-02T15:00:55.433+0000] {logging_mixin.py:190} INFO - [2024-12-02T15:00:55.433+0000] {dagbag.py:588} INFO - Filling up the DagBag from /opt/airflow/dags/script/example/dag_with_cron_expression.py
[2024-12-02T15:00:55.435+0000] {processor.py:927} WARNING - No viable dags retrieved from /opt/airflow/dags/script/example/dag_with_cron_expression.py
[2024-12-02T15:00:55.443+0000] {processor.py:208} INFO - Processing /opt/airflow/dags/script/example/dag_with_cron_expression.py took 0.014 seconds
[2024-12-02T15:01:26.172+0000] {processor.py:186} INFO - Started process (PID=8554) to work on /opt/airflow/dags/script/example/dag_with_cron_expression.py
[2024-12-02T15:01:26.173+0000] {processor.py:914} INFO - Processing file /opt/airflow/dags/script/example/dag_with_cron_expression.py for tasks to queue
[2024-12-02T15:01:26.173+0000] {logging_mixin.py:190} INFO - [2024-12-02T15:01:26.173+0000] {dagbag.py:588} INFO - Filling up the DagBag from /opt/airflow/dags/script/example/dag_with_cron_expression.py
[2024-12-02T15:01:26.174+0000] {processor.py:927} WARNING - No viable dags retrieved from /opt/airflow/dags/script/example/dag_with_cron_expression.py
[2024-12-02T15:01:26.179+0000] {processor.py:208} INFO - Processing /opt/airflow/dags/script/example/dag_with_cron_expression.py took 0.009 seconds
[2024-12-02T15:01:56.943+0000] {processor.py:186} INFO - Started process (PID=8655) to work on /opt/airflow/dags/script/example/dag_with_cron_expression.py
[2024-12-02T15:01:56.944+0000] {processor.py:914} INFO - Processing file /opt/airflow/dags/script/example/dag_with_cron_expression.py for tasks to queue
[2024-12-02T15:01:56.944+0000] {logging_mixin.py:190} INFO - [2024-12-02T15:01:56.944+0000] {dagbag.py:588} INFO - Filling up the DagBag from /opt/airflow/dags/script/example/dag_with_cron_expression.py
[2024-12-02T15:01:56.945+0000] {processor.py:927} WARNING - No viable dags retrieved from /opt/airflow/dags/script/example/dag_with_cron_expression.py
[2024-12-02T15:01:56.950+0000] {processor.py:208} INFO - Processing /opt/airflow/dags/script/example/dag_with_cron_expression.py took 0.009 seconds
[2024-12-02T15:02:27.779+0000] {processor.py:186} INFO - Started process (PID=8754) to work on /opt/airflow/dags/script/example/dag_with_cron_expression.py
[2024-12-02T15:02:27.780+0000] {processor.py:914} INFO - Processing file /opt/airflow/dags/script/example/dag_with_cron_expression.py for tasks to queue
[2024-12-02T15:02:27.782+0000] {logging_mixin.py:190} INFO - [2024-12-02T15:02:27.782+0000] {dagbag.py:588} INFO - Filling up the DagBag from /opt/airflow/dags/script/example/dag_with_cron_expression.py
[2024-12-02T15:02:27.783+0000] {processor.py:927} WARNING - No viable dags retrieved from /opt/airflow/dags/script/example/dag_with_cron_expression.py
[2024-12-02T15:02:27.788+0000] {processor.py:208} INFO - Processing /opt/airflow/dags/script/example/dag_with_cron_expression.py took 0.012 seconds
[2024-12-02T15:02:58.568+0000] {processor.py:186} INFO - Started process (PID=8855) to work on /opt/airflow/dags/script/example/dag_with_cron_expression.py
[2024-12-02T15:02:58.569+0000] {processor.py:914} INFO - Processing file /opt/airflow/dags/script/example/dag_with_cron_expression.py for tasks to queue
[2024-12-02T15:02:58.570+0000] {logging_mixin.py:190} INFO - [2024-12-02T15:02:58.570+0000] {dagbag.py:588} INFO - Filling up the DagBag from /opt/airflow/dags/script/example/dag_with_cron_expression.py
[2024-12-02T15:02:58.571+0000] {processor.py:927} WARNING - No viable dags retrieved from /opt/airflow/dags/script/example/dag_with_cron_expression.py
[2024-12-02T15:02:58.576+0000] {processor.py:208} INFO - Processing /opt/airflow/dags/script/example/dag_with_cron_expression.py took 0.011 seconds
[2024-12-02T15:03:29.304+0000] {processor.py:186} INFO - Started process (PID=8956) to work on /opt/airflow/dags/script/example/dag_with_cron_expression.py
[2024-12-02T15:03:29.305+0000] {processor.py:914} INFO - Processing file /opt/airflow/dags/script/example/dag_with_cron_expression.py for tasks to queue
[2024-12-02T15:03:29.306+0000] {logging_mixin.py:190} INFO - [2024-12-02T15:03:29.306+0000] {dagbag.py:588} INFO - Filling up the DagBag from /opt/airflow/dags/script/example/dag_with_cron_expression.py
[2024-12-02T15:03:29.308+0000] {processor.py:927} WARNING - No viable dags retrieved from /opt/airflow/dags/script/example/dag_with_cron_expression.py
[2024-12-02T15:03:29.314+0000] {processor.py:208} INFO - Processing /opt/airflow/dags/script/example/dag_with_cron_expression.py took 0.013 seconds
[2024-12-02T15:04:00.042+0000] {processor.py:186} INFO - Started process (PID=9057) to work on /opt/airflow/dags/script/example/dag_with_cron_expression.py
[2024-12-02T15:04:00.043+0000] {processor.py:914} INFO - Processing file /opt/airflow/dags/script/example/dag_with_cron_expression.py for tasks to queue
[2024-12-02T15:04:00.044+0000] {logging_mixin.py:190} INFO - [2024-12-02T15:04:00.044+0000] {dagbag.py:588} INFO - Filling up the DagBag from /opt/airflow/dags/script/example/dag_with_cron_expression.py
[2024-12-02T15:04:00.046+0000] {processor.py:927} WARNING - No viable dags retrieved from /opt/airflow/dags/script/example/dag_with_cron_expression.py
[2024-12-02T15:04:00.052+0000] {processor.py:208} INFO - Processing /opt/airflow/dags/script/example/dag_with_cron_expression.py took 0.013 seconds
[2024-12-02T15:04:30.797+0000] {processor.py:186} INFO - Started process (PID=9158) to work on /opt/airflow/dags/script/example/dag_with_cron_expression.py
[2024-12-02T15:04:30.799+0000] {processor.py:914} INFO - Processing file /opt/airflow/dags/script/example/dag_with_cron_expression.py for tasks to queue
[2024-12-02T15:04:30.800+0000] {logging_mixin.py:190} INFO - [2024-12-02T15:04:30.800+0000] {dagbag.py:588} INFO - Filling up the DagBag from /opt/airflow/dags/script/example/dag_with_cron_expression.py
[2024-12-02T15:04:30.801+0000] {processor.py:927} WARNING - No viable dags retrieved from /opt/airflow/dags/script/example/dag_with_cron_expression.py
[2024-12-02T15:04:30.807+0000] {processor.py:208} INFO - Processing /opt/airflow/dags/script/example/dag_with_cron_expression.py took 0.013 seconds
