[2024-12-02T14:19:22.488+0000] {processor.py:186} INFO - Started process (PID=234) to work on /opt/airflow/dags/script/example/dag_with_postgres_hook.py
[2024-12-02T14:19:22.490+0000] {processor.py:914} INFO - Processing file /opt/airflow/dags/script/example/dag_with_postgres_hook.py for tasks to queue
[2024-12-02T14:19:22.495+0000] {logging_mixin.py:190} INFO - [2024-12-02T14:19:22.495+0000] {dagbag.py:588} INFO - Filling up the DagBag from /opt/airflow/dags/script/example/dag_with_postgres_hook.py
[2024-12-02T14:19:22.508+0000] {processor.py:927} WARNING - No viable dags retrieved from /opt/airflow/dags/script/example/dag_with_postgres_hook.py
[2024-12-02T14:19:22.524+0000] {processor.py:208} INFO - Processing /opt/airflow/dags/script/example/dag_with_postgres_hook.py took 0.040 seconds
[2024-12-02T14:19:53.198+0000] {processor.py:186} INFO - Started process (PID=348) to work on /opt/airflow/dags/script/example/dag_with_postgres_hook.py
[2024-12-02T14:19:53.199+0000] {processor.py:914} INFO - Processing file /opt/airflow/dags/script/example/dag_with_postgres_hook.py for tasks to queue
[2024-12-02T14:19:53.199+0000] {logging_mixin.py:190} INFO - [2024-12-02T14:19:53.199+0000] {dagbag.py:588} INFO - Filling up the DagBag from /opt/airflow/dags/script/example/dag_with_postgres_hook.py
[2024-12-02T14:19:53.200+0000] {processor.py:927} WARNING - No viable dags retrieved from /opt/airflow/dags/script/example/dag_with_postgres_hook.py
[2024-12-02T14:19:53.205+0000] {processor.py:208} INFO - Processing /opt/airflow/dags/script/example/dag_with_postgres_hook.py took 0.009 seconds
[2024-12-02T14:20:23.910+0000] {processor.py:186} INFO - Started process (PID=449) to work on /opt/airflow/dags/script/example/dag_with_postgres_hook.py
[2024-12-02T14:20:23.911+0000] {processor.py:914} INFO - Processing file /opt/airflow/dags/script/example/dag_with_postgres_hook.py for tasks to queue
[2024-12-02T14:20:23.912+0000] {logging_mixin.py:190} INFO - [2024-12-02T14:20:23.912+0000] {dagbag.py:588} INFO - Filling up the DagBag from /opt/airflow/dags/script/example/dag_with_postgres_hook.py
[2024-12-02T14:20:23.914+0000] {processor.py:927} WARNING - No viable dags retrieved from /opt/airflow/dags/script/example/dag_with_postgres_hook.py
[2024-12-02T14:20:23.919+0000] {processor.py:208} INFO - Processing /opt/airflow/dags/script/example/dag_with_postgres_hook.py took 0.011 seconds
[2024-12-02T14:20:54.639+0000] {processor.py:186} INFO - Started process (PID=550) to work on /opt/airflow/dags/script/example/dag_with_postgres_hook.py
[2024-12-02T14:20:54.640+0000] {processor.py:914} INFO - Processing file /opt/airflow/dags/script/example/dag_with_postgres_hook.py for tasks to queue
[2024-12-02T14:20:54.641+0000] {logging_mixin.py:190} INFO - [2024-12-02T14:20:54.641+0000] {dagbag.py:588} INFO - Filling up the DagBag from /opt/airflow/dags/script/example/dag_with_postgres_hook.py
[2024-12-02T14:20:54.642+0000] {processor.py:927} WARNING - No viable dags retrieved from /opt/airflow/dags/script/example/dag_with_postgres_hook.py
[2024-12-02T14:20:54.649+0000] {processor.py:208} INFO - Processing /opt/airflow/dags/script/example/dag_with_postgres_hook.py took 0.012 seconds
[2024-12-02T14:21:25.329+0000] {processor.py:186} INFO - Started process (PID=651) to work on /opt/airflow/dags/script/example/dag_with_postgres_hook.py
[2024-12-02T14:21:25.331+0000] {processor.py:914} INFO - Processing file /opt/airflow/dags/script/example/dag_with_postgres_hook.py for tasks to queue
[2024-12-02T14:21:25.332+0000] {logging_mixin.py:190} INFO - [2024-12-02T14:21:25.331+0000] {dagbag.py:588} INFO - Filling up the DagBag from /opt/airflow/dags/script/example/dag_with_postgres_hook.py
[2024-12-02T14:21:25.333+0000] {processor.py:927} WARNING - No viable dags retrieved from /opt/airflow/dags/script/example/dag_with_postgres_hook.py
[2024-12-02T14:21:25.339+0000] {processor.py:208} INFO - Processing /opt/airflow/dags/script/example/dag_with_postgres_hook.py took 0.012 seconds
[2024-12-02T14:21:56.094+0000] {processor.py:186} INFO - Started process (PID=754) to work on /opt/airflow/dags/script/example/dag_with_postgres_hook.py
[2024-12-02T14:21:56.095+0000] {processor.py:914} INFO - Processing file /opt/airflow/dags/script/example/dag_with_postgres_hook.py for tasks to queue
[2024-12-02T14:21:56.095+0000] {logging_mixin.py:190} INFO - [2024-12-02T14:21:56.095+0000] {dagbag.py:588} INFO - Filling up the DagBag from /opt/airflow/dags/script/example/dag_with_postgres_hook.py
[2024-12-02T14:21:56.096+0000] {processor.py:927} WARNING - No viable dags retrieved from /opt/airflow/dags/script/example/dag_with_postgres_hook.py
[2024-12-02T14:21:56.101+0000] {processor.py:208} INFO - Processing /opt/airflow/dags/script/example/dag_with_postgres_hook.py took 0.009 seconds
[2024-12-02T14:22:26.684+0000] {processor.py:186} INFO - Started process (PID=853) to work on /opt/airflow/dags/script/example/dag_with_postgres_hook.py
[2024-12-02T14:22:26.685+0000] {processor.py:914} INFO - Processing file /opt/airflow/dags/script/example/dag_with_postgres_hook.py for tasks to queue
[2024-12-02T14:22:26.686+0000] {logging_mixin.py:190} INFO - [2024-12-02T14:22:26.686+0000] {dagbag.py:588} INFO - Filling up the DagBag from /opt/airflow/dags/script/example/dag_with_postgres_hook.py
[2024-12-02T14:22:26.688+0000] {processor.py:927} WARNING - No viable dags retrieved from /opt/airflow/dags/script/example/dag_with_postgres_hook.py
[2024-12-02T14:22:26.694+0000] {processor.py:208} INFO - Processing /opt/airflow/dags/script/example/dag_with_postgres_hook.py took 0.012 seconds
[2024-12-02T14:22:57.385+0000] {processor.py:186} INFO - Started process (PID=954) to work on /opt/airflow/dags/script/example/dag_with_postgres_hook.py
[2024-12-02T14:22:57.386+0000] {processor.py:914} INFO - Processing file /opt/airflow/dags/script/example/dag_with_postgres_hook.py for tasks to queue
[2024-12-02T14:22:57.387+0000] {logging_mixin.py:190} INFO - [2024-12-02T14:22:57.387+0000] {dagbag.py:588} INFO - Filling up the DagBag from /opt/airflow/dags/script/example/dag_with_postgres_hook.py
[2024-12-02T14:22:57.388+0000] {processor.py:927} WARNING - No viable dags retrieved from /opt/airflow/dags/script/example/dag_with_postgres_hook.py
[2024-12-02T14:22:57.393+0000] {processor.py:208} INFO - Processing /opt/airflow/dags/script/example/dag_with_postgres_hook.py took 0.010 seconds
[2024-12-02T14:23:28.096+0000] {processor.py:186} INFO - Started process (PID=1055) to work on /opt/airflow/dags/script/example/dag_with_postgres_hook.py
[2024-12-02T14:23:28.096+0000] {processor.py:914} INFO - Processing file /opt/airflow/dags/script/example/dag_with_postgres_hook.py for tasks to queue
[2024-12-02T14:23:28.097+0000] {logging_mixin.py:190} INFO - [2024-12-02T14:23:28.097+0000] {dagbag.py:588} INFO - Filling up the DagBag from /opt/airflow/dags/script/example/dag_with_postgres_hook.py
[2024-12-02T14:23:28.098+0000] {processor.py:927} WARNING - No viable dags retrieved from /opt/airflow/dags/script/example/dag_with_postgres_hook.py
[2024-12-02T14:23:28.103+0000] {processor.py:208} INFO - Processing /opt/airflow/dags/script/example/dag_with_postgres_hook.py took 0.010 seconds
[2024-12-02T14:23:59.134+0000] {processor.py:186} INFO - Started process (PID=1156) to work on /opt/airflow/dags/script/example/dag_with_postgres_hook.py
[2024-12-02T14:23:59.134+0000] {processor.py:914} INFO - Processing file /opt/airflow/dags/script/example/dag_with_postgres_hook.py for tasks to queue
[2024-12-02T14:23:59.135+0000] {logging_mixin.py:190} INFO - [2024-12-02T14:23:59.135+0000] {dagbag.py:588} INFO - Filling up the DagBag from /opt/airflow/dags/script/example/dag_with_postgres_hook.py
[2024-12-02T14:23:59.137+0000] {processor.py:927} WARNING - No viable dags retrieved from /opt/airflow/dags/script/example/dag_with_postgres_hook.py
[2024-12-02T14:23:59.142+0000] {processor.py:208} INFO - Processing /opt/airflow/dags/script/example/dag_with_postgres_hook.py took 0.011 seconds
[2024-12-02T14:24:30.368+0000] {processor.py:186} INFO - Started process (PID=1257) to work on /opt/airflow/dags/script/example/dag_with_postgres_hook.py
[2024-12-02T14:24:30.368+0000] {processor.py:914} INFO - Processing file /opt/airflow/dags/script/example/dag_with_postgres_hook.py for tasks to queue
[2024-12-02T14:24:30.370+0000] {logging_mixin.py:190} INFO - [2024-12-02T14:24:30.369+0000] {dagbag.py:588} INFO - Filling up the DagBag from /opt/airflow/dags/script/example/dag_with_postgres_hook.py
[2024-12-02T14:24:30.372+0000] {processor.py:927} WARNING - No viable dags retrieved from /opt/airflow/dags/script/example/dag_with_postgres_hook.py
[2024-12-02T14:24:30.458+0000] {processor.py:208} INFO - Processing /opt/airflow/dags/script/example/dag_with_postgres_hook.py took 0.092 seconds
[2024-12-02T14:25:01.374+0000] {processor.py:186} INFO - Started process (PID=1360) to work on /opt/airflow/dags/script/example/dag_with_postgres_hook.py
[2024-12-02T14:25:01.374+0000] {processor.py:914} INFO - Processing file /opt/airflow/dags/script/example/dag_with_postgres_hook.py for tasks to queue
[2024-12-02T14:25:01.375+0000] {logging_mixin.py:190} INFO - [2024-12-02T14:25:01.375+0000] {dagbag.py:588} INFO - Filling up the DagBag from /opt/airflow/dags/script/example/dag_with_postgres_hook.py
[2024-12-02T14:25:01.376+0000] {processor.py:927} WARNING - No viable dags retrieved from /opt/airflow/dags/script/example/dag_with_postgres_hook.py
[2024-12-02T14:25:01.383+0000] {processor.py:208} INFO - Processing /opt/airflow/dags/script/example/dag_with_postgres_hook.py took 0.012 seconds
[2024-12-02T14:25:32.119+0000] {processor.py:186} INFO - Started process (PID=1461) to work on /opt/airflow/dags/script/example/dag_with_postgres_hook.py
[2024-12-02T14:25:32.119+0000] {processor.py:914} INFO - Processing file /opt/airflow/dags/script/example/dag_with_postgres_hook.py for tasks to queue
[2024-12-02T14:25:32.120+0000] {logging_mixin.py:190} INFO - [2024-12-02T14:25:32.120+0000] {dagbag.py:588} INFO - Filling up the DagBag from /opt/airflow/dags/script/example/dag_with_postgres_hook.py
[2024-12-02T14:25:32.122+0000] {processor.py:927} WARNING - No viable dags retrieved from /opt/airflow/dags/script/example/dag_with_postgres_hook.py
[2024-12-02T14:25:32.128+0000] {processor.py:208} INFO - Processing /opt/airflow/dags/script/example/dag_with_postgres_hook.py took 0.012 seconds
[2024-12-02T14:26:02.858+0000] {processor.py:186} INFO - Started process (PID=1562) to work on /opt/airflow/dags/script/example/dag_with_postgres_hook.py
[2024-12-02T14:26:02.858+0000] {processor.py:914} INFO - Processing file /opt/airflow/dags/script/example/dag_with_postgres_hook.py for tasks to queue
[2024-12-02T14:26:02.859+0000] {logging_mixin.py:190} INFO - [2024-12-02T14:26:02.859+0000] {dagbag.py:588} INFO - Filling up the DagBag from /opt/airflow/dags/script/example/dag_with_postgres_hook.py
[2024-12-02T14:26:02.861+0000] {processor.py:927} WARNING - No viable dags retrieved from /opt/airflow/dags/script/example/dag_with_postgres_hook.py
[2024-12-02T14:26:02.867+0000] {processor.py:208} INFO - Processing /opt/airflow/dags/script/example/dag_with_postgres_hook.py took 0.012 seconds
[2024-12-02T14:26:33.570+0000] {processor.py:186} INFO - Started process (PID=1663) to work on /opt/airflow/dags/script/example/dag_with_postgres_hook.py
[2024-12-02T14:26:33.571+0000] {processor.py:914} INFO - Processing file /opt/airflow/dags/script/example/dag_with_postgres_hook.py for tasks to queue
[2024-12-02T14:26:33.572+0000] {logging_mixin.py:190} INFO - [2024-12-02T14:26:33.571+0000] {dagbag.py:588} INFO - Filling up the DagBag from /opt/airflow/dags/script/example/dag_with_postgres_hook.py
[2024-12-02T14:26:33.573+0000] {processor.py:927} WARNING - No viable dags retrieved from /opt/airflow/dags/script/example/dag_with_postgres_hook.py
[2024-12-02T14:26:33.579+0000] {processor.py:208} INFO - Processing /opt/airflow/dags/script/example/dag_with_postgres_hook.py took 0.011 seconds
[2024-12-02T14:27:04.503+0000] {processor.py:186} INFO - Started process (PID=1764) to work on /opt/airflow/dags/script/example/dag_with_postgres_hook.py
[2024-12-02T14:27:04.504+0000] {processor.py:914} INFO - Processing file /opt/airflow/dags/script/example/dag_with_postgres_hook.py for tasks to queue
[2024-12-02T14:27:04.505+0000] {logging_mixin.py:190} INFO - [2024-12-02T14:27:04.505+0000] {dagbag.py:588} INFO - Filling up the DagBag from /opt/airflow/dags/script/example/dag_with_postgres_hook.py
[2024-12-02T14:27:04.506+0000] {processor.py:927} WARNING - No viable dags retrieved from /opt/airflow/dags/script/example/dag_with_postgres_hook.py
[2024-12-02T14:27:04.513+0000] {processor.py:208} INFO - Processing /opt/airflow/dags/script/example/dag_with_postgres_hook.py took 0.014 seconds
[2024-12-02T14:27:35.170+0000] {processor.py:186} INFO - Started process (PID=1865) to work on /opt/airflow/dags/script/example/dag_with_postgres_hook.py
[2024-12-02T14:27:35.170+0000] {processor.py:914} INFO - Processing file /opt/airflow/dags/script/example/dag_with_postgres_hook.py for tasks to queue
[2024-12-02T14:27:35.171+0000] {logging_mixin.py:190} INFO - [2024-12-02T14:27:35.171+0000] {dagbag.py:588} INFO - Filling up the DagBag from /opt/airflow/dags/script/example/dag_with_postgres_hook.py
[2024-12-02T14:27:35.173+0000] {processor.py:927} WARNING - No viable dags retrieved from /opt/airflow/dags/script/example/dag_with_postgres_hook.py
[2024-12-02T14:27:35.180+0000] {processor.py:208} INFO - Processing /opt/airflow/dags/script/example/dag_with_postgres_hook.py took 0.013 seconds
[2024-12-02T14:28:05.871+0000] {processor.py:186} INFO - Started process (PID=1966) to work on /opt/airflow/dags/script/example/dag_with_postgres_hook.py
[2024-12-02T14:28:05.872+0000] {processor.py:914} INFO - Processing file /opt/airflow/dags/script/example/dag_with_postgres_hook.py for tasks to queue
[2024-12-02T14:28:05.873+0000] {logging_mixin.py:190} INFO - [2024-12-02T14:28:05.873+0000] {dagbag.py:588} INFO - Filling up the DagBag from /opt/airflow/dags/script/example/dag_with_postgres_hook.py
[2024-12-02T14:28:05.874+0000] {processor.py:927} WARNING - No viable dags retrieved from /opt/airflow/dags/script/example/dag_with_postgres_hook.py
[2024-12-02T14:28:05.880+0000] {processor.py:208} INFO - Processing /opt/airflow/dags/script/example/dag_with_postgres_hook.py took 0.011 seconds
[2024-12-02T14:28:36.621+0000] {processor.py:186} INFO - Started process (PID=2067) to work on /opt/airflow/dags/script/example/dag_with_postgres_hook.py
[2024-12-02T14:28:36.622+0000] {processor.py:914} INFO - Processing file /opt/airflow/dags/script/example/dag_with_postgres_hook.py for tasks to queue
[2024-12-02T14:28:36.623+0000] {logging_mixin.py:190} INFO - [2024-12-02T14:28:36.623+0000] {dagbag.py:588} INFO - Filling up the DagBag from /opt/airflow/dags/script/example/dag_with_postgres_hook.py
[2024-12-02T14:28:36.624+0000] {processor.py:927} WARNING - No viable dags retrieved from /opt/airflow/dags/script/example/dag_with_postgres_hook.py
[2024-12-02T14:28:36.630+0000] {processor.py:208} INFO - Processing /opt/airflow/dags/script/example/dag_with_postgres_hook.py took 0.012 seconds
[2024-12-02T14:29:07.423+0000] {processor.py:186} INFO - Started process (PID=2168) to work on /opt/airflow/dags/script/example/dag_with_postgres_hook.py
[2024-12-02T14:29:07.424+0000] {processor.py:914} INFO - Processing file /opt/airflow/dags/script/example/dag_with_postgres_hook.py for tasks to queue
[2024-12-02T14:29:07.426+0000] {logging_mixin.py:190} INFO - [2024-12-02T14:29:07.426+0000] {dagbag.py:588} INFO - Filling up the DagBag from /opt/airflow/dags/script/example/dag_with_postgres_hook.py
[2024-12-02T14:29:07.433+0000] {processor.py:927} WARNING - No viable dags retrieved from /opt/airflow/dags/script/example/dag_with_postgres_hook.py
[2024-12-02T14:29:07.441+0000] {processor.py:208} INFO - Processing /opt/airflow/dags/script/example/dag_with_postgres_hook.py took 0.021 seconds
[2024-12-02T14:29:38.166+0000] {processor.py:186} INFO - Started process (PID=2269) to work on /opt/airflow/dags/script/example/dag_with_postgres_hook.py
[2024-12-02T14:29:38.167+0000] {processor.py:914} INFO - Processing file /opt/airflow/dags/script/example/dag_with_postgres_hook.py for tasks to queue
[2024-12-02T14:29:38.167+0000] {logging_mixin.py:190} INFO - [2024-12-02T14:29:38.167+0000] {dagbag.py:588} INFO - Filling up the DagBag from /opt/airflow/dags/script/example/dag_with_postgres_hook.py
[2024-12-02T14:29:38.168+0000] {processor.py:927} WARNING - No viable dags retrieved from /opt/airflow/dags/script/example/dag_with_postgres_hook.py
[2024-12-02T14:29:38.174+0000] {processor.py:208} INFO - Processing /opt/airflow/dags/script/example/dag_with_postgres_hook.py took 0.010 seconds
[2024-12-02T14:30:08.944+0000] {processor.py:186} INFO - Started process (PID=2370) to work on /opt/airflow/dags/script/example/dag_with_postgres_hook.py
[2024-12-02T14:30:08.945+0000] {processor.py:914} INFO - Processing file /opt/airflow/dags/script/example/dag_with_postgres_hook.py for tasks to queue
[2024-12-02T14:30:08.946+0000] {logging_mixin.py:190} INFO - [2024-12-02T14:30:08.946+0000] {dagbag.py:588} INFO - Filling up the DagBag from /opt/airflow/dags/script/example/dag_with_postgres_hook.py
[2024-12-02T14:30:08.948+0000] {processor.py:927} WARNING - No viable dags retrieved from /opt/airflow/dags/script/example/dag_with_postgres_hook.py
[2024-12-02T14:30:08.956+0000] {processor.py:208} INFO - Processing /opt/airflow/dags/script/example/dag_with_postgres_hook.py took 0.015 seconds
[2024-12-02T14:30:39.718+0000] {processor.py:186} INFO - Started process (PID=2471) to work on /opt/airflow/dags/script/example/dag_with_postgres_hook.py
[2024-12-02T14:30:39.718+0000] {processor.py:914} INFO - Processing file /opt/airflow/dags/script/example/dag_with_postgres_hook.py for tasks to queue
[2024-12-02T14:30:39.719+0000] {logging_mixin.py:190} INFO - [2024-12-02T14:30:39.719+0000] {dagbag.py:588} INFO - Filling up the DagBag from /opt/airflow/dags/script/example/dag_with_postgres_hook.py
[2024-12-02T14:30:39.721+0000] {processor.py:927} WARNING - No viable dags retrieved from /opt/airflow/dags/script/example/dag_with_postgres_hook.py
[2024-12-02T14:30:39.728+0000] {processor.py:208} INFO - Processing /opt/airflow/dags/script/example/dag_with_postgres_hook.py took 0.013 seconds
[2024-12-02T14:31:10.456+0000] {processor.py:186} INFO - Started process (PID=2572) to work on /opt/airflow/dags/script/example/dag_with_postgres_hook.py
[2024-12-02T14:31:10.457+0000] {processor.py:914} INFO - Processing file /opt/airflow/dags/script/example/dag_with_postgres_hook.py for tasks to queue
[2024-12-02T14:31:10.458+0000] {logging_mixin.py:190} INFO - [2024-12-02T14:31:10.458+0000] {dagbag.py:588} INFO - Filling up the DagBag from /opt/airflow/dags/script/example/dag_with_postgres_hook.py
[2024-12-02T14:31:10.460+0000] {processor.py:927} WARNING - No viable dags retrieved from /opt/airflow/dags/script/example/dag_with_postgres_hook.py
[2024-12-02T14:31:10.466+0000] {processor.py:208} INFO - Processing /opt/airflow/dags/script/example/dag_with_postgres_hook.py took 0.013 seconds
[2024-12-02T14:31:41.178+0000] {processor.py:186} INFO - Started process (PID=2673) to work on /opt/airflow/dags/script/example/dag_with_postgres_hook.py
[2024-12-02T14:31:41.178+0000] {processor.py:914} INFO - Processing file /opt/airflow/dags/script/example/dag_with_postgres_hook.py for tasks to queue
[2024-12-02T14:31:41.179+0000] {logging_mixin.py:190} INFO - [2024-12-02T14:31:41.179+0000] {dagbag.py:588} INFO - Filling up the DagBag from /opt/airflow/dags/script/example/dag_with_postgres_hook.py
[2024-12-02T14:31:41.181+0000] {processor.py:927} WARNING - No viable dags retrieved from /opt/airflow/dags/script/example/dag_with_postgres_hook.py
[2024-12-02T14:31:41.188+0000] {processor.py:208} INFO - Processing /opt/airflow/dags/script/example/dag_with_postgres_hook.py took 0.014 seconds
[2024-12-02T14:32:11.928+0000] {processor.py:186} INFO - Started process (PID=2774) to work on /opt/airflow/dags/script/example/dag_with_postgres_hook.py
[2024-12-02T14:32:11.928+0000] {processor.py:914} INFO - Processing file /opt/airflow/dags/script/example/dag_with_postgres_hook.py for tasks to queue
[2024-12-02T14:32:11.929+0000] {logging_mixin.py:190} INFO - [2024-12-02T14:32:11.929+0000] {dagbag.py:588} INFO - Filling up the DagBag from /opt/airflow/dags/script/example/dag_with_postgres_hook.py
[2024-12-02T14:32:11.931+0000] {processor.py:927} WARNING - No viable dags retrieved from /opt/airflow/dags/script/example/dag_with_postgres_hook.py
[2024-12-02T14:32:11.937+0000] {processor.py:208} INFO - Processing /opt/airflow/dags/script/example/dag_with_postgres_hook.py took 0.012 seconds
[2024-12-02T14:32:42.607+0000] {processor.py:186} INFO - Started process (PID=2875) to work on /opt/airflow/dags/script/example/dag_with_postgres_hook.py
[2024-12-02T14:32:42.608+0000] {processor.py:914} INFO - Processing file /opt/airflow/dags/script/example/dag_with_postgres_hook.py for tasks to queue
[2024-12-02T14:32:42.609+0000] {logging_mixin.py:190} INFO - [2024-12-02T14:32:42.608+0000] {dagbag.py:588} INFO - Filling up the DagBag from /opt/airflow/dags/script/example/dag_with_postgres_hook.py
[2024-12-02T14:32:42.610+0000] {processor.py:927} WARNING - No viable dags retrieved from /opt/airflow/dags/script/example/dag_with_postgres_hook.py
[2024-12-02T14:32:42.617+0000] {processor.py:208} INFO - Processing /opt/airflow/dags/script/example/dag_with_postgres_hook.py took 0.014 seconds
[2024-12-02T14:33:13.345+0000] {processor.py:186} INFO - Started process (PID=2976) to work on /opt/airflow/dags/script/example/dag_with_postgres_hook.py
[2024-12-02T14:33:13.346+0000] {processor.py:914} INFO - Processing file /opt/airflow/dags/script/example/dag_with_postgres_hook.py for tasks to queue
[2024-12-02T14:33:13.347+0000] {logging_mixin.py:190} INFO - [2024-12-02T14:33:13.347+0000] {dagbag.py:588} INFO - Filling up the DagBag from /opt/airflow/dags/script/example/dag_with_postgres_hook.py
[2024-12-02T14:33:13.349+0000] {processor.py:927} WARNING - No viable dags retrieved from /opt/airflow/dags/script/example/dag_with_postgres_hook.py
[2024-12-02T14:33:13.355+0000] {processor.py:208} INFO - Processing /opt/airflow/dags/script/example/dag_with_postgres_hook.py took 0.013 seconds
[2024-12-02T14:33:43.715+0000] {processor.py:186} INFO - Started process (PID=3075) to work on /opt/airflow/dags/script/example/dag_with_postgres_hook.py
[2024-12-02T14:33:43.716+0000] {processor.py:914} INFO - Processing file /opt/airflow/dags/script/example/dag_with_postgres_hook.py for tasks to queue
[2024-12-02T14:33:43.720+0000] {logging_mixin.py:190} INFO - [2024-12-02T14:33:43.719+0000] {dagbag.py:588} INFO - Filling up the DagBag from /opt/airflow/dags/script/example/dag_with_postgres_hook.py
[2024-12-02T14:33:43.728+0000] {processor.py:927} WARNING - No viable dags retrieved from /opt/airflow/dags/script/example/dag_with_postgres_hook.py
[2024-12-02T14:33:43.746+0000] {processor.py:208} INFO - Processing /opt/airflow/dags/script/example/dag_with_postgres_hook.py took 0.033 seconds
[2024-12-02T14:34:15.253+0000] {processor.py:186} INFO - Started process (PID=3181) to work on /opt/airflow/dags/script/example/dag_with_postgres_hook.py
[2024-12-02T14:34:15.253+0000] {processor.py:914} INFO - Processing file /opt/airflow/dags/script/example/dag_with_postgres_hook.py for tasks to queue
[2024-12-02T14:34:15.255+0000] {logging_mixin.py:190} INFO - [2024-12-02T14:34:15.254+0000] {dagbag.py:588} INFO - Filling up the DagBag from /opt/airflow/dags/script/example/dag_with_postgres_hook.py
[2024-12-02T14:34:15.257+0000] {processor.py:927} WARNING - No viable dags retrieved from /opt/airflow/dags/script/example/dag_with_postgres_hook.py
[2024-12-02T14:34:15.273+0000] {processor.py:208} INFO - Processing /opt/airflow/dags/script/example/dag_with_postgres_hook.py took 0.030 seconds
[2024-12-02T14:34:45.976+0000] {processor.py:186} INFO - Started process (PID=3284) to work on /opt/airflow/dags/script/example/dag_with_postgres_hook.py
[2024-12-02T14:34:45.978+0000] {processor.py:914} INFO - Processing file /opt/airflow/dags/script/example/dag_with_postgres_hook.py for tasks to queue
[2024-12-02T14:34:45.979+0000] {logging_mixin.py:190} INFO - [2024-12-02T14:34:45.979+0000] {dagbag.py:588} INFO - Filling up the DagBag from /opt/airflow/dags/script/example/dag_with_postgres_hook.py
[2024-12-02T14:34:45.981+0000] {processor.py:927} WARNING - No viable dags retrieved from /opt/airflow/dags/script/example/dag_with_postgres_hook.py
[2024-12-02T14:34:45.990+0000] {processor.py:208} INFO - Processing /opt/airflow/dags/script/example/dag_with_postgres_hook.py took 0.017 seconds
[2024-12-02T14:35:16.756+0000] {processor.py:186} INFO - Started process (PID=3383) to work on /opt/airflow/dags/script/example/dag_with_postgres_hook.py
[2024-12-02T14:35:16.757+0000] {processor.py:914} INFO - Processing file /opt/airflow/dags/script/example/dag_with_postgres_hook.py for tasks to queue
[2024-12-02T14:35:16.758+0000] {logging_mixin.py:190} INFO - [2024-12-02T14:35:16.758+0000] {dagbag.py:588} INFO - Filling up the DagBag from /opt/airflow/dags/script/example/dag_with_postgres_hook.py
[2024-12-02T14:35:16.760+0000] {processor.py:927} WARNING - No viable dags retrieved from /opt/airflow/dags/script/example/dag_with_postgres_hook.py
[2024-12-02T14:35:16.767+0000] {processor.py:208} INFO - Processing /opt/airflow/dags/script/example/dag_with_postgres_hook.py took 0.014 seconds
[2024-12-02T14:35:47.496+0000] {processor.py:186} INFO - Started process (PID=3484) to work on /opt/airflow/dags/script/example/dag_with_postgres_hook.py
[2024-12-02T14:35:47.498+0000] {processor.py:914} INFO - Processing file /opt/airflow/dags/script/example/dag_with_postgres_hook.py for tasks to queue
[2024-12-02T14:35:47.499+0000] {logging_mixin.py:190} INFO - [2024-12-02T14:35:47.499+0000] {dagbag.py:588} INFO - Filling up the DagBag from /opt/airflow/dags/script/example/dag_with_postgres_hook.py
[2024-12-02T14:35:47.500+0000] {processor.py:927} WARNING - No viable dags retrieved from /opt/airflow/dags/script/example/dag_with_postgres_hook.py
[2024-12-02T14:35:47.506+0000] {processor.py:208} INFO - Processing /opt/airflow/dags/script/example/dag_with_postgres_hook.py took 0.013 seconds
[2024-12-02T14:36:18.604+0000] {processor.py:186} INFO - Started process (PID=3585) to work on /opt/airflow/dags/script/example/dag_with_postgres_hook.py
[2024-12-02T14:36:18.606+0000] {processor.py:914} INFO - Processing file /opt/airflow/dags/script/example/dag_with_postgres_hook.py for tasks to queue
[2024-12-02T14:36:18.607+0000] {logging_mixin.py:190} INFO - [2024-12-02T14:36:18.607+0000] {dagbag.py:588} INFO - Filling up the DagBag from /opt/airflow/dags/script/example/dag_with_postgres_hook.py
[2024-12-02T14:36:18.608+0000] {processor.py:927} WARNING - No viable dags retrieved from /opt/airflow/dags/script/example/dag_with_postgres_hook.py
[2024-12-02T14:36:18.615+0000] {processor.py:208} INFO - Processing /opt/airflow/dags/script/example/dag_with_postgres_hook.py took 0.014 seconds
[2024-12-02T14:36:49.348+0000] {processor.py:186} INFO - Started process (PID=3685) to work on /opt/airflow/dags/script/example/dag_with_postgres_hook.py
[2024-12-02T14:36:49.348+0000] {processor.py:914} INFO - Processing file /opt/airflow/dags/script/example/dag_with_postgres_hook.py for tasks to queue
[2024-12-02T14:36:49.349+0000] {logging_mixin.py:190} INFO - [2024-12-02T14:36:49.349+0000] {dagbag.py:588} INFO - Filling up the DagBag from /opt/airflow/dags/script/example/dag_with_postgres_hook.py
[2024-12-02T14:36:49.351+0000] {processor.py:927} WARNING - No viable dags retrieved from /opt/airflow/dags/script/example/dag_with_postgres_hook.py
[2024-12-02T14:36:49.357+0000] {processor.py:208} INFO - Processing /opt/airflow/dags/script/example/dag_with_postgres_hook.py took 0.012 seconds
[2024-12-02T14:37:20.097+0000] {processor.py:186} INFO - Started process (PID=3786) to work on /opt/airflow/dags/script/example/dag_with_postgres_hook.py
[2024-12-02T14:37:20.097+0000] {processor.py:914} INFO - Processing file /opt/airflow/dags/script/example/dag_with_postgres_hook.py for tasks to queue
[2024-12-02T14:37:20.099+0000] {logging_mixin.py:190} INFO - [2024-12-02T14:37:20.099+0000] {dagbag.py:588} INFO - Filling up the DagBag from /opt/airflow/dags/script/example/dag_with_postgres_hook.py
[2024-12-02T14:37:20.101+0000] {processor.py:927} WARNING - No viable dags retrieved from /opt/airflow/dags/script/example/dag_with_postgres_hook.py
[2024-12-02T14:37:20.107+0000] {processor.py:208} INFO - Processing /opt/airflow/dags/script/example/dag_with_postgres_hook.py took 0.012 seconds
[2024-12-02T14:37:50.797+0000] {processor.py:186} INFO - Started process (PID=3887) to work on /opt/airflow/dags/script/example/dag_with_postgres_hook.py
[2024-12-02T14:37:50.798+0000] {processor.py:914} INFO - Processing file /opt/airflow/dags/script/example/dag_with_postgres_hook.py for tasks to queue
[2024-12-02T14:37:50.800+0000] {logging_mixin.py:190} INFO - [2024-12-02T14:37:50.800+0000] {dagbag.py:588} INFO - Filling up the DagBag from /opt/airflow/dags/script/example/dag_with_postgres_hook.py
[2024-12-02T14:37:50.802+0000] {processor.py:927} WARNING - No viable dags retrieved from /opt/airflow/dags/script/example/dag_with_postgres_hook.py
[2024-12-02T14:37:50.807+0000] {processor.py:208} INFO - Processing /opt/airflow/dags/script/example/dag_with_postgres_hook.py took 0.012 seconds
[2024-12-02T14:38:21.555+0000] {processor.py:186} INFO - Started process (PID=3989) to work on /opt/airflow/dags/script/example/dag_with_postgres_hook.py
[2024-12-02T14:38:21.555+0000] {processor.py:914} INFO - Processing file /opt/airflow/dags/script/example/dag_with_postgres_hook.py for tasks to queue
[2024-12-02T14:38:21.556+0000] {logging_mixin.py:190} INFO - [2024-12-02T14:38:21.556+0000] {dagbag.py:588} INFO - Filling up the DagBag from /opt/airflow/dags/script/example/dag_with_postgres_hook.py
[2024-12-02T14:38:21.557+0000] {processor.py:927} WARNING - No viable dags retrieved from /opt/airflow/dags/script/example/dag_with_postgres_hook.py
[2024-12-02T14:38:21.562+0000] {processor.py:208} INFO - Processing /opt/airflow/dags/script/example/dag_with_postgres_hook.py took 0.010 seconds
[2024-12-02T14:38:52.325+0000] {processor.py:186} INFO - Started process (PID=4088) to work on /opt/airflow/dags/script/example/dag_with_postgres_hook.py
[2024-12-02T14:38:52.327+0000] {processor.py:914} INFO - Processing file /opt/airflow/dags/script/example/dag_with_postgres_hook.py for tasks to queue
[2024-12-02T14:38:52.327+0000] {logging_mixin.py:190} INFO - [2024-12-02T14:38:52.327+0000] {dagbag.py:588} INFO - Filling up the DagBag from /opt/airflow/dags/script/example/dag_with_postgres_hook.py
[2024-12-02T14:38:52.328+0000] {processor.py:927} WARNING - No viable dags retrieved from /opt/airflow/dags/script/example/dag_with_postgres_hook.py
[2024-12-02T14:38:52.333+0000] {processor.py:208} INFO - Processing /opt/airflow/dags/script/example/dag_with_postgres_hook.py took 0.011 seconds
[2024-12-02T14:39:23.038+0000] {processor.py:186} INFO - Started process (PID=4189) to work on /opt/airflow/dags/script/example/dag_with_postgres_hook.py
[2024-12-02T14:39:23.038+0000] {processor.py:914} INFO - Processing file /opt/airflow/dags/script/example/dag_with_postgres_hook.py for tasks to queue
[2024-12-02T14:39:23.040+0000] {logging_mixin.py:190} INFO - [2024-12-02T14:39:23.040+0000] {dagbag.py:588} INFO - Filling up the DagBag from /opt/airflow/dags/script/example/dag_with_postgres_hook.py
[2024-12-02T14:39:23.042+0000] {processor.py:927} WARNING - No viable dags retrieved from /opt/airflow/dags/script/example/dag_with_postgres_hook.py
[2024-12-02T14:39:23.047+0000] {processor.py:208} INFO - Processing /opt/airflow/dags/script/example/dag_with_postgres_hook.py took 0.011 seconds
[2024-12-02T14:39:53.870+0000] {processor.py:186} INFO - Started process (PID=4290) to work on /opt/airflow/dags/script/example/dag_with_postgres_hook.py
[2024-12-02T14:39:53.871+0000] {processor.py:914} INFO - Processing file /opt/airflow/dags/script/example/dag_with_postgres_hook.py for tasks to queue
[2024-12-02T14:39:53.872+0000] {logging_mixin.py:190} INFO - [2024-12-02T14:39:53.872+0000] {dagbag.py:588} INFO - Filling up the DagBag from /opt/airflow/dags/script/example/dag_with_postgres_hook.py
[2024-12-02T14:39:53.873+0000] {processor.py:927} WARNING - No viable dags retrieved from /opt/airflow/dags/script/example/dag_with_postgres_hook.py
[2024-12-02T14:39:53.879+0000] {processor.py:208} INFO - Processing /opt/airflow/dags/script/example/dag_with_postgres_hook.py took 0.011 seconds
[2024-12-02T14:40:24.561+0000] {processor.py:186} INFO - Started process (PID=4390) to work on /opt/airflow/dags/script/example/dag_with_postgres_hook.py
[2024-12-02T14:40:24.561+0000] {processor.py:914} INFO - Processing file /opt/airflow/dags/script/example/dag_with_postgres_hook.py for tasks to queue
[2024-12-02T14:40:24.563+0000] {logging_mixin.py:190} INFO - [2024-12-02T14:40:24.563+0000] {dagbag.py:588} INFO - Filling up the DagBag from /opt/airflow/dags/script/example/dag_with_postgres_hook.py
[2024-12-02T14:40:24.565+0000] {processor.py:927} WARNING - No viable dags retrieved from /opt/airflow/dags/script/example/dag_with_postgres_hook.py
[2024-12-02T14:40:24.570+0000] {processor.py:208} INFO - Processing /opt/airflow/dags/script/example/dag_with_postgres_hook.py took 0.012 seconds
[2024-12-02T14:40:55.310+0000] {processor.py:186} INFO - Started process (PID=4491) to work on /opt/airflow/dags/script/example/dag_with_postgres_hook.py
[2024-12-02T14:40:55.311+0000] {processor.py:914} INFO - Processing file /opt/airflow/dags/script/example/dag_with_postgres_hook.py for tasks to queue
[2024-12-02T14:40:55.312+0000] {logging_mixin.py:190} INFO - [2024-12-02T14:40:55.312+0000] {dagbag.py:588} INFO - Filling up the DagBag from /opt/airflow/dags/script/example/dag_with_postgres_hook.py
[2024-12-02T14:40:55.314+0000] {processor.py:927} WARNING - No viable dags retrieved from /opt/airflow/dags/script/example/dag_with_postgres_hook.py
[2024-12-02T14:40:55.322+0000] {processor.py:208} INFO - Processing /opt/airflow/dags/script/example/dag_with_postgres_hook.py took 0.015 seconds
[2024-12-02T14:41:26.179+0000] {processor.py:186} INFO - Started process (PID=4594) to work on /opt/airflow/dags/script/example/dag_with_postgres_hook.py
[2024-12-02T14:41:26.181+0000] {processor.py:914} INFO - Processing file /opt/airflow/dags/script/example/dag_with_postgres_hook.py for tasks to queue
[2024-12-02T14:41:26.183+0000] {logging_mixin.py:190} INFO - [2024-12-02T14:41:26.182+0000] {dagbag.py:588} INFO - Filling up the DagBag from /opt/airflow/dags/script/example/dag_with_postgres_hook.py
[2024-12-02T14:41:26.184+0000] {processor.py:927} WARNING - No viable dags retrieved from /opt/airflow/dags/script/example/dag_with_postgres_hook.py
[2024-12-02T14:41:26.193+0000] {processor.py:208} INFO - Processing /opt/airflow/dags/script/example/dag_with_postgres_hook.py took 0.017 seconds
[2024-12-02T14:41:56.990+0000] {processor.py:186} INFO - Started process (PID=4694) to work on /opt/airflow/dags/script/example/dag_with_postgres_hook.py
[2024-12-02T14:41:56.991+0000] {processor.py:914} INFO - Processing file /opt/airflow/dags/script/example/dag_with_postgres_hook.py for tasks to queue
[2024-12-02T14:41:56.992+0000] {logging_mixin.py:190} INFO - [2024-12-02T14:41:56.992+0000] {dagbag.py:588} INFO - Filling up the DagBag from /opt/airflow/dags/script/example/dag_with_postgres_hook.py
[2024-12-02T14:41:56.993+0000] {processor.py:927} WARNING - No viable dags retrieved from /opt/airflow/dags/script/example/dag_with_postgres_hook.py
[2024-12-02T14:41:56.999+0000] {processor.py:208} INFO - Processing /opt/airflow/dags/script/example/dag_with_postgres_hook.py took 0.012 seconds
[2024-12-02T14:42:27.791+0000] {processor.py:186} INFO - Started process (PID=4794) to work on /opt/airflow/dags/script/example/dag_with_postgres_hook.py
[2024-12-02T14:42:27.791+0000] {processor.py:914} INFO - Processing file /opt/airflow/dags/script/example/dag_with_postgres_hook.py for tasks to queue
[2024-12-02T14:42:27.793+0000] {logging_mixin.py:190} INFO - [2024-12-02T14:42:27.793+0000] {dagbag.py:588} INFO - Filling up the DagBag from /opt/airflow/dags/script/example/dag_with_postgres_hook.py
[2024-12-02T14:42:27.796+0000] {processor.py:927} WARNING - No viable dags retrieved from /opt/airflow/dags/script/example/dag_with_postgres_hook.py
[2024-12-02T14:42:27.802+0000] {processor.py:208} INFO - Processing /opt/airflow/dags/script/example/dag_with_postgres_hook.py took 0.014 seconds
[2024-12-02T14:42:58.630+0000] {processor.py:186} INFO - Started process (PID=4897) to work on /opt/airflow/dags/script/example/dag_with_postgres_hook.py
[2024-12-02T14:42:58.631+0000] {processor.py:914} INFO - Processing file /opt/airflow/dags/script/example/dag_with_postgres_hook.py for tasks to queue
[2024-12-02T14:42:58.631+0000] {logging_mixin.py:190} INFO - [2024-12-02T14:42:58.631+0000] {dagbag.py:588} INFO - Filling up the DagBag from /opt/airflow/dags/script/example/dag_with_postgres_hook.py
[2024-12-02T14:42:58.633+0000] {processor.py:927} WARNING - No viable dags retrieved from /opt/airflow/dags/script/example/dag_with_postgres_hook.py
[2024-12-02T14:42:58.641+0000] {processor.py:208} INFO - Processing /opt/airflow/dags/script/example/dag_with_postgres_hook.py took 0.013 seconds
[2024-12-02T14:43:29.318+0000] {processor.py:186} INFO - Started process (PID=4996) to work on /opt/airflow/dags/script/example/dag_with_postgres_hook.py
[2024-12-02T14:43:29.319+0000] {processor.py:914} INFO - Processing file /opt/airflow/dags/script/example/dag_with_postgres_hook.py for tasks to queue
[2024-12-02T14:43:29.319+0000] {logging_mixin.py:190} INFO - [2024-12-02T14:43:29.319+0000] {dagbag.py:588} INFO - Filling up the DagBag from /opt/airflow/dags/script/example/dag_with_postgres_hook.py
[2024-12-02T14:43:29.321+0000] {processor.py:927} WARNING - No viable dags retrieved from /opt/airflow/dags/script/example/dag_with_postgres_hook.py
[2024-12-02T14:43:29.327+0000] {processor.py:208} INFO - Processing /opt/airflow/dags/script/example/dag_with_postgres_hook.py took 0.012 seconds
[2024-12-02T14:44:00.004+0000] {processor.py:186} INFO - Started process (PID=5099) to work on /opt/airflow/dags/script/example/dag_with_postgres_hook.py
[2024-12-02T14:44:00.004+0000] {processor.py:914} INFO - Processing file /opt/airflow/dags/script/example/dag_with_postgres_hook.py for tasks to queue
[2024-12-02T14:44:00.005+0000] {logging_mixin.py:190} INFO - [2024-12-02T14:44:00.005+0000] {dagbag.py:588} INFO - Filling up the DagBag from /opt/airflow/dags/script/example/dag_with_postgres_hook.py
[2024-12-02T14:44:00.006+0000] {processor.py:927} WARNING - No viable dags retrieved from /opt/airflow/dags/script/example/dag_with_postgres_hook.py
[2024-12-02T14:44:00.015+0000] {processor.py:208} INFO - Processing /opt/airflow/dags/script/example/dag_with_postgres_hook.py took 0.014 seconds
[2024-12-02T14:44:30.818+0000] {processor.py:186} INFO - Started process (PID=5198) to work on /opt/airflow/dags/script/example/dag_with_postgres_hook.py
[2024-12-02T14:44:30.820+0000] {processor.py:914} INFO - Processing file /opt/airflow/dags/script/example/dag_with_postgres_hook.py for tasks to queue
[2024-12-02T14:44:30.820+0000] {logging_mixin.py:190} INFO - [2024-12-02T14:44:30.820+0000] {dagbag.py:588} INFO - Filling up the DagBag from /opt/airflow/dags/script/example/dag_with_postgres_hook.py
[2024-12-02T14:44:30.823+0000] {processor.py:927} WARNING - No viable dags retrieved from /opt/airflow/dags/script/example/dag_with_postgres_hook.py
[2024-12-02T14:44:30.830+0000] {processor.py:208} INFO - Processing /opt/airflow/dags/script/example/dag_with_postgres_hook.py took 0.015 seconds
[2024-12-02T14:45:01.491+0000] {processor.py:186} INFO - Started process (PID=5299) to work on /opt/airflow/dags/script/example/dag_with_postgres_hook.py
[2024-12-02T14:45:01.492+0000] {processor.py:914} INFO - Processing file /opt/airflow/dags/script/example/dag_with_postgres_hook.py for tasks to queue
[2024-12-02T14:45:01.493+0000] {logging_mixin.py:190} INFO - [2024-12-02T14:45:01.492+0000] {dagbag.py:588} INFO - Filling up the DagBag from /opt/airflow/dags/script/example/dag_with_postgres_hook.py
[2024-12-02T14:45:01.495+0000] {processor.py:927} WARNING - No viable dags retrieved from /opt/airflow/dags/script/example/dag_with_postgres_hook.py
[2024-12-02T14:45:01.501+0000] {processor.py:208} INFO - Processing /opt/airflow/dags/script/example/dag_with_postgres_hook.py took 0.013 seconds
[2024-12-02T14:45:32.176+0000] {processor.py:186} INFO - Started process (PID=5400) to work on /opt/airflow/dags/script/example/dag_with_postgres_hook.py
[2024-12-02T14:45:32.176+0000] {processor.py:914} INFO - Processing file /opt/airflow/dags/script/example/dag_with_postgres_hook.py for tasks to queue
[2024-12-02T14:45:32.177+0000] {logging_mixin.py:190} INFO - [2024-12-02T14:45:32.177+0000] {dagbag.py:588} INFO - Filling up the DagBag from /opt/airflow/dags/script/example/dag_with_postgres_hook.py
[2024-12-02T14:45:32.179+0000] {processor.py:927} WARNING - No viable dags retrieved from /opt/airflow/dags/script/example/dag_with_postgres_hook.py
[2024-12-02T14:45:32.185+0000] {processor.py:208} INFO - Processing /opt/airflow/dags/script/example/dag_with_postgres_hook.py took 0.011 seconds
[2024-12-02T14:46:02.972+0000] {processor.py:186} INFO - Started process (PID=5502) to work on /opt/airflow/dags/script/example/dag_with_postgres_hook.py
[2024-12-02T14:46:02.973+0000] {processor.py:914} INFO - Processing file /opt/airflow/dags/script/example/dag_with_postgres_hook.py for tasks to queue
[2024-12-02T14:46:02.974+0000] {logging_mixin.py:190} INFO - [2024-12-02T14:46:02.974+0000] {dagbag.py:588} INFO - Filling up the DagBag from /opt/airflow/dags/script/example/dag_with_postgres_hook.py
[2024-12-02T14:46:02.975+0000] {processor.py:927} WARNING - No viable dags retrieved from /opt/airflow/dags/script/example/dag_with_postgres_hook.py
[2024-12-02T14:46:02.982+0000] {processor.py:208} INFO - Processing /opt/airflow/dags/script/example/dag_with_postgres_hook.py took 0.012 seconds
[2024-12-02T14:46:33.721+0000] {processor.py:186} INFO - Started process (PID=5601) to work on /opt/airflow/dags/script/example/dag_with_postgres_hook.py
[2024-12-02T14:46:33.722+0000] {processor.py:914} INFO - Processing file /opt/airflow/dags/script/example/dag_with_postgres_hook.py for tasks to queue
[2024-12-02T14:46:33.723+0000] {logging_mixin.py:190} INFO - [2024-12-02T14:46:33.723+0000] {dagbag.py:588} INFO - Filling up the DagBag from /opt/airflow/dags/script/example/dag_with_postgres_hook.py
[2024-12-02T14:46:33.726+0000] {processor.py:927} WARNING - No viable dags retrieved from /opt/airflow/dags/script/example/dag_with_postgres_hook.py
[2024-12-02T14:46:33.732+0000] {processor.py:208} INFO - Processing /opt/airflow/dags/script/example/dag_with_postgres_hook.py took 0.013 seconds
[2024-12-02T14:47:04.565+0000] {processor.py:186} INFO - Started process (PID=5702) to work on /opt/airflow/dags/script/example/dag_with_postgres_hook.py
[2024-12-02T14:47:04.566+0000] {processor.py:914} INFO - Processing file /opt/airflow/dags/script/example/dag_with_postgres_hook.py for tasks to queue
[2024-12-02T14:47:04.567+0000] {logging_mixin.py:190} INFO - [2024-12-02T14:47:04.567+0000] {dagbag.py:588} INFO - Filling up the DagBag from /opt/airflow/dags/script/example/dag_with_postgres_hook.py
[2024-12-02T14:47:04.574+0000] {processor.py:927} WARNING - No viable dags retrieved from /opt/airflow/dags/script/example/dag_with_postgres_hook.py
[2024-12-02T14:47:04.581+0000] {processor.py:208} INFO - Processing /opt/airflow/dags/script/example/dag_with_postgres_hook.py took 0.019 seconds
[2024-12-02T14:47:35.405+0000] {processor.py:186} INFO - Started process (PID=5803) to work on /opt/airflow/dags/script/example/dag_with_postgres_hook.py
[2024-12-02T14:47:35.405+0000] {processor.py:914} INFO - Processing file /opt/airflow/dags/script/example/dag_with_postgres_hook.py for tasks to queue
[2024-12-02T14:47:35.406+0000] {logging_mixin.py:190} INFO - [2024-12-02T14:47:35.406+0000] {dagbag.py:588} INFO - Filling up the DagBag from /opt/airflow/dags/script/example/dag_with_postgres_hook.py
[2024-12-02T14:47:35.408+0000] {processor.py:927} WARNING - No viable dags retrieved from /opt/airflow/dags/script/example/dag_with_postgres_hook.py
[2024-12-02T14:47:35.415+0000] {processor.py:208} INFO - Processing /opt/airflow/dags/script/example/dag_with_postgres_hook.py took 0.012 seconds
[2024-12-02T14:48:06.154+0000] {processor.py:186} INFO - Started process (PID=5904) to work on /opt/airflow/dags/script/example/dag_with_postgres_hook.py
[2024-12-02T14:48:06.154+0000] {processor.py:914} INFO - Processing file /opt/airflow/dags/script/example/dag_with_postgres_hook.py for tasks to queue
[2024-12-02T14:48:06.155+0000] {logging_mixin.py:190} INFO - [2024-12-02T14:48:06.155+0000] {dagbag.py:588} INFO - Filling up the DagBag from /opt/airflow/dags/script/example/dag_with_postgres_hook.py
[2024-12-02T14:48:06.158+0000] {processor.py:927} WARNING - No viable dags retrieved from /opt/airflow/dags/script/example/dag_with_postgres_hook.py
[2024-12-02T14:48:06.165+0000] {processor.py:208} INFO - Processing /opt/airflow/dags/script/example/dag_with_postgres_hook.py took 0.014 seconds
[2024-12-02T14:48:36.885+0000] {processor.py:186} INFO - Started process (PID=6005) to work on /opt/airflow/dags/script/example/dag_with_postgres_hook.py
[2024-12-02T14:48:36.886+0000] {processor.py:914} INFO - Processing file /opt/airflow/dags/script/example/dag_with_postgres_hook.py for tasks to queue
[2024-12-02T14:48:36.887+0000] {logging_mixin.py:190} INFO - [2024-12-02T14:48:36.887+0000] {dagbag.py:588} INFO - Filling up the DagBag from /opt/airflow/dags/script/example/dag_with_postgres_hook.py
[2024-12-02T14:48:36.888+0000] {processor.py:927} WARNING - No viable dags retrieved from /opt/airflow/dags/script/example/dag_with_postgres_hook.py
[2024-12-02T14:48:36.893+0000] {processor.py:208} INFO - Processing /opt/airflow/dags/script/example/dag_with_postgres_hook.py took 0.010 seconds
[2024-12-02T14:49:07.697+0000] {processor.py:186} INFO - Started process (PID=6106) to work on /opt/airflow/dags/script/example/dag_with_postgres_hook.py
[2024-12-02T14:49:07.698+0000] {processor.py:914} INFO - Processing file /opt/airflow/dags/script/example/dag_with_postgres_hook.py for tasks to queue
[2024-12-02T14:49:07.699+0000] {logging_mixin.py:190} INFO - [2024-12-02T14:49:07.699+0000] {dagbag.py:588} INFO - Filling up the DagBag from /opt/airflow/dags/script/example/dag_with_postgres_hook.py
[2024-12-02T14:49:07.700+0000] {processor.py:927} WARNING - No viable dags retrieved from /opt/airflow/dags/script/example/dag_with_postgres_hook.py
[2024-12-02T14:49:07.707+0000] {processor.py:208} INFO - Processing /opt/airflow/dags/script/example/dag_with_postgres_hook.py took 0.012 seconds
[2024-12-02T14:49:38.595+0000] {processor.py:186} INFO - Started process (PID=6207) to work on /opt/airflow/dags/script/example/dag_with_postgres_hook.py
[2024-12-02T14:49:38.597+0000] {processor.py:914} INFO - Processing file /opt/airflow/dags/script/example/dag_with_postgres_hook.py for tasks to queue
[2024-12-02T14:49:38.598+0000] {logging_mixin.py:190} INFO - [2024-12-02T14:49:38.598+0000] {dagbag.py:588} INFO - Filling up the DagBag from /opt/airflow/dags/script/example/dag_with_postgres_hook.py
[2024-12-02T14:49:38.599+0000] {processor.py:927} WARNING - No viable dags retrieved from /opt/airflow/dags/script/example/dag_with_postgres_hook.py
[2024-12-02T14:49:38.606+0000] {processor.py:208} INFO - Processing /opt/airflow/dags/script/example/dag_with_postgres_hook.py took 0.013 seconds
[2024-12-02T14:50:09.335+0000] {processor.py:186} INFO - Started process (PID=6308) to work on /opt/airflow/dags/script/example/dag_with_postgres_hook.py
[2024-12-02T14:50:09.336+0000] {processor.py:914} INFO - Processing file /opt/airflow/dags/script/example/dag_with_postgres_hook.py for tasks to queue
[2024-12-02T14:50:09.337+0000] {logging_mixin.py:190} INFO - [2024-12-02T14:50:09.337+0000] {dagbag.py:588} INFO - Filling up the DagBag from /opt/airflow/dags/script/example/dag_with_postgres_hook.py
[2024-12-02T14:50:09.339+0000] {processor.py:927} WARNING - No viable dags retrieved from /opt/airflow/dags/script/example/dag_with_postgres_hook.py
[2024-12-02T14:50:09.345+0000] {processor.py:208} INFO - Processing /opt/airflow/dags/script/example/dag_with_postgres_hook.py took 0.012 seconds
[2024-12-02T14:50:40.089+0000] {processor.py:186} INFO - Started process (PID=6409) to work on /opt/airflow/dags/script/example/dag_with_postgres_hook.py
[2024-12-02T14:50:40.090+0000] {processor.py:914} INFO - Processing file /opt/airflow/dags/script/example/dag_with_postgres_hook.py for tasks to queue
[2024-12-02T14:50:40.091+0000] {logging_mixin.py:190} INFO - [2024-12-02T14:50:40.091+0000] {dagbag.py:588} INFO - Filling up the DagBag from /opt/airflow/dags/script/example/dag_with_postgres_hook.py
[2024-12-02T14:50:40.094+0000] {processor.py:927} WARNING - No viable dags retrieved from /opt/airflow/dags/script/example/dag_with_postgres_hook.py
[2024-12-02T14:50:40.099+0000] {processor.py:208} INFO - Processing /opt/airflow/dags/script/example/dag_with_postgres_hook.py took 0.012 seconds
[2024-12-02T14:51:10.815+0000] {processor.py:186} INFO - Started process (PID=6512) to work on /opt/airflow/dags/script/example/dag_with_postgres_hook.py
[2024-12-02T14:51:10.815+0000] {processor.py:914} INFO - Processing file /opt/airflow/dags/script/example/dag_with_postgres_hook.py for tasks to queue
[2024-12-02T14:51:10.816+0000] {logging_mixin.py:190} INFO - [2024-12-02T14:51:10.816+0000] {dagbag.py:588} INFO - Filling up the DagBag from /opt/airflow/dags/script/example/dag_with_postgres_hook.py
[2024-12-02T14:51:10.818+0000] {processor.py:927} WARNING - No viable dags retrieved from /opt/airflow/dags/script/example/dag_with_postgres_hook.py
[2024-12-02T14:51:10.826+0000] {processor.py:208} INFO - Processing /opt/airflow/dags/script/example/dag_with_postgres_hook.py took 0.014 seconds
[2024-12-02T14:51:41.564+0000] {processor.py:186} INFO - Started process (PID=6613) to work on /opt/airflow/dags/script/example/dag_with_postgres_hook.py
[2024-12-02T14:51:41.565+0000] {processor.py:914} INFO - Processing file /opt/airflow/dags/script/example/dag_with_postgres_hook.py for tasks to queue
[2024-12-02T14:51:41.565+0000] {logging_mixin.py:190} INFO - [2024-12-02T14:51:41.565+0000] {dagbag.py:588} INFO - Filling up the DagBag from /opt/airflow/dags/script/example/dag_with_postgres_hook.py
[2024-12-02T14:51:41.566+0000] {processor.py:927} WARNING - No viable dags retrieved from /opt/airflow/dags/script/example/dag_with_postgres_hook.py
[2024-12-02T14:51:41.571+0000] {processor.py:208} INFO - Processing /opt/airflow/dags/script/example/dag_with_postgres_hook.py took 0.009 seconds
[2024-12-02T14:52:12.323+0000] {processor.py:186} INFO - Started process (PID=6714) to work on /opt/airflow/dags/script/example/dag_with_postgres_hook.py
[2024-12-02T14:52:12.324+0000] {processor.py:914} INFO - Processing file /opt/airflow/dags/script/example/dag_with_postgres_hook.py for tasks to queue
[2024-12-02T14:52:12.325+0000] {logging_mixin.py:190} INFO - [2024-12-02T14:52:12.324+0000] {dagbag.py:588} INFO - Filling up the DagBag from /opt/airflow/dags/script/example/dag_with_postgres_hook.py
[2024-12-02T14:52:12.326+0000] {processor.py:927} WARNING - No viable dags retrieved from /opt/airflow/dags/script/example/dag_with_postgres_hook.py
[2024-12-02T14:52:12.333+0000] {processor.py:208} INFO - Processing /opt/airflow/dags/script/example/dag_with_postgres_hook.py took 0.012 seconds
[2024-12-02T14:52:43.093+0000] {processor.py:186} INFO - Started process (PID=6813) to work on /opt/airflow/dags/script/example/dag_with_postgres_hook.py
[2024-12-02T14:52:43.094+0000] {processor.py:914} INFO - Processing file /opt/airflow/dags/script/example/dag_with_postgres_hook.py for tasks to queue
[2024-12-02T14:52:43.095+0000] {logging_mixin.py:190} INFO - [2024-12-02T14:52:43.095+0000] {dagbag.py:588} INFO - Filling up the DagBag from /opt/airflow/dags/script/example/dag_with_postgres_hook.py
[2024-12-02T14:52:43.097+0000] {processor.py:927} WARNING - No viable dags retrieved from /opt/airflow/dags/script/example/dag_with_postgres_hook.py
[2024-12-02T14:52:43.145+0000] {processor.py:208} INFO - Processing /opt/airflow/dags/script/example/dag_with_postgres_hook.py took 0.055 seconds
[2024-12-02T14:53:13.937+0000] {processor.py:186} INFO - Started process (PID=6914) to work on /opt/airflow/dags/script/example/dag_with_postgres_hook.py
[2024-12-02T14:53:13.937+0000] {processor.py:914} INFO - Processing file /opt/airflow/dags/script/example/dag_with_postgres_hook.py for tasks to queue
[2024-12-02T14:53:13.938+0000] {logging_mixin.py:190} INFO - [2024-12-02T14:53:13.938+0000] {dagbag.py:588} INFO - Filling up the DagBag from /opt/airflow/dags/script/example/dag_with_postgres_hook.py
[2024-12-02T14:53:13.939+0000] {processor.py:927} WARNING - No viable dags retrieved from /opt/airflow/dags/script/example/dag_with_postgres_hook.py
[2024-12-02T14:53:13.944+0000] {processor.py:208} INFO - Processing /opt/airflow/dags/script/example/dag_with_postgres_hook.py took 0.010 seconds
[2024-12-02T14:53:44.692+0000] {processor.py:186} INFO - Started process (PID=7017) to work on /opt/airflow/dags/script/example/dag_with_postgres_hook.py
[2024-12-02T14:53:44.692+0000] {processor.py:914} INFO - Processing file /opt/airflow/dags/script/example/dag_with_postgres_hook.py for tasks to queue
[2024-12-02T14:53:44.693+0000] {logging_mixin.py:190} INFO - [2024-12-02T14:53:44.693+0000] {dagbag.py:588} INFO - Filling up the DagBag from /opt/airflow/dags/script/example/dag_with_postgres_hook.py
[2024-12-02T14:53:44.694+0000] {processor.py:927} WARNING - No viable dags retrieved from /opt/airflow/dags/script/example/dag_with_postgres_hook.py
[2024-12-02T14:53:44.699+0000] {processor.py:208} INFO - Processing /opt/airflow/dags/script/example/dag_with_postgres_hook.py took 0.009 seconds
[2024-12-02T14:54:15.448+0000] {processor.py:186} INFO - Started process (PID=7116) to work on /opt/airflow/dags/script/example/dag_with_postgres_hook.py
[2024-12-02T14:54:15.449+0000] {processor.py:914} INFO - Processing file /opt/airflow/dags/script/example/dag_with_postgres_hook.py for tasks to queue
[2024-12-02T14:54:15.449+0000] {logging_mixin.py:190} INFO - [2024-12-02T14:54:15.449+0000] {dagbag.py:588} INFO - Filling up the DagBag from /opt/airflow/dags/script/example/dag_with_postgres_hook.py
[2024-12-02T14:54:15.450+0000] {processor.py:927} WARNING - No viable dags retrieved from /opt/airflow/dags/script/example/dag_with_postgres_hook.py
[2024-12-02T14:54:15.455+0000] {processor.py:208} INFO - Processing /opt/airflow/dags/script/example/dag_with_postgres_hook.py took 0.010 seconds
[2024-12-02T14:54:46.204+0000] {processor.py:186} INFO - Started process (PID=7217) to work on /opt/airflow/dags/script/example/dag_with_postgres_hook.py
[2024-12-02T14:54:46.204+0000] {processor.py:914} INFO - Processing file /opt/airflow/dags/script/example/dag_with_postgres_hook.py for tasks to queue
[2024-12-02T14:54:46.205+0000] {logging_mixin.py:190} INFO - [2024-12-02T14:54:46.205+0000] {dagbag.py:588} INFO - Filling up the DagBag from /opt/airflow/dags/script/example/dag_with_postgres_hook.py
[2024-12-02T14:54:46.207+0000] {processor.py:927} WARNING - No viable dags retrieved from /opt/airflow/dags/script/example/dag_with_postgres_hook.py
[2024-12-02T14:54:46.214+0000] {processor.py:208} INFO - Processing /opt/airflow/dags/script/example/dag_with_postgres_hook.py took 0.012 seconds
[2024-12-02T14:55:16.905+0000] {processor.py:186} INFO - Started process (PID=7318) to work on /opt/airflow/dags/script/example/dag_with_postgres_hook.py
[2024-12-02T14:55:16.907+0000] {processor.py:914} INFO - Processing file /opt/airflow/dags/script/example/dag_with_postgres_hook.py for tasks to queue
[2024-12-02T14:55:16.908+0000] {logging_mixin.py:190} INFO - [2024-12-02T14:55:16.908+0000] {dagbag.py:588} INFO - Filling up the DagBag from /opt/airflow/dags/script/example/dag_with_postgres_hook.py
[2024-12-02T14:55:16.909+0000] {processor.py:927} WARNING - No viable dags retrieved from /opt/airflow/dags/script/example/dag_with_postgres_hook.py
[2024-12-02T14:55:16.914+0000] {processor.py:208} INFO - Processing /opt/airflow/dags/script/example/dag_with_postgres_hook.py took 0.011 seconds
[2024-12-02T14:55:47.707+0000] {processor.py:186} INFO - Started process (PID=7428) to work on /opt/airflow/dags/script/example/dag_with_postgres_hook.py
[2024-12-02T14:55:47.708+0000] {processor.py:914} INFO - Processing file /opt/airflow/dags/script/example/dag_with_postgres_hook.py for tasks to queue
[2024-12-02T14:55:47.708+0000] {logging_mixin.py:190} INFO - [2024-12-02T14:55:47.708+0000] {dagbag.py:588} INFO - Filling up the DagBag from /opt/airflow/dags/script/example/dag_with_postgres_hook.py
[2024-12-02T14:55:47.710+0000] {processor.py:927} WARNING - No viable dags retrieved from /opt/airflow/dags/script/example/dag_with_postgres_hook.py
[2024-12-02T14:55:47.715+0000] {processor.py:208} INFO - Processing /opt/airflow/dags/script/example/dag_with_postgres_hook.py took 0.012 seconds
[2024-12-02T14:56:18.511+0000] {processor.py:186} INFO - Started process (PID=7527) to work on /opt/airflow/dags/script/example/dag_with_postgres_hook.py
[2024-12-02T14:56:18.511+0000] {processor.py:914} INFO - Processing file /opt/airflow/dags/script/example/dag_with_postgres_hook.py for tasks to queue
[2024-12-02T14:56:18.512+0000] {logging_mixin.py:190} INFO - [2024-12-02T14:56:18.512+0000] {dagbag.py:588} INFO - Filling up the DagBag from /opt/airflow/dags/script/example/dag_with_postgres_hook.py
[2024-12-02T14:56:18.516+0000] {processor.py:927} WARNING - No viable dags retrieved from /opt/airflow/dags/script/example/dag_with_postgres_hook.py
[2024-12-02T14:56:18.522+0000] {processor.py:208} INFO - Processing /opt/airflow/dags/script/example/dag_with_postgres_hook.py took 0.015 seconds
[2024-12-02T14:56:49.209+0000] {processor.py:186} INFO - Started process (PID=7630) to work on /opt/airflow/dags/script/example/dag_with_postgres_hook.py
[2024-12-02T14:56:49.209+0000] {processor.py:914} INFO - Processing file /opt/airflow/dags/script/example/dag_with_postgres_hook.py for tasks to queue
[2024-12-02T14:56:49.210+0000] {logging_mixin.py:190} INFO - [2024-12-02T14:56:49.210+0000] {dagbag.py:588} INFO - Filling up the DagBag from /opt/airflow/dags/script/example/dag_with_postgres_hook.py
[2024-12-02T14:56:49.212+0000] {processor.py:927} WARNING - No viable dags retrieved from /opt/airflow/dags/script/example/dag_with_postgres_hook.py
[2024-12-02T14:56:49.219+0000] {processor.py:208} INFO - Processing /opt/airflow/dags/script/example/dag_with_postgres_hook.py took 0.012 seconds
[2024-12-02T14:57:20.047+0000] {processor.py:186} INFO - Started process (PID=7731) to work on /opt/airflow/dags/script/example/dag_with_postgres_hook.py
[2024-12-02T14:57:20.047+0000] {processor.py:914} INFO - Processing file /opt/airflow/dags/script/example/dag_with_postgres_hook.py for tasks to queue
[2024-12-02T14:57:20.048+0000] {logging_mixin.py:190} INFO - [2024-12-02T14:57:20.048+0000] {dagbag.py:588} INFO - Filling up the DagBag from /opt/airflow/dags/script/example/dag_with_postgres_hook.py
[2024-12-02T14:57:20.049+0000] {processor.py:927} WARNING - No viable dags retrieved from /opt/airflow/dags/script/example/dag_with_postgres_hook.py
[2024-12-02T14:57:20.054+0000] {processor.py:208} INFO - Processing /opt/airflow/dags/script/example/dag_with_postgres_hook.py took 0.009 seconds
[2024-12-02T14:57:50.734+0000] {processor.py:186} INFO - Started process (PID=7830) to work on /opt/airflow/dags/script/example/dag_with_postgres_hook.py
[2024-12-02T14:57:50.735+0000] {processor.py:914} INFO - Processing file /opt/airflow/dags/script/example/dag_with_postgres_hook.py for tasks to queue
[2024-12-02T14:57:50.736+0000] {logging_mixin.py:190} INFO - [2024-12-02T14:57:50.736+0000] {dagbag.py:588} INFO - Filling up the DagBag from /opt/airflow/dags/script/example/dag_with_postgres_hook.py
[2024-12-02T14:57:50.738+0000] {processor.py:927} WARNING - No viable dags retrieved from /opt/airflow/dags/script/example/dag_with_postgres_hook.py
[2024-12-02T14:57:50.744+0000] {processor.py:208} INFO - Processing /opt/airflow/dags/script/example/dag_with_postgres_hook.py took 0.011 seconds
[2024-12-02T14:58:21.451+0000] {processor.py:186} INFO - Started process (PID=7931) to work on /opt/airflow/dags/script/example/dag_with_postgres_hook.py
[2024-12-02T14:58:21.452+0000] {processor.py:914} INFO - Processing file /opt/airflow/dags/script/example/dag_with_postgres_hook.py for tasks to queue
[2024-12-02T14:58:21.453+0000] {logging_mixin.py:190} INFO - [2024-12-02T14:58:21.453+0000] {dagbag.py:588} INFO - Filling up the DagBag from /opt/airflow/dags/script/example/dag_with_postgres_hook.py
[2024-12-02T14:58:21.455+0000] {processor.py:927} WARNING - No viable dags retrieved from /opt/airflow/dags/script/example/dag_with_postgres_hook.py
[2024-12-02T14:58:21.461+0000] {processor.py:208} INFO - Processing /opt/airflow/dags/script/example/dag_with_postgres_hook.py took 0.012 seconds
[2024-12-02T14:58:52.187+0000] {processor.py:186} INFO - Started process (PID=8032) to work on /opt/airflow/dags/script/example/dag_with_postgres_hook.py
[2024-12-02T14:58:52.187+0000] {processor.py:914} INFO - Processing file /opt/airflow/dags/script/example/dag_with_postgres_hook.py for tasks to queue
[2024-12-02T14:58:52.189+0000] {logging_mixin.py:190} INFO - [2024-12-02T14:58:52.189+0000] {dagbag.py:588} INFO - Filling up the DagBag from /opt/airflow/dags/script/example/dag_with_postgres_hook.py
[2024-12-02T14:58:52.191+0000] {processor.py:927} WARNING - No viable dags retrieved from /opt/airflow/dags/script/example/dag_with_postgres_hook.py
[2024-12-02T14:58:52.197+0000] {processor.py:208} INFO - Processing /opt/airflow/dags/script/example/dag_with_postgres_hook.py took 0.012 seconds
[2024-12-02T14:59:22.987+0000] {processor.py:186} INFO - Started process (PID=8133) to work on /opt/airflow/dags/script/example/dag_with_postgres_hook.py
[2024-12-02T14:59:22.988+0000] {processor.py:914} INFO - Processing file /opt/airflow/dags/script/example/dag_with_postgres_hook.py for tasks to queue
[2024-12-02T14:59:22.990+0000] {logging_mixin.py:190} INFO - [2024-12-02T14:59:22.989+0000] {dagbag.py:588} INFO - Filling up the DagBag from /opt/airflow/dags/script/example/dag_with_postgres_hook.py
[2024-12-02T14:59:22.991+0000] {processor.py:927} WARNING - No viable dags retrieved from /opt/airflow/dags/script/example/dag_with_postgres_hook.py
[2024-12-02T14:59:22.997+0000] {processor.py:208} INFO - Processing /opt/airflow/dags/script/example/dag_with_postgres_hook.py took 0.014 seconds
[2024-12-02T14:59:53.850+0000] {processor.py:186} INFO - Started process (PID=8234) to work on /opt/airflow/dags/script/example/dag_with_postgres_hook.py
[2024-12-02T14:59:53.851+0000] {processor.py:914} INFO - Processing file /opt/airflow/dags/script/example/dag_with_postgres_hook.py for tasks to queue
[2024-12-02T14:59:53.852+0000] {logging_mixin.py:190} INFO - [2024-12-02T14:59:53.851+0000] {dagbag.py:588} INFO - Filling up the DagBag from /opt/airflow/dags/script/example/dag_with_postgres_hook.py
[2024-12-02T14:59:53.853+0000] {processor.py:927} WARNING - No viable dags retrieved from /opt/airflow/dags/script/example/dag_with_postgres_hook.py
[2024-12-02T14:59:53.858+0000] {processor.py:208} INFO - Processing /opt/airflow/dags/script/example/dag_with_postgres_hook.py took 0.011 seconds
[2024-12-02T15:00:24.547+0000] {processor.py:186} INFO - Started process (PID=8335) to work on /opt/airflow/dags/script/example/dag_with_postgres_hook.py
[2024-12-02T15:00:24.547+0000] {processor.py:914} INFO - Processing file /opt/airflow/dags/script/example/dag_with_postgres_hook.py for tasks to queue
[2024-12-02T15:00:24.548+0000] {logging_mixin.py:190} INFO - [2024-12-02T15:00:24.548+0000] {dagbag.py:588} INFO - Filling up the DagBag from /opt/airflow/dags/script/example/dag_with_postgres_hook.py
[2024-12-02T15:00:24.550+0000] {processor.py:927} WARNING - No viable dags retrieved from /opt/airflow/dags/script/example/dag_with_postgres_hook.py
[2024-12-02T15:00:24.557+0000] {processor.py:208} INFO - Processing /opt/airflow/dags/script/example/dag_with_postgres_hook.py took 0.013 seconds
[2024-12-02T15:00:55.390+0000] {processor.py:186} INFO - Started process (PID=8438) to work on /opt/airflow/dags/script/example/dag_with_postgres_hook.py
[2024-12-02T15:00:55.390+0000] {processor.py:914} INFO - Processing file /opt/airflow/dags/script/example/dag_with_postgres_hook.py for tasks to queue
[2024-12-02T15:00:55.391+0000] {logging_mixin.py:190} INFO - [2024-12-02T15:00:55.391+0000] {dagbag.py:588} INFO - Filling up the DagBag from /opt/airflow/dags/script/example/dag_with_postgres_hook.py
[2024-12-02T15:00:55.394+0000] {processor.py:927} WARNING - No viable dags retrieved from /opt/airflow/dags/script/example/dag_with_postgres_hook.py
[2024-12-02T15:00:55.401+0000] {processor.py:208} INFO - Processing /opt/airflow/dags/script/example/dag_with_postgres_hook.py took 0.014 seconds
[2024-12-02T15:01:26.132+0000] {processor.py:186} INFO - Started process (PID=8539) to work on /opt/airflow/dags/script/example/dag_with_postgres_hook.py
[2024-12-02T15:01:26.133+0000] {processor.py:914} INFO - Processing file /opt/airflow/dags/script/example/dag_with_postgres_hook.py for tasks to queue
[2024-12-02T15:01:26.133+0000] {logging_mixin.py:190} INFO - [2024-12-02T15:01:26.133+0000] {dagbag.py:588} INFO - Filling up the DagBag from /opt/airflow/dags/script/example/dag_with_postgres_hook.py
[2024-12-02T15:01:26.134+0000] {processor.py:927} WARNING - No viable dags retrieved from /opt/airflow/dags/script/example/dag_with_postgres_hook.py
[2024-12-02T15:01:26.139+0000] {processor.py:208} INFO - Processing /opt/airflow/dags/script/example/dag_with_postgres_hook.py took 0.010 seconds
[2024-12-02T15:01:56.904+0000] {processor.py:186} INFO - Started process (PID=8640) to work on /opt/airflow/dags/script/example/dag_with_postgres_hook.py
[2024-12-02T15:01:56.904+0000] {processor.py:914} INFO - Processing file /opt/airflow/dags/script/example/dag_with_postgres_hook.py for tasks to queue
[2024-12-02T15:01:56.905+0000] {logging_mixin.py:190} INFO - [2024-12-02T15:01:56.905+0000] {dagbag.py:588} INFO - Filling up the DagBag from /opt/airflow/dags/script/example/dag_with_postgres_hook.py
[2024-12-02T15:01:56.906+0000] {processor.py:927} WARNING - No viable dags retrieved from /opt/airflow/dags/script/example/dag_with_postgres_hook.py
[2024-12-02T15:01:56.911+0000] {processor.py:208} INFO - Processing /opt/airflow/dags/script/example/dag_with_postgres_hook.py took 0.009 seconds
[2024-12-02T15:02:27.746+0000] {processor.py:186} INFO - Started process (PID=8739) to work on /opt/airflow/dags/script/example/dag_with_postgres_hook.py
[2024-12-02T15:02:27.747+0000] {processor.py:914} INFO - Processing file /opt/airflow/dags/script/example/dag_with_postgres_hook.py for tasks to queue
[2024-12-02T15:02:27.748+0000] {logging_mixin.py:190} INFO - [2024-12-02T15:02:27.747+0000] {dagbag.py:588} INFO - Filling up the DagBag from /opt/airflow/dags/script/example/dag_with_postgres_hook.py
[2024-12-02T15:02:27.749+0000] {processor.py:927} WARNING - No viable dags retrieved from /opt/airflow/dags/script/example/dag_with_postgres_hook.py
[2024-12-02T15:02:27.755+0000] {processor.py:208} INFO - Processing /opt/airflow/dags/script/example/dag_with_postgres_hook.py took 0.012 seconds
[2024-12-02T15:02:58.536+0000] {processor.py:186} INFO - Started process (PID=8840) to work on /opt/airflow/dags/script/example/dag_with_postgres_hook.py
[2024-12-02T15:02:58.536+0000] {processor.py:914} INFO - Processing file /opt/airflow/dags/script/example/dag_with_postgres_hook.py for tasks to queue
[2024-12-02T15:02:58.537+0000] {logging_mixin.py:190} INFO - [2024-12-02T15:02:58.537+0000] {dagbag.py:588} INFO - Filling up the DagBag from /opt/airflow/dags/script/example/dag_with_postgres_hook.py
[2024-12-02T15:02:58.539+0000] {processor.py:927} WARNING - No viable dags retrieved from /opt/airflow/dags/script/example/dag_with_postgres_hook.py
[2024-12-02T15:02:58.545+0000] {processor.py:208} INFO - Processing /opt/airflow/dags/script/example/dag_with_postgres_hook.py took 0.013 seconds
[2024-12-02T15:03:29.272+0000] {processor.py:186} INFO - Started process (PID=8941) to work on /opt/airflow/dags/script/example/dag_with_postgres_hook.py
[2024-12-02T15:03:29.273+0000] {processor.py:914} INFO - Processing file /opt/airflow/dags/script/example/dag_with_postgres_hook.py for tasks to queue
[2024-12-02T15:03:29.274+0000] {logging_mixin.py:190} INFO - [2024-12-02T15:03:29.273+0000] {dagbag.py:588} INFO - Filling up the DagBag from /opt/airflow/dags/script/example/dag_with_postgres_hook.py
[2024-12-02T15:03:29.275+0000] {processor.py:927} WARNING - No viable dags retrieved from /opt/airflow/dags/script/example/dag_with_postgres_hook.py
[2024-12-02T15:03:29.282+0000] {processor.py:208} INFO - Processing /opt/airflow/dags/script/example/dag_with_postgres_hook.py took 0.013 seconds
[2024-12-02T15:04:00.002+0000] {processor.py:186} INFO - Started process (PID=9042) to work on /opt/airflow/dags/script/example/dag_with_postgres_hook.py
[2024-12-02T15:04:00.003+0000] {processor.py:914} INFO - Processing file /opt/airflow/dags/script/example/dag_with_postgres_hook.py for tasks to queue
[2024-12-02T15:04:00.004+0000] {logging_mixin.py:190} INFO - [2024-12-02T15:04:00.004+0000] {dagbag.py:588} INFO - Filling up the DagBag from /opt/airflow/dags/script/example/dag_with_postgres_hook.py
[2024-12-02T15:04:00.006+0000] {processor.py:927} WARNING - No viable dags retrieved from /opt/airflow/dags/script/example/dag_with_postgres_hook.py
[2024-12-02T15:04:00.013+0000] {processor.py:208} INFO - Processing /opt/airflow/dags/script/example/dag_with_postgres_hook.py took 0.013 seconds
[2024-12-02T15:04:30.757+0000] {processor.py:186} INFO - Started process (PID=9143) to work on /opt/airflow/dags/script/example/dag_with_postgres_hook.py
[2024-12-02T15:04:30.758+0000] {processor.py:914} INFO - Processing file /opt/airflow/dags/script/example/dag_with_postgres_hook.py for tasks to queue
[2024-12-02T15:04:30.758+0000] {logging_mixin.py:190} INFO - [2024-12-02T15:04:30.758+0000] {dagbag.py:588} INFO - Filling up the DagBag from /opt/airflow/dags/script/example/dag_with_postgres_hook.py
[2024-12-02T15:04:30.761+0000] {processor.py:927} WARNING - No viable dags retrieved from /opt/airflow/dags/script/example/dag_with_postgres_hook.py
[2024-12-02T15:04:30.767+0000] {processor.py:208} INFO - Processing /opt/airflow/dags/script/example/dag_with_postgres_hook.py took 0.014 seconds
