[2024-11-17T17:08:21.310+0000] {processor.py:186} INFO - Started process (PID=167) to work on /opt/airflow/dags/script/Main.py
[2024-11-17T17:08:21.311+0000] {processor.py:914} INFO - Processing file /opt/airflow/dags/script/Main.py for tasks to queue
[2024-11-17T17:08:21.313+0000] {logging_mixin.py:190} INFO - [2024-11-17T17:08:21.312+0000] {dagbag.py:588} INFO - Filling up the DagBag from /opt/airflow/dags/script/Main.py
[2024-11-17T17:08:21.340+0000] {logging_mixin.py:190} INFO - [2024-11-17T17:08:21.340+0000] {base.py:84} INFO - Retrieving connection 'postgres_localhost'
[2024-11-17T17:08:21.362+0000] {processor.py:925} INFO - DAG(s) 'PRCS_TEST_FRAMEWORK' retrieved from /opt/airflow/dags/script/Main.py
[2024-11-17T17:08:21.508+0000] {logging_mixin.py:190} INFO - [2024-11-17T17:08:21.508+0000] {dag.py:3239} INFO - Sync 1 DAGs
[2024-11-17T17:08:21.522+0000] {logging_mixin.py:190} INFO - [2024-11-17T17:08:21.522+0000] {dag.py:4180} INFO - Setting next_dagrun for PRCS_TEST_FRAMEWORK to 2024-11-17 00:00:00+00:00, run_after=2024-11-18 00:00:00+00:00
[2024-11-17T17:08:21.538+0000] {processor.py:208} INFO - Processing /opt/airflow/dags/script/Main.py took 0.232 seconds
[2024-11-17T17:08:51.804+0000] {processor.py:186} INFO - Started process (PID=522) to work on /opt/airflow/dags/script/Main.py
[2024-11-17T17:08:51.804+0000] {processor.py:914} INFO - Processing file /opt/airflow/dags/script/Main.py for tasks to queue
[2024-11-17T17:08:51.808+0000] {logging_mixin.py:190} INFO - [2024-11-17T17:08:51.808+0000] {dagbag.py:588} INFO - Filling up the DagBag from /opt/airflow/dags/script/Main.py
[2024-11-17T17:08:51.824+0000] {logging_mixin.py:190} INFO - [2024-11-17T17:08:51.824+0000] {base.py:84} INFO - Retrieving connection 'postgres_localhost'
[2024-11-17T17:08:51.836+0000] {processor.py:925} INFO - DAG(s) 'PRCS_TEST_FRAMEWORK' retrieved from /opt/airflow/dags/script/Main.py
[2024-11-17T17:08:51.842+0000] {logging_mixin.py:190} INFO - [2024-11-17T17:08:51.841+0000] {dag.py:3239} INFO - Sync 1 DAGs
[2024-11-17T17:08:51.851+0000] {logging_mixin.py:190} INFO - [2024-11-17T17:08:51.851+0000] {dag.py:4180} INFO - Setting next_dagrun for PRCS_TEST_FRAMEWORK to 2024-11-17 00:00:00+00:00, run_after=2024-11-18 00:00:00+00:00
[2024-11-17T17:08:51.859+0000] {processor.py:208} INFO - Processing /opt/airflow/dags/script/Main.py took 0.061 seconds
[2024-11-17T17:09:22.389+0000] {processor.py:186} INFO - Started process (PID=873) to work on /opt/airflow/dags/script/Main.py
[2024-11-17T17:09:22.390+0000] {processor.py:914} INFO - Processing file /opt/airflow/dags/script/Main.py for tasks to queue
[2024-11-17T17:09:22.393+0000] {logging_mixin.py:190} INFO - [2024-11-17T17:09:22.392+0000] {dagbag.py:588} INFO - Filling up the DagBag from /opt/airflow/dags/script/Main.py
[2024-11-17T17:09:22.409+0000] {logging_mixin.py:190} INFO - [2024-11-17T17:09:22.409+0000] {base.py:84} INFO - Retrieving connection 'postgres_localhost'
[2024-11-17T17:09:22.424+0000] {processor.py:925} INFO - DAG(s) 'PRCS_TEST_FRAMEWORK' retrieved from /opt/airflow/dags/script/Main.py
[2024-11-17T17:09:22.429+0000] {logging_mixin.py:190} INFO - [2024-11-17T17:09:22.429+0000] {dag.py:3239} INFO - Sync 1 DAGs
[2024-11-17T17:09:22.442+0000] {logging_mixin.py:190} INFO - [2024-11-17T17:09:22.441+0000] {dag.py:4180} INFO - Setting next_dagrun for PRCS_TEST_FRAMEWORK to 2024-11-17 00:00:00+00:00, run_after=2024-11-18 00:00:00+00:00
[2024-11-17T17:09:22.448+0000] {processor.py:208} INFO - Processing /opt/airflow/dags/script/Main.py took 0.066 seconds
[2024-11-17T17:09:52.915+0000] {processor.py:186} INFO - Started process (PID=1224) to work on /opt/airflow/dags/script/Main.py
[2024-11-17T17:09:52.916+0000] {processor.py:914} INFO - Processing file /opt/airflow/dags/script/Main.py for tasks to queue
[2024-11-17T17:09:52.918+0000] {logging_mixin.py:190} INFO - [2024-11-17T17:09:52.918+0000] {dagbag.py:588} INFO - Filling up the DagBag from /opt/airflow/dags/script/Main.py
[2024-11-17T17:09:52.936+0000] {logging_mixin.py:190} INFO - [2024-11-17T17:09:52.936+0000] {base.py:84} INFO - Retrieving connection 'postgres_localhost'
[2024-11-17T17:09:52.951+0000] {processor.py:925} INFO - DAG(s) 'PRCS_TEST_FRAMEWORK' retrieved from /opt/airflow/dags/script/Main.py
[2024-11-17T17:09:52.958+0000] {logging_mixin.py:190} INFO - [2024-11-17T17:09:52.958+0000] {dag.py:3239} INFO - Sync 1 DAGs
[2024-11-17T17:09:52.968+0000] {logging_mixin.py:190} INFO - [2024-11-17T17:09:52.968+0000] {dag.py:4180} INFO - Setting next_dagrun for PRCS_TEST_FRAMEWORK to 2024-11-17 00:00:00+00:00, run_after=2024-11-18 00:00:00+00:00
[2024-11-17T17:09:52.974+0000] {processor.py:208} INFO - Processing /opt/airflow/dags/script/Main.py took 0.065 seconds
[2024-11-17T17:10:23.324+0000] {processor.py:186} INFO - Started process (PID=1575) to work on /opt/airflow/dags/script/Main.py
[2024-11-17T17:10:23.326+0000] {processor.py:914} INFO - Processing file /opt/airflow/dags/script/Main.py for tasks to queue
[2024-11-17T17:10:23.328+0000] {logging_mixin.py:190} INFO - [2024-11-17T17:10:23.328+0000] {dagbag.py:588} INFO - Filling up the DagBag from /opt/airflow/dags/script/Main.py
[2024-11-17T17:10:23.341+0000] {logging_mixin.py:190} INFO - [2024-11-17T17:10:23.341+0000] {base.py:84} INFO - Retrieving connection 'postgres_localhost'
[2024-11-17T17:10:23.356+0000] {processor.py:925} INFO - DAG(s) 'PRCS_TEST_FRAMEWORK' retrieved from /opt/airflow/dags/script/Main.py
[2024-11-17T17:10:23.361+0000] {logging_mixin.py:190} INFO - [2024-11-17T17:10:23.361+0000] {dag.py:3239} INFO - Sync 1 DAGs
[2024-11-17T17:10:23.371+0000] {logging_mixin.py:190} INFO - [2024-11-17T17:10:23.371+0000] {dag.py:4180} INFO - Setting next_dagrun for PRCS_TEST_FRAMEWORK to 2024-11-17 00:00:00+00:00, run_after=2024-11-18 00:00:00+00:00
[2024-11-17T17:10:23.383+0000] {processor.py:208} INFO - Processing /opt/airflow/dags/script/Main.py took 0.063 seconds
[2024-11-17T17:10:53.861+0000] {processor.py:186} INFO - Started process (PID=1926) to work on /opt/airflow/dags/script/Main.py
[2024-11-17T17:10:53.862+0000] {processor.py:914} INFO - Processing file /opt/airflow/dags/script/Main.py for tasks to queue
[2024-11-17T17:10:53.866+0000] {logging_mixin.py:190} INFO - [2024-11-17T17:10:53.866+0000] {dagbag.py:588} INFO - Filling up the DagBag from /opt/airflow/dags/script/Main.py
[2024-11-17T17:10:53.881+0000] {logging_mixin.py:190} INFO - [2024-11-17T17:10:53.881+0000] {base.py:84} INFO - Retrieving connection 'postgres_localhost'
[2024-11-17T17:10:53.895+0000] {processor.py:925} INFO - DAG(s) 'PRCS_TEST_FRAMEWORK' retrieved from /opt/airflow/dags/script/Main.py
[2024-11-17T17:10:53.902+0000] {logging_mixin.py:190} INFO - [2024-11-17T17:10:53.901+0000] {dag.py:3239} INFO - Sync 1 DAGs
[2024-11-17T17:10:53.911+0000] {logging_mixin.py:190} INFO - [2024-11-17T17:10:53.911+0000] {dag.py:4180} INFO - Setting next_dagrun for PRCS_TEST_FRAMEWORK to 2024-11-17 00:00:00+00:00, run_after=2024-11-18 00:00:00+00:00
[2024-11-17T17:10:53.918+0000] {processor.py:208} INFO - Processing /opt/airflow/dags/script/Main.py took 0.061 seconds
[2024-11-17T17:11:24.294+0000] {processor.py:186} INFO - Started process (PID=2277) to work on /opt/airflow/dags/script/Main.py
[2024-11-17T17:11:24.296+0000] {processor.py:914} INFO - Processing file /opt/airflow/dags/script/Main.py for tasks to queue
[2024-11-17T17:11:24.299+0000] {logging_mixin.py:190} INFO - [2024-11-17T17:11:24.299+0000] {dagbag.py:588} INFO - Filling up the DagBag from /opt/airflow/dags/script/Main.py
[2024-11-17T17:11:24.315+0000] {logging_mixin.py:190} INFO - [2024-11-17T17:11:24.315+0000] {base.py:84} INFO - Retrieving connection 'postgres_localhost'
[2024-11-17T17:11:24.326+0000] {processor.py:925} INFO - DAG(s) 'PRCS_TEST_FRAMEWORK' retrieved from /opt/airflow/dags/script/Main.py
[2024-11-17T17:11:24.332+0000] {logging_mixin.py:190} INFO - [2024-11-17T17:11:24.332+0000] {dag.py:3239} INFO - Sync 1 DAGs
[2024-11-17T17:11:24.344+0000] {logging_mixin.py:190} INFO - [2024-11-17T17:11:24.344+0000] {dag.py:4180} INFO - Setting next_dagrun for PRCS_TEST_FRAMEWORK to 2024-11-17 00:00:00+00:00, run_after=2024-11-18 00:00:00+00:00
[2024-11-17T17:11:24.355+0000] {processor.py:208} INFO - Processing /opt/airflow/dags/script/Main.py took 0.067 seconds
[2024-11-17T17:11:54.864+0000] {processor.py:186} INFO - Started process (PID=2628) to work on /opt/airflow/dags/script/Main.py
[2024-11-17T17:11:54.865+0000] {processor.py:914} INFO - Processing file /opt/airflow/dags/script/Main.py for tasks to queue
[2024-11-17T17:11:54.867+0000] {logging_mixin.py:190} INFO - [2024-11-17T17:11:54.867+0000] {dagbag.py:588} INFO - Filling up the DagBag from /opt/airflow/dags/script/Main.py
[2024-11-17T17:11:54.882+0000] {logging_mixin.py:190} INFO - [2024-11-17T17:11:54.882+0000] {base.py:84} INFO - Retrieving connection 'postgres_localhost'
[2024-11-17T17:11:54.894+0000] {processor.py:925} INFO - DAG(s) 'PRCS_TEST_FRAMEWORK' retrieved from /opt/airflow/dags/script/Main.py
[2024-11-17T17:11:54.900+0000] {logging_mixin.py:190} INFO - [2024-11-17T17:11:54.900+0000] {dag.py:3239} INFO - Sync 1 DAGs
[2024-11-17T17:11:54.909+0000] {logging_mixin.py:190} INFO - [2024-11-17T17:11:54.909+0000] {dag.py:4180} INFO - Setting next_dagrun for PRCS_TEST_FRAMEWORK to 2024-11-17 00:00:00+00:00, run_after=2024-11-18 00:00:00+00:00
[2024-11-17T17:11:54.916+0000] {processor.py:208} INFO - Processing /opt/airflow/dags/script/Main.py took 0.057 seconds
[2024-11-17T17:12:25.307+0000] {processor.py:186} INFO - Started process (PID=2979) to work on /opt/airflow/dags/script/Main.py
[2024-11-17T17:12:25.308+0000] {processor.py:914} INFO - Processing file /opt/airflow/dags/script/Main.py for tasks to queue
[2024-11-17T17:12:25.310+0000] {logging_mixin.py:190} INFO - [2024-11-17T17:12:25.310+0000] {dagbag.py:588} INFO - Filling up the DagBag from /opt/airflow/dags/script/Main.py
[2024-11-17T17:12:25.325+0000] {logging_mixin.py:190} INFO - [2024-11-17T17:12:25.325+0000] {base.py:84} INFO - Retrieving connection 'postgres_localhost'
[2024-11-17T17:12:25.335+0000] {processor.py:925} INFO - DAG(s) 'PRCS_TEST_FRAMEWORK' retrieved from /opt/airflow/dags/script/Main.py
[2024-11-17T17:12:25.341+0000] {logging_mixin.py:190} INFO - [2024-11-17T17:12:25.340+0000] {dag.py:3239} INFO - Sync 1 DAGs
[2024-11-17T17:12:25.351+0000] {logging_mixin.py:190} INFO - [2024-11-17T17:12:25.351+0000] {dag.py:4180} INFO - Setting next_dagrun for PRCS_TEST_FRAMEWORK to 2024-11-17 00:00:00+00:00, run_after=2024-11-18 00:00:00+00:00
[2024-11-17T17:12:25.363+0000] {processor.py:208} INFO - Processing /opt/airflow/dags/script/Main.py took 0.061 seconds
[2024-11-17T17:12:55.752+0000] {processor.py:186} INFO - Started process (PID=3330) to work on /opt/airflow/dags/script/Main.py
[2024-11-17T17:12:55.754+0000] {processor.py:914} INFO - Processing file /opt/airflow/dags/script/Main.py for tasks to queue
[2024-11-17T17:12:55.757+0000] {logging_mixin.py:190} INFO - [2024-11-17T17:12:55.757+0000] {dagbag.py:588} INFO - Filling up the DagBag from /opt/airflow/dags/script/Main.py
[2024-11-17T17:12:55.773+0000] {logging_mixin.py:190} INFO - [2024-11-17T17:12:55.773+0000] {base.py:84} INFO - Retrieving connection 'postgres_localhost'
[2024-11-17T17:12:55.789+0000] {processor.py:925} INFO - DAG(s) 'PRCS_TEST_FRAMEWORK' retrieved from /opt/airflow/dags/script/Main.py
[2024-11-17T17:12:55.795+0000] {logging_mixin.py:190} INFO - [2024-11-17T17:12:55.795+0000] {dag.py:3239} INFO - Sync 1 DAGs
[2024-11-17T17:12:55.806+0000] {logging_mixin.py:190} INFO - [2024-11-17T17:12:55.806+0000] {dag.py:4180} INFO - Setting next_dagrun for PRCS_TEST_FRAMEWORK to 2024-11-17 00:00:00+00:00, run_after=2024-11-18 00:00:00+00:00
[2024-11-17T17:12:55.814+0000] {processor.py:208} INFO - Processing /opt/airflow/dags/script/Main.py took 0.068 seconds
[2024-11-17T17:13:26.376+0000] {processor.py:186} INFO - Started process (PID=3686) to work on /opt/airflow/dags/script/Main.py
[2024-11-17T17:13:26.377+0000] {processor.py:914} INFO - Processing file /opt/airflow/dags/script/Main.py for tasks to queue
[2024-11-17T17:13:26.378+0000] {logging_mixin.py:190} INFO - [2024-11-17T17:13:26.378+0000] {dagbag.py:588} INFO - Filling up the DagBag from /opt/airflow/dags/script/Main.py
[2024-11-17T17:13:26.395+0000] {logging_mixin.py:190} INFO - [2024-11-17T17:13:26.395+0000] {base.py:84} INFO - Retrieving connection 'postgres_localhost'
[2024-11-17T17:13:26.407+0000] {processor.py:925} INFO - DAG(s) 'PRCS_TEST_FRAMEWORK' retrieved from /opt/airflow/dags/script/Main.py
[2024-11-17T17:13:26.412+0000] {logging_mixin.py:190} INFO - [2024-11-17T17:13:26.412+0000] {dag.py:3239} INFO - Sync 1 DAGs
[2024-11-17T17:13:26.422+0000] {logging_mixin.py:190} INFO - [2024-11-17T17:13:26.422+0000] {dag.py:4180} INFO - Setting next_dagrun for PRCS_TEST_FRAMEWORK to 2024-11-17 00:00:00+00:00, run_after=2024-11-18 00:00:00+00:00
[2024-11-17T17:13:26.432+0000] {processor.py:208} INFO - Processing /opt/airflow/dags/script/Main.py took 0.061 seconds
[2024-11-17T17:13:56.728+0000] {processor.py:186} INFO - Started process (PID=4041) to work on /opt/airflow/dags/script/Main.py
[2024-11-17T17:13:56.729+0000] {processor.py:914} INFO - Processing file /opt/airflow/dags/script/Main.py for tasks to queue
[2024-11-17T17:13:56.731+0000] {logging_mixin.py:190} INFO - [2024-11-17T17:13:56.731+0000] {dagbag.py:588} INFO - Filling up the DagBag from /opt/airflow/dags/script/Main.py
[2024-11-17T17:13:56.742+0000] {logging_mixin.py:190} INFO - [2024-11-17T17:13:56.742+0000] {base.py:84} INFO - Retrieving connection 'postgres_localhost'
[2024-11-17T17:13:56.755+0000] {processor.py:925} INFO - DAG(s) 'PRCS_TEST_FRAMEWORK' retrieved from /opt/airflow/dags/script/Main.py
[2024-11-17T17:13:56.760+0000] {logging_mixin.py:190} INFO - [2024-11-17T17:13:56.760+0000] {dag.py:3239} INFO - Sync 1 DAGs
[2024-11-17T17:13:56.770+0000] {logging_mixin.py:190} INFO - [2024-11-17T17:13:56.769+0000] {dag.py:4180} INFO - Setting next_dagrun for PRCS_TEST_FRAMEWORK to 2024-11-17 00:00:00+00:00, run_after=2024-11-18 00:00:00+00:00
[2024-11-17T17:13:56.778+0000] {processor.py:208} INFO - Processing /opt/airflow/dags/script/Main.py took 0.052 seconds
[2024-11-17T17:14:27.243+0000] {processor.py:186} INFO - Started process (PID=4392) to work on /opt/airflow/dags/script/Main.py
[2024-11-17T17:14:27.245+0000] {processor.py:914} INFO - Processing file /opt/airflow/dags/script/Main.py for tasks to queue
[2024-11-17T17:14:27.246+0000] {logging_mixin.py:190} INFO - [2024-11-17T17:14:27.246+0000] {dagbag.py:588} INFO - Filling up the DagBag from /opt/airflow/dags/script/Main.py
[2024-11-17T17:14:27.262+0000] {logging_mixin.py:190} INFO - [2024-11-17T17:14:27.262+0000] {base.py:84} INFO - Retrieving connection 'postgres_localhost'
[2024-11-17T17:14:27.276+0000] {processor.py:925} INFO - DAG(s) 'PRCS_TEST_FRAMEWORK' retrieved from /opt/airflow/dags/script/Main.py
[2024-11-17T17:14:27.283+0000] {logging_mixin.py:190} INFO - [2024-11-17T17:14:27.283+0000] {dag.py:3239} INFO - Sync 1 DAGs
[2024-11-17T17:14:27.293+0000] {logging_mixin.py:190} INFO - [2024-11-17T17:14:27.293+0000] {dag.py:4180} INFO - Setting next_dagrun for PRCS_TEST_FRAMEWORK to 2024-11-17 00:00:00+00:00, run_after=2024-11-18 00:00:00+00:00
[2024-11-17T17:14:27.302+0000] {processor.py:208} INFO - Processing /opt/airflow/dags/script/Main.py took 0.063 seconds
[2024-11-17T17:14:57.786+0000] {processor.py:186} INFO - Started process (PID=4743) to work on /opt/airflow/dags/script/Main.py
[2024-11-17T17:14:57.788+0000] {processor.py:914} INFO - Processing file /opt/airflow/dags/script/Main.py for tasks to queue
[2024-11-17T17:14:57.791+0000] {logging_mixin.py:190} INFO - [2024-11-17T17:14:57.791+0000] {dagbag.py:588} INFO - Filling up the DagBag from /opt/airflow/dags/script/Main.py
[2024-11-17T17:14:57.806+0000] {logging_mixin.py:190} INFO - [2024-11-17T17:14:57.806+0000] {base.py:84} INFO - Retrieving connection 'postgres_localhost'
[2024-11-17T17:14:57.822+0000] {processor.py:925} INFO - DAG(s) 'PRCS_TEST_FRAMEWORK' retrieved from /opt/airflow/dags/script/Main.py
[2024-11-17T17:14:57.828+0000] {logging_mixin.py:190} INFO - [2024-11-17T17:14:57.828+0000] {dag.py:3239} INFO - Sync 1 DAGs
[2024-11-17T17:14:57.840+0000] {logging_mixin.py:190} INFO - [2024-11-17T17:14:57.840+0000] {dag.py:4180} INFO - Setting next_dagrun for PRCS_TEST_FRAMEWORK to 2024-11-17 00:00:00+00:00, run_after=2024-11-18 00:00:00+00:00
[2024-11-17T17:14:57.849+0000] {processor.py:208} INFO - Processing /opt/airflow/dags/script/Main.py took 0.070 seconds
[2024-11-17T17:15:28.181+0000] {processor.py:186} INFO - Started process (PID=5094) to work on /opt/airflow/dags/script/Main.py
[2024-11-17T17:15:28.183+0000] {processor.py:914} INFO - Processing file /opt/airflow/dags/script/Main.py for tasks to queue
[2024-11-17T17:15:28.185+0000] {logging_mixin.py:190} INFO - [2024-11-17T17:15:28.185+0000] {dagbag.py:588} INFO - Filling up the DagBag from /opt/airflow/dags/script/Main.py
[2024-11-17T17:15:28.201+0000] {logging_mixin.py:190} INFO - [2024-11-17T17:15:28.200+0000] {base.py:84} INFO - Retrieving connection 'postgres_localhost'
[2024-11-17T17:15:28.212+0000] {processor.py:925} INFO - DAG(s) 'PRCS_TEST_FRAMEWORK' retrieved from /opt/airflow/dags/script/Main.py
[2024-11-17T17:15:28.218+0000] {logging_mixin.py:190} INFO - [2024-11-17T17:15:28.218+0000] {dag.py:3239} INFO - Sync 1 DAGs
[2024-11-17T17:15:28.227+0000] {logging_mixin.py:190} INFO - [2024-11-17T17:15:28.227+0000] {dag.py:4180} INFO - Setting next_dagrun for PRCS_TEST_FRAMEWORK to 2024-11-17 00:00:00+00:00, run_after=2024-11-18 00:00:00+00:00
[2024-11-17T17:15:28.236+0000] {processor.py:208} INFO - Processing /opt/airflow/dags/script/Main.py took 0.062 seconds
[2024-11-17T17:15:58.682+0000] {processor.py:186} INFO - Started process (PID=5449) to work on /opt/airflow/dags/script/Main.py
[2024-11-17T17:15:58.683+0000] {processor.py:914} INFO - Processing file /opt/airflow/dags/script/Main.py for tasks to queue
[2024-11-17T17:15:58.684+0000] {logging_mixin.py:190} INFO - [2024-11-17T17:15:58.684+0000] {dagbag.py:588} INFO - Filling up the DagBag from /opt/airflow/dags/script/Main.py
[2024-11-17T17:15:58.694+0000] {logging_mixin.py:190} INFO - [2024-11-17T17:15:58.694+0000] {base.py:84} INFO - Retrieving connection 'postgres_localhost'
[2024-11-17T17:15:58.703+0000] {processor.py:925} INFO - DAG(s) 'PRCS_TEST_FRAMEWORK' retrieved from /opt/airflow/dags/script/Main.py
[2024-11-17T17:15:58.709+0000] {logging_mixin.py:190} INFO - [2024-11-17T17:15:58.708+0000] {dag.py:3239} INFO - Sync 1 DAGs
[2024-11-17T17:15:58.718+0000] {logging_mixin.py:190} INFO - [2024-11-17T17:15:58.718+0000] {dag.py:4180} INFO - Setting next_dagrun for PRCS_TEST_FRAMEWORK to 2024-11-17 00:00:00+00:00, run_after=2024-11-18 00:00:00+00:00
[2024-11-17T17:15:58.724+0000] {processor.py:208} INFO - Processing /opt/airflow/dags/script/Main.py took 0.045 seconds
[2024-11-17T17:16:29.319+0000] {processor.py:186} INFO - Started process (PID=5801) to work on /opt/airflow/dags/script/Main.py
[2024-11-17T17:16:29.321+0000] {processor.py:914} INFO - Processing file /opt/airflow/dags/script/Main.py for tasks to queue
[2024-11-17T17:16:29.325+0000] {logging_mixin.py:190} INFO - [2024-11-17T17:16:29.324+0000] {dagbag.py:588} INFO - Filling up the DagBag from /opt/airflow/dags/script/Main.py
[2024-11-17T17:16:29.341+0000] {logging_mixin.py:190} INFO - [2024-11-17T17:16:29.341+0000] {base.py:84} INFO - Retrieving connection 'postgres_localhost'
[2024-11-17T17:16:29.354+0000] {processor.py:925} INFO - DAG(s) 'PRCS_TEST_FRAMEWORK' retrieved from /opt/airflow/dags/script/Main.py
[2024-11-17T17:16:29.361+0000] {logging_mixin.py:190} INFO - [2024-11-17T17:16:29.361+0000] {dag.py:3239} INFO - Sync 1 DAGs
[2024-11-17T17:16:29.373+0000] {logging_mixin.py:190} INFO - [2024-11-17T17:16:29.373+0000] {dag.py:4180} INFO - Setting next_dagrun for PRCS_TEST_FRAMEWORK to 2024-11-17 00:00:00+00:00, run_after=2024-11-18 00:00:00+00:00
[2024-11-17T17:16:29.385+0000] {processor.py:208} INFO - Processing /opt/airflow/dags/script/Main.py took 0.073 seconds
[2024-11-17T17:16:59.867+0000] {processor.py:186} INFO - Started process (PID=6152) to work on /opt/airflow/dags/script/Main.py
[2024-11-17T17:16:59.870+0000] {processor.py:914} INFO - Processing file /opt/airflow/dags/script/Main.py for tasks to queue
[2024-11-17T17:16:59.873+0000] {logging_mixin.py:190} INFO - [2024-11-17T17:16:59.873+0000] {dagbag.py:588} INFO - Filling up the DagBag from /opt/airflow/dags/script/Main.py
[2024-11-17T17:16:59.887+0000] {logging_mixin.py:190} INFO - [2024-11-17T17:16:59.887+0000] {base.py:84} INFO - Retrieving connection 'postgres_localhost'
[2024-11-17T17:16:59.900+0000] {processor.py:925} INFO - DAG(s) 'PRCS_TEST_FRAMEWORK' retrieved from /opt/airflow/dags/script/Main.py
[2024-11-17T17:16:59.905+0000] {logging_mixin.py:190} INFO - [2024-11-17T17:16:59.905+0000] {dag.py:3239} INFO - Sync 1 DAGs
[2024-11-17T17:16:59.919+0000] {logging_mixin.py:190} INFO - [2024-11-17T17:16:59.919+0000] {dag.py:4180} INFO - Setting next_dagrun for PRCS_TEST_FRAMEWORK to 2024-11-17 00:00:00+00:00, run_after=2024-11-18 00:00:00+00:00
[2024-11-17T17:16:59.928+0000] {processor.py:208} INFO - Processing /opt/airflow/dags/script/Main.py took 0.068 seconds
[2024-11-17T17:17:30.370+0000] {processor.py:186} INFO - Started process (PID=6503) to work on /opt/airflow/dags/script/Main.py
[2024-11-17T17:17:30.371+0000] {processor.py:914} INFO - Processing file /opt/airflow/dags/script/Main.py for tasks to queue
[2024-11-17T17:17:30.374+0000] {logging_mixin.py:190} INFO - [2024-11-17T17:17:30.373+0000] {dagbag.py:588} INFO - Filling up the DagBag from /opt/airflow/dags/script/Main.py
[2024-11-17T17:17:30.388+0000] {logging_mixin.py:190} INFO - [2024-11-17T17:17:30.388+0000] {base.py:84} INFO - Retrieving connection 'postgres_localhost'
[2024-11-17T17:17:30.401+0000] {processor.py:925} INFO - DAG(s) 'PRCS_TEST_FRAMEWORK' retrieved from /opt/airflow/dags/script/Main.py
[2024-11-17T17:17:30.406+0000] {logging_mixin.py:190} INFO - [2024-11-17T17:17:30.406+0000] {dag.py:3239} INFO - Sync 1 DAGs
[2024-11-17T17:17:30.418+0000] {logging_mixin.py:190} INFO - [2024-11-17T17:17:30.418+0000] {dag.py:4180} INFO - Setting next_dagrun for PRCS_TEST_FRAMEWORK to 2024-11-17 00:00:00+00:00, run_after=2024-11-18 00:00:00+00:00
[2024-11-17T17:17:30.425+0000] {processor.py:208} INFO - Processing /opt/airflow/dags/script/Main.py took 0.061 seconds
[2024-11-17T17:23:22.864+0000] {processor.py:186} INFO - Started process (PID=10712) to work on /opt/airflow/dags/script/Main.py
[2024-11-17T17:23:22.864+0000] {processor.py:914} INFO - Processing file /opt/airflow/dags/script/Main.py for tasks to queue
[2024-11-17T17:23:22.865+0000] {logging_mixin.py:190} INFO - [2024-11-17T17:23:22.865+0000] {dagbag.py:588} INFO - Filling up the DagBag from /opt/airflow/dags/script/Main.py
[2024-11-17T17:23:22.874+0000] {logging_mixin.py:190} INFO - [2024-11-17T17:23:22.874+0000] {base.py:84} INFO - Retrieving connection 'postgres_localhost'
[2024-11-17T17:23:22.884+0000] {processor.py:925} INFO - DAG(s) 'PRCS_TEST_FRAMEWORK' retrieved from /opt/airflow/dags/script/Main.py
[2024-11-17T17:23:22.920+0000] {logging_mixin.py:190} INFO - [2024-11-17T17:23:22.920+0000] {dag.py:3239} INFO - Sync 1 DAGs
[2024-11-17T17:23:22.928+0000] {logging_mixin.py:190} INFO - [2024-11-17T17:23:22.928+0000] {dag.py:4180} INFO - Setting next_dagrun for PRCS_TEST_FRAMEWORK to 2024-11-17 00:00:00+00:00, run_after=2024-11-18 00:00:00+00:00
[2024-11-17T17:23:22.935+0000] {processor.py:208} INFO - Processing /opt/airflow/dags/script/Main.py took 0.074 seconds
[2024-11-17T17:23:53.061+0000] {processor.py:186} INFO - Started process (PID=11063) to work on /opt/airflow/dags/script/Main.py
[2024-11-17T17:23:53.061+0000] {processor.py:914} INFO - Processing file /opt/airflow/dags/script/Main.py for tasks to queue
[2024-11-17T17:23:53.062+0000] {logging_mixin.py:190} INFO - [2024-11-17T17:23:53.062+0000] {dagbag.py:588} INFO - Filling up the DagBag from /opt/airflow/dags/script/Main.py
[2024-11-17T17:23:53.072+0000] {logging_mixin.py:190} INFO - [2024-11-17T17:23:53.071+0000] {base.py:84} INFO - Retrieving connection 'postgres_localhost'
[2024-11-17T17:23:53.081+0000] {processor.py:925} INFO - DAG(s) 'PRCS_TEST_FRAMEWORK' retrieved from /opt/airflow/dags/script/Main.py
[2024-11-17T17:23:53.086+0000] {logging_mixin.py:190} INFO - [2024-11-17T17:23:53.086+0000] {dag.py:3239} INFO - Sync 1 DAGs
[2024-11-17T17:23:53.096+0000] {logging_mixin.py:190} INFO - [2024-11-17T17:23:53.096+0000] {dag.py:4180} INFO - Setting next_dagrun for PRCS_TEST_FRAMEWORK to 2024-11-17 00:00:00+00:00, run_after=2024-11-18 00:00:00+00:00
[2024-11-17T17:23:53.101+0000] {processor.py:208} INFO - Processing /opt/airflow/dags/script/Main.py took 0.044 seconds
[2024-11-17T17:24:23.324+0000] {processor.py:186} INFO - Started process (PID=11414) to work on /opt/airflow/dags/script/Main.py
[2024-11-17T17:24:23.324+0000] {processor.py:914} INFO - Processing file /opt/airflow/dags/script/Main.py for tasks to queue
[2024-11-17T17:24:23.325+0000] {logging_mixin.py:190} INFO - [2024-11-17T17:24:23.324+0000] {dagbag.py:588} INFO - Filling up the DagBag from /opt/airflow/dags/script/Main.py
[2024-11-17T17:24:23.333+0000] {logging_mixin.py:190} INFO - [2024-11-17T17:24:23.332+0000] {base.py:84} INFO - Retrieving connection 'postgres_localhost'
[2024-11-17T17:24:23.341+0000] {processor.py:925} INFO - DAG(s) 'PRCS_TEST_FRAMEWORK' retrieved from /opt/airflow/dags/script/Main.py
[2024-11-17T17:24:23.346+0000] {logging_mixin.py:190} INFO - [2024-11-17T17:24:23.346+0000] {dag.py:3239} INFO - Sync 1 DAGs
[2024-11-17T17:24:23.355+0000] {logging_mixin.py:190} INFO - [2024-11-17T17:24:23.355+0000] {dag.py:4180} INFO - Setting next_dagrun for PRCS_TEST_FRAMEWORK to 2024-11-17 00:00:00+00:00, run_after=2024-11-18 00:00:00+00:00
[2024-11-17T17:24:23.360+0000] {processor.py:208} INFO - Processing /opt/airflow/dags/script/Main.py took 0.039 seconds
[2024-11-17T17:24:53.471+0000] {processor.py:186} INFO - Started process (PID=11765) to work on /opt/airflow/dags/script/Main.py
[2024-11-17T17:24:53.472+0000] {processor.py:914} INFO - Processing file /opt/airflow/dags/script/Main.py for tasks to queue
[2024-11-17T17:24:53.473+0000] {logging_mixin.py:190} INFO - [2024-11-17T17:24:53.473+0000] {dagbag.py:588} INFO - Filling up the DagBag from /opt/airflow/dags/script/Main.py
[2024-11-17T17:24:53.484+0000] {logging_mixin.py:190} INFO - [2024-11-17T17:24:53.484+0000] {base.py:84} INFO - Retrieving connection 'postgres_localhost'
[2024-11-17T17:24:53.494+0000] {processor.py:925} INFO - DAG(s) 'PRCS_TEST_FRAMEWORK' retrieved from /opt/airflow/dags/script/Main.py
[2024-11-17T17:24:53.498+0000] {logging_mixin.py:190} INFO - [2024-11-17T17:24:53.498+0000] {dag.py:3239} INFO - Sync 1 DAGs
[2024-11-17T17:24:53.508+0000] {logging_mixin.py:190} INFO - [2024-11-17T17:24:53.508+0000] {dag.py:4180} INFO - Setting next_dagrun for PRCS_TEST_FRAMEWORK to 2024-11-17 00:00:00+00:00, run_after=2024-11-18 00:00:00+00:00
[2024-11-17T17:24:53.513+0000] {processor.py:208} INFO - Processing /opt/airflow/dags/script/Main.py took 0.046 seconds
[2024-11-17T17:25:23.686+0000] {processor.py:186} INFO - Started process (PID=12116) to work on /opt/airflow/dags/script/Main.py
[2024-11-17T17:25:23.687+0000] {processor.py:914} INFO - Processing file /opt/airflow/dags/script/Main.py for tasks to queue
[2024-11-17T17:25:23.688+0000] {logging_mixin.py:190} INFO - [2024-11-17T17:25:23.688+0000] {dagbag.py:588} INFO - Filling up the DagBag from /opt/airflow/dags/script/Main.py
[2024-11-17T17:25:23.703+0000] {logging_mixin.py:190} INFO - [2024-11-17T17:25:23.703+0000] {base.py:84} INFO - Retrieving connection 'postgres_localhost'
[2024-11-17T17:25:23.724+0000] {processor.py:925} INFO - DAG(s) 'PRCS_TEST_FRAMEWORK' retrieved from /opt/airflow/dags/script/Main.py
[2024-11-17T17:25:23.732+0000] {logging_mixin.py:190} INFO - [2024-11-17T17:25:23.731+0000] {dag.py:3239} INFO - Sync 1 DAGs
[2024-11-17T17:25:23.749+0000] {logging_mixin.py:190} INFO - [2024-11-17T17:25:23.749+0000] {dag.py:4180} INFO - Setting next_dagrun for PRCS_TEST_FRAMEWORK to 2024-11-17 00:00:00+00:00, run_after=2024-11-18 00:00:00+00:00
[2024-11-17T17:25:23.758+0000] {processor.py:208} INFO - Processing /opt/airflow/dags/script/Main.py took 0.077 seconds
[2024-11-17T17:25:54.024+0000] {processor.py:186} INFO - Started process (PID=12467) to work on /opt/airflow/dags/script/Main.py
[2024-11-17T17:25:54.024+0000] {processor.py:914} INFO - Processing file /opt/airflow/dags/script/Main.py for tasks to queue
[2024-11-17T17:25:54.025+0000] {logging_mixin.py:190} INFO - [2024-11-17T17:25:54.025+0000] {dagbag.py:588} INFO - Filling up the DagBag from /opt/airflow/dags/script/Main.py
[2024-11-17T17:25:54.035+0000] {logging_mixin.py:190} INFO - [2024-11-17T17:25:54.035+0000] {base.py:84} INFO - Retrieving connection 'postgres_localhost'
[2024-11-17T17:25:54.044+0000] {processor.py:925} INFO - DAG(s) 'PRCS_TEST_FRAMEWORK' retrieved from /opt/airflow/dags/script/Main.py
[2024-11-17T17:25:54.049+0000] {logging_mixin.py:190} INFO - [2024-11-17T17:25:54.049+0000] {dag.py:3239} INFO - Sync 1 DAGs
[2024-11-17T17:25:54.059+0000] {logging_mixin.py:190} INFO - [2024-11-17T17:25:54.059+0000] {dag.py:4180} INFO - Setting next_dagrun for PRCS_TEST_FRAMEWORK to 2024-11-17 00:00:00+00:00, run_after=2024-11-18 00:00:00+00:00
[2024-11-17T17:25:54.065+0000] {processor.py:208} INFO - Processing /opt/airflow/dags/script/Main.py took 0.044 seconds
[2024-11-17T17:26:24.468+0000] {processor.py:186} INFO - Started process (PID=12818) to work on /opt/airflow/dags/script/Main.py
[2024-11-17T17:26:24.468+0000] {processor.py:914} INFO - Processing file /opt/airflow/dags/script/Main.py for tasks to queue
[2024-11-17T17:26:24.469+0000] {logging_mixin.py:190} INFO - [2024-11-17T17:26:24.469+0000] {dagbag.py:588} INFO - Filling up the DagBag from /opt/airflow/dags/script/Main.py
[2024-11-17T17:26:24.482+0000] {logging_mixin.py:190} INFO - [2024-11-17T17:26:24.482+0000] {base.py:84} INFO - Retrieving connection 'postgres_localhost'
[2024-11-17T17:26:24.494+0000] {processor.py:925} INFO - DAG(s) 'PRCS_TEST_FRAMEWORK' retrieved from /opt/airflow/dags/script/Main.py
[2024-11-17T17:26:24.499+0000] {logging_mixin.py:190} INFO - [2024-11-17T17:26:24.499+0000] {dag.py:3239} INFO - Sync 1 DAGs
[2024-11-17T17:26:24.508+0000] {logging_mixin.py:190} INFO - [2024-11-17T17:26:24.508+0000] {dag.py:4180} INFO - Setting next_dagrun for PRCS_TEST_FRAMEWORK to 2024-11-17 00:00:00+00:00, run_after=2024-11-18 00:00:00+00:00
[2024-11-17T17:26:24.515+0000] {processor.py:208} INFO - Processing /opt/airflow/dags/script/Main.py took 0.053 seconds
[2024-11-17T17:26:54.841+0000] {processor.py:186} INFO - Started process (PID=13169) to work on /opt/airflow/dags/script/Main.py
[2024-11-17T17:26:54.841+0000] {processor.py:914} INFO - Processing file /opt/airflow/dags/script/Main.py for tasks to queue
[2024-11-17T17:26:54.842+0000] {logging_mixin.py:190} INFO - [2024-11-17T17:26:54.842+0000] {dagbag.py:588} INFO - Filling up the DagBag from /opt/airflow/dags/script/Main.py
[2024-11-17T17:26:54.855+0000] {logging_mixin.py:190} INFO - [2024-11-17T17:26:54.855+0000] {base.py:84} INFO - Retrieving connection 'postgres_localhost'
[2024-11-17T17:26:54.865+0000] {processor.py:925} INFO - DAG(s) 'PRCS_TEST_FRAMEWORK' retrieved from /opt/airflow/dags/script/Main.py
[2024-11-17T17:26:54.870+0000] {logging_mixin.py:190} INFO - [2024-11-17T17:26:54.870+0000] {dag.py:3239} INFO - Sync 1 DAGs
[2024-11-17T17:26:54.879+0000] {logging_mixin.py:190} INFO - [2024-11-17T17:26:54.879+0000] {dag.py:4180} INFO - Setting next_dagrun for PRCS_TEST_FRAMEWORK to 2024-11-17 00:00:00+00:00, run_after=2024-11-18 00:00:00+00:00
[2024-11-17T17:26:54.886+0000] {processor.py:208} INFO - Processing /opt/airflow/dags/script/Main.py took 0.050 seconds
[2024-11-17T17:27:25.203+0000] {processor.py:186} INFO - Started process (PID=13520) to work on /opt/airflow/dags/script/Main.py
[2024-11-17T17:27:25.204+0000] {processor.py:914} INFO - Processing file /opt/airflow/dags/script/Main.py for tasks to queue
[2024-11-17T17:27:25.204+0000] {logging_mixin.py:190} INFO - [2024-11-17T17:27:25.204+0000] {dagbag.py:588} INFO - Filling up the DagBag from /opt/airflow/dags/script/Main.py
[2024-11-17T17:27:25.214+0000] {logging_mixin.py:190} INFO - [2024-11-17T17:27:25.214+0000] {base.py:84} INFO - Retrieving connection 'postgres_localhost'
[2024-11-17T17:27:25.227+0000] {processor.py:925} INFO - DAG(s) 'PRCS_TEST_FRAMEWORK' retrieved from /opt/airflow/dags/script/Main.py
[2024-11-17T17:27:25.233+0000] {logging_mixin.py:190} INFO - [2024-11-17T17:27:25.232+0000] {dag.py:3239} INFO - Sync 1 DAGs
[2024-11-17T17:27:25.244+0000] {logging_mixin.py:190} INFO - [2024-11-17T17:27:25.244+0000] {dag.py:4180} INFO - Setting next_dagrun for PRCS_TEST_FRAMEWORK to 2024-11-17 00:00:00+00:00, run_after=2024-11-18 00:00:00+00:00
[2024-11-17T17:27:25.251+0000] {processor.py:208} INFO - Processing /opt/airflow/dags/script/Main.py took 0.051 seconds
[2024-11-17T17:27:55.590+0000] {processor.py:186} INFO - Started process (PID=13871) to work on /opt/airflow/dags/script/Main.py
[2024-11-17T17:27:55.591+0000] {processor.py:914} INFO - Processing file /opt/airflow/dags/script/Main.py for tasks to queue
[2024-11-17T17:27:55.591+0000] {logging_mixin.py:190} INFO - [2024-11-17T17:27:55.591+0000] {dagbag.py:588} INFO - Filling up the DagBag from /opt/airflow/dags/script/Main.py
[2024-11-17T17:27:55.603+0000] {logging_mixin.py:190} INFO - [2024-11-17T17:27:55.603+0000] {base.py:84} INFO - Retrieving connection 'postgres_localhost'
[2024-11-17T17:27:55.616+0000] {processor.py:925} INFO - DAG(s) 'PRCS_TEST_FRAMEWORK' retrieved from /opt/airflow/dags/script/Main.py
[2024-11-17T17:27:55.623+0000] {logging_mixin.py:190} INFO - [2024-11-17T17:27:55.623+0000] {dag.py:3239} INFO - Sync 1 DAGs
[2024-11-17T17:27:55.635+0000] {logging_mixin.py:190} INFO - [2024-11-17T17:27:55.635+0000] {dag.py:4180} INFO - Setting next_dagrun for PRCS_TEST_FRAMEWORK to 2024-11-17 00:00:00+00:00, run_after=2024-11-18 00:00:00+00:00
[2024-11-17T17:27:55.643+0000] {processor.py:208} INFO - Processing /opt/airflow/dags/script/Main.py took 0.057 seconds
