[2024-12-01T05:05:09.728+0000] {processor.py:186} INFO - Started process (PID=248) to work on /home/airflow/.local/lib/python3.12/site-packages/airflow/example_dags/example_branch_labels.py
[2024-12-01T05:05:09.729+0000] {processor.py:914} INFO - Processing file /home/airflow/.local/lib/python3.12/site-packages/airflow/example_dags/example_branch_labels.py for tasks to queue
[2024-12-01T05:05:09.732+0000] {logging_mixin.py:190} INFO - [2024-12-01T05:05:09.732+0000] {dagbag.py:588} INFO - Filling up the DagBag from /home/airflow/.local/lib/python3.12/site-packages/airflow/example_dags/example_branch_labels.py
[2024-12-01T05:05:09.738+0000] {processor.py:925} INFO - DAG(s) 'example_branch_labels' retrieved from /home/airflow/.local/lib/python3.12/site-packages/airflow/example_dags/example_branch_labels.py
[2024-12-01T05:05:09.760+0000] {logging_mixin.py:190} INFO - [2024-12-01T05:05:09.760+0000] {dag.py:3239} INFO - Sync 1 DAGs
[2024-12-01T05:05:09.773+0000] {logging_mixin.py:190} INFO - [2024-12-01T05:05:09.773+0000] {dag.py:4180} INFO - Setting next_dagrun for example_branch_labels to 2024-11-30 00:00:00+00:00, run_after=2024-12-01 00:00:00+00:00
[2024-12-01T05:05:09.787+0000] {processor.py:208} INFO - Processing /home/airflow/.local/lib/python3.12/site-packages/airflow/example_dags/example_branch_labels.py took 0.063 seconds
[2024-12-01T05:05:40.190+0000] {processor.py:186} INFO - Started process (PID=627) to work on /home/airflow/.local/lib/python3.12/site-packages/airflow/example_dags/example_branch_labels.py
[2024-12-01T05:05:40.194+0000] {processor.py:914} INFO - Processing file /home/airflow/.local/lib/python3.12/site-packages/airflow/example_dags/example_branch_labels.py for tasks to queue
[2024-12-01T05:05:40.196+0000] {logging_mixin.py:190} INFO - [2024-12-01T05:05:40.196+0000] {dagbag.py:588} INFO - Filling up the DagBag from /home/airflow/.local/lib/python3.12/site-packages/airflow/example_dags/example_branch_labels.py
[2024-12-01T05:05:40.201+0000] {processor.py:925} INFO - DAG(s) 'example_branch_labels' retrieved from /home/airflow/.local/lib/python3.12/site-packages/airflow/example_dags/example_branch_labels.py
[2024-12-01T05:05:40.211+0000] {logging_mixin.py:190} INFO - [2024-12-01T05:05:40.211+0000] {dag.py:3239} INFO - Sync 1 DAGs
[2024-12-01T05:05:40.220+0000] {logging_mixin.py:190} INFO - [2024-12-01T05:05:40.220+0000] {dag.py:4180} INFO - Setting next_dagrun for example_branch_labels to 2024-11-30 00:00:00+00:00, run_after=2024-12-01 00:00:00+00:00
[2024-12-01T05:05:40.228+0000] {processor.py:208} INFO - Processing /home/airflow/.local/lib/python3.12/site-packages/airflow/example_dags/example_branch_labels.py took 0.040 seconds
[2024-12-01T05:06:10.882+0000] {processor.py:186} INFO - Started process (PID=998) to work on /home/airflow/.local/lib/python3.12/site-packages/airflow/example_dags/example_branch_labels.py
[2024-12-01T05:06:10.884+0000] {processor.py:914} INFO - Processing file /home/airflow/.local/lib/python3.12/site-packages/airflow/example_dags/example_branch_labels.py for tasks to queue
[2024-12-01T05:06:10.885+0000] {logging_mixin.py:190} INFO - [2024-12-01T05:06:10.885+0000] {dagbag.py:588} INFO - Filling up the DagBag from /home/airflow/.local/lib/python3.12/site-packages/airflow/example_dags/example_branch_labels.py
[2024-12-01T05:06:10.889+0000] {processor.py:925} INFO - DAG(s) 'example_branch_labels' retrieved from /home/airflow/.local/lib/python3.12/site-packages/airflow/example_dags/example_branch_labels.py
[2024-12-01T05:06:10.904+0000] {logging_mixin.py:190} INFO - [2024-12-01T05:06:10.903+0000] {dag.py:3239} INFO - Sync 1 DAGs
[2024-12-01T05:06:10.914+0000] {logging_mixin.py:190} INFO - [2024-12-01T05:06:10.914+0000] {dag.py:4180} INFO - Setting next_dagrun for example_branch_labels to 2024-11-30 00:00:00+00:00, run_after=2024-12-01 00:00:00+00:00
[2024-12-01T05:06:10.921+0000] {processor.py:208} INFO - Processing /home/airflow/.local/lib/python3.12/site-packages/airflow/example_dags/example_branch_labels.py took 0.042 seconds
[2024-12-01T05:06:41.619+0000] {processor.py:186} INFO - Started process (PID=1366) to work on /home/airflow/.local/lib/python3.12/site-packages/airflow/example_dags/example_branch_labels.py
[2024-12-01T05:06:41.619+0000] {processor.py:914} INFO - Processing file /home/airflow/.local/lib/python3.12/site-packages/airflow/example_dags/example_branch_labels.py for tasks to queue
[2024-12-01T05:06:41.620+0000] {logging_mixin.py:190} INFO - [2024-12-01T05:06:41.620+0000] {dagbag.py:588} INFO - Filling up the DagBag from /home/airflow/.local/lib/python3.12/site-packages/airflow/example_dags/example_branch_labels.py
[2024-12-01T05:06:41.624+0000] {processor.py:925} INFO - DAG(s) 'example_branch_labels' retrieved from /home/airflow/.local/lib/python3.12/site-packages/airflow/example_dags/example_branch_labels.py
[2024-12-01T05:06:41.635+0000] {logging_mixin.py:190} INFO - [2024-12-01T05:06:41.635+0000] {dag.py:3239} INFO - Sync 1 DAGs
[2024-12-01T05:06:41.647+0000] {logging_mixin.py:190} INFO - [2024-12-01T05:06:41.647+0000] {dag.py:4180} INFO - Setting next_dagrun for example_branch_labels to 2024-11-30 00:00:00+00:00, run_after=2024-12-01 00:00:00+00:00
[2024-12-01T05:06:41.657+0000] {processor.py:208} INFO - Processing /home/airflow/.local/lib/python3.12/site-packages/airflow/example_dags/example_branch_labels.py took 0.041 seconds
[2024-12-01T05:07:12.494+0000] {processor.py:186} INFO - Started process (PID=1740) to work on /home/airflow/.local/lib/python3.12/site-packages/airflow/example_dags/example_branch_labels.py
[2024-12-01T05:07:12.497+0000] {processor.py:914} INFO - Processing file /home/airflow/.local/lib/python3.12/site-packages/airflow/example_dags/example_branch_labels.py for tasks to queue
[2024-12-01T05:07:12.498+0000] {logging_mixin.py:190} INFO - [2024-12-01T05:07:12.498+0000] {dagbag.py:588} INFO - Filling up the DagBag from /home/airflow/.local/lib/python3.12/site-packages/airflow/example_dags/example_branch_labels.py
[2024-12-01T05:07:12.503+0000] {processor.py:925} INFO - DAG(s) 'example_branch_labels' retrieved from /home/airflow/.local/lib/python3.12/site-packages/airflow/example_dags/example_branch_labels.py
[2024-12-01T05:07:12.513+0000] {logging_mixin.py:190} INFO - [2024-12-01T05:07:12.513+0000] {dag.py:3239} INFO - Sync 1 DAGs
[2024-12-01T05:07:12.522+0000] {logging_mixin.py:190} INFO - [2024-12-01T05:07:12.522+0000] {dag.py:4180} INFO - Setting next_dagrun for example_branch_labels to 2024-11-30 00:00:00+00:00, run_after=2024-12-01 00:00:00+00:00
[2024-12-01T05:07:12.534+0000] {processor.py:208} INFO - Processing /home/airflow/.local/lib/python3.12/site-packages/airflow/example_dags/example_branch_labels.py took 0.043 seconds
[2024-12-01T05:07:43.148+0000] {processor.py:186} INFO - Started process (PID=2140) to work on /home/airflow/.local/lib/python3.12/site-packages/airflow/example_dags/example_branch_labels.py
[2024-12-01T05:07:43.148+0000] {processor.py:914} INFO - Processing file /home/airflow/.local/lib/python3.12/site-packages/airflow/example_dags/example_branch_labels.py for tasks to queue
[2024-12-01T05:07:43.148+0000] {logging_mixin.py:190} INFO - [2024-12-01T05:07:43.148+0000] {dagbag.py:588} INFO - Filling up the DagBag from /home/airflow/.local/lib/python3.12/site-packages/airflow/example_dags/example_branch_labels.py
[2024-12-01T05:07:43.153+0000] {processor.py:925} INFO - DAG(s) 'example_branch_labels' retrieved from /home/airflow/.local/lib/python3.12/site-packages/airflow/example_dags/example_branch_labels.py
[2024-12-01T05:07:43.163+0000] {logging_mixin.py:190} INFO - [2024-12-01T05:07:43.162+0000] {dag.py:3239} INFO - Sync 1 DAGs
[2024-12-01T05:07:43.173+0000] {logging_mixin.py:190} INFO - [2024-12-01T05:07:43.173+0000] {dag.py:4180} INFO - Setting next_dagrun for example_branch_labels to 2024-11-30 00:00:00+00:00, run_after=2024-12-01 00:00:00+00:00
[2024-12-01T05:07:43.182+0000] {processor.py:208} INFO - Processing /home/airflow/.local/lib/python3.12/site-packages/airflow/example_dags/example_branch_labels.py took 0.038 seconds
[2024-12-01T05:08:13.755+0000] {processor.py:186} INFO - Started process (PID=2504) to work on /home/airflow/.local/lib/python3.12/site-packages/airflow/example_dags/example_branch_labels.py
[2024-12-01T05:08:13.758+0000] {processor.py:914} INFO - Processing file /home/airflow/.local/lib/python3.12/site-packages/airflow/example_dags/example_branch_labels.py for tasks to queue
[2024-12-01T05:08:13.759+0000] {logging_mixin.py:190} INFO - [2024-12-01T05:08:13.759+0000] {dagbag.py:588} INFO - Filling up the DagBag from /home/airflow/.local/lib/python3.12/site-packages/airflow/example_dags/example_branch_labels.py
[2024-12-01T05:08:13.764+0000] {processor.py:925} INFO - DAG(s) 'example_branch_labels' retrieved from /home/airflow/.local/lib/python3.12/site-packages/airflow/example_dags/example_branch_labels.py
[2024-12-01T05:08:13.778+0000] {logging_mixin.py:190} INFO - [2024-12-01T05:08:13.778+0000] {dag.py:3239} INFO - Sync 1 DAGs
[2024-12-01T05:08:13.787+0000] {logging_mixin.py:190} INFO - [2024-12-01T05:08:13.787+0000] {dag.py:4180} INFO - Setting next_dagrun for example_branch_labels to 2024-11-30 00:00:00+00:00, run_after=2024-12-01 00:00:00+00:00
[2024-12-01T05:08:13.793+0000] {processor.py:208} INFO - Processing /home/airflow/.local/lib/python3.12/site-packages/airflow/example_dags/example_branch_labels.py took 0.040 seconds
[2024-12-01T05:08:44.324+0000] {processor.py:186} INFO - Started process (PID=2879) to work on /home/airflow/.local/lib/python3.12/site-packages/airflow/example_dags/example_branch_labels.py
[2024-12-01T05:08:44.326+0000] {processor.py:914} INFO - Processing file /home/airflow/.local/lib/python3.12/site-packages/airflow/example_dags/example_branch_labels.py for tasks to queue
[2024-12-01T05:08:44.327+0000] {logging_mixin.py:190} INFO - [2024-12-01T05:08:44.327+0000] {dagbag.py:588} INFO - Filling up the DagBag from /home/airflow/.local/lib/python3.12/site-packages/airflow/example_dags/example_branch_labels.py
[2024-12-01T05:08:44.333+0000] {processor.py:925} INFO - DAG(s) 'example_branch_labels' retrieved from /home/airflow/.local/lib/python3.12/site-packages/airflow/example_dags/example_branch_labels.py
[2024-12-01T05:08:44.345+0000] {logging_mixin.py:190} INFO - [2024-12-01T05:08:44.345+0000] {dag.py:3239} INFO - Sync 1 DAGs
[2024-12-01T05:08:44.355+0000] {logging_mixin.py:190} INFO - [2024-12-01T05:08:44.355+0000] {dag.py:4180} INFO - Setting next_dagrun for example_branch_labels to 2024-11-30 00:00:00+00:00, run_after=2024-12-01 00:00:00+00:00
[2024-12-01T05:08:44.362+0000] {processor.py:208} INFO - Processing /home/airflow/.local/lib/python3.12/site-packages/airflow/example_dags/example_branch_labels.py took 0.040 seconds
[2024-12-01T05:09:15.183+0000] {processor.py:186} INFO - Started process (PID=3250) to work on /home/airflow/.local/lib/python3.12/site-packages/airflow/example_dags/example_branch_labels.py
[2024-12-01T05:09:15.184+0000] {processor.py:914} INFO - Processing file /home/airflow/.local/lib/python3.12/site-packages/airflow/example_dags/example_branch_labels.py for tasks to queue
[2024-12-01T05:09:15.185+0000] {logging_mixin.py:190} INFO - [2024-12-01T05:09:15.185+0000] {dagbag.py:588} INFO - Filling up the DagBag from /home/airflow/.local/lib/python3.12/site-packages/airflow/example_dags/example_branch_labels.py
[2024-12-01T05:09:15.189+0000] {processor.py:925} INFO - DAG(s) 'example_branch_labels' retrieved from /home/airflow/.local/lib/python3.12/site-packages/airflow/example_dags/example_branch_labels.py
[2024-12-01T05:09:15.201+0000] {logging_mixin.py:190} INFO - [2024-12-01T05:09:15.201+0000] {dag.py:3239} INFO - Sync 1 DAGs
[2024-12-01T05:09:15.209+0000] {logging_mixin.py:190} INFO - [2024-12-01T05:09:15.209+0000] {dag.py:4180} INFO - Setting next_dagrun for example_branch_labels to 2024-11-30 00:00:00+00:00, run_after=2024-12-01 00:00:00+00:00
[2024-12-01T05:09:15.216+0000] {processor.py:208} INFO - Processing /home/airflow/.local/lib/python3.12/site-packages/airflow/example_dags/example_branch_labels.py took 0.036 seconds
[2024-12-01T05:09:45.921+0000] {processor.py:186} INFO - Started process (PID=3627) to work on /home/airflow/.local/lib/python3.12/site-packages/airflow/example_dags/example_branch_labels.py
[2024-12-01T05:09:45.923+0000] {processor.py:914} INFO - Processing file /home/airflow/.local/lib/python3.12/site-packages/airflow/example_dags/example_branch_labels.py for tasks to queue
[2024-12-01T05:09:45.923+0000] {logging_mixin.py:190} INFO - [2024-12-01T05:09:45.923+0000] {dagbag.py:588} INFO - Filling up the DagBag from /home/airflow/.local/lib/python3.12/site-packages/airflow/example_dags/example_branch_labels.py
[2024-12-01T05:09:45.928+0000] {processor.py:925} INFO - DAG(s) 'example_branch_labels' retrieved from /home/airflow/.local/lib/python3.12/site-packages/airflow/example_dags/example_branch_labels.py
[2024-12-01T05:09:45.938+0000] {logging_mixin.py:190} INFO - [2024-12-01T05:09:45.938+0000] {dag.py:3239} INFO - Sync 1 DAGs
[2024-12-01T05:09:45.946+0000] {logging_mixin.py:190} INFO - [2024-12-01T05:09:45.946+0000] {dag.py:4180} INFO - Setting next_dagrun for example_branch_labels to 2024-11-30 00:00:00+00:00, run_after=2024-12-01 00:00:00+00:00
[2024-12-01T05:09:45.956+0000] {processor.py:208} INFO - Processing /home/airflow/.local/lib/python3.12/site-packages/airflow/example_dags/example_branch_labels.py took 0.037 seconds
[2024-12-01T05:10:16.704+0000] {processor.py:186} INFO - Started process (PID=4044) to work on /home/airflow/.local/lib/python3.12/site-packages/airflow/example_dags/example_branch_labels.py
[2024-12-01T05:10:16.706+0000] {processor.py:914} INFO - Processing file /home/airflow/.local/lib/python3.12/site-packages/airflow/example_dags/example_branch_labels.py for tasks to queue
[2024-12-01T05:10:16.707+0000] {logging_mixin.py:190} INFO - [2024-12-01T05:10:16.707+0000] {dagbag.py:588} INFO - Filling up the DagBag from /home/airflow/.local/lib/python3.12/site-packages/airflow/example_dags/example_branch_labels.py
[2024-12-01T05:10:16.711+0000] {processor.py:925} INFO - DAG(s) 'example_branch_labels' retrieved from /home/airflow/.local/lib/python3.12/site-packages/airflow/example_dags/example_branch_labels.py
[2024-12-01T05:10:16.718+0000] {logging_mixin.py:190} INFO - [2024-12-01T05:10:16.718+0000] {dag.py:3239} INFO - Sync 1 DAGs
[2024-12-01T05:10:16.729+0000] {logging_mixin.py:190} INFO - [2024-12-01T05:10:16.729+0000] {dag.py:4180} INFO - Setting next_dagrun for example_branch_labels to 2024-11-30 00:00:00+00:00, run_after=2024-12-01 00:00:00+00:00
[2024-12-01T05:10:16.737+0000] {processor.py:208} INFO - Processing /home/airflow/.local/lib/python3.12/site-packages/airflow/example_dags/example_branch_labels.py took 0.036 seconds
[2024-12-01T05:10:47.367+0000] {processor.py:186} INFO - Started process (PID=4432) to work on /home/airflow/.local/lib/python3.12/site-packages/airflow/example_dags/example_branch_labels.py
[2024-12-01T05:10:47.369+0000] {processor.py:914} INFO - Processing file /home/airflow/.local/lib/python3.12/site-packages/airflow/example_dags/example_branch_labels.py for tasks to queue
[2024-12-01T05:10:47.369+0000] {logging_mixin.py:190} INFO - [2024-12-01T05:10:47.369+0000] {dagbag.py:588} INFO - Filling up the DagBag from /home/airflow/.local/lib/python3.12/site-packages/airflow/example_dags/example_branch_labels.py
[2024-12-01T05:10:47.373+0000] {processor.py:925} INFO - DAG(s) 'example_branch_labels' retrieved from /home/airflow/.local/lib/python3.12/site-packages/airflow/example_dags/example_branch_labels.py
[2024-12-01T05:10:47.382+0000] {logging_mixin.py:190} INFO - [2024-12-01T05:10:47.382+0000] {dag.py:3239} INFO - Sync 1 DAGs
[2024-12-01T05:10:47.391+0000] {logging_mixin.py:190} INFO - [2024-12-01T05:10:47.391+0000] {dag.py:4180} INFO - Setting next_dagrun for example_branch_labels to 2024-11-30 00:00:00+00:00, run_after=2024-12-01 00:00:00+00:00
[2024-12-01T05:10:47.397+0000] {processor.py:208} INFO - Processing /home/airflow/.local/lib/python3.12/site-packages/airflow/example_dags/example_branch_labels.py took 0.033 seconds
[2024-12-01T05:11:18.001+0000] {processor.py:186} INFO - Started process (PID=4798) to work on /home/airflow/.local/lib/python3.12/site-packages/airflow/example_dags/example_branch_labels.py
[2024-12-01T05:11:18.002+0000] {processor.py:914} INFO - Processing file /home/airflow/.local/lib/python3.12/site-packages/airflow/example_dags/example_branch_labels.py for tasks to queue
[2024-12-01T05:11:18.002+0000] {logging_mixin.py:190} INFO - [2024-12-01T05:11:18.002+0000] {dagbag.py:588} INFO - Filling up the DagBag from /home/airflow/.local/lib/python3.12/site-packages/airflow/example_dags/example_branch_labels.py
[2024-12-01T05:11:18.005+0000] {processor.py:925} INFO - DAG(s) 'example_branch_labels' retrieved from /home/airflow/.local/lib/python3.12/site-packages/airflow/example_dags/example_branch_labels.py
[2024-12-01T05:11:18.013+0000] {logging_mixin.py:190} INFO - [2024-12-01T05:11:18.013+0000] {dag.py:3239} INFO - Sync 1 DAGs
[2024-12-01T05:11:18.021+0000] {logging_mixin.py:190} INFO - [2024-12-01T05:11:18.021+0000] {dag.py:4180} INFO - Setting next_dagrun for example_branch_labels to 2024-11-30 00:00:00+00:00, run_after=2024-12-01 00:00:00+00:00
[2024-12-01T05:11:18.029+0000] {processor.py:208} INFO - Processing /home/airflow/.local/lib/python3.12/site-packages/airflow/example_dags/example_branch_labels.py took 0.031 seconds
[2024-12-01T05:11:48.440+0000] {processor.py:186} INFO - Started process (PID=5164) to work on /home/airflow/.local/lib/python3.12/site-packages/airflow/example_dags/example_branch_labels.py
[2024-12-01T05:11:48.440+0000] {processor.py:914} INFO - Processing file /home/airflow/.local/lib/python3.12/site-packages/airflow/example_dags/example_branch_labels.py for tasks to queue
[2024-12-01T05:11:48.441+0000] {logging_mixin.py:190} INFO - [2024-12-01T05:11:48.441+0000] {dagbag.py:588} INFO - Filling up the DagBag from /home/airflow/.local/lib/python3.12/site-packages/airflow/example_dags/example_branch_labels.py
[2024-12-01T05:11:48.447+0000] {processor.py:925} INFO - DAG(s) 'example_branch_labels' retrieved from /home/airflow/.local/lib/python3.12/site-packages/airflow/example_dags/example_branch_labels.py
[2024-12-01T05:11:48.455+0000] {logging_mixin.py:190} INFO - [2024-12-01T05:11:48.455+0000] {dag.py:3239} INFO - Sync 1 DAGs
[2024-12-01T05:11:48.468+0000] {logging_mixin.py:190} INFO - [2024-12-01T05:11:48.468+0000] {dag.py:4180} INFO - Setting next_dagrun for example_branch_labels to 2024-11-30 00:00:00+00:00, run_after=2024-12-01 00:00:00+00:00
[2024-12-01T05:11:48.473+0000] {processor.py:208} INFO - Processing /home/airflow/.local/lib/python3.12/site-packages/airflow/example_dags/example_branch_labels.py took 0.035 seconds
[2024-12-01T05:12:18.927+0000] {processor.py:186} INFO - Started process (PID=5532) to work on /home/airflow/.local/lib/python3.12/site-packages/airflow/example_dags/example_branch_labels.py
[2024-12-01T05:12:18.927+0000] {processor.py:914} INFO - Processing file /home/airflow/.local/lib/python3.12/site-packages/airflow/example_dags/example_branch_labels.py for tasks to queue
[2024-12-01T05:12:18.928+0000] {logging_mixin.py:190} INFO - [2024-12-01T05:12:18.928+0000] {dagbag.py:588} INFO - Filling up the DagBag from /home/airflow/.local/lib/python3.12/site-packages/airflow/example_dags/example_branch_labels.py
[2024-12-01T05:12:18.932+0000] {processor.py:925} INFO - DAG(s) 'example_branch_labels' retrieved from /home/airflow/.local/lib/python3.12/site-packages/airflow/example_dags/example_branch_labels.py
[2024-12-01T05:12:18.943+0000] {logging_mixin.py:190} INFO - [2024-12-01T05:12:18.942+0000] {dag.py:3239} INFO - Sync 1 DAGs
[2024-12-01T05:12:18.952+0000] {logging_mixin.py:190} INFO - [2024-12-01T05:12:18.952+0000] {dag.py:4180} INFO - Setting next_dagrun for example_branch_labels to 2024-11-30 00:00:00+00:00, run_after=2024-12-01 00:00:00+00:00
[2024-12-01T05:12:18.961+0000] {processor.py:208} INFO - Processing /home/airflow/.local/lib/python3.12/site-packages/airflow/example_dags/example_branch_labels.py took 0.037 seconds
[2024-12-01T05:12:49.467+0000] {processor.py:186} INFO - Started process (PID=5896) to work on /home/airflow/.local/lib/python3.12/site-packages/airflow/example_dags/example_branch_labels.py
[2024-12-01T05:12:49.469+0000] {processor.py:914} INFO - Processing file /home/airflow/.local/lib/python3.12/site-packages/airflow/example_dags/example_branch_labels.py for tasks to queue
[2024-12-01T05:12:49.470+0000] {logging_mixin.py:190} INFO - [2024-12-01T05:12:49.470+0000] {dagbag.py:588} INFO - Filling up the DagBag from /home/airflow/.local/lib/python3.12/site-packages/airflow/example_dags/example_branch_labels.py
[2024-12-01T05:12:49.475+0000] {processor.py:925} INFO - DAG(s) 'example_branch_labels' retrieved from /home/airflow/.local/lib/python3.12/site-packages/airflow/example_dags/example_branch_labels.py
[2024-12-01T05:12:49.483+0000] {logging_mixin.py:190} INFO - [2024-12-01T05:12:49.483+0000] {dag.py:3239} INFO - Sync 1 DAGs
[2024-12-01T05:12:49.493+0000] {logging_mixin.py:190} INFO - [2024-12-01T05:12:49.493+0000] {dag.py:4180} INFO - Setting next_dagrun for example_branch_labels to 2024-11-30 00:00:00+00:00, run_after=2024-12-01 00:00:00+00:00
[2024-12-01T05:12:49.501+0000] {processor.py:208} INFO - Processing /home/airflow/.local/lib/python3.12/site-packages/airflow/example_dags/example_branch_labels.py took 0.036 seconds
[2024-12-01T05:13:20.195+0000] {processor.py:186} INFO - Started process (PID=6264) to work on /home/airflow/.local/lib/python3.12/site-packages/airflow/example_dags/example_branch_labels.py
[2024-12-01T05:13:20.196+0000] {processor.py:914} INFO - Processing file /home/airflow/.local/lib/python3.12/site-packages/airflow/example_dags/example_branch_labels.py for tasks to queue
[2024-12-01T05:13:20.197+0000] {logging_mixin.py:190} INFO - [2024-12-01T05:13:20.197+0000] {dagbag.py:588} INFO - Filling up the DagBag from /home/airflow/.local/lib/python3.12/site-packages/airflow/example_dags/example_branch_labels.py
[2024-12-01T05:13:20.203+0000] {processor.py:925} INFO - DAG(s) 'example_branch_labels' retrieved from /home/airflow/.local/lib/python3.12/site-packages/airflow/example_dags/example_branch_labels.py
[2024-12-01T05:13:20.212+0000] {logging_mixin.py:190} INFO - [2024-12-01T05:13:20.212+0000] {dag.py:3239} INFO - Sync 1 DAGs
[2024-12-01T05:13:20.224+0000] {logging_mixin.py:190} INFO - [2024-12-01T05:13:20.224+0000] {dag.py:4180} INFO - Setting next_dagrun for example_branch_labels to 2024-11-30 00:00:00+00:00, run_after=2024-12-01 00:00:00+00:00
[2024-12-01T05:13:20.233+0000] {processor.py:208} INFO - Processing /home/airflow/.local/lib/python3.12/site-packages/airflow/example_dags/example_branch_labels.py took 0.042 seconds
[2024-12-01T05:13:50.876+0000] {processor.py:186} INFO - Started process (PID=6630) to work on /home/airflow/.local/lib/python3.12/site-packages/airflow/example_dags/example_branch_labels.py
[2024-12-01T05:13:50.877+0000] {processor.py:914} INFO - Processing file /home/airflow/.local/lib/python3.12/site-packages/airflow/example_dags/example_branch_labels.py for tasks to queue
[2024-12-01T05:13:50.877+0000] {logging_mixin.py:190} INFO - [2024-12-01T05:13:50.877+0000] {dagbag.py:588} INFO - Filling up the DagBag from /home/airflow/.local/lib/python3.12/site-packages/airflow/example_dags/example_branch_labels.py
[2024-12-01T05:13:50.881+0000] {processor.py:925} INFO - DAG(s) 'example_branch_labels' retrieved from /home/airflow/.local/lib/python3.12/site-packages/airflow/example_dags/example_branch_labels.py
[2024-12-01T05:13:50.891+0000] {logging_mixin.py:190} INFO - [2024-12-01T05:13:50.891+0000] {dag.py:3239} INFO - Sync 1 DAGs
[2024-12-01T05:13:50.901+0000] {logging_mixin.py:190} INFO - [2024-12-01T05:13:50.901+0000] {dag.py:4180} INFO - Setting next_dagrun for example_branch_labels to 2024-11-30 00:00:00+00:00, run_after=2024-12-01 00:00:00+00:00
[2024-12-01T05:13:50.909+0000] {processor.py:208} INFO - Processing /home/airflow/.local/lib/python3.12/site-packages/airflow/example_dags/example_branch_labels.py took 0.035 seconds
[2024-12-01T05:14:21.525+0000] {processor.py:186} INFO - Started process (PID=6996) to work on /home/airflow/.local/lib/python3.12/site-packages/airflow/example_dags/example_branch_labels.py
[2024-12-01T05:14:21.526+0000] {processor.py:914} INFO - Processing file /home/airflow/.local/lib/python3.12/site-packages/airflow/example_dags/example_branch_labels.py for tasks to queue
[2024-12-01T05:14:21.527+0000] {logging_mixin.py:190} INFO - [2024-12-01T05:14:21.527+0000] {dagbag.py:588} INFO - Filling up the DagBag from /home/airflow/.local/lib/python3.12/site-packages/airflow/example_dags/example_branch_labels.py
[2024-12-01T05:14:21.532+0000] {processor.py:925} INFO - DAG(s) 'example_branch_labels' retrieved from /home/airflow/.local/lib/python3.12/site-packages/airflow/example_dags/example_branch_labels.py
[2024-12-01T05:14:21.541+0000] {logging_mixin.py:190} INFO - [2024-12-01T05:14:21.541+0000] {dag.py:3239} INFO - Sync 1 DAGs
[2024-12-01T05:14:21.550+0000] {logging_mixin.py:190} INFO - [2024-12-01T05:14:21.550+0000] {dag.py:4180} INFO - Setting next_dagrun for example_branch_labels to 2024-11-30 00:00:00+00:00, run_after=2024-12-01 00:00:00+00:00
[2024-12-01T05:14:21.557+0000] {processor.py:208} INFO - Processing /home/airflow/.local/lib/python3.12/site-packages/airflow/example_dags/example_branch_labels.py took 0.035 seconds
[2024-12-01T05:14:52.196+0000] {processor.py:186} INFO - Started process (PID=7362) to work on /home/airflow/.local/lib/python3.12/site-packages/airflow/example_dags/example_branch_labels.py
[2024-12-01T05:14:52.196+0000] {processor.py:914} INFO - Processing file /home/airflow/.local/lib/python3.12/site-packages/airflow/example_dags/example_branch_labels.py for tasks to queue
[2024-12-01T05:14:52.197+0000] {logging_mixin.py:190} INFO - [2024-12-01T05:14:52.197+0000] {dagbag.py:588} INFO - Filling up the DagBag from /home/airflow/.local/lib/python3.12/site-packages/airflow/example_dags/example_branch_labels.py
[2024-12-01T05:14:52.200+0000] {processor.py:925} INFO - DAG(s) 'example_branch_labels' retrieved from /home/airflow/.local/lib/python3.12/site-packages/airflow/example_dags/example_branch_labels.py
[2024-12-01T05:14:52.210+0000] {logging_mixin.py:190} INFO - [2024-12-01T05:14:52.209+0000] {dag.py:3239} INFO - Sync 1 DAGs
[2024-12-01T05:14:52.218+0000] {logging_mixin.py:190} INFO - [2024-12-01T05:14:52.218+0000] {dag.py:4180} INFO - Setting next_dagrun for example_branch_labels to 2024-11-30 00:00:00+00:00, run_after=2024-12-01 00:00:00+00:00
[2024-12-01T05:14:52.227+0000] {processor.py:208} INFO - Processing /home/airflow/.local/lib/python3.12/site-packages/airflow/example_dags/example_branch_labels.py took 0.033 seconds
[2024-12-01T05:15:23.060+0000] {processor.py:186} INFO - Started process (PID=7728) to work on /home/airflow/.local/lib/python3.12/site-packages/airflow/example_dags/example_branch_labels.py
[2024-12-01T05:15:23.061+0000] {processor.py:914} INFO - Processing file /home/airflow/.local/lib/python3.12/site-packages/airflow/example_dags/example_branch_labels.py for tasks to queue
[2024-12-01T05:15:23.061+0000] {logging_mixin.py:190} INFO - [2024-12-01T05:15:23.061+0000] {dagbag.py:588} INFO - Filling up the DagBag from /home/airflow/.local/lib/python3.12/site-packages/airflow/example_dags/example_branch_labels.py
[2024-12-01T05:15:23.065+0000] {processor.py:925} INFO - DAG(s) 'example_branch_labels' retrieved from /home/airflow/.local/lib/python3.12/site-packages/airflow/example_dags/example_branch_labels.py
[2024-12-01T05:15:23.076+0000] {logging_mixin.py:190} INFO - [2024-12-01T05:15:23.076+0000] {dag.py:3239} INFO - Sync 1 DAGs
[2024-12-01T05:15:23.087+0000] {logging_mixin.py:190} INFO - [2024-12-01T05:15:23.087+0000] {dag.py:4180} INFO - Setting next_dagrun for example_branch_labels to 2024-11-30 00:00:00+00:00, run_after=2024-12-01 00:00:00+00:00
[2024-12-01T05:15:23.095+0000] {processor.py:208} INFO - Processing /home/airflow/.local/lib/python3.12/site-packages/airflow/example_dags/example_branch_labels.py took 0.037 seconds
[2024-12-01T05:15:53.572+0000] {processor.py:186} INFO - Started process (PID=8092) to work on /home/airflow/.local/lib/python3.12/site-packages/airflow/example_dags/example_branch_labels.py
[2024-12-01T05:15:53.573+0000] {processor.py:914} INFO - Processing file /home/airflow/.local/lib/python3.12/site-packages/airflow/example_dags/example_branch_labels.py for tasks to queue
[2024-12-01T05:15:53.574+0000] {logging_mixin.py:190} INFO - [2024-12-01T05:15:53.574+0000] {dagbag.py:588} INFO - Filling up the DagBag from /home/airflow/.local/lib/python3.12/site-packages/airflow/example_dags/example_branch_labels.py
[2024-12-01T05:15:53.578+0000] {processor.py:925} INFO - DAG(s) 'example_branch_labels' retrieved from /home/airflow/.local/lib/python3.12/site-packages/airflow/example_dags/example_branch_labels.py
[2024-12-01T05:15:53.587+0000] {logging_mixin.py:190} INFO - [2024-12-01T05:15:53.587+0000] {dag.py:3239} INFO - Sync 1 DAGs
[2024-12-01T05:15:53.601+0000] {logging_mixin.py:190} INFO - [2024-12-01T05:15:53.601+0000] {dag.py:4180} INFO - Setting next_dagrun for example_branch_labels to 2024-11-30 00:00:00+00:00, run_after=2024-12-01 00:00:00+00:00
[2024-12-01T05:15:53.609+0000] {processor.py:208} INFO - Processing /home/airflow/.local/lib/python3.12/site-packages/airflow/example_dags/example_branch_labels.py took 0.041 seconds
[2024-12-01T05:16:24.197+0000] {processor.py:186} INFO - Started process (PID=8458) to work on /home/airflow/.local/lib/python3.12/site-packages/airflow/example_dags/example_branch_labels.py
[2024-12-01T05:16:24.198+0000] {processor.py:914} INFO - Processing file /home/airflow/.local/lib/python3.12/site-packages/airflow/example_dags/example_branch_labels.py for tasks to queue
[2024-12-01T05:16:24.199+0000] {logging_mixin.py:190} INFO - [2024-12-01T05:16:24.199+0000] {dagbag.py:588} INFO - Filling up the DagBag from /home/airflow/.local/lib/python3.12/site-packages/airflow/example_dags/example_branch_labels.py
[2024-12-01T05:16:24.204+0000] {processor.py:925} INFO - DAG(s) 'example_branch_labels' retrieved from /home/airflow/.local/lib/python3.12/site-packages/airflow/example_dags/example_branch_labels.py
[2024-12-01T05:16:24.213+0000] {logging_mixin.py:190} INFO - [2024-12-01T05:16:24.213+0000] {dag.py:3239} INFO - Sync 1 DAGs
[2024-12-01T05:16:24.222+0000] {logging_mixin.py:190} INFO - [2024-12-01T05:16:24.222+0000] {dag.py:4180} INFO - Setting next_dagrun for example_branch_labels to 2024-11-30 00:00:00+00:00, run_after=2024-12-01 00:00:00+00:00
[2024-12-01T05:16:24.231+0000] {processor.py:208} INFO - Processing /home/airflow/.local/lib/python3.12/site-packages/airflow/example_dags/example_branch_labels.py took 0.036 seconds
[2024-12-01T05:16:54.668+0000] {processor.py:186} INFO - Started process (PID=8824) to work on /home/airflow/.local/lib/python3.12/site-packages/airflow/example_dags/example_branch_labels.py
[2024-12-01T05:16:54.669+0000] {processor.py:914} INFO - Processing file /home/airflow/.local/lib/python3.12/site-packages/airflow/example_dags/example_branch_labels.py for tasks to queue
[2024-12-01T05:16:54.670+0000] {logging_mixin.py:190} INFO - [2024-12-01T05:16:54.670+0000] {dagbag.py:588} INFO - Filling up the DagBag from /home/airflow/.local/lib/python3.12/site-packages/airflow/example_dags/example_branch_labels.py
[2024-12-01T05:16:54.676+0000] {processor.py:925} INFO - DAG(s) 'example_branch_labels' retrieved from /home/airflow/.local/lib/python3.12/site-packages/airflow/example_dags/example_branch_labels.py
[2024-12-01T05:16:54.685+0000] {logging_mixin.py:190} INFO - [2024-12-01T05:16:54.685+0000] {dag.py:3239} INFO - Sync 1 DAGs
[2024-12-01T05:16:54.694+0000] {logging_mixin.py:190} INFO - [2024-12-01T05:16:54.694+0000] {dag.py:4180} INFO - Setting next_dagrun for example_branch_labels to 2024-11-30 00:00:00+00:00, run_after=2024-12-01 00:00:00+00:00
[2024-12-01T05:16:54.702+0000] {processor.py:208} INFO - Processing /home/airflow/.local/lib/python3.12/site-packages/airflow/example_dags/example_branch_labels.py took 0.036 seconds
[2024-12-01T05:17:25.161+0000] {processor.py:186} INFO - Started process (PID=9192) to work on /home/airflow/.local/lib/python3.12/site-packages/airflow/example_dags/example_branch_labels.py
[2024-12-01T05:17:25.161+0000] {processor.py:914} INFO - Processing file /home/airflow/.local/lib/python3.12/site-packages/airflow/example_dags/example_branch_labels.py for tasks to queue
[2024-12-01T05:17:25.162+0000] {logging_mixin.py:190} INFO - [2024-12-01T05:17:25.162+0000] {dagbag.py:588} INFO - Filling up the DagBag from /home/airflow/.local/lib/python3.12/site-packages/airflow/example_dags/example_branch_labels.py
[2024-12-01T05:17:25.166+0000] {processor.py:925} INFO - DAG(s) 'example_branch_labels' retrieved from /home/airflow/.local/lib/python3.12/site-packages/airflow/example_dags/example_branch_labels.py
[2024-12-01T05:17:25.177+0000] {logging_mixin.py:190} INFO - [2024-12-01T05:17:25.177+0000] {dag.py:3239} INFO - Sync 1 DAGs
[2024-12-01T05:17:25.188+0000] {logging_mixin.py:190} INFO - [2024-12-01T05:17:25.188+0000] {dag.py:4180} INFO - Setting next_dagrun for example_branch_labels to 2024-11-30 00:00:00+00:00, run_after=2024-12-01 00:00:00+00:00
[2024-12-01T05:17:25.196+0000] {processor.py:208} INFO - Processing /home/airflow/.local/lib/python3.12/site-packages/airflow/example_dags/example_branch_labels.py took 0.038 seconds
[2024-12-01T05:17:55.723+0000] {processor.py:186} INFO - Started process (PID=9558) to work on /home/airflow/.local/lib/python3.12/site-packages/airflow/example_dags/example_branch_labels.py
[2024-12-01T05:17:55.723+0000] {processor.py:914} INFO - Processing file /home/airflow/.local/lib/python3.12/site-packages/airflow/example_dags/example_branch_labels.py for tasks to queue
[2024-12-01T05:17:55.724+0000] {logging_mixin.py:190} INFO - [2024-12-01T05:17:55.724+0000] {dagbag.py:588} INFO - Filling up the DagBag from /home/airflow/.local/lib/python3.12/site-packages/airflow/example_dags/example_branch_labels.py
[2024-12-01T05:17:55.729+0000] {processor.py:925} INFO - DAG(s) 'example_branch_labels' retrieved from /home/airflow/.local/lib/python3.12/site-packages/airflow/example_dags/example_branch_labels.py
[2024-12-01T05:17:55.739+0000] {logging_mixin.py:190} INFO - [2024-12-01T05:17:55.739+0000] {dag.py:3239} INFO - Sync 1 DAGs
[2024-12-01T05:17:55.750+0000] {logging_mixin.py:190} INFO - [2024-12-01T05:17:55.750+0000] {dag.py:4180} INFO - Setting next_dagrun for example_branch_labels to 2024-11-30 00:00:00+00:00, run_after=2024-12-01 00:00:00+00:00
[2024-12-01T05:17:55.765+0000] {processor.py:208} INFO - Processing /home/airflow/.local/lib/python3.12/site-packages/airflow/example_dags/example_branch_labels.py took 0.044 seconds
[2024-12-01T05:18:26.410+0000] {processor.py:186} INFO - Started process (PID=9924) to work on /home/airflow/.local/lib/python3.12/site-packages/airflow/example_dags/example_branch_labels.py
[2024-12-01T05:18:26.411+0000] {processor.py:914} INFO - Processing file /home/airflow/.local/lib/python3.12/site-packages/airflow/example_dags/example_branch_labels.py for tasks to queue
[2024-12-01T05:18:26.411+0000] {logging_mixin.py:190} INFO - [2024-12-01T05:18:26.411+0000] {dagbag.py:588} INFO - Filling up the DagBag from /home/airflow/.local/lib/python3.12/site-packages/airflow/example_dags/example_branch_labels.py
[2024-12-01T05:18:26.415+0000] {processor.py:925} INFO - DAG(s) 'example_branch_labels' retrieved from /home/airflow/.local/lib/python3.12/site-packages/airflow/example_dags/example_branch_labels.py
[2024-12-01T05:18:26.426+0000] {logging_mixin.py:190} INFO - [2024-12-01T05:18:26.426+0000] {dag.py:3239} INFO - Sync 1 DAGs
[2024-12-01T05:18:26.438+0000] {logging_mixin.py:190} INFO - [2024-12-01T05:18:26.438+0000] {dag.py:4180} INFO - Setting next_dagrun for example_branch_labels to 2024-11-30 00:00:00+00:00, run_after=2024-12-01 00:00:00+00:00
[2024-12-01T05:18:26.446+0000] {processor.py:208} INFO - Processing /home/airflow/.local/lib/python3.12/site-packages/airflow/example_dags/example_branch_labels.py took 0.039 seconds
[2024-12-01T05:18:57.024+0000] {processor.py:186} INFO - Started process (PID=10298) to work on /home/airflow/.local/lib/python3.12/site-packages/airflow/example_dags/example_branch_labels.py
[2024-12-01T05:18:57.026+0000] {processor.py:914} INFO - Processing file /home/airflow/.local/lib/python3.12/site-packages/airflow/example_dags/example_branch_labels.py for tasks to queue
[2024-12-01T05:18:57.027+0000] {logging_mixin.py:190} INFO - [2024-12-01T05:18:57.027+0000] {dagbag.py:588} INFO - Filling up the DagBag from /home/airflow/.local/lib/python3.12/site-packages/airflow/example_dags/example_branch_labels.py
[2024-12-01T05:18:57.035+0000] {processor.py:925} INFO - DAG(s) 'example_branch_labels' retrieved from /home/airflow/.local/lib/python3.12/site-packages/airflow/example_dags/example_branch_labels.py
[2024-12-01T05:18:57.044+0000] {logging_mixin.py:190} INFO - [2024-12-01T05:18:57.044+0000] {dag.py:3239} INFO - Sync 1 DAGs
[2024-12-01T05:18:57.056+0000] {logging_mixin.py:190} INFO - [2024-12-01T05:18:57.056+0000] {dag.py:4180} INFO - Setting next_dagrun for example_branch_labels to 2024-11-30 00:00:00+00:00, run_after=2024-12-01 00:00:00+00:00
[2024-12-01T05:18:57.064+0000] {processor.py:208} INFO - Processing /home/airflow/.local/lib/python3.12/site-packages/airflow/example_dags/example_branch_labels.py took 0.043 seconds
[2024-12-01T05:19:27.956+0000] {processor.py:186} INFO - Started process (PID=10666) to work on /home/airflow/.local/lib/python3.12/site-packages/airflow/example_dags/example_branch_labels.py
[2024-12-01T05:19:27.957+0000] {processor.py:914} INFO - Processing file /home/airflow/.local/lib/python3.12/site-packages/airflow/example_dags/example_branch_labels.py for tasks to queue
[2024-12-01T05:19:27.958+0000] {logging_mixin.py:190} INFO - [2024-12-01T05:19:27.958+0000] {dagbag.py:588} INFO - Filling up the DagBag from /home/airflow/.local/lib/python3.12/site-packages/airflow/example_dags/example_branch_labels.py
[2024-12-01T05:19:27.965+0000] {processor.py:925} INFO - DAG(s) 'example_branch_labels' retrieved from /home/airflow/.local/lib/python3.12/site-packages/airflow/example_dags/example_branch_labels.py
[2024-12-01T05:19:27.976+0000] {logging_mixin.py:190} INFO - [2024-12-01T05:19:27.976+0000] {dag.py:3239} INFO - Sync 1 DAGs
[2024-12-01T05:19:27.985+0000] {logging_mixin.py:190} INFO - [2024-12-01T05:19:27.985+0000] {dag.py:4180} INFO - Setting next_dagrun for example_branch_labels to 2024-11-30 00:00:00+00:00, run_after=2024-12-01 00:00:00+00:00
[2024-12-01T05:19:27.995+0000] {processor.py:208} INFO - Processing /home/airflow/.local/lib/python3.12/site-packages/airflow/example_dags/example_branch_labels.py took 0.042 seconds
[2024-12-01T05:19:58.731+0000] {processor.py:186} INFO - Started process (PID=11030) to work on /home/airflow/.local/lib/python3.12/site-packages/airflow/example_dags/example_branch_labels.py
[2024-12-01T05:19:58.732+0000] {processor.py:914} INFO - Processing file /home/airflow/.local/lib/python3.12/site-packages/airflow/example_dags/example_branch_labels.py for tasks to queue
[2024-12-01T05:19:58.733+0000] {logging_mixin.py:190} INFO - [2024-12-01T05:19:58.733+0000] {dagbag.py:588} INFO - Filling up the DagBag from /home/airflow/.local/lib/python3.12/site-packages/airflow/example_dags/example_branch_labels.py
[2024-12-01T05:19:58.738+0000] {processor.py:925} INFO - DAG(s) 'example_branch_labels' retrieved from /home/airflow/.local/lib/python3.12/site-packages/airflow/example_dags/example_branch_labels.py
[2024-12-01T05:19:58.749+0000] {logging_mixin.py:190} INFO - [2024-12-01T05:19:58.749+0000] {dag.py:3239} INFO - Sync 1 DAGs
[2024-12-01T05:19:58.759+0000] {logging_mixin.py:190} INFO - [2024-12-01T05:19:58.759+0000] {dag.py:4180} INFO - Setting next_dagrun for example_branch_labels to 2024-11-30 00:00:00+00:00, run_after=2024-12-01 00:00:00+00:00
[2024-12-01T05:19:58.768+0000] {processor.py:208} INFO - Processing /home/airflow/.local/lib/python3.12/site-packages/airflow/example_dags/example_branch_labels.py took 0.040 seconds
[2024-12-01T05:20:29.682+0000] {processor.py:186} INFO - Started process (PID=11423) to work on /home/airflow/.local/lib/python3.12/site-packages/airflow/example_dags/example_branch_labels.py
[2024-12-01T05:20:29.682+0000] {processor.py:914} INFO - Processing file /home/airflow/.local/lib/python3.12/site-packages/airflow/example_dags/example_branch_labels.py for tasks to queue
[2024-12-01T05:20:29.683+0000] {logging_mixin.py:190} INFO - [2024-12-01T05:20:29.683+0000] {dagbag.py:588} INFO - Filling up the DagBag from /home/airflow/.local/lib/python3.12/site-packages/airflow/example_dags/example_branch_labels.py
[2024-12-01T05:20:29.689+0000] {processor.py:925} INFO - DAG(s) 'example_branch_labels' retrieved from /home/airflow/.local/lib/python3.12/site-packages/airflow/example_dags/example_branch_labels.py
[2024-12-01T05:20:29.697+0000] {logging_mixin.py:190} INFO - [2024-12-01T05:20:29.697+0000] {dag.py:3239} INFO - Sync 1 DAGs
[2024-12-01T05:20:29.706+0000] {logging_mixin.py:190} INFO - [2024-12-01T05:20:29.706+0000] {dag.py:4180} INFO - Setting next_dagrun for example_branch_labels to 2024-11-30 00:00:00+00:00, run_after=2024-12-01 00:00:00+00:00
[2024-12-01T05:20:29.714+0000] {processor.py:208} INFO - Processing /home/airflow/.local/lib/python3.12/site-packages/airflow/example_dags/example_branch_labels.py took 0.036 seconds
[2024-12-01T05:21:00.340+0000] {processor.py:186} INFO - Started process (PID=11787) to work on /home/airflow/.local/lib/python3.12/site-packages/airflow/example_dags/example_branch_labels.py
[2024-12-01T05:21:00.343+0000] {processor.py:914} INFO - Processing file /home/airflow/.local/lib/python3.12/site-packages/airflow/example_dags/example_branch_labels.py for tasks to queue
[2024-12-01T05:21:00.343+0000] {logging_mixin.py:190} INFO - [2024-12-01T05:21:00.343+0000] {dagbag.py:588} INFO - Filling up the DagBag from /home/airflow/.local/lib/python3.12/site-packages/airflow/example_dags/example_branch_labels.py
[2024-12-01T05:21:00.348+0000] {processor.py:925} INFO - DAG(s) 'example_branch_labels' retrieved from /home/airflow/.local/lib/python3.12/site-packages/airflow/example_dags/example_branch_labels.py
[2024-12-01T05:21:00.358+0000] {logging_mixin.py:190} INFO - [2024-12-01T05:21:00.358+0000] {dag.py:3239} INFO - Sync 1 DAGs
[2024-12-01T05:21:00.370+0000] {logging_mixin.py:190} INFO - [2024-12-01T05:21:00.369+0000] {dag.py:4180} INFO - Setting next_dagrun for example_branch_labels to 2024-11-30 00:00:00+00:00, run_after=2024-12-01 00:00:00+00:00
[2024-12-01T05:21:00.376+0000] {processor.py:208} INFO - Processing /home/airflow/.local/lib/python3.12/site-packages/airflow/example_dags/example_branch_labels.py took 0.038 seconds
[2024-12-01T05:21:31.273+0000] {processor.py:186} INFO - Started process (PID=12160) to work on /home/airflow/.local/lib/python3.12/site-packages/airflow/example_dags/example_branch_labels.py
[2024-12-01T05:21:31.274+0000] {processor.py:914} INFO - Processing file /home/airflow/.local/lib/python3.12/site-packages/airflow/example_dags/example_branch_labels.py for tasks to queue
[2024-12-01T05:21:31.274+0000] {logging_mixin.py:190} INFO - [2024-12-01T05:21:31.274+0000] {dagbag.py:588} INFO - Filling up the DagBag from /home/airflow/.local/lib/python3.12/site-packages/airflow/example_dags/example_branch_labels.py
[2024-12-01T05:21:31.279+0000] {processor.py:925} INFO - DAG(s) 'example_branch_labels' retrieved from /home/airflow/.local/lib/python3.12/site-packages/airflow/example_dags/example_branch_labels.py
[2024-12-01T05:21:31.291+0000] {logging_mixin.py:190} INFO - [2024-12-01T05:21:31.291+0000] {dag.py:3239} INFO - Sync 1 DAGs
[2024-12-01T05:21:31.302+0000] {logging_mixin.py:190} INFO - [2024-12-01T05:21:31.302+0000] {dag.py:4180} INFO - Setting next_dagrun for example_branch_labels to 2024-11-30 00:00:00+00:00, run_after=2024-12-01 00:00:00+00:00
[2024-12-01T05:21:31.310+0000] {processor.py:208} INFO - Processing /home/airflow/.local/lib/python3.12/site-packages/airflow/example_dags/example_branch_labels.py took 0.040 seconds
[2024-12-01T05:22:02.083+0000] {processor.py:186} INFO - Started process (PID=12526) to work on /home/airflow/.local/lib/python3.12/site-packages/airflow/example_dags/example_branch_labels.py
[2024-12-01T05:22:02.084+0000] {processor.py:914} INFO - Processing file /home/airflow/.local/lib/python3.12/site-packages/airflow/example_dags/example_branch_labels.py for tasks to queue
[2024-12-01T05:22:02.085+0000] {logging_mixin.py:190} INFO - [2024-12-01T05:22:02.085+0000] {dagbag.py:588} INFO - Filling up the DagBag from /home/airflow/.local/lib/python3.12/site-packages/airflow/example_dags/example_branch_labels.py
[2024-12-01T05:22:02.090+0000] {processor.py:925} INFO - DAG(s) 'example_branch_labels' retrieved from /home/airflow/.local/lib/python3.12/site-packages/airflow/example_dags/example_branch_labels.py
[2024-12-01T05:22:02.103+0000] {logging_mixin.py:190} INFO - [2024-12-01T05:22:02.102+0000] {dag.py:3239} INFO - Sync 1 DAGs
[2024-12-01T05:22:02.113+0000] {logging_mixin.py:190} INFO - [2024-12-01T05:22:02.113+0000] {dag.py:4180} INFO - Setting next_dagrun for example_branch_labels to 2024-11-30 00:00:00+00:00, run_after=2024-12-01 00:00:00+00:00
[2024-12-01T05:22:02.123+0000] {processor.py:208} INFO - Processing /home/airflow/.local/lib/python3.12/site-packages/airflow/example_dags/example_branch_labels.py took 0.042 seconds
[2024-12-01T05:22:32.817+0000] {processor.py:186} INFO - Started process (PID=12890) to work on /home/airflow/.local/lib/python3.12/site-packages/airflow/example_dags/example_branch_labels.py
[2024-12-01T05:22:32.820+0000] {processor.py:914} INFO - Processing file /home/airflow/.local/lib/python3.12/site-packages/airflow/example_dags/example_branch_labels.py for tasks to queue
[2024-12-01T05:22:32.820+0000] {logging_mixin.py:190} INFO - [2024-12-01T05:22:32.820+0000] {dagbag.py:588} INFO - Filling up the DagBag from /home/airflow/.local/lib/python3.12/site-packages/airflow/example_dags/example_branch_labels.py
[2024-12-01T05:22:32.825+0000] {processor.py:925} INFO - DAG(s) 'example_branch_labels' retrieved from /home/airflow/.local/lib/python3.12/site-packages/airflow/example_dags/example_branch_labels.py
[2024-12-01T05:22:32.839+0000] {logging_mixin.py:190} INFO - [2024-12-01T05:22:32.839+0000] {dag.py:3239} INFO - Sync 1 DAGs
[2024-12-01T05:22:32.849+0000] {logging_mixin.py:190} INFO - [2024-12-01T05:22:32.848+0000] {dag.py:4180} INFO - Setting next_dagrun for example_branch_labels to 2024-11-30 00:00:00+00:00, run_after=2024-12-01 00:00:00+00:00
[2024-12-01T05:22:32.854+0000] {processor.py:208} INFO - Processing /home/airflow/.local/lib/python3.12/site-packages/airflow/example_dags/example_branch_labels.py took 0.039 seconds
[2024-12-01T05:23:03.499+0000] {processor.py:186} INFO - Started process (PID=13264) to work on /home/airflow/.local/lib/python3.12/site-packages/airflow/example_dags/example_branch_labels.py
[2024-12-01T05:23:03.499+0000] {processor.py:914} INFO - Processing file /home/airflow/.local/lib/python3.12/site-packages/airflow/example_dags/example_branch_labels.py for tasks to queue
[2024-12-01T05:23:03.500+0000] {logging_mixin.py:190} INFO - [2024-12-01T05:23:03.500+0000] {dagbag.py:588} INFO - Filling up the DagBag from /home/airflow/.local/lib/python3.12/site-packages/airflow/example_dags/example_branch_labels.py
[2024-12-01T05:23:03.505+0000] {processor.py:925} INFO - DAG(s) 'example_branch_labels' retrieved from /home/airflow/.local/lib/python3.12/site-packages/airflow/example_dags/example_branch_labels.py
[2024-12-01T05:23:03.518+0000] {logging_mixin.py:190} INFO - [2024-12-01T05:23:03.518+0000] {dag.py:3239} INFO - Sync 1 DAGs
[2024-12-01T05:23:03.534+0000] {logging_mixin.py:190} INFO - [2024-12-01T05:23:03.534+0000] {dag.py:4180} INFO - Setting next_dagrun for example_branch_labels to 2024-11-30 00:00:00+00:00, run_after=2024-12-01 00:00:00+00:00
[2024-12-01T05:23:03.543+0000] {processor.py:208} INFO - Processing /home/airflow/.local/lib/python3.12/site-packages/airflow/example_dags/example_branch_labels.py took 0.047 seconds
[2024-12-01T05:23:34.327+0000] {processor.py:186} INFO - Started process (PID=13628) to work on /home/airflow/.local/lib/python3.12/site-packages/airflow/example_dags/example_branch_labels.py
[2024-12-01T05:23:34.331+0000] {processor.py:914} INFO - Processing file /home/airflow/.local/lib/python3.12/site-packages/airflow/example_dags/example_branch_labels.py for tasks to queue
[2024-12-01T05:23:34.332+0000] {logging_mixin.py:190} INFO - [2024-12-01T05:23:34.332+0000] {dagbag.py:588} INFO - Filling up the DagBag from /home/airflow/.local/lib/python3.12/site-packages/airflow/example_dags/example_branch_labels.py
[2024-12-01T05:23:34.337+0000] {processor.py:925} INFO - DAG(s) 'example_branch_labels' retrieved from /home/airflow/.local/lib/python3.12/site-packages/airflow/example_dags/example_branch_labels.py
[2024-12-01T05:23:34.347+0000] {logging_mixin.py:190} INFO - [2024-12-01T05:23:34.346+0000] {dag.py:3239} INFO - Sync 1 DAGs
[2024-12-01T05:23:34.357+0000] {logging_mixin.py:190} INFO - [2024-12-01T05:23:34.357+0000] {dag.py:4180} INFO - Setting next_dagrun for example_branch_labels to 2024-11-30 00:00:00+00:00, run_after=2024-12-01 00:00:00+00:00
[2024-12-01T05:23:34.363+0000] {processor.py:208} INFO - Processing /home/airflow/.local/lib/python3.12/site-packages/airflow/example_dags/example_branch_labels.py took 0.038 seconds
[2024-12-01T05:24:05.018+0000] {processor.py:186} INFO - Started process (PID=13994) to work on /home/airflow/.local/lib/python3.12/site-packages/airflow/example_dags/example_branch_labels.py
[2024-12-01T05:24:05.019+0000] {processor.py:914} INFO - Processing file /home/airflow/.local/lib/python3.12/site-packages/airflow/example_dags/example_branch_labels.py for tasks to queue
[2024-12-01T05:24:05.020+0000] {logging_mixin.py:190} INFO - [2024-12-01T05:24:05.019+0000] {dagbag.py:588} INFO - Filling up the DagBag from /home/airflow/.local/lib/python3.12/site-packages/airflow/example_dags/example_branch_labels.py
[2024-12-01T05:24:05.024+0000] {processor.py:925} INFO - DAG(s) 'example_branch_labels' retrieved from /home/airflow/.local/lib/python3.12/site-packages/airflow/example_dags/example_branch_labels.py
[2024-12-01T05:24:05.032+0000] {logging_mixin.py:190} INFO - [2024-12-01T05:24:05.032+0000] {dag.py:3239} INFO - Sync 1 DAGs
[2024-12-01T05:24:05.044+0000] {logging_mixin.py:190} INFO - [2024-12-01T05:24:05.044+0000] {dag.py:4180} INFO - Setting next_dagrun for example_branch_labels to 2024-11-30 00:00:00+00:00, run_after=2024-12-01 00:00:00+00:00
[2024-12-01T05:24:05.051+0000] {processor.py:208} INFO - Processing /home/airflow/.local/lib/python3.12/site-packages/airflow/example_dags/example_branch_labels.py took 0.035 seconds
[2024-12-01T05:24:35.824+0000] {processor.py:186} INFO - Started process (PID=14360) to work on /home/airflow/.local/lib/python3.12/site-packages/airflow/example_dags/example_branch_labels.py
[2024-12-01T05:24:35.825+0000] {processor.py:914} INFO - Processing file /home/airflow/.local/lib/python3.12/site-packages/airflow/example_dags/example_branch_labels.py for tasks to queue
[2024-12-01T05:24:35.826+0000] {logging_mixin.py:190} INFO - [2024-12-01T05:24:35.826+0000] {dagbag.py:588} INFO - Filling up the DagBag from /home/airflow/.local/lib/python3.12/site-packages/airflow/example_dags/example_branch_labels.py
[2024-12-01T05:24:35.831+0000] {processor.py:925} INFO - DAG(s) 'example_branch_labels' retrieved from /home/airflow/.local/lib/python3.12/site-packages/airflow/example_dags/example_branch_labels.py
[2024-12-01T05:24:35.844+0000] {logging_mixin.py:190} INFO - [2024-12-01T05:24:35.844+0000] {dag.py:3239} INFO - Sync 1 DAGs
[2024-12-01T05:24:35.956+0000] {logging_mixin.py:190} INFO - [2024-12-01T05:24:35.956+0000] {dag.py:4180} INFO - Setting next_dagrun for example_branch_labels to 2024-11-30 00:00:00+00:00, run_after=2024-12-01 00:00:00+00:00
[2024-12-01T05:24:35.963+0000] {processor.py:208} INFO - Processing /home/airflow/.local/lib/python3.12/site-packages/airflow/example_dags/example_branch_labels.py took 0.141 seconds
[2024-12-01T05:25:07.039+0000] {processor.py:186} INFO - Started process (PID=14753) to work on /home/airflow/.local/lib/python3.12/site-packages/airflow/example_dags/example_branch_labels.py
[2024-12-01T05:25:07.040+0000] {processor.py:914} INFO - Processing file /home/airflow/.local/lib/python3.12/site-packages/airflow/example_dags/example_branch_labels.py for tasks to queue
[2024-12-01T05:25:07.040+0000] {logging_mixin.py:190} INFO - [2024-12-01T05:25:07.040+0000] {dagbag.py:588} INFO - Filling up the DagBag from /home/airflow/.local/lib/python3.12/site-packages/airflow/example_dags/example_branch_labels.py
[2024-12-01T05:25:07.044+0000] {processor.py:925} INFO - DAG(s) 'example_branch_labels' retrieved from /home/airflow/.local/lib/python3.12/site-packages/airflow/example_dags/example_branch_labels.py
[2024-12-01T05:25:07.052+0000] {logging_mixin.py:190} INFO - [2024-12-01T05:25:07.052+0000] {dag.py:3239} INFO - Sync 1 DAGs
[2024-12-01T05:25:07.136+0000] {logging_mixin.py:190} INFO - [2024-12-01T05:25:07.136+0000] {dag.py:4180} INFO - Setting next_dagrun for example_branch_labels to 2024-11-30 00:00:00+00:00, run_after=2024-12-01 00:00:00+00:00
[2024-12-01T05:25:07.141+0000] {processor.py:208} INFO - Processing /home/airflow/.local/lib/python3.12/site-packages/airflow/example_dags/example_branch_labels.py took 0.104 seconds
[2024-12-01T05:25:37.648+0000] {processor.py:186} INFO - Started process (PID=15119) to work on /home/airflow/.local/lib/python3.12/site-packages/airflow/example_dags/example_branch_labels.py
[2024-12-01T05:25:37.648+0000] {processor.py:914} INFO - Processing file /home/airflow/.local/lib/python3.12/site-packages/airflow/example_dags/example_branch_labels.py for tasks to queue
[2024-12-01T05:25:37.649+0000] {logging_mixin.py:190} INFO - [2024-12-01T05:25:37.648+0000] {dagbag.py:588} INFO - Filling up the DagBag from /home/airflow/.local/lib/python3.12/site-packages/airflow/example_dags/example_branch_labels.py
[2024-12-01T05:25:37.653+0000] {processor.py:925} INFO - DAG(s) 'example_branch_labels' retrieved from /home/airflow/.local/lib/python3.12/site-packages/airflow/example_dags/example_branch_labels.py
[2024-12-01T05:25:37.662+0000] {logging_mixin.py:190} INFO - [2024-12-01T05:25:37.662+0000] {dag.py:3239} INFO - Sync 1 DAGs
[2024-12-01T05:25:37.763+0000] {logging_mixin.py:190} INFO - [2024-12-01T05:25:37.763+0000] {dag.py:4180} INFO - Setting next_dagrun for example_branch_labels to 2024-11-30 00:00:00+00:00, run_after=2024-12-01 00:00:00+00:00
[2024-12-01T05:25:37.771+0000] {processor.py:208} INFO - Processing /home/airflow/.local/lib/python3.12/site-packages/airflow/example_dags/example_branch_labels.py took 0.126 seconds
[2024-12-01T05:26:08.786+0000] {processor.py:186} INFO - Started process (PID=15493) to work on /home/airflow/.local/lib/python3.12/site-packages/airflow/example_dags/example_branch_labels.py
[2024-12-01T05:26:08.787+0000] {processor.py:914} INFO - Processing file /home/airflow/.local/lib/python3.12/site-packages/airflow/example_dags/example_branch_labels.py for tasks to queue
[2024-12-01T05:26:08.788+0000] {logging_mixin.py:190} INFO - [2024-12-01T05:26:08.788+0000] {dagbag.py:588} INFO - Filling up the DagBag from /home/airflow/.local/lib/python3.12/site-packages/airflow/example_dags/example_branch_labels.py
[2024-12-01T05:26:08.797+0000] {processor.py:925} INFO - DAG(s) 'example_branch_labels' retrieved from /home/airflow/.local/lib/python3.12/site-packages/airflow/example_dags/example_branch_labels.py
[2024-12-01T05:26:08.809+0000] {logging_mixin.py:190} INFO - [2024-12-01T05:26:08.809+0000] {dag.py:3239} INFO - Sync 1 DAGs
[2024-12-01T05:26:08.823+0000] {logging_mixin.py:190} INFO - [2024-12-01T05:26:08.823+0000] {dag.py:4180} INFO - Setting next_dagrun for example_branch_labels to 2024-11-30 00:00:00+00:00, run_after=2024-12-01 00:00:00+00:00
[2024-12-01T05:26:08.834+0000] {processor.py:208} INFO - Processing /home/airflow/.local/lib/python3.12/site-packages/airflow/example_dags/example_branch_labels.py took 0.053 seconds
[2024-12-01T05:26:39.283+0000] {processor.py:186} INFO - Started process (PID=15868) to work on /home/airflow/.local/lib/python3.12/site-packages/airflow/example_dags/example_branch_labels.py
[2024-12-01T05:26:39.283+0000] {processor.py:914} INFO - Processing file /home/airflow/.local/lib/python3.12/site-packages/airflow/example_dags/example_branch_labels.py for tasks to queue
[2024-12-01T05:26:39.284+0000] {logging_mixin.py:190} INFO - [2024-12-01T05:26:39.284+0000] {dagbag.py:588} INFO - Filling up the DagBag from /home/airflow/.local/lib/python3.12/site-packages/airflow/example_dags/example_branch_labels.py
[2024-12-01T05:26:39.290+0000] {processor.py:925} INFO - DAG(s) 'example_branch_labels' retrieved from /home/airflow/.local/lib/python3.12/site-packages/airflow/example_dags/example_branch_labels.py
[2024-12-01T05:26:39.302+0000] {logging_mixin.py:190} INFO - [2024-12-01T05:26:39.302+0000] {dag.py:3239} INFO - Sync 1 DAGs
[2024-12-01T05:26:39.313+0000] {logging_mixin.py:190} INFO - [2024-12-01T05:26:39.313+0000] {dag.py:4180} INFO - Setting next_dagrun for example_branch_labels to 2024-11-30 00:00:00+00:00, run_after=2024-12-01 00:00:00+00:00
[2024-12-01T05:26:39.320+0000] {processor.py:208} INFO - Processing /home/airflow/.local/lib/python3.12/site-packages/airflow/example_dags/example_branch_labels.py took 0.041 seconds
[2024-12-01T05:27:09.622+0000] {processor.py:186} INFO - Started process (PID=16244) to work on /home/airflow/.local/lib/python3.12/site-packages/airflow/example_dags/example_branch_labels.py
[2024-12-01T05:27:09.622+0000] {processor.py:914} INFO - Processing file /home/airflow/.local/lib/python3.12/site-packages/airflow/example_dags/example_branch_labels.py for tasks to queue
[2024-12-01T05:27:09.623+0000] {logging_mixin.py:190} INFO - [2024-12-01T05:27:09.623+0000] {dagbag.py:588} INFO - Filling up the DagBag from /home/airflow/.local/lib/python3.12/site-packages/airflow/example_dags/example_branch_labels.py
[2024-12-01T05:27:09.632+0000] {processor.py:925} INFO - DAG(s) 'example_branch_labels' retrieved from /home/airflow/.local/lib/python3.12/site-packages/airflow/example_dags/example_branch_labels.py
[2024-12-01T05:27:09.646+0000] {logging_mixin.py:190} INFO - [2024-12-01T05:27:09.646+0000] {dag.py:3239} INFO - Sync 1 DAGs
[2024-12-01T05:27:09.661+0000] {logging_mixin.py:190} INFO - [2024-12-01T05:27:09.661+0000] {dag.py:4180} INFO - Setting next_dagrun for example_branch_labels to 2024-11-30 00:00:00+00:00, run_after=2024-12-01 00:00:00+00:00
[2024-12-01T05:27:09.671+0000] {processor.py:208} INFO - Processing /home/airflow/.local/lib/python3.12/site-packages/airflow/example_dags/example_branch_labels.py took 0.053 seconds
[2024-12-01T05:27:40.186+0000] {processor.py:186} INFO - Started process (PID=16643) to work on /home/airflow/.local/lib/python3.12/site-packages/airflow/example_dags/example_branch_labels.py
[2024-12-01T05:27:40.187+0000] {processor.py:914} INFO - Processing file /home/airflow/.local/lib/python3.12/site-packages/airflow/example_dags/example_branch_labels.py for tasks to queue
[2024-12-01T05:27:40.187+0000] {logging_mixin.py:190} INFO - [2024-12-01T05:27:40.187+0000] {dagbag.py:588} INFO - Filling up the DagBag from /home/airflow/.local/lib/python3.12/site-packages/airflow/example_dags/example_branch_labels.py
[2024-12-01T05:27:40.193+0000] {processor.py:925} INFO - DAG(s) 'example_branch_labels' retrieved from /home/airflow/.local/lib/python3.12/site-packages/airflow/example_dags/example_branch_labels.py
[2024-12-01T05:27:40.206+0000] {logging_mixin.py:190} INFO - [2024-12-01T05:27:40.205+0000] {dag.py:3239} INFO - Sync 1 DAGs
[2024-12-01T05:27:40.218+0000] {logging_mixin.py:190} INFO - [2024-12-01T05:27:40.218+0000] {dag.py:4180} INFO - Setting next_dagrun for example_branch_labels to 2024-11-30 00:00:00+00:00, run_after=2024-12-01 00:00:00+00:00
[2024-12-01T05:27:40.229+0000] {processor.py:208} INFO - Processing /home/airflow/.local/lib/python3.12/site-packages/airflow/example_dags/example_branch_labels.py took 0.046 seconds
[2024-12-01T05:28:10.904+0000] {processor.py:186} INFO - Started process (PID=17034) to work on /home/airflow/.local/lib/python3.12/site-packages/airflow/example_dags/example_branch_labels.py
[2024-12-01T05:28:10.905+0000] {processor.py:914} INFO - Processing file /home/airflow/.local/lib/python3.12/site-packages/airflow/example_dags/example_branch_labels.py for tasks to queue
[2024-12-01T05:28:10.906+0000] {logging_mixin.py:190} INFO - [2024-12-01T05:28:10.906+0000] {dagbag.py:588} INFO - Filling up the DagBag from /home/airflow/.local/lib/python3.12/site-packages/airflow/example_dags/example_branch_labels.py
[2024-12-01T05:28:10.915+0000] {processor.py:925} INFO - DAG(s) 'example_branch_labels' retrieved from /home/airflow/.local/lib/python3.12/site-packages/airflow/example_dags/example_branch_labels.py
[2024-12-01T05:28:10.929+0000] {logging_mixin.py:190} INFO - [2024-12-01T05:28:10.929+0000] {dag.py:3239} INFO - Sync 1 DAGs
[2024-12-01T05:28:10.941+0000] {logging_mixin.py:190} INFO - [2024-12-01T05:28:10.941+0000] {dag.py:4180} INFO - Setting next_dagrun for example_branch_labels to 2024-11-30 00:00:00+00:00, run_after=2024-12-01 00:00:00+00:00
[2024-12-01T05:28:10.948+0000] {processor.py:208} INFO - Processing /home/airflow/.local/lib/python3.12/site-packages/airflow/example_dags/example_branch_labels.py took 0.047 seconds
[2024-12-01T05:28:41.846+0000] {processor.py:186} INFO - Started process (PID=17415) to work on /home/airflow/.local/lib/python3.12/site-packages/airflow/example_dags/example_branch_labels.py
[2024-12-01T05:28:41.847+0000] {processor.py:914} INFO - Processing file /home/airflow/.local/lib/python3.12/site-packages/airflow/example_dags/example_branch_labels.py for tasks to queue
[2024-12-01T05:28:41.848+0000] {logging_mixin.py:190} INFO - [2024-12-01T05:28:41.848+0000] {dagbag.py:588} INFO - Filling up the DagBag from /home/airflow/.local/lib/python3.12/site-packages/airflow/example_dags/example_branch_labels.py
[2024-12-01T05:28:41.857+0000] {processor.py:925} INFO - DAG(s) 'example_branch_labels' retrieved from /home/airflow/.local/lib/python3.12/site-packages/airflow/example_dags/example_branch_labels.py
[2024-12-01T05:28:41.868+0000] {logging_mixin.py:190} INFO - [2024-12-01T05:28:41.868+0000] {dag.py:3239} INFO - Sync 1 DAGs
[2024-12-01T05:28:41.879+0000] {logging_mixin.py:190} INFO - [2024-12-01T05:28:41.879+0000] {dag.py:4180} INFO - Setting next_dagrun for example_branch_labels to 2024-11-30 00:00:00+00:00, run_after=2024-12-01 00:00:00+00:00
[2024-12-01T05:28:41.887+0000] {processor.py:208} INFO - Processing /home/airflow/.local/lib/python3.12/site-packages/airflow/example_dags/example_branch_labels.py took 0.045 seconds
[2024-12-01T05:29:12.388+0000] {processor.py:186} INFO - Started process (PID=17791) to work on /home/airflow/.local/lib/python3.12/site-packages/airflow/example_dags/example_branch_labels.py
[2024-12-01T05:29:12.388+0000] {processor.py:914} INFO - Processing file /home/airflow/.local/lib/python3.12/site-packages/airflow/example_dags/example_branch_labels.py for tasks to queue
[2024-12-01T05:29:12.389+0000] {logging_mixin.py:190} INFO - [2024-12-01T05:29:12.389+0000] {dagbag.py:588} INFO - Filling up the DagBag from /home/airflow/.local/lib/python3.12/site-packages/airflow/example_dags/example_branch_labels.py
[2024-12-01T05:29:12.395+0000] {processor.py:925} INFO - DAG(s) 'example_branch_labels' retrieved from /home/airflow/.local/lib/python3.12/site-packages/airflow/example_dags/example_branch_labels.py
[2024-12-01T05:29:12.406+0000] {logging_mixin.py:190} INFO - [2024-12-01T05:29:12.406+0000] {dag.py:3239} INFO - Sync 1 DAGs
[2024-12-01T05:29:12.417+0000] {logging_mixin.py:190} INFO - [2024-12-01T05:29:12.417+0000] {dag.py:4180} INFO - Setting next_dagrun for example_branch_labels to 2024-11-30 00:00:00+00:00, run_after=2024-12-01 00:00:00+00:00
[2024-12-01T05:29:12.429+0000] {processor.py:208} INFO - Processing /home/airflow/.local/lib/python3.12/site-packages/airflow/example_dags/example_branch_labels.py took 0.044 seconds
[2024-12-01T05:29:42.794+0000] {processor.py:186} INFO - Started process (PID=18157) to work on /home/airflow/.local/lib/python3.12/site-packages/airflow/example_dags/example_branch_labels.py
[2024-12-01T05:29:42.795+0000] {processor.py:914} INFO - Processing file /home/airflow/.local/lib/python3.12/site-packages/airflow/example_dags/example_branch_labels.py for tasks to queue
[2024-12-01T05:29:42.795+0000] {logging_mixin.py:190} INFO - [2024-12-01T05:29:42.795+0000] {dagbag.py:588} INFO - Filling up the DagBag from /home/airflow/.local/lib/python3.12/site-packages/airflow/example_dags/example_branch_labels.py
[2024-12-01T05:29:42.802+0000] {processor.py:925} INFO - DAG(s) 'example_branch_labels' retrieved from /home/airflow/.local/lib/python3.12/site-packages/airflow/example_dags/example_branch_labels.py
[2024-12-01T05:29:42.814+0000] {logging_mixin.py:190} INFO - [2024-12-01T05:29:42.814+0000] {dag.py:3239} INFO - Sync 1 DAGs
[2024-12-01T05:29:42.826+0000] {logging_mixin.py:190} INFO - [2024-12-01T05:29:42.826+0000] {dag.py:4180} INFO - Setting next_dagrun for example_branch_labels to 2024-11-30 00:00:00+00:00, run_after=2024-12-01 00:00:00+00:00
[2024-12-01T05:29:42.834+0000] {processor.py:208} INFO - Processing /home/airflow/.local/lib/python3.12/site-packages/airflow/example_dags/example_branch_labels.py took 0.044 seconds
