[2024-12-01T05:05:11.739+0000] {processor.py:186} INFO - Started process (PID=412) to work on /home/airflow/.local/lib/python3.12/site-packages/airflow/example_dags/example_setup_teardown.py
[2024-12-01T05:05:11.740+0000] {processor.py:914} INFO - Processing file /home/airflow/.local/lib/python3.12/site-packages/airflow/example_dags/example_setup_teardown.py for tasks to queue
[2024-12-01T05:05:11.742+0000] {logging_mixin.py:190} INFO - [2024-12-01T05:05:11.742+0000] {dagbag.py:588} INFO - Filling up the DagBag from /home/airflow/.local/lib/python3.12/site-packages/airflow/example_dags/example_setup_teardown.py
[2024-12-01T05:05:11.748+0000] {processor.py:925} INFO - DAG(s) 'example_setup_teardown' retrieved from /home/airflow/.local/lib/python3.12/site-packages/airflow/example_dags/example_setup_teardown.py
[2024-12-01T05:05:11.764+0000] {logging_mixin.py:190} INFO - [2024-12-01T05:05:11.764+0000] {dag.py:3239} INFO - Sync 1 DAGs
[2024-12-01T05:05:11.771+0000] {logging_mixin.py:190} INFO - [2024-12-01T05:05:11.771+0000] {dag.py:4180} INFO - Setting next_dagrun for example_setup_teardown to None, run_after=None
[2024-12-01T05:05:11.781+0000] {processor.py:208} INFO - Processing /home/airflow/.local/lib/python3.12/site-packages/airflow/example_dags/example_setup_teardown.py took 0.044 seconds
[2024-12-01T05:05:42.517+0000] {processor.py:186} INFO - Started process (PID=787) to work on /home/airflow/.local/lib/python3.12/site-packages/airflow/example_dags/example_setup_teardown.py
[2024-12-01T05:05:42.518+0000] {processor.py:914} INFO - Processing file /home/airflow/.local/lib/python3.12/site-packages/airflow/example_dags/example_setup_teardown.py for tasks to queue
[2024-12-01T05:05:42.518+0000] {logging_mixin.py:190} INFO - [2024-12-01T05:05:42.518+0000] {dagbag.py:588} INFO - Filling up the DagBag from /home/airflow/.local/lib/python3.12/site-packages/airflow/example_dags/example_setup_teardown.py
[2024-12-01T05:05:42.522+0000] {processor.py:925} INFO - DAG(s) 'example_setup_teardown' retrieved from /home/airflow/.local/lib/python3.12/site-packages/airflow/example_dags/example_setup_teardown.py
[2024-12-01T05:05:42.530+0000] {logging_mixin.py:190} INFO - [2024-12-01T05:05:42.530+0000] {dag.py:3239} INFO - Sync 1 DAGs
[2024-12-01T05:05:42.536+0000] {logging_mixin.py:190} INFO - [2024-12-01T05:05:42.535+0000] {dag.py:4180} INFO - Setting next_dagrun for example_setup_teardown to None, run_after=None
[2024-12-01T05:05:42.542+0000] {processor.py:208} INFO - Processing /home/airflow/.local/lib/python3.12/site-packages/airflow/example_dags/example_setup_teardown.py took 0.027 seconds
[2024-12-01T05:06:13.228+0000] {processor.py:186} INFO - Started process (PID=1158) to work on /home/airflow/.local/lib/python3.12/site-packages/airflow/example_dags/example_setup_teardown.py
[2024-12-01T05:06:13.228+0000] {processor.py:914} INFO - Processing file /home/airflow/.local/lib/python3.12/site-packages/airflow/example_dags/example_setup_teardown.py for tasks to queue
[2024-12-01T05:06:13.230+0000] {logging_mixin.py:190} INFO - [2024-12-01T05:06:13.230+0000] {dagbag.py:588} INFO - Filling up the DagBag from /home/airflow/.local/lib/python3.12/site-packages/airflow/example_dags/example_setup_teardown.py
[2024-12-01T05:06:13.234+0000] {processor.py:925} INFO - DAG(s) 'example_setup_teardown' retrieved from /home/airflow/.local/lib/python3.12/site-packages/airflow/example_dags/example_setup_teardown.py
[2024-12-01T05:06:13.247+0000] {logging_mixin.py:190} INFO - [2024-12-01T05:06:13.247+0000] {dag.py:3239} INFO - Sync 1 DAGs
[2024-12-01T05:06:13.252+0000] {logging_mixin.py:190} INFO - [2024-12-01T05:06:13.252+0000] {dag.py:4180} INFO - Setting next_dagrun for example_setup_teardown to None, run_after=None
[2024-12-01T05:06:13.259+0000] {processor.py:208} INFO - Processing /home/airflow/.local/lib/python3.12/site-packages/airflow/example_dags/example_setup_teardown.py took 0.034 seconds
[2024-12-01T05:06:44.164+0000] {processor.py:186} INFO - Started process (PID=1524) to work on /home/airflow/.local/lib/python3.12/site-packages/airflow/example_dags/example_setup_teardown.py
[2024-12-01T05:06:44.165+0000] {processor.py:914} INFO - Processing file /home/airflow/.local/lib/python3.12/site-packages/airflow/example_dags/example_setup_teardown.py for tasks to queue
[2024-12-01T05:06:44.168+0000] {logging_mixin.py:190} INFO - [2024-12-01T05:06:44.168+0000] {dagbag.py:588} INFO - Filling up the DagBag from /home/airflow/.local/lib/python3.12/site-packages/airflow/example_dags/example_setup_teardown.py
[2024-12-01T05:06:44.172+0000] {processor.py:925} INFO - DAG(s) 'example_setup_teardown' retrieved from /home/airflow/.local/lib/python3.12/site-packages/airflow/example_dags/example_setup_teardown.py
[2024-12-01T05:06:44.182+0000] {logging_mixin.py:190} INFO - [2024-12-01T05:06:44.182+0000] {dag.py:3239} INFO - Sync 1 DAGs
[2024-12-01T05:06:44.188+0000] {logging_mixin.py:190} INFO - [2024-12-01T05:06:44.188+0000] {dag.py:4180} INFO - Setting next_dagrun for example_setup_teardown to None, run_after=None
[2024-12-01T05:06:44.193+0000] {processor.py:208} INFO - Processing /home/airflow/.local/lib/python3.12/site-packages/airflow/example_dags/example_setup_teardown.py took 0.031 seconds
[2024-12-01T05:07:14.755+0000] {processor.py:186} INFO - Started process (PID=1900) to work on /home/airflow/.local/lib/python3.12/site-packages/airflow/example_dags/example_setup_teardown.py
[2024-12-01T05:07:14.756+0000] {processor.py:914} INFO - Processing file /home/airflow/.local/lib/python3.12/site-packages/airflow/example_dags/example_setup_teardown.py for tasks to queue
[2024-12-01T05:07:14.756+0000] {logging_mixin.py:190} INFO - [2024-12-01T05:07:14.756+0000] {dagbag.py:588} INFO - Filling up the DagBag from /home/airflow/.local/lib/python3.12/site-packages/airflow/example_dags/example_setup_teardown.py
[2024-12-01T05:07:14.763+0000] {processor.py:925} INFO - DAG(s) 'example_setup_teardown' retrieved from /home/airflow/.local/lib/python3.12/site-packages/airflow/example_dags/example_setup_teardown.py
[2024-12-01T05:07:14.771+0000] {logging_mixin.py:190} INFO - [2024-12-01T05:07:14.771+0000] {dag.py:3239} INFO - Sync 1 DAGs
[2024-12-01T05:07:14.778+0000] {logging_mixin.py:190} INFO - [2024-12-01T05:07:14.778+0000] {dag.py:4180} INFO - Setting next_dagrun for example_setup_teardown to None, run_after=None
[2024-12-01T05:07:14.783+0000] {processor.py:208} INFO - Processing /home/airflow/.local/lib/python3.12/site-packages/airflow/example_dags/example_setup_teardown.py took 0.031 seconds
[2024-12-01T05:07:45.498+0000] {processor.py:186} INFO - Started process (PID=2305) to work on /home/airflow/.local/lib/python3.12/site-packages/airflow/example_dags/example_setup_teardown.py
[2024-12-01T05:07:45.498+0000] {processor.py:914} INFO - Processing file /home/airflow/.local/lib/python3.12/site-packages/airflow/example_dags/example_setup_teardown.py for tasks to queue
[2024-12-01T05:07:45.499+0000] {logging_mixin.py:190} INFO - [2024-12-01T05:07:45.499+0000] {dagbag.py:588} INFO - Filling up the DagBag from /home/airflow/.local/lib/python3.12/site-packages/airflow/example_dags/example_setup_teardown.py
[2024-12-01T05:07:45.502+0000] {processor.py:925} INFO - DAG(s) 'example_setup_teardown' retrieved from /home/airflow/.local/lib/python3.12/site-packages/airflow/example_dags/example_setup_teardown.py
[2024-12-01T05:07:45.510+0000] {logging_mixin.py:190} INFO - [2024-12-01T05:07:45.509+0000] {dag.py:3239} INFO - Sync 1 DAGs
[2024-12-01T05:07:45.515+0000] {logging_mixin.py:190} INFO - [2024-12-01T05:07:45.515+0000] {dag.py:4180} INFO - Setting next_dagrun for example_setup_teardown to None, run_after=None
[2024-12-01T05:07:45.520+0000] {processor.py:208} INFO - Processing /home/airflow/.local/lib/python3.12/site-packages/airflow/example_dags/example_setup_teardown.py took 0.025 seconds
[2024-12-01T05:08:16.122+0000] {processor.py:186} INFO - Started process (PID=2676) to work on /home/airflow/.local/lib/python3.12/site-packages/airflow/example_dags/example_setup_teardown.py
[2024-12-01T05:08:16.122+0000] {processor.py:914} INFO - Processing file /home/airflow/.local/lib/python3.12/site-packages/airflow/example_dags/example_setup_teardown.py for tasks to queue
[2024-12-01T05:08:16.122+0000] {logging_mixin.py:190} INFO - [2024-12-01T05:08:16.122+0000] {dagbag.py:588} INFO - Filling up the DagBag from /home/airflow/.local/lib/python3.12/site-packages/airflow/example_dags/example_setup_teardown.py
[2024-12-01T05:08:16.128+0000] {processor.py:925} INFO - DAG(s) 'example_setup_teardown' retrieved from /home/airflow/.local/lib/python3.12/site-packages/airflow/example_dags/example_setup_teardown.py
[2024-12-01T05:08:16.146+0000] {logging_mixin.py:190} INFO - [2024-12-01T05:08:16.146+0000] {dag.py:3239} INFO - Sync 1 DAGs
[2024-12-01T05:08:16.153+0000] {logging_mixin.py:190} INFO - [2024-12-01T05:08:16.153+0000] {dag.py:4180} INFO - Setting next_dagrun for example_setup_teardown to None, run_after=None
[2024-12-01T05:08:16.161+0000] {processor.py:208} INFO - Processing /home/airflow/.local/lib/python3.12/site-packages/airflow/example_dags/example_setup_teardown.py took 0.042 seconds
[2024-12-01T05:08:46.722+0000] {processor.py:186} INFO - Started process (PID=3051) to work on /home/airflow/.local/lib/python3.12/site-packages/airflow/example_dags/example_setup_teardown.py
[2024-12-01T05:08:46.722+0000] {processor.py:914} INFO - Processing file /home/airflow/.local/lib/python3.12/site-packages/airflow/example_dags/example_setup_teardown.py for tasks to queue
[2024-12-01T05:08:46.723+0000] {logging_mixin.py:190} INFO - [2024-12-01T05:08:46.723+0000] {dagbag.py:588} INFO - Filling up the DagBag from /home/airflow/.local/lib/python3.12/site-packages/airflow/example_dags/example_setup_teardown.py
[2024-12-01T05:08:46.726+0000] {processor.py:925} INFO - DAG(s) 'example_setup_teardown' retrieved from /home/airflow/.local/lib/python3.12/site-packages/airflow/example_dags/example_setup_teardown.py
[2024-12-01T05:08:46.735+0000] {logging_mixin.py:190} INFO - [2024-12-01T05:08:46.735+0000] {dag.py:3239} INFO - Sync 1 DAGs
[2024-12-01T05:08:46.740+0000] {logging_mixin.py:190} INFO - [2024-12-01T05:08:46.740+0000] {dag.py:4180} INFO - Setting next_dagrun for example_setup_teardown to None, run_after=None
[2024-12-01T05:08:46.747+0000] {processor.py:208} INFO - Processing /home/airflow/.local/lib/python3.12/site-packages/airflow/example_dags/example_setup_teardown.py took 0.027 seconds
[2024-12-01T05:09:17.613+0000] {processor.py:186} INFO - Started process (PID=3422) to work on /home/airflow/.local/lib/python3.12/site-packages/airflow/example_dags/example_setup_teardown.py
[2024-12-01T05:09:17.614+0000] {processor.py:914} INFO - Processing file /home/airflow/.local/lib/python3.12/site-packages/airflow/example_dags/example_setup_teardown.py for tasks to queue
[2024-12-01T05:09:17.617+0000] {logging_mixin.py:190} INFO - [2024-12-01T05:09:17.617+0000] {dagbag.py:588} INFO - Filling up the DagBag from /home/airflow/.local/lib/python3.12/site-packages/airflow/example_dags/example_setup_teardown.py
[2024-12-01T05:09:17.625+0000] {processor.py:925} INFO - DAG(s) 'example_setup_teardown' retrieved from /home/airflow/.local/lib/python3.12/site-packages/airflow/example_dags/example_setup_teardown.py
[2024-12-01T05:09:17.637+0000] {logging_mixin.py:190} INFO - [2024-12-01T05:09:17.636+0000] {dag.py:3239} INFO - Sync 1 DAGs
[2024-12-01T05:09:17.643+0000] {logging_mixin.py:190} INFO - [2024-12-01T05:09:17.643+0000] {dag.py:4180} INFO - Setting next_dagrun for example_setup_teardown to None, run_after=None
[2024-12-01T05:09:17.650+0000] {processor.py:208} INFO - Processing /home/airflow/.local/lib/python3.12/site-packages/airflow/example_dags/example_setup_teardown.py took 0.040 seconds
[2024-12-01T05:09:48.258+0000] {processor.py:186} INFO - Started process (PID=3790) to work on /home/airflow/.local/lib/python3.12/site-packages/airflow/example_dags/example_setup_teardown.py
[2024-12-01T05:09:48.259+0000] {processor.py:914} INFO - Processing file /home/airflow/.local/lib/python3.12/site-packages/airflow/example_dags/example_setup_teardown.py for tasks to queue
[2024-12-01T05:09:48.259+0000] {logging_mixin.py:190} INFO - [2024-12-01T05:09:48.259+0000] {dagbag.py:588} INFO - Filling up the DagBag from /home/airflow/.local/lib/python3.12/site-packages/airflow/example_dags/example_setup_teardown.py
[2024-12-01T05:09:48.263+0000] {processor.py:925} INFO - DAG(s) 'example_setup_teardown' retrieved from /home/airflow/.local/lib/python3.12/site-packages/airflow/example_dags/example_setup_teardown.py
[2024-12-01T05:09:48.271+0000] {logging_mixin.py:190} INFO - [2024-12-01T05:09:48.271+0000] {dag.py:3239} INFO - Sync 1 DAGs
[2024-12-01T05:09:48.277+0000] {logging_mixin.py:190} INFO - [2024-12-01T05:09:48.277+0000] {dag.py:4180} INFO - Setting next_dagrun for example_setup_teardown to None, run_after=None
[2024-12-01T05:09:48.283+0000] {processor.py:208} INFO - Processing /home/airflow/.local/lib/python3.12/site-packages/airflow/example_dags/example_setup_teardown.py took 0.027 seconds
[2024-12-01T05:10:19.118+0000] {processor.py:186} INFO - Started process (PID=4209) to work on /home/airflow/.local/lib/python3.12/site-packages/airflow/example_dags/example_setup_teardown.py
[2024-12-01T05:10:19.119+0000] {processor.py:914} INFO - Processing file /home/airflow/.local/lib/python3.12/site-packages/airflow/example_dags/example_setup_teardown.py for tasks to queue
[2024-12-01T05:10:19.119+0000] {logging_mixin.py:190} INFO - [2024-12-01T05:10:19.119+0000] {dagbag.py:588} INFO - Filling up the DagBag from /home/airflow/.local/lib/python3.12/site-packages/airflow/example_dags/example_setup_teardown.py
[2024-12-01T05:10:19.123+0000] {processor.py:925} INFO - DAG(s) 'example_setup_teardown' retrieved from /home/airflow/.local/lib/python3.12/site-packages/airflow/example_dags/example_setup_teardown.py
[2024-12-01T05:10:19.132+0000] {logging_mixin.py:190} INFO - [2024-12-01T05:10:19.132+0000] {dag.py:3239} INFO - Sync 1 DAGs
[2024-12-01T05:10:19.138+0000] {logging_mixin.py:190} INFO - [2024-12-01T05:10:19.138+0000] {dag.py:4180} INFO - Setting next_dagrun for example_setup_teardown to None, run_after=None
[2024-12-01T05:10:19.144+0000] {processor.py:208} INFO - Processing /home/airflow/.local/lib/python3.12/site-packages/airflow/example_dags/example_setup_teardown.py took 0.029 seconds
[2024-12-01T05:10:49.780+0000] {processor.py:186} INFO - Started process (PID=4597) to work on /home/airflow/.local/lib/python3.12/site-packages/airflow/example_dags/example_setup_teardown.py
[2024-12-01T05:10:49.780+0000] {processor.py:914} INFO - Processing file /home/airflow/.local/lib/python3.12/site-packages/airflow/example_dags/example_setup_teardown.py for tasks to queue
[2024-12-01T05:10:49.781+0000] {logging_mixin.py:190} INFO - [2024-12-01T05:10:49.781+0000] {dagbag.py:588} INFO - Filling up the DagBag from /home/airflow/.local/lib/python3.12/site-packages/airflow/example_dags/example_setup_teardown.py
[2024-12-01T05:10:49.787+0000] {processor.py:925} INFO - DAG(s) 'example_setup_teardown' retrieved from /home/airflow/.local/lib/python3.12/site-packages/airflow/example_dags/example_setup_teardown.py
[2024-12-01T05:10:49.795+0000] {logging_mixin.py:190} INFO - [2024-12-01T05:10:49.795+0000] {dag.py:3239} INFO - Sync 1 DAGs
[2024-12-01T05:10:49.801+0000] {logging_mixin.py:190} INFO - [2024-12-01T05:10:49.801+0000] {dag.py:4180} INFO - Setting next_dagrun for example_setup_teardown to None, run_after=None
[2024-12-01T05:10:49.809+0000] {processor.py:208} INFO - Processing /home/airflow/.local/lib/python3.12/site-packages/airflow/example_dags/example_setup_teardown.py took 0.031 seconds
[2024-12-01T05:11:20.374+0000] {processor.py:186} INFO - Started process (PID=4963) to work on /home/airflow/.local/lib/python3.12/site-packages/airflow/example_dags/example_setup_teardown.py
[2024-12-01T05:11:20.377+0000] {processor.py:914} INFO - Processing file /home/airflow/.local/lib/python3.12/site-packages/airflow/example_dags/example_setup_teardown.py for tasks to queue
[2024-12-01T05:11:20.377+0000] {logging_mixin.py:190} INFO - [2024-12-01T05:11:20.377+0000] {dagbag.py:588} INFO - Filling up the DagBag from /home/airflow/.local/lib/python3.12/site-packages/airflow/example_dags/example_setup_teardown.py
[2024-12-01T05:11:20.382+0000] {processor.py:925} INFO - DAG(s) 'example_setup_teardown' retrieved from /home/airflow/.local/lib/python3.12/site-packages/airflow/example_dags/example_setup_teardown.py
[2024-12-01T05:11:20.390+0000] {logging_mixin.py:190} INFO - [2024-12-01T05:11:20.390+0000] {dag.py:3239} INFO - Sync 1 DAGs
[2024-12-01T05:11:20.396+0000] {logging_mixin.py:190} INFO - [2024-12-01T05:11:20.396+0000] {dag.py:4180} INFO - Setting next_dagrun for example_setup_teardown to None, run_after=None
[2024-12-01T05:11:20.402+0000] {processor.py:208} INFO - Processing /home/airflow/.local/lib/python3.12/site-packages/airflow/example_dags/example_setup_teardown.py took 0.031 seconds
[2024-12-01T05:11:50.731+0000] {processor.py:186} INFO - Started process (PID=5329) to work on /home/airflow/.local/lib/python3.12/site-packages/airflow/example_dags/example_setup_teardown.py
[2024-12-01T05:11:50.731+0000] {processor.py:914} INFO - Processing file /home/airflow/.local/lib/python3.12/site-packages/airflow/example_dags/example_setup_teardown.py for tasks to queue
[2024-12-01T05:11:50.732+0000] {logging_mixin.py:190} INFO - [2024-12-01T05:11:50.732+0000] {dagbag.py:588} INFO - Filling up the DagBag from /home/airflow/.local/lib/python3.12/site-packages/airflow/example_dags/example_setup_teardown.py
[2024-12-01T05:11:50.737+0000] {processor.py:925} INFO - DAG(s) 'example_setup_teardown' retrieved from /home/airflow/.local/lib/python3.12/site-packages/airflow/example_dags/example_setup_teardown.py
[2024-12-01T05:11:50.748+0000] {logging_mixin.py:190} INFO - [2024-12-01T05:11:50.748+0000] {dag.py:3239} INFO - Sync 1 DAGs
[2024-12-01T05:11:50.753+0000] {logging_mixin.py:190} INFO - [2024-12-01T05:11:50.753+0000] {dag.py:4180} INFO - Setting next_dagrun for example_setup_teardown to None, run_after=None
[2024-12-01T05:11:50.761+0000] {processor.py:208} INFO - Processing /home/airflow/.local/lib/python3.12/site-packages/airflow/example_dags/example_setup_teardown.py took 0.032 seconds
[2024-12-01T05:12:21.212+0000] {processor.py:186} INFO - Started process (PID=5695) to work on /home/airflow/.local/lib/python3.12/site-packages/airflow/example_dags/example_setup_teardown.py
[2024-12-01T05:12:21.214+0000] {processor.py:914} INFO - Processing file /home/airflow/.local/lib/python3.12/site-packages/airflow/example_dags/example_setup_teardown.py for tasks to queue
[2024-12-01T05:12:21.215+0000] {logging_mixin.py:190} INFO - [2024-12-01T05:12:21.214+0000] {dagbag.py:588} INFO - Filling up the DagBag from /home/airflow/.local/lib/python3.12/site-packages/airflow/example_dags/example_setup_teardown.py
[2024-12-01T05:12:21.219+0000] {processor.py:925} INFO - DAG(s) 'example_setup_teardown' retrieved from /home/airflow/.local/lib/python3.12/site-packages/airflow/example_dags/example_setup_teardown.py
[2024-12-01T05:12:21.228+0000] {logging_mixin.py:190} INFO - [2024-12-01T05:12:21.227+0000] {dag.py:3239} INFO - Sync 1 DAGs
[2024-12-01T05:12:21.232+0000] {logging_mixin.py:190} INFO - [2024-12-01T05:12:21.232+0000] {dag.py:4180} INFO - Setting next_dagrun for example_setup_teardown to None, run_after=None
[2024-12-01T05:12:21.238+0000] {processor.py:208} INFO - Processing /home/airflow/.local/lib/python3.12/site-packages/airflow/example_dags/example_setup_teardown.py took 0.029 seconds
[2024-12-01T05:12:51.976+0000] {processor.py:186} INFO - Started process (PID=6061) to work on /home/airflow/.local/lib/python3.12/site-packages/airflow/example_dags/example_setup_teardown.py
[2024-12-01T05:12:51.977+0000] {processor.py:914} INFO - Processing file /home/airflow/.local/lib/python3.12/site-packages/airflow/example_dags/example_setup_teardown.py for tasks to queue
[2024-12-01T05:12:51.978+0000] {logging_mixin.py:190} INFO - [2024-12-01T05:12:51.977+0000] {dagbag.py:588} INFO - Filling up the DagBag from /home/airflow/.local/lib/python3.12/site-packages/airflow/example_dags/example_setup_teardown.py
[2024-12-01T05:12:51.983+0000] {processor.py:925} INFO - DAG(s) 'example_setup_teardown' retrieved from /home/airflow/.local/lib/python3.12/site-packages/airflow/example_dags/example_setup_teardown.py
[2024-12-01T05:12:51.992+0000] {logging_mixin.py:190} INFO - [2024-12-01T05:12:51.992+0000] {dag.py:3239} INFO - Sync 1 DAGs
[2024-12-01T05:12:51.997+0000] {logging_mixin.py:190} INFO - [2024-12-01T05:12:51.997+0000] {dag.py:4180} INFO - Setting next_dagrun for example_setup_teardown to None, run_after=None
[2024-12-01T05:12:52.004+0000] {processor.py:208} INFO - Processing /home/airflow/.local/lib/python3.12/site-packages/airflow/example_dags/example_setup_teardown.py took 0.031 seconds
[2024-12-01T05:13:22.529+0000] {processor.py:186} INFO - Started process (PID=6427) to work on /home/airflow/.local/lib/python3.12/site-packages/airflow/example_dags/example_setup_teardown.py
[2024-12-01T05:13:22.530+0000] {processor.py:914} INFO - Processing file /home/airflow/.local/lib/python3.12/site-packages/airflow/example_dags/example_setup_teardown.py for tasks to queue
[2024-12-01T05:13:22.530+0000] {logging_mixin.py:190} INFO - [2024-12-01T05:13:22.530+0000] {dagbag.py:588} INFO - Filling up the DagBag from /home/airflow/.local/lib/python3.12/site-packages/airflow/example_dags/example_setup_teardown.py
[2024-12-01T05:13:22.534+0000] {processor.py:925} INFO - DAG(s) 'example_setup_teardown' retrieved from /home/airflow/.local/lib/python3.12/site-packages/airflow/example_dags/example_setup_teardown.py
[2024-12-01T05:13:22.545+0000] {logging_mixin.py:190} INFO - [2024-12-01T05:13:22.545+0000] {dag.py:3239} INFO - Sync 1 DAGs
[2024-12-01T05:13:22.552+0000] {logging_mixin.py:190} INFO - [2024-12-01T05:13:22.552+0000] {dag.py:4180} INFO - Setting next_dagrun for example_setup_teardown to None, run_after=None
[2024-12-01T05:13:22.559+0000] {processor.py:208} INFO - Processing /home/airflow/.local/lib/python3.12/site-packages/airflow/example_dags/example_setup_teardown.py took 0.032 seconds
[2024-12-01T05:13:53.168+0000] {processor.py:186} INFO - Started process (PID=6793) to work on /home/airflow/.local/lib/python3.12/site-packages/airflow/example_dags/example_setup_teardown.py
[2024-12-01T05:13:53.168+0000] {processor.py:914} INFO - Processing file /home/airflow/.local/lib/python3.12/site-packages/airflow/example_dags/example_setup_teardown.py for tasks to queue
[2024-12-01T05:13:53.169+0000] {logging_mixin.py:190} INFO - [2024-12-01T05:13:53.168+0000] {dagbag.py:588} INFO - Filling up the DagBag from /home/airflow/.local/lib/python3.12/site-packages/airflow/example_dags/example_setup_teardown.py
[2024-12-01T05:13:53.173+0000] {processor.py:925} INFO - DAG(s) 'example_setup_teardown' retrieved from /home/airflow/.local/lib/python3.12/site-packages/airflow/example_dags/example_setup_teardown.py
[2024-12-01T05:13:53.181+0000] {logging_mixin.py:190} INFO - [2024-12-01T05:13:53.181+0000] {dag.py:3239} INFO - Sync 1 DAGs
[2024-12-01T05:13:53.187+0000] {logging_mixin.py:190} INFO - [2024-12-01T05:13:53.187+0000] {dag.py:4180} INFO - Setting next_dagrun for example_setup_teardown to None, run_after=None
[2024-12-01T05:13:53.193+0000] {processor.py:208} INFO - Processing /home/airflow/.local/lib/python3.12/site-packages/airflow/example_dags/example_setup_teardown.py took 0.028 seconds
[2024-12-01T05:14:23.924+0000] {processor.py:186} INFO - Started process (PID=7161) to work on /home/airflow/.local/lib/python3.12/site-packages/airflow/example_dags/example_setup_teardown.py
[2024-12-01T05:14:23.924+0000] {processor.py:914} INFO - Processing file /home/airflow/.local/lib/python3.12/site-packages/airflow/example_dags/example_setup_teardown.py for tasks to queue
[2024-12-01T05:14:23.925+0000] {logging_mixin.py:190} INFO - [2024-12-01T05:14:23.925+0000] {dagbag.py:588} INFO - Filling up the DagBag from /home/airflow/.local/lib/python3.12/site-packages/airflow/example_dags/example_setup_teardown.py
[2024-12-01T05:14:23.929+0000] {processor.py:925} INFO - DAG(s) 'example_setup_teardown' retrieved from /home/airflow/.local/lib/python3.12/site-packages/airflow/example_dags/example_setup_teardown.py
[2024-12-01T05:14:23.941+0000] {logging_mixin.py:190} INFO - [2024-12-01T05:14:23.941+0000] {dag.py:3239} INFO - Sync 1 DAGs
[2024-12-01T05:14:23.946+0000] {logging_mixin.py:190} INFO - [2024-12-01T05:14:23.946+0000] {dag.py:4180} INFO - Setting next_dagrun for example_setup_teardown to None, run_after=None
[2024-12-01T05:14:23.953+0000] {processor.py:208} INFO - Processing /home/airflow/.local/lib/python3.12/site-packages/airflow/example_dags/example_setup_teardown.py took 0.032 seconds
[2024-12-01T05:14:54.499+0000] {processor.py:186} INFO - Started process (PID=7525) to work on /home/airflow/.local/lib/python3.12/site-packages/airflow/example_dags/example_setup_teardown.py
[2024-12-01T05:14:54.499+0000] {processor.py:914} INFO - Processing file /home/airflow/.local/lib/python3.12/site-packages/airflow/example_dags/example_setup_teardown.py for tasks to queue
[2024-12-01T05:14:54.500+0000] {logging_mixin.py:190} INFO - [2024-12-01T05:14:54.500+0000] {dagbag.py:588} INFO - Filling up the DagBag from /home/airflow/.local/lib/python3.12/site-packages/airflow/example_dags/example_setup_teardown.py
[2024-12-01T05:14:54.504+0000] {processor.py:925} INFO - DAG(s) 'example_setup_teardown' retrieved from /home/airflow/.local/lib/python3.12/site-packages/airflow/example_dags/example_setup_teardown.py
[2024-12-01T05:14:54.512+0000] {logging_mixin.py:190} INFO - [2024-12-01T05:14:54.512+0000] {dag.py:3239} INFO - Sync 1 DAGs
[2024-12-01T05:14:54.517+0000] {logging_mixin.py:190} INFO - [2024-12-01T05:14:54.517+0000] {dag.py:4180} INFO - Setting next_dagrun for example_setup_teardown to None, run_after=None
[2024-12-01T05:14:54.523+0000] {processor.py:208} INFO - Processing /home/airflow/.local/lib/python3.12/site-packages/airflow/example_dags/example_setup_teardown.py took 0.027 seconds
[2024-12-01T05:15:25.325+0000] {processor.py:186} INFO - Started process (PID=7891) to work on /home/airflow/.local/lib/python3.12/site-packages/airflow/example_dags/example_setup_teardown.py
[2024-12-01T05:15:25.325+0000] {processor.py:914} INFO - Processing file /home/airflow/.local/lib/python3.12/site-packages/airflow/example_dags/example_setup_teardown.py for tasks to queue
[2024-12-01T05:15:25.326+0000] {logging_mixin.py:190} INFO - [2024-12-01T05:15:25.326+0000] {dagbag.py:588} INFO - Filling up the DagBag from /home/airflow/.local/lib/python3.12/site-packages/airflow/example_dags/example_setup_teardown.py
[2024-12-01T05:15:25.329+0000] {processor.py:925} INFO - DAG(s) 'example_setup_teardown' retrieved from /home/airflow/.local/lib/python3.12/site-packages/airflow/example_dags/example_setup_teardown.py
[2024-12-01T05:15:25.337+0000] {logging_mixin.py:190} INFO - [2024-12-01T05:15:25.337+0000] {dag.py:3239} INFO - Sync 1 DAGs
[2024-12-01T05:15:25.343+0000] {logging_mixin.py:190} INFO - [2024-12-01T05:15:25.343+0000] {dag.py:4180} INFO - Setting next_dagrun for example_setup_teardown to None, run_after=None
[2024-12-01T05:15:25.348+0000] {processor.py:208} INFO - Processing /home/airflow/.local/lib/python3.12/site-packages/airflow/example_dags/example_setup_teardown.py took 0.026 seconds
[2024-12-01T05:15:55.997+0000] {processor.py:186} INFO - Started process (PID=8257) to work on /home/airflow/.local/lib/python3.12/site-packages/airflow/example_dags/example_setup_teardown.py
[2024-12-01T05:15:55.997+0000] {processor.py:914} INFO - Processing file /home/airflow/.local/lib/python3.12/site-packages/airflow/example_dags/example_setup_teardown.py for tasks to queue
[2024-12-01T05:15:55.998+0000] {logging_mixin.py:190} INFO - [2024-12-01T05:15:55.997+0000] {dagbag.py:588} INFO - Filling up the DagBag from /home/airflow/.local/lib/python3.12/site-packages/airflow/example_dags/example_setup_teardown.py
[2024-12-01T05:15:56.002+0000] {processor.py:925} INFO - DAG(s) 'example_setup_teardown' retrieved from /home/airflow/.local/lib/python3.12/site-packages/airflow/example_dags/example_setup_teardown.py
[2024-12-01T05:15:56.010+0000] {logging_mixin.py:190} INFO - [2024-12-01T05:15:56.010+0000] {dag.py:3239} INFO - Sync 1 DAGs
[2024-12-01T05:15:56.015+0000] {logging_mixin.py:190} INFO - [2024-12-01T05:15:56.015+0000] {dag.py:4180} INFO - Setting next_dagrun for example_setup_teardown to None, run_after=None
[2024-12-01T05:15:56.021+0000] {processor.py:208} INFO - Processing /home/airflow/.local/lib/python3.12/site-packages/airflow/example_dags/example_setup_teardown.py took 0.027 seconds
[2024-12-01T05:16:26.491+0000] {processor.py:186} INFO - Started process (PID=8623) to work on /home/airflow/.local/lib/python3.12/site-packages/airflow/example_dags/example_setup_teardown.py
[2024-12-01T05:16:26.492+0000] {processor.py:914} INFO - Processing file /home/airflow/.local/lib/python3.12/site-packages/airflow/example_dags/example_setup_teardown.py for tasks to queue
[2024-12-01T05:16:26.492+0000] {logging_mixin.py:190} INFO - [2024-12-01T05:16:26.492+0000] {dagbag.py:588} INFO - Filling up the DagBag from /home/airflow/.local/lib/python3.12/site-packages/airflow/example_dags/example_setup_teardown.py
[2024-12-01T05:16:26.496+0000] {processor.py:925} INFO - DAG(s) 'example_setup_teardown' retrieved from /home/airflow/.local/lib/python3.12/site-packages/airflow/example_dags/example_setup_teardown.py
[2024-12-01T05:16:26.504+0000] {logging_mixin.py:190} INFO - [2024-12-01T05:16:26.504+0000] {dag.py:3239} INFO - Sync 1 DAGs
[2024-12-01T05:16:26.510+0000] {logging_mixin.py:190} INFO - [2024-12-01T05:16:26.510+0000] {dag.py:4180} INFO - Setting next_dagrun for example_setup_teardown to None, run_after=None
[2024-12-01T05:16:26.517+0000] {processor.py:208} INFO - Processing /home/airflow/.local/lib/python3.12/site-packages/airflow/example_dags/example_setup_teardown.py took 0.028 seconds
[2024-12-01T05:16:56.936+0000] {processor.py:186} INFO - Started process (PID=8989) to work on /home/airflow/.local/lib/python3.12/site-packages/airflow/example_dags/example_setup_teardown.py
[2024-12-01T05:16:56.937+0000] {processor.py:914} INFO - Processing file /home/airflow/.local/lib/python3.12/site-packages/airflow/example_dags/example_setup_teardown.py for tasks to queue
[2024-12-01T05:16:56.937+0000] {logging_mixin.py:190} INFO - [2024-12-01T05:16:56.937+0000] {dagbag.py:588} INFO - Filling up the DagBag from /home/airflow/.local/lib/python3.12/site-packages/airflow/example_dags/example_setup_teardown.py
[2024-12-01T05:16:56.941+0000] {processor.py:925} INFO - DAG(s) 'example_setup_teardown' retrieved from /home/airflow/.local/lib/python3.12/site-packages/airflow/example_dags/example_setup_teardown.py
[2024-12-01T05:16:56.949+0000] {logging_mixin.py:190} INFO - [2024-12-01T05:16:56.949+0000] {dag.py:3239} INFO - Sync 1 DAGs
[2024-12-01T05:16:56.954+0000] {logging_mixin.py:190} INFO - [2024-12-01T05:16:56.954+0000] {dag.py:4180} INFO - Setting next_dagrun for example_setup_teardown to None, run_after=None
[2024-12-01T05:16:56.961+0000] {processor.py:208} INFO - Processing /home/airflow/.local/lib/python3.12/site-packages/airflow/example_dags/example_setup_teardown.py took 0.027 seconds
[2024-12-01T05:17:27.477+0000] {processor.py:186} INFO - Started process (PID=9357) to work on /home/airflow/.local/lib/python3.12/site-packages/airflow/example_dags/example_setup_teardown.py
[2024-12-01T05:17:27.478+0000] {processor.py:914} INFO - Processing file /home/airflow/.local/lib/python3.12/site-packages/airflow/example_dags/example_setup_teardown.py for tasks to queue
[2024-12-01T05:17:27.478+0000] {logging_mixin.py:190} INFO - [2024-12-01T05:17:27.478+0000] {dagbag.py:588} INFO - Filling up the DagBag from /home/airflow/.local/lib/python3.12/site-packages/airflow/example_dags/example_setup_teardown.py
[2024-12-01T05:17:27.482+0000] {processor.py:925} INFO - DAG(s) 'example_setup_teardown' retrieved from /home/airflow/.local/lib/python3.12/site-packages/airflow/example_dags/example_setup_teardown.py
[2024-12-01T05:17:27.491+0000] {logging_mixin.py:190} INFO - [2024-12-01T05:17:27.491+0000] {dag.py:3239} INFO - Sync 1 DAGs
[2024-12-01T05:17:27.498+0000] {logging_mixin.py:190} INFO - [2024-12-01T05:17:27.498+0000] {dag.py:4180} INFO - Setting next_dagrun for example_setup_teardown to None, run_after=None
[2024-12-01T05:17:27.509+0000] {processor.py:208} INFO - Processing /home/airflow/.local/lib/python3.12/site-packages/airflow/example_dags/example_setup_teardown.py took 0.034 seconds
[2024-12-01T05:17:57.992+0000] {processor.py:186} INFO - Started process (PID=9721) to work on /home/airflow/.local/lib/python3.12/site-packages/airflow/example_dags/example_setup_teardown.py
[2024-12-01T05:17:57.993+0000] {processor.py:914} INFO - Processing file /home/airflow/.local/lib/python3.12/site-packages/airflow/example_dags/example_setup_teardown.py for tasks to queue
[2024-12-01T05:17:57.993+0000] {logging_mixin.py:190} INFO - [2024-12-01T05:17:57.993+0000] {dagbag.py:588} INFO - Filling up the DagBag from /home/airflow/.local/lib/python3.12/site-packages/airflow/example_dags/example_setup_teardown.py
[2024-12-01T05:17:57.997+0000] {processor.py:925} INFO - DAG(s) 'example_setup_teardown' retrieved from /home/airflow/.local/lib/python3.12/site-packages/airflow/example_dags/example_setup_teardown.py
[2024-12-01T05:17:58.006+0000] {logging_mixin.py:190} INFO - [2024-12-01T05:17:58.006+0000] {dag.py:3239} INFO - Sync 1 DAGs
[2024-12-01T05:17:58.012+0000] {logging_mixin.py:190} INFO - [2024-12-01T05:17:58.012+0000] {dag.py:4180} INFO - Setting next_dagrun for example_setup_teardown to None, run_after=None
[2024-12-01T05:17:58.020+0000] {processor.py:208} INFO - Processing /home/airflow/.local/lib/python3.12/site-packages/airflow/example_dags/example_setup_teardown.py took 0.030 seconds
[2024-12-01T05:18:28.699+0000] {processor.py:186} INFO - Started process (PID=10087) to work on /home/airflow/.local/lib/python3.12/site-packages/airflow/example_dags/example_setup_teardown.py
[2024-12-01T05:18:28.699+0000] {processor.py:914} INFO - Processing file /home/airflow/.local/lib/python3.12/site-packages/airflow/example_dags/example_setup_teardown.py for tasks to queue
[2024-12-01T05:18:28.700+0000] {logging_mixin.py:190} INFO - [2024-12-01T05:18:28.700+0000] {dagbag.py:588} INFO - Filling up the DagBag from /home/airflow/.local/lib/python3.12/site-packages/airflow/example_dags/example_setup_teardown.py
[2024-12-01T05:18:28.703+0000] {processor.py:925} INFO - DAG(s) 'example_setup_teardown' retrieved from /home/airflow/.local/lib/python3.12/site-packages/airflow/example_dags/example_setup_teardown.py
[2024-12-01T05:18:28.712+0000] {logging_mixin.py:190} INFO - [2024-12-01T05:18:28.712+0000] {dag.py:3239} INFO - Sync 1 DAGs
[2024-12-01T05:18:28.718+0000] {logging_mixin.py:190} INFO - [2024-12-01T05:18:28.718+0000] {dag.py:4180} INFO - Setting next_dagrun for example_setup_teardown to None, run_after=None
[2024-12-01T05:18:28.724+0000] {processor.py:208} INFO - Processing /home/airflow/.local/lib/python3.12/site-packages/airflow/example_dags/example_setup_teardown.py took 0.027 seconds
[2024-12-01T05:18:59.595+0000] {processor.py:186} INFO - Started process (PID=10468) to work on /home/airflow/.local/lib/python3.12/site-packages/airflow/example_dags/example_setup_teardown.py
[2024-12-01T05:18:59.595+0000] {processor.py:914} INFO - Processing file /home/airflow/.local/lib/python3.12/site-packages/airflow/example_dags/example_setup_teardown.py for tasks to queue
[2024-12-01T05:18:59.596+0000] {logging_mixin.py:190} INFO - [2024-12-01T05:18:59.595+0000] {dagbag.py:588} INFO - Filling up the DagBag from /home/airflow/.local/lib/python3.12/site-packages/airflow/example_dags/example_setup_teardown.py
[2024-12-01T05:18:59.600+0000] {processor.py:925} INFO - DAG(s) 'example_setup_teardown' retrieved from /home/airflow/.local/lib/python3.12/site-packages/airflow/example_dags/example_setup_teardown.py
[2024-12-01T05:18:59.608+0000] {logging_mixin.py:190} INFO - [2024-12-01T05:18:59.608+0000] {dag.py:3239} INFO - Sync 1 DAGs
[2024-12-01T05:18:59.614+0000] {logging_mixin.py:190} INFO - [2024-12-01T05:18:59.614+0000] {dag.py:4180} INFO - Setting next_dagrun for example_setup_teardown to None, run_after=None
[2024-12-01T05:18:59.620+0000] {processor.py:208} INFO - Processing /home/airflow/.local/lib/python3.12/site-packages/airflow/example_dags/example_setup_teardown.py took 0.028 seconds
[2024-12-01T05:19:30.410+0000] {processor.py:186} INFO - Started process (PID=10834) to work on /home/airflow/.local/lib/python3.12/site-packages/airflow/example_dags/example_setup_teardown.py
[2024-12-01T05:19:30.411+0000] {processor.py:914} INFO - Processing file /home/airflow/.local/lib/python3.12/site-packages/airflow/example_dags/example_setup_teardown.py for tasks to queue
[2024-12-01T05:19:30.412+0000] {logging_mixin.py:190} INFO - [2024-12-01T05:19:30.412+0000] {dagbag.py:588} INFO - Filling up the DagBag from /home/airflow/.local/lib/python3.12/site-packages/airflow/example_dags/example_setup_teardown.py
[2024-12-01T05:19:30.416+0000] {processor.py:925} INFO - DAG(s) 'example_setup_teardown' retrieved from /home/airflow/.local/lib/python3.12/site-packages/airflow/example_dags/example_setup_teardown.py
[2024-12-01T05:19:30.424+0000] {logging_mixin.py:190} INFO - [2024-12-01T05:19:30.424+0000] {dag.py:3239} INFO - Sync 1 DAGs
[2024-12-01T05:19:30.430+0000] {logging_mixin.py:190} INFO - [2024-12-01T05:19:30.430+0000] {dag.py:4180} INFO - Setting next_dagrun for example_setup_teardown to None, run_after=None
[2024-12-01T05:19:30.436+0000] {processor.py:208} INFO - Processing /home/airflow/.local/lib/python3.12/site-packages/airflow/example_dags/example_setup_teardown.py took 0.029 seconds
[2024-12-01T05:20:01.270+0000] {processor.py:186} INFO - Started process (PID=11202) to work on /home/airflow/.local/lib/python3.12/site-packages/airflow/example_dags/example_setup_teardown.py
[2024-12-01T05:20:01.270+0000] {processor.py:914} INFO - Processing file /home/airflow/.local/lib/python3.12/site-packages/airflow/example_dags/example_setup_teardown.py for tasks to queue
[2024-12-01T05:20:01.271+0000] {logging_mixin.py:190} INFO - [2024-12-01T05:20:01.271+0000] {dagbag.py:588} INFO - Filling up the DagBag from /home/airflow/.local/lib/python3.12/site-packages/airflow/example_dags/example_setup_teardown.py
[2024-12-01T05:20:01.274+0000] {processor.py:925} INFO - DAG(s) 'example_setup_teardown' retrieved from /home/airflow/.local/lib/python3.12/site-packages/airflow/example_dags/example_setup_teardown.py
[2024-12-01T05:20:01.284+0000] {logging_mixin.py:190} INFO - [2024-12-01T05:20:01.284+0000] {dag.py:3239} INFO - Sync 1 DAGs
[2024-12-01T05:20:01.289+0000] {logging_mixin.py:190} INFO - [2024-12-01T05:20:01.289+0000] {dag.py:4180} INFO - Setting next_dagrun for example_setup_teardown to None, run_after=None
[2024-12-01T05:20:01.296+0000] {processor.py:208} INFO - Processing /home/airflow/.local/lib/python3.12/site-packages/airflow/example_dags/example_setup_teardown.py took 0.029 seconds
[2024-12-01T05:20:32.085+0000] {processor.py:186} INFO - Started process (PID=11586) to work on /home/airflow/.local/lib/python3.12/site-packages/airflow/example_dags/example_setup_teardown.py
[2024-12-01T05:20:32.086+0000] {processor.py:914} INFO - Processing file /home/airflow/.local/lib/python3.12/site-packages/airflow/example_dags/example_setup_teardown.py for tasks to queue
[2024-12-01T05:20:32.087+0000] {logging_mixin.py:190} INFO - [2024-12-01T05:20:32.087+0000] {dagbag.py:588} INFO - Filling up the DagBag from /home/airflow/.local/lib/python3.12/site-packages/airflow/example_dags/example_setup_teardown.py
[2024-12-01T05:20:32.091+0000] {processor.py:925} INFO - DAG(s) 'example_setup_teardown' retrieved from /home/airflow/.local/lib/python3.12/site-packages/airflow/example_dags/example_setup_teardown.py
[2024-12-01T05:20:32.101+0000] {logging_mixin.py:190} INFO - [2024-12-01T05:20:32.101+0000] {dag.py:3239} INFO - Sync 1 DAGs
[2024-12-01T05:20:32.106+0000] {logging_mixin.py:190} INFO - [2024-12-01T05:20:32.106+0000] {dag.py:4180} INFO - Setting next_dagrun for example_setup_teardown to None, run_after=None
[2024-12-01T05:20:32.113+0000] {processor.py:208} INFO - Processing /home/airflow/.local/lib/python3.12/site-packages/airflow/example_dags/example_setup_teardown.py took 0.030 seconds
[2024-12-01T05:21:02.872+0000] {processor.py:186} INFO - Started process (PID=11960) to work on /home/airflow/.local/lib/python3.12/site-packages/airflow/example_dags/example_setup_teardown.py
[2024-12-01T05:21:02.872+0000] {processor.py:914} INFO - Processing file /home/airflow/.local/lib/python3.12/site-packages/airflow/example_dags/example_setup_teardown.py for tasks to queue
[2024-12-01T05:21:02.873+0000] {logging_mixin.py:190} INFO - [2024-12-01T05:21:02.873+0000] {dagbag.py:588} INFO - Filling up the DagBag from /home/airflow/.local/lib/python3.12/site-packages/airflow/example_dags/example_setup_teardown.py
[2024-12-01T05:21:02.876+0000] {processor.py:925} INFO - DAG(s) 'example_setup_teardown' retrieved from /home/airflow/.local/lib/python3.12/site-packages/airflow/example_dags/example_setup_teardown.py
[2024-12-01T05:21:02.884+0000] {logging_mixin.py:190} INFO - [2024-12-01T05:21:02.884+0000] {dag.py:3239} INFO - Sync 1 DAGs
[2024-12-01T05:21:02.891+0000] {logging_mixin.py:190} INFO - [2024-12-01T05:21:02.891+0000] {dag.py:4180} INFO - Setting next_dagrun for example_setup_teardown to None, run_after=None
[2024-12-01T05:21:02.898+0000] {processor.py:208} INFO - Processing /home/airflow/.local/lib/python3.12/site-packages/airflow/example_dags/example_setup_teardown.py took 0.028 seconds
[2024-12-01T05:21:33.693+0000] {processor.py:186} INFO - Started process (PID=12329) to work on /home/airflow/.local/lib/python3.12/site-packages/airflow/example_dags/example_setup_teardown.py
[2024-12-01T05:21:33.694+0000] {processor.py:914} INFO - Processing file /home/airflow/.local/lib/python3.12/site-packages/airflow/example_dags/example_setup_teardown.py for tasks to queue
[2024-12-01T05:21:33.695+0000] {logging_mixin.py:190} INFO - [2024-12-01T05:21:33.695+0000] {dagbag.py:588} INFO - Filling up the DagBag from /home/airflow/.local/lib/python3.12/site-packages/airflow/example_dags/example_setup_teardown.py
[2024-12-01T05:21:33.701+0000] {processor.py:925} INFO - DAG(s) 'example_setup_teardown' retrieved from /home/airflow/.local/lib/python3.12/site-packages/airflow/example_dags/example_setup_teardown.py
[2024-12-01T05:21:33.715+0000] {logging_mixin.py:190} INFO - [2024-12-01T05:21:33.715+0000] {dag.py:3239} INFO - Sync 1 DAGs
[2024-12-01T05:21:33.722+0000] {logging_mixin.py:190} INFO - [2024-12-01T05:21:33.722+0000] {dag.py:4180} INFO - Setting next_dagrun for example_setup_teardown to None, run_after=None
[2024-12-01T05:21:33.735+0000] {processor.py:208} INFO - Processing /home/airflow/.local/lib/python3.12/site-packages/airflow/example_dags/example_setup_teardown.py took 0.045 seconds
[2024-12-01T05:22:04.613+0000] {processor.py:186} INFO - Started process (PID=12695) to work on /home/airflow/.local/lib/python3.12/site-packages/airflow/example_dags/example_setup_teardown.py
[2024-12-01T05:22:04.614+0000] {processor.py:914} INFO - Processing file /home/airflow/.local/lib/python3.12/site-packages/airflow/example_dags/example_setup_teardown.py for tasks to queue
[2024-12-01T05:22:04.615+0000] {logging_mixin.py:190} INFO - [2024-12-01T05:22:04.615+0000] {dagbag.py:588} INFO - Filling up the DagBag from /home/airflow/.local/lib/python3.12/site-packages/airflow/example_dags/example_setup_teardown.py
[2024-12-01T05:22:04.618+0000] {processor.py:925} INFO - DAG(s) 'example_setup_teardown' retrieved from /home/airflow/.local/lib/python3.12/site-packages/airflow/example_dags/example_setup_teardown.py
[2024-12-01T05:22:04.630+0000] {logging_mixin.py:190} INFO - [2024-12-01T05:22:04.629+0000] {dag.py:3239} INFO - Sync 1 DAGs
[2024-12-01T05:22:04.637+0000] {logging_mixin.py:190} INFO - [2024-12-01T05:22:04.637+0000] {dag.py:4180} INFO - Setting next_dagrun for example_setup_teardown to None, run_after=None
[2024-12-01T05:22:04.643+0000] {processor.py:208} INFO - Processing /home/airflow/.local/lib/python3.12/site-packages/airflow/example_dags/example_setup_teardown.py took 0.032 seconds
[2024-12-01T05:22:35.905+0000] {processor.py:186} INFO - Started process (PID=13061) to work on /home/airflow/.local/lib/python3.12/site-packages/airflow/example_dags/example_setup_teardown.py
[2024-12-01T05:22:35.907+0000] {processor.py:914} INFO - Processing file /home/airflow/.local/lib/python3.12/site-packages/airflow/example_dags/example_setup_teardown.py for tasks to queue
[2024-12-01T05:22:35.909+0000] {logging_mixin.py:190} INFO - [2024-12-01T05:22:35.909+0000] {dagbag.py:588} INFO - Filling up the DagBag from /home/airflow/.local/lib/python3.12/site-packages/airflow/example_dags/example_setup_teardown.py
[2024-12-01T05:22:35.913+0000] {processor.py:925} INFO - DAG(s) 'example_setup_teardown' retrieved from /home/airflow/.local/lib/python3.12/site-packages/airflow/example_dags/example_setup_teardown.py
[2024-12-01T05:22:35.923+0000] {logging_mixin.py:190} INFO - [2024-12-01T05:22:35.923+0000] {dag.py:3239} INFO - Sync 1 DAGs
[2024-12-01T05:22:35.929+0000] {logging_mixin.py:190} INFO - [2024-12-01T05:22:35.929+0000] {dag.py:4180} INFO - Setting next_dagrun for example_setup_teardown to None, run_after=None
[2024-12-01T05:22:35.935+0000] {processor.py:208} INFO - Processing /home/airflow/.local/lib/python3.12/site-packages/airflow/example_dags/example_setup_teardown.py took 0.034 seconds
[2024-12-01T05:23:07.086+0000] {processor.py:186} INFO - Started process (PID=13432) to work on /home/airflow/.local/lib/python3.12/site-packages/airflow/example_dags/example_setup_teardown.py
[2024-12-01T05:23:07.086+0000] {processor.py:914} INFO - Processing file /home/airflow/.local/lib/python3.12/site-packages/airflow/example_dags/example_setup_teardown.py for tasks to queue
[2024-12-01T05:23:07.087+0000] {logging_mixin.py:190} INFO - [2024-12-01T05:23:07.087+0000] {dagbag.py:588} INFO - Filling up the DagBag from /home/airflow/.local/lib/python3.12/site-packages/airflow/example_dags/example_setup_teardown.py
[2024-12-01T05:23:07.091+0000] {processor.py:925} INFO - DAG(s) 'example_setup_teardown' retrieved from /home/airflow/.local/lib/python3.12/site-packages/airflow/example_dags/example_setup_teardown.py
[2024-12-01T05:23:07.100+0000] {logging_mixin.py:190} INFO - [2024-12-01T05:23:07.100+0000] {dag.py:3239} INFO - Sync 1 DAGs
[2024-12-01T05:23:07.107+0000] {logging_mixin.py:190} INFO - [2024-12-01T05:23:07.107+0000] {dag.py:4180} INFO - Setting next_dagrun for example_setup_teardown to None, run_after=None
[2024-12-01T05:23:07.115+0000] {processor.py:208} INFO - Processing /home/airflow/.local/lib/python3.12/site-packages/airflow/example_dags/example_setup_teardown.py took 0.032 seconds
[2024-12-01T05:23:37.730+0000] {processor.py:186} INFO - Started process (PID=13798) to work on /home/airflow/.local/lib/python3.12/site-packages/airflow/example_dags/example_setup_teardown.py
[2024-12-01T05:23:37.731+0000] {processor.py:914} INFO - Processing file /home/airflow/.local/lib/python3.12/site-packages/airflow/example_dags/example_setup_teardown.py for tasks to queue
[2024-12-01T05:23:37.732+0000] {logging_mixin.py:190} INFO - [2024-12-01T05:23:37.732+0000] {dagbag.py:588} INFO - Filling up the DagBag from /home/airflow/.local/lib/python3.12/site-packages/airflow/example_dags/example_setup_teardown.py
[2024-12-01T05:23:37.736+0000] {processor.py:925} INFO - DAG(s) 'example_setup_teardown' retrieved from /home/airflow/.local/lib/python3.12/site-packages/airflow/example_dags/example_setup_teardown.py
[2024-12-01T05:23:37.745+0000] {logging_mixin.py:190} INFO - [2024-12-01T05:23:37.745+0000] {dag.py:3239} INFO - Sync 1 DAGs
[2024-12-01T05:23:37.750+0000] {logging_mixin.py:190} INFO - [2024-12-01T05:23:37.750+0000] {dag.py:4180} INFO - Setting next_dagrun for example_setup_teardown to None, run_after=None
[2024-12-01T05:23:37.761+0000] {processor.py:208} INFO - Processing /home/airflow/.local/lib/python3.12/site-packages/airflow/example_dags/example_setup_teardown.py took 0.034 seconds
[2024-12-01T05:24:08.499+0000] {processor.py:186} INFO - Started process (PID=14171) to work on /home/airflow/.local/lib/python3.12/site-packages/airflow/example_dags/example_setup_teardown.py
[2024-12-01T05:24:08.499+0000] {processor.py:914} INFO - Processing file /home/airflow/.local/lib/python3.12/site-packages/airflow/example_dags/example_setup_teardown.py for tasks to queue
[2024-12-01T05:24:08.500+0000] {logging_mixin.py:190} INFO - [2024-12-01T05:24:08.500+0000] {dagbag.py:588} INFO - Filling up the DagBag from /home/airflow/.local/lib/python3.12/site-packages/airflow/example_dags/example_setup_teardown.py
[2024-12-01T05:24:08.503+0000] {processor.py:925} INFO - DAG(s) 'example_setup_teardown' retrieved from /home/airflow/.local/lib/python3.12/site-packages/airflow/example_dags/example_setup_teardown.py
[2024-12-01T05:24:08.512+0000] {logging_mixin.py:190} INFO - [2024-12-01T05:24:08.512+0000] {dag.py:3239} INFO - Sync 1 DAGs
[2024-12-01T05:24:08.518+0000] {logging_mixin.py:190} INFO - [2024-12-01T05:24:08.518+0000] {dag.py:4180} INFO - Setting next_dagrun for example_setup_teardown to None, run_after=None
[2024-12-01T05:24:08.526+0000] {processor.py:208} INFO - Processing /home/airflow/.local/lib/python3.12/site-packages/airflow/example_dags/example_setup_teardown.py took 0.029 seconds
[2024-12-01T05:24:39.662+0000] {processor.py:186} INFO - Started process (PID=14535) to work on /home/airflow/.local/lib/python3.12/site-packages/airflow/example_dags/example_setup_teardown.py
[2024-12-01T05:24:39.663+0000] {processor.py:914} INFO - Processing file /home/airflow/.local/lib/python3.12/site-packages/airflow/example_dags/example_setup_teardown.py for tasks to queue
[2024-12-01T05:24:39.663+0000] {logging_mixin.py:190} INFO - [2024-12-01T05:24:39.663+0000] {dagbag.py:588} INFO - Filling up the DagBag from /home/airflow/.local/lib/python3.12/site-packages/airflow/example_dags/example_setup_teardown.py
[2024-12-01T05:24:39.667+0000] {processor.py:925} INFO - DAG(s) 'example_setup_teardown' retrieved from /home/airflow/.local/lib/python3.12/site-packages/airflow/example_dags/example_setup_teardown.py
[2024-12-01T05:24:39.676+0000] {logging_mixin.py:190} INFO - [2024-12-01T05:24:39.676+0000] {dag.py:3239} INFO - Sync 1 DAGs
[2024-12-01T05:24:39.681+0000] {logging_mixin.py:190} INFO - [2024-12-01T05:24:39.681+0000] {dag.py:4180} INFO - Setting next_dagrun for example_setup_teardown to None, run_after=None
[2024-12-01T05:24:39.688+0000] {processor.py:208} INFO - Processing /home/airflow/.local/lib/python3.12/site-packages/airflow/example_dags/example_setup_teardown.py took 0.028 seconds
[2024-12-01T05:25:09.973+0000] {processor.py:186} INFO - Started process (PID=14916) to work on /home/airflow/.local/lib/python3.12/site-packages/airflow/example_dags/example_setup_teardown.py
[2024-12-01T05:25:09.973+0000] {processor.py:914} INFO - Processing file /home/airflow/.local/lib/python3.12/site-packages/airflow/example_dags/example_setup_teardown.py for tasks to queue
[2024-12-01T05:25:09.974+0000] {logging_mixin.py:190} INFO - [2024-12-01T05:25:09.974+0000] {dagbag.py:588} INFO - Filling up the DagBag from /home/airflow/.local/lib/python3.12/site-packages/airflow/example_dags/example_setup_teardown.py
[2024-12-01T05:25:09.978+0000] {processor.py:925} INFO - DAG(s) 'example_setup_teardown' retrieved from /home/airflow/.local/lib/python3.12/site-packages/airflow/example_dags/example_setup_teardown.py
[2024-12-01T05:25:09.986+0000] {logging_mixin.py:190} INFO - [2024-12-01T05:25:09.986+0000] {dag.py:3239} INFO - Sync 1 DAGs
[2024-12-01T05:25:09.992+0000] {logging_mixin.py:190} INFO - [2024-12-01T05:25:09.992+0000] {dag.py:4180} INFO - Setting next_dagrun for example_setup_teardown to None, run_after=None
[2024-12-01T05:25:10.000+0000] {processor.py:208} INFO - Processing /home/airflow/.local/lib/python3.12/site-packages/airflow/example_dags/example_setup_teardown.py took 0.029 seconds
[2024-12-01T05:25:40.405+0000] {processor.py:186} INFO - Started process (PID=15287) to work on /home/airflow/.local/lib/python3.12/site-packages/airflow/example_dags/example_setup_teardown.py
[2024-12-01T05:25:40.405+0000] {processor.py:914} INFO - Processing file /home/airflow/.local/lib/python3.12/site-packages/airflow/example_dags/example_setup_teardown.py for tasks to queue
[2024-12-01T05:25:40.405+0000] {logging_mixin.py:190} INFO - [2024-12-01T05:25:40.405+0000] {dagbag.py:588} INFO - Filling up the DagBag from /home/airflow/.local/lib/python3.12/site-packages/airflow/example_dags/example_setup_teardown.py
[2024-12-01T05:25:40.502+0000] {processor.py:925} INFO - DAG(s) 'example_setup_teardown' retrieved from /home/airflow/.local/lib/python3.12/site-packages/airflow/example_dags/example_setup_teardown.py
[2024-12-01T05:25:40.510+0000] {logging_mixin.py:190} INFO - [2024-12-01T05:25:40.510+0000] {dag.py:3239} INFO - Sync 1 DAGs
[2024-12-01T05:25:40.514+0000] {logging_mixin.py:190} INFO - [2024-12-01T05:25:40.514+0000] {dag.py:4180} INFO - Setting next_dagrun for example_setup_teardown to None, run_after=None
[2024-12-01T05:25:40.521+0000] {processor.py:208} INFO - Processing /home/airflow/.local/lib/python3.12/site-packages/airflow/example_dags/example_setup_teardown.py took 0.119 seconds
[2024-12-01T05:26:10.981+0000] {processor.py:186} INFO - Started process (PID=15658) to work on /home/airflow/.local/lib/python3.12/site-packages/airflow/example_dags/example_setup_teardown.py
[2024-12-01T05:26:10.982+0000] {processor.py:914} INFO - Processing file /home/airflow/.local/lib/python3.12/site-packages/airflow/example_dags/example_setup_teardown.py for tasks to queue
[2024-12-01T05:26:10.982+0000] {logging_mixin.py:190} INFO - [2024-12-01T05:26:10.982+0000] {dagbag.py:588} INFO - Filling up the DagBag from /home/airflow/.local/lib/python3.12/site-packages/airflow/example_dags/example_setup_teardown.py
[2024-12-01T05:26:10.988+0000] {processor.py:925} INFO - DAG(s) 'example_setup_teardown' retrieved from /home/airflow/.local/lib/python3.12/site-packages/airflow/example_dags/example_setup_teardown.py
[2024-12-01T05:26:10.998+0000] {logging_mixin.py:190} INFO - [2024-12-01T05:26:10.998+0000] {dag.py:3239} INFO - Sync 1 DAGs
[2024-12-01T05:26:11.003+0000] {logging_mixin.py:190} INFO - [2024-12-01T05:26:11.003+0000] {dag.py:4180} INFO - Setting next_dagrun for example_setup_teardown to None, run_after=None
[2024-12-01T05:26:11.011+0000] {processor.py:208} INFO - Processing /home/airflow/.local/lib/python3.12/site-packages/airflow/example_dags/example_setup_teardown.py took 0.032 seconds
[2024-12-01T05:26:41.360+0000] {processor.py:186} INFO - Started process (PID=16028) to work on /home/airflow/.local/lib/python3.12/site-packages/airflow/example_dags/example_setup_teardown.py
[2024-12-01T05:26:41.361+0000] {processor.py:914} INFO - Processing file /home/airflow/.local/lib/python3.12/site-packages/airflow/example_dags/example_setup_teardown.py for tasks to queue
[2024-12-01T05:26:41.361+0000] {logging_mixin.py:190} INFO - [2024-12-01T05:26:41.361+0000] {dagbag.py:588} INFO - Filling up the DagBag from /home/airflow/.local/lib/python3.12/site-packages/airflow/example_dags/example_setup_teardown.py
[2024-12-01T05:26:41.365+0000] {processor.py:925} INFO - DAG(s) 'example_setup_teardown' retrieved from /home/airflow/.local/lib/python3.12/site-packages/airflow/example_dags/example_setup_teardown.py
[2024-12-01T05:26:41.373+0000] {logging_mixin.py:190} INFO - [2024-12-01T05:26:41.373+0000] {dag.py:3239} INFO - Sync 1 DAGs
[2024-12-01T05:26:41.381+0000] {logging_mixin.py:190} INFO - [2024-12-01T05:26:41.381+0000] {dag.py:4180} INFO - Setting next_dagrun for example_setup_teardown to None, run_after=None
[2024-12-01T05:26:41.387+0000] {processor.py:208} INFO - Processing /home/airflow/.local/lib/python3.12/site-packages/airflow/example_dags/example_setup_teardown.py took 0.029 seconds
[2024-12-01T05:27:11.846+0000] {processor.py:186} INFO - Started process (PID=16404) to work on /home/airflow/.local/lib/python3.12/site-packages/airflow/example_dags/example_setup_teardown.py
[2024-12-01T05:27:11.847+0000] {processor.py:914} INFO - Processing file /home/airflow/.local/lib/python3.12/site-packages/airflow/example_dags/example_setup_teardown.py for tasks to queue
[2024-12-01T05:27:11.847+0000] {logging_mixin.py:190} INFO - [2024-12-01T05:27:11.847+0000] {dagbag.py:588} INFO - Filling up the DagBag from /home/airflow/.local/lib/python3.12/site-packages/airflow/example_dags/example_setup_teardown.py
[2024-12-01T05:27:11.852+0000] {processor.py:925} INFO - DAG(s) 'example_setup_teardown' retrieved from /home/airflow/.local/lib/python3.12/site-packages/airflow/example_dags/example_setup_teardown.py
[2024-12-01T05:27:11.863+0000] {logging_mixin.py:190} INFO - [2024-12-01T05:27:11.863+0000] {dag.py:3239} INFO - Sync 1 DAGs
[2024-12-01T05:27:11.873+0000] {logging_mixin.py:190} INFO - [2024-12-01T05:27:11.873+0000] {dag.py:4180} INFO - Setting next_dagrun for example_setup_teardown to None, run_after=None
[2024-12-01T05:27:11.882+0000] {processor.py:208} INFO - Processing /home/airflow/.local/lib/python3.12/site-packages/airflow/example_dags/example_setup_teardown.py took 0.038 seconds
[2024-12-01T05:27:42.523+0000] {processor.py:186} INFO - Started process (PID=16807) to work on /home/airflow/.local/lib/python3.12/site-packages/airflow/example_dags/example_setup_teardown.py
[2024-12-01T05:27:42.524+0000] {processor.py:914} INFO - Processing file /home/airflow/.local/lib/python3.12/site-packages/airflow/example_dags/example_setup_teardown.py for tasks to queue
[2024-12-01T05:27:42.526+0000] {logging_mixin.py:190} INFO - [2024-12-01T05:27:42.525+0000] {dagbag.py:588} INFO - Filling up the DagBag from /home/airflow/.local/lib/python3.12/site-packages/airflow/example_dags/example_setup_teardown.py
[2024-12-01T05:27:42.535+0000] {processor.py:925} INFO - DAG(s) 'example_setup_teardown' retrieved from /home/airflow/.local/lib/python3.12/site-packages/airflow/example_dags/example_setup_teardown.py
[2024-12-01T05:27:42.560+0000] {logging_mixin.py:190} INFO - [2024-12-01T05:27:42.559+0000] {dag.py:3239} INFO - Sync 1 DAGs
[2024-12-01T05:27:42.572+0000] {logging_mixin.py:190} INFO - [2024-12-01T05:27:42.571+0000] {dag.py:4180} INFO - Setting next_dagrun for example_setup_teardown to None, run_after=None
[2024-12-01T05:27:42.589+0000] {processor.py:208} INFO - Processing /home/airflow/.local/lib/python3.12/site-packages/airflow/example_dags/example_setup_teardown.py took 0.069 seconds
[2024-12-01T05:28:13.235+0000] {processor.py:186} INFO - Started process (PID=17194) to work on /home/airflow/.local/lib/python3.12/site-packages/airflow/example_dags/example_setup_teardown.py
[2024-12-01T05:28:13.235+0000] {processor.py:914} INFO - Processing file /home/airflow/.local/lib/python3.12/site-packages/airflow/example_dags/example_setup_teardown.py for tasks to queue
[2024-12-01T05:28:13.236+0000] {logging_mixin.py:190} INFO - [2024-12-01T05:28:13.236+0000] {dagbag.py:588} INFO - Filling up the DagBag from /home/airflow/.local/lib/python3.12/site-packages/airflow/example_dags/example_setup_teardown.py
[2024-12-01T05:28:13.241+0000] {processor.py:925} INFO - DAG(s) 'example_setup_teardown' retrieved from /home/airflow/.local/lib/python3.12/site-packages/airflow/example_dags/example_setup_teardown.py
[2024-12-01T05:28:13.254+0000] {logging_mixin.py:190} INFO - [2024-12-01T05:28:13.253+0000] {dag.py:3239} INFO - Sync 1 DAGs
[2024-12-01T05:28:13.263+0000] {logging_mixin.py:190} INFO - [2024-12-01T05:28:13.263+0000] {dag.py:4180} INFO - Setting next_dagrun for example_setup_teardown to None, run_after=None
[2024-12-01T05:28:13.274+0000] {processor.py:208} INFO - Processing /home/airflow/.local/lib/python3.12/site-packages/airflow/example_dags/example_setup_teardown.py took 0.044 seconds
[2024-12-01T05:28:44.027+0000] {processor.py:186} INFO - Started process (PID=17575) to work on /home/airflow/.local/lib/python3.12/site-packages/airflow/example_dags/example_setup_teardown.py
[2024-12-01T05:28:44.027+0000] {processor.py:914} INFO - Processing file /home/airflow/.local/lib/python3.12/site-packages/airflow/example_dags/example_setup_teardown.py for tasks to queue
[2024-12-01T05:28:44.028+0000] {logging_mixin.py:190} INFO - [2024-12-01T05:28:44.028+0000] {dagbag.py:588} INFO - Filling up the DagBag from /home/airflow/.local/lib/python3.12/site-packages/airflow/example_dags/example_setup_teardown.py
[2024-12-01T05:28:44.032+0000] {processor.py:925} INFO - DAG(s) 'example_setup_teardown' retrieved from /home/airflow/.local/lib/python3.12/site-packages/airflow/example_dags/example_setup_teardown.py
[2024-12-01T05:28:44.042+0000] {logging_mixin.py:190} INFO - [2024-12-01T05:28:44.042+0000] {dag.py:3239} INFO - Sync 1 DAGs
[2024-12-01T05:28:44.047+0000] {logging_mixin.py:190} INFO - [2024-12-01T05:28:44.047+0000] {dag.py:4180} INFO - Setting next_dagrun for example_setup_teardown to None, run_after=None
[2024-12-01T05:28:44.056+0000] {processor.py:208} INFO - Processing /home/airflow/.local/lib/python3.12/site-packages/airflow/example_dags/example_setup_teardown.py took 0.032 seconds
[2024-12-01T05:29:14.505+0000] {processor.py:186} INFO - Started process (PID=17953) to work on /home/airflow/.local/lib/python3.12/site-packages/airflow/example_dags/example_setup_teardown.py
[2024-12-01T05:29:14.505+0000] {processor.py:914} INFO - Processing file /home/airflow/.local/lib/python3.12/site-packages/airflow/example_dags/example_setup_teardown.py for tasks to queue
[2024-12-01T05:29:14.505+0000] {logging_mixin.py:190} INFO - [2024-12-01T05:29:14.505+0000] {dagbag.py:588} INFO - Filling up the DagBag from /home/airflow/.local/lib/python3.12/site-packages/airflow/example_dags/example_setup_teardown.py
[2024-12-01T05:29:14.513+0000] {processor.py:925} INFO - DAG(s) 'example_setup_teardown' retrieved from /home/airflow/.local/lib/python3.12/site-packages/airflow/example_dags/example_setup_teardown.py
[2024-12-01T05:29:14.522+0000] {logging_mixin.py:190} INFO - [2024-12-01T05:29:14.522+0000] {dag.py:3239} INFO - Sync 1 DAGs
[2024-12-01T05:29:14.531+0000] {logging_mixin.py:190} INFO - [2024-12-01T05:29:14.531+0000] {dag.py:4180} INFO - Setting next_dagrun for example_setup_teardown to None, run_after=None
[2024-12-01T05:29:14.540+0000] {processor.py:208} INFO - Processing /home/airflow/.local/lib/python3.12/site-packages/airflow/example_dags/example_setup_teardown.py took 0.038 seconds
[2024-12-01T05:29:45.086+0000] {processor.py:186} INFO - Started process (PID=18319) to work on /home/airflow/.local/lib/python3.12/site-packages/airflow/example_dags/example_setup_teardown.py
[2024-12-01T05:29:45.088+0000] {processor.py:914} INFO - Processing file /home/airflow/.local/lib/python3.12/site-packages/airflow/example_dags/example_setup_teardown.py for tasks to queue
[2024-12-01T05:29:45.089+0000] {logging_mixin.py:190} INFO - [2024-12-01T05:29:45.089+0000] {dagbag.py:588} INFO - Filling up the DagBag from /home/airflow/.local/lib/python3.12/site-packages/airflow/example_dags/example_setup_teardown.py
[2024-12-01T05:29:45.093+0000] {processor.py:925} INFO - DAG(s) 'example_setup_teardown' retrieved from /home/airflow/.local/lib/python3.12/site-packages/airflow/example_dags/example_setup_teardown.py
[2024-12-01T05:29:45.107+0000] {logging_mixin.py:190} INFO - [2024-12-01T05:29:45.107+0000] {dag.py:3239} INFO - Sync 1 DAGs
[2024-12-01T05:29:45.112+0000] {logging_mixin.py:190} INFO - [2024-12-01T05:29:45.112+0000] {dag.py:4180} INFO - Setting next_dagrun for example_setup_teardown to None, run_after=None
[2024-12-01T05:29:45.121+0000] {processor.py:208} INFO - Processing /home/airflow/.local/lib/python3.12/site-packages/airflow/example_dags/example_setup_teardown.py took 0.038 seconds
