[2024-12-01T05:05:12.285+0000] {processor.py:186} INFO - Started process (PID=474) to work on /home/airflow/.local/lib/python3.12/site-packages/airflow/example_dags/example_time_delta_sensor_async.py
[2024-12-01T05:05:12.286+0000] {processor.py:914} INFO - Processing file /home/airflow/.local/lib/python3.12/site-packages/airflow/example_dags/example_time_delta_sensor_async.py for tasks to queue
[2024-12-01T05:05:12.287+0000] {logging_mixin.py:190} INFO - [2024-12-01T05:05:12.287+0000] {dagbag.py:588} INFO - Filling up the DagBag from /home/airflow/.local/lib/python3.12/site-packages/airflow/example_dags/example_time_delta_sensor_async.py
[2024-12-01T05:05:12.290+0000] {processor.py:925} INFO - DAG(s) 'example_time_delta_sensor_async' retrieved from /home/airflow/.local/lib/python3.12/site-packages/airflow/example_dags/example_time_delta_sensor_async.py
[2024-12-01T05:05:12.299+0000] {logging_mixin.py:190} INFO - [2024-12-01T05:05:12.299+0000] {dag.py:3239} INFO - Sync 1 DAGs
[2024-12-01T05:05:12.308+0000] {logging_mixin.py:190} INFO - [2024-12-01T05:05:12.308+0000] {dag.py:4180} INFO - Setting next_dagrun for example_time_delta_sensor_async to None, run_after=None
[2024-12-01T05:05:12.318+0000] {processor.py:208} INFO - Processing /home/airflow/.local/lib/python3.12/site-packages/airflow/example_dags/example_time_delta_sensor_async.py took 0.035 seconds
[2024-12-01T05:05:43.063+0000] {processor.py:186} INFO - Started process (PID=847) to work on /home/airflow/.local/lib/python3.12/site-packages/airflow/example_dags/example_time_delta_sensor_async.py
[2024-12-01T05:05:43.063+0000] {processor.py:914} INFO - Processing file /home/airflow/.local/lib/python3.12/site-packages/airflow/example_dags/example_time_delta_sensor_async.py for tasks to queue
[2024-12-01T05:05:43.066+0000] {logging_mixin.py:190} INFO - [2024-12-01T05:05:43.065+0000] {dagbag.py:588} INFO - Filling up the DagBag from /home/airflow/.local/lib/python3.12/site-packages/airflow/example_dags/example_time_delta_sensor_async.py
[2024-12-01T05:05:43.068+0000] {processor.py:925} INFO - DAG(s) 'example_time_delta_sensor_async' retrieved from /home/airflow/.local/lib/python3.12/site-packages/airflow/example_dags/example_time_delta_sensor_async.py
[2024-12-01T05:05:43.078+0000] {logging_mixin.py:190} INFO - [2024-12-01T05:05:43.077+0000] {dag.py:3239} INFO - Sync 1 DAGs
[2024-12-01T05:05:43.083+0000] {logging_mixin.py:190} INFO - [2024-12-01T05:05:43.083+0000] {dag.py:4180} INFO - Setting next_dagrun for example_time_delta_sensor_async to None, run_after=None
[2024-12-01T05:05:43.093+0000] {processor.py:208} INFO - Processing /home/airflow/.local/lib/python3.12/site-packages/airflow/example_dags/example_time_delta_sensor_async.py took 0.033 seconds
[2024-12-01T05:06:13.666+0000] {processor.py:186} INFO - Started process (PID=1218) to work on /home/airflow/.local/lib/python3.12/site-packages/airflow/example_dags/example_time_delta_sensor_async.py
[2024-12-01T05:06:13.667+0000] {processor.py:914} INFO - Processing file /home/airflow/.local/lib/python3.12/site-packages/airflow/example_dags/example_time_delta_sensor_async.py for tasks to queue
[2024-12-01T05:06:13.668+0000] {logging_mixin.py:190} INFO - [2024-12-01T05:06:13.668+0000] {dagbag.py:588} INFO - Filling up the DagBag from /home/airflow/.local/lib/python3.12/site-packages/airflow/example_dags/example_time_delta_sensor_async.py
[2024-12-01T05:06:13.671+0000] {processor.py:925} INFO - DAG(s) 'example_time_delta_sensor_async' retrieved from /home/airflow/.local/lib/python3.12/site-packages/airflow/example_dags/example_time_delta_sensor_async.py
[2024-12-01T05:06:13.683+0000] {logging_mixin.py:190} INFO - [2024-12-01T05:06:13.683+0000] {dag.py:3239} INFO - Sync 1 DAGs
[2024-12-01T05:06:13.688+0000] {logging_mixin.py:190} INFO - [2024-12-01T05:06:13.688+0000] {dag.py:4180} INFO - Setting next_dagrun for example_time_delta_sensor_async to None, run_after=None
[2024-12-01T05:06:13.696+0000] {processor.py:208} INFO - Processing /home/airflow/.local/lib/python3.12/site-packages/airflow/example_dags/example_time_delta_sensor_async.py took 0.032 seconds
[2024-12-01T05:06:44.590+0000] {processor.py:186} INFO - Started process (PID=1589) to work on /home/airflow/.local/lib/python3.12/site-packages/airflow/example_dags/example_time_delta_sensor_async.py
[2024-12-01T05:06:44.593+0000] {processor.py:914} INFO - Processing file /home/airflow/.local/lib/python3.12/site-packages/airflow/example_dags/example_time_delta_sensor_async.py for tasks to queue
[2024-12-01T05:06:44.594+0000] {logging_mixin.py:190} INFO - [2024-12-01T05:06:44.594+0000] {dagbag.py:588} INFO - Filling up the DagBag from /home/airflow/.local/lib/python3.12/site-packages/airflow/example_dags/example_time_delta_sensor_async.py
[2024-12-01T05:06:44.597+0000] {processor.py:925} INFO - DAG(s) 'example_time_delta_sensor_async' retrieved from /home/airflow/.local/lib/python3.12/site-packages/airflow/example_dags/example_time_delta_sensor_async.py
[2024-12-01T05:06:44.604+0000] {logging_mixin.py:190} INFO - [2024-12-01T05:06:44.604+0000] {dag.py:3239} INFO - Sync 1 DAGs
[2024-12-01T05:06:44.609+0000] {logging_mixin.py:190} INFO - [2024-12-01T05:06:44.609+0000] {dag.py:4180} INFO - Setting next_dagrun for example_time_delta_sensor_async to None, run_after=None
[2024-12-01T05:06:44.616+0000] {processor.py:208} INFO - Processing /home/airflow/.local/lib/python3.12/site-packages/airflow/example_dags/example_time_delta_sensor_async.py took 0.028 seconds
[2024-12-01T05:07:15.219+0000] {processor.py:186} INFO - Started process (PID=1970) to work on /home/airflow/.local/lib/python3.12/site-packages/airflow/example_dags/example_time_delta_sensor_async.py
[2024-12-01T05:07:15.220+0000] {processor.py:914} INFO - Processing file /home/airflow/.local/lib/python3.12/site-packages/airflow/example_dags/example_time_delta_sensor_async.py for tasks to queue
[2024-12-01T05:07:15.220+0000] {logging_mixin.py:190} INFO - [2024-12-01T05:07:15.220+0000] {dagbag.py:588} INFO - Filling up the DagBag from /home/airflow/.local/lib/python3.12/site-packages/airflow/example_dags/example_time_delta_sensor_async.py
[2024-12-01T05:07:15.223+0000] {processor.py:925} INFO - DAG(s) 'example_time_delta_sensor_async' retrieved from /home/airflow/.local/lib/python3.12/site-packages/airflow/example_dags/example_time_delta_sensor_async.py
[2024-12-01T05:07:15.234+0000] {logging_mixin.py:190} INFO - [2024-12-01T05:07:15.234+0000] {dag.py:3239} INFO - Sync 1 DAGs
[2024-12-01T05:07:15.239+0000] {logging_mixin.py:190} INFO - [2024-12-01T05:07:15.239+0000] {dag.py:4180} INFO - Setting next_dagrun for example_time_delta_sensor_async to None, run_after=None
[2024-12-01T05:07:15.248+0000] {processor.py:208} INFO - Processing /home/airflow/.local/lib/python3.12/site-packages/airflow/example_dags/example_time_delta_sensor_async.py took 0.031 seconds
[2024-12-01T05:07:45.941+0000] {processor.py:186} INFO - Started process (PID=2365) to work on /home/airflow/.local/lib/python3.12/site-packages/airflow/example_dags/example_time_delta_sensor_async.py
[2024-12-01T05:07:45.941+0000] {processor.py:914} INFO - Processing file /home/airflow/.local/lib/python3.12/site-packages/airflow/example_dags/example_time_delta_sensor_async.py for tasks to queue
[2024-12-01T05:07:45.942+0000] {logging_mixin.py:190} INFO - [2024-12-01T05:07:45.942+0000] {dagbag.py:588} INFO - Filling up the DagBag from /home/airflow/.local/lib/python3.12/site-packages/airflow/example_dags/example_time_delta_sensor_async.py
[2024-12-01T05:07:45.945+0000] {processor.py:925} INFO - DAG(s) 'example_time_delta_sensor_async' retrieved from /home/airflow/.local/lib/python3.12/site-packages/airflow/example_dags/example_time_delta_sensor_async.py
[2024-12-01T05:07:45.953+0000] {logging_mixin.py:190} INFO - [2024-12-01T05:07:45.953+0000] {dag.py:3239} INFO - Sync 1 DAGs
[2024-12-01T05:07:45.958+0000] {logging_mixin.py:190} INFO - [2024-12-01T05:07:45.958+0000] {dag.py:4180} INFO - Setting next_dagrun for example_time_delta_sensor_async to None, run_after=None
[2024-12-01T05:07:45.964+0000] {processor.py:208} INFO - Processing /home/airflow/.local/lib/python3.12/site-packages/airflow/example_dags/example_time_delta_sensor_async.py took 0.026 seconds
[2024-12-01T05:08:16.533+0000] {processor.py:186} INFO - Started process (PID=2734) to work on /home/airflow/.local/lib/python3.12/site-packages/airflow/example_dags/example_time_delta_sensor_async.py
[2024-12-01T05:08:16.533+0000] {processor.py:914} INFO - Processing file /home/airflow/.local/lib/python3.12/site-packages/airflow/example_dags/example_time_delta_sensor_async.py for tasks to queue
[2024-12-01T05:08:16.534+0000] {logging_mixin.py:190} INFO - [2024-12-01T05:08:16.534+0000] {dagbag.py:588} INFO - Filling up the DagBag from /home/airflow/.local/lib/python3.12/site-packages/airflow/example_dags/example_time_delta_sensor_async.py
[2024-12-01T05:08:16.536+0000] {processor.py:925} INFO - DAG(s) 'example_time_delta_sensor_async' retrieved from /home/airflow/.local/lib/python3.12/site-packages/airflow/example_dags/example_time_delta_sensor_async.py
[2024-12-01T05:08:16.544+0000] {logging_mixin.py:190} INFO - [2024-12-01T05:08:16.544+0000] {dag.py:3239} INFO - Sync 1 DAGs
[2024-12-01T05:08:16.550+0000] {logging_mixin.py:190} INFO - [2024-12-01T05:08:16.550+0000] {dag.py:4180} INFO - Setting next_dagrun for example_time_delta_sensor_async to None, run_after=None
[2024-12-01T05:08:16.560+0000] {processor.py:208} INFO - Processing /home/airflow/.local/lib/python3.12/site-packages/airflow/example_dags/example_time_delta_sensor_async.py took 0.029 seconds
[2024-12-01T05:08:47.284+0000] {processor.py:186} INFO - Started process (PID=3109) to work on /home/airflow/.local/lib/python3.12/site-packages/airflow/example_dags/example_time_delta_sensor_async.py
[2024-12-01T05:08:47.284+0000] {processor.py:914} INFO - Processing file /home/airflow/.local/lib/python3.12/site-packages/airflow/example_dags/example_time_delta_sensor_async.py for tasks to queue
[2024-12-01T05:08:47.285+0000] {logging_mixin.py:190} INFO - [2024-12-01T05:08:47.285+0000] {dagbag.py:588} INFO - Filling up the DagBag from /home/airflow/.local/lib/python3.12/site-packages/airflow/example_dags/example_time_delta_sensor_async.py
[2024-12-01T05:08:47.290+0000] {processor.py:925} INFO - DAG(s) 'example_time_delta_sensor_async' retrieved from /home/airflow/.local/lib/python3.12/site-packages/airflow/example_dags/example_time_delta_sensor_async.py
[2024-12-01T05:08:47.301+0000] {logging_mixin.py:190} INFO - [2024-12-01T05:08:47.301+0000] {dag.py:3239} INFO - Sync 1 DAGs
[2024-12-01T05:08:47.307+0000] {logging_mixin.py:190} INFO - [2024-12-01T05:08:47.307+0000] {dag.py:4180} INFO - Setting next_dagrun for example_time_delta_sensor_async to None, run_after=None
[2024-12-01T05:08:47.314+0000] {processor.py:208} INFO - Processing /home/airflow/.local/lib/python3.12/site-packages/airflow/example_dags/example_time_delta_sensor_async.py took 0.034 seconds
[2024-12-01T05:09:18.014+0000] {processor.py:186} INFO - Started process (PID=3484) to work on /home/airflow/.local/lib/python3.12/site-packages/airflow/example_dags/example_time_delta_sensor_async.py
[2024-12-01T05:09:18.014+0000] {processor.py:914} INFO - Processing file /home/airflow/.local/lib/python3.12/site-packages/airflow/example_dags/example_time_delta_sensor_async.py for tasks to queue
[2024-12-01T05:09:18.015+0000] {logging_mixin.py:190} INFO - [2024-12-01T05:09:18.014+0000] {dagbag.py:588} INFO - Filling up the DagBag from /home/airflow/.local/lib/python3.12/site-packages/airflow/example_dags/example_time_delta_sensor_async.py
[2024-12-01T05:09:18.018+0000] {processor.py:925} INFO - DAG(s) 'example_time_delta_sensor_async' retrieved from /home/airflow/.local/lib/python3.12/site-packages/airflow/example_dags/example_time_delta_sensor_async.py
[2024-12-01T05:09:18.026+0000] {logging_mixin.py:190} INFO - [2024-12-01T05:09:18.026+0000] {dag.py:3239} INFO - Sync 1 DAGs
[2024-12-01T05:09:18.032+0000] {logging_mixin.py:190} INFO - [2024-12-01T05:09:18.032+0000] {dag.py:4180} INFO - Setting next_dagrun for example_time_delta_sensor_async to None, run_after=None
[2024-12-01T05:09:18.038+0000] {processor.py:208} INFO - Processing /home/airflow/.local/lib/python3.12/site-packages/airflow/example_dags/example_time_delta_sensor_async.py took 0.027 seconds
[2024-12-01T05:09:48.752+0000] {processor.py:186} INFO - Started process (PID=3855) to work on /home/airflow/.local/lib/python3.12/site-packages/airflow/example_dags/example_time_delta_sensor_async.py
[2024-12-01T05:09:48.753+0000] {processor.py:914} INFO - Processing file /home/airflow/.local/lib/python3.12/site-packages/airflow/example_dags/example_time_delta_sensor_async.py for tasks to queue
[2024-12-01T05:09:48.754+0000] {logging_mixin.py:190} INFO - [2024-12-01T05:09:48.754+0000] {dagbag.py:588} INFO - Filling up the DagBag from /home/airflow/.local/lib/python3.12/site-packages/airflow/example_dags/example_time_delta_sensor_async.py
[2024-12-01T05:09:48.757+0000] {processor.py:925} INFO - DAG(s) 'example_time_delta_sensor_async' retrieved from /home/airflow/.local/lib/python3.12/site-packages/airflow/example_dags/example_time_delta_sensor_async.py
[2024-12-01T05:09:48.765+0000] {logging_mixin.py:190} INFO - [2024-12-01T05:09:48.765+0000] {dag.py:3239} INFO - Sync 1 DAGs
[2024-12-01T05:09:48.770+0000] {logging_mixin.py:190} INFO - [2024-12-01T05:09:48.770+0000] {dag.py:4180} INFO - Setting next_dagrun for example_time_delta_sensor_async to None, run_after=None
[2024-12-01T05:09:48.780+0000] {processor.py:208} INFO - Processing /home/airflow/.local/lib/python3.12/site-packages/airflow/example_dags/example_time_delta_sensor_async.py took 0.031 seconds
[2024-12-01T05:10:19.499+0000] {processor.py:186} INFO - Started process (PID=4269) to work on /home/airflow/.local/lib/python3.12/site-packages/airflow/example_dags/example_time_delta_sensor_async.py
[2024-12-01T05:10:19.499+0000] {processor.py:914} INFO - Processing file /home/airflow/.local/lib/python3.12/site-packages/airflow/example_dags/example_time_delta_sensor_async.py for tasks to queue
[2024-12-01T05:10:19.500+0000] {logging_mixin.py:190} INFO - [2024-12-01T05:10:19.500+0000] {dagbag.py:588} INFO - Filling up the DagBag from /home/airflow/.local/lib/python3.12/site-packages/airflow/example_dags/example_time_delta_sensor_async.py
[2024-12-01T05:10:19.503+0000] {processor.py:925} INFO - DAG(s) 'example_time_delta_sensor_async' retrieved from /home/airflow/.local/lib/python3.12/site-packages/airflow/example_dags/example_time_delta_sensor_async.py
[2024-12-01T05:10:19.511+0000] {logging_mixin.py:190} INFO - [2024-12-01T05:10:19.511+0000] {dag.py:3239} INFO - Sync 1 DAGs
[2024-12-01T05:10:19.517+0000] {logging_mixin.py:190} INFO - [2024-12-01T05:10:19.517+0000] {dag.py:4180} INFO - Setting next_dagrun for example_time_delta_sensor_async to None, run_after=None
[2024-12-01T05:10:19.523+0000] {processor.py:208} INFO - Processing /home/airflow/.local/lib/python3.12/site-packages/airflow/example_dags/example_time_delta_sensor_async.py took 0.026 seconds
[2024-12-01T05:10:50.130+0000] {processor.py:186} INFO - Started process (PID=4657) to work on /home/airflow/.local/lib/python3.12/site-packages/airflow/example_dags/example_time_delta_sensor_async.py
[2024-12-01T05:10:50.130+0000] {processor.py:914} INFO - Processing file /home/airflow/.local/lib/python3.12/site-packages/airflow/example_dags/example_time_delta_sensor_async.py for tasks to queue
[2024-12-01T05:10:50.130+0000] {logging_mixin.py:190} INFO - [2024-12-01T05:10:50.130+0000] {dagbag.py:588} INFO - Filling up the DagBag from /home/airflow/.local/lib/python3.12/site-packages/airflow/example_dags/example_time_delta_sensor_async.py
[2024-12-01T05:10:50.133+0000] {processor.py:925} INFO - DAG(s) 'example_time_delta_sensor_async' retrieved from /home/airflow/.local/lib/python3.12/site-packages/airflow/example_dags/example_time_delta_sensor_async.py
[2024-12-01T05:10:50.141+0000] {logging_mixin.py:190} INFO - [2024-12-01T05:10:50.141+0000] {dag.py:3239} INFO - Sync 1 DAGs
[2024-12-01T05:10:50.147+0000] {logging_mixin.py:190} INFO - [2024-12-01T05:10:50.147+0000] {dag.py:4180} INFO - Setting next_dagrun for example_time_delta_sensor_async to None, run_after=None
[2024-12-01T05:10:50.152+0000] {processor.py:208} INFO - Processing /home/airflow/.local/lib/python3.12/site-packages/airflow/example_dags/example_time_delta_sensor_async.py took 0.025 seconds
[2024-12-01T05:11:20.691+0000] {processor.py:186} INFO - Started process (PID=5023) to work on /home/airflow/.local/lib/python3.12/site-packages/airflow/example_dags/example_time_delta_sensor_async.py
[2024-12-01T05:11:20.691+0000] {processor.py:914} INFO - Processing file /home/airflow/.local/lib/python3.12/site-packages/airflow/example_dags/example_time_delta_sensor_async.py for tasks to queue
[2024-12-01T05:11:20.691+0000] {logging_mixin.py:190} INFO - [2024-12-01T05:11:20.691+0000] {dagbag.py:588} INFO - Filling up the DagBag from /home/airflow/.local/lib/python3.12/site-packages/airflow/example_dags/example_time_delta_sensor_async.py
[2024-12-01T05:11:20.694+0000] {processor.py:925} INFO - DAG(s) 'example_time_delta_sensor_async' retrieved from /home/airflow/.local/lib/python3.12/site-packages/airflow/example_dags/example_time_delta_sensor_async.py
[2024-12-01T05:11:20.703+0000] {logging_mixin.py:190} INFO - [2024-12-01T05:11:20.703+0000] {dag.py:3239} INFO - Sync 1 DAGs
[2024-12-01T05:11:20.708+0000] {logging_mixin.py:190} INFO - [2024-12-01T05:11:20.708+0000] {dag.py:4180} INFO - Setting next_dagrun for example_time_delta_sensor_async to None, run_after=None
[2024-12-01T05:11:20.715+0000] {processor.py:208} INFO - Processing /home/airflow/.local/lib/python3.12/site-packages/airflow/example_dags/example_time_delta_sensor_async.py took 0.027 seconds
[2024-12-01T05:11:51.064+0000] {processor.py:186} INFO - Started process (PID=5389) to work on /home/airflow/.local/lib/python3.12/site-packages/airflow/example_dags/example_time_delta_sensor_async.py
[2024-12-01T05:11:51.064+0000] {processor.py:914} INFO - Processing file /home/airflow/.local/lib/python3.12/site-packages/airflow/example_dags/example_time_delta_sensor_async.py for tasks to queue
[2024-12-01T05:11:51.064+0000] {logging_mixin.py:190} INFO - [2024-12-01T05:11:51.064+0000] {dagbag.py:588} INFO - Filling up the DagBag from /home/airflow/.local/lib/python3.12/site-packages/airflow/example_dags/example_time_delta_sensor_async.py
[2024-12-01T05:11:51.067+0000] {processor.py:925} INFO - DAG(s) 'example_time_delta_sensor_async' retrieved from /home/airflow/.local/lib/python3.12/site-packages/airflow/example_dags/example_time_delta_sensor_async.py
[2024-12-01T05:11:51.076+0000] {logging_mixin.py:190} INFO - [2024-12-01T05:11:51.076+0000] {dag.py:3239} INFO - Sync 1 DAGs
[2024-12-01T05:11:51.082+0000] {logging_mixin.py:190} INFO - [2024-12-01T05:11:51.081+0000] {dag.py:4180} INFO - Setting next_dagrun for example_time_delta_sensor_async to None, run_after=None
[2024-12-01T05:11:51.088+0000] {processor.py:208} INFO - Processing /home/airflow/.local/lib/python3.12/site-packages/airflow/example_dags/example_time_delta_sensor_async.py took 0.026 seconds
[2024-12-01T05:12:21.730+0000] {processor.py:186} INFO - Started process (PID=5755) to work on /home/airflow/.local/lib/python3.12/site-packages/airflow/example_dags/example_time_delta_sensor_async.py
[2024-12-01T05:12:21.733+0000] {processor.py:914} INFO - Processing file /home/airflow/.local/lib/python3.12/site-packages/airflow/example_dags/example_time_delta_sensor_async.py for tasks to queue
[2024-12-01T05:12:21.734+0000] {logging_mixin.py:190} INFO - [2024-12-01T05:12:21.734+0000] {dagbag.py:588} INFO - Filling up the DagBag from /home/airflow/.local/lib/python3.12/site-packages/airflow/example_dags/example_time_delta_sensor_async.py
[2024-12-01T05:12:21.737+0000] {processor.py:925} INFO - DAG(s) 'example_time_delta_sensor_async' retrieved from /home/airflow/.local/lib/python3.12/site-packages/airflow/example_dags/example_time_delta_sensor_async.py
[2024-12-01T05:12:21.745+0000] {logging_mixin.py:190} INFO - [2024-12-01T05:12:21.745+0000] {dag.py:3239} INFO - Sync 1 DAGs
[2024-12-01T05:12:21.751+0000] {logging_mixin.py:190} INFO - [2024-12-01T05:12:21.751+0000] {dag.py:4180} INFO - Setting next_dagrun for example_time_delta_sensor_async to None, run_after=None
[2024-12-01T05:12:21.761+0000] {processor.py:208} INFO - Processing /home/airflow/.local/lib/python3.12/site-packages/airflow/example_dags/example_time_delta_sensor_async.py took 0.033 seconds
[2024-12-01T05:12:52.383+0000] {processor.py:186} INFO - Started process (PID=6123) to work on /home/airflow/.local/lib/python3.12/site-packages/airflow/example_dags/example_time_delta_sensor_async.py
[2024-12-01T05:12:52.384+0000] {processor.py:914} INFO - Processing file /home/airflow/.local/lib/python3.12/site-packages/airflow/example_dags/example_time_delta_sensor_async.py for tasks to queue
[2024-12-01T05:12:52.384+0000] {logging_mixin.py:190} INFO - [2024-12-01T05:12:52.384+0000] {dagbag.py:588} INFO - Filling up the DagBag from /home/airflow/.local/lib/python3.12/site-packages/airflow/example_dags/example_time_delta_sensor_async.py
[2024-12-01T05:12:52.387+0000] {processor.py:925} INFO - DAG(s) 'example_time_delta_sensor_async' retrieved from /home/airflow/.local/lib/python3.12/site-packages/airflow/example_dags/example_time_delta_sensor_async.py
[2024-12-01T05:12:52.394+0000] {logging_mixin.py:190} INFO - [2024-12-01T05:12:52.394+0000] {dag.py:3239} INFO - Sync 1 DAGs
[2024-12-01T05:12:52.399+0000] {logging_mixin.py:190} INFO - [2024-12-01T05:12:52.399+0000] {dag.py:4180} INFO - Setting next_dagrun for example_time_delta_sensor_async to None, run_after=None
[2024-12-01T05:12:52.404+0000] {processor.py:208} INFO - Processing /home/airflow/.local/lib/python3.12/site-packages/airflow/example_dags/example_time_delta_sensor_async.py took 0.023 seconds
[2024-12-01T05:13:23.085+0000] {processor.py:186} INFO - Started process (PID=6489) to work on /home/airflow/.local/lib/python3.12/site-packages/airflow/example_dags/example_time_delta_sensor_async.py
[2024-12-01T05:13:23.086+0000] {processor.py:914} INFO - Processing file /home/airflow/.local/lib/python3.12/site-packages/airflow/example_dags/example_time_delta_sensor_async.py for tasks to queue
[2024-12-01T05:13:23.087+0000] {logging_mixin.py:190} INFO - [2024-12-01T05:13:23.086+0000] {dagbag.py:588} INFO - Filling up the DagBag from /home/airflow/.local/lib/python3.12/site-packages/airflow/example_dags/example_time_delta_sensor_async.py
[2024-12-01T05:13:23.090+0000] {processor.py:925} INFO - DAG(s) 'example_time_delta_sensor_async' retrieved from /home/airflow/.local/lib/python3.12/site-packages/airflow/example_dags/example_time_delta_sensor_async.py
[2024-12-01T05:13:23.098+0000] {logging_mixin.py:190} INFO - [2024-12-01T05:13:23.098+0000] {dag.py:3239} INFO - Sync 1 DAGs
[2024-12-01T05:13:23.105+0000] {logging_mixin.py:190} INFO - [2024-12-01T05:13:23.105+0000] {dag.py:4180} INFO - Setting next_dagrun for example_time_delta_sensor_async to None, run_after=None
[2024-12-01T05:13:23.114+0000] {processor.py:208} INFO - Processing /home/airflow/.local/lib/python3.12/site-packages/airflow/example_dags/example_time_delta_sensor_async.py took 0.031 seconds
[2024-12-01T05:13:53.658+0000] {processor.py:186} INFO - Started process (PID=6853) to work on /home/airflow/.local/lib/python3.12/site-packages/airflow/example_dags/example_time_delta_sensor_async.py
[2024-12-01T05:13:53.662+0000] {processor.py:914} INFO - Processing file /home/airflow/.local/lib/python3.12/site-packages/airflow/example_dags/example_time_delta_sensor_async.py for tasks to queue
[2024-12-01T05:13:53.663+0000] {logging_mixin.py:190} INFO - [2024-12-01T05:13:53.663+0000] {dagbag.py:588} INFO - Filling up the DagBag from /home/airflow/.local/lib/python3.12/site-packages/airflow/example_dags/example_time_delta_sensor_async.py
[2024-12-01T05:13:53.666+0000] {processor.py:925} INFO - DAG(s) 'example_time_delta_sensor_async' retrieved from /home/airflow/.local/lib/python3.12/site-packages/airflow/example_dags/example_time_delta_sensor_async.py
[2024-12-01T05:13:53.677+0000] {logging_mixin.py:190} INFO - [2024-12-01T05:13:53.677+0000] {dag.py:3239} INFO - Sync 1 DAGs
[2024-12-01T05:13:53.684+0000] {logging_mixin.py:190} INFO - [2024-12-01T05:13:53.684+0000] {dag.py:4180} INFO - Setting next_dagrun for example_time_delta_sensor_async to None, run_after=None
[2024-12-01T05:13:53.693+0000] {processor.py:208} INFO - Processing /home/airflow/.local/lib/python3.12/site-packages/airflow/example_dags/example_time_delta_sensor_async.py took 0.038 seconds
[2024-12-01T05:14:24.345+0000] {processor.py:186} INFO - Started process (PID=7221) to work on /home/airflow/.local/lib/python3.12/site-packages/airflow/example_dags/example_time_delta_sensor_async.py
[2024-12-01T05:14:24.345+0000] {processor.py:914} INFO - Processing file /home/airflow/.local/lib/python3.12/site-packages/airflow/example_dags/example_time_delta_sensor_async.py for tasks to queue
[2024-12-01T05:14:24.345+0000] {logging_mixin.py:190} INFO - [2024-12-01T05:14:24.345+0000] {dagbag.py:588} INFO - Filling up the DagBag from /home/airflow/.local/lib/python3.12/site-packages/airflow/example_dags/example_time_delta_sensor_async.py
[2024-12-01T05:14:24.348+0000] {processor.py:925} INFO - DAG(s) 'example_time_delta_sensor_async' retrieved from /home/airflow/.local/lib/python3.12/site-packages/airflow/example_dags/example_time_delta_sensor_async.py
[2024-12-01T05:14:24.356+0000] {logging_mixin.py:190} INFO - [2024-12-01T05:14:24.356+0000] {dag.py:3239} INFO - Sync 1 DAGs
[2024-12-01T05:14:24.361+0000] {logging_mixin.py:190} INFO - [2024-12-01T05:14:24.361+0000] {dag.py:4180} INFO - Setting next_dagrun for example_time_delta_sensor_async to None, run_after=None
[2024-12-01T05:14:24.367+0000] {processor.py:208} INFO - Processing /home/airflow/.local/lib/python3.12/site-packages/airflow/example_dags/example_time_delta_sensor_async.py took 0.024 seconds
[2024-12-01T05:14:55.128+0000] {processor.py:186} INFO - Started process (PID=7587) to work on /home/airflow/.local/lib/python3.12/site-packages/airflow/example_dags/example_time_delta_sensor_async.py
[2024-12-01T05:14:55.129+0000] {processor.py:914} INFO - Processing file /home/airflow/.local/lib/python3.12/site-packages/airflow/example_dags/example_time_delta_sensor_async.py for tasks to queue
[2024-12-01T05:14:55.129+0000] {logging_mixin.py:190} INFO - [2024-12-01T05:14:55.129+0000] {dagbag.py:588} INFO - Filling up the DagBag from /home/airflow/.local/lib/python3.12/site-packages/airflow/example_dags/example_time_delta_sensor_async.py
[2024-12-01T05:14:55.132+0000] {processor.py:925} INFO - DAG(s) 'example_time_delta_sensor_async' retrieved from /home/airflow/.local/lib/python3.12/site-packages/airflow/example_dags/example_time_delta_sensor_async.py
[2024-12-01T05:14:55.142+0000] {logging_mixin.py:190} INFO - [2024-12-01T05:14:55.142+0000] {dag.py:3239} INFO - Sync 1 DAGs
[2024-12-01T05:14:55.147+0000] {logging_mixin.py:190} INFO - [2024-12-01T05:14:55.147+0000] {dag.py:4180} INFO - Setting next_dagrun for example_time_delta_sensor_async to None, run_after=None
[2024-12-01T05:14:55.153+0000] {processor.py:208} INFO - Processing /home/airflow/.local/lib/python3.12/site-packages/airflow/example_dags/example_time_delta_sensor_async.py took 0.027 seconds
[2024-12-01T05:15:25.768+0000] {processor.py:186} INFO - Started process (PID=7951) to work on /home/airflow/.local/lib/python3.12/site-packages/airflow/example_dags/example_time_delta_sensor_async.py
[2024-12-01T05:15:25.770+0000] {processor.py:914} INFO - Processing file /home/airflow/.local/lib/python3.12/site-packages/airflow/example_dags/example_time_delta_sensor_async.py for tasks to queue
[2024-12-01T05:15:25.770+0000] {logging_mixin.py:190} INFO - [2024-12-01T05:15:25.770+0000] {dagbag.py:588} INFO - Filling up the DagBag from /home/airflow/.local/lib/python3.12/site-packages/airflow/example_dags/example_time_delta_sensor_async.py
[2024-12-01T05:15:25.773+0000] {processor.py:925} INFO - DAG(s) 'example_time_delta_sensor_async' retrieved from /home/airflow/.local/lib/python3.12/site-packages/airflow/example_dags/example_time_delta_sensor_async.py
[2024-12-01T05:15:25.783+0000] {logging_mixin.py:190} INFO - [2024-12-01T05:15:25.782+0000] {dag.py:3239} INFO - Sync 1 DAGs
[2024-12-01T05:15:25.788+0000] {logging_mixin.py:190} INFO - [2024-12-01T05:15:25.788+0000] {dag.py:4180} INFO - Setting next_dagrun for example_time_delta_sensor_async to None, run_after=None
[2024-12-01T05:15:25.797+0000] {processor.py:208} INFO - Processing /home/airflow/.local/lib/python3.12/site-packages/airflow/example_dags/example_time_delta_sensor_async.py took 0.031 seconds
[2024-12-01T05:15:56.455+0000] {processor.py:186} INFO - Started process (PID=8317) to work on /home/airflow/.local/lib/python3.12/site-packages/airflow/example_dags/example_time_delta_sensor_async.py
[2024-12-01T05:15:56.456+0000] {processor.py:914} INFO - Processing file /home/airflow/.local/lib/python3.12/site-packages/airflow/example_dags/example_time_delta_sensor_async.py for tasks to queue
[2024-12-01T05:15:56.457+0000] {logging_mixin.py:190} INFO - [2024-12-01T05:15:56.456+0000] {dagbag.py:588} INFO - Filling up the DagBag from /home/airflow/.local/lib/python3.12/site-packages/airflow/example_dags/example_time_delta_sensor_async.py
[2024-12-01T05:15:56.460+0000] {processor.py:925} INFO - DAG(s) 'example_time_delta_sensor_async' retrieved from /home/airflow/.local/lib/python3.12/site-packages/airflow/example_dags/example_time_delta_sensor_async.py
[2024-12-01T05:15:56.468+0000] {logging_mixin.py:190} INFO - [2024-12-01T05:15:56.468+0000] {dag.py:3239} INFO - Sync 1 DAGs
[2024-12-01T05:15:56.475+0000] {logging_mixin.py:190} INFO - [2024-12-01T05:15:56.475+0000] {dag.py:4180} INFO - Setting next_dagrun for example_time_delta_sensor_async to None, run_after=None
[2024-12-01T05:15:56.482+0000] {processor.py:208} INFO - Processing /home/airflow/.local/lib/python3.12/site-packages/airflow/example_dags/example_time_delta_sensor_async.py took 0.029 seconds
[2024-12-01T05:16:26.908+0000] {processor.py:186} INFO - Started process (PID=8685) to work on /home/airflow/.local/lib/python3.12/site-packages/airflow/example_dags/example_time_delta_sensor_async.py
[2024-12-01T05:16:26.909+0000] {processor.py:914} INFO - Processing file /home/airflow/.local/lib/python3.12/site-packages/airflow/example_dags/example_time_delta_sensor_async.py for tasks to queue
[2024-12-01T05:16:26.909+0000] {logging_mixin.py:190} INFO - [2024-12-01T05:16:26.909+0000] {dagbag.py:588} INFO - Filling up the DagBag from /home/airflow/.local/lib/python3.12/site-packages/airflow/example_dags/example_time_delta_sensor_async.py
[2024-12-01T05:16:26.912+0000] {processor.py:925} INFO - DAG(s) 'example_time_delta_sensor_async' retrieved from /home/airflow/.local/lib/python3.12/site-packages/airflow/example_dags/example_time_delta_sensor_async.py
[2024-12-01T05:16:26.922+0000] {logging_mixin.py:190} INFO - [2024-12-01T05:16:26.922+0000] {dag.py:3239} INFO - Sync 1 DAGs
[2024-12-01T05:16:26.927+0000] {logging_mixin.py:190} INFO - [2024-12-01T05:16:26.927+0000] {dag.py:4180} INFO - Setting next_dagrun for example_time_delta_sensor_async to None, run_after=None
[2024-12-01T05:16:26.933+0000] {processor.py:208} INFO - Processing /home/airflow/.local/lib/python3.12/site-packages/airflow/example_dags/example_time_delta_sensor_async.py took 0.027 seconds
[2024-12-01T05:16:57.341+0000] {processor.py:186} INFO - Started process (PID=9049) to work on /home/airflow/.local/lib/python3.12/site-packages/airflow/example_dags/example_time_delta_sensor_async.py
[2024-12-01T05:16:57.342+0000] {processor.py:914} INFO - Processing file /home/airflow/.local/lib/python3.12/site-packages/airflow/example_dags/example_time_delta_sensor_async.py for tasks to queue
[2024-12-01T05:16:57.342+0000] {logging_mixin.py:190} INFO - [2024-12-01T05:16:57.342+0000] {dagbag.py:588} INFO - Filling up the DagBag from /home/airflow/.local/lib/python3.12/site-packages/airflow/example_dags/example_time_delta_sensor_async.py
[2024-12-01T05:16:57.345+0000] {processor.py:925} INFO - DAG(s) 'example_time_delta_sensor_async' retrieved from /home/airflow/.local/lib/python3.12/site-packages/airflow/example_dags/example_time_delta_sensor_async.py
[2024-12-01T05:16:57.353+0000] {logging_mixin.py:190} INFO - [2024-12-01T05:16:57.353+0000] {dag.py:3239} INFO - Sync 1 DAGs
[2024-12-01T05:16:57.360+0000] {logging_mixin.py:190} INFO - [2024-12-01T05:16:57.359+0000] {dag.py:4180} INFO - Setting next_dagrun for example_time_delta_sensor_async to None, run_after=None
[2024-12-01T05:16:57.372+0000] {processor.py:208} INFO - Processing /home/airflow/.local/lib/python3.12/site-packages/airflow/example_dags/example_time_delta_sensor_async.py took 0.033 seconds
[2024-12-01T05:17:27.840+0000] {processor.py:186} INFO - Started process (PID=9415) to work on /home/airflow/.local/lib/python3.12/site-packages/airflow/example_dags/example_time_delta_sensor_async.py
[2024-12-01T05:17:27.841+0000] {processor.py:914} INFO - Processing file /home/airflow/.local/lib/python3.12/site-packages/airflow/example_dags/example_time_delta_sensor_async.py for tasks to queue
[2024-12-01T05:17:27.841+0000] {logging_mixin.py:190} INFO - [2024-12-01T05:17:27.841+0000] {dagbag.py:588} INFO - Filling up the DagBag from /home/airflow/.local/lib/python3.12/site-packages/airflow/example_dags/example_time_delta_sensor_async.py
[2024-12-01T05:17:27.844+0000] {processor.py:925} INFO - DAG(s) 'example_time_delta_sensor_async' retrieved from /home/airflow/.local/lib/python3.12/site-packages/airflow/example_dags/example_time_delta_sensor_async.py
[2024-12-01T05:17:27.852+0000] {logging_mixin.py:190} INFO - [2024-12-01T05:17:27.852+0000] {dag.py:3239} INFO - Sync 1 DAGs
[2024-12-01T05:17:27.857+0000] {logging_mixin.py:190} INFO - [2024-12-01T05:17:27.857+0000] {dag.py:4180} INFO - Setting next_dagrun for example_time_delta_sensor_async to None, run_after=None
[2024-12-01T05:17:27.863+0000] {processor.py:208} INFO - Processing /home/airflow/.local/lib/python3.12/site-packages/airflow/example_dags/example_time_delta_sensor_async.py took 0.025 seconds
[2024-12-01T05:17:58.357+0000] {processor.py:186} INFO - Started process (PID=9776) to work on /home/airflow/.local/lib/python3.12/site-packages/airflow/example_dags/example_time_delta_sensor_async.py
[2024-12-01T05:17:58.357+0000] {processor.py:914} INFO - Processing file /home/airflow/.local/lib/python3.12/site-packages/airflow/example_dags/example_time_delta_sensor_async.py for tasks to queue
[2024-12-01T05:17:58.358+0000] {logging_mixin.py:190} INFO - [2024-12-01T05:17:58.358+0000] {dagbag.py:588} INFO - Filling up the DagBag from /home/airflow/.local/lib/python3.12/site-packages/airflow/example_dags/example_time_delta_sensor_async.py
[2024-12-01T05:17:58.362+0000] {processor.py:925} INFO - DAG(s) 'example_time_delta_sensor_async' retrieved from /home/airflow/.local/lib/python3.12/site-packages/airflow/example_dags/example_time_delta_sensor_async.py
[2024-12-01T05:17:58.372+0000] {logging_mixin.py:190} INFO - [2024-12-01T05:17:58.372+0000] {dag.py:3239} INFO - Sync 1 DAGs
[2024-12-01T05:17:58.377+0000] {logging_mixin.py:190} INFO - [2024-12-01T05:17:58.377+0000] {dag.py:4180} INFO - Setting next_dagrun for example_time_delta_sensor_async to None, run_after=None
[2024-12-01T05:17:58.389+0000] {processor.py:208} INFO - Processing /home/airflow/.local/lib/python3.12/site-packages/airflow/example_dags/example_time_delta_sensor_async.py took 0.034 seconds
[2024-12-01T05:18:29.128+0000] {processor.py:186} INFO - Started process (PID=10149) to work on /home/airflow/.local/lib/python3.12/site-packages/airflow/example_dags/example_time_delta_sensor_async.py
[2024-12-01T05:18:29.128+0000] {processor.py:914} INFO - Processing file /home/airflow/.local/lib/python3.12/site-packages/airflow/example_dags/example_time_delta_sensor_async.py for tasks to queue
[2024-12-01T05:18:29.129+0000] {logging_mixin.py:190} INFO - [2024-12-01T05:18:29.129+0000] {dagbag.py:588} INFO - Filling up the DagBag from /home/airflow/.local/lib/python3.12/site-packages/airflow/example_dags/example_time_delta_sensor_async.py
[2024-12-01T05:18:29.131+0000] {processor.py:925} INFO - DAG(s) 'example_time_delta_sensor_async' retrieved from /home/airflow/.local/lib/python3.12/site-packages/airflow/example_dags/example_time_delta_sensor_async.py
[2024-12-01T05:18:29.139+0000] {logging_mixin.py:190} INFO - [2024-12-01T05:18:29.139+0000] {dag.py:3239} INFO - Sync 1 DAGs
[2024-12-01T05:18:29.144+0000] {logging_mixin.py:190} INFO - [2024-12-01T05:18:29.144+0000] {dag.py:4180} INFO - Setting next_dagrun for example_time_delta_sensor_async to None, run_after=None
[2024-12-01T05:18:29.149+0000] {processor.py:208} INFO - Processing /home/airflow/.local/lib/python3.12/site-packages/airflow/example_dags/example_time_delta_sensor_async.py took 0.023 seconds
[2024-12-01T05:19:00.155+0000] {processor.py:186} INFO - Started process (PID=10528) to work on /home/airflow/.local/lib/python3.12/site-packages/airflow/example_dags/example_time_delta_sensor_async.py
[2024-12-01T05:19:00.155+0000] {processor.py:914} INFO - Processing file /home/airflow/.local/lib/python3.12/site-packages/airflow/example_dags/example_time_delta_sensor_async.py for tasks to queue
[2024-12-01T05:19:00.156+0000] {logging_mixin.py:190} INFO - [2024-12-01T05:19:00.156+0000] {dagbag.py:588} INFO - Filling up the DagBag from /home/airflow/.local/lib/python3.12/site-packages/airflow/example_dags/example_time_delta_sensor_async.py
[2024-12-01T05:19:00.159+0000] {processor.py:925} INFO - DAG(s) 'example_time_delta_sensor_async' retrieved from /home/airflow/.local/lib/python3.12/site-packages/airflow/example_dags/example_time_delta_sensor_async.py
[2024-12-01T05:19:00.171+0000] {logging_mixin.py:190} INFO - [2024-12-01T05:19:00.171+0000] {dag.py:3239} INFO - Sync 1 DAGs
[2024-12-01T05:19:00.178+0000] {logging_mixin.py:190} INFO - [2024-12-01T05:19:00.178+0000] {dag.py:4180} INFO - Setting next_dagrun for example_time_delta_sensor_async to None, run_after=None
[2024-12-01T05:19:00.186+0000] {processor.py:208} INFO - Processing /home/airflow/.local/lib/python3.12/site-packages/airflow/example_dags/example_time_delta_sensor_async.py took 0.033 seconds
[2024-12-01T05:19:30.959+0000] {processor.py:186} INFO - Started process (PID=10894) to work on /home/airflow/.local/lib/python3.12/site-packages/airflow/example_dags/example_time_delta_sensor_async.py
[2024-12-01T05:19:30.960+0000] {processor.py:914} INFO - Processing file /home/airflow/.local/lib/python3.12/site-packages/airflow/example_dags/example_time_delta_sensor_async.py for tasks to queue
[2024-12-01T05:19:30.961+0000] {logging_mixin.py:190} INFO - [2024-12-01T05:19:30.961+0000] {dagbag.py:588} INFO - Filling up the DagBag from /home/airflow/.local/lib/python3.12/site-packages/airflow/example_dags/example_time_delta_sensor_async.py
[2024-12-01T05:19:30.965+0000] {processor.py:925} INFO - DAG(s) 'example_time_delta_sensor_async' retrieved from /home/airflow/.local/lib/python3.12/site-packages/airflow/example_dags/example_time_delta_sensor_async.py
[2024-12-01T05:19:30.975+0000] {logging_mixin.py:190} INFO - [2024-12-01T05:19:30.975+0000] {dag.py:3239} INFO - Sync 1 DAGs
[2024-12-01T05:19:30.982+0000] {logging_mixin.py:190} INFO - [2024-12-01T05:19:30.982+0000] {dag.py:4180} INFO - Setting next_dagrun for example_time_delta_sensor_async to None, run_after=None
[2024-12-01T05:19:30.991+0000] {processor.py:208} INFO - Processing /home/airflow/.local/lib/python3.12/site-packages/airflow/example_dags/example_time_delta_sensor_async.py took 0.034 seconds
[2024-12-01T05:20:01.614+0000] {processor.py:186} INFO - Started process (PID=11260) to work on /home/airflow/.local/lib/python3.12/site-packages/airflow/example_dags/example_time_delta_sensor_async.py
[2024-12-01T05:20:01.615+0000] {processor.py:914} INFO - Processing file /home/airflow/.local/lib/python3.12/site-packages/airflow/example_dags/example_time_delta_sensor_async.py for tasks to queue
[2024-12-01T05:20:01.615+0000] {logging_mixin.py:190} INFO - [2024-12-01T05:20:01.615+0000] {dagbag.py:588} INFO - Filling up the DagBag from /home/airflow/.local/lib/python3.12/site-packages/airflow/example_dags/example_time_delta_sensor_async.py
[2024-12-01T05:20:01.618+0000] {processor.py:925} INFO - DAG(s) 'example_time_delta_sensor_async' retrieved from /home/airflow/.local/lib/python3.12/site-packages/airflow/example_dags/example_time_delta_sensor_async.py
[2024-12-01T05:20:01.626+0000] {logging_mixin.py:190} INFO - [2024-12-01T05:20:01.626+0000] {dag.py:3239} INFO - Sync 1 DAGs
[2024-12-01T05:20:01.631+0000] {logging_mixin.py:190} INFO - [2024-12-01T05:20:01.631+0000] {dag.py:4180} INFO - Setting next_dagrun for example_time_delta_sensor_async to None, run_after=None
[2024-12-01T05:20:01.637+0000] {processor.py:208} INFO - Processing /home/airflow/.local/lib/python3.12/site-packages/airflow/example_dags/example_time_delta_sensor_async.py took 0.025 seconds
[2024-12-01T05:20:32.375+0000] {processor.py:186} INFO - Started process (PID=11641) to work on /home/airflow/.local/lib/python3.12/site-packages/airflow/example_dags/example_time_delta_sensor_async.py
[2024-12-01T05:20:32.376+0000] {processor.py:914} INFO - Processing file /home/airflow/.local/lib/python3.12/site-packages/airflow/example_dags/example_time_delta_sensor_async.py for tasks to queue
[2024-12-01T05:20:32.376+0000] {logging_mixin.py:190} INFO - [2024-12-01T05:20:32.376+0000] {dagbag.py:588} INFO - Filling up the DagBag from /home/airflow/.local/lib/python3.12/site-packages/airflow/example_dags/example_time_delta_sensor_async.py
[2024-12-01T05:20:32.380+0000] {processor.py:925} INFO - DAG(s) 'example_time_delta_sensor_async' retrieved from /home/airflow/.local/lib/python3.12/site-packages/airflow/example_dags/example_time_delta_sensor_async.py
[2024-12-01T05:20:32.387+0000] {logging_mixin.py:190} INFO - [2024-12-01T05:20:32.387+0000] {dag.py:3239} INFO - Sync 1 DAGs
[2024-12-01T05:20:32.393+0000] {logging_mixin.py:190} INFO - [2024-12-01T05:20:32.393+0000] {dag.py:4180} INFO - Setting next_dagrun for example_time_delta_sensor_async to None, run_after=None
[2024-12-01T05:20:32.402+0000] {processor.py:208} INFO - Processing /home/airflow/.local/lib/python3.12/site-packages/airflow/example_dags/example_time_delta_sensor_async.py took 0.030 seconds
[2024-12-01T05:21:03.290+0000] {processor.py:186} INFO - Started process (PID=12020) to work on /home/airflow/.local/lib/python3.12/site-packages/airflow/example_dags/example_time_delta_sensor_async.py
[2024-12-01T05:21:03.290+0000] {processor.py:914} INFO - Processing file /home/airflow/.local/lib/python3.12/site-packages/airflow/example_dags/example_time_delta_sensor_async.py for tasks to queue
[2024-12-01T05:21:03.291+0000] {logging_mixin.py:190} INFO - [2024-12-01T05:21:03.291+0000] {dagbag.py:588} INFO - Filling up the DagBag from /home/airflow/.local/lib/python3.12/site-packages/airflow/example_dags/example_time_delta_sensor_async.py
[2024-12-01T05:21:03.294+0000] {processor.py:925} INFO - DAG(s) 'example_time_delta_sensor_async' retrieved from /home/airflow/.local/lib/python3.12/site-packages/airflow/example_dags/example_time_delta_sensor_async.py
[2024-12-01T05:21:03.301+0000] {logging_mixin.py:190} INFO - [2024-12-01T05:21:03.301+0000] {dag.py:3239} INFO - Sync 1 DAGs
[2024-12-01T05:21:03.306+0000] {logging_mixin.py:190} INFO - [2024-12-01T05:21:03.306+0000] {dag.py:4180} INFO - Setting next_dagrun for example_time_delta_sensor_async to None, run_after=None
[2024-12-01T05:21:03.311+0000] {processor.py:208} INFO - Processing /home/airflow/.local/lib/python3.12/site-packages/airflow/example_dags/example_time_delta_sensor_async.py took 0.023 seconds
[2024-12-01T05:21:34.172+0000] {processor.py:186} INFO - Started process (PID=12391) to work on /home/airflow/.local/lib/python3.12/site-packages/airflow/example_dags/example_time_delta_sensor_async.py
[2024-12-01T05:21:34.173+0000] {processor.py:914} INFO - Processing file /home/airflow/.local/lib/python3.12/site-packages/airflow/example_dags/example_time_delta_sensor_async.py for tasks to queue
[2024-12-01T05:21:34.173+0000] {logging_mixin.py:190} INFO - [2024-12-01T05:21:34.173+0000] {dagbag.py:588} INFO - Filling up the DagBag from /home/airflow/.local/lib/python3.12/site-packages/airflow/example_dags/example_time_delta_sensor_async.py
[2024-12-01T05:21:34.176+0000] {processor.py:925} INFO - DAG(s) 'example_time_delta_sensor_async' retrieved from /home/airflow/.local/lib/python3.12/site-packages/airflow/example_dags/example_time_delta_sensor_async.py
[2024-12-01T05:21:34.183+0000] {logging_mixin.py:190} INFO - [2024-12-01T05:21:34.183+0000] {dag.py:3239} INFO - Sync 1 DAGs
[2024-12-01T05:21:34.188+0000] {logging_mixin.py:190} INFO - [2024-12-01T05:21:34.188+0000] {dag.py:4180} INFO - Setting next_dagrun for example_time_delta_sensor_async to None, run_after=None
[2024-12-01T05:21:34.193+0000] {processor.py:208} INFO - Processing /home/airflow/.local/lib/python3.12/site-packages/airflow/example_dags/example_time_delta_sensor_async.py took 0.023 seconds
[2024-12-01T05:22:05.042+0000] {processor.py:186} INFO - Started process (PID=12755) to work on /home/airflow/.local/lib/python3.12/site-packages/airflow/example_dags/example_time_delta_sensor_async.py
[2024-12-01T05:22:05.043+0000] {processor.py:914} INFO - Processing file /home/airflow/.local/lib/python3.12/site-packages/airflow/example_dags/example_time_delta_sensor_async.py for tasks to queue
[2024-12-01T05:22:05.044+0000] {logging_mixin.py:190} INFO - [2024-12-01T05:22:05.044+0000] {dagbag.py:588} INFO - Filling up the DagBag from /home/airflow/.local/lib/python3.12/site-packages/airflow/example_dags/example_time_delta_sensor_async.py
[2024-12-01T05:22:05.047+0000] {processor.py:925} INFO - DAG(s) 'example_time_delta_sensor_async' retrieved from /home/airflow/.local/lib/python3.12/site-packages/airflow/example_dags/example_time_delta_sensor_async.py
[2024-12-01T05:22:05.060+0000] {logging_mixin.py:190} INFO - [2024-12-01T05:22:05.060+0000] {dag.py:3239} INFO - Sync 1 DAGs
[2024-12-01T05:22:05.065+0000] {logging_mixin.py:190} INFO - [2024-12-01T05:22:05.065+0000] {dag.py:4180} INFO - Setting next_dagrun for example_time_delta_sensor_async to None, run_after=None
[2024-12-01T05:22:05.075+0000] {processor.py:208} INFO - Processing /home/airflow/.local/lib/python3.12/site-packages/airflow/example_dags/example_time_delta_sensor_async.py took 0.036 seconds
[2024-12-01T05:22:36.582+0000] {processor.py:186} INFO - Started process (PID=13128) to work on /home/airflow/.local/lib/python3.12/site-packages/airflow/example_dags/example_time_delta_sensor_async.py
[2024-12-01T05:22:36.582+0000] {processor.py:914} INFO - Processing file /home/airflow/.local/lib/python3.12/site-packages/airflow/example_dags/example_time_delta_sensor_async.py for tasks to queue
[2024-12-01T05:22:36.582+0000] {logging_mixin.py:190} INFO - [2024-12-01T05:22:36.582+0000] {dagbag.py:588} INFO - Filling up the DagBag from /home/airflow/.local/lib/python3.12/site-packages/airflow/example_dags/example_time_delta_sensor_async.py
[2024-12-01T05:22:36.585+0000] {processor.py:925} INFO - DAG(s) 'example_time_delta_sensor_async' retrieved from /home/airflow/.local/lib/python3.12/site-packages/airflow/example_dags/example_time_delta_sensor_async.py
[2024-12-01T05:22:36.595+0000] {logging_mixin.py:190} INFO - [2024-12-01T05:22:36.595+0000] {dag.py:3239} INFO - Sync 1 DAGs
[2024-12-01T05:22:36.601+0000] {logging_mixin.py:190} INFO - [2024-12-01T05:22:36.600+0000] {dag.py:4180} INFO - Setting next_dagrun for example_time_delta_sensor_async to None, run_after=None
[2024-12-01T05:22:36.608+0000] {processor.py:208} INFO - Processing /home/airflow/.local/lib/python3.12/site-packages/airflow/example_dags/example_time_delta_sensor_async.py took 0.029 seconds
[2024-12-01T05:23:07.539+0000] {processor.py:186} INFO - Started process (PID=13494) to work on /home/airflow/.local/lib/python3.12/site-packages/airflow/example_dags/example_time_delta_sensor_async.py
[2024-12-01T05:23:07.539+0000] {processor.py:914} INFO - Processing file /home/airflow/.local/lib/python3.12/site-packages/airflow/example_dags/example_time_delta_sensor_async.py for tasks to queue
[2024-12-01T05:23:07.540+0000] {logging_mixin.py:190} INFO - [2024-12-01T05:23:07.540+0000] {dagbag.py:588} INFO - Filling up the DagBag from /home/airflow/.local/lib/python3.12/site-packages/airflow/example_dags/example_time_delta_sensor_async.py
[2024-12-01T05:23:07.543+0000] {processor.py:925} INFO - DAG(s) 'example_time_delta_sensor_async' retrieved from /home/airflow/.local/lib/python3.12/site-packages/airflow/example_dags/example_time_delta_sensor_async.py
[2024-12-01T05:23:07.552+0000] {logging_mixin.py:190} INFO - [2024-12-01T05:23:07.552+0000] {dag.py:3239} INFO - Sync 1 DAGs
[2024-12-01T05:23:07.563+0000] {logging_mixin.py:190} INFO - [2024-12-01T05:23:07.563+0000] {dag.py:4180} INFO - Setting next_dagrun for example_time_delta_sensor_async to None, run_after=None
[2024-12-01T05:23:07.583+0000] {processor.py:208} INFO - Processing /home/airflow/.local/lib/python3.12/site-packages/airflow/example_dags/example_time_delta_sensor_async.py took 0.047 seconds
[2024-12-01T05:23:38.176+0000] {processor.py:186} INFO - Started process (PID=13858) to work on /home/airflow/.local/lib/python3.12/site-packages/airflow/example_dags/example_time_delta_sensor_async.py
[2024-12-01T05:23:38.177+0000] {processor.py:914} INFO - Processing file /home/airflow/.local/lib/python3.12/site-packages/airflow/example_dags/example_time_delta_sensor_async.py for tasks to queue
[2024-12-01T05:23:38.177+0000] {logging_mixin.py:190} INFO - [2024-12-01T05:23:38.177+0000] {dagbag.py:588} INFO - Filling up the DagBag from /home/airflow/.local/lib/python3.12/site-packages/airflow/example_dags/example_time_delta_sensor_async.py
[2024-12-01T05:23:38.180+0000] {processor.py:925} INFO - DAG(s) 'example_time_delta_sensor_async' retrieved from /home/airflow/.local/lib/python3.12/site-packages/airflow/example_dags/example_time_delta_sensor_async.py
[2024-12-01T05:23:38.188+0000] {logging_mixin.py:190} INFO - [2024-12-01T05:23:38.188+0000] {dag.py:3239} INFO - Sync 1 DAGs
[2024-12-01T05:23:38.194+0000] {logging_mixin.py:190} INFO - [2024-12-01T05:23:38.194+0000] {dag.py:4180} INFO - Setting next_dagrun for example_time_delta_sensor_async to None, run_after=None
[2024-12-01T05:23:38.203+0000] {processor.py:208} INFO - Processing /home/airflow/.local/lib/python3.12/site-packages/airflow/example_dags/example_time_delta_sensor_async.py took 0.030 seconds
[2024-12-01T05:24:09.002+0000] {processor.py:186} INFO - Started process (PID=14229) to work on /home/airflow/.local/lib/python3.12/site-packages/airflow/example_dags/example_time_delta_sensor_async.py
[2024-12-01T05:24:09.002+0000] {processor.py:914} INFO - Processing file /home/airflow/.local/lib/python3.12/site-packages/airflow/example_dags/example_time_delta_sensor_async.py for tasks to queue
[2024-12-01T05:24:09.003+0000] {logging_mixin.py:190} INFO - [2024-12-01T05:24:09.003+0000] {dagbag.py:588} INFO - Filling up the DagBag from /home/airflow/.local/lib/python3.12/site-packages/airflow/example_dags/example_time_delta_sensor_async.py
[2024-12-01T05:24:09.006+0000] {processor.py:925} INFO - DAG(s) 'example_time_delta_sensor_async' retrieved from /home/airflow/.local/lib/python3.12/site-packages/airflow/example_dags/example_time_delta_sensor_async.py
[2024-12-01T05:24:09.014+0000] {logging_mixin.py:190} INFO - [2024-12-01T05:24:09.014+0000] {dag.py:3239} INFO - Sync 1 DAGs
[2024-12-01T05:24:09.020+0000] {logging_mixin.py:190} INFO - [2024-12-01T05:24:09.020+0000] {dag.py:4180} INFO - Setting next_dagrun for example_time_delta_sensor_async to None, run_after=None
[2024-12-01T05:24:09.026+0000] {processor.py:208} INFO - Processing /home/airflow/.local/lib/python3.12/site-packages/airflow/example_dags/example_time_delta_sensor_async.py took 0.027 seconds
[2024-12-01T05:24:40.064+0000] {processor.py:186} INFO - Started process (PID=14595) to work on /home/airflow/.local/lib/python3.12/site-packages/airflow/example_dags/example_time_delta_sensor_async.py
[2024-12-01T05:24:40.064+0000] {processor.py:914} INFO - Processing file /home/airflow/.local/lib/python3.12/site-packages/airflow/example_dags/example_time_delta_sensor_async.py for tasks to queue
[2024-12-01T05:24:40.064+0000] {logging_mixin.py:190} INFO - [2024-12-01T05:24:40.064+0000] {dagbag.py:588} INFO - Filling up the DagBag from /home/airflow/.local/lib/python3.12/site-packages/airflow/example_dags/example_time_delta_sensor_async.py
[2024-12-01T05:24:40.068+0000] {processor.py:925} INFO - DAG(s) 'example_time_delta_sensor_async' retrieved from /home/airflow/.local/lib/python3.12/site-packages/airflow/example_dags/example_time_delta_sensor_async.py
[2024-12-01T05:24:40.076+0000] {logging_mixin.py:190} INFO - [2024-12-01T05:24:40.076+0000] {dag.py:3239} INFO - Sync 1 DAGs
[2024-12-01T05:24:40.082+0000] {logging_mixin.py:190} INFO - [2024-12-01T05:24:40.082+0000] {dag.py:4180} INFO - Setting next_dagrun for example_time_delta_sensor_async to None, run_after=None
[2024-12-01T05:24:40.088+0000] {processor.py:208} INFO - Processing /home/airflow/.local/lib/python3.12/site-packages/airflow/example_dags/example_time_delta_sensor_async.py took 0.027 seconds
[2024-12-01T05:25:10.571+0000] {processor.py:186} INFO - Started process (PID=14976) to work on /home/airflow/.local/lib/python3.12/site-packages/airflow/example_dags/example_time_delta_sensor_async.py
[2024-12-01T05:25:10.571+0000] {processor.py:914} INFO - Processing file /home/airflow/.local/lib/python3.12/site-packages/airflow/example_dags/example_time_delta_sensor_async.py for tasks to queue
[2024-12-01T05:25:10.572+0000] {logging_mixin.py:190} INFO - [2024-12-01T05:25:10.572+0000] {dagbag.py:588} INFO - Filling up the DagBag from /home/airflow/.local/lib/python3.12/site-packages/airflow/example_dags/example_time_delta_sensor_async.py
[2024-12-01T05:25:10.575+0000] {processor.py:925} INFO - DAG(s) 'example_time_delta_sensor_async' retrieved from /home/airflow/.local/lib/python3.12/site-packages/airflow/example_dags/example_time_delta_sensor_async.py
[2024-12-01T05:25:10.583+0000] {logging_mixin.py:190} INFO - [2024-12-01T05:25:10.583+0000] {dag.py:3239} INFO - Sync 1 DAGs
[2024-12-01T05:25:10.589+0000] {logging_mixin.py:190} INFO - [2024-12-01T05:25:10.589+0000] {dag.py:4180} INFO - Setting next_dagrun for example_time_delta_sensor_async to None, run_after=None
[2024-12-01T05:25:10.596+0000] {processor.py:208} INFO - Processing /home/airflow/.local/lib/python3.12/site-packages/airflow/example_dags/example_time_delta_sensor_async.py took 0.028 seconds
[2024-12-01T05:25:40.928+0000] {processor.py:186} INFO - Started process (PID=15347) to work on /home/airflow/.local/lib/python3.12/site-packages/airflow/example_dags/example_time_delta_sensor_async.py
[2024-12-01T05:25:40.928+0000] {processor.py:914} INFO - Processing file /home/airflow/.local/lib/python3.12/site-packages/airflow/example_dags/example_time_delta_sensor_async.py for tasks to queue
[2024-12-01T05:25:40.929+0000] {logging_mixin.py:190} INFO - [2024-12-01T05:25:40.929+0000] {dagbag.py:588} INFO - Filling up the DagBag from /home/airflow/.local/lib/python3.12/site-packages/airflow/example_dags/example_time_delta_sensor_async.py
[2024-12-01T05:25:40.932+0000] {processor.py:925} INFO - DAG(s) 'example_time_delta_sensor_async' retrieved from /home/airflow/.local/lib/python3.12/site-packages/airflow/example_dags/example_time_delta_sensor_async.py
[2024-12-01T05:25:40.941+0000] {logging_mixin.py:190} INFO - [2024-12-01T05:25:40.940+0000] {dag.py:3239} INFO - Sync 1 DAGs
[2024-12-01T05:25:40.946+0000] {logging_mixin.py:190} INFO - [2024-12-01T05:25:40.946+0000] {dag.py:4180} INFO - Setting next_dagrun for example_time_delta_sensor_async to None, run_after=None
[2024-12-01T05:25:40.953+0000] {processor.py:208} INFO - Processing /home/airflow/.local/lib/python3.12/site-packages/airflow/example_dags/example_time_delta_sensor_async.py took 0.027 seconds
[2024-12-01T05:26:11.270+0000] {processor.py:186} INFO - Started process (PID=15713) to work on /home/airflow/.local/lib/python3.12/site-packages/airflow/example_dags/example_time_delta_sensor_async.py
[2024-12-01T05:26:11.272+0000] {processor.py:914} INFO - Processing file /home/airflow/.local/lib/python3.12/site-packages/airflow/example_dags/example_time_delta_sensor_async.py for tasks to queue
[2024-12-01T05:26:11.272+0000] {logging_mixin.py:190} INFO - [2024-12-01T05:26:11.272+0000] {dagbag.py:588} INFO - Filling up the DagBag from /home/airflow/.local/lib/python3.12/site-packages/airflow/example_dags/example_time_delta_sensor_async.py
[2024-12-01T05:26:11.275+0000] {processor.py:925} INFO - DAG(s) 'example_time_delta_sensor_async' retrieved from /home/airflow/.local/lib/python3.12/site-packages/airflow/example_dags/example_time_delta_sensor_async.py
[2024-12-01T05:26:11.284+0000] {logging_mixin.py:190} INFO - [2024-12-01T05:26:11.284+0000] {dag.py:3239} INFO - Sync 1 DAGs
[2024-12-01T05:26:11.290+0000] {logging_mixin.py:190} INFO - [2024-12-01T05:26:11.290+0000] {dag.py:4180} INFO - Setting next_dagrun for example_time_delta_sensor_async to None, run_after=None
[2024-12-01T05:26:11.296+0000] {processor.py:208} INFO - Processing /home/airflow/.local/lib/python3.12/site-packages/airflow/example_dags/example_time_delta_sensor_async.py took 0.028 seconds
[2024-12-01T05:26:41.643+0000] {processor.py:186} INFO - Started process (PID=16085) to work on /home/airflow/.local/lib/python3.12/site-packages/airflow/example_dags/example_time_delta_sensor_async.py
[2024-12-01T05:26:41.643+0000] {processor.py:914} INFO - Processing file /home/airflow/.local/lib/python3.12/site-packages/airflow/example_dags/example_time_delta_sensor_async.py for tasks to queue
[2024-12-01T05:26:41.644+0000] {logging_mixin.py:190} INFO - [2024-12-01T05:26:41.644+0000] {dagbag.py:588} INFO - Filling up the DagBag from /home/airflow/.local/lib/python3.12/site-packages/airflow/example_dags/example_time_delta_sensor_async.py
[2024-12-01T05:26:41.646+0000] {processor.py:925} INFO - DAG(s) 'example_time_delta_sensor_async' retrieved from /home/airflow/.local/lib/python3.12/site-packages/airflow/example_dags/example_time_delta_sensor_async.py
[2024-12-01T05:26:41.653+0000] {logging_mixin.py:190} INFO - [2024-12-01T05:26:41.653+0000] {dag.py:3239} INFO - Sync 1 DAGs
[2024-12-01T05:26:41.658+0000] {logging_mixin.py:190} INFO - [2024-12-01T05:26:41.658+0000] {dag.py:4180} INFO - Setting next_dagrun for example_time_delta_sensor_async to None, run_after=None
[2024-12-01T05:26:41.663+0000] {processor.py:208} INFO - Processing /home/airflow/.local/lib/python3.12/site-packages/airflow/example_dags/example_time_delta_sensor_async.py took 0.022 seconds
[2024-12-01T05:27:12.269+0000] {processor.py:186} INFO - Started process (PID=16464) to work on /home/airflow/.local/lib/python3.12/site-packages/airflow/example_dags/example_time_delta_sensor_async.py
[2024-12-01T05:27:12.269+0000] {processor.py:914} INFO - Processing file /home/airflow/.local/lib/python3.12/site-packages/airflow/example_dags/example_time_delta_sensor_async.py for tasks to queue
[2024-12-01T05:27:12.270+0000] {logging_mixin.py:190} INFO - [2024-12-01T05:27:12.270+0000] {dagbag.py:588} INFO - Filling up the DagBag from /home/airflow/.local/lib/python3.12/site-packages/airflow/example_dags/example_time_delta_sensor_async.py
[2024-12-01T05:27:12.273+0000] {processor.py:925} INFO - DAG(s) 'example_time_delta_sensor_async' retrieved from /home/airflow/.local/lib/python3.12/site-packages/airflow/example_dags/example_time_delta_sensor_async.py
[2024-12-01T05:27:12.281+0000] {logging_mixin.py:190} INFO - [2024-12-01T05:27:12.280+0000] {dag.py:3239} INFO - Sync 1 DAGs
[2024-12-01T05:27:12.290+0000] {logging_mixin.py:190} INFO - [2024-12-01T05:27:12.290+0000] {dag.py:4180} INFO - Setting next_dagrun for example_time_delta_sensor_async to None, run_after=None
[2024-12-01T05:27:12.296+0000] {processor.py:208} INFO - Processing /home/airflow/.local/lib/python3.12/site-packages/airflow/example_dags/example_time_delta_sensor_async.py took 0.030 seconds
[2024-12-01T05:27:42.997+0000] {processor.py:186} INFO - Started process (PID=16867) to work on /home/airflow/.local/lib/python3.12/site-packages/airflow/example_dags/example_time_delta_sensor_async.py
[2024-12-01T05:27:42.997+0000] {processor.py:914} INFO - Processing file /home/airflow/.local/lib/python3.12/site-packages/airflow/example_dags/example_time_delta_sensor_async.py for tasks to queue
[2024-12-01T05:27:42.999+0000] {logging_mixin.py:190} INFO - [2024-12-01T05:27:42.998+0000] {dagbag.py:588} INFO - Filling up the DagBag from /home/airflow/.local/lib/python3.12/site-packages/airflow/example_dags/example_time_delta_sensor_async.py
[2024-12-01T05:27:43.002+0000] {processor.py:925} INFO - DAG(s) 'example_time_delta_sensor_async' retrieved from /home/airflow/.local/lib/python3.12/site-packages/airflow/example_dags/example_time_delta_sensor_async.py
[2024-12-01T05:27:43.014+0000] {logging_mixin.py:190} INFO - [2024-12-01T05:27:43.014+0000] {dag.py:3239} INFO - Sync 1 DAGs
[2024-12-01T05:27:43.019+0000] {logging_mixin.py:190} INFO - [2024-12-01T05:27:43.019+0000] {dag.py:4180} INFO - Setting next_dagrun for example_time_delta_sensor_async to None, run_after=None
[2024-12-01T05:27:43.026+0000] {processor.py:208} INFO - Processing /home/airflow/.local/lib/python3.12/site-packages/airflow/example_dags/example_time_delta_sensor_async.py took 0.031 seconds
[2024-12-01T05:28:13.800+0000] {processor.py:186} INFO - Started process (PID=17256) to work on /home/airflow/.local/lib/python3.12/site-packages/airflow/example_dags/example_time_delta_sensor_async.py
[2024-12-01T05:28:13.802+0000] {processor.py:914} INFO - Processing file /home/airflow/.local/lib/python3.12/site-packages/airflow/example_dags/example_time_delta_sensor_async.py for tasks to queue
[2024-12-01T05:28:13.802+0000] {logging_mixin.py:190} INFO - [2024-12-01T05:28:13.802+0000] {dagbag.py:588} INFO - Filling up the DagBag from /home/airflow/.local/lib/python3.12/site-packages/airflow/example_dags/example_time_delta_sensor_async.py
[2024-12-01T05:28:13.806+0000] {processor.py:925} INFO - DAG(s) 'example_time_delta_sensor_async' retrieved from /home/airflow/.local/lib/python3.12/site-packages/airflow/example_dags/example_time_delta_sensor_async.py
[2024-12-01T05:28:13.819+0000] {logging_mixin.py:190} INFO - [2024-12-01T05:28:13.819+0000] {dag.py:3239} INFO - Sync 1 DAGs
[2024-12-01T05:28:13.827+0000] {logging_mixin.py:190} INFO - [2024-12-01T05:28:13.827+0000] {dag.py:4180} INFO - Setting next_dagrun for example_time_delta_sensor_async to None, run_after=None
[2024-12-01T05:28:13.841+0000] {processor.py:208} INFO - Processing /home/airflow/.local/lib/python3.12/site-packages/airflow/example_dags/example_time_delta_sensor_async.py took 0.047 seconds
[2024-12-01T05:28:44.460+0000] {processor.py:186} INFO - Started process (PID=17637) to work on /home/airflow/.local/lib/python3.12/site-packages/airflow/example_dags/example_time_delta_sensor_async.py
[2024-12-01T05:28:44.461+0000] {processor.py:914} INFO - Processing file /home/airflow/.local/lib/python3.12/site-packages/airflow/example_dags/example_time_delta_sensor_async.py for tasks to queue
[2024-12-01T05:28:44.462+0000] {logging_mixin.py:190} INFO - [2024-12-01T05:28:44.462+0000] {dagbag.py:588} INFO - Filling up the DagBag from /home/airflow/.local/lib/python3.12/site-packages/airflow/example_dags/example_time_delta_sensor_async.py
[2024-12-01T05:28:44.464+0000] {processor.py:925} INFO - DAG(s) 'example_time_delta_sensor_async' retrieved from /home/airflow/.local/lib/python3.12/site-packages/airflow/example_dags/example_time_delta_sensor_async.py
[2024-12-01T05:28:44.472+0000] {logging_mixin.py:190} INFO - [2024-12-01T05:28:44.472+0000] {dag.py:3239} INFO - Sync 1 DAGs
[2024-12-01T05:28:44.477+0000] {logging_mixin.py:190} INFO - [2024-12-01T05:28:44.477+0000] {dag.py:4180} INFO - Setting next_dagrun for example_time_delta_sensor_async to None, run_after=None
[2024-12-01T05:28:44.482+0000] {processor.py:208} INFO - Processing /home/airflow/.local/lib/python3.12/site-packages/airflow/example_dags/example_time_delta_sensor_async.py took 0.025 seconds
[2024-12-01T05:29:14.965+0000] {processor.py:186} INFO - Started process (PID=18013) to work on /home/airflow/.local/lib/python3.12/site-packages/airflow/example_dags/example_time_delta_sensor_async.py
[2024-12-01T05:29:14.965+0000] {processor.py:914} INFO - Processing file /home/airflow/.local/lib/python3.12/site-packages/airflow/example_dags/example_time_delta_sensor_async.py for tasks to queue
[2024-12-01T05:29:14.965+0000] {logging_mixin.py:190} INFO - [2024-12-01T05:29:14.965+0000] {dagbag.py:588} INFO - Filling up the DagBag from /home/airflow/.local/lib/python3.12/site-packages/airflow/example_dags/example_time_delta_sensor_async.py
[2024-12-01T05:29:14.968+0000] {processor.py:925} INFO - DAG(s) 'example_time_delta_sensor_async' retrieved from /home/airflow/.local/lib/python3.12/site-packages/airflow/example_dags/example_time_delta_sensor_async.py
[2024-12-01T05:29:14.975+0000] {logging_mixin.py:190} INFO - [2024-12-01T05:29:14.975+0000] {dag.py:3239} INFO - Sync 1 DAGs
[2024-12-01T05:29:14.980+0000] {logging_mixin.py:190} INFO - [2024-12-01T05:29:14.980+0000] {dag.py:4180} INFO - Setting next_dagrun for example_time_delta_sensor_async to None, run_after=None
[2024-12-01T05:29:14.985+0000] {processor.py:208} INFO - Processing /home/airflow/.local/lib/python3.12/site-packages/airflow/example_dags/example_time_delta_sensor_async.py took 0.023 seconds
[2024-12-01T05:29:45.583+0000] {processor.py:186} INFO - Started process (PID=18377) to work on /home/airflow/.local/lib/python3.12/site-packages/airflow/example_dags/example_time_delta_sensor_async.py
[2024-12-01T05:29:45.583+0000] {processor.py:914} INFO - Processing file /home/airflow/.local/lib/python3.12/site-packages/airflow/example_dags/example_time_delta_sensor_async.py for tasks to queue
[2024-12-01T05:29:45.584+0000] {logging_mixin.py:190} INFO - [2024-12-01T05:29:45.584+0000] {dagbag.py:588} INFO - Filling up the DagBag from /home/airflow/.local/lib/python3.12/site-packages/airflow/example_dags/example_time_delta_sensor_async.py
[2024-12-01T05:29:45.588+0000] {processor.py:925} INFO - DAG(s) 'example_time_delta_sensor_async' retrieved from /home/airflow/.local/lib/python3.12/site-packages/airflow/example_dags/example_time_delta_sensor_async.py
[2024-12-01T05:29:45.595+0000] {logging_mixin.py:190} INFO - [2024-12-01T05:29:45.595+0000] {dag.py:3239} INFO - Sync 1 DAGs
[2024-12-01T05:29:45.601+0000] {logging_mixin.py:190} INFO - [2024-12-01T05:29:45.600+0000] {dag.py:4180} INFO - Setting next_dagrun for example_time_delta_sensor_async to None, run_after=None
[2024-12-01T05:29:45.608+0000] {processor.py:208} INFO - Processing /home/airflow/.local/lib/python3.12/site-packages/airflow/example_dags/example_time_delta_sensor_async.py took 0.027 seconds
