[2024-12-01T05:05:12.230+0000] {processor.py:186} INFO - Started process (PID=467) to work on /home/airflow/.local/lib/python3.12/site-packages/airflow/example_dags/example_branch_datetime_operator.py
[2024-12-01T05:05:12.231+0000] {processor.py:914} INFO - Processing file /home/airflow/.local/lib/python3.12/site-packages/airflow/example_dags/example_branch_datetime_operator.py for tasks to queue
[2024-12-01T05:05:12.234+0000] {logging_mixin.py:190} INFO - [2024-12-01T05:05:12.234+0000] {dagbag.py:588} INFO - Filling up the DagBag from /home/airflow/.local/lib/python3.12/site-packages/airflow/example_dags/example_branch_datetime_operator.py
[2024-12-01T05:05:12.240+0000] {processor.py:925} INFO - DAG(s) 'example_branch_datetime_operator', 'example_branch_datetime_operator_3', 'example_branch_datetime_operator_2' retrieved from /home/airflow/.local/lib/python3.12/site-packages/airflow/example_dags/example_branch_datetime_operator.py
[2024-12-01T05:05:12.252+0000] {logging_mixin.py:190} INFO - [2024-12-01T05:05:12.252+0000] {dag.py:3239} INFO - Sync 3 DAGs
[2024-12-01T05:05:12.264+0000] {logging_mixin.py:190} INFO - [2024-12-01T05:05:12.264+0000] {dag.py:4180} INFO - Setting next_dagrun for example_branch_datetime_operator to 2024-11-30 00:00:00+00:00, run_after=2024-12-01 00:00:00+00:00
[2024-12-01T05:05:12.267+0000] {logging_mixin.py:190} INFO - [2024-12-01T05:05:12.267+0000] {dag.py:4180} INFO - Setting next_dagrun for example_branch_datetime_operator_2 to 2024-11-30 00:00:00+00:00, run_after=2024-12-01 00:00:00+00:00
[2024-12-01T05:05:12.269+0000] {logging_mixin.py:190} INFO - [2024-12-01T05:05:12.269+0000] {dag.py:4180} INFO - Setting next_dagrun for example_branch_datetime_operator_3 to 2024-11-30 00:00:00+00:00, run_after=2024-12-01 00:00:00+00:00
[2024-12-01T05:05:12.278+0000] {processor.py:208} INFO - Processing /home/airflow/.local/lib/python3.12/site-packages/airflow/example_dags/example_branch_datetime_operator.py took 0.051 seconds
[2024-12-01T05:05:43.062+0000] {processor.py:186} INFO - Started process (PID=844) to work on /home/airflow/.local/lib/python3.12/site-packages/airflow/example_dags/example_branch_datetime_operator.py
[2024-12-01T05:05:43.062+0000] {processor.py:914} INFO - Processing file /home/airflow/.local/lib/python3.12/site-packages/airflow/example_dags/example_branch_datetime_operator.py for tasks to queue
[2024-12-01T05:05:43.063+0000] {logging_mixin.py:190} INFO - [2024-12-01T05:05:43.063+0000] {dagbag.py:588} INFO - Filling up the DagBag from /home/airflow/.local/lib/python3.12/site-packages/airflow/example_dags/example_branch_datetime_operator.py
[2024-12-01T05:05:43.071+0000] {processor.py:925} INFO - DAG(s) 'example_branch_datetime_operator', 'example_branch_datetime_operator_2', 'example_branch_datetime_operator_3' retrieved from /home/airflow/.local/lib/python3.12/site-packages/airflow/example_dags/example_branch_datetime_operator.py
[2024-12-01T05:05:43.088+0000] {logging_mixin.py:190} INFO - [2024-12-01T05:05:43.088+0000] {dag.py:3239} INFO - Sync 3 DAGs
[2024-12-01T05:05:43.099+0000] {logging_mixin.py:190} INFO - [2024-12-01T05:05:43.099+0000] {dag.py:4180} INFO - Setting next_dagrun for example_branch_datetime_operator to 2024-11-30 00:00:00+00:00, run_after=2024-12-01 00:00:00+00:00
[2024-12-01T05:05:43.101+0000] {logging_mixin.py:190} INFO - [2024-12-01T05:05:43.101+0000] {dag.py:4180} INFO - Setting next_dagrun for example_branch_datetime_operator_2 to 2024-11-30 00:00:00+00:00, run_after=2024-12-01 00:00:00+00:00
[2024-12-01T05:05:43.101+0000] {logging_mixin.py:190} INFO - [2024-12-01T05:05:43.101+0000] {dag.py:4180} INFO - Setting next_dagrun for example_branch_datetime_operator_3 to 2024-11-30 00:00:00+00:00, run_after=2024-12-01 00:00:00+00:00
[2024-12-01T05:05:43.107+0000] {processor.py:208} INFO - Processing /home/airflow/.local/lib/python3.12/site-packages/airflow/example_dags/example_branch_datetime_operator.py took 0.048 seconds
[2024-12-01T05:06:13.641+0000] {processor.py:186} INFO - Started process (PID=1213) to work on /home/airflow/.local/lib/python3.12/site-packages/airflow/example_dags/example_branch_datetime_operator.py
[2024-12-01T05:06:13.641+0000] {processor.py:914} INFO - Processing file /home/airflow/.local/lib/python3.12/site-packages/airflow/example_dags/example_branch_datetime_operator.py for tasks to queue
[2024-12-01T05:06:13.642+0000] {logging_mixin.py:190} INFO - [2024-12-01T05:06:13.642+0000] {dagbag.py:588} INFO - Filling up the DagBag from /home/airflow/.local/lib/python3.12/site-packages/airflow/example_dags/example_branch_datetime_operator.py
[2024-12-01T05:06:13.648+0000] {processor.py:925} INFO - DAG(s) 'example_branch_datetime_operator', 'example_branch_datetime_operator_3', 'example_branch_datetime_operator_2' retrieved from /home/airflow/.local/lib/python3.12/site-packages/airflow/example_dags/example_branch_datetime_operator.py
[2024-12-01T05:06:13.663+0000] {logging_mixin.py:190} INFO - [2024-12-01T05:06:13.663+0000] {dag.py:3239} INFO - Sync 3 DAGs
[2024-12-01T05:06:13.674+0000] {logging_mixin.py:190} INFO - [2024-12-01T05:06:13.674+0000] {dag.py:4180} INFO - Setting next_dagrun for example_branch_datetime_operator to 2024-11-30 00:00:00+00:00, run_after=2024-12-01 00:00:00+00:00
[2024-12-01T05:06:13.676+0000] {logging_mixin.py:190} INFO - [2024-12-01T05:06:13.676+0000] {dag.py:4180} INFO - Setting next_dagrun for example_branch_datetime_operator_2 to 2024-11-30 00:00:00+00:00, run_after=2024-12-01 00:00:00+00:00
[2024-12-01T05:06:13.677+0000] {logging_mixin.py:190} INFO - [2024-12-01T05:06:13.677+0000] {dag.py:4180} INFO - Setting next_dagrun for example_branch_datetime_operator_3 to 2024-11-30 00:00:00+00:00, run_after=2024-12-01 00:00:00+00:00
[2024-12-01T05:06:13.688+0000] {processor.py:208} INFO - Processing /home/airflow/.local/lib/python3.12/site-packages/airflow/example_dags/example_branch_datetime_operator.py took 0.049 seconds
[2024-12-01T05:06:44.567+0000] {processor.py:186} INFO - Started process (PID=1584) to work on /home/airflow/.local/lib/python3.12/site-packages/airflow/example_dags/example_branch_datetime_operator.py
[2024-12-01T05:06:44.567+0000] {processor.py:914} INFO - Processing file /home/airflow/.local/lib/python3.12/site-packages/airflow/example_dags/example_branch_datetime_operator.py for tasks to queue
[2024-12-01T05:06:44.569+0000] {logging_mixin.py:190} INFO - [2024-12-01T05:06:44.568+0000] {dagbag.py:588} INFO - Filling up the DagBag from /home/airflow/.local/lib/python3.12/site-packages/airflow/example_dags/example_branch_datetime_operator.py
[2024-12-01T05:06:44.575+0000] {processor.py:925} INFO - DAG(s) 'example_branch_datetime_operator_3', 'example_branch_datetime_operator_2', 'example_branch_datetime_operator' retrieved from /home/airflow/.local/lib/python3.12/site-packages/airflow/example_dags/example_branch_datetime_operator.py
[2024-12-01T05:06:44.589+0000] {logging_mixin.py:190} INFO - [2024-12-01T05:06:44.589+0000] {dag.py:3239} INFO - Sync 3 DAGs
[2024-12-01T05:06:44.598+0000] {logging_mixin.py:190} INFO - [2024-12-01T05:06:44.598+0000] {dag.py:4180} INFO - Setting next_dagrun for example_branch_datetime_operator to 2024-11-30 00:00:00+00:00, run_after=2024-12-01 00:00:00+00:00
[2024-12-01T05:06:44.600+0000] {logging_mixin.py:190} INFO - [2024-12-01T05:06:44.600+0000] {dag.py:4180} INFO - Setting next_dagrun for example_branch_datetime_operator_2 to 2024-11-30 00:00:00+00:00, run_after=2024-12-01 00:00:00+00:00
[2024-12-01T05:06:44.601+0000] {logging_mixin.py:190} INFO - [2024-12-01T05:06:44.601+0000] {dag.py:4180} INFO - Setting next_dagrun for example_branch_datetime_operator_3 to 2024-11-30 00:00:00+00:00, run_after=2024-12-01 00:00:00+00:00
[2024-12-01T05:06:44.606+0000] {processor.py:208} INFO - Processing /home/airflow/.local/lib/python3.12/site-packages/airflow/example_dags/example_branch_datetime_operator.py took 0.042 seconds
[2024-12-01T05:07:15.212+0000] {processor.py:186} INFO - Started process (PID=1967) to work on /home/airflow/.local/lib/python3.12/site-packages/airflow/example_dags/example_branch_datetime_operator.py
[2024-12-01T05:07:15.212+0000] {processor.py:914} INFO - Processing file /home/airflow/.local/lib/python3.12/site-packages/airflow/example_dags/example_branch_datetime_operator.py for tasks to queue
[2024-12-01T05:07:15.212+0000] {logging_mixin.py:190} INFO - [2024-12-01T05:07:15.212+0000] {dagbag.py:588} INFO - Filling up the DagBag from /home/airflow/.local/lib/python3.12/site-packages/airflow/example_dags/example_branch_datetime_operator.py
[2024-12-01T05:07:15.218+0000] {processor.py:925} INFO - DAG(s) 'example_branch_datetime_operator_2', 'example_branch_datetime_operator', 'example_branch_datetime_operator_3' retrieved from /home/airflow/.local/lib/python3.12/site-packages/airflow/example_dags/example_branch_datetime_operator.py
[2024-12-01T05:07:15.229+0000] {logging_mixin.py:190} INFO - [2024-12-01T05:07:15.229+0000] {dag.py:3239} INFO - Sync 3 DAGs
[2024-12-01T05:07:15.239+0000] {logging_mixin.py:190} INFO - [2024-12-01T05:07:15.238+0000] {dag.py:4180} INFO - Setting next_dagrun for example_branch_datetime_operator to 2024-11-30 00:00:00+00:00, run_after=2024-12-01 00:00:00+00:00
[2024-12-01T05:07:15.240+0000] {logging_mixin.py:190} INFO - [2024-12-01T05:07:15.240+0000] {dag.py:4180} INFO - Setting next_dagrun for example_branch_datetime_operator_2 to 2024-11-30 00:00:00+00:00, run_after=2024-12-01 00:00:00+00:00
[2024-12-01T05:07:15.241+0000] {logging_mixin.py:190} INFO - [2024-12-01T05:07:15.241+0000] {dag.py:4180} INFO - Setting next_dagrun for example_branch_datetime_operator_3 to 2024-11-30 00:00:00+00:00, run_after=2024-12-01 00:00:00+00:00
[2024-12-01T05:07:15.248+0000] {processor.py:208} INFO - Processing /home/airflow/.local/lib/python3.12/site-packages/airflow/example_dags/example_branch_datetime_operator.py took 0.039 seconds
[2024-12-01T05:07:45.881+0000] {processor.py:186} INFO - Started process (PID=2358) to work on /home/airflow/.local/lib/python3.12/site-packages/airflow/example_dags/example_branch_datetime_operator.py
[2024-12-01T05:07:45.882+0000] {processor.py:914} INFO - Processing file /home/airflow/.local/lib/python3.12/site-packages/airflow/example_dags/example_branch_datetime_operator.py for tasks to queue
[2024-12-01T05:07:45.882+0000] {logging_mixin.py:190} INFO - [2024-12-01T05:07:45.882+0000] {dagbag.py:588} INFO - Filling up the DagBag from /home/airflow/.local/lib/python3.12/site-packages/airflow/example_dags/example_branch_datetime_operator.py
[2024-12-01T05:07:45.887+0000] {processor.py:925} INFO - DAG(s) 'example_branch_datetime_operator_3', 'example_branch_datetime_operator_2', 'example_branch_datetime_operator' retrieved from /home/airflow/.local/lib/python3.12/site-packages/airflow/example_dags/example_branch_datetime_operator.py
[2024-12-01T05:07:45.898+0000] {logging_mixin.py:190} INFO - [2024-12-01T05:07:45.897+0000] {dag.py:3239} INFO - Sync 3 DAGs
[2024-12-01T05:07:45.909+0000] {logging_mixin.py:190} INFO - [2024-12-01T05:07:45.909+0000] {dag.py:4180} INFO - Setting next_dagrun for example_branch_datetime_operator to 2024-11-30 00:00:00+00:00, run_after=2024-12-01 00:00:00+00:00
[2024-12-01T05:07:45.911+0000] {logging_mixin.py:190} INFO - [2024-12-01T05:07:45.911+0000] {dag.py:4180} INFO - Setting next_dagrun for example_branch_datetime_operator_2 to 2024-11-30 00:00:00+00:00, run_after=2024-12-01 00:00:00+00:00
[2024-12-01T05:07:45.912+0000] {logging_mixin.py:190} INFO - [2024-12-01T05:07:45.912+0000] {dag.py:4180} INFO - Setting next_dagrun for example_branch_datetime_operator_3 to 2024-11-30 00:00:00+00:00, run_after=2024-12-01 00:00:00+00:00
[2024-12-01T05:07:45.926+0000] {processor.py:208} INFO - Processing /home/airflow/.local/lib/python3.12/site-packages/airflow/example_dags/example_branch_datetime_operator.py took 0.047 seconds
[2024-12-01T05:08:16.488+0000] {processor.py:186} INFO - Started process (PID=2729) to work on /home/airflow/.local/lib/python3.12/site-packages/airflow/example_dags/example_branch_datetime_operator.py
[2024-12-01T05:08:16.488+0000] {processor.py:914} INFO - Processing file /home/airflow/.local/lib/python3.12/site-packages/airflow/example_dags/example_branch_datetime_operator.py for tasks to queue
[2024-12-01T05:08:16.489+0000] {logging_mixin.py:190} INFO - [2024-12-01T05:08:16.489+0000] {dagbag.py:588} INFO - Filling up the DagBag from /home/airflow/.local/lib/python3.12/site-packages/airflow/example_dags/example_branch_datetime_operator.py
[2024-12-01T05:08:16.494+0000] {processor.py:925} INFO - DAG(s) 'example_branch_datetime_operator', 'example_branch_datetime_operator_3', 'example_branch_datetime_operator_2' retrieved from /home/airflow/.local/lib/python3.12/site-packages/airflow/example_dags/example_branch_datetime_operator.py
[2024-12-01T05:08:16.504+0000] {logging_mixin.py:190} INFO - [2024-12-01T05:08:16.504+0000] {dag.py:3239} INFO - Sync 3 DAGs
[2024-12-01T05:08:16.513+0000] {logging_mixin.py:190} INFO - [2024-12-01T05:08:16.513+0000] {dag.py:4180} INFO - Setting next_dagrun for example_branch_datetime_operator to 2024-11-30 00:00:00+00:00, run_after=2024-12-01 00:00:00+00:00
[2024-12-01T05:08:16.515+0000] {logging_mixin.py:190} INFO - [2024-12-01T05:08:16.515+0000] {dag.py:4180} INFO - Setting next_dagrun for example_branch_datetime_operator_2 to 2024-11-30 00:00:00+00:00, run_after=2024-12-01 00:00:00+00:00
[2024-12-01T05:08:16.516+0000] {logging_mixin.py:190} INFO - [2024-12-01T05:08:16.516+0000] {dag.py:4180} INFO - Setting next_dagrun for example_branch_datetime_operator_3 to 2024-11-30 00:00:00+00:00, run_after=2024-12-01 00:00:00+00:00
[2024-12-01T05:08:16.521+0000] {processor.py:208} INFO - Processing /home/airflow/.local/lib/python3.12/site-packages/airflow/example_dags/example_branch_datetime_operator.py took 0.035 seconds
[2024-12-01T05:08:47.246+0000] {processor.py:186} INFO - Started process (PID=3104) to work on /home/airflow/.local/lib/python3.12/site-packages/airflow/example_dags/example_branch_datetime_operator.py
[2024-12-01T05:08:47.248+0000] {processor.py:914} INFO - Processing file /home/airflow/.local/lib/python3.12/site-packages/airflow/example_dags/example_branch_datetime_operator.py for tasks to queue
[2024-12-01T05:08:47.249+0000] {logging_mixin.py:190} INFO - [2024-12-01T05:08:47.249+0000] {dagbag.py:588} INFO - Filling up the DagBag from /home/airflow/.local/lib/python3.12/site-packages/airflow/example_dags/example_branch_datetime_operator.py
[2024-12-01T05:08:47.253+0000] {processor.py:925} INFO - DAG(s) 'example_branch_datetime_operator_3', 'example_branch_datetime_operator', 'example_branch_datetime_operator_2' retrieved from /home/airflow/.local/lib/python3.12/site-packages/airflow/example_dags/example_branch_datetime_operator.py
[2024-12-01T05:08:47.273+0000] {logging_mixin.py:190} INFO - [2024-12-01T05:08:47.273+0000] {dag.py:3239} INFO - Sync 3 DAGs
[2024-12-01T05:08:47.288+0000] {logging_mixin.py:190} INFO - [2024-12-01T05:08:47.287+0000] {dag.py:4180} INFO - Setting next_dagrun for example_branch_datetime_operator to 2024-11-30 00:00:00+00:00, run_after=2024-12-01 00:00:00+00:00
[2024-12-01T05:08:47.291+0000] {logging_mixin.py:190} INFO - [2024-12-01T05:08:47.291+0000] {dag.py:4180} INFO - Setting next_dagrun for example_branch_datetime_operator_2 to 2024-11-30 00:00:00+00:00, run_after=2024-12-01 00:00:00+00:00
[2024-12-01T05:08:47.293+0000] {logging_mixin.py:190} INFO - [2024-12-01T05:08:47.293+0000] {dag.py:4180} INFO - Setting next_dagrun for example_branch_datetime_operator_3 to 2024-11-30 00:00:00+00:00, run_after=2024-12-01 00:00:00+00:00
[2024-12-01T05:08:47.301+0000] {processor.py:208} INFO - Processing /home/airflow/.local/lib/python3.12/site-packages/airflow/example_dags/example_branch_datetime_operator.py took 0.058 seconds
[2024-12-01T05:09:17.966+0000] {processor.py:186} INFO - Started process (PID=3479) to work on /home/airflow/.local/lib/python3.12/site-packages/airflow/example_dags/example_branch_datetime_operator.py
[2024-12-01T05:09:17.966+0000] {processor.py:914} INFO - Processing file /home/airflow/.local/lib/python3.12/site-packages/airflow/example_dags/example_branch_datetime_operator.py for tasks to queue
[2024-12-01T05:09:17.967+0000] {logging_mixin.py:190} INFO - [2024-12-01T05:09:17.967+0000] {dagbag.py:588} INFO - Filling up the DagBag from /home/airflow/.local/lib/python3.12/site-packages/airflow/example_dags/example_branch_datetime_operator.py
[2024-12-01T05:09:17.972+0000] {processor.py:925} INFO - DAG(s) 'example_branch_datetime_operator_3', 'example_branch_datetime_operator', 'example_branch_datetime_operator_2' retrieved from /home/airflow/.local/lib/python3.12/site-packages/airflow/example_dags/example_branch_datetime_operator.py
[2024-12-01T05:09:17.983+0000] {logging_mixin.py:190} INFO - [2024-12-01T05:09:17.983+0000] {dag.py:3239} INFO - Sync 3 DAGs
[2024-12-01T05:09:17.992+0000] {logging_mixin.py:190} INFO - [2024-12-01T05:09:17.992+0000] {dag.py:4180} INFO - Setting next_dagrun for example_branch_datetime_operator to 2024-11-30 00:00:00+00:00, run_after=2024-12-01 00:00:00+00:00
[2024-12-01T05:09:17.994+0000] {logging_mixin.py:190} INFO - [2024-12-01T05:09:17.994+0000] {dag.py:4180} INFO - Setting next_dagrun for example_branch_datetime_operator_2 to 2024-11-30 00:00:00+00:00, run_after=2024-12-01 00:00:00+00:00
[2024-12-01T05:09:17.995+0000] {logging_mixin.py:190} INFO - [2024-12-01T05:09:17.995+0000] {dag.py:4180} INFO - Setting next_dagrun for example_branch_datetime_operator_3 to 2024-11-30 00:00:00+00:00, run_after=2024-12-01 00:00:00+00:00
[2024-12-01T05:09:18.001+0000] {processor.py:208} INFO - Processing /home/airflow/.local/lib/python3.12/site-packages/airflow/example_dags/example_branch_datetime_operator.py took 0.038 seconds
[2024-12-01T05:09:48.705+0000] {processor.py:186} INFO - Started process (PID=3850) to work on /home/airflow/.local/lib/python3.12/site-packages/airflow/example_dags/example_branch_datetime_operator.py
[2024-12-01T05:09:48.705+0000] {processor.py:914} INFO - Processing file /home/airflow/.local/lib/python3.12/site-packages/airflow/example_dags/example_branch_datetime_operator.py for tasks to queue
[2024-12-01T05:09:48.706+0000] {logging_mixin.py:190} INFO - [2024-12-01T05:09:48.706+0000] {dagbag.py:588} INFO - Filling up the DagBag from /home/airflow/.local/lib/python3.12/site-packages/airflow/example_dags/example_branch_datetime_operator.py
[2024-12-01T05:09:48.711+0000] {processor.py:925} INFO - DAG(s) 'example_branch_datetime_operator_3', 'example_branch_datetime_operator_2', 'example_branch_datetime_operator' retrieved from /home/airflow/.local/lib/python3.12/site-packages/airflow/example_dags/example_branch_datetime_operator.py
[2024-12-01T05:09:48.721+0000] {logging_mixin.py:190} INFO - [2024-12-01T05:09:48.720+0000] {dag.py:3239} INFO - Sync 3 DAGs
[2024-12-01T05:09:48.730+0000] {logging_mixin.py:190} INFO - [2024-12-01T05:09:48.730+0000] {dag.py:4180} INFO - Setting next_dagrun for example_branch_datetime_operator to 2024-11-30 00:00:00+00:00, run_after=2024-12-01 00:00:00+00:00
[2024-12-01T05:09:48.731+0000] {logging_mixin.py:190} INFO - [2024-12-01T05:09:48.731+0000] {dag.py:4180} INFO - Setting next_dagrun for example_branch_datetime_operator_2 to 2024-11-30 00:00:00+00:00, run_after=2024-12-01 00:00:00+00:00
[2024-12-01T05:09:48.732+0000] {logging_mixin.py:190} INFO - [2024-12-01T05:09:48.732+0000] {dag.py:4180} INFO - Setting next_dagrun for example_branch_datetime_operator_3 to 2024-11-30 00:00:00+00:00, run_after=2024-12-01 00:00:00+00:00
[2024-12-01T05:09:48.738+0000] {processor.py:208} INFO - Processing /home/airflow/.local/lib/python3.12/site-packages/airflow/example_dags/example_branch_datetime_operator.py took 0.035 seconds
[2024-12-01T05:10:19.454+0000] {processor.py:186} INFO - Started process (PID=4264) to work on /home/airflow/.local/lib/python3.12/site-packages/airflow/example_dags/example_branch_datetime_operator.py
[2024-12-01T05:10:19.454+0000] {processor.py:914} INFO - Processing file /home/airflow/.local/lib/python3.12/site-packages/airflow/example_dags/example_branch_datetime_operator.py for tasks to queue
[2024-12-01T05:10:19.455+0000] {logging_mixin.py:190} INFO - [2024-12-01T05:10:19.455+0000] {dagbag.py:588} INFO - Filling up the DagBag from /home/airflow/.local/lib/python3.12/site-packages/airflow/example_dags/example_branch_datetime_operator.py
[2024-12-01T05:10:19.459+0000] {processor.py:925} INFO - DAG(s) 'example_branch_datetime_operator_2', 'example_branch_datetime_operator_3', 'example_branch_datetime_operator' retrieved from /home/airflow/.local/lib/python3.12/site-packages/airflow/example_dags/example_branch_datetime_operator.py
[2024-12-01T05:10:19.470+0000] {logging_mixin.py:190} INFO - [2024-12-01T05:10:19.470+0000] {dag.py:3239} INFO - Sync 3 DAGs
[2024-12-01T05:10:19.479+0000] {logging_mixin.py:190} INFO - [2024-12-01T05:10:19.478+0000] {dag.py:4180} INFO - Setting next_dagrun for example_branch_datetime_operator to 2024-11-30 00:00:00+00:00, run_after=2024-12-01 00:00:00+00:00
[2024-12-01T05:10:19.481+0000] {logging_mixin.py:190} INFO - [2024-12-01T05:10:19.481+0000] {dag.py:4180} INFO - Setting next_dagrun for example_branch_datetime_operator_2 to 2024-11-30 00:00:00+00:00, run_after=2024-12-01 00:00:00+00:00
[2024-12-01T05:10:19.481+0000] {logging_mixin.py:190} INFO - [2024-12-01T05:10:19.481+0000] {dag.py:4180} INFO - Setting next_dagrun for example_branch_datetime_operator_3 to 2024-11-30 00:00:00+00:00, run_after=2024-12-01 00:00:00+00:00
[2024-12-01T05:10:19.487+0000] {processor.py:208} INFO - Processing /home/airflow/.local/lib/python3.12/site-packages/airflow/example_dags/example_branch_datetime_operator.py took 0.035 seconds
[2024-12-01T05:10:50.073+0000] {processor.py:186} INFO - Started process (PID=4652) to work on /home/airflow/.local/lib/python3.12/site-packages/airflow/example_dags/example_branch_datetime_operator.py
[2024-12-01T05:10:50.076+0000] {processor.py:914} INFO - Processing file /home/airflow/.local/lib/python3.12/site-packages/airflow/example_dags/example_branch_datetime_operator.py for tasks to queue
[2024-12-01T05:10:50.076+0000] {logging_mixin.py:190} INFO - [2024-12-01T05:10:50.076+0000] {dagbag.py:588} INFO - Filling up the DagBag from /home/airflow/.local/lib/python3.12/site-packages/airflow/example_dags/example_branch_datetime_operator.py
[2024-12-01T05:10:50.081+0000] {processor.py:925} INFO - DAG(s) 'example_branch_datetime_operator_3', 'example_branch_datetime_operator', 'example_branch_datetime_operator_2' retrieved from /home/airflow/.local/lib/python3.12/site-packages/airflow/example_dags/example_branch_datetime_operator.py
[2024-12-01T05:10:50.093+0000] {logging_mixin.py:190} INFO - [2024-12-01T05:10:50.093+0000] {dag.py:3239} INFO - Sync 3 DAGs
[2024-12-01T05:10:50.104+0000] {logging_mixin.py:190} INFO - [2024-12-01T05:10:50.104+0000] {dag.py:4180} INFO - Setting next_dagrun for example_branch_datetime_operator to 2024-11-30 00:00:00+00:00, run_after=2024-12-01 00:00:00+00:00
[2024-12-01T05:10:50.106+0000] {logging_mixin.py:190} INFO - [2024-12-01T05:10:50.106+0000] {dag.py:4180} INFO - Setting next_dagrun for example_branch_datetime_operator_2 to 2024-11-30 00:00:00+00:00, run_after=2024-12-01 00:00:00+00:00
[2024-12-01T05:10:50.107+0000] {logging_mixin.py:190} INFO - [2024-12-01T05:10:50.107+0000] {dag.py:4180} INFO - Setting next_dagrun for example_branch_datetime_operator_3 to 2024-11-30 00:00:00+00:00, run_after=2024-12-01 00:00:00+00:00
[2024-12-01T05:10:50.116+0000] {processor.py:208} INFO - Processing /home/airflow/.local/lib/python3.12/site-packages/airflow/example_dags/example_branch_datetime_operator.py took 0.045 seconds
[2024-12-01T05:11:20.646+0000] {processor.py:186} INFO - Started process (PID=5018) to work on /home/airflow/.local/lib/python3.12/site-packages/airflow/example_dags/example_branch_datetime_operator.py
[2024-12-01T05:11:20.646+0000] {processor.py:914} INFO - Processing file /home/airflow/.local/lib/python3.12/site-packages/airflow/example_dags/example_branch_datetime_operator.py for tasks to queue
[2024-12-01T05:11:20.647+0000] {logging_mixin.py:190} INFO - [2024-12-01T05:11:20.646+0000] {dagbag.py:588} INFO - Filling up the DagBag from /home/airflow/.local/lib/python3.12/site-packages/airflow/example_dags/example_branch_datetime_operator.py
[2024-12-01T05:11:20.651+0000] {processor.py:925} INFO - DAG(s) 'example_branch_datetime_operator_3', 'example_branch_datetime_operator_2', 'example_branch_datetime_operator' retrieved from /home/airflow/.local/lib/python3.12/site-packages/airflow/example_dags/example_branch_datetime_operator.py
[2024-12-01T05:11:20.661+0000] {logging_mixin.py:190} INFO - [2024-12-01T05:11:20.661+0000] {dag.py:3239} INFO - Sync 3 DAGs
[2024-12-01T05:11:20.671+0000] {logging_mixin.py:190} INFO - [2024-12-01T05:11:20.671+0000] {dag.py:4180} INFO - Setting next_dagrun for example_branch_datetime_operator to 2024-11-30 00:00:00+00:00, run_after=2024-12-01 00:00:00+00:00
[2024-12-01T05:11:20.672+0000] {logging_mixin.py:190} INFO - [2024-12-01T05:11:20.672+0000] {dag.py:4180} INFO - Setting next_dagrun for example_branch_datetime_operator_2 to 2024-11-30 00:00:00+00:00, run_after=2024-12-01 00:00:00+00:00
[2024-12-01T05:11:20.673+0000] {logging_mixin.py:190} INFO - [2024-12-01T05:11:20.673+0000] {dag.py:4180} INFO - Setting next_dagrun for example_branch_datetime_operator_3 to 2024-11-30 00:00:00+00:00, run_after=2024-12-01 00:00:00+00:00
[2024-12-01T05:11:20.679+0000] {processor.py:208} INFO - Processing /home/airflow/.local/lib/python3.12/site-packages/airflow/example_dags/example_branch_datetime_operator.py took 0.035 seconds
[2024-12-01T05:11:51.019+0000] {processor.py:186} INFO - Started process (PID=5384) to work on /home/airflow/.local/lib/python3.12/site-packages/airflow/example_dags/example_branch_datetime_operator.py
[2024-12-01T05:11:51.019+0000] {processor.py:914} INFO - Processing file /home/airflow/.local/lib/python3.12/site-packages/airflow/example_dags/example_branch_datetime_operator.py for tasks to queue
[2024-12-01T05:11:51.020+0000] {logging_mixin.py:190} INFO - [2024-12-01T05:11:51.019+0000] {dagbag.py:588} INFO - Filling up the DagBag from /home/airflow/.local/lib/python3.12/site-packages/airflow/example_dags/example_branch_datetime_operator.py
[2024-12-01T05:11:51.024+0000] {processor.py:925} INFO - DAG(s) 'example_branch_datetime_operator', 'example_branch_datetime_operator_2', 'example_branch_datetime_operator_3' retrieved from /home/airflow/.local/lib/python3.12/site-packages/airflow/example_dags/example_branch_datetime_operator.py
[2024-12-01T05:11:51.034+0000] {logging_mixin.py:190} INFO - [2024-12-01T05:11:51.034+0000] {dag.py:3239} INFO - Sync 3 DAGs
[2024-12-01T05:11:51.043+0000] {logging_mixin.py:190} INFO - [2024-12-01T05:11:51.043+0000] {dag.py:4180} INFO - Setting next_dagrun for example_branch_datetime_operator to 2024-11-30 00:00:00+00:00, run_after=2024-12-01 00:00:00+00:00
[2024-12-01T05:11:51.045+0000] {logging_mixin.py:190} INFO - [2024-12-01T05:11:51.045+0000] {dag.py:4180} INFO - Setting next_dagrun for example_branch_datetime_operator_2 to 2024-11-30 00:00:00+00:00, run_after=2024-12-01 00:00:00+00:00
[2024-12-01T05:11:51.046+0000] {logging_mixin.py:190} INFO - [2024-12-01T05:11:51.046+0000] {dag.py:4180} INFO - Setting next_dagrun for example_branch_datetime_operator_3 to 2024-11-30 00:00:00+00:00, run_after=2024-12-01 00:00:00+00:00
[2024-12-01T05:11:51.052+0000] {processor.py:208} INFO - Processing /home/airflow/.local/lib/python3.12/site-packages/airflow/example_dags/example_branch_datetime_operator.py took 0.035 seconds
[2024-12-01T05:12:21.729+0000] {processor.py:186} INFO - Started process (PID=5752) to work on /home/airflow/.local/lib/python3.12/site-packages/airflow/example_dags/example_branch_datetime_operator.py
[2024-12-01T05:12:21.729+0000] {processor.py:914} INFO - Processing file /home/airflow/.local/lib/python3.12/site-packages/airflow/example_dags/example_branch_datetime_operator.py for tasks to queue
[2024-12-01T05:12:21.730+0000] {logging_mixin.py:190} INFO - [2024-12-01T05:12:21.729+0000] {dagbag.py:588} INFO - Filling up the DagBag from /home/airflow/.local/lib/python3.12/site-packages/airflow/example_dags/example_branch_datetime_operator.py
[2024-12-01T05:12:21.734+0000] {processor.py:925} INFO - DAG(s) 'example_branch_datetime_operator_2', 'example_branch_datetime_operator', 'example_branch_datetime_operator_3' retrieved from /home/airflow/.local/lib/python3.12/site-packages/airflow/example_dags/example_branch_datetime_operator.py
[2024-12-01T05:12:21.745+0000] {logging_mixin.py:190} INFO - [2024-12-01T05:12:21.745+0000] {dag.py:3239} INFO - Sync 3 DAGs
[2024-12-01T05:12:21.755+0000] {logging_mixin.py:190} INFO - [2024-12-01T05:12:21.755+0000] {dag.py:4180} INFO - Setting next_dagrun for example_branch_datetime_operator to 2024-11-30 00:00:00+00:00, run_after=2024-12-01 00:00:00+00:00
[2024-12-01T05:12:21.758+0000] {logging_mixin.py:190} INFO - [2024-12-01T05:12:21.758+0000] {dag.py:4180} INFO - Setting next_dagrun for example_branch_datetime_operator_2 to 2024-11-30 00:00:00+00:00, run_after=2024-12-01 00:00:00+00:00
[2024-12-01T05:12:21.759+0000] {logging_mixin.py:190} INFO - [2024-12-01T05:12:21.759+0000] {dag.py:4180} INFO - Setting next_dagrun for example_branch_datetime_operator_3 to 2024-11-30 00:00:00+00:00, run_after=2024-12-01 00:00:00+00:00
[2024-12-01T05:12:21.766+0000] {processor.py:208} INFO - Processing /home/airflow/.local/lib/python3.12/site-packages/airflow/example_dags/example_branch_datetime_operator.py took 0.040 seconds
[2024-12-01T05:12:52.334+0000] {processor.py:186} INFO - Started process (PID=6116) to work on /home/airflow/.local/lib/python3.12/site-packages/airflow/example_dags/example_branch_datetime_operator.py
[2024-12-01T05:12:52.334+0000] {processor.py:914} INFO - Processing file /home/airflow/.local/lib/python3.12/site-packages/airflow/example_dags/example_branch_datetime_operator.py for tasks to queue
[2024-12-01T05:12:52.335+0000] {logging_mixin.py:190} INFO - [2024-12-01T05:12:52.335+0000] {dagbag.py:588} INFO - Filling up the DagBag from /home/airflow/.local/lib/python3.12/site-packages/airflow/example_dags/example_branch_datetime_operator.py
[2024-12-01T05:12:52.341+0000] {processor.py:925} INFO - DAG(s) 'example_branch_datetime_operator', 'example_branch_datetime_operator_2', 'example_branch_datetime_operator_3' retrieved from /home/airflow/.local/lib/python3.12/site-packages/airflow/example_dags/example_branch_datetime_operator.py
[2024-12-01T05:12:52.351+0000] {logging_mixin.py:190} INFO - [2024-12-01T05:12:52.351+0000] {dag.py:3239} INFO - Sync 3 DAGs
[2024-12-01T05:12:52.361+0000] {logging_mixin.py:190} INFO - [2024-12-01T05:12:52.361+0000] {dag.py:4180} INFO - Setting next_dagrun for example_branch_datetime_operator to 2024-11-30 00:00:00+00:00, run_after=2024-12-01 00:00:00+00:00
[2024-12-01T05:12:52.364+0000] {logging_mixin.py:190} INFO - [2024-12-01T05:12:52.364+0000] {dag.py:4180} INFO - Setting next_dagrun for example_branch_datetime_operator_2 to 2024-11-30 00:00:00+00:00, run_after=2024-12-01 00:00:00+00:00
[2024-12-01T05:12:52.365+0000] {logging_mixin.py:190} INFO - [2024-12-01T05:12:52.365+0000] {dag.py:4180} INFO - Setting next_dagrun for example_branch_datetime_operator_3 to 2024-11-30 00:00:00+00:00, run_after=2024-12-01 00:00:00+00:00
[2024-12-01T05:12:52.372+0000] {processor.py:208} INFO - Processing /home/airflow/.local/lib/python3.12/site-packages/airflow/example_dags/example_branch_datetime_operator.py took 0.041 seconds
[2024-12-01T05:13:23.036+0000] {processor.py:186} INFO - Started process (PID=6482) to work on /home/airflow/.local/lib/python3.12/site-packages/airflow/example_dags/example_branch_datetime_operator.py
[2024-12-01T05:13:23.036+0000] {processor.py:914} INFO - Processing file /home/airflow/.local/lib/python3.12/site-packages/airflow/example_dags/example_branch_datetime_operator.py for tasks to queue
[2024-12-01T05:13:23.038+0000] {logging_mixin.py:190} INFO - [2024-12-01T05:13:23.037+0000] {dagbag.py:588} INFO - Filling up the DagBag from /home/airflow/.local/lib/python3.12/site-packages/airflow/example_dags/example_branch_datetime_operator.py
[2024-12-01T05:13:23.043+0000] {processor.py:925} INFO - DAG(s) 'example_branch_datetime_operator_3', 'example_branch_datetime_operator', 'example_branch_datetime_operator_2' retrieved from /home/airflow/.local/lib/python3.12/site-packages/airflow/example_dags/example_branch_datetime_operator.py
[2024-12-01T05:13:23.055+0000] {logging_mixin.py:190} INFO - [2024-12-01T05:13:23.055+0000] {dag.py:3239} INFO - Sync 3 DAGs
[2024-12-01T05:13:23.065+0000] {logging_mixin.py:190} INFO - [2024-12-01T05:13:23.065+0000] {dag.py:4180} INFO - Setting next_dagrun for example_branch_datetime_operator to 2024-11-30 00:00:00+00:00, run_after=2024-12-01 00:00:00+00:00
[2024-12-01T05:13:23.067+0000] {logging_mixin.py:190} INFO - [2024-12-01T05:13:23.067+0000] {dag.py:4180} INFO - Setting next_dagrun for example_branch_datetime_operator_2 to 2024-11-30 00:00:00+00:00, run_after=2024-12-01 00:00:00+00:00
[2024-12-01T05:13:23.068+0000] {logging_mixin.py:190} INFO - [2024-12-01T05:13:23.068+0000] {dag.py:4180} INFO - Setting next_dagrun for example_branch_datetime_operator_3 to 2024-11-30 00:00:00+00:00, run_after=2024-12-01 00:00:00+00:00
[2024-12-01T05:13:23.073+0000] {processor.py:208} INFO - Processing /home/airflow/.local/lib/python3.12/site-packages/airflow/example_dags/example_branch_datetime_operator.py took 0.040 seconds
[2024-12-01T05:13:53.605+0000] {processor.py:186} INFO - Started process (PID=6848) to work on /home/airflow/.local/lib/python3.12/site-packages/airflow/example_dags/example_branch_datetime_operator.py
[2024-12-01T05:13:53.605+0000] {processor.py:914} INFO - Processing file /home/airflow/.local/lib/python3.12/site-packages/airflow/example_dags/example_branch_datetime_operator.py for tasks to queue
[2024-12-01T05:13:53.606+0000] {logging_mixin.py:190} INFO - [2024-12-01T05:13:53.606+0000] {dagbag.py:588} INFO - Filling up the DagBag from /home/airflow/.local/lib/python3.12/site-packages/airflow/example_dags/example_branch_datetime_operator.py
[2024-12-01T05:13:53.611+0000] {processor.py:925} INFO - DAG(s) 'example_branch_datetime_operator', 'example_branch_datetime_operator_3', 'example_branch_datetime_operator_2' retrieved from /home/airflow/.local/lib/python3.12/site-packages/airflow/example_dags/example_branch_datetime_operator.py
[2024-12-01T05:13:53.623+0000] {logging_mixin.py:190} INFO - [2024-12-01T05:13:53.623+0000] {dag.py:3239} INFO - Sync 3 DAGs
[2024-12-01T05:13:53.633+0000] {logging_mixin.py:190} INFO - [2024-12-01T05:13:53.633+0000] {dag.py:4180} INFO - Setting next_dagrun for example_branch_datetime_operator to 2024-11-30 00:00:00+00:00, run_after=2024-12-01 00:00:00+00:00
[2024-12-01T05:13:53.635+0000] {logging_mixin.py:190} INFO - [2024-12-01T05:13:53.635+0000] {dag.py:4180} INFO - Setting next_dagrun for example_branch_datetime_operator_2 to 2024-11-30 00:00:00+00:00, run_after=2024-12-01 00:00:00+00:00
[2024-12-01T05:13:53.636+0000] {logging_mixin.py:190} INFO - [2024-12-01T05:13:53.636+0000] {dag.py:4180} INFO - Setting next_dagrun for example_branch_datetime_operator_3 to 2024-11-30 00:00:00+00:00, run_after=2024-12-01 00:00:00+00:00
[2024-12-01T05:13:53.642+0000] {processor.py:208} INFO - Processing /home/airflow/.local/lib/python3.12/site-packages/airflow/example_dags/example_branch_datetime_operator.py took 0.040 seconds
[2024-12-01T05:14:24.287+0000] {processor.py:186} INFO - Started process (PID=7214) to work on /home/airflow/.local/lib/python3.12/site-packages/airflow/example_dags/example_branch_datetime_operator.py
[2024-12-01T05:14:24.289+0000] {processor.py:914} INFO - Processing file /home/airflow/.local/lib/python3.12/site-packages/airflow/example_dags/example_branch_datetime_operator.py for tasks to queue
[2024-12-01T05:14:24.291+0000] {logging_mixin.py:190} INFO - [2024-12-01T05:14:24.291+0000] {dagbag.py:588} INFO - Filling up the DagBag from /home/airflow/.local/lib/python3.12/site-packages/airflow/example_dags/example_branch_datetime_operator.py
[2024-12-01T05:14:24.297+0000] {processor.py:925} INFO - DAG(s) 'example_branch_datetime_operator_2', 'example_branch_datetime_operator_3', 'example_branch_datetime_operator' retrieved from /home/airflow/.local/lib/python3.12/site-packages/airflow/example_dags/example_branch_datetime_operator.py
[2024-12-01T05:14:24.308+0000] {logging_mixin.py:190} INFO - [2024-12-01T05:14:24.308+0000] {dag.py:3239} INFO - Sync 3 DAGs
[2024-12-01T05:14:24.319+0000] {logging_mixin.py:190} INFO - [2024-12-01T05:14:24.319+0000] {dag.py:4180} INFO - Setting next_dagrun for example_branch_datetime_operator to 2024-11-30 00:00:00+00:00, run_after=2024-12-01 00:00:00+00:00
[2024-12-01T05:14:24.323+0000] {logging_mixin.py:190} INFO - [2024-12-01T05:14:24.323+0000] {dag.py:4180} INFO - Setting next_dagrun for example_branch_datetime_operator_2 to 2024-11-30 00:00:00+00:00, run_after=2024-12-01 00:00:00+00:00
[2024-12-01T05:14:24.324+0000] {logging_mixin.py:190} INFO - [2024-12-01T05:14:24.324+0000] {dag.py:4180} INFO - Setting next_dagrun for example_branch_datetime_operator_3 to 2024-11-30 00:00:00+00:00, run_after=2024-12-01 00:00:00+00:00
[2024-12-01T05:14:24.333+0000] {processor.py:208} INFO - Processing /home/airflow/.local/lib/python3.12/site-packages/airflow/example_dags/example_branch_datetime_operator.py took 0.049 seconds
[2024-12-01T05:14:55.070+0000] {processor.py:186} INFO - Started process (PID=7580) to work on /home/airflow/.local/lib/python3.12/site-packages/airflow/example_dags/example_branch_datetime_operator.py
[2024-12-01T05:14:55.072+0000] {processor.py:914} INFO - Processing file /home/airflow/.local/lib/python3.12/site-packages/airflow/example_dags/example_branch_datetime_operator.py for tasks to queue
[2024-12-01T05:14:55.074+0000] {logging_mixin.py:190} INFO - [2024-12-01T05:14:55.073+0000] {dagbag.py:588} INFO - Filling up the DagBag from /home/airflow/.local/lib/python3.12/site-packages/airflow/example_dags/example_branch_datetime_operator.py
[2024-12-01T05:14:55.080+0000] {processor.py:925} INFO - DAG(s) 'example_branch_datetime_operator', 'example_branch_datetime_operator_2', 'example_branch_datetime_operator_3' retrieved from /home/airflow/.local/lib/python3.12/site-packages/airflow/example_dags/example_branch_datetime_operator.py
[2024-12-01T05:14:55.092+0000] {logging_mixin.py:190} INFO - [2024-12-01T05:14:55.092+0000] {dag.py:3239} INFO - Sync 3 DAGs
[2024-12-01T05:14:55.103+0000] {logging_mixin.py:190} INFO - [2024-12-01T05:14:55.103+0000] {dag.py:4180} INFO - Setting next_dagrun for example_branch_datetime_operator to 2024-11-30 00:00:00+00:00, run_after=2024-12-01 00:00:00+00:00
[2024-12-01T05:14:55.108+0000] {logging_mixin.py:190} INFO - [2024-12-01T05:14:55.108+0000] {dag.py:4180} INFO - Setting next_dagrun for example_branch_datetime_operator_2 to 2024-11-30 00:00:00+00:00, run_after=2024-12-01 00:00:00+00:00
[2024-12-01T05:14:55.109+0000] {logging_mixin.py:190} INFO - [2024-12-01T05:14:55.109+0000] {dag.py:4180} INFO - Setting next_dagrun for example_branch_datetime_operator_3 to 2024-11-30 00:00:00+00:00, run_after=2024-12-01 00:00:00+00:00
[2024-12-01T05:14:55.117+0000] {processor.py:208} INFO - Processing /home/airflow/.local/lib/python3.12/site-packages/airflow/example_dags/example_branch_datetime_operator.py took 0.050 seconds
[2024-12-01T05:15:25.718+0000] {processor.py:186} INFO - Started process (PID=7946) to work on /home/airflow/.local/lib/python3.12/site-packages/airflow/example_dags/example_branch_datetime_operator.py
[2024-12-01T05:15:25.718+0000] {processor.py:914} INFO - Processing file /home/airflow/.local/lib/python3.12/site-packages/airflow/example_dags/example_branch_datetime_operator.py for tasks to queue
[2024-12-01T05:15:25.719+0000] {logging_mixin.py:190} INFO - [2024-12-01T05:15:25.719+0000] {dagbag.py:588} INFO - Filling up the DagBag from /home/airflow/.local/lib/python3.12/site-packages/airflow/example_dags/example_branch_datetime_operator.py
[2024-12-01T05:15:25.724+0000] {processor.py:925} INFO - DAG(s) 'example_branch_datetime_operator', 'example_branch_datetime_operator_3', 'example_branch_datetime_operator_2' retrieved from /home/airflow/.local/lib/python3.12/site-packages/airflow/example_dags/example_branch_datetime_operator.py
[2024-12-01T05:15:25.734+0000] {logging_mixin.py:190} INFO - [2024-12-01T05:15:25.734+0000] {dag.py:3239} INFO - Sync 3 DAGs
[2024-12-01T05:15:25.743+0000] {logging_mixin.py:190} INFO - [2024-12-01T05:15:25.743+0000] {dag.py:4180} INFO - Setting next_dagrun for example_branch_datetime_operator to 2024-11-30 00:00:00+00:00, run_after=2024-12-01 00:00:00+00:00
[2024-12-01T05:15:25.745+0000] {logging_mixin.py:190} INFO - [2024-12-01T05:15:25.744+0000] {dag.py:4180} INFO - Setting next_dagrun for example_branch_datetime_operator_2 to 2024-11-30 00:00:00+00:00, run_after=2024-12-01 00:00:00+00:00
[2024-12-01T05:15:25.746+0000] {logging_mixin.py:190} INFO - [2024-12-01T05:15:25.746+0000] {dag.py:4180} INFO - Setting next_dagrun for example_branch_datetime_operator_3 to 2024-11-30 00:00:00+00:00, run_after=2024-12-01 00:00:00+00:00
[2024-12-01T05:15:25.755+0000] {processor.py:208} INFO - Processing /home/airflow/.local/lib/python3.12/site-packages/airflow/example_dags/example_branch_datetime_operator.py took 0.039 seconds
[2024-12-01T05:15:56.404+0000] {processor.py:186} INFO - Started process (PID=8312) to work on /home/airflow/.local/lib/python3.12/site-packages/airflow/example_dags/example_branch_datetime_operator.py
[2024-12-01T05:15:56.405+0000] {processor.py:914} INFO - Processing file /home/airflow/.local/lib/python3.12/site-packages/airflow/example_dags/example_branch_datetime_operator.py for tasks to queue
[2024-12-01T05:15:56.406+0000] {logging_mixin.py:190} INFO - [2024-12-01T05:15:56.405+0000] {dagbag.py:588} INFO - Filling up the DagBag from /home/airflow/.local/lib/python3.12/site-packages/airflow/example_dags/example_branch_datetime_operator.py
[2024-12-01T05:15:56.410+0000] {processor.py:925} INFO - DAG(s) 'example_branch_datetime_operator', 'example_branch_datetime_operator_3', 'example_branch_datetime_operator_2' retrieved from /home/airflow/.local/lib/python3.12/site-packages/airflow/example_dags/example_branch_datetime_operator.py
[2024-12-01T05:15:56.422+0000] {logging_mixin.py:190} INFO - [2024-12-01T05:15:56.421+0000] {dag.py:3239} INFO - Sync 3 DAGs
[2024-12-01T05:15:56.432+0000] {logging_mixin.py:190} INFO - [2024-12-01T05:15:56.432+0000] {dag.py:4180} INFO - Setting next_dagrun for example_branch_datetime_operator to 2024-11-30 00:00:00+00:00, run_after=2024-12-01 00:00:00+00:00
[2024-12-01T05:15:56.434+0000] {logging_mixin.py:190} INFO - [2024-12-01T05:15:56.434+0000] {dag.py:4180} INFO - Setting next_dagrun for example_branch_datetime_operator_2 to 2024-11-30 00:00:00+00:00, run_after=2024-12-01 00:00:00+00:00
[2024-12-01T05:15:56.436+0000] {logging_mixin.py:190} INFO - [2024-12-01T05:15:56.435+0000] {dag.py:4180} INFO - Setting next_dagrun for example_branch_datetime_operator_3 to 2024-11-30 00:00:00+00:00, run_after=2024-12-01 00:00:00+00:00
[2024-12-01T05:15:56.442+0000] {processor.py:208} INFO - Processing /home/airflow/.local/lib/python3.12/site-packages/airflow/example_dags/example_branch_datetime_operator.py took 0.041 seconds
[2024-12-01T05:16:26.866+0000] {processor.py:186} INFO - Started process (PID=8680) to work on /home/airflow/.local/lib/python3.12/site-packages/airflow/example_dags/example_branch_datetime_operator.py
[2024-12-01T05:16:26.867+0000] {processor.py:914} INFO - Processing file /home/airflow/.local/lib/python3.12/site-packages/airflow/example_dags/example_branch_datetime_operator.py for tasks to queue
[2024-12-01T05:16:26.867+0000] {logging_mixin.py:190} INFO - [2024-12-01T05:16:26.867+0000] {dagbag.py:588} INFO - Filling up the DagBag from /home/airflow/.local/lib/python3.12/site-packages/airflow/example_dags/example_branch_datetime_operator.py
[2024-12-01T05:16:26.871+0000] {processor.py:925} INFO - DAG(s) 'example_branch_datetime_operator', 'example_branch_datetime_operator_3', 'example_branch_datetime_operator_2' retrieved from /home/airflow/.local/lib/python3.12/site-packages/airflow/example_dags/example_branch_datetime_operator.py
[2024-12-01T05:16:26.881+0000] {logging_mixin.py:190} INFO - [2024-12-01T05:16:26.881+0000] {dag.py:3239} INFO - Sync 3 DAGs
[2024-12-01T05:16:26.889+0000] {logging_mixin.py:190} INFO - [2024-12-01T05:16:26.889+0000] {dag.py:4180} INFO - Setting next_dagrun for example_branch_datetime_operator to 2024-11-30 00:00:00+00:00, run_after=2024-12-01 00:00:00+00:00
[2024-12-01T05:16:26.891+0000] {logging_mixin.py:190} INFO - [2024-12-01T05:16:26.891+0000] {dag.py:4180} INFO - Setting next_dagrun for example_branch_datetime_operator_2 to 2024-11-30 00:00:00+00:00, run_after=2024-12-01 00:00:00+00:00
[2024-12-01T05:16:26.892+0000] {logging_mixin.py:190} INFO - [2024-12-01T05:16:26.891+0000] {dag.py:4180} INFO - Setting next_dagrun for example_branch_datetime_operator_3 to 2024-11-30 00:00:00+00:00, run_after=2024-12-01 00:00:00+00:00
[2024-12-01T05:16:26.896+0000] {processor.py:208} INFO - Processing /home/airflow/.local/lib/python3.12/site-packages/airflow/example_dags/example_branch_datetime_operator.py took 0.032 seconds
[2024-12-01T05:16:57.298+0000] {processor.py:186} INFO - Started process (PID=9044) to work on /home/airflow/.local/lib/python3.12/site-packages/airflow/example_dags/example_branch_datetime_operator.py
[2024-12-01T05:16:57.299+0000] {processor.py:914} INFO - Processing file /home/airflow/.local/lib/python3.12/site-packages/airflow/example_dags/example_branch_datetime_operator.py for tasks to queue
[2024-12-01T05:16:57.300+0000] {logging_mixin.py:190} INFO - [2024-12-01T05:16:57.300+0000] {dagbag.py:588} INFO - Filling up the DagBag from /home/airflow/.local/lib/python3.12/site-packages/airflow/example_dags/example_branch_datetime_operator.py
[2024-12-01T05:16:57.304+0000] {processor.py:925} INFO - DAG(s) 'example_branch_datetime_operator_2', 'example_branch_datetime_operator', 'example_branch_datetime_operator_3' retrieved from /home/airflow/.local/lib/python3.12/site-packages/airflow/example_dags/example_branch_datetime_operator.py
[2024-12-01T05:16:57.317+0000] {logging_mixin.py:190} INFO - [2024-12-01T05:16:57.317+0000] {dag.py:3239} INFO - Sync 3 DAGs
[2024-12-01T05:16:57.326+0000] {logging_mixin.py:190} INFO - [2024-12-01T05:16:57.326+0000] {dag.py:4180} INFO - Setting next_dagrun for example_branch_datetime_operator to 2024-11-30 00:00:00+00:00, run_after=2024-12-01 00:00:00+00:00
[2024-12-01T05:16:57.328+0000] {logging_mixin.py:190} INFO - [2024-12-01T05:16:57.328+0000] {dag.py:4180} INFO - Setting next_dagrun for example_branch_datetime_operator_2 to 2024-11-30 00:00:00+00:00, run_after=2024-12-01 00:00:00+00:00
[2024-12-01T05:16:57.329+0000] {logging_mixin.py:190} INFO - [2024-12-01T05:16:57.329+0000] {dag.py:4180} INFO - Setting next_dagrun for example_branch_datetime_operator_3 to 2024-11-30 00:00:00+00:00, run_after=2024-12-01 00:00:00+00:00
[2024-12-01T05:16:57.335+0000] {processor.py:208} INFO - Processing /home/airflow/.local/lib/python3.12/site-packages/airflow/example_dags/example_branch_datetime_operator.py took 0.039 seconds
[2024-12-01T05:17:27.797+0000] {processor.py:186} INFO - Started process (PID=9410) to work on /home/airflow/.local/lib/python3.12/site-packages/airflow/example_dags/example_branch_datetime_operator.py
[2024-12-01T05:17:27.797+0000] {processor.py:914} INFO - Processing file /home/airflow/.local/lib/python3.12/site-packages/airflow/example_dags/example_branch_datetime_operator.py for tasks to queue
[2024-12-01T05:17:27.797+0000] {logging_mixin.py:190} INFO - [2024-12-01T05:17:27.797+0000] {dagbag.py:588} INFO - Filling up the DagBag from /home/airflow/.local/lib/python3.12/site-packages/airflow/example_dags/example_branch_datetime_operator.py
[2024-12-01T05:17:27.802+0000] {processor.py:925} INFO - DAG(s) 'example_branch_datetime_operator_2', 'example_branch_datetime_operator', 'example_branch_datetime_operator_3' retrieved from /home/airflow/.local/lib/python3.12/site-packages/airflow/example_dags/example_branch_datetime_operator.py
[2024-12-01T05:17:27.812+0000] {logging_mixin.py:190} INFO - [2024-12-01T05:17:27.812+0000] {dag.py:3239} INFO - Sync 3 DAGs
[2024-12-01T05:17:27.821+0000] {logging_mixin.py:190} INFO - [2024-12-01T05:17:27.821+0000] {dag.py:4180} INFO - Setting next_dagrun for example_branch_datetime_operator to 2024-11-30 00:00:00+00:00, run_after=2024-12-01 00:00:00+00:00
[2024-12-01T05:17:27.823+0000] {logging_mixin.py:190} INFO - [2024-12-01T05:17:27.823+0000] {dag.py:4180} INFO - Setting next_dagrun for example_branch_datetime_operator_2 to 2024-11-30 00:00:00+00:00, run_after=2024-12-01 00:00:00+00:00
[2024-12-01T05:17:27.824+0000] {logging_mixin.py:190} INFO - [2024-12-01T05:17:27.824+0000] {dag.py:4180} INFO - Setting next_dagrun for example_branch_datetime_operator_3 to 2024-11-30 00:00:00+00:00, run_after=2024-12-01 00:00:00+00:00
[2024-12-01T05:17:27.829+0000] {processor.py:208} INFO - Processing /home/airflow/.local/lib/python3.12/site-packages/airflow/example_dags/example_branch_datetime_operator.py took 0.035 seconds
[2024-12-01T05:17:58.357+0000] {processor.py:186} INFO - Started process (PID=9773) to work on /home/airflow/.local/lib/python3.12/site-packages/airflow/example_dags/example_branch_datetime_operator.py
[2024-12-01T05:17:58.357+0000] {processor.py:914} INFO - Processing file /home/airflow/.local/lib/python3.12/site-packages/airflow/example_dags/example_branch_datetime_operator.py for tasks to queue
[2024-12-01T05:17:58.358+0000] {logging_mixin.py:190} INFO - [2024-12-01T05:17:58.358+0000] {dagbag.py:588} INFO - Filling up the DagBag from /home/airflow/.local/lib/python3.12/site-packages/airflow/example_dags/example_branch_datetime_operator.py
[2024-12-01T05:17:58.364+0000] {processor.py:925} INFO - DAG(s) 'example_branch_datetime_operator', 'example_branch_datetime_operator_3', 'example_branch_datetime_operator_2' retrieved from /home/airflow/.local/lib/python3.12/site-packages/airflow/example_dags/example_branch_datetime_operator.py
[2024-12-01T05:17:58.378+0000] {logging_mixin.py:190} INFO - [2024-12-01T05:17:58.378+0000] {dag.py:3239} INFO - Sync 3 DAGs
[2024-12-01T05:17:58.392+0000] {logging_mixin.py:190} INFO - [2024-12-01T05:17:58.392+0000] {dag.py:4180} INFO - Setting next_dagrun for example_branch_datetime_operator to 2024-11-30 00:00:00+00:00, run_after=2024-12-01 00:00:00+00:00
[2024-12-01T05:17:58.395+0000] {logging_mixin.py:190} INFO - [2024-12-01T05:17:58.395+0000] {dag.py:4180} INFO - Setting next_dagrun for example_branch_datetime_operator_2 to 2024-11-30 00:00:00+00:00, run_after=2024-12-01 00:00:00+00:00
[2024-12-01T05:17:58.396+0000] {logging_mixin.py:190} INFO - [2024-12-01T05:17:58.396+0000] {dag.py:4180} INFO - Setting next_dagrun for example_branch_datetime_operator_3 to 2024-11-30 00:00:00+00:00, run_after=2024-12-01 00:00:00+00:00
[2024-12-01T05:17:58.405+0000] {processor.py:208} INFO - Processing /home/airflow/.local/lib/python3.12/site-packages/airflow/example_dags/example_branch_datetime_operator.py took 0.050 seconds
[2024-12-01T05:18:29.071+0000] {processor.py:186} INFO - Started process (PID=10142) to work on /home/airflow/.local/lib/python3.12/site-packages/airflow/example_dags/example_branch_datetime_operator.py
[2024-12-01T05:18:29.072+0000] {processor.py:914} INFO - Processing file /home/airflow/.local/lib/python3.12/site-packages/airflow/example_dags/example_branch_datetime_operator.py for tasks to queue
[2024-12-01T05:18:29.072+0000] {logging_mixin.py:190} INFO - [2024-12-01T05:18:29.072+0000] {dagbag.py:588} INFO - Filling up the DagBag from /home/airflow/.local/lib/python3.12/site-packages/airflow/example_dags/example_branch_datetime_operator.py
[2024-12-01T05:18:29.078+0000] {processor.py:925} INFO - DAG(s) 'example_branch_datetime_operator_3', 'example_branch_datetime_operator_2', 'example_branch_datetime_operator' retrieved from /home/airflow/.local/lib/python3.12/site-packages/airflow/example_dags/example_branch_datetime_operator.py
[2024-12-01T05:18:29.092+0000] {logging_mixin.py:190} INFO - [2024-12-01T05:18:29.092+0000] {dag.py:3239} INFO - Sync 3 DAGs
[2024-12-01T05:18:29.103+0000] {logging_mixin.py:190} INFO - [2024-12-01T05:18:29.103+0000] {dag.py:4180} INFO - Setting next_dagrun for example_branch_datetime_operator to 2024-11-30 00:00:00+00:00, run_after=2024-12-01 00:00:00+00:00
[2024-12-01T05:18:29.106+0000] {logging_mixin.py:190} INFO - [2024-12-01T05:18:29.106+0000] {dag.py:4180} INFO - Setting next_dagrun for example_branch_datetime_operator_2 to 2024-11-30 00:00:00+00:00, run_after=2024-12-01 00:00:00+00:00
[2024-12-01T05:18:29.107+0000] {logging_mixin.py:190} INFO - [2024-12-01T05:18:29.107+0000] {dag.py:4180} INFO - Setting next_dagrun for example_branch_datetime_operator_3 to 2024-11-30 00:00:00+00:00, run_after=2024-12-01 00:00:00+00:00
[2024-12-01T05:18:29.113+0000] {processor.py:208} INFO - Processing /home/airflow/.local/lib/python3.12/site-packages/airflow/example_dags/example_branch_datetime_operator.py took 0.044 seconds
[2024-12-01T05:19:00.125+0000] {processor.py:186} INFO - Started process (PID=10523) to work on /home/airflow/.local/lib/python3.12/site-packages/airflow/example_dags/example_branch_datetime_operator.py
[2024-12-01T05:19:00.125+0000] {processor.py:914} INFO - Processing file /home/airflow/.local/lib/python3.12/site-packages/airflow/example_dags/example_branch_datetime_operator.py for tasks to queue
[2024-12-01T05:19:00.126+0000] {logging_mixin.py:190} INFO - [2024-12-01T05:19:00.125+0000] {dagbag.py:588} INFO - Filling up the DagBag from /home/airflow/.local/lib/python3.12/site-packages/airflow/example_dags/example_branch_datetime_operator.py
[2024-12-01T05:19:00.133+0000] {processor.py:925} INFO - DAG(s) 'example_branch_datetime_operator_2', 'example_branch_datetime_operator', 'example_branch_datetime_operator_3' retrieved from /home/airflow/.local/lib/python3.12/site-packages/airflow/example_dags/example_branch_datetime_operator.py
[2024-12-01T05:19:00.149+0000] {logging_mixin.py:190} INFO - [2024-12-01T05:19:00.148+0000] {dag.py:3239} INFO - Sync 3 DAGs
[2024-12-01T05:19:00.158+0000] {logging_mixin.py:190} INFO - [2024-12-01T05:19:00.158+0000] {dag.py:4180} INFO - Setting next_dagrun for example_branch_datetime_operator to 2024-11-30 00:00:00+00:00, run_after=2024-12-01 00:00:00+00:00
[2024-12-01T05:19:00.162+0000] {logging_mixin.py:190} INFO - [2024-12-01T05:19:00.162+0000] {dag.py:4180} INFO - Setting next_dagrun for example_branch_datetime_operator_2 to 2024-11-30 00:00:00+00:00, run_after=2024-12-01 00:00:00+00:00
[2024-12-01T05:19:00.164+0000] {logging_mixin.py:190} INFO - [2024-12-01T05:19:00.164+0000] {dag.py:4180} INFO - Setting next_dagrun for example_branch_datetime_operator_3 to 2024-11-30 00:00:00+00:00, run_after=2024-12-01 00:00:00+00:00
[2024-12-01T05:19:00.175+0000] {processor.py:208} INFO - Processing /home/airflow/.local/lib/python3.12/site-packages/airflow/example_dags/example_branch_datetime_operator.py took 0.053 seconds
[2024-12-01T05:19:30.910+0000] {processor.py:186} INFO - Started process (PID=10889) to work on /home/airflow/.local/lib/python3.12/site-packages/airflow/example_dags/example_branch_datetime_operator.py
[2024-12-01T05:19:30.910+0000] {processor.py:914} INFO - Processing file /home/airflow/.local/lib/python3.12/site-packages/airflow/example_dags/example_branch_datetime_operator.py for tasks to queue
[2024-12-01T05:19:30.911+0000] {logging_mixin.py:190} INFO - [2024-12-01T05:19:30.911+0000] {dagbag.py:588} INFO - Filling up the DagBag from /home/airflow/.local/lib/python3.12/site-packages/airflow/example_dags/example_branch_datetime_operator.py
[2024-12-01T05:19:30.917+0000] {processor.py:925} INFO - DAG(s) 'example_branch_datetime_operator', 'example_branch_datetime_operator_2', 'example_branch_datetime_operator_3' retrieved from /home/airflow/.local/lib/python3.12/site-packages/airflow/example_dags/example_branch_datetime_operator.py
[2024-12-01T05:19:30.927+0000] {logging_mixin.py:190} INFO - [2024-12-01T05:19:30.927+0000] {dag.py:3239} INFO - Sync 3 DAGs
[2024-12-01T05:19:30.938+0000] {logging_mixin.py:190} INFO - [2024-12-01T05:19:30.938+0000] {dag.py:4180} INFO - Setting next_dagrun for example_branch_datetime_operator to 2024-11-30 00:00:00+00:00, run_after=2024-12-01 00:00:00+00:00
[2024-12-01T05:19:30.940+0000] {logging_mixin.py:190} INFO - [2024-12-01T05:19:30.940+0000] {dag.py:4180} INFO - Setting next_dagrun for example_branch_datetime_operator_2 to 2024-11-30 00:00:00+00:00, run_after=2024-12-01 00:00:00+00:00
[2024-12-01T05:19:30.941+0000] {logging_mixin.py:190} INFO - [2024-12-01T05:19:30.941+0000] {dag.py:4180} INFO - Setting next_dagrun for example_branch_datetime_operator_3 to 2024-11-30 00:00:00+00:00, run_after=2024-12-01 00:00:00+00:00
[2024-12-01T05:19:30.947+0000] {processor.py:208} INFO - Processing /home/airflow/.local/lib/python3.12/site-packages/airflow/example_dags/example_branch_datetime_operator.py took 0.039 seconds
[2024-12-01T05:20:01.566+0000] {processor.py:186} INFO - Started process (PID=11255) to work on /home/airflow/.local/lib/python3.12/site-packages/airflow/example_dags/example_branch_datetime_operator.py
[2024-12-01T05:20:01.567+0000] {processor.py:914} INFO - Processing file /home/airflow/.local/lib/python3.12/site-packages/airflow/example_dags/example_branch_datetime_operator.py for tasks to queue
[2024-12-01T05:20:01.567+0000] {logging_mixin.py:190} INFO - [2024-12-01T05:20:01.567+0000] {dagbag.py:588} INFO - Filling up the DagBag from /home/airflow/.local/lib/python3.12/site-packages/airflow/example_dags/example_branch_datetime_operator.py
[2024-12-01T05:20:01.572+0000] {processor.py:925} INFO - DAG(s) 'example_branch_datetime_operator_3', 'example_branch_datetime_operator_2', 'example_branch_datetime_operator' retrieved from /home/airflow/.local/lib/python3.12/site-packages/airflow/example_dags/example_branch_datetime_operator.py
[2024-12-01T05:20:01.583+0000] {logging_mixin.py:190} INFO - [2024-12-01T05:20:01.583+0000] {dag.py:3239} INFO - Sync 3 DAGs
[2024-12-01T05:20:01.594+0000] {logging_mixin.py:190} INFO - [2024-12-01T05:20:01.594+0000] {dag.py:4180} INFO - Setting next_dagrun for example_branch_datetime_operator to 2024-11-30 00:00:00+00:00, run_after=2024-12-01 00:00:00+00:00
[2024-12-01T05:20:01.596+0000] {logging_mixin.py:190} INFO - [2024-12-01T05:20:01.596+0000] {dag.py:4180} INFO - Setting next_dagrun for example_branch_datetime_operator_2 to 2024-11-30 00:00:00+00:00, run_after=2024-12-01 00:00:00+00:00
[2024-12-01T05:20:01.597+0000] {logging_mixin.py:190} INFO - [2024-12-01T05:20:01.596+0000] {dag.py:4180} INFO - Setting next_dagrun for example_branch_datetime_operator_3 to 2024-11-30 00:00:00+00:00, run_after=2024-12-01 00:00:00+00:00
[2024-12-01T05:20:01.602+0000] {processor.py:208} INFO - Processing /home/airflow/.local/lib/python3.12/site-packages/airflow/example_dags/example_branch_datetime_operator.py took 0.038 seconds
[2024-12-01T05:20:32.336+0000] {processor.py:186} INFO - Started process (PID=11636) to work on /home/airflow/.local/lib/python3.12/site-packages/airflow/example_dags/example_branch_datetime_operator.py
[2024-12-01T05:20:32.337+0000] {processor.py:914} INFO - Processing file /home/airflow/.local/lib/python3.12/site-packages/airflow/example_dags/example_branch_datetime_operator.py for tasks to queue
[2024-12-01T05:20:32.337+0000] {logging_mixin.py:190} INFO - [2024-12-01T05:20:32.337+0000] {dagbag.py:588} INFO - Filling up the DagBag from /home/airflow/.local/lib/python3.12/site-packages/airflow/example_dags/example_branch_datetime_operator.py
[2024-12-01T05:20:32.342+0000] {processor.py:925} INFO - DAG(s) 'example_branch_datetime_operator', 'example_branch_datetime_operator_2', 'example_branch_datetime_operator_3' retrieved from /home/airflow/.local/lib/python3.12/site-packages/airflow/example_dags/example_branch_datetime_operator.py
[2024-12-01T05:20:32.353+0000] {logging_mixin.py:190} INFO - [2024-12-01T05:20:32.353+0000] {dag.py:3239} INFO - Sync 3 DAGs
[2024-12-01T05:20:32.362+0000] {logging_mixin.py:190} INFO - [2024-12-01T05:20:32.362+0000] {dag.py:4180} INFO - Setting next_dagrun for example_branch_datetime_operator to 2024-11-30 00:00:00+00:00, run_after=2024-12-01 00:00:00+00:00
[2024-12-01T05:20:32.366+0000] {logging_mixin.py:190} INFO - [2024-12-01T05:20:32.366+0000] {dag.py:4180} INFO - Setting next_dagrun for example_branch_datetime_operator_2 to 2024-11-30 00:00:00+00:00, run_after=2024-12-01 00:00:00+00:00
[2024-12-01T05:20:32.367+0000] {logging_mixin.py:190} INFO - [2024-12-01T05:20:32.367+0000] {dag.py:4180} INFO - Setting next_dagrun for example_branch_datetime_operator_3 to 2024-11-30 00:00:00+00:00, run_after=2024-12-01 00:00:00+00:00
[2024-12-01T05:20:32.372+0000] {processor.py:208} INFO - Processing /home/airflow/.local/lib/python3.12/site-packages/airflow/example_dags/example_branch_datetime_operator.py took 0.038 seconds
[2024-12-01T05:21:03.242+0000] {processor.py:186} INFO - Started process (PID=12013) to work on /home/airflow/.local/lib/python3.12/site-packages/airflow/example_dags/example_branch_datetime_operator.py
[2024-12-01T05:21:03.244+0000] {processor.py:914} INFO - Processing file /home/airflow/.local/lib/python3.12/site-packages/airflow/example_dags/example_branch_datetime_operator.py for tasks to queue
[2024-12-01T05:21:03.245+0000] {logging_mixin.py:190} INFO - [2024-12-01T05:21:03.245+0000] {dagbag.py:588} INFO - Filling up the DagBag from /home/airflow/.local/lib/python3.12/site-packages/airflow/example_dags/example_branch_datetime_operator.py
[2024-12-01T05:21:03.250+0000] {processor.py:925} INFO - DAG(s) 'example_branch_datetime_operator', 'example_branch_datetime_operator_3', 'example_branch_datetime_operator_2' retrieved from /home/airflow/.local/lib/python3.12/site-packages/airflow/example_dags/example_branch_datetime_operator.py
[2024-12-01T05:21:03.260+0000] {logging_mixin.py:190} INFO - [2024-12-01T05:21:03.260+0000] {dag.py:3239} INFO - Sync 3 DAGs
[2024-12-01T05:21:03.269+0000] {logging_mixin.py:190} INFO - [2024-12-01T05:21:03.269+0000] {dag.py:4180} INFO - Setting next_dagrun for example_branch_datetime_operator to 2024-11-30 00:00:00+00:00, run_after=2024-12-01 00:00:00+00:00
[2024-12-01T05:21:03.271+0000] {logging_mixin.py:190} INFO - [2024-12-01T05:21:03.271+0000] {dag.py:4180} INFO - Setting next_dagrun for example_branch_datetime_operator_2 to 2024-11-30 00:00:00+00:00, run_after=2024-12-01 00:00:00+00:00
[2024-12-01T05:21:03.271+0000] {logging_mixin.py:190} INFO - [2024-12-01T05:21:03.271+0000] {dag.py:4180} INFO - Setting next_dagrun for example_branch_datetime_operator_3 to 2024-11-30 00:00:00+00:00, run_after=2024-12-01 00:00:00+00:00
[2024-12-01T05:21:03.279+0000] {processor.py:208} INFO - Processing /home/airflow/.local/lib/python3.12/site-packages/airflow/example_dags/example_branch_datetime_operator.py took 0.039 seconds
[2024-12-01T05:21:34.114+0000] {processor.py:186} INFO - Started process (PID=12384) to work on /home/airflow/.local/lib/python3.12/site-packages/airflow/example_dags/example_branch_datetime_operator.py
[2024-12-01T05:21:34.115+0000] {processor.py:914} INFO - Processing file /home/airflow/.local/lib/python3.12/site-packages/airflow/example_dags/example_branch_datetime_operator.py for tasks to queue
[2024-12-01T05:21:34.116+0000] {logging_mixin.py:190} INFO - [2024-12-01T05:21:34.116+0000] {dagbag.py:588} INFO - Filling up the DagBag from /home/airflow/.local/lib/python3.12/site-packages/airflow/example_dags/example_branch_datetime_operator.py
[2024-12-01T05:21:34.122+0000] {processor.py:925} INFO - DAG(s) 'example_branch_datetime_operator_2', 'example_branch_datetime_operator', 'example_branch_datetime_operator_3' retrieved from /home/airflow/.local/lib/python3.12/site-packages/airflow/example_dags/example_branch_datetime_operator.py
[2024-12-01T05:21:34.138+0000] {logging_mixin.py:190} INFO - [2024-12-01T05:21:34.138+0000] {dag.py:3239} INFO - Sync 3 DAGs
[2024-12-01T05:21:34.148+0000] {logging_mixin.py:190} INFO - [2024-12-01T05:21:34.148+0000] {dag.py:4180} INFO - Setting next_dagrun for example_branch_datetime_operator to 2024-11-30 00:00:00+00:00, run_after=2024-12-01 00:00:00+00:00
[2024-12-01T05:21:34.151+0000] {logging_mixin.py:190} INFO - [2024-12-01T05:21:34.151+0000] {dag.py:4180} INFO - Setting next_dagrun for example_branch_datetime_operator_2 to 2024-11-30 00:00:00+00:00, run_after=2024-12-01 00:00:00+00:00
[2024-12-01T05:21:34.152+0000] {logging_mixin.py:190} INFO - [2024-12-01T05:21:34.152+0000] {dag.py:4180} INFO - Setting next_dagrun for example_branch_datetime_operator_3 to 2024-11-30 00:00:00+00:00, run_after=2024-12-01 00:00:00+00:00
[2024-12-01T05:21:34.161+0000] {processor.py:208} INFO - Processing /home/airflow/.local/lib/python3.12/site-packages/airflow/example_dags/example_branch_datetime_operator.py took 0.049 seconds
[2024-12-01T05:22:05.033+0000] {processor.py:186} INFO - Started process (PID=12751) to work on /home/airflow/.local/lib/python3.12/site-packages/airflow/example_dags/example_branch_datetime_operator.py
[2024-12-01T05:22:05.034+0000] {processor.py:914} INFO - Processing file /home/airflow/.local/lib/python3.12/site-packages/airflow/example_dags/example_branch_datetime_operator.py for tasks to queue
[2024-12-01T05:22:05.035+0000] {logging_mixin.py:190} INFO - [2024-12-01T05:22:05.035+0000] {dagbag.py:588} INFO - Filling up the DagBag from /home/airflow/.local/lib/python3.12/site-packages/airflow/example_dags/example_branch_datetime_operator.py
[2024-12-01T05:22:05.042+0000] {processor.py:925} INFO - DAG(s) 'example_branch_datetime_operator_2', 'example_branch_datetime_operator_3', 'example_branch_datetime_operator' retrieved from /home/airflow/.local/lib/python3.12/site-packages/airflow/example_dags/example_branch_datetime_operator.py
[2024-12-01T05:22:05.056+0000] {logging_mixin.py:190} INFO - [2024-12-01T05:22:05.056+0000] {dag.py:3239} INFO - Sync 3 DAGs
[2024-12-01T05:22:05.068+0000] {logging_mixin.py:190} INFO - [2024-12-01T05:22:05.068+0000] {dag.py:4180} INFO - Setting next_dagrun for example_branch_datetime_operator to 2024-11-30 00:00:00+00:00, run_after=2024-12-01 00:00:00+00:00
[2024-12-01T05:22:05.071+0000] {logging_mixin.py:190} INFO - [2024-12-01T05:22:05.071+0000] {dag.py:4180} INFO - Setting next_dagrun for example_branch_datetime_operator_2 to 2024-11-30 00:00:00+00:00, run_after=2024-12-01 00:00:00+00:00
[2024-12-01T05:22:05.073+0000] {logging_mixin.py:190} INFO - [2024-12-01T05:22:05.073+0000] {dag.py:4180} INFO - Setting next_dagrun for example_branch_datetime_operator_3 to 2024-11-30 00:00:00+00:00, run_after=2024-12-01 00:00:00+00:00
[2024-12-01T05:22:05.081+0000] {processor.py:208} INFO - Processing /home/airflow/.local/lib/python3.12/site-packages/airflow/example_dags/example_branch_datetime_operator.py took 0.051 seconds
[2024-12-01T05:22:36.521+0000] {processor.py:186} INFO - Started process (PID=13121) to work on /home/airflow/.local/lib/python3.12/site-packages/airflow/example_dags/example_branch_datetime_operator.py
[2024-12-01T05:22:36.522+0000] {processor.py:914} INFO - Processing file /home/airflow/.local/lib/python3.12/site-packages/airflow/example_dags/example_branch_datetime_operator.py for tasks to queue
[2024-12-01T05:22:36.524+0000] {logging_mixin.py:190} INFO - [2024-12-01T05:22:36.524+0000] {dagbag.py:588} INFO - Filling up the DagBag from /home/airflow/.local/lib/python3.12/site-packages/airflow/example_dags/example_branch_datetime_operator.py
[2024-12-01T05:22:36.530+0000] {processor.py:925} INFO - DAG(s) 'example_branch_datetime_operator_3', 'example_branch_datetime_operator', 'example_branch_datetime_operator_2' retrieved from /home/airflow/.local/lib/python3.12/site-packages/airflow/example_dags/example_branch_datetime_operator.py
[2024-12-01T05:22:36.544+0000] {logging_mixin.py:190} INFO - [2024-12-01T05:22:36.544+0000] {dag.py:3239} INFO - Sync 3 DAGs
[2024-12-01T05:22:36.556+0000] {logging_mixin.py:190} INFO - [2024-12-01T05:22:36.555+0000] {dag.py:4180} INFO - Setting next_dagrun for example_branch_datetime_operator to 2024-11-30 00:00:00+00:00, run_after=2024-12-01 00:00:00+00:00
[2024-12-01T05:22:36.559+0000] {logging_mixin.py:190} INFO - [2024-12-01T05:22:36.559+0000] {dag.py:4180} INFO - Setting next_dagrun for example_branch_datetime_operator_2 to 2024-11-30 00:00:00+00:00, run_after=2024-12-01 00:00:00+00:00
[2024-12-01T05:22:36.560+0000] {logging_mixin.py:190} INFO - [2024-12-01T05:22:36.560+0000] {dag.py:4180} INFO - Setting next_dagrun for example_branch_datetime_operator_3 to 2024-11-30 00:00:00+00:00, run_after=2024-12-01 00:00:00+00:00
[2024-12-01T05:22:36.567+0000] {processor.py:208} INFO - Processing /home/airflow/.local/lib/python3.12/site-packages/airflow/example_dags/example_branch_datetime_operator.py took 0.049 seconds
[2024-12-01T05:23:07.484+0000] {processor.py:186} INFO - Started process (PID=13487) to work on /home/airflow/.local/lib/python3.12/site-packages/airflow/example_dags/example_branch_datetime_operator.py
[2024-12-01T05:23:07.484+0000] {processor.py:914} INFO - Processing file /home/airflow/.local/lib/python3.12/site-packages/airflow/example_dags/example_branch_datetime_operator.py for tasks to queue
[2024-12-01T05:23:07.485+0000] {logging_mixin.py:190} INFO - [2024-12-01T05:23:07.485+0000] {dagbag.py:588} INFO - Filling up the DagBag from /home/airflow/.local/lib/python3.12/site-packages/airflow/example_dags/example_branch_datetime_operator.py
[2024-12-01T05:23:07.491+0000] {processor.py:925} INFO - DAG(s) 'example_branch_datetime_operator_3', 'example_branch_datetime_operator_2', 'example_branch_datetime_operator' retrieved from /home/airflow/.local/lib/python3.12/site-packages/airflow/example_dags/example_branch_datetime_operator.py
[2024-12-01T05:23:07.504+0000] {logging_mixin.py:190} INFO - [2024-12-01T05:23:07.503+0000] {dag.py:3239} INFO - Sync 3 DAGs
[2024-12-01T05:23:07.516+0000] {logging_mixin.py:190} INFO - [2024-12-01T05:23:07.516+0000] {dag.py:4180} INFO - Setting next_dagrun for example_branch_datetime_operator to 2024-11-30 00:00:00+00:00, run_after=2024-12-01 00:00:00+00:00
[2024-12-01T05:23:07.518+0000] {logging_mixin.py:190} INFO - [2024-12-01T05:23:07.518+0000] {dag.py:4180} INFO - Setting next_dagrun for example_branch_datetime_operator_2 to 2024-11-30 00:00:00+00:00, run_after=2024-12-01 00:00:00+00:00
[2024-12-01T05:23:07.518+0000] {logging_mixin.py:190} INFO - [2024-12-01T05:23:07.518+0000] {dag.py:4180} INFO - Setting next_dagrun for example_branch_datetime_operator_3 to 2024-11-30 00:00:00+00:00, run_after=2024-12-01 00:00:00+00:00
[2024-12-01T05:23:07.525+0000] {processor.py:208} INFO - Processing /home/airflow/.local/lib/python3.12/site-packages/airflow/example_dags/example_branch_datetime_operator.py took 0.043 seconds
[2024-12-01T05:23:38.124+0000] {processor.py:186} INFO - Started process (PID=13853) to work on /home/airflow/.local/lib/python3.12/site-packages/airflow/example_dags/example_branch_datetime_operator.py
[2024-12-01T05:23:38.125+0000] {processor.py:914} INFO - Processing file /home/airflow/.local/lib/python3.12/site-packages/airflow/example_dags/example_branch_datetime_operator.py for tasks to queue
[2024-12-01T05:23:38.125+0000] {logging_mixin.py:190} INFO - [2024-12-01T05:23:38.125+0000] {dagbag.py:588} INFO - Filling up the DagBag from /home/airflow/.local/lib/python3.12/site-packages/airflow/example_dags/example_branch_datetime_operator.py
[2024-12-01T05:23:38.130+0000] {processor.py:925} INFO - DAG(s) 'example_branch_datetime_operator_3', 'example_branch_datetime_operator', 'example_branch_datetime_operator_2' retrieved from /home/airflow/.local/lib/python3.12/site-packages/airflow/example_dags/example_branch_datetime_operator.py
[2024-12-01T05:23:38.141+0000] {logging_mixin.py:190} INFO - [2024-12-01T05:23:38.141+0000] {dag.py:3239} INFO - Sync 3 DAGs
[2024-12-01T05:23:38.150+0000] {logging_mixin.py:190} INFO - [2024-12-01T05:23:38.150+0000] {dag.py:4180} INFO - Setting next_dagrun for example_branch_datetime_operator to 2024-11-30 00:00:00+00:00, run_after=2024-12-01 00:00:00+00:00
[2024-12-01T05:23:38.152+0000] {logging_mixin.py:190} INFO - [2024-12-01T05:23:38.152+0000] {dag.py:4180} INFO - Setting next_dagrun for example_branch_datetime_operator_2 to 2024-11-30 00:00:00+00:00, run_after=2024-12-01 00:00:00+00:00
[2024-12-01T05:23:38.153+0000] {logging_mixin.py:190} INFO - [2024-12-01T05:23:38.153+0000] {dag.py:4180} INFO - Setting next_dagrun for example_branch_datetime_operator_3 to 2024-11-30 00:00:00+00:00, run_after=2024-12-01 00:00:00+00:00
[2024-12-01T05:23:38.161+0000] {processor.py:208} INFO - Processing /home/airflow/.local/lib/python3.12/site-packages/airflow/example_dags/example_branch_datetime_operator.py took 0.039 seconds
[2024-12-01T05:24:08.947+0000] {processor.py:186} INFO - Started process (PID=14224) to work on /home/airflow/.local/lib/python3.12/site-packages/airflow/example_dags/example_branch_datetime_operator.py
[2024-12-01T05:24:08.948+0000] {processor.py:914} INFO - Processing file /home/airflow/.local/lib/python3.12/site-packages/airflow/example_dags/example_branch_datetime_operator.py for tasks to queue
[2024-12-01T05:24:08.948+0000] {logging_mixin.py:190} INFO - [2024-12-01T05:24:08.948+0000] {dagbag.py:588} INFO - Filling up the DagBag from /home/airflow/.local/lib/python3.12/site-packages/airflow/example_dags/example_branch_datetime_operator.py
[2024-12-01T05:24:08.956+0000] {processor.py:925} INFO - DAG(s) 'example_branch_datetime_operator_3', 'example_branch_datetime_operator', 'example_branch_datetime_operator_2' retrieved from /home/airflow/.local/lib/python3.12/site-packages/airflow/example_dags/example_branch_datetime_operator.py
[2024-12-01T05:24:08.967+0000] {logging_mixin.py:190} INFO - [2024-12-01T05:24:08.967+0000] {dag.py:3239} INFO - Sync 3 DAGs
[2024-12-01T05:24:08.979+0000] {logging_mixin.py:190} INFO - [2024-12-01T05:24:08.979+0000] {dag.py:4180} INFO - Setting next_dagrun for example_branch_datetime_operator to 2024-11-30 00:00:00+00:00, run_after=2024-12-01 00:00:00+00:00
[2024-12-01T05:24:08.982+0000] {logging_mixin.py:190} INFO - [2024-12-01T05:24:08.982+0000] {dag.py:4180} INFO - Setting next_dagrun for example_branch_datetime_operator_2 to 2024-11-30 00:00:00+00:00, run_after=2024-12-01 00:00:00+00:00
[2024-12-01T05:24:08.984+0000] {logging_mixin.py:190} INFO - [2024-12-01T05:24:08.984+0000] {dag.py:4180} INFO - Setting next_dagrun for example_branch_datetime_operator_3 to 2024-11-30 00:00:00+00:00, run_after=2024-12-01 00:00:00+00:00
[2024-12-01T05:24:08.990+0000] {processor.py:208} INFO - Processing /home/airflow/.local/lib/python3.12/site-packages/airflow/example_dags/example_branch_datetime_operator.py took 0.044 seconds
[2024-12-01T05:24:40.019+0000] {processor.py:186} INFO - Started process (PID=14590) to work on /home/airflow/.local/lib/python3.12/site-packages/airflow/example_dags/example_branch_datetime_operator.py
[2024-12-01T05:24:40.020+0000] {processor.py:914} INFO - Processing file /home/airflow/.local/lib/python3.12/site-packages/airflow/example_dags/example_branch_datetime_operator.py for tasks to queue
[2024-12-01T05:24:40.020+0000] {logging_mixin.py:190} INFO - [2024-12-01T05:24:40.020+0000] {dagbag.py:588} INFO - Filling up the DagBag from /home/airflow/.local/lib/python3.12/site-packages/airflow/example_dags/example_branch_datetime_operator.py
[2024-12-01T05:24:40.025+0000] {processor.py:925} INFO - DAG(s) 'example_branch_datetime_operator_3', 'example_branch_datetime_operator_2', 'example_branch_datetime_operator' retrieved from /home/airflow/.local/lib/python3.12/site-packages/airflow/example_dags/example_branch_datetime_operator.py
[2024-12-01T05:24:40.035+0000] {logging_mixin.py:190} INFO - [2024-12-01T05:24:40.035+0000] {dag.py:3239} INFO - Sync 3 DAGs
[2024-12-01T05:24:40.044+0000] {logging_mixin.py:190} INFO - [2024-12-01T05:24:40.044+0000] {dag.py:4180} INFO - Setting next_dagrun for example_branch_datetime_operator to 2024-11-30 00:00:00+00:00, run_after=2024-12-01 00:00:00+00:00
[2024-12-01T05:24:40.046+0000] {logging_mixin.py:190} INFO - [2024-12-01T05:24:40.046+0000] {dag.py:4180} INFO - Setting next_dagrun for example_branch_datetime_operator_2 to 2024-11-30 00:00:00+00:00, run_after=2024-12-01 00:00:00+00:00
[2024-12-01T05:24:40.047+0000] {logging_mixin.py:190} INFO - [2024-12-01T05:24:40.047+0000] {dag.py:4180} INFO - Setting next_dagrun for example_branch_datetime_operator_3 to 2024-11-30 00:00:00+00:00, run_after=2024-12-01 00:00:00+00:00
[2024-12-01T05:24:40.052+0000] {processor.py:208} INFO - Processing /home/airflow/.local/lib/python3.12/site-packages/airflow/example_dags/example_branch_datetime_operator.py took 0.035 seconds
[2024-12-01T05:25:10.563+0000] {processor.py:186} INFO - Started process (PID=14973) to work on /home/airflow/.local/lib/python3.12/site-packages/airflow/example_dags/example_branch_datetime_operator.py
[2024-12-01T05:25:10.563+0000] {processor.py:914} INFO - Processing file /home/airflow/.local/lib/python3.12/site-packages/airflow/example_dags/example_branch_datetime_operator.py for tasks to queue
[2024-12-01T05:25:10.564+0000] {logging_mixin.py:190} INFO - [2024-12-01T05:25:10.563+0000] {dagbag.py:588} INFO - Filling up the DagBag from /home/airflow/.local/lib/python3.12/site-packages/airflow/example_dags/example_branch_datetime_operator.py
[2024-12-01T05:25:10.569+0000] {processor.py:925} INFO - DAG(s) 'example_branch_datetime_operator_3', 'example_branch_datetime_operator', 'example_branch_datetime_operator_2' retrieved from /home/airflow/.local/lib/python3.12/site-packages/airflow/example_dags/example_branch_datetime_operator.py
[2024-12-01T05:25:10.580+0000] {logging_mixin.py:190} INFO - [2024-12-01T05:25:10.580+0000] {dag.py:3239} INFO - Sync 3 DAGs
[2024-12-01T05:25:10.589+0000] {logging_mixin.py:190} INFO - [2024-12-01T05:25:10.589+0000] {dag.py:4180} INFO - Setting next_dagrun for example_branch_datetime_operator to 2024-11-30 00:00:00+00:00, run_after=2024-12-01 00:00:00+00:00
[2024-12-01T05:25:10.591+0000] {logging_mixin.py:190} INFO - [2024-12-01T05:25:10.591+0000] {dag.py:4180} INFO - Setting next_dagrun for example_branch_datetime_operator_2 to 2024-11-30 00:00:00+00:00, run_after=2024-12-01 00:00:00+00:00
[2024-12-01T05:25:10.592+0000] {logging_mixin.py:190} INFO - [2024-12-01T05:25:10.592+0000] {dag.py:4180} INFO - Setting next_dagrun for example_branch_datetime_operator_3 to 2024-11-30 00:00:00+00:00, run_after=2024-12-01 00:00:00+00:00
[2024-12-01T05:25:10.599+0000] {processor.py:208} INFO - Processing /home/airflow/.local/lib/python3.12/site-packages/airflow/example_dags/example_branch_datetime_operator.py took 0.039 seconds
[2024-12-01T05:25:40.885+0000] {processor.py:186} INFO - Started process (PID=15342) to work on /home/airflow/.local/lib/python3.12/site-packages/airflow/example_dags/example_branch_datetime_operator.py
[2024-12-01T05:25:40.886+0000] {processor.py:914} INFO - Processing file /home/airflow/.local/lib/python3.12/site-packages/airflow/example_dags/example_branch_datetime_operator.py for tasks to queue
[2024-12-01T05:25:40.886+0000] {logging_mixin.py:190} INFO - [2024-12-01T05:25:40.886+0000] {dagbag.py:588} INFO - Filling up the DagBag from /home/airflow/.local/lib/python3.12/site-packages/airflow/example_dags/example_branch_datetime_operator.py
[2024-12-01T05:25:40.891+0000] {processor.py:925} INFO - DAG(s) 'example_branch_datetime_operator_2', 'example_branch_datetime_operator', 'example_branch_datetime_operator_3' retrieved from /home/airflow/.local/lib/python3.12/site-packages/airflow/example_dags/example_branch_datetime_operator.py
[2024-12-01T05:25:40.900+0000] {logging_mixin.py:190} INFO - [2024-12-01T05:25:40.900+0000] {dag.py:3239} INFO - Sync 3 DAGs
[2024-12-01T05:25:40.909+0000] {logging_mixin.py:190} INFO - [2024-12-01T05:25:40.909+0000] {dag.py:4180} INFO - Setting next_dagrun for example_branch_datetime_operator to 2024-11-30 00:00:00+00:00, run_after=2024-12-01 00:00:00+00:00
[2024-12-01T05:25:40.911+0000] {logging_mixin.py:190} INFO - [2024-12-01T05:25:40.911+0000] {dag.py:4180} INFO - Setting next_dagrun for example_branch_datetime_operator_2 to 2024-11-30 00:00:00+00:00, run_after=2024-12-01 00:00:00+00:00
[2024-12-01T05:25:40.911+0000] {logging_mixin.py:190} INFO - [2024-12-01T05:25:40.911+0000] {dag.py:4180} INFO - Setting next_dagrun for example_branch_datetime_operator_3 to 2024-11-30 00:00:00+00:00, run_after=2024-12-01 00:00:00+00:00
[2024-12-01T05:25:40.916+0000] {processor.py:208} INFO - Processing /home/airflow/.local/lib/python3.12/site-packages/airflow/example_dags/example_branch_datetime_operator.py took 0.033 seconds
[2024-12-01T05:26:11.267+0000] {processor.py:186} INFO - Started process (PID=15710) to work on /home/airflow/.local/lib/python3.12/site-packages/airflow/example_dags/example_branch_datetime_operator.py
[2024-12-01T05:26:11.267+0000] {processor.py:914} INFO - Processing file /home/airflow/.local/lib/python3.12/site-packages/airflow/example_dags/example_branch_datetime_operator.py for tasks to queue
[2024-12-01T05:26:11.268+0000] {logging_mixin.py:190} INFO - [2024-12-01T05:26:11.268+0000] {dagbag.py:588} INFO - Filling up the DagBag from /home/airflow/.local/lib/python3.12/site-packages/airflow/example_dags/example_branch_datetime_operator.py
[2024-12-01T05:26:11.274+0000] {processor.py:925} INFO - DAG(s) 'example_branch_datetime_operator', 'example_branch_datetime_operator_3', 'example_branch_datetime_operator_2' retrieved from /home/airflow/.local/lib/python3.12/site-packages/airflow/example_dags/example_branch_datetime_operator.py
[2024-12-01T05:26:11.287+0000] {logging_mixin.py:190} INFO - [2024-12-01T05:26:11.287+0000] {dag.py:3239} INFO - Sync 3 DAGs
[2024-12-01T05:26:11.297+0000] {logging_mixin.py:190} INFO - [2024-12-01T05:26:11.297+0000] {dag.py:4180} INFO - Setting next_dagrun for example_branch_datetime_operator to 2024-11-30 00:00:00+00:00, run_after=2024-12-01 00:00:00+00:00
[2024-12-01T05:26:11.299+0000] {logging_mixin.py:190} INFO - [2024-12-01T05:26:11.299+0000] {dag.py:4180} INFO - Setting next_dagrun for example_branch_datetime_operator_2 to 2024-11-30 00:00:00+00:00, run_after=2024-12-01 00:00:00+00:00
[2024-12-01T05:26:11.302+0000] {logging_mixin.py:190} INFO - [2024-12-01T05:26:11.301+0000] {dag.py:4180} INFO - Setting next_dagrun for example_branch_datetime_operator_3 to 2024-11-30 00:00:00+00:00, run_after=2024-12-01 00:00:00+00:00
[2024-12-01T05:26:11.307+0000] {processor.py:208} INFO - Processing /home/airflow/.local/lib/python3.12/site-packages/airflow/example_dags/example_branch_datetime_operator.py took 0.042 seconds
[2024-12-01T05:26:41.603+0000] {processor.py:186} INFO - Started process (PID=16078) to work on /home/airflow/.local/lib/python3.12/site-packages/airflow/example_dags/example_branch_datetime_operator.py
[2024-12-01T05:26:41.603+0000] {processor.py:914} INFO - Processing file /home/airflow/.local/lib/python3.12/site-packages/airflow/example_dags/example_branch_datetime_operator.py for tasks to queue
[2024-12-01T05:26:41.603+0000] {logging_mixin.py:190} INFO - [2024-12-01T05:26:41.603+0000] {dagbag.py:588} INFO - Filling up the DagBag from /home/airflow/.local/lib/python3.12/site-packages/airflow/example_dags/example_branch_datetime_operator.py
[2024-12-01T05:26:41.608+0000] {processor.py:925} INFO - DAG(s) 'example_branch_datetime_operator', 'example_branch_datetime_operator_2', 'example_branch_datetime_operator_3' retrieved from /home/airflow/.local/lib/python3.12/site-packages/airflow/example_dags/example_branch_datetime_operator.py
[2024-12-01T05:26:41.618+0000] {logging_mixin.py:190} INFO - [2024-12-01T05:26:41.618+0000] {dag.py:3239} INFO - Sync 3 DAGs
[2024-12-01T05:26:41.627+0000] {logging_mixin.py:190} INFO - [2024-12-01T05:26:41.627+0000] {dag.py:4180} INFO - Setting next_dagrun for example_branch_datetime_operator to 2024-11-30 00:00:00+00:00, run_after=2024-12-01 00:00:00+00:00
[2024-12-01T05:26:41.628+0000] {logging_mixin.py:190} INFO - [2024-12-01T05:26:41.628+0000] {dag.py:4180} INFO - Setting next_dagrun for example_branch_datetime_operator_2 to 2024-11-30 00:00:00+00:00, run_after=2024-12-01 00:00:00+00:00
[2024-12-01T05:26:41.629+0000] {logging_mixin.py:190} INFO - [2024-12-01T05:26:41.629+0000] {dag.py:4180} INFO - Setting next_dagrun for example_branch_datetime_operator_3 to 2024-11-30 00:00:00+00:00, run_after=2024-12-01 00:00:00+00:00
[2024-12-01T05:26:41.634+0000] {processor.py:208} INFO - Processing /home/airflow/.local/lib/python3.12/site-packages/airflow/example_dags/example_branch_datetime_operator.py took 0.034 seconds
[2024-12-01T05:27:12.214+0000] {processor.py:186} INFO - Started process (PID=16459) to work on /home/airflow/.local/lib/python3.12/site-packages/airflow/example_dags/example_branch_datetime_operator.py
[2024-12-01T05:27:12.214+0000] {processor.py:914} INFO - Processing file /home/airflow/.local/lib/python3.12/site-packages/airflow/example_dags/example_branch_datetime_operator.py for tasks to queue
[2024-12-01T05:27:12.214+0000] {logging_mixin.py:190} INFO - [2024-12-01T05:27:12.214+0000] {dagbag.py:588} INFO - Filling up the DagBag from /home/airflow/.local/lib/python3.12/site-packages/airflow/example_dags/example_branch_datetime_operator.py
[2024-12-01T05:27:12.219+0000] {processor.py:925} INFO - DAG(s) 'example_branch_datetime_operator', 'example_branch_datetime_operator_2', 'example_branch_datetime_operator_3' retrieved from /home/airflow/.local/lib/python3.12/site-packages/airflow/example_dags/example_branch_datetime_operator.py
[2024-12-01T05:27:12.230+0000] {logging_mixin.py:190} INFO - [2024-12-01T05:27:12.230+0000] {dag.py:3239} INFO - Sync 3 DAGs
[2024-12-01T05:27:12.241+0000] {logging_mixin.py:190} INFO - [2024-12-01T05:27:12.241+0000] {dag.py:4180} INFO - Setting next_dagrun for example_branch_datetime_operator to 2024-11-30 00:00:00+00:00, run_after=2024-12-01 00:00:00+00:00
[2024-12-01T05:27:12.244+0000] {logging_mixin.py:190} INFO - [2024-12-01T05:27:12.244+0000] {dag.py:4180} INFO - Setting next_dagrun for example_branch_datetime_operator_2 to 2024-11-30 00:00:00+00:00, run_after=2024-12-01 00:00:00+00:00
[2024-12-01T05:27:12.246+0000] {logging_mixin.py:190} INFO - [2024-12-01T05:27:12.246+0000] {dag.py:4180} INFO - Setting next_dagrun for example_branch_datetime_operator_3 to 2024-11-30 00:00:00+00:00, run_after=2024-12-01 00:00:00+00:00
[2024-12-01T05:27:12.253+0000] {processor.py:208} INFO - Processing /home/airflow/.local/lib/python3.12/site-packages/airflow/example_dags/example_branch_datetime_operator.py took 0.042 seconds
[2024-12-01T05:27:42.932+0000] {processor.py:186} INFO - Started process (PID=16862) to work on /home/airflow/.local/lib/python3.12/site-packages/airflow/example_dags/example_branch_datetime_operator.py
[2024-12-01T05:27:42.935+0000] {processor.py:914} INFO - Processing file /home/airflow/.local/lib/python3.12/site-packages/airflow/example_dags/example_branch_datetime_operator.py for tasks to queue
[2024-12-01T05:27:42.935+0000] {logging_mixin.py:190} INFO - [2024-12-01T05:27:42.935+0000] {dagbag.py:588} INFO - Filling up the DagBag from /home/airflow/.local/lib/python3.12/site-packages/airflow/example_dags/example_branch_datetime_operator.py
[2024-12-01T05:27:42.941+0000] {processor.py:925} INFO - DAG(s) 'example_branch_datetime_operator', 'example_branch_datetime_operator_3', 'example_branch_datetime_operator_2' retrieved from /home/airflow/.local/lib/python3.12/site-packages/airflow/example_dags/example_branch_datetime_operator.py
[2024-12-01T05:27:42.956+0000] {logging_mixin.py:190} INFO - [2024-12-01T05:27:42.956+0000] {dag.py:3239} INFO - Sync 3 DAGs
[2024-12-01T05:27:42.967+0000] {logging_mixin.py:190} INFO - [2024-12-01T05:27:42.966+0000] {dag.py:4180} INFO - Setting next_dagrun for example_branch_datetime_operator to 2024-11-30 00:00:00+00:00, run_after=2024-12-01 00:00:00+00:00
[2024-12-01T05:27:42.969+0000] {logging_mixin.py:190} INFO - [2024-12-01T05:27:42.969+0000] {dag.py:4180} INFO - Setting next_dagrun for example_branch_datetime_operator_2 to 2024-11-30 00:00:00+00:00, run_after=2024-12-01 00:00:00+00:00
[2024-12-01T05:27:42.971+0000] {logging_mixin.py:190} INFO - [2024-12-01T05:27:42.971+0000] {dag.py:4180} INFO - Setting next_dagrun for example_branch_datetime_operator_3 to 2024-11-30 00:00:00+00:00, run_after=2024-12-01 00:00:00+00:00
[2024-12-01T05:27:42.983+0000] {processor.py:208} INFO - Processing /home/airflow/.local/lib/python3.12/site-packages/airflow/example_dags/example_branch_datetime_operator.py took 0.054 seconds
[2024-12-01T05:28:13.718+0000] {processor.py:186} INFO - Started process (PID=17249) to work on /home/airflow/.local/lib/python3.12/site-packages/airflow/example_dags/example_branch_datetime_operator.py
[2024-12-01T05:28:13.718+0000] {processor.py:914} INFO - Processing file /home/airflow/.local/lib/python3.12/site-packages/airflow/example_dags/example_branch_datetime_operator.py for tasks to queue
[2024-12-01T05:28:13.722+0000] {logging_mixin.py:190} INFO - [2024-12-01T05:28:13.722+0000] {dagbag.py:588} INFO - Filling up the DagBag from /home/airflow/.local/lib/python3.12/site-packages/airflow/example_dags/example_branch_datetime_operator.py
[2024-12-01T05:28:13.727+0000] {processor.py:925} INFO - DAG(s) 'example_branch_datetime_operator_2', 'example_branch_datetime_operator', 'example_branch_datetime_operator_3' retrieved from /home/airflow/.local/lib/python3.12/site-packages/airflow/example_dags/example_branch_datetime_operator.py
[2024-12-01T05:28:13.752+0000] {logging_mixin.py:190} INFO - [2024-12-01T05:28:13.752+0000] {dag.py:3239} INFO - Sync 3 DAGs
[2024-12-01T05:28:13.763+0000] {logging_mixin.py:190} INFO - [2024-12-01T05:28:13.763+0000] {dag.py:4180} INFO - Setting next_dagrun for example_branch_datetime_operator to 2024-11-30 00:00:00+00:00, run_after=2024-12-01 00:00:00+00:00
[2024-12-01T05:28:13.765+0000] {logging_mixin.py:190} INFO - [2024-12-01T05:28:13.765+0000] {dag.py:4180} INFO - Setting next_dagrun for example_branch_datetime_operator_2 to 2024-11-30 00:00:00+00:00, run_after=2024-12-01 00:00:00+00:00
[2024-12-01T05:28:13.767+0000] {logging_mixin.py:190} INFO - [2024-12-01T05:28:13.767+0000] {dag.py:4180} INFO - Setting next_dagrun for example_branch_datetime_operator_3 to 2024-11-30 00:00:00+00:00, run_after=2024-12-01 00:00:00+00:00
[2024-12-01T05:28:13.782+0000] {processor.py:208} INFO - Processing /home/airflow/.local/lib/python3.12/site-packages/airflow/example_dags/example_branch_datetime_operator.py took 0.068 seconds
[2024-12-01T05:28:44.397+0000] {processor.py:186} INFO - Started process (PID=17630) to work on /home/airflow/.local/lib/python3.12/site-packages/airflow/example_dags/example_branch_datetime_operator.py
[2024-12-01T05:28:44.398+0000] {processor.py:914} INFO - Processing file /home/airflow/.local/lib/python3.12/site-packages/airflow/example_dags/example_branch_datetime_operator.py for tasks to queue
[2024-12-01T05:28:44.399+0000] {logging_mixin.py:190} INFO - [2024-12-01T05:28:44.399+0000] {dagbag.py:588} INFO - Filling up the DagBag from /home/airflow/.local/lib/python3.12/site-packages/airflow/example_dags/example_branch_datetime_operator.py
[2024-12-01T05:28:44.404+0000] {processor.py:925} INFO - DAG(s) 'example_branch_datetime_operator_3', 'example_branch_datetime_operator_2', 'example_branch_datetime_operator' retrieved from /home/airflow/.local/lib/python3.12/site-packages/airflow/example_dags/example_branch_datetime_operator.py
[2024-12-01T05:28:44.426+0000] {logging_mixin.py:190} INFO - [2024-12-01T05:28:44.426+0000] {dag.py:3239} INFO - Sync 3 DAGs
[2024-12-01T05:28:44.437+0000] {logging_mixin.py:190} INFO - [2024-12-01T05:28:44.437+0000] {dag.py:4180} INFO - Setting next_dagrun for example_branch_datetime_operator to 2024-11-30 00:00:00+00:00, run_after=2024-12-01 00:00:00+00:00
[2024-12-01T05:28:44.439+0000] {logging_mixin.py:190} INFO - [2024-12-01T05:28:44.439+0000] {dag.py:4180} INFO - Setting next_dagrun for example_branch_datetime_operator_2 to 2024-11-30 00:00:00+00:00, run_after=2024-12-01 00:00:00+00:00
[2024-12-01T05:28:44.440+0000] {logging_mixin.py:190} INFO - [2024-12-01T05:28:44.440+0000] {dag.py:4180} INFO - Setting next_dagrun for example_branch_datetime_operator_3 to 2024-11-30 00:00:00+00:00, run_after=2024-12-01 00:00:00+00:00
[2024-12-01T05:28:44.448+0000] {processor.py:208} INFO - Processing /home/airflow/.local/lib/python3.12/site-packages/airflow/example_dags/example_branch_datetime_operator.py took 0.054 seconds
[2024-12-01T05:29:14.919+0000] {processor.py:186} INFO - Started process (PID=18006) to work on /home/airflow/.local/lib/python3.12/site-packages/airflow/example_dags/example_branch_datetime_operator.py
[2024-12-01T05:29:14.919+0000] {processor.py:914} INFO - Processing file /home/airflow/.local/lib/python3.12/site-packages/airflow/example_dags/example_branch_datetime_operator.py for tasks to queue
[2024-12-01T05:29:14.920+0000] {logging_mixin.py:190} INFO - [2024-12-01T05:29:14.919+0000] {dagbag.py:588} INFO - Filling up the DagBag from /home/airflow/.local/lib/python3.12/site-packages/airflow/example_dags/example_branch_datetime_operator.py
[2024-12-01T05:29:14.924+0000] {processor.py:925} INFO - DAG(s) 'example_branch_datetime_operator_3', 'example_branch_datetime_operator_2', 'example_branch_datetime_operator' retrieved from /home/airflow/.local/lib/python3.12/site-packages/airflow/example_dags/example_branch_datetime_operator.py
[2024-12-01T05:29:14.935+0000] {logging_mixin.py:190} INFO - [2024-12-01T05:29:14.935+0000] {dag.py:3239} INFO - Sync 3 DAGs
[2024-12-01T05:29:14.947+0000] {logging_mixin.py:190} INFO - [2024-12-01T05:29:14.947+0000] {dag.py:4180} INFO - Setting next_dagrun for example_branch_datetime_operator to 2024-11-30 00:00:00+00:00, run_after=2024-12-01 00:00:00+00:00
[2024-12-01T05:29:14.949+0000] {logging_mixin.py:190} INFO - [2024-12-01T05:29:14.949+0000] {dag.py:4180} INFO - Setting next_dagrun for example_branch_datetime_operator_2 to 2024-11-30 00:00:00+00:00, run_after=2024-12-01 00:00:00+00:00
[2024-12-01T05:29:14.950+0000] {logging_mixin.py:190} INFO - [2024-12-01T05:29:14.950+0000] {dag.py:4180} INFO - Setting next_dagrun for example_branch_datetime_operator_3 to 2024-11-30 00:00:00+00:00, run_after=2024-12-01 00:00:00+00:00
[2024-12-01T05:29:14.955+0000] {processor.py:208} INFO - Processing /home/airflow/.local/lib/python3.12/site-packages/airflow/example_dags/example_branch_datetime_operator.py took 0.039 seconds
[2024-12-01T05:29:45.527+0000] {processor.py:186} INFO - Started process (PID=18372) to work on /home/airflow/.local/lib/python3.12/site-packages/airflow/example_dags/example_branch_datetime_operator.py
[2024-12-01T05:29:45.530+0000] {processor.py:914} INFO - Processing file /home/airflow/.local/lib/python3.12/site-packages/airflow/example_dags/example_branch_datetime_operator.py for tasks to queue
[2024-12-01T05:29:45.531+0000] {logging_mixin.py:190} INFO - [2024-12-01T05:29:45.531+0000] {dagbag.py:588} INFO - Filling up the DagBag from /home/airflow/.local/lib/python3.12/site-packages/airflow/example_dags/example_branch_datetime_operator.py
[2024-12-01T05:29:45.536+0000] {processor.py:925} INFO - DAG(s) 'example_branch_datetime_operator_2', 'example_branch_datetime_operator', 'example_branch_datetime_operator_3' retrieved from /home/airflow/.local/lib/python3.12/site-packages/airflow/example_dags/example_branch_datetime_operator.py
[2024-12-01T05:29:45.552+0000] {logging_mixin.py:190} INFO - [2024-12-01T05:29:45.552+0000] {dag.py:3239} INFO - Sync 3 DAGs
[2024-12-01T05:29:45.561+0000] {logging_mixin.py:190} INFO - [2024-12-01T05:29:45.561+0000] {dag.py:4180} INFO - Setting next_dagrun for example_branch_datetime_operator to 2024-11-30 00:00:00+00:00, run_after=2024-12-01 00:00:00+00:00
[2024-12-01T05:29:45.563+0000] {logging_mixin.py:190} INFO - [2024-12-01T05:29:45.563+0000] {dag.py:4180} INFO - Setting next_dagrun for example_branch_datetime_operator_2 to 2024-11-30 00:00:00+00:00, run_after=2024-12-01 00:00:00+00:00
[2024-12-01T05:29:45.564+0000] {logging_mixin.py:190} INFO - [2024-12-01T05:29:45.564+0000] {dag.py:4180} INFO - Setting next_dagrun for example_branch_datetime_operator_3 to 2024-11-30 00:00:00+00:00, run_after=2024-12-01 00:00:00+00:00
[2024-12-01T05:29:45.569+0000] {processor.py:208} INFO - Processing /home/airflow/.local/lib/python3.12/site-packages/airflow/example_dags/example_branch_datetime_operator.py took 0.045 seconds
