[2024-12-01T05:05:11.164+0000] {processor.py:186} INFO - Started process (PID=377) to work on /home/airflow/.local/lib/python3.12/site-packages/airflow/example_dags/example_bash_decorator.py
[2024-12-01T05:05:11.164+0000] {processor.py:914} INFO - Processing file /home/airflow/.local/lib/python3.12/site-packages/airflow/example_dags/example_bash_decorator.py for tasks to queue
[2024-12-01T05:05:11.165+0000] {logging_mixin.py:190} INFO - [2024-12-01T05:05:11.165+0000] {dagbag.py:588} INFO - Filling up the DagBag from /home/airflow/.local/lib/python3.12/site-packages/airflow/example_dags/example_bash_decorator.py
[2024-12-01T05:05:11.172+0000] {processor.py:925} INFO - DAG(s) 'example_bash_decorator' retrieved from /home/airflow/.local/lib/python3.12/site-packages/airflow/example_dags/example_bash_decorator.py
[2024-12-01T05:05:11.218+0000] {logging_mixin.py:190} INFO - [2024-12-01T05:05:11.218+0000] {dag.py:3239} INFO - Sync 1 DAGs
[2024-12-01T05:05:11.223+0000] {logging_mixin.py:190} INFO - [2024-12-01T05:05:11.223+0000] {dag.py:4180} INFO - Setting next_dagrun for example_bash_decorator to None, run_after=None
[2024-12-01T05:05:11.229+0000] {processor.py:208} INFO - Processing /home/airflow/.local/lib/python3.12/site-packages/airflow/example_dags/example_bash_decorator.py took 0.068 seconds
[2024-12-01T05:05:42.111+0000] {processor.py:186} INFO - Started process (PID=754) to work on /home/airflow/.local/lib/python3.12/site-packages/airflow/example_dags/example_bash_decorator.py
[2024-12-01T05:05:42.111+0000] {processor.py:914} INFO - Processing file /home/airflow/.local/lib/python3.12/site-packages/airflow/example_dags/example_bash_decorator.py for tasks to queue
[2024-12-01T05:05:42.113+0000] {logging_mixin.py:190} INFO - [2024-12-01T05:05:42.113+0000] {dagbag.py:588} INFO - Filling up the DagBag from /home/airflow/.local/lib/python3.12/site-packages/airflow/example_dags/example_bash_decorator.py
[2024-12-01T05:05:42.120+0000] {processor.py:925} INFO - DAG(s) 'example_bash_decorator' retrieved from /home/airflow/.local/lib/python3.12/site-packages/airflow/example_dags/example_bash_decorator.py
[2024-12-01T05:05:42.134+0000] {logging_mixin.py:190} INFO - [2024-12-01T05:05:42.134+0000] {dag.py:3239} INFO - Sync 1 DAGs
[2024-12-01T05:05:42.140+0000] {logging_mixin.py:190} INFO - [2024-12-01T05:05:42.140+0000] {dag.py:4180} INFO - Setting next_dagrun for example_bash_decorator to None, run_after=None
[2024-12-01T05:05:42.148+0000] {processor.py:208} INFO - Processing /home/airflow/.local/lib/python3.12/site-packages/airflow/example_dags/example_bash_decorator.py took 0.040 seconds
[2024-12-01T05:06:12.799+0000] {processor.py:186} INFO - Started process (PID=1123) to work on /home/airflow/.local/lib/python3.12/site-packages/airflow/example_dags/example_bash_decorator.py
[2024-12-01T05:06:12.802+0000] {processor.py:914} INFO - Processing file /home/airflow/.local/lib/python3.12/site-packages/airflow/example_dags/example_bash_decorator.py for tasks to queue
[2024-12-01T05:06:12.804+0000] {logging_mixin.py:190} INFO - [2024-12-01T05:06:12.804+0000] {dagbag.py:588} INFO - Filling up the DagBag from /home/airflow/.local/lib/python3.12/site-packages/airflow/example_dags/example_bash_decorator.py
[2024-12-01T05:06:12.811+0000] {processor.py:925} INFO - DAG(s) 'example_bash_decorator' retrieved from /home/airflow/.local/lib/python3.12/site-packages/airflow/example_dags/example_bash_decorator.py
[2024-12-01T05:06:12.822+0000] {logging_mixin.py:190} INFO - [2024-12-01T05:06:12.822+0000] {dag.py:3239} INFO - Sync 1 DAGs
[2024-12-01T05:06:12.828+0000] {logging_mixin.py:190} INFO - [2024-12-01T05:06:12.828+0000] {dag.py:4180} INFO - Setting next_dagrun for example_bash_decorator to None, run_after=None
[2024-12-01T05:06:12.838+0000] {processor.py:208} INFO - Processing /home/airflow/.local/lib/python3.12/site-packages/airflow/example_dags/example_bash_decorator.py took 0.041 seconds
[2024-12-01T05:06:43.736+0000] {processor.py:186} INFO - Started process (PID=1489) to work on /home/airflow/.local/lib/python3.12/site-packages/airflow/example_dags/example_bash_decorator.py
[2024-12-01T05:06:43.739+0000] {processor.py:914} INFO - Processing file /home/airflow/.local/lib/python3.12/site-packages/airflow/example_dags/example_bash_decorator.py for tasks to queue
[2024-12-01T05:06:43.740+0000] {logging_mixin.py:190} INFO - [2024-12-01T05:06:43.740+0000] {dagbag.py:588} INFO - Filling up the DagBag from /home/airflow/.local/lib/python3.12/site-packages/airflow/example_dags/example_bash_decorator.py
[2024-12-01T05:06:43.746+0000] {processor.py:925} INFO - DAG(s) 'example_bash_decorator' retrieved from /home/airflow/.local/lib/python3.12/site-packages/airflow/example_dags/example_bash_decorator.py
[2024-12-01T05:06:43.755+0000] {logging_mixin.py:190} INFO - [2024-12-01T05:06:43.755+0000] {dag.py:3239} INFO - Sync 1 DAGs
[2024-12-01T05:06:43.761+0000] {logging_mixin.py:190} INFO - [2024-12-01T05:06:43.761+0000] {dag.py:4180} INFO - Setting next_dagrun for example_bash_decorator to None, run_after=None
[2024-12-01T05:06:43.767+0000] {processor.py:208} INFO - Processing /home/airflow/.local/lib/python3.12/site-packages/airflow/example_dags/example_bash_decorator.py took 0.034 seconds
[2024-12-01T05:07:14.370+0000] {processor.py:186} INFO - Started process (PID=1865) to work on /home/airflow/.local/lib/python3.12/site-packages/airflow/example_dags/example_bash_decorator.py
[2024-12-01T05:07:14.373+0000] {processor.py:914} INFO - Processing file /home/airflow/.local/lib/python3.12/site-packages/airflow/example_dags/example_bash_decorator.py for tasks to queue
[2024-12-01T05:07:14.373+0000] {logging_mixin.py:190} INFO - [2024-12-01T05:07:14.373+0000] {dagbag.py:588} INFO - Filling up the DagBag from /home/airflow/.local/lib/python3.12/site-packages/airflow/example_dags/example_bash_decorator.py
[2024-12-01T05:07:14.380+0000] {processor.py:925} INFO - DAG(s) 'example_bash_decorator' retrieved from /home/airflow/.local/lib/python3.12/site-packages/airflow/example_dags/example_bash_decorator.py
[2024-12-01T05:07:14.392+0000] {logging_mixin.py:190} INFO - [2024-12-01T05:07:14.392+0000] {dag.py:3239} INFO - Sync 1 DAGs
[2024-12-01T05:07:14.397+0000] {logging_mixin.py:190} INFO - [2024-12-01T05:07:14.397+0000] {dag.py:4180} INFO - Setting next_dagrun for example_bash_decorator to None, run_after=None
[2024-12-01T05:07:14.404+0000] {processor.py:208} INFO - Processing /home/airflow/.local/lib/python3.12/site-packages/airflow/example_dags/example_bash_decorator.py took 0.036 seconds
[2024-12-01T05:07:45.069+0000] {processor.py:186} INFO - Started process (PID=2268) to work on /home/airflow/.local/lib/python3.12/site-packages/airflow/example_dags/example_bash_decorator.py
[2024-12-01T05:07:45.071+0000] {processor.py:914} INFO - Processing file /home/airflow/.local/lib/python3.12/site-packages/airflow/example_dags/example_bash_decorator.py for tasks to queue
[2024-12-01T05:07:45.072+0000] {logging_mixin.py:190} INFO - [2024-12-01T05:07:45.072+0000] {dagbag.py:588} INFO - Filling up the DagBag from /home/airflow/.local/lib/python3.12/site-packages/airflow/example_dags/example_bash_decorator.py
[2024-12-01T05:07:45.078+0000] {processor.py:925} INFO - DAG(s) 'example_bash_decorator' retrieved from /home/airflow/.local/lib/python3.12/site-packages/airflow/example_dags/example_bash_decorator.py
[2024-12-01T05:07:45.090+0000] {logging_mixin.py:190} INFO - [2024-12-01T05:07:45.090+0000] {dag.py:3239} INFO - Sync 1 DAGs
[2024-12-01T05:07:45.097+0000] {logging_mixin.py:190} INFO - [2024-12-01T05:07:45.097+0000] {dag.py:4180} INFO - Setting next_dagrun for example_bash_decorator to None, run_after=None
[2024-12-01T05:07:45.106+0000] {processor.py:208} INFO - Processing /home/airflow/.local/lib/python3.12/site-packages/airflow/example_dags/example_bash_decorator.py took 0.040 seconds
[2024-12-01T05:08:15.627+0000] {processor.py:186} INFO - Started process (PID=2634) to work on /home/airflow/.local/lib/python3.12/site-packages/airflow/example_dags/example_bash_decorator.py
[2024-12-01T05:08:15.627+0000] {processor.py:914} INFO - Processing file /home/airflow/.local/lib/python3.12/site-packages/airflow/example_dags/example_bash_decorator.py for tasks to queue
[2024-12-01T05:08:15.628+0000] {logging_mixin.py:190} INFO - [2024-12-01T05:08:15.628+0000] {dagbag.py:588} INFO - Filling up the DagBag from /home/airflow/.local/lib/python3.12/site-packages/airflow/example_dags/example_bash_decorator.py
[2024-12-01T05:08:15.634+0000] {processor.py:925} INFO - DAG(s) 'example_bash_decorator' retrieved from /home/airflow/.local/lib/python3.12/site-packages/airflow/example_dags/example_bash_decorator.py
[2024-12-01T05:08:15.644+0000] {logging_mixin.py:190} INFO - [2024-12-01T05:08:15.644+0000] {dag.py:3239} INFO - Sync 1 DAGs
[2024-12-01T05:08:15.649+0000] {logging_mixin.py:190} INFO - [2024-12-01T05:08:15.649+0000] {dag.py:4180} INFO - Setting next_dagrun for example_bash_decorator to None, run_after=None
[2024-12-01T05:08:15.655+0000] {processor.py:208} INFO - Processing /home/airflow/.local/lib/python3.12/site-packages/airflow/example_dags/example_bash_decorator.py took 0.030 seconds
[2024-12-01T05:08:46.241+0000] {processor.py:186} INFO - Started process (PID=3014) to work on /home/airflow/.local/lib/python3.12/site-packages/airflow/example_dags/example_bash_decorator.py
[2024-12-01T05:08:46.241+0000] {processor.py:914} INFO - Processing file /home/airflow/.local/lib/python3.12/site-packages/airflow/example_dags/example_bash_decorator.py for tasks to queue
[2024-12-01T05:08:46.241+0000] {logging_mixin.py:190} INFO - [2024-12-01T05:08:46.241+0000] {dagbag.py:588} INFO - Filling up the DagBag from /home/airflow/.local/lib/python3.12/site-packages/airflow/example_dags/example_bash_decorator.py
[2024-12-01T05:08:46.248+0000] {processor.py:925} INFO - DAG(s) 'example_bash_decorator' retrieved from /home/airflow/.local/lib/python3.12/site-packages/airflow/example_dags/example_bash_decorator.py
[2024-12-01T05:08:46.258+0000] {logging_mixin.py:190} INFO - [2024-12-01T05:08:46.258+0000] {dag.py:3239} INFO - Sync 1 DAGs
[2024-12-01T05:08:46.264+0000] {logging_mixin.py:190} INFO - [2024-12-01T05:08:46.264+0000] {dag.py:4180} INFO - Setting next_dagrun for example_bash_decorator to None, run_after=None
[2024-12-01T05:08:46.270+0000] {processor.py:208} INFO - Processing /home/airflow/.local/lib/python3.12/site-packages/airflow/example_dags/example_bash_decorator.py took 0.032 seconds
[2024-12-01T05:09:16.974+0000] {processor.py:186} INFO - Started process (PID=3383) to work on /home/airflow/.local/lib/python3.12/site-packages/airflow/example_dags/example_bash_decorator.py
[2024-12-01T05:09:16.974+0000] {processor.py:914} INFO - Processing file /home/airflow/.local/lib/python3.12/site-packages/airflow/example_dags/example_bash_decorator.py for tasks to queue
[2024-12-01T05:09:16.975+0000] {logging_mixin.py:190} INFO - [2024-12-01T05:09:16.974+0000] {dagbag.py:588} INFO - Filling up the DagBag from /home/airflow/.local/lib/python3.12/site-packages/airflow/example_dags/example_bash_decorator.py
[2024-12-01T05:09:16.981+0000] {processor.py:925} INFO - DAG(s) 'example_bash_decorator' retrieved from /home/airflow/.local/lib/python3.12/site-packages/airflow/example_dags/example_bash_decorator.py
[2024-12-01T05:09:16.992+0000] {logging_mixin.py:190} INFO - [2024-12-01T05:09:16.992+0000] {dag.py:3239} INFO - Sync 1 DAGs
[2024-12-01T05:09:17.001+0000] {logging_mixin.py:190} INFO - [2024-12-01T05:09:17.001+0000] {dag.py:4180} INFO - Setting next_dagrun for example_bash_decorator to None, run_after=None
[2024-12-01T05:09:17.010+0000] {processor.py:208} INFO - Processing /home/airflow/.local/lib/python3.12/site-packages/airflow/example_dags/example_bash_decorator.py took 0.038 seconds
[2024-12-01T05:09:47.764+0000] {processor.py:186} INFO - Started process (PID=3750) to work on /home/airflow/.local/lib/python3.12/site-packages/airflow/example_dags/example_bash_decorator.py
[2024-12-01T05:09:47.765+0000] {processor.py:914} INFO - Processing file /home/airflow/.local/lib/python3.12/site-packages/airflow/example_dags/example_bash_decorator.py for tasks to queue
[2024-12-01T05:09:47.767+0000] {logging_mixin.py:190} INFO - [2024-12-01T05:09:47.767+0000] {dagbag.py:588} INFO - Filling up the DagBag from /home/airflow/.local/lib/python3.12/site-packages/airflow/example_dags/example_bash_decorator.py
[2024-12-01T05:09:47.774+0000] {processor.py:925} INFO - DAG(s) 'example_bash_decorator' retrieved from /home/airflow/.local/lib/python3.12/site-packages/airflow/example_dags/example_bash_decorator.py
[2024-12-01T05:09:47.784+0000] {logging_mixin.py:190} INFO - [2024-12-01T05:09:47.784+0000] {dag.py:3239} INFO - Sync 1 DAGs
[2024-12-01T05:09:47.792+0000] {logging_mixin.py:190} INFO - [2024-12-01T05:09:47.792+0000] {dag.py:4180} INFO - Setting next_dagrun for example_bash_decorator to None, run_after=None
[2024-12-01T05:09:47.799+0000] {processor.py:208} INFO - Processing /home/airflow/.local/lib/python3.12/site-packages/airflow/example_dags/example_bash_decorator.py took 0.037 seconds
[2024-12-01T05:10:18.655+0000] {processor.py:186} INFO - Started process (PID=4169) to work on /home/airflow/.local/lib/python3.12/site-packages/airflow/example_dags/example_bash_decorator.py
[2024-12-01T05:10:18.655+0000] {processor.py:914} INFO - Processing file /home/airflow/.local/lib/python3.12/site-packages/airflow/example_dags/example_bash_decorator.py for tasks to queue
[2024-12-01T05:10:18.657+0000] {logging_mixin.py:190} INFO - [2024-12-01T05:10:18.657+0000] {dagbag.py:588} INFO - Filling up the DagBag from /home/airflow/.local/lib/python3.12/site-packages/airflow/example_dags/example_bash_decorator.py
[2024-12-01T05:10:18.666+0000] {processor.py:925} INFO - DAG(s) 'example_bash_decorator' retrieved from /home/airflow/.local/lib/python3.12/site-packages/airflow/example_dags/example_bash_decorator.py
[2024-12-01T05:10:18.677+0000] {logging_mixin.py:190} INFO - [2024-12-01T05:10:18.677+0000] {dag.py:3239} INFO - Sync 1 DAGs
[2024-12-01T05:10:18.684+0000] {logging_mixin.py:190} INFO - [2024-12-01T05:10:18.684+0000] {dag.py:4180} INFO - Setting next_dagrun for example_bash_decorator to None, run_after=None
[2024-12-01T05:10:18.689+0000] {processor.py:208} INFO - Processing /home/airflow/.local/lib/python3.12/site-packages/airflow/example_dags/example_bash_decorator.py took 0.037 seconds
[2024-12-01T05:10:49.406+0000] {processor.py:186} INFO - Started process (PID=4564) to work on /home/airflow/.local/lib/python3.12/site-packages/airflow/example_dags/example_bash_decorator.py
[2024-12-01T05:10:49.407+0000] {processor.py:914} INFO - Processing file /home/airflow/.local/lib/python3.12/site-packages/airflow/example_dags/example_bash_decorator.py for tasks to queue
[2024-12-01T05:10:49.408+0000] {logging_mixin.py:190} INFO - [2024-12-01T05:10:49.408+0000] {dagbag.py:588} INFO - Filling up the DagBag from /home/airflow/.local/lib/python3.12/site-packages/airflow/example_dags/example_bash_decorator.py
[2024-12-01T05:10:49.415+0000] {processor.py:925} INFO - DAG(s) 'example_bash_decorator' retrieved from /home/airflow/.local/lib/python3.12/site-packages/airflow/example_dags/example_bash_decorator.py
[2024-12-01T05:10:49.424+0000] {logging_mixin.py:190} INFO - [2024-12-01T05:10:49.424+0000] {dag.py:3239} INFO - Sync 1 DAGs
[2024-12-01T05:10:49.429+0000] {logging_mixin.py:190} INFO - [2024-12-01T05:10:49.429+0000] {dag.py:4180} INFO - Setting next_dagrun for example_bash_decorator to None, run_after=None
[2024-12-01T05:10:49.437+0000] {processor.py:208} INFO - Processing /home/airflow/.local/lib/python3.12/site-packages/airflow/example_dags/example_bash_decorator.py took 0.033 seconds
[2024-12-01T05:11:20.001+0000] {processor.py:186} INFO - Started process (PID=4930) to work on /home/airflow/.local/lib/python3.12/site-packages/airflow/example_dags/example_bash_decorator.py
[2024-12-01T05:11:20.002+0000] {processor.py:914} INFO - Processing file /home/airflow/.local/lib/python3.12/site-packages/airflow/example_dags/example_bash_decorator.py for tasks to queue
[2024-12-01T05:11:20.002+0000] {logging_mixin.py:190} INFO - [2024-12-01T05:11:20.002+0000] {dagbag.py:588} INFO - Filling up the DagBag from /home/airflow/.local/lib/python3.12/site-packages/airflow/example_dags/example_bash_decorator.py
[2024-12-01T05:11:20.008+0000] {processor.py:925} INFO - DAG(s) 'example_bash_decorator' retrieved from /home/airflow/.local/lib/python3.12/site-packages/airflow/example_dags/example_bash_decorator.py
[2024-12-01T05:11:20.017+0000] {logging_mixin.py:190} INFO - [2024-12-01T05:11:20.017+0000] {dag.py:3239} INFO - Sync 1 DAGs
[2024-12-01T05:11:20.023+0000] {logging_mixin.py:190} INFO - [2024-12-01T05:11:20.023+0000] {dag.py:4180} INFO - Setting next_dagrun for example_bash_decorator to None, run_after=None
[2024-12-01T05:11:20.029+0000] {processor.py:208} INFO - Processing /home/airflow/.local/lib/python3.12/site-packages/airflow/example_dags/example_bash_decorator.py took 0.030 seconds
[2024-12-01T05:11:50.350+0000] {processor.py:186} INFO - Started process (PID=5296) to work on /home/airflow/.local/lib/python3.12/site-packages/airflow/example_dags/example_bash_decorator.py
[2024-12-01T05:11:50.350+0000] {processor.py:914} INFO - Processing file /home/airflow/.local/lib/python3.12/site-packages/airflow/example_dags/example_bash_decorator.py for tasks to queue
[2024-12-01T05:11:50.351+0000] {logging_mixin.py:190} INFO - [2024-12-01T05:11:50.351+0000] {dagbag.py:588} INFO - Filling up the DagBag from /home/airflow/.local/lib/python3.12/site-packages/airflow/example_dags/example_bash_decorator.py
[2024-12-01T05:11:50.357+0000] {processor.py:925} INFO - DAG(s) 'example_bash_decorator' retrieved from /home/airflow/.local/lib/python3.12/site-packages/airflow/example_dags/example_bash_decorator.py
[2024-12-01T05:11:50.366+0000] {logging_mixin.py:190} INFO - [2024-12-01T05:11:50.366+0000] {dag.py:3239} INFO - Sync 1 DAGs
[2024-12-01T05:11:50.372+0000] {logging_mixin.py:190} INFO - [2024-12-01T05:11:50.372+0000] {dag.py:4180} INFO - Setting next_dagrun for example_bash_decorator to None, run_after=None
[2024-12-01T05:11:50.380+0000] {processor.py:208} INFO - Processing /home/airflow/.local/lib/python3.12/site-packages/airflow/example_dags/example_bash_decorator.py took 0.032 seconds
[2024-12-01T05:12:20.841+0000] {processor.py:186} INFO - Started process (PID=5660) to work on /home/airflow/.local/lib/python3.12/site-packages/airflow/example_dags/example_bash_decorator.py
[2024-12-01T05:12:20.843+0000] {processor.py:914} INFO - Processing file /home/airflow/.local/lib/python3.12/site-packages/airflow/example_dags/example_bash_decorator.py for tasks to queue
[2024-12-01T05:12:20.844+0000] {logging_mixin.py:190} INFO - [2024-12-01T05:12:20.843+0000] {dagbag.py:588} INFO - Filling up the DagBag from /home/airflow/.local/lib/python3.12/site-packages/airflow/example_dags/example_bash_decorator.py
[2024-12-01T05:12:20.850+0000] {processor.py:925} INFO - DAG(s) 'example_bash_decorator' retrieved from /home/airflow/.local/lib/python3.12/site-packages/airflow/example_dags/example_bash_decorator.py
[2024-12-01T05:12:20.859+0000] {logging_mixin.py:190} INFO - [2024-12-01T05:12:20.859+0000] {dag.py:3239} INFO - Sync 1 DAGs
[2024-12-01T05:12:20.864+0000] {logging_mixin.py:190} INFO - [2024-12-01T05:12:20.864+0000] {dag.py:4180} INFO - Setting next_dagrun for example_bash_decorator to None, run_after=None
[2024-12-01T05:12:20.875+0000] {processor.py:208} INFO - Processing /home/airflow/.local/lib/python3.12/site-packages/airflow/example_dags/example_bash_decorator.py took 0.037 seconds
[2024-12-01T05:12:51.383+0000] {processor.py:186} INFO - Started process (PID=6026) to work on /home/airflow/.local/lib/python3.12/site-packages/airflow/example_dags/example_bash_decorator.py
[2024-12-01T05:12:51.383+0000] {processor.py:914} INFO - Processing file /home/airflow/.local/lib/python3.12/site-packages/airflow/example_dags/example_bash_decorator.py for tasks to queue
[2024-12-01T05:12:51.383+0000] {logging_mixin.py:190} INFO - [2024-12-01T05:12:51.383+0000] {dagbag.py:588} INFO - Filling up the DagBag from /home/airflow/.local/lib/python3.12/site-packages/airflow/example_dags/example_bash_decorator.py
[2024-12-01T05:12:51.390+0000] {processor.py:925} INFO - DAG(s) 'example_bash_decorator' retrieved from /home/airflow/.local/lib/python3.12/site-packages/airflow/example_dags/example_bash_decorator.py
[2024-12-01T05:12:51.398+0000] {logging_mixin.py:190} INFO - [2024-12-01T05:12:51.398+0000] {dag.py:3239} INFO - Sync 1 DAGs
[2024-12-01T05:12:51.404+0000] {logging_mixin.py:190} INFO - [2024-12-01T05:12:51.404+0000] {dag.py:4180} INFO - Setting next_dagrun for example_bash_decorator to None, run_after=None
[2024-12-01T05:12:51.409+0000] {processor.py:208} INFO - Processing /home/airflow/.local/lib/python3.12/site-packages/airflow/example_dags/example_bash_decorator.py took 0.029 seconds
[2024-12-01T05:13:21.989+0000] {processor.py:186} INFO - Started process (PID=6387) to work on /home/airflow/.local/lib/python3.12/site-packages/airflow/example_dags/example_bash_decorator.py
[2024-12-01T05:13:21.990+0000] {processor.py:914} INFO - Processing file /home/airflow/.local/lib/python3.12/site-packages/airflow/example_dags/example_bash_decorator.py for tasks to queue
[2024-12-01T05:13:21.991+0000] {logging_mixin.py:190} INFO - [2024-12-01T05:13:21.991+0000] {dagbag.py:588} INFO - Filling up the DagBag from /home/airflow/.local/lib/python3.12/site-packages/airflow/example_dags/example_bash_decorator.py
[2024-12-01T05:13:21.998+0000] {processor.py:925} INFO - DAG(s) 'example_bash_decorator' retrieved from /home/airflow/.local/lib/python3.12/site-packages/airflow/example_dags/example_bash_decorator.py
[2024-12-01T05:13:22.007+0000] {logging_mixin.py:190} INFO - [2024-12-01T05:13:22.007+0000] {dag.py:3239} INFO - Sync 1 DAGs
[2024-12-01T05:13:22.013+0000] {logging_mixin.py:190} INFO - [2024-12-01T05:13:22.013+0000] {dag.py:4180} INFO - Setting next_dagrun for example_bash_decorator to None, run_after=None
[2024-12-01T05:13:22.022+0000] {processor.py:208} INFO - Processing /home/airflow/.local/lib/python3.12/site-packages/airflow/example_dags/example_bash_decorator.py took 0.036 seconds
[2024-12-01T05:13:52.669+0000] {processor.py:186} INFO - Started process (PID=6755) to work on /home/airflow/.local/lib/python3.12/site-packages/airflow/example_dags/example_bash_decorator.py
[2024-12-01T05:13:52.671+0000] {processor.py:914} INFO - Processing file /home/airflow/.local/lib/python3.12/site-packages/airflow/example_dags/example_bash_decorator.py for tasks to queue
[2024-12-01T05:13:52.671+0000] {logging_mixin.py:190} INFO - [2024-12-01T05:13:52.671+0000] {dagbag.py:588} INFO - Filling up the DagBag from /home/airflow/.local/lib/python3.12/site-packages/airflow/example_dags/example_bash_decorator.py
[2024-12-01T05:13:52.677+0000] {processor.py:925} INFO - DAG(s) 'example_bash_decorator' retrieved from /home/airflow/.local/lib/python3.12/site-packages/airflow/example_dags/example_bash_decorator.py
[2024-12-01T05:13:52.687+0000] {logging_mixin.py:190} INFO - [2024-12-01T05:13:52.686+0000] {dag.py:3239} INFO - Sync 1 DAGs
[2024-12-01T05:13:52.692+0000] {logging_mixin.py:190} INFO - [2024-12-01T05:13:52.692+0000] {dag.py:4180} INFO - Setting next_dagrun for example_bash_decorator to None, run_after=None
[2024-12-01T05:13:52.700+0000] {processor.py:208} INFO - Processing /home/airflow/.local/lib/python3.12/site-packages/airflow/example_dags/example_bash_decorator.py took 0.033 seconds
[2024-12-01T05:14:23.290+0000] {processor.py:186} INFO - Started process (PID=7121) to work on /home/airflow/.local/lib/python3.12/site-packages/airflow/example_dags/example_bash_decorator.py
[2024-12-01T05:14:23.290+0000] {processor.py:914} INFO - Processing file /home/airflow/.local/lib/python3.12/site-packages/airflow/example_dags/example_bash_decorator.py for tasks to queue
[2024-12-01T05:14:23.291+0000] {logging_mixin.py:190} INFO - [2024-12-01T05:14:23.291+0000] {dagbag.py:588} INFO - Filling up the DagBag from /home/airflow/.local/lib/python3.12/site-packages/airflow/example_dags/example_bash_decorator.py
[2024-12-01T05:14:23.297+0000] {processor.py:925} INFO - DAG(s) 'example_bash_decorator' retrieved from /home/airflow/.local/lib/python3.12/site-packages/airflow/example_dags/example_bash_decorator.py
[2024-12-01T05:14:23.305+0000] {logging_mixin.py:190} INFO - [2024-12-01T05:14:23.305+0000] {dag.py:3239} INFO - Sync 1 DAGs
[2024-12-01T05:14:23.309+0000] {logging_mixin.py:190} INFO - [2024-12-01T05:14:23.309+0000] {dag.py:4180} INFO - Setting next_dagrun for example_bash_decorator to None, run_after=None
[2024-12-01T05:14:23.314+0000] {processor.py:208} INFO - Processing /home/airflow/.local/lib/python3.12/site-packages/airflow/example_dags/example_bash_decorator.py took 0.026 seconds
[2024-12-01T05:14:53.969+0000] {processor.py:186} INFO - Started process (PID=7487) to work on /home/airflow/.local/lib/python3.12/site-packages/airflow/example_dags/example_bash_decorator.py
[2024-12-01T05:14:53.970+0000] {processor.py:914} INFO - Processing file /home/airflow/.local/lib/python3.12/site-packages/airflow/example_dags/example_bash_decorator.py for tasks to queue
[2024-12-01T05:14:53.970+0000] {logging_mixin.py:190} INFO - [2024-12-01T05:14:53.970+0000] {dagbag.py:588} INFO - Filling up the DagBag from /home/airflow/.local/lib/python3.12/site-packages/airflow/example_dags/example_bash_decorator.py
[2024-12-01T05:14:53.976+0000] {processor.py:925} INFO - DAG(s) 'example_bash_decorator' retrieved from /home/airflow/.local/lib/python3.12/site-packages/airflow/example_dags/example_bash_decorator.py
[2024-12-01T05:14:53.986+0000] {logging_mixin.py:190} INFO - [2024-12-01T05:14:53.986+0000] {dag.py:3239} INFO - Sync 1 DAGs
[2024-12-01T05:14:53.991+0000] {logging_mixin.py:190} INFO - [2024-12-01T05:14:53.991+0000] {dag.py:4180} INFO - Setting next_dagrun for example_bash_decorator to None, run_after=None
[2024-12-01T05:14:53.997+0000] {processor.py:208} INFO - Processing /home/airflow/.local/lib/python3.12/site-packages/airflow/example_dags/example_bash_decorator.py took 0.031 seconds
[2024-12-01T05:15:24.831+0000] {processor.py:186} INFO - Started process (PID=7851) to work on /home/airflow/.local/lib/python3.12/site-packages/airflow/example_dags/example_bash_decorator.py
[2024-12-01T05:15:24.832+0000] {processor.py:914} INFO - Processing file /home/airflow/.local/lib/python3.12/site-packages/airflow/example_dags/example_bash_decorator.py for tasks to queue
[2024-12-01T05:15:24.834+0000] {logging_mixin.py:190} INFO - [2024-12-01T05:15:24.834+0000] {dagbag.py:588} INFO - Filling up the DagBag from /home/airflow/.local/lib/python3.12/site-packages/airflow/example_dags/example_bash_decorator.py
[2024-12-01T05:15:24.842+0000] {processor.py:925} INFO - DAG(s) 'example_bash_decorator' retrieved from /home/airflow/.local/lib/python3.12/site-packages/airflow/example_dags/example_bash_decorator.py
[2024-12-01T05:15:24.853+0000] {logging_mixin.py:190} INFO - [2024-12-01T05:15:24.852+0000] {dag.py:3239} INFO - Sync 1 DAGs
[2024-12-01T05:15:24.858+0000] {logging_mixin.py:190} INFO - [2024-12-01T05:15:24.858+0000] {dag.py:4180} INFO - Setting next_dagrun for example_bash_decorator to None, run_after=None
[2024-12-01T05:15:24.863+0000] {processor.py:208} INFO - Processing /home/airflow/.local/lib/python3.12/site-packages/airflow/example_dags/example_bash_decorator.py took 0.035 seconds
[2024-12-01T05:15:55.676+0000] {processor.py:186} INFO - Started process (PID=8224) to work on /home/airflow/.local/lib/python3.12/site-packages/airflow/example_dags/example_bash_decorator.py
[2024-12-01T05:15:55.676+0000] {processor.py:914} INFO - Processing file /home/airflow/.local/lib/python3.12/site-packages/airflow/example_dags/example_bash_decorator.py for tasks to queue
[2024-12-01T05:15:55.677+0000] {logging_mixin.py:190} INFO - [2024-12-01T05:15:55.677+0000] {dagbag.py:588} INFO - Filling up the DagBag from /home/airflow/.local/lib/python3.12/site-packages/airflow/example_dags/example_bash_decorator.py
[2024-12-01T05:15:55.683+0000] {processor.py:925} INFO - DAG(s) 'example_bash_decorator' retrieved from /home/airflow/.local/lib/python3.12/site-packages/airflow/example_dags/example_bash_decorator.py
[2024-12-01T05:15:55.693+0000] {logging_mixin.py:190} INFO - [2024-12-01T05:15:55.693+0000] {dag.py:3239} INFO - Sync 1 DAGs
[2024-12-01T05:15:55.699+0000] {logging_mixin.py:190} INFO - [2024-12-01T05:15:55.699+0000] {dag.py:4180} INFO - Setting next_dagrun for example_bash_decorator to None, run_after=None
[2024-12-01T05:15:55.708+0000] {processor.py:208} INFO - Processing /home/airflow/.local/lib/python3.12/site-packages/airflow/example_dags/example_bash_decorator.py took 0.034 seconds
[2024-12-01T05:16:26.037+0000] {processor.py:186} INFO - Started process (PID=8588) to work on /home/airflow/.local/lib/python3.12/site-packages/airflow/example_dags/example_bash_decorator.py
[2024-12-01T05:16:26.037+0000] {processor.py:914} INFO - Processing file /home/airflow/.local/lib/python3.12/site-packages/airflow/example_dags/example_bash_decorator.py for tasks to queue
[2024-12-01T05:16:26.037+0000] {logging_mixin.py:190} INFO - [2024-12-01T05:16:26.037+0000] {dagbag.py:588} INFO - Filling up the DagBag from /home/airflow/.local/lib/python3.12/site-packages/airflow/example_dags/example_bash_decorator.py
[2024-12-01T05:16:26.044+0000] {processor.py:925} INFO - DAG(s) 'example_bash_decorator' retrieved from /home/airflow/.local/lib/python3.12/site-packages/airflow/example_dags/example_bash_decorator.py
[2024-12-01T05:16:26.053+0000] {logging_mixin.py:190} INFO - [2024-12-01T05:16:26.053+0000] {dag.py:3239} INFO - Sync 1 DAGs
[2024-12-01T05:16:26.058+0000] {logging_mixin.py:190} INFO - [2024-12-01T05:16:26.058+0000] {dag.py:4180} INFO - Setting next_dagrun for example_bash_decorator to None, run_after=None
[2024-12-01T05:16:26.064+0000] {processor.py:208} INFO - Processing /home/airflow/.local/lib/python3.12/site-packages/airflow/example_dags/example_bash_decorator.py took 0.030 seconds
[2024-12-01T05:16:56.536+0000] {processor.py:186} INFO - Started process (PID=8954) to work on /home/airflow/.local/lib/python3.12/site-packages/airflow/example_dags/example_bash_decorator.py
[2024-12-01T05:16:56.537+0000] {processor.py:914} INFO - Processing file /home/airflow/.local/lib/python3.12/site-packages/airflow/example_dags/example_bash_decorator.py for tasks to queue
[2024-12-01T05:16:56.537+0000] {logging_mixin.py:190} INFO - [2024-12-01T05:16:56.537+0000] {dagbag.py:588} INFO - Filling up the DagBag from /home/airflow/.local/lib/python3.12/site-packages/airflow/example_dags/example_bash_decorator.py
[2024-12-01T05:16:56.545+0000] {processor.py:925} INFO - DAG(s) 'example_bash_decorator' retrieved from /home/airflow/.local/lib/python3.12/site-packages/airflow/example_dags/example_bash_decorator.py
[2024-12-01T05:16:56.556+0000] {logging_mixin.py:190} INFO - [2024-12-01T05:16:56.556+0000] {dag.py:3239} INFO - Sync 1 DAGs
[2024-12-01T05:16:56.561+0000] {logging_mixin.py:190} INFO - [2024-12-01T05:16:56.561+0000] {dag.py:4180} INFO - Setting next_dagrun for example_bash_decorator to None, run_after=None
[2024-12-01T05:16:56.568+0000] {processor.py:208} INFO - Processing /home/airflow/.local/lib/python3.12/site-packages/airflow/example_dags/example_bash_decorator.py took 0.034 seconds
[2024-12-01T05:17:27.048+0000] {processor.py:186} INFO - Started process (PID=9320) to work on /home/airflow/.local/lib/python3.12/site-packages/airflow/example_dags/example_bash_decorator.py
[2024-12-01T05:17:27.049+0000] {processor.py:914} INFO - Processing file /home/airflow/.local/lib/python3.12/site-packages/airflow/example_dags/example_bash_decorator.py for tasks to queue
[2024-12-01T05:17:27.049+0000] {logging_mixin.py:190} INFO - [2024-12-01T05:17:27.049+0000] {dagbag.py:588} INFO - Filling up the DagBag from /home/airflow/.local/lib/python3.12/site-packages/airflow/example_dags/example_bash_decorator.py
[2024-12-01T05:17:27.055+0000] {processor.py:925} INFO - DAG(s) 'example_bash_decorator' retrieved from /home/airflow/.local/lib/python3.12/site-packages/airflow/example_dags/example_bash_decorator.py
[2024-12-01T05:17:27.064+0000] {logging_mixin.py:190} INFO - [2024-12-01T05:17:27.064+0000] {dag.py:3239} INFO - Sync 1 DAGs
[2024-12-01T05:17:27.070+0000] {logging_mixin.py:190} INFO - [2024-12-01T05:17:27.070+0000] {dag.py:4180} INFO - Setting next_dagrun for example_bash_decorator to None, run_after=None
[2024-12-01T05:17:27.078+0000] {processor.py:208} INFO - Processing /home/airflow/.local/lib/python3.12/site-packages/airflow/example_dags/example_bash_decorator.py took 0.032 seconds
[2024-12-01T05:17:57.622+0000] {processor.py:186} INFO - Started process (PID=9686) to work on /home/airflow/.local/lib/python3.12/site-packages/airflow/example_dags/example_bash_decorator.py
[2024-12-01T05:17:57.622+0000] {processor.py:914} INFO - Processing file /home/airflow/.local/lib/python3.12/site-packages/airflow/example_dags/example_bash_decorator.py for tasks to queue
[2024-12-01T05:17:57.623+0000] {logging_mixin.py:190} INFO - [2024-12-01T05:17:57.623+0000] {dagbag.py:588} INFO - Filling up the DagBag from /home/airflow/.local/lib/python3.12/site-packages/airflow/example_dags/example_bash_decorator.py
[2024-12-01T05:17:57.629+0000] {processor.py:925} INFO - DAG(s) 'example_bash_decorator' retrieved from /home/airflow/.local/lib/python3.12/site-packages/airflow/example_dags/example_bash_decorator.py
[2024-12-01T05:17:57.639+0000] {logging_mixin.py:190} INFO - [2024-12-01T05:17:57.638+0000] {dag.py:3239} INFO - Sync 1 DAGs
[2024-12-01T05:17:57.644+0000] {logging_mixin.py:190} INFO - [2024-12-01T05:17:57.644+0000] {dag.py:4180} INFO - Setting next_dagrun for example_bash_decorator to None, run_after=None
[2024-12-01T05:17:57.650+0000] {processor.py:208} INFO - Processing /home/airflow/.local/lib/python3.12/site-packages/airflow/example_dags/example_bash_decorator.py took 0.031 seconds
[2024-12-01T05:18:28.222+0000] {processor.py:186} INFO - Started process (PID=10052) to work on /home/airflow/.local/lib/python3.12/site-packages/airflow/example_dags/example_bash_decorator.py
[2024-12-01T05:18:28.222+0000] {processor.py:914} INFO - Processing file /home/airflow/.local/lib/python3.12/site-packages/airflow/example_dags/example_bash_decorator.py for tasks to queue
[2024-12-01T05:18:28.223+0000] {logging_mixin.py:190} INFO - [2024-12-01T05:18:28.223+0000] {dagbag.py:588} INFO - Filling up the DagBag from /home/airflow/.local/lib/python3.12/site-packages/airflow/example_dags/example_bash_decorator.py
[2024-12-01T05:18:28.230+0000] {processor.py:925} INFO - DAG(s) 'example_bash_decorator' retrieved from /home/airflow/.local/lib/python3.12/site-packages/airflow/example_dags/example_bash_decorator.py
[2024-12-01T05:18:28.242+0000] {logging_mixin.py:190} INFO - [2024-12-01T05:18:28.242+0000] {dag.py:3239} INFO - Sync 1 DAGs
[2024-12-01T05:18:28.248+0000] {logging_mixin.py:190} INFO - [2024-12-01T05:18:28.248+0000] {dag.py:4180} INFO - Setting next_dagrun for example_bash_decorator to None, run_after=None
[2024-12-01T05:18:28.253+0000] {processor.py:208} INFO - Processing /home/airflow/.local/lib/python3.12/site-packages/airflow/example_dags/example_bash_decorator.py took 0.034 seconds
[2024-12-01T05:18:59.115+0000] {processor.py:186} INFO - Started process (PID=10435) to work on /home/airflow/.local/lib/python3.12/site-packages/airflow/example_dags/example_bash_decorator.py
[2024-12-01T05:18:59.117+0000] {processor.py:914} INFO - Processing file /home/airflow/.local/lib/python3.12/site-packages/airflow/example_dags/example_bash_decorator.py for tasks to queue
[2024-12-01T05:18:59.118+0000] {logging_mixin.py:190} INFO - [2024-12-01T05:18:59.118+0000] {dagbag.py:588} INFO - Filling up the DagBag from /home/airflow/.local/lib/python3.12/site-packages/airflow/example_dags/example_bash_decorator.py
[2024-12-01T05:18:59.125+0000] {processor.py:925} INFO - DAG(s) 'example_bash_decorator' retrieved from /home/airflow/.local/lib/python3.12/site-packages/airflow/example_dags/example_bash_decorator.py
[2024-12-01T05:18:59.137+0000] {logging_mixin.py:190} INFO - [2024-12-01T05:18:59.137+0000] {dag.py:3239} INFO - Sync 1 DAGs
[2024-12-01T05:18:59.143+0000] {logging_mixin.py:190} INFO - [2024-12-01T05:18:59.143+0000] {dag.py:4180} INFO - Setting next_dagrun for example_bash_decorator to None, run_after=None
[2024-12-01T05:18:59.149+0000] {processor.py:208} INFO - Processing /home/airflow/.local/lib/python3.12/site-packages/airflow/example_dags/example_bash_decorator.py took 0.036 seconds
[2024-12-01T05:19:29.975+0000] {processor.py:186} INFO - Started process (PID=10801) to work on /home/airflow/.local/lib/python3.12/site-packages/airflow/example_dags/example_bash_decorator.py
[2024-12-01T05:19:29.977+0000] {processor.py:914} INFO - Processing file /home/airflow/.local/lib/python3.12/site-packages/airflow/example_dags/example_bash_decorator.py for tasks to queue
[2024-12-01T05:19:29.978+0000] {logging_mixin.py:190} INFO - [2024-12-01T05:19:29.978+0000] {dagbag.py:588} INFO - Filling up the DagBag from /home/airflow/.local/lib/python3.12/site-packages/airflow/example_dags/example_bash_decorator.py
[2024-12-01T05:19:29.984+0000] {processor.py:925} INFO - DAG(s) 'example_bash_decorator' retrieved from /home/airflow/.local/lib/python3.12/site-packages/airflow/example_dags/example_bash_decorator.py
[2024-12-01T05:19:29.996+0000] {logging_mixin.py:190} INFO - [2024-12-01T05:19:29.996+0000] {dag.py:3239} INFO - Sync 1 DAGs
[2024-12-01T05:19:30.002+0000] {logging_mixin.py:190} INFO - [2024-12-01T05:19:30.002+0000] {dag.py:4180} INFO - Setting next_dagrun for example_bash_decorator to None, run_after=None
[2024-12-01T05:19:30.007+0000] {processor.py:208} INFO - Processing /home/airflow/.local/lib/python3.12/site-packages/airflow/example_dags/example_bash_decorator.py took 0.034 seconds
[2024-12-01T05:20:00.837+0000] {processor.py:186} INFO - Started process (PID=11165) to work on /home/airflow/.local/lib/python3.12/site-packages/airflow/example_dags/example_bash_decorator.py
[2024-12-01T05:20:00.838+0000] {processor.py:914} INFO - Processing file /home/airflow/.local/lib/python3.12/site-packages/airflow/example_dags/example_bash_decorator.py for tasks to queue
[2024-12-01T05:20:00.838+0000] {logging_mixin.py:190} INFO - [2024-12-01T05:20:00.838+0000] {dagbag.py:588} INFO - Filling up the DagBag from /home/airflow/.local/lib/python3.12/site-packages/airflow/example_dags/example_bash_decorator.py
[2024-12-01T05:20:00.846+0000] {processor.py:925} INFO - DAG(s) 'example_bash_decorator' retrieved from /home/airflow/.local/lib/python3.12/site-packages/airflow/example_dags/example_bash_decorator.py
[2024-12-01T05:20:00.858+0000] {logging_mixin.py:190} INFO - [2024-12-01T05:20:00.858+0000] {dag.py:3239} INFO - Sync 1 DAGs
[2024-12-01T05:20:00.864+0000] {logging_mixin.py:190} INFO - [2024-12-01T05:20:00.864+0000] {dag.py:4180} INFO - Setting next_dagrun for example_bash_decorator to None, run_after=None
[2024-12-01T05:20:00.874+0000] {processor.py:208} INFO - Processing /home/airflow/.local/lib/python3.12/site-packages/airflow/example_dags/example_bash_decorator.py took 0.040 seconds
[2024-12-01T05:20:31.681+0000] {processor.py:186} INFO - Started process (PID=11551) to work on /home/airflow/.local/lib/python3.12/site-packages/airflow/example_dags/example_bash_decorator.py
[2024-12-01T05:20:31.682+0000] {processor.py:914} INFO - Processing file /home/airflow/.local/lib/python3.12/site-packages/airflow/example_dags/example_bash_decorator.py for tasks to queue
[2024-12-01T05:20:31.683+0000] {logging_mixin.py:190} INFO - [2024-12-01T05:20:31.683+0000] {dagbag.py:588} INFO - Filling up the DagBag from /home/airflow/.local/lib/python3.12/site-packages/airflow/example_dags/example_bash_decorator.py
[2024-12-01T05:20:31.689+0000] {processor.py:925} INFO - DAG(s) 'example_bash_decorator' retrieved from /home/airflow/.local/lib/python3.12/site-packages/airflow/example_dags/example_bash_decorator.py
[2024-12-01T05:20:31.700+0000] {logging_mixin.py:190} INFO - [2024-12-01T05:20:31.700+0000] {dag.py:3239} INFO - Sync 1 DAGs
[2024-12-01T05:20:31.705+0000] {logging_mixin.py:190} INFO - [2024-12-01T05:20:31.705+0000] {dag.py:4180} INFO - Setting next_dagrun for example_bash_decorator to None, run_after=None
[2024-12-01T05:20:31.712+0000] {processor.py:208} INFO - Processing /home/airflow/.local/lib/python3.12/site-packages/airflow/example_dags/example_bash_decorator.py took 0.034 seconds
[2024-12-01T05:21:02.450+0000] {processor.py:186} INFO - Started process (PID=11919) to work on /home/airflow/.local/lib/python3.12/site-packages/airflow/example_dags/example_bash_decorator.py
[2024-12-01T05:21:02.450+0000] {processor.py:914} INFO - Processing file /home/airflow/.local/lib/python3.12/site-packages/airflow/example_dags/example_bash_decorator.py for tasks to queue
[2024-12-01T05:21:02.451+0000] {logging_mixin.py:190} INFO - [2024-12-01T05:21:02.451+0000] {dagbag.py:588} INFO - Filling up the DagBag from /home/airflow/.local/lib/python3.12/site-packages/airflow/example_dags/example_bash_decorator.py
[2024-12-01T05:21:02.456+0000] {processor.py:925} INFO - DAG(s) 'example_bash_decorator' retrieved from /home/airflow/.local/lib/python3.12/site-packages/airflow/example_dags/example_bash_decorator.py
[2024-12-01T05:21:02.465+0000] {logging_mixin.py:190} INFO - [2024-12-01T05:21:02.465+0000] {dag.py:3239} INFO - Sync 1 DAGs
[2024-12-01T05:21:02.470+0000] {logging_mixin.py:190} INFO - [2024-12-01T05:21:02.469+0000] {dag.py:4180} INFO - Setting next_dagrun for example_bash_decorator to None, run_after=None
[2024-12-01T05:21:02.475+0000] {processor.py:208} INFO - Processing /home/airflow/.local/lib/python3.12/site-packages/airflow/example_dags/example_bash_decorator.py took 0.027 seconds
[2024-12-01T05:21:33.260+0000] {processor.py:186} INFO - Started process (PID=12294) to work on /home/airflow/.local/lib/python3.12/site-packages/airflow/example_dags/example_bash_decorator.py
[2024-12-01T05:21:33.260+0000] {processor.py:914} INFO - Processing file /home/airflow/.local/lib/python3.12/site-packages/airflow/example_dags/example_bash_decorator.py for tasks to queue
[2024-12-01T05:21:33.261+0000] {logging_mixin.py:190} INFO - [2024-12-01T05:21:33.261+0000] {dagbag.py:588} INFO - Filling up the DagBag from /home/airflow/.local/lib/python3.12/site-packages/airflow/example_dags/example_bash_decorator.py
[2024-12-01T05:21:33.267+0000] {processor.py:925} INFO - DAG(s) 'example_bash_decorator' retrieved from /home/airflow/.local/lib/python3.12/site-packages/airflow/example_dags/example_bash_decorator.py
[2024-12-01T05:21:33.280+0000] {logging_mixin.py:190} INFO - [2024-12-01T05:21:33.280+0000] {dag.py:3239} INFO - Sync 1 DAGs
[2024-12-01T05:21:33.286+0000] {logging_mixin.py:190} INFO - [2024-12-01T05:21:33.286+0000] {dag.py:4180} INFO - Setting next_dagrun for example_bash_decorator to None, run_after=None
[2024-12-01T05:21:33.293+0000] {processor.py:208} INFO - Processing /home/airflow/.local/lib/python3.12/site-packages/airflow/example_dags/example_bash_decorator.py took 0.036 seconds
[2024-12-01T05:22:04.165+0000] {processor.py:186} INFO - Started process (PID=12660) to work on /home/airflow/.local/lib/python3.12/site-packages/airflow/example_dags/example_bash_decorator.py
[2024-12-01T05:22:04.166+0000] {processor.py:914} INFO - Processing file /home/airflow/.local/lib/python3.12/site-packages/airflow/example_dags/example_bash_decorator.py for tasks to queue
[2024-12-01T05:22:04.166+0000] {logging_mixin.py:190} INFO - [2024-12-01T05:22:04.166+0000] {dagbag.py:588} INFO - Filling up the DagBag from /home/airflow/.local/lib/python3.12/site-packages/airflow/example_dags/example_bash_decorator.py
[2024-12-01T05:22:04.173+0000] {processor.py:925} INFO - DAG(s) 'example_bash_decorator' retrieved from /home/airflow/.local/lib/python3.12/site-packages/airflow/example_dags/example_bash_decorator.py
[2024-12-01T05:22:04.185+0000] {logging_mixin.py:190} INFO - [2024-12-01T05:22:04.185+0000] {dag.py:3239} INFO - Sync 1 DAGs
[2024-12-01T05:22:04.190+0000] {logging_mixin.py:190} INFO - [2024-12-01T05:22:04.190+0000] {dag.py:4180} INFO - Setting next_dagrun for example_bash_decorator to None, run_after=None
[2024-12-01T05:22:04.200+0000] {processor.py:208} INFO - Processing /home/airflow/.local/lib/python3.12/site-packages/airflow/example_dags/example_bash_decorator.py took 0.039 seconds
[2024-12-01T05:22:35.230+0000] {processor.py:186} INFO - Started process (PID=13026) to work on /home/airflow/.local/lib/python3.12/site-packages/airflow/example_dags/example_bash_decorator.py
[2024-12-01T05:22:35.230+0000] {processor.py:914} INFO - Processing file /home/airflow/.local/lib/python3.12/site-packages/airflow/example_dags/example_bash_decorator.py for tasks to queue
[2024-12-01T05:22:35.231+0000] {logging_mixin.py:190} INFO - [2024-12-01T05:22:35.231+0000] {dagbag.py:588} INFO - Filling up the DagBag from /home/airflow/.local/lib/python3.12/site-packages/airflow/example_dags/example_bash_decorator.py
[2024-12-01T05:22:35.241+0000] {processor.py:925} INFO - DAG(s) 'example_bash_decorator' retrieved from /home/airflow/.local/lib/python3.12/site-packages/airflow/example_dags/example_bash_decorator.py
[2024-12-01T05:22:35.253+0000] {logging_mixin.py:190} INFO - [2024-12-01T05:22:35.253+0000] {dag.py:3239} INFO - Sync 1 DAGs
[2024-12-01T05:22:35.262+0000] {logging_mixin.py:190} INFO - [2024-12-01T05:22:35.261+0000] {dag.py:4180} INFO - Setting next_dagrun for example_bash_decorator to None, run_after=None
[2024-12-01T05:22:35.278+0000] {processor.py:208} INFO - Processing /home/airflow/.local/lib/python3.12/site-packages/airflow/example_dags/example_bash_decorator.py took 0.052 seconds
[2024-12-01T05:23:05.470+0000] {processor.py:186} INFO - Started process (PID=13392) to work on /home/airflow/.local/lib/python3.12/site-packages/airflow/example_dags/example_bash_decorator.py
[2024-12-01T05:23:05.472+0000] {processor.py:914} INFO - Processing file /home/airflow/.local/lib/python3.12/site-packages/airflow/example_dags/example_bash_decorator.py for tasks to queue
[2024-12-01T05:23:05.473+0000] {logging_mixin.py:190} INFO - [2024-12-01T05:23:05.473+0000] {dagbag.py:588} INFO - Filling up the DagBag from /home/airflow/.local/lib/python3.12/site-packages/airflow/example_dags/example_bash_decorator.py
[2024-12-01T05:23:05.480+0000] {processor.py:925} INFO - DAG(s) 'example_bash_decorator' retrieved from /home/airflow/.local/lib/python3.12/site-packages/airflow/example_dags/example_bash_decorator.py
[2024-12-01T05:23:05.492+0000] {logging_mixin.py:190} INFO - [2024-12-01T05:23:05.492+0000] {dag.py:3239} INFO - Sync 1 DAGs
[2024-12-01T05:23:05.498+0000] {logging_mixin.py:190} INFO - [2024-12-01T05:23:05.498+0000] {dag.py:4180} INFO - Setting next_dagrun for example_bash_decorator to None, run_after=None
[2024-12-01T05:23:05.507+0000] {processor.py:208} INFO - Processing /home/airflow/.local/lib/python3.12/site-packages/airflow/example_dags/example_bash_decorator.py took 0.040 seconds
[2024-12-01T05:23:36.214+0000] {processor.py:186} INFO - Started process (PID=13755) to work on /home/airflow/.local/lib/python3.12/site-packages/airflow/example_dags/example_bash_decorator.py
[2024-12-01T05:23:36.214+0000] {processor.py:914} INFO - Processing file /home/airflow/.local/lib/python3.12/site-packages/airflow/example_dags/example_bash_decorator.py for tasks to queue
[2024-12-01T05:23:36.215+0000] {logging_mixin.py:190} INFO - [2024-12-01T05:23:36.214+0000] {dagbag.py:588} INFO - Filling up the DagBag from /home/airflow/.local/lib/python3.12/site-packages/airflow/example_dags/example_bash_decorator.py
[2024-12-01T05:23:36.220+0000] {processor.py:925} INFO - DAG(s) 'example_bash_decorator' retrieved from /home/airflow/.local/lib/python3.12/site-packages/airflow/example_dags/example_bash_decorator.py
[2024-12-01T05:23:36.229+0000] {logging_mixin.py:190} INFO - [2024-12-01T05:23:36.229+0000] {dag.py:3239} INFO - Sync 1 DAGs
[2024-12-01T05:23:36.234+0000] {logging_mixin.py:190} INFO - [2024-12-01T05:23:36.233+0000] {dag.py:4180} INFO - Setting next_dagrun for example_bash_decorator to None, run_after=None
[2024-12-01T05:23:36.239+0000] {processor.py:208} INFO - Processing /home/airflow/.local/lib/python3.12/site-packages/airflow/example_dags/example_bash_decorator.py took 0.027 seconds
[2024-12-01T05:24:06.976+0000] {processor.py:186} INFO - Started process (PID=14129) to work on /home/airflow/.local/lib/python3.12/site-packages/airflow/example_dags/example_bash_decorator.py
[2024-12-01T05:24:06.977+0000] {processor.py:914} INFO - Processing file /home/airflow/.local/lib/python3.12/site-packages/airflow/example_dags/example_bash_decorator.py for tasks to queue
[2024-12-01T05:24:06.978+0000] {logging_mixin.py:190} INFO - [2024-12-01T05:24:06.978+0000] {dagbag.py:588} INFO - Filling up the DagBag from /home/airflow/.local/lib/python3.12/site-packages/airflow/example_dags/example_bash_decorator.py
[2024-12-01T05:24:06.984+0000] {processor.py:925} INFO - DAG(s) 'example_bash_decorator' retrieved from /home/airflow/.local/lib/python3.12/site-packages/airflow/example_dags/example_bash_decorator.py
[2024-12-01T05:24:06.993+0000] {logging_mixin.py:190} INFO - [2024-12-01T05:24:06.993+0000] {dag.py:3239} INFO - Sync 1 DAGs
[2024-12-01T05:24:06.999+0000] {logging_mixin.py:190} INFO - [2024-12-01T05:24:06.998+0000] {dag.py:4180} INFO - Setting next_dagrun for example_bash_decorator to None, run_after=None
[2024-12-01T05:24:07.004+0000] {processor.py:208} INFO - Processing /home/airflow/.local/lib/python3.12/site-packages/airflow/example_dags/example_bash_decorator.py took 0.031 seconds
[2024-12-01T05:24:38.164+0000] {processor.py:186} INFO - Started process (PID=14497) to work on /home/airflow/.local/lib/python3.12/site-packages/airflow/example_dags/example_bash_decorator.py
[2024-12-01T05:24:38.165+0000] {processor.py:914} INFO - Processing file /home/airflow/.local/lib/python3.12/site-packages/airflow/example_dags/example_bash_decorator.py for tasks to queue
[2024-12-01T05:24:38.165+0000] {logging_mixin.py:190} INFO - [2024-12-01T05:24:38.165+0000] {dagbag.py:588} INFO - Filling up the DagBag from /home/airflow/.local/lib/python3.12/site-packages/airflow/example_dags/example_bash_decorator.py
[2024-12-01T05:24:38.172+0000] {processor.py:925} INFO - DAG(s) 'example_bash_decorator' retrieved from /home/airflow/.local/lib/python3.12/site-packages/airflow/example_dags/example_bash_decorator.py
[2024-12-01T05:24:38.181+0000] {logging_mixin.py:190} INFO - [2024-12-01T05:24:38.181+0000] {dag.py:3239} INFO - Sync 1 DAGs
[2024-12-01T05:24:38.187+0000] {logging_mixin.py:190} INFO - [2024-12-01T05:24:38.187+0000] {dag.py:4180} INFO - Setting next_dagrun for example_bash_decorator to None, run_after=None
[2024-12-01T05:24:38.193+0000] {processor.py:208} INFO - Processing /home/airflow/.local/lib/python3.12/site-packages/airflow/example_dags/example_bash_decorator.py took 0.031 seconds
[2024-12-01T05:25:08.583+0000] {processor.py:186} INFO - Started process (PID=14881) to work on /home/airflow/.local/lib/python3.12/site-packages/airflow/example_dags/example_bash_decorator.py
[2024-12-01T05:25:08.583+0000] {processor.py:914} INFO - Processing file /home/airflow/.local/lib/python3.12/site-packages/airflow/example_dags/example_bash_decorator.py for tasks to queue
[2024-12-01T05:25:08.585+0000] {logging_mixin.py:190} INFO - [2024-12-01T05:25:08.584+0000] {dagbag.py:588} INFO - Filling up the DagBag from /home/airflow/.local/lib/python3.12/site-packages/airflow/example_dags/example_bash_decorator.py
[2024-12-01T05:25:08.591+0000] {processor.py:925} INFO - DAG(s) 'example_bash_decorator' retrieved from /home/airflow/.local/lib/python3.12/site-packages/airflow/example_dags/example_bash_decorator.py
[2024-12-01T05:25:08.600+0000] {logging_mixin.py:190} INFO - [2024-12-01T05:25:08.600+0000] {dag.py:3239} INFO - Sync 1 DAGs
[2024-12-01T05:25:08.605+0000] {logging_mixin.py:190} INFO - [2024-12-01T05:25:08.605+0000] {dag.py:4180} INFO - Setting next_dagrun for example_bash_decorator to None, run_after=None
[2024-12-01T05:25:08.613+0000] {processor.py:208} INFO - Processing /home/airflow/.local/lib/python3.12/site-packages/airflow/example_dags/example_bash_decorator.py took 0.033 seconds
[2024-12-01T05:25:39.671+0000] {processor.py:186} INFO - Started process (PID=15249) to work on /home/airflow/.local/lib/python3.12/site-packages/airflow/example_dags/example_bash_decorator.py
[2024-12-01T05:25:39.672+0000] {processor.py:914} INFO - Processing file /home/airflow/.local/lib/python3.12/site-packages/airflow/example_dags/example_bash_decorator.py for tasks to queue
[2024-12-01T05:25:39.672+0000] {logging_mixin.py:190} INFO - [2024-12-01T05:25:39.672+0000] {dagbag.py:588} INFO - Filling up the DagBag from /home/airflow/.local/lib/python3.12/site-packages/airflow/example_dags/example_bash_decorator.py
[2024-12-01T05:25:39.755+0000] {processor.py:925} INFO - DAG(s) 'example_bash_decorator' retrieved from /home/airflow/.local/lib/python3.12/site-packages/airflow/example_dags/example_bash_decorator.py
[2024-12-01T05:25:39.762+0000] {logging_mixin.py:190} INFO - [2024-12-01T05:25:39.762+0000] {dag.py:3239} INFO - Sync 1 DAGs
[2024-12-01T05:25:39.766+0000] {logging_mixin.py:190} INFO - [2024-12-01T05:25:39.766+0000] {dag.py:4180} INFO - Setting next_dagrun for example_bash_decorator to None, run_after=None
[2024-12-01T05:25:39.771+0000] {processor.py:208} INFO - Processing /home/airflow/.local/lib/python3.12/site-packages/airflow/example_dags/example_bash_decorator.py took 0.102 seconds
[2024-12-01T05:26:10.646+0000] {processor.py:186} INFO - Started process (PID=15623) to work on /home/airflow/.local/lib/python3.12/site-packages/airflow/example_dags/example_bash_decorator.py
[2024-12-01T05:26:10.647+0000] {processor.py:914} INFO - Processing file /home/airflow/.local/lib/python3.12/site-packages/airflow/example_dags/example_bash_decorator.py for tasks to queue
[2024-12-01T05:26:10.648+0000] {logging_mixin.py:190} INFO - [2024-12-01T05:26:10.648+0000] {dagbag.py:588} INFO - Filling up the DagBag from /home/airflow/.local/lib/python3.12/site-packages/airflow/example_dags/example_bash_decorator.py
[2024-12-01T05:26:10.656+0000] {processor.py:925} INFO - DAG(s) 'example_bash_decorator' retrieved from /home/airflow/.local/lib/python3.12/site-packages/airflow/example_dags/example_bash_decorator.py
[2024-12-01T05:26:10.669+0000] {logging_mixin.py:190} INFO - [2024-12-01T05:26:10.669+0000] {dag.py:3239} INFO - Sync 1 DAGs
[2024-12-01T05:26:10.675+0000] {logging_mixin.py:190} INFO - [2024-12-01T05:26:10.675+0000] {dag.py:4180} INFO - Setting next_dagrun for example_bash_decorator to None, run_after=None
[2024-12-01T05:26:10.681+0000] {processor.py:208} INFO - Processing /home/airflow/.local/lib/python3.12/site-packages/airflow/example_dags/example_bash_decorator.py took 0.038 seconds
[2024-12-01T05:26:41.037+0000] {processor.py:186} INFO - Started process (PID=15993) to work on /home/airflow/.local/lib/python3.12/site-packages/airflow/example_dags/example_bash_decorator.py
[2024-12-01T05:26:41.037+0000] {processor.py:914} INFO - Processing file /home/airflow/.local/lib/python3.12/site-packages/airflow/example_dags/example_bash_decorator.py for tasks to queue
[2024-12-01T05:26:41.037+0000] {logging_mixin.py:190} INFO - [2024-12-01T05:26:41.037+0000] {dagbag.py:588} INFO - Filling up the DagBag from /home/airflow/.local/lib/python3.12/site-packages/airflow/example_dags/example_bash_decorator.py
[2024-12-01T05:26:41.044+0000] {processor.py:925} INFO - DAG(s) 'example_bash_decorator' retrieved from /home/airflow/.local/lib/python3.12/site-packages/airflow/example_dags/example_bash_decorator.py
[2024-12-01T05:26:41.053+0000] {logging_mixin.py:190} INFO - [2024-12-01T05:26:41.053+0000] {dag.py:3239} INFO - Sync 1 DAGs
[2024-12-01T05:26:41.058+0000] {logging_mixin.py:190} INFO - [2024-12-01T05:26:41.058+0000] {dag.py:4180} INFO - Setting next_dagrun for example_bash_decorator to None, run_after=None
[2024-12-01T05:26:41.064+0000] {processor.py:208} INFO - Processing /home/airflow/.local/lib/python3.12/site-packages/airflow/example_dags/example_bash_decorator.py took 0.030 seconds
[2024-12-01T05:27:11.446+0000] {processor.py:186} INFO - Started process (PID=16369) to work on /home/airflow/.local/lib/python3.12/site-packages/airflow/example_dags/example_bash_decorator.py
[2024-12-01T05:27:11.447+0000] {processor.py:914} INFO - Processing file /home/airflow/.local/lib/python3.12/site-packages/airflow/example_dags/example_bash_decorator.py for tasks to queue
[2024-12-01T05:27:11.448+0000] {logging_mixin.py:190} INFO - [2024-12-01T05:27:11.447+0000] {dagbag.py:588} INFO - Filling up the DagBag from /home/airflow/.local/lib/python3.12/site-packages/airflow/example_dags/example_bash_decorator.py
[2024-12-01T05:27:11.456+0000] {processor.py:925} INFO - DAG(s) 'example_bash_decorator' retrieved from /home/airflow/.local/lib/python3.12/site-packages/airflow/example_dags/example_bash_decorator.py
[2024-12-01T05:27:11.478+0000] {logging_mixin.py:190} INFO - [2024-12-01T05:27:11.478+0000] {dag.py:3239} INFO - Sync 1 DAGs
[2024-12-01T05:27:11.485+0000] {logging_mixin.py:190} INFO - [2024-12-01T05:27:11.485+0000] {dag.py:4180} INFO - Setting next_dagrun for example_bash_decorator to None, run_after=None
[2024-12-01T05:27:11.496+0000] {processor.py:208} INFO - Processing /home/airflow/.local/lib/python3.12/site-packages/airflow/example_dags/example_bash_decorator.py took 0.053 seconds
[2024-12-01T05:27:42.159+0000] {processor.py:186} INFO - Started process (PID=16772) to work on /home/airflow/.local/lib/python3.12/site-packages/airflow/example_dags/example_bash_decorator.py
[2024-12-01T05:27:42.163+0000] {processor.py:914} INFO - Processing file /home/airflow/.local/lib/python3.12/site-packages/airflow/example_dags/example_bash_decorator.py for tasks to queue
[2024-12-01T05:27:42.164+0000] {logging_mixin.py:190} INFO - [2024-12-01T05:27:42.164+0000] {dagbag.py:588} INFO - Filling up the DagBag from /home/airflow/.local/lib/python3.12/site-packages/airflow/example_dags/example_bash_decorator.py
[2024-12-01T05:27:42.171+0000] {processor.py:925} INFO - DAG(s) 'example_bash_decorator' retrieved from /home/airflow/.local/lib/python3.12/site-packages/airflow/example_dags/example_bash_decorator.py
[2024-12-01T05:27:42.182+0000] {logging_mixin.py:190} INFO - [2024-12-01T05:27:42.181+0000] {dag.py:3239} INFO - Sync 1 DAGs
[2024-12-01T05:27:42.188+0000] {logging_mixin.py:190} INFO - [2024-12-01T05:27:42.188+0000] {dag.py:4180} INFO - Setting next_dagrun for example_bash_decorator to None, run_after=None
[2024-12-01T05:27:42.194+0000] {processor.py:208} INFO - Processing /home/airflow/.local/lib/python3.12/site-packages/airflow/example_dags/example_bash_decorator.py took 0.038 seconds
[2024-12-01T05:28:12.781+0000] {processor.py:186} INFO - Started process (PID=17159) to work on /home/airflow/.local/lib/python3.12/site-packages/airflow/example_dags/example_bash_decorator.py
[2024-12-01T05:28:12.781+0000] {processor.py:914} INFO - Processing file /home/airflow/.local/lib/python3.12/site-packages/airflow/example_dags/example_bash_decorator.py for tasks to queue
[2024-12-01T05:28:12.782+0000] {logging_mixin.py:190} INFO - [2024-12-01T05:28:12.782+0000] {dagbag.py:588} INFO - Filling up the DagBag from /home/airflow/.local/lib/python3.12/site-packages/airflow/example_dags/example_bash_decorator.py
[2024-12-01T05:28:12.790+0000] {processor.py:925} INFO - DAG(s) 'example_bash_decorator' retrieved from /home/airflow/.local/lib/python3.12/site-packages/airflow/example_dags/example_bash_decorator.py
[2024-12-01T05:28:12.805+0000] {logging_mixin.py:190} INFO - [2024-12-01T05:28:12.805+0000] {dag.py:3239} INFO - Sync 1 DAGs
[2024-12-01T05:28:12.811+0000] {logging_mixin.py:190} INFO - [2024-12-01T05:28:12.811+0000] {dag.py:4180} INFO - Setting next_dagrun for example_bash_decorator to None, run_after=None
[2024-12-01T05:28:12.819+0000] {processor.py:208} INFO - Processing /home/airflow/.local/lib/python3.12/site-packages/airflow/example_dags/example_bash_decorator.py took 0.041 seconds
[2024-12-01T05:28:43.679+0000] {processor.py:186} INFO - Started process (PID=17540) to work on /home/airflow/.local/lib/python3.12/site-packages/airflow/example_dags/example_bash_decorator.py
[2024-12-01T05:28:43.679+0000] {processor.py:914} INFO - Processing file /home/airflow/.local/lib/python3.12/site-packages/airflow/example_dags/example_bash_decorator.py for tasks to queue
[2024-12-01T05:28:43.680+0000] {logging_mixin.py:190} INFO - [2024-12-01T05:28:43.680+0000] {dagbag.py:588} INFO - Filling up the DagBag from /home/airflow/.local/lib/python3.12/site-packages/airflow/example_dags/example_bash_decorator.py
[2024-12-01T05:28:43.689+0000] {processor.py:925} INFO - DAG(s) 'example_bash_decorator' retrieved from /home/airflow/.local/lib/python3.12/site-packages/airflow/example_dags/example_bash_decorator.py
[2024-12-01T05:28:43.702+0000] {logging_mixin.py:190} INFO - [2024-12-01T05:28:43.702+0000] {dag.py:3239} INFO - Sync 1 DAGs
[2024-12-01T05:28:43.708+0000] {logging_mixin.py:190} INFO - [2024-12-01T05:28:43.708+0000] {dag.py:4180} INFO - Setting next_dagrun for example_bash_decorator to None, run_after=None
[2024-12-01T05:28:43.717+0000] {processor.py:208} INFO - Processing /home/airflow/.local/lib/python3.12/site-packages/airflow/example_dags/example_bash_decorator.py took 0.041 seconds
[2024-12-01T05:29:14.150+0000] {processor.py:186} INFO - Started process (PID=17916) to work on /home/airflow/.local/lib/python3.12/site-packages/airflow/example_dags/example_bash_decorator.py
[2024-12-01T05:29:14.150+0000] {processor.py:914} INFO - Processing file /home/airflow/.local/lib/python3.12/site-packages/airflow/example_dags/example_bash_decorator.py for tasks to queue
[2024-12-01T05:29:14.151+0000] {logging_mixin.py:190} INFO - [2024-12-01T05:29:14.151+0000] {dagbag.py:588} INFO - Filling up the DagBag from /home/airflow/.local/lib/python3.12/site-packages/airflow/example_dags/example_bash_decorator.py
[2024-12-01T05:29:14.158+0000] {processor.py:925} INFO - DAG(s) 'example_bash_decorator' retrieved from /home/airflow/.local/lib/python3.12/site-packages/airflow/example_dags/example_bash_decorator.py
[2024-12-01T05:29:14.168+0000] {logging_mixin.py:190} INFO - [2024-12-01T05:29:14.168+0000] {dag.py:3239} INFO - Sync 1 DAGs
[2024-12-01T05:29:14.176+0000] {logging_mixin.py:190} INFO - [2024-12-01T05:29:14.176+0000] {dag.py:4180} INFO - Setting next_dagrun for example_bash_decorator to None, run_after=None
[2024-12-01T05:29:14.185+0000] {processor.py:208} INFO - Processing /home/airflow/.local/lib/python3.12/site-packages/airflow/example_dags/example_bash_decorator.py took 0.038 seconds
[2024-12-01T05:29:44.577+0000] {processor.py:186} INFO - Started process (PID=18282) to work on /home/airflow/.local/lib/python3.12/site-packages/airflow/example_dags/example_bash_decorator.py
[2024-12-01T05:29:44.578+0000] {processor.py:914} INFO - Processing file /home/airflow/.local/lib/python3.12/site-packages/airflow/example_dags/example_bash_decorator.py for tasks to queue
[2024-12-01T05:29:44.578+0000] {logging_mixin.py:190} INFO - [2024-12-01T05:29:44.578+0000] {dagbag.py:588} INFO - Filling up the DagBag from /home/airflow/.local/lib/python3.12/site-packages/airflow/example_dags/example_bash_decorator.py
[2024-12-01T05:29:44.586+0000] {processor.py:925} INFO - DAG(s) 'example_bash_decorator' retrieved from /home/airflow/.local/lib/python3.12/site-packages/airflow/example_dags/example_bash_decorator.py
[2024-12-01T05:29:44.600+0000] {logging_mixin.py:190} INFO - [2024-12-01T05:29:44.600+0000] {dag.py:3239} INFO - Sync 1 DAGs
[2024-12-01T05:29:44.609+0000] {logging_mixin.py:190} INFO - [2024-12-01T05:29:44.609+0000] {dag.py:4180} INFO - Setting next_dagrun for example_bash_decorator to None, run_after=None
[2024-12-01T05:29:44.615+0000] {processor.py:208} INFO - Processing /home/airflow/.local/lib/python3.12/site-packages/airflow/example_dags/example_bash_decorator.py took 0.041 seconds
