[2024-12-01T05:05:11.912+0000] {processor.py:186} INFO - Started process (PID=432) to work on /home/airflow/.local/lib/python3.12/site-packages/airflow/example_dags/example_xcomargs.py
[2024-12-01T05:05:11.912+0000] {processor.py:914} INFO - Processing file /home/airflow/.local/lib/python3.12/site-packages/airflow/example_dags/example_xcomargs.py for tasks to queue
[2024-12-01T05:05:11.913+0000] {logging_mixin.py:190} INFO - [2024-12-01T05:05:11.913+0000] {dagbag.py:588} INFO - Filling up the DagBag from /home/airflow/.local/lib/python3.12/site-packages/airflow/example_dags/example_xcomargs.py
[2024-12-01T05:05:11.918+0000] {processor.py:925} INFO - DAG(s) 'example_xcom_args', 'example_xcom_args_with_operators' retrieved from /home/airflow/.local/lib/python3.12/site-packages/airflow/example_dags/example_xcomargs.py
[2024-12-01T05:05:11.927+0000] {logging_mixin.py:190} INFO - [2024-12-01T05:05:11.927+0000] {dag.py:3239} INFO - Sync 2 DAGs
[2024-12-01T05:05:11.933+0000] {logging_mixin.py:190} INFO - [2024-12-01T05:05:11.933+0000] {dag.py:4180} INFO - Setting next_dagrun for example_xcom_args to None, run_after=None
[2024-12-01T05:05:11.934+0000] {logging_mixin.py:190} INFO - [2024-12-01T05:05:11.934+0000] {dag.py:4180} INFO - Setting next_dagrun for example_xcom_args_with_operators to None, run_after=None
[2024-12-01T05:05:11.940+0000] {processor.py:208} INFO - Processing /home/airflow/.local/lib/python3.12/site-packages/airflow/example_dags/example_xcomargs.py took 0.030 seconds
[2024-12-01T05:05:42.715+0000] {processor.py:186} INFO - Started process (PID=807) to work on /home/airflow/.local/lib/python3.12/site-packages/airflow/example_dags/example_xcomargs.py
[2024-12-01T05:05:42.716+0000] {processor.py:914} INFO - Processing file /home/airflow/.local/lib/python3.12/site-packages/airflow/example_dags/example_xcomargs.py for tasks to queue
[2024-12-01T05:05:42.717+0000] {logging_mixin.py:190} INFO - [2024-12-01T05:05:42.716+0000] {dagbag.py:588} INFO - Filling up the DagBag from /home/airflow/.local/lib/python3.12/site-packages/airflow/example_dags/example_xcomargs.py
[2024-12-01T05:05:42.721+0000] {processor.py:925} INFO - DAG(s) 'example_xcom_args_with_operators', 'example_xcom_args' retrieved from /home/airflow/.local/lib/python3.12/site-packages/airflow/example_dags/example_xcomargs.py
[2024-12-01T05:05:42.730+0000] {logging_mixin.py:190} INFO - [2024-12-01T05:05:42.730+0000] {dag.py:3239} INFO - Sync 2 DAGs
[2024-12-01T05:05:42.736+0000] {logging_mixin.py:190} INFO - [2024-12-01T05:05:42.736+0000] {dag.py:4180} INFO - Setting next_dagrun for example_xcom_args to None, run_after=None
[2024-12-01T05:05:42.737+0000] {logging_mixin.py:190} INFO - [2024-12-01T05:05:42.737+0000] {dag.py:4180} INFO - Setting next_dagrun for example_xcom_args_with_operators to None, run_after=None
[2024-12-01T05:05:42.742+0000] {processor.py:208} INFO - Processing /home/airflow/.local/lib/python3.12/site-packages/airflow/example_dags/example_xcomargs.py took 0.029 seconds
[2024-12-01T05:06:13.309+0000] {processor.py:186} INFO - Started process (PID=1173) to work on /home/airflow/.local/lib/python3.12/site-packages/airflow/example_dags/example_xcomargs.py
[2024-12-01T05:06:13.312+0000] {processor.py:914} INFO - Processing file /home/airflow/.local/lib/python3.12/site-packages/airflow/example_dags/example_xcomargs.py for tasks to queue
[2024-12-01T05:06:13.314+0000] {logging_mixin.py:190} INFO - [2024-12-01T05:06:13.314+0000] {dagbag.py:588} INFO - Filling up the DagBag from /home/airflow/.local/lib/python3.12/site-packages/airflow/example_dags/example_xcomargs.py
[2024-12-01T05:06:13.318+0000] {processor.py:925} INFO - DAG(s) 'example_xcom_args', 'example_xcom_args_with_operators' retrieved from /home/airflow/.local/lib/python3.12/site-packages/airflow/example_dags/example_xcomargs.py
[2024-12-01T05:06:13.331+0000] {logging_mixin.py:190} INFO - [2024-12-01T05:06:13.331+0000] {dag.py:3239} INFO - Sync 2 DAGs
[2024-12-01T05:06:13.336+0000] {logging_mixin.py:190} INFO - [2024-12-01T05:06:13.336+0000] {dag.py:4180} INFO - Setting next_dagrun for example_xcom_args to None, run_after=None
[2024-12-01T05:06:13.339+0000] {logging_mixin.py:190} INFO - [2024-12-01T05:06:13.339+0000] {dag.py:4180} INFO - Setting next_dagrun for example_xcom_args_with_operators to None, run_after=None
[2024-12-01T05:06:13.348+0000] {processor.py:208} INFO - Processing /home/airflow/.local/lib/python3.12/site-packages/airflow/example_dags/example_xcomargs.py took 0.041 seconds
[2024-12-01T05:06:44.273+0000] {processor.py:186} INFO - Started process (PID=1544) to work on /home/airflow/.local/lib/python3.12/site-packages/airflow/example_dags/example_xcomargs.py
[2024-12-01T05:06:44.273+0000] {processor.py:914} INFO - Processing file /home/airflow/.local/lib/python3.12/site-packages/airflow/example_dags/example_xcomargs.py for tasks to queue
[2024-12-01T05:06:44.274+0000] {logging_mixin.py:190} INFO - [2024-12-01T05:06:44.274+0000] {dagbag.py:588} INFO - Filling up the DagBag from /home/airflow/.local/lib/python3.12/site-packages/airflow/example_dags/example_xcomargs.py
[2024-12-01T05:06:44.278+0000] {processor.py:925} INFO - DAG(s) 'example_xcom_args', 'example_xcom_args_with_operators' retrieved from /home/airflow/.local/lib/python3.12/site-packages/airflow/example_dags/example_xcomargs.py
[2024-12-01T05:06:44.287+0000] {logging_mixin.py:190} INFO - [2024-12-01T05:06:44.287+0000] {dag.py:3239} INFO - Sync 2 DAGs
[2024-12-01T05:06:44.293+0000] {logging_mixin.py:190} INFO - [2024-12-01T05:06:44.293+0000] {dag.py:4180} INFO - Setting next_dagrun for example_xcom_args to None, run_after=None
[2024-12-01T05:06:44.294+0000] {logging_mixin.py:190} INFO - [2024-12-01T05:06:44.294+0000] {dag.py:4180} INFO - Setting next_dagrun for example_xcom_args_with_operators to None, run_after=None
[2024-12-01T05:06:44.299+0000] {processor.py:208} INFO - Processing /home/airflow/.local/lib/python3.12/site-packages/airflow/example_dags/example_xcomargs.py took 0.028 seconds
[2024-12-01T05:07:14.835+0000] {processor.py:186} INFO - Started process (PID=1917) to work on /home/airflow/.local/lib/python3.12/site-packages/airflow/example_dags/example_xcomargs.py
[2024-12-01T05:07:14.836+0000] {processor.py:914} INFO - Processing file /home/airflow/.local/lib/python3.12/site-packages/airflow/example_dags/example_xcomargs.py for tasks to queue
[2024-12-01T05:07:14.836+0000] {logging_mixin.py:190} INFO - [2024-12-01T05:07:14.836+0000] {dagbag.py:588} INFO - Filling up the DagBag from /home/airflow/.local/lib/python3.12/site-packages/airflow/example_dags/example_xcomargs.py
[2024-12-01T05:07:14.840+0000] {processor.py:925} INFO - DAG(s) 'example_xcom_args_with_operators', 'example_xcom_args' retrieved from /home/airflow/.local/lib/python3.12/site-packages/airflow/example_dags/example_xcomargs.py
[2024-12-01T05:07:14.849+0000] {logging_mixin.py:190} INFO - [2024-12-01T05:07:14.849+0000] {dag.py:3239} INFO - Sync 2 DAGs
[2024-12-01T05:07:14.854+0000] {logging_mixin.py:190} INFO - [2024-12-01T05:07:14.854+0000] {dag.py:4180} INFO - Setting next_dagrun for example_xcom_args to None, run_after=None
[2024-12-01T05:07:14.857+0000] {logging_mixin.py:190} INFO - [2024-12-01T05:07:14.857+0000] {dag.py:4180} INFO - Setting next_dagrun for example_xcom_args_with_operators to None, run_after=None
[2024-12-01T05:07:14.864+0000] {processor.py:208} INFO - Processing /home/airflow/.local/lib/python3.12/site-packages/airflow/example_dags/example_xcomargs.py took 0.031 seconds
[2024-12-01T05:07:45.574+0000] {processor.py:186} INFO - Started process (PID=2320) to work on /home/airflow/.local/lib/python3.12/site-packages/airflow/example_dags/example_xcomargs.py
[2024-12-01T05:07:45.575+0000] {processor.py:914} INFO - Processing file /home/airflow/.local/lib/python3.12/site-packages/airflow/example_dags/example_xcomargs.py for tasks to queue
[2024-12-01T05:07:45.575+0000] {logging_mixin.py:190} INFO - [2024-12-01T05:07:45.575+0000] {dagbag.py:588} INFO - Filling up the DagBag from /home/airflow/.local/lib/python3.12/site-packages/airflow/example_dags/example_xcomargs.py
[2024-12-01T05:07:45.579+0000] {processor.py:925} INFO - DAG(s) 'example_xcom_args_with_operators', 'example_xcom_args' retrieved from /home/airflow/.local/lib/python3.12/site-packages/airflow/example_dags/example_xcomargs.py
[2024-12-01T05:07:45.587+0000] {logging_mixin.py:190} INFO - [2024-12-01T05:07:45.587+0000] {dag.py:3239} INFO - Sync 2 DAGs
[2024-12-01T05:07:45.593+0000] {logging_mixin.py:190} INFO - [2024-12-01T05:07:45.592+0000] {dag.py:4180} INFO - Setting next_dagrun for example_xcom_args to None, run_after=None
[2024-12-01T05:07:45.594+0000] {logging_mixin.py:190} INFO - [2024-12-01T05:07:45.594+0000] {dag.py:4180} INFO - Setting next_dagrun for example_xcom_args_with_operators to None, run_after=None
[2024-12-01T05:07:45.598+0000] {processor.py:208} INFO - Processing /home/airflow/.local/lib/python3.12/site-packages/airflow/example_dags/example_xcomargs.py took 0.027 seconds
[2024-12-01T05:08:16.203+0000] {processor.py:186} INFO - Started process (PID=2691) to work on /home/airflow/.local/lib/python3.12/site-packages/airflow/example_dags/example_xcomargs.py
[2024-12-01T05:08:16.203+0000] {processor.py:914} INFO - Processing file /home/airflow/.local/lib/python3.12/site-packages/airflow/example_dags/example_xcomargs.py for tasks to queue
[2024-12-01T05:08:16.204+0000] {logging_mixin.py:190} INFO - [2024-12-01T05:08:16.204+0000] {dagbag.py:588} INFO - Filling up the DagBag from /home/airflow/.local/lib/python3.12/site-packages/airflow/example_dags/example_xcomargs.py
[2024-12-01T05:08:16.209+0000] {processor.py:925} INFO - DAG(s) 'example_xcom_args', 'example_xcom_args_with_operators' retrieved from /home/airflow/.local/lib/python3.12/site-packages/airflow/example_dags/example_xcomargs.py
[2024-12-01T05:08:16.222+0000] {logging_mixin.py:190} INFO - [2024-12-01T05:08:16.221+0000] {dag.py:3239} INFO - Sync 2 DAGs
[2024-12-01T05:08:16.228+0000] {logging_mixin.py:190} INFO - [2024-12-01T05:08:16.228+0000] {dag.py:4180} INFO - Setting next_dagrun for example_xcom_args to None, run_after=None
[2024-12-01T05:08:16.230+0000] {logging_mixin.py:190} INFO - [2024-12-01T05:08:16.230+0000] {dag.py:4180} INFO - Setting next_dagrun for example_xcom_args_with_operators to None, run_after=None
[2024-12-01T05:08:16.238+0000] {processor.py:208} INFO - Processing /home/airflow/.local/lib/python3.12/site-packages/airflow/example_dags/example_xcomargs.py took 0.037 seconds
[2024-12-01T05:08:46.807+0000] {processor.py:186} INFO - Started process (PID=3066) to work on /home/airflow/.local/lib/python3.12/site-packages/airflow/example_dags/example_xcomargs.py
[2024-12-01T05:08:46.807+0000] {processor.py:914} INFO - Processing file /home/airflow/.local/lib/python3.12/site-packages/airflow/example_dags/example_xcomargs.py for tasks to queue
[2024-12-01T05:08:46.807+0000] {logging_mixin.py:190} INFO - [2024-12-01T05:08:46.807+0000] {dagbag.py:588} INFO - Filling up the DagBag from /home/airflow/.local/lib/python3.12/site-packages/airflow/example_dags/example_xcomargs.py
[2024-12-01T05:08:46.812+0000] {processor.py:925} INFO - DAG(s) 'example_xcom_args', 'example_xcom_args_with_operators' retrieved from /home/airflow/.local/lib/python3.12/site-packages/airflow/example_dags/example_xcomargs.py
[2024-12-01T05:08:46.824+0000] {logging_mixin.py:190} INFO - [2024-12-01T05:08:46.824+0000] {dag.py:3239} INFO - Sync 2 DAGs
[2024-12-01T05:08:46.833+0000] {logging_mixin.py:190} INFO - [2024-12-01T05:08:46.833+0000] {dag.py:4180} INFO - Setting next_dagrun for example_xcom_args to None, run_after=None
[2024-12-01T05:08:46.835+0000] {logging_mixin.py:190} INFO - [2024-12-01T05:08:46.835+0000] {dag.py:4180} INFO - Setting next_dagrun for example_xcom_args_with_operators to None, run_after=None
[2024-12-01T05:08:46.843+0000] {processor.py:208} INFO - Processing /home/airflow/.local/lib/python3.12/site-packages/airflow/example_dags/example_xcomargs.py took 0.039 seconds
[2024-12-01T05:09:17.697+0000] {processor.py:186} INFO - Started process (PID=3439) to work on /home/airflow/.local/lib/python3.12/site-packages/airflow/example_dags/example_xcomargs.py
[2024-12-01T05:09:17.698+0000] {processor.py:914} INFO - Processing file /home/airflow/.local/lib/python3.12/site-packages/airflow/example_dags/example_xcomargs.py for tasks to queue
[2024-12-01T05:09:17.698+0000] {logging_mixin.py:190} INFO - [2024-12-01T05:09:17.698+0000] {dagbag.py:588} INFO - Filling up the DagBag from /home/airflow/.local/lib/python3.12/site-packages/airflow/example_dags/example_xcomargs.py
[2024-12-01T05:09:17.703+0000] {processor.py:925} INFO - DAG(s) 'example_xcom_args', 'example_xcom_args_with_operators' retrieved from /home/airflow/.local/lib/python3.12/site-packages/airflow/example_dags/example_xcomargs.py
[2024-12-01T05:09:17.714+0000] {logging_mixin.py:190} INFO - [2024-12-01T05:09:17.714+0000] {dag.py:3239} INFO - Sync 2 DAGs
[2024-12-01T05:09:17.720+0000] {logging_mixin.py:190} INFO - [2024-12-01T05:09:17.719+0000] {dag.py:4180} INFO - Setting next_dagrun for example_xcom_args to None, run_after=None
[2024-12-01T05:09:17.725+0000] {logging_mixin.py:190} INFO - [2024-12-01T05:09:17.725+0000] {dag.py:4180} INFO - Setting next_dagrun for example_xcom_args_with_operators to None, run_after=None
[2024-12-01T05:09:17.733+0000] {processor.py:208} INFO - Processing /home/airflow/.local/lib/python3.12/site-packages/airflow/example_dags/example_xcomargs.py took 0.038 seconds
[2024-12-01T05:09:48.380+0000] {processor.py:186} INFO - Started process (PID=3807) to work on /home/airflow/.local/lib/python3.12/site-packages/airflow/example_dags/example_xcomargs.py
[2024-12-01T05:09:48.381+0000] {processor.py:914} INFO - Processing file /home/airflow/.local/lib/python3.12/site-packages/airflow/example_dags/example_xcomargs.py for tasks to queue
[2024-12-01T05:09:48.381+0000] {logging_mixin.py:190} INFO - [2024-12-01T05:09:48.381+0000] {dagbag.py:588} INFO - Filling up the DagBag from /home/airflow/.local/lib/python3.12/site-packages/airflow/example_dags/example_xcomargs.py
[2024-12-01T05:09:48.385+0000] {processor.py:925} INFO - DAG(s) 'example_xcom_args', 'example_xcom_args_with_operators' retrieved from /home/airflow/.local/lib/python3.12/site-packages/airflow/example_dags/example_xcomargs.py
[2024-12-01T05:09:48.400+0000] {logging_mixin.py:190} INFO - [2024-12-01T05:09:48.400+0000] {dag.py:3239} INFO - Sync 2 DAGs
[2024-12-01T05:09:48.406+0000] {logging_mixin.py:190} INFO - [2024-12-01T05:09:48.406+0000] {dag.py:4180} INFO - Setting next_dagrun for example_xcom_args to None, run_after=None
[2024-12-01T05:09:48.407+0000] {logging_mixin.py:190} INFO - [2024-12-01T05:09:48.407+0000] {dag.py:4180} INFO - Setting next_dagrun for example_xcom_args_with_operators to None, run_after=None
[2024-12-01T05:09:48.415+0000] {processor.py:208} INFO - Processing /home/airflow/.local/lib/python3.12/site-packages/airflow/example_dags/example_xcomargs.py took 0.038 seconds
[2024-12-01T05:10:19.231+0000] {processor.py:186} INFO - Started process (PID=4224) to work on /home/airflow/.local/lib/python3.12/site-packages/airflow/example_dags/example_xcomargs.py
[2024-12-01T05:10:19.232+0000] {processor.py:914} INFO - Processing file /home/airflow/.local/lib/python3.12/site-packages/airflow/example_dags/example_xcomargs.py for tasks to queue
[2024-12-01T05:10:19.232+0000] {logging_mixin.py:190} INFO - [2024-12-01T05:10:19.232+0000] {dagbag.py:588} INFO - Filling up the DagBag from /home/airflow/.local/lib/python3.12/site-packages/airflow/example_dags/example_xcomargs.py
[2024-12-01T05:10:19.237+0000] {processor.py:925} INFO - DAG(s) 'example_xcom_args_with_operators', 'example_xcom_args' retrieved from /home/airflow/.local/lib/python3.12/site-packages/airflow/example_dags/example_xcomargs.py
[2024-12-01T05:10:19.249+0000] {logging_mixin.py:190} INFO - [2024-12-01T05:10:19.249+0000] {dag.py:3239} INFO - Sync 2 DAGs
[2024-12-01T05:10:19.256+0000] {logging_mixin.py:190} INFO - [2024-12-01T05:10:19.256+0000] {dag.py:4180} INFO - Setting next_dagrun for example_xcom_args to None, run_after=None
[2024-12-01T05:10:19.257+0000] {logging_mixin.py:190} INFO - [2024-12-01T05:10:19.257+0000] {dag.py:4180} INFO - Setting next_dagrun for example_xcom_args_with_operators to None, run_after=None
[2024-12-01T05:10:19.262+0000] {processor.py:208} INFO - Processing /home/airflow/.local/lib/python3.12/site-packages/airflow/example_dags/example_xcomargs.py took 0.033 seconds
[2024-12-01T05:10:49.868+0000] {processor.py:186} INFO - Started process (PID=4614) to work on /home/airflow/.local/lib/python3.12/site-packages/airflow/example_dags/example_xcomargs.py
[2024-12-01T05:10:49.869+0000] {processor.py:914} INFO - Processing file /home/airflow/.local/lib/python3.12/site-packages/airflow/example_dags/example_xcomargs.py for tasks to queue
[2024-12-01T05:10:49.869+0000] {logging_mixin.py:190} INFO - [2024-12-01T05:10:49.869+0000] {dagbag.py:588} INFO - Filling up the DagBag from /home/airflow/.local/lib/python3.12/site-packages/airflow/example_dags/example_xcomargs.py
[2024-12-01T05:10:49.874+0000] {processor.py:925} INFO - DAG(s) 'example_xcom_args', 'example_xcom_args_with_operators' retrieved from /home/airflow/.local/lib/python3.12/site-packages/airflow/example_dags/example_xcomargs.py
[2024-12-01T05:10:49.884+0000] {logging_mixin.py:190} INFO - [2024-12-01T05:10:49.884+0000] {dag.py:3239} INFO - Sync 2 DAGs
[2024-12-01T05:10:49.890+0000] {logging_mixin.py:190} INFO - [2024-12-01T05:10:49.890+0000] {dag.py:4180} INFO - Setting next_dagrun for example_xcom_args to None, run_after=None
[2024-12-01T05:10:49.893+0000] {logging_mixin.py:190} INFO - [2024-12-01T05:10:49.893+0000] {dag.py:4180} INFO - Setting next_dagrun for example_xcom_args_with_operators to None, run_after=None
[2024-12-01T05:10:49.901+0000] {processor.py:208} INFO - Processing /home/airflow/.local/lib/python3.12/site-packages/airflow/example_dags/example_xcomargs.py took 0.034 seconds
[2024-12-01T05:11:20.455+0000] {processor.py:186} INFO - Started process (PID=4980) to work on /home/airflow/.local/lib/python3.12/site-packages/airflow/example_dags/example_xcomargs.py
[2024-12-01T05:11:20.455+0000] {processor.py:914} INFO - Processing file /home/airflow/.local/lib/python3.12/site-packages/airflow/example_dags/example_xcomargs.py for tasks to queue
[2024-12-01T05:11:20.456+0000] {logging_mixin.py:190} INFO - [2024-12-01T05:11:20.456+0000] {dagbag.py:588} INFO - Filling up the DagBag from /home/airflow/.local/lib/python3.12/site-packages/airflow/example_dags/example_xcomargs.py
[2024-12-01T05:11:20.460+0000] {processor.py:925} INFO - DAG(s) 'example_xcom_args', 'example_xcom_args_with_operators' retrieved from /home/airflow/.local/lib/python3.12/site-packages/airflow/example_dags/example_xcomargs.py
[2024-12-01T05:11:20.468+0000] {logging_mixin.py:190} INFO - [2024-12-01T05:11:20.468+0000] {dag.py:3239} INFO - Sync 2 DAGs
[2024-12-01T05:11:20.473+0000] {logging_mixin.py:190} INFO - [2024-12-01T05:11:20.473+0000] {dag.py:4180} INFO - Setting next_dagrun for example_xcom_args to None, run_after=None
[2024-12-01T05:11:20.474+0000] {logging_mixin.py:190} INFO - [2024-12-01T05:11:20.474+0000] {dag.py:4180} INFO - Setting next_dagrun for example_xcom_args_with_operators to None, run_after=None
[2024-12-01T05:11:20.478+0000] {processor.py:208} INFO - Processing /home/airflow/.local/lib/python3.12/site-packages/airflow/example_dags/example_xcomargs.py took 0.025 seconds
[2024-12-01T05:11:50.810+0000] {processor.py:186} INFO - Started process (PID=5346) to work on /home/airflow/.local/lib/python3.12/site-packages/airflow/example_dags/example_xcomargs.py
[2024-12-01T05:11:50.810+0000] {processor.py:914} INFO - Processing file /home/airflow/.local/lib/python3.12/site-packages/airflow/example_dags/example_xcomargs.py for tasks to queue
[2024-12-01T05:11:50.811+0000] {logging_mixin.py:190} INFO - [2024-12-01T05:11:50.811+0000] {dagbag.py:588} INFO - Filling up the DagBag from /home/airflow/.local/lib/python3.12/site-packages/airflow/example_dags/example_xcomargs.py
[2024-12-01T05:11:50.815+0000] {processor.py:925} INFO - DAG(s) 'example_xcom_args_with_operators', 'example_xcom_args' retrieved from /home/airflow/.local/lib/python3.12/site-packages/airflow/example_dags/example_xcomargs.py
[2024-12-01T05:11:50.823+0000] {logging_mixin.py:190} INFO - [2024-12-01T05:11:50.822+0000] {dag.py:3239} INFO - Sync 2 DAGs
[2024-12-01T05:11:50.828+0000] {logging_mixin.py:190} INFO - [2024-12-01T05:11:50.828+0000] {dag.py:4180} INFO - Setting next_dagrun for example_xcom_args to None, run_after=None
[2024-12-01T05:11:50.829+0000] {logging_mixin.py:190} INFO - [2024-12-01T05:11:50.829+0000] {dag.py:4180} INFO - Setting next_dagrun for example_xcom_args_with_operators to None, run_after=None
[2024-12-01T05:11:50.834+0000] {processor.py:208} INFO - Processing /home/airflow/.local/lib/python3.12/site-packages/airflow/example_dags/example_xcomargs.py took 0.026 seconds
[2024-12-01T05:12:21.285+0000] {processor.py:186} INFO - Started process (PID=5712) to work on /home/airflow/.local/lib/python3.12/site-packages/airflow/example_dags/example_xcomargs.py
[2024-12-01T05:12:21.286+0000] {processor.py:914} INFO - Processing file /home/airflow/.local/lib/python3.12/site-packages/airflow/example_dags/example_xcomargs.py for tasks to queue
[2024-12-01T05:12:21.286+0000] {logging_mixin.py:190} INFO - [2024-12-01T05:12:21.286+0000] {dagbag.py:588} INFO - Filling up the DagBag from /home/airflow/.local/lib/python3.12/site-packages/airflow/example_dags/example_xcomargs.py
[2024-12-01T05:12:21.290+0000] {processor.py:925} INFO - DAG(s) 'example_xcom_args', 'example_xcom_args_with_operators' retrieved from /home/airflow/.local/lib/python3.12/site-packages/airflow/example_dags/example_xcomargs.py
[2024-12-01T05:12:21.301+0000] {logging_mixin.py:190} INFO - [2024-12-01T05:12:21.301+0000] {dag.py:3239} INFO - Sync 2 DAGs
[2024-12-01T05:12:21.306+0000] {logging_mixin.py:190} INFO - [2024-12-01T05:12:21.306+0000] {dag.py:4180} INFO - Setting next_dagrun for example_xcom_args to None, run_after=None
[2024-12-01T05:12:21.308+0000] {logging_mixin.py:190} INFO - [2024-12-01T05:12:21.308+0000] {dag.py:4180} INFO - Setting next_dagrun for example_xcom_args_with_operators to None, run_after=None
[2024-12-01T05:12:21.318+0000] {processor.py:208} INFO - Processing /home/airflow/.local/lib/python3.12/site-packages/airflow/example_dags/example_xcomargs.py took 0.036 seconds
[2024-12-01T05:12:52.084+0000] {processor.py:186} INFO - Started process (PID=6081) to work on /home/airflow/.local/lib/python3.12/site-packages/airflow/example_dags/example_xcomargs.py
[2024-12-01T05:12:52.084+0000] {processor.py:914} INFO - Processing file /home/airflow/.local/lib/python3.12/site-packages/airflow/example_dags/example_xcomargs.py for tasks to queue
[2024-12-01T05:12:52.084+0000] {logging_mixin.py:190} INFO - [2024-12-01T05:12:52.084+0000] {dagbag.py:588} INFO - Filling up the DagBag from /home/airflow/.local/lib/python3.12/site-packages/airflow/example_dags/example_xcomargs.py
[2024-12-01T05:12:52.089+0000] {processor.py:925} INFO - DAG(s) 'example_xcom_args_with_operators', 'example_xcom_args' retrieved from /home/airflow/.local/lib/python3.12/site-packages/airflow/example_dags/example_xcomargs.py
[2024-12-01T05:12:52.098+0000] {logging_mixin.py:190} INFO - [2024-12-01T05:12:52.097+0000] {dag.py:3239} INFO - Sync 2 DAGs
[2024-12-01T05:12:52.103+0000] {logging_mixin.py:190} INFO - [2024-12-01T05:12:52.103+0000] {dag.py:4180} INFO - Setting next_dagrun for example_xcom_args to None, run_after=None
[2024-12-01T05:12:52.104+0000] {logging_mixin.py:190} INFO - [2024-12-01T05:12:52.104+0000] {dag.py:4180} INFO - Setting next_dagrun for example_xcom_args_with_operators to None, run_after=None
[2024-12-01T05:12:52.110+0000] {processor.py:208} INFO - Processing /home/airflow/.local/lib/python3.12/site-packages/airflow/example_dags/example_xcomargs.py took 0.029 seconds
[2024-12-01T05:13:22.862+0000] {processor.py:186} INFO - Started process (PID=6447) to work on /home/airflow/.local/lib/python3.12/site-packages/airflow/example_dags/example_xcomargs.py
[2024-12-01T05:13:22.865+0000] {processor.py:914} INFO - Processing file /home/airflow/.local/lib/python3.12/site-packages/airflow/example_dags/example_xcomargs.py for tasks to queue
[2024-12-01T05:13:22.866+0000] {logging_mixin.py:190} INFO - [2024-12-01T05:13:22.866+0000] {dagbag.py:588} INFO - Filling up the DagBag from /home/airflow/.local/lib/python3.12/site-packages/airflow/example_dags/example_xcomargs.py
[2024-12-01T05:13:22.871+0000] {processor.py:925} INFO - DAG(s) 'example_xcom_args_with_operators', 'example_xcom_args' retrieved from /home/airflow/.local/lib/python3.12/site-packages/airflow/example_dags/example_xcomargs.py
[2024-12-01T05:13:22.880+0000] {logging_mixin.py:190} INFO - [2024-12-01T05:13:22.879+0000] {dag.py:3239} INFO - Sync 2 DAGs
[2024-12-01T05:13:22.884+0000] {logging_mixin.py:190} INFO - [2024-12-01T05:13:22.884+0000] {dag.py:4180} INFO - Setting next_dagrun for example_xcom_args to None, run_after=None
[2024-12-01T05:13:22.886+0000] {logging_mixin.py:190} INFO - [2024-12-01T05:13:22.886+0000] {dag.py:4180} INFO - Setting next_dagrun for example_xcom_args_with_operators to None, run_after=None
[2024-12-01T05:13:22.895+0000] {processor.py:208} INFO - Processing /home/airflow/.local/lib/python3.12/site-packages/airflow/example_dags/example_xcomargs.py took 0.035 seconds
[2024-12-01T05:13:53.340+0000] {processor.py:186} INFO - Started process (PID=6813) to work on /home/airflow/.local/lib/python3.12/site-packages/airflow/example_dags/example_xcomargs.py
[2024-12-01T05:13:53.341+0000] {processor.py:914} INFO - Processing file /home/airflow/.local/lib/python3.12/site-packages/airflow/example_dags/example_xcomargs.py for tasks to queue
[2024-12-01T05:13:53.341+0000] {logging_mixin.py:190} INFO - [2024-12-01T05:13:53.341+0000] {dagbag.py:588} INFO - Filling up the DagBag from /home/airflow/.local/lib/python3.12/site-packages/airflow/example_dags/example_xcomargs.py
[2024-12-01T05:13:53.347+0000] {processor.py:925} INFO - DAG(s) 'example_xcom_args', 'example_xcom_args_with_operators' retrieved from /home/airflow/.local/lib/python3.12/site-packages/airflow/example_dags/example_xcomargs.py
[2024-12-01T05:13:53.358+0000] {logging_mixin.py:190} INFO - [2024-12-01T05:13:53.358+0000] {dag.py:3239} INFO - Sync 2 DAGs
[2024-12-01T05:13:53.364+0000] {logging_mixin.py:190} INFO - [2024-12-01T05:13:53.364+0000] {dag.py:4180} INFO - Setting next_dagrun for example_xcom_args to None, run_after=None
[2024-12-01T05:13:53.365+0000] {logging_mixin.py:190} INFO - [2024-12-01T05:13:53.365+0000] {dag.py:4180} INFO - Setting next_dagrun for example_xcom_args_with_operators to None, run_after=None
[2024-12-01T05:13:53.373+0000] {processor.py:208} INFO - Processing /home/airflow/.local/lib/python3.12/site-packages/airflow/example_dags/example_xcomargs.py took 0.036 seconds
[2024-12-01T05:14:24.002+0000] {processor.py:186} INFO - Started process (PID=7179) to work on /home/airflow/.local/lib/python3.12/site-packages/airflow/example_dags/example_xcomargs.py
[2024-12-01T05:14:24.003+0000] {processor.py:914} INFO - Processing file /home/airflow/.local/lib/python3.12/site-packages/airflow/example_dags/example_xcomargs.py for tasks to queue
[2024-12-01T05:14:24.003+0000] {logging_mixin.py:190} INFO - [2024-12-01T05:14:24.003+0000] {dagbag.py:588} INFO - Filling up the DagBag from /home/airflow/.local/lib/python3.12/site-packages/airflow/example_dags/example_xcomargs.py
[2024-12-01T05:14:24.008+0000] {processor.py:925} INFO - DAG(s) 'example_xcom_args', 'example_xcom_args_with_operators' retrieved from /home/airflow/.local/lib/python3.12/site-packages/airflow/example_dags/example_xcomargs.py
[2024-12-01T05:14:24.017+0000] {logging_mixin.py:190} INFO - [2024-12-01T05:14:24.017+0000] {dag.py:3239} INFO - Sync 2 DAGs
[2024-12-01T05:14:24.023+0000] {logging_mixin.py:190} INFO - [2024-12-01T05:14:24.023+0000] {dag.py:4180} INFO - Setting next_dagrun for example_xcom_args to None, run_after=None
[2024-12-01T05:14:24.024+0000] {logging_mixin.py:190} INFO - [2024-12-01T05:14:24.024+0000] {dag.py:4180} INFO - Setting next_dagrun for example_xcom_args_with_operators to None, run_after=None
[2024-12-01T05:14:24.029+0000] {processor.py:208} INFO - Processing /home/airflow/.local/lib/python3.12/site-packages/airflow/example_dags/example_xcomargs.py took 0.029 seconds
[2024-12-01T05:14:54.643+0000] {processor.py:186} INFO - Started process (PID=7545) to work on /home/airflow/.local/lib/python3.12/site-packages/airflow/example_dags/example_xcomargs.py
[2024-12-01T05:14:54.645+0000] {processor.py:914} INFO - Processing file /home/airflow/.local/lib/python3.12/site-packages/airflow/example_dags/example_xcomargs.py for tasks to queue
[2024-12-01T05:14:54.646+0000] {logging_mixin.py:190} INFO - [2024-12-01T05:14:54.646+0000] {dagbag.py:588} INFO - Filling up the DagBag from /home/airflow/.local/lib/python3.12/site-packages/airflow/example_dags/example_xcomargs.py
[2024-12-01T05:14:54.650+0000] {processor.py:925} INFO - DAG(s) 'example_xcom_args', 'example_xcom_args_with_operators' retrieved from /home/airflow/.local/lib/python3.12/site-packages/airflow/example_dags/example_xcomargs.py
[2024-12-01T05:14:54.662+0000] {logging_mixin.py:190} INFO - [2024-12-01T05:14:54.662+0000] {dag.py:3239} INFO - Sync 2 DAGs
[2024-12-01T05:14:54.670+0000] {logging_mixin.py:190} INFO - [2024-12-01T05:14:54.670+0000] {dag.py:4180} INFO - Setting next_dagrun for example_xcom_args to None, run_after=None
[2024-12-01T05:14:54.671+0000] {logging_mixin.py:190} INFO - [2024-12-01T05:14:54.671+0000] {dag.py:4180} INFO - Setting next_dagrun for example_xcom_args_with_operators to None, run_after=None
[2024-12-01T05:14:54.677+0000] {processor.py:208} INFO - Processing /home/airflow/.local/lib/python3.12/site-packages/airflow/example_dags/example_xcomargs.py took 0.036 seconds
[2024-12-01T05:15:25.436+0000] {processor.py:186} INFO - Started process (PID=7908) to work on /home/airflow/.local/lib/python3.12/site-packages/airflow/example_dags/example_xcomargs.py
[2024-12-01T05:15:25.436+0000] {processor.py:914} INFO - Processing file /home/airflow/.local/lib/python3.12/site-packages/airflow/example_dags/example_xcomargs.py for tasks to queue
[2024-12-01T05:15:25.437+0000] {logging_mixin.py:190} INFO - [2024-12-01T05:15:25.436+0000] {dagbag.py:588} INFO - Filling up the DagBag from /home/airflow/.local/lib/python3.12/site-packages/airflow/example_dags/example_xcomargs.py
[2024-12-01T05:15:25.441+0000] {processor.py:925} INFO - DAG(s) 'example_xcom_args', 'example_xcom_args_with_operators' retrieved from /home/airflow/.local/lib/python3.12/site-packages/airflow/example_dags/example_xcomargs.py
[2024-12-01T05:15:25.449+0000] {logging_mixin.py:190} INFO - [2024-12-01T05:15:25.449+0000] {dag.py:3239} INFO - Sync 2 DAGs
[2024-12-01T05:15:25.455+0000] {logging_mixin.py:190} INFO - [2024-12-01T05:15:25.454+0000] {dag.py:4180} INFO - Setting next_dagrun for example_xcom_args to None, run_after=None
[2024-12-01T05:15:25.456+0000] {logging_mixin.py:190} INFO - [2024-12-01T05:15:25.456+0000] {dag.py:4180} INFO - Setting next_dagrun for example_xcom_args_with_operators to None, run_after=None
[2024-12-01T05:15:25.460+0000] {processor.py:208} INFO - Processing /home/airflow/.local/lib/python3.12/site-packages/airflow/example_dags/example_xcomargs.py took 0.027 seconds
[2024-12-01T05:15:56.163+0000] {processor.py:186} INFO - Started process (PID=8277) to work on /home/airflow/.local/lib/python3.12/site-packages/airflow/example_dags/example_xcomargs.py
[2024-12-01T05:15:56.163+0000] {processor.py:914} INFO - Processing file /home/airflow/.local/lib/python3.12/site-packages/airflow/example_dags/example_xcomargs.py for tasks to queue
[2024-12-01T05:15:56.164+0000] {logging_mixin.py:190} INFO - [2024-12-01T05:15:56.164+0000] {dagbag.py:588} INFO - Filling up the DagBag from /home/airflow/.local/lib/python3.12/site-packages/airflow/example_dags/example_xcomargs.py
[2024-12-01T05:15:56.168+0000] {processor.py:925} INFO - DAG(s) 'example_xcom_args_with_operators', 'example_xcom_args' retrieved from /home/airflow/.local/lib/python3.12/site-packages/airflow/example_dags/example_xcomargs.py
[2024-12-01T05:15:56.178+0000] {logging_mixin.py:190} INFO - [2024-12-01T05:15:56.178+0000] {dag.py:3239} INFO - Sync 2 DAGs
[2024-12-01T05:15:56.184+0000] {logging_mixin.py:190} INFO - [2024-12-01T05:15:56.184+0000] {dag.py:4180} INFO - Setting next_dagrun for example_xcom_args to None, run_after=None
[2024-12-01T05:15:56.186+0000] {logging_mixin.py:190} INFO - [2024-12-01T05:15:56.185+0000] {dag.py:4180} INFO - Setting next_dagrun for example_xcom_args_with_operators to None, run_after=None
[2024-12-01T05:15:56.191+0000] {processor.py:208} INFO - Processing /home/airflow/.local/lib/python3.12/site-packages/airflow/example_dags/example_xcomargs.py took 0.031 seconds
[2024-12-01T05:16:26.552+0000] {processor.py:186} INFO - Started process (PID=8638) to work on /home/airflow/.local/lib/python3.12/site-packages/airflow/example_dags/example_xcomargs.py
[2024-12-01T05:16:26.553+0000] {processor.py:914} INFO - Processing file /home/airflow/.local/lib/python3.12/site-packages/airflow/example_dags/example_xcomargs.py for tasks to queue
[2024-12-01T05:16:26.554+0000] {logging_mixin.py:190} INFO - [2024-12-01T05:16:26.554+0000] {dagbag.py:588} INFO - Filling up the DagBag from /home/airflow/.local/lib/python3.12/site-packages/airflow/example_dags/example_xcomargs.py
[2024-12-01T05:16:26.558+0000] {processor.py:925} INFO - DAG(s) 'example_xcom_args_with_operators', 'example_xcom_args' retrieved from /home/airflow/.local/lib/python3.12/site-packages/airflow/example_dags/example_xcomargs.py
[2024-12-01T05:16:26.567+0000] {logging_mixin.py:190} INFO - [2024-12-01T05:16:26.567+0000] {dag.py:3239} INFO - Sync 2 DAGs
[2024-12-01T05:16:26.572+0000] {logging_mixin.py:190} INFO - [2024-12-01T05:16:26.572+0000] {dag.py:4180} INFO - Setting next_dagrun for example_xcom_args to None, run_after=None
[2024-12-01T05:16:26.574+0000] {logging_mixin.py:190} INFO - [2024-12-01T05:16:26.574+0000] {dag.py:4180} INFO - Setting next_dagrun for example_xcom_args_with_operators to None, run_after=None
[2024-12-01T05:16:26.580+0000] {processor.py:208} INFO - Processing /home/airflow/.local/lib/python3.12/site-packages/airflow/example_dags/example_xcomargs.py took 0.031 seconds
[2024-12-01T05:16:57.004+0000] {processor.py:186} INFO - Started process (PID=9004) to work on /home/airflow/.local/lib/python3.12/site-packages/airflow/example_dags/example_xcomargs.py
[2024-12-01T05:16:57.004+0000] {processor.py:914} INFO - Processing file /home/airflow/.local/lib/python3.12/site-packages/airflow/example_dags/example_xcomargs.py for tasks to queue
[2024-12-01T05:16:57.005+0000] {logging_mixin.py:190} INFO - [2024-12-01T05:16:57.005+0000] {dagbag.py:588} INFO - Filling up the DagBag from /home/airflow/.local/lib/python3.12/site-packages/airflow/example_dags/example_xcomargs.py
[2024-12-01T05:16:57.012+0000] {processor.py:925} INFO - DAG(s) 'example_xcom_args', 'example_xcom_args_with_operators' retrieved from /home/airflow/.local/lib/python3.12/site-packages/airflow/example_dags/example_xcomargs.py
[2024-12-01T05:16:57.021+0000] {logging_mixin.py:190} INFO - [2024-12-01T05:16:57.021+0000] {dag.py:3239} INFO - Sync 2 DAGs
[2024-12-01T05:16:57.027+0000] {logging_mixin.py:190} INFO - [2024-12-01T05:16:57.027+0000] {dag.py:4180} INFO - Setting next_dagrun for example_xcom_args to None, run_after=None
[2024-12-01T05:16:57.031+0000] {logging_mixin.py:190} INFO - [2024-12-01T05:16:57.031+0000] {dag.py:4180} INFO - Setting next_dagrun for example_xcom_args_with_operators to None, run_after=None
[2024-12-01T05:16:57.037+0000] {processor.py:208} INFO - Processing /home/airflow/.local/lib/python3.12/site-packages/airflow/example_dags/example_xcomargs.py took 0.035 seconds
[2024-12-01T05:17:27.534+0000] {processor.py:186} INFO - Started process (PID=9370) to work on /home/airflow/.local/lib/python3.12/site-packages/airflow/example_dags/example_xcomargs.py
[2024-12-01T05:17:27.535+0000] {processor.py:914} INFO - Processing file /home/airflow/.local/lib/python3.12/site-packages/airflow/example_dags/example_xcomargs.py for tasks to queue
[2024-12-01T05:17:27.536+0000] {logging_mixin.py:190} INFO - [2024-12-01T05:17:27.536+0000] {dagbag.py:588} INFO - Filling up the DagBag from /home/airflow/.local/lib/python3.12/site-packages/airflow/example_dags/example_xcomargs.py
[2024-12-01T05:17:27.541+0000] {processor.py:925} INFO - DAG(s) 'example_xcom_args_with_operators', 'example_xcom_args' retrieved from /home/airflow/.local/lib/python3.12/site-packages/airflow/example_dags/example_xcomargs.py
[2024-12-01T05:17:27.552+0000] {logging_mixin.py:190} INFO - [2024-12-01T05:17:27.552+0000] {dag.py:3239} INFO - Sync 2 DAGs
[2024-12-01T05:17:27.560+0000] {logging_mixin.py:190} INFO - [2024-12-01T05:17:27.560+0000] {dag.py:4180} INFO - Setting next_dagrun for example_xcom_args to None, run_after=None
[2024-12-01T05:17:27.561+0000] {logging_mixin.py:190} INFO - [2024-12-01T05:17:27.561+0000] {dag.py:4180} INFO - Setting next_dagrun for example_xcom_args_with_operators to None, run_after=None
[2024-12-01T05:17:27.567+0000] {processor.py:208} INFO - Processing /home/airflow/.local/lib/python3.12/site-packages/airflow/example_dags/example_xcomargs.py took 0.036 seconds
[2024-12-01T05:17:58.104+0000] {processor.py:186} INFO - Started process (PID=9736) to work on /home/airflow/.local/lib/python3.12/site-packages/airflow/example_dags/example_xcomargs.py
[2024-12-01T05:17:58.104+0000] {processor.py:914} INFO - Processing file /home/airflow/.local/lib/python3.12/site-packages/airflow/example_dags/example_xcomargs.py for tasks to queue
[2024-12-01T05:17:58.105+0000] {logging_mixin.py:190} INFO - [2024-12-01T05:17:58.105+0000] {dagbag.py:588} INFO - Filling up the DagBag from /home/airflow/.local/lib/python3.12/site-packages/airflow/example_dags/example_xcomargs.py
[2024-12-01T05:17:58.109+0000] {processor.py:925} INFO - DAG(s) 'example_xcom_args_with_operators', 'example_xcom_args' retrieved from /home/airflow/.local/lib/python3.12/site-packages/airflow/example_dags/example_xcomargs.py
[2024-12-01T05:17:58.119+0000] {logging_mixin.py:190} INFO - [2024-12-01T05:17:58.118+0000] {dag.py:3239} INFO - Sync 2 DAGs
[2024-12-01T05:17:58.124+0000] {logging_mixin.py:190} INFO - [2024-12-01T05:17:58.124+0000] {dag.py:4180} INFO - Setting next_dagrun for example_xcom_args to None, run_after=None
[2024-12-01T05:17:58.126+0000] {logging_mixin.py:190} INFO - [2024-12-01T05:17:58.126+0000] {dag.py:4180} INFO - Setting next_dagrun for example_xcom_args_with_operators to None, run_after=None
[2024-12-01T05:17:58.132+0000] {processor.py:208} INFO - Processing /home/airflow/.local/lib/python3.12/site-packages/airflow/example_dags/example_xcomargs.py took 0.030 seconds
[2024-12-01T05:18:28.780+0000] {processor.py:186} INFO - Started process (PID=10102) to work on /home/airflow/.local/lib/python3.12/site-packages/airflow/example_dags/example_xcomargs.py
[2024-12-01T05:18:28.780+0000] {processor.py:914} INFO - Processing file /home/airflow/.local/lib/python3.12/site-packages/airflow/example_dags/example_xcomargs.py for tasks to queue
[2024-12-01T05:18:28.781+0000] {logging_mixin.py:190} INFO - [2024-12-01T05:18:28.781+0000] {dagbag.py:588} INFO - Filling up the DagBag from /home/airflow/.local/lib/python3.12/site-packages/airflow/example_dags/example_xcomargs.py
[2024-12-01T05:18:28.785+0000] {processor.py:925} INFO - DAG(s) 'example_xcom_args', 'example_xcom_args_with_operators' retrieved from /home/airflow/.local/lib/python3.12/site-packages/airflow/example_dags/example_xcomargs.py
[2024-12-01T05:18:28.794+0000] {logging_mixin.py:190} INFO - [2024-12-01T05:18:28.794+0000] {dag.py:3239} INFO - Sync 2 DAGs
[2024-12-01T05:18:28.802+0000] {logging_mixin.py:190} INFO - [2024-12-01T05:18:28.801+0000] {dag.py:4180} INFO - Setting next_dagrun for example_xcom_args to None, run_after=None
[2024-12-01T05:18:28.804+0000] {logging_mixin.py:190} INFO - [2024-12-01T05:18:28.804+0000] {dag.py:4180} INFO - Setting next_dagrun for example_xcom_args_with_operators to None, run_after=None
[2024-12-01T05:18:28.816+0000] {processor.py:208} INFO - Processing /home/airflow/.local/lib/python3.12/site-packages/airflow/example_dags/example_xcomargs.py took 0.038 seconds
[2024-12-01T05:18:59.720+0000] {processor.py:186} INFO - Started process (PID=10483) to work on /home/airflow/.local/lib/python3.12/site-packages/airflow/example_dags/example_xcomargs.py
[2024-12-01T05:18:59.721+0000] {processor.py:914} INFO - Processing file /home/airflow/.local/lib/python3.12/site-packages/airflow/example_dags/example_xcomargs.py for tasks to queue
[2024-12-01T05:18:59.721+0000] {logging_mixin.py:190} INFO - [2024-12-01T05:18:59.721+0000] {dagbag.py:588} INFO - Filling up the DagBag from /home/airflow/.local/lib/python3.12/site-packages/airflow/example_dags/example_xcomargs.py
[2024-12-01T05:18:59.726+0000] {processor.py:925} INFO - DAG(s) 'example_xcom_args_with_operators', 'example_xcom_args' retrieved from /home/airflow/.local/lib/python3.12/site-packages/airflow/example_dags/example_xcomargs.py
[2024-12-01T05:18:59.736+0000] {logging_mixin.py:190} INFO - [2024-12-01T05:18:59.736+0000] {dag.py:3239} INFO - Sync 2 DAGs
[2024-12-01T05:18:59.743+0000] {logging_mixin.py:190} INFO - [2024-12-01T05:18:59.743+0000] {dag.py:4180} INFO - Setting next_dagrun for example_xcom_args to None, run_after=None
[2024-12-01T05:18:59.747+0000] {logging_mixin.py:190} INFO - [2024-12-01T05:18:59.747+0000] {dag.py:4180} INFO - Setting next_dagrun for example_xcom_args_with_operators to None, run_after=None
[2024-12-01T05:18:59.756+0000] {processor.py:208} INFO - Processing /home/airflow/.local/lib/python3.12/site-packages/airflow/example_dags/example_xcomargs.py took 0.039 seconds
[2024-12-01T05:19:30.464+0000] {processor.py:186} INFO - Started process (PID=10849) to work on /home/airflow/.local/lib/python3.12/site-packages/airflow/example_dags/example_xcomargs.py
[2024-12-01T05:19:30.466+0000] {processor.py:914} INFO - Processing file /home/airflow/.local/lib/python3.12/site-packages/airflow/example_dags/example_xcomargs.py for tasks to queue
[2024-12-01T05:19:30.467+0000] {logging_mixin.py:190} INFO - [2024-12-01T05:19:30.467+0000] {dagbag.py:588} INFO - Filling up the DagBag from /home/airflow/.local/lib/python3.12/site-packages/airflow/example_dags/example_xcomargs.py
[2024-12-01T05:19:30.472+0000] {processor.py:925} INFO - DAG(s) 'example_xcom_args_with_operators', 'example_xcom_args' retrieved from /home/airflow/.local/lib/python3.12/site-packages/airflow/example_dags/example_xcomargs.py
[2024-12-01T05:19:30.488+0000] {logging_mixin.py:190} INFO - [2024-12-01T05:19:30.488+0000] {dag.py:3239} INFO - Sync 2 DAGs
[2024-12-01T05:19:30.496+0000] {logging_mixin.py:190} INFO - [2024-12-01T05:19:30.496+0000] {dag.py:4180} INFO - Setting next_dagrun for example_xcom_args to None, run_after=None
[2024-12-01T05:19:30.500+0000] {logging_mixin.py:190} INFO - [2024-12-01T05:19:30.499+0000] {dag.py:4180} INFO - Setting next_dagrun for example_xcom_args_with_operators to None, run_after=None
[2024-12-01T05:19:30.508+0000] {processor.py:208} INFO - Processing /home/airflow/.local/lib/python3.12/site-packages/airflow/example_dags/example_xcomargs.py took 0.046 seconds
[2024-12-01T05:20:01.321+0000] {processor.py:186} INFO - Started process (PID=11215) to work on /home/airflow/.local/lib/python3.12/site-packages/airflow/example_dags/example_xcomargs.py
[2024-12-01T05:20:01.321+0000] {processor.py:914} INFO - Processing file /home/airflow/.local/lib/python3.12/site-packages/airflow/example_dags/example_xcomargs.py for tasks to queue
[2024-12-01T05:20:01.324+0000] {logging_mixin.py:190} INFO - [2024-12-01T05:20:01.324+0000] {dagbag.py:588} INFO - Filling up the DagBag from /home/airflow/.local/lib/python3.12/site-packages/airflow/example_dags/example_xcomargs.py
[2024-12-01T05:20:01.330+0000] {processor.py:925} INFO - DAG(s) 'example_xcom_args', 'example_xcom_args_with_operators' retrieved from /home/airflow/.local/lib/python3.12/site-packages/airflow/example_dags/example_xcomargs.py
[2024-12-01T05:20:01.343+0000] {logging_mixin.py:190} INFO - [2024-12-01T05:20:01.342+0000] {dag.py:3239} INFO - Sync 2 DAGs
[2024-12-01T05:20:01.349+0000] {logging_mixin.py:190} INFO - [2024-12-01T05:20:01.348+0000] {dag.py:4180} INFO - Setting next_dagrun for example_xcom_args to None, run_after=None
[2024-12-01T05:20:01.350+0000] {logging_mixin.py:190} INFO - [2024-12-01T05:20:01.350+0000] {dag.py:4180} INFO - Setting next_dagrun for example_xcom_args_with_operators to None, run_after=None
[2024-12-01T05:20:01.356+0000] {processor.py:208} INFO - Processing /home/airflow/.local/lib/python3.12/site-packages/airflow/example_dags/example_xcomargs.py took 0.038 seconds
[2024-12-01T05:20:32.157+0000] {processor.py:186} INFO - Started process (PID=11601) to work on /home/airflow/.local/lib/python3.12/site-packages/airflow/example_dags/example_xcomargs.py
[2024-12-01T05:20:32.158+0000] {processor.py:914} INFO - Processing file /home/airflow/.local/lib/python3.12/site-packages/airflow/example_dags/example_xcomargs.py for tasks to queue
[2024-12-01T05:20:32.159+0000] {logging_mixin.py:190} INFO - [2024-12-01T05:20:32.159+0000] {dagbag.py:588} INFO - Filling up the DagBag from /home/airflow/.local/lib/python3.12/site-packages/airflow/example_dags/example_xcomargs.py
[2024-12-01T05:20:32.164+0000] {processor.py:925} INFO - DAG(s) 'example_xcom_args_with_operators', 'example_xcom_args' retrieved from /home/airflow/.local/lib/python3.12/site-packages/airflow/example_dags/example_xcomargs.py
[2024-12-01T05:20:32.173+0000] {logging_mixin.py:190} INFO - [2024-12-01T05:20:32.173+0000] {dag.py:3239} INFO - Sync 2 DAGs
[2024-12-01T05:20:32.179+0000] {logging_mixin.py:190} INFO - [2024-12-01T05:20:32.179+0000] {dag.py:4180} INFO - Setting next_dagrun for example_xcom_args to None, run_after=None
[2024-12-01T05:20:32.181+0000] {logging_mixin.py:190} INFO - [2024-12-01T05:20:32.181+0000] {dag.py:4180} INFO - Setting next_dagrun for example_xcom_args_with_operators to None, run_after=None
[2024-12-01T05:20:32.190+0000] {processor.py:208} INFO - Processing /home/airflow/.local/lib/python3.12/site-packages/airflow/example_dags/example_xcomargs.py took 0.037 seconds
[2024-12-01T05:21:02.983+0000] {processor.py:186} INFO - Started process (PID=11978) to work on /home/airflow/.local/lib/python3.12/site-packages/airflow/example_dags/example_xcomargs.py
[2024-12-01T05:21:02.984+0000] {processor.py:914} INFO - Processing file /home/airflow/.local/lib/python3.12/site-packages/airflow/example_dags/example_xcomargs.py for tasks to queue
[2024-12-01T05:21:02.984+0000] {logging_mixin.py:190} INFO - [2024-12-01T05:21:02.984+0000] {dagbag.py:588} INFO - Filling up the DagBag from /home/airflow/.local/lib/python3.12/site-packages/airflow/example_dags/example_xcomargs.py
[2024-12-01T05:21:02.989+0000] {processor.py:925} INFO - DAG(s) 'example_xcom_args', 'example_xcom_args_with_operators' retrieved from /home/airflow/.local/lib/python3.12/site-packages/airflow/example_dags/example_xcomargs.py
[2024-12-01T05:21:02.998+0000] {logging_mixin.py:190} INFO - [2024-12-01T05:21:02.998+0000] {dag.py:3239} INFO - Sync 2 DAGs
[2024-12-01T05:21:03.004+0000] {logging_mixin.py:190} INFO - [2024-12-01T05:21:03.004+0000] {dag.py:4180} INFO - Setting next_dagrun for example_xcom_args to None, run_after=None
[2024-12-01T05:21:03.006+0000] {logging_mixin.py:190} INFO - [2024-12-01T05:21:03.006+0000] {dag.py:4180} INFO - Setting next_dagrun for example_xcom_args_with_operators to None, run_after=None
[2024-12-01T05:21:03.011+0000] {processor.py:208} INFO - Processing /home/airflow/.local/lib/python3.12/site-packages/airflow/example_dags/example_xcomargs.py took 0.030 seconds
[2024-12-01T05:21:33.832+0000] {processor.py:186} INFO - Started process (PID=12349) to work on /home/airflow/.local/lib/python3.12/site-packages/airflow/example_dags/example_xcomargs.py
[2024-12-01T05:21:33.832+0000] {processor.py:914} INFO - Processing file /home/airflow/.local/lib/python3.12/site-packages/airflow/example_dags/example_xcomargs.py for tasks to queue
[2024-12-01T05:21:33.833+0000] {logging_mixin.py:190} INFO - [2024-12-01T05:21:33.833+0000] {dagbag.py:588} INFO - Filling up the DagBag from /home/airflow/.local/lib/python3.12/site-packages/airflow/example_dags/example_xcomargs.py
[2024-12-01T05:21:33.838+0000] {processor.py:925} INFO - DAG(s) 'example_xcom_args', 'example_xcom_args_with_operators' retrieved from /home/airflow/.local/lib/python3.12/site-packages/airflow/example_dags/example_xcomargs.py
[2024-12-01T05:21:33.849+0000] {logging_mixin.py:190} INFO - [2024-12-01T05:21:33.849+0000] {dag.py:3239} INFO - Sync 2 DAGs
[2024-12-01T05:21:33.856+0000] {logging_mixin.py:190} INFO - [2024-12-01T05:21:33.856+0000] {dag.py:4180} INFO - Setting next_dagrun for example_xcom_args to None, run_after=None
[2024-12-01T05:21:33.858+0000] {logging_mixin.py:190} INFO - [2024-12-01T05:21:33.858+0000] {dag.py:4180} INFO - Setting next_dagrun for example_xcom_args_with_operators to None, run_after=None
[2024-12-01T05:21:33.864+0000] {processor.py:208} INFO - Processing /home/airflow/.local/lib/python3.12/site-packages/airflow/example_dags/example_xcomargs.py took 0.035 seconds
[2024-12-01T05:22:04.734+0000] {processor.py:186} INFO - Started process (PID=12715) to work on /home/airflow/.local/lib/python3.12/site-packages/airflow/example_dags/example_xcomargs.py
[2024-12-01T05:22:04.734+0000] {processor.py:914} INFO - Processing file /home/airflow/.local/lib/python3.12/site-packages/airflow/example_dags/example_xcomargs.py for tasks to queue
[2024-12-01T05:22:04.735+0000] {logging_mixin.py:190} INFO - [2024-12-01T05:22:04.735+0000] {dagbag.py:588} INFO - Filling up the DagBag from /home/airflow/.local/lib/python3.12/site-packages/airflow/example_dags/example_xcomargs.py
[2024-12-01T05:22:04.740+0000] {processor.py:925} INFO - DAG(s) 'example_xcom_args', 'example_xcom_args_with_operators' retrieved from /home/airflow/.local/lib/python3.12/site-packages/airflow/example_dags/example_xcomargs.py
[2024-12-01T05:22:04.750+0000] {logging_mixin.py:190} INFO - [2024-12-01T05:22:04.750+0000] {dag.py:3239} INFO - Sync 2 DAGs
[2024-12-01T05:22:04.756+0000] {logging_mixin.py:190} INFO - [2024-12-01T05:22:04.756+0000] {dag.py:4180} INFO - Setting next_dagrun for example_xcom_args to None, run_after=None
[2024-12-01T05:22:04.758+0000] {logging_mixin.py:190} INFO - [2024-12-01T05:22:04.758+0000] {dag.py:4180} INFO - Setting next_dagrun for example_xcom_args_with_operators to None, run_after=None
[2024-12-01T05:22:04.763+0000] {processor.py:208} INFO - Processing /home/airflow/.local/lib/python3.12/site-packages/airflow/example_dags/example_xcomargs.py took 0.032 seconds
[2024-12-01T05:22:36.013+0000] {processor.py:186} INFO - Started process (PID=13076) to work on /home/airflow/.local/lib/python3.12/site-packages/airflow/example_dags/example_xcomargs.py
[2024-12-01T05:22:36.014+0000] {processor.py:914} INFO - Processing file /home/airflow/.local/lib/python3.12/site-packages/airflow/example_dags/example_xcomargs.py for tasks to queue
[2024-12-01T05:22:36.015+0000] {logging_mixin.py:190} INFO - [2024-12-01T05:22:36.015+0000] {dagbag.py:588} INFO - Filling up the DagBag from /home/airflow/.local/lib/python3.12/site-packages/airflow/example_dags/example_xcomargs.py
[2024-12-01T05:22:36.020+0000] {processor.py:925} INFO - DAG(s) 'example_xcom_args', 'example_xcom_args_with_operators' retrieved from /home/airflow/.local/lib/python3.12/site-packages/airflow/example_dags/example_xcomargs.py
[2024-12-01T05:22:36.031+0000] {logging_mixin.py:190} INFO - [2024-12-01T05:22:36.031+0000] {dag.py:3239} INFO - Sync 2 DAGs
[2024-12-01T05:22:36.037+0000] {logging_mixin.py:190} INFO - [2024-12-01T05:22:36.037+0000] {dag.py:4180} INFO - Setting next_dagrun for example_xcom_args to None, run_after=None
[2024-12-01T05:22:36.040+0000] {logging_mixin.py:190} INFO - [2024-12-01T05:22:36.040+0000] {dag.py:4180} INFO - Setting next_dagrun for example_xcom_args_with_operators to None, run_after=None
[2024-12-01T05:22:36.049+0000] {processor.py:208} INFO - Processing /home/airflow/.local/lib/python3.12/site-packages/airflow/example_dags/example_xcomargs.py took 0.040 seconds
[2024-12-01T05:23:07.205+0000] {processor.py:186} INFO - Started process (PID=13452) to work on /home/airflow/.local/lib/python3.12/site-packages/airflow/example_dags/example_xcomargs.py
[2024-12-01T05:23:07.205+0000] {processor.py:914} INFO - Processing file /home/airflow/.local/lib/python3.12/site-packages/airflow/example_dags/example_xcomargs.py for tasks to queue
[2024-12-01T05:23:07.206+0000] {logging_mixin.py:190} INFO - [2024-12-01T05:23:07.206+0000] {dagbag.py:588} INFO - Filling up the DagBag from /home/airflow/.local/lib/python3.12/site-packages/airflow/example_dags/example_xcomargs.py
[2024-12-01T05:23:07.211+0000] {processor.py:925} INFO - DAG(s) 'example_xcom_args', 'example_xcom_args_with_operators' retrieved from /home/airflow/.local/lib/python3.12/site-packages/airflow/example_dags/example_xcomargs.py
[2024-12-01T05:23:07.222+0000] {logging_mixin.py:190} INFO - [2024-12-01T05:23:07.222+0000] {dag.py:3239} INFO - Sync 2 DAGs
[2024-12-01T05:23:07.229+0000] {logging_mixin.py:190} INFO - [2024-12-01T05:23:07.229+0000] {dag.py:4180} INFO - Setting next_dagrun for example_xcom_args to None, run_after=None
[2024-12-01T05:23:07.231+0000] {logging_mixin.py:190} INFO - [2024-12-01T05:23:07.231+0000] {dag.py:4180} INFO - Setting next_dagrun for example_xcom_args_with_operators to None, run_after=None
[2024-12-01T05:23:07.236+0000] {processor.py:208} INFO - Processing /home/airflow/.local/lib/python3.12/site-packages/airflow/example_dags/example_xcomargs.py took 0.035 seconds
[2024-12-01T05:23:37.790+0000] {processor.py:186} INFO - Started process (PID=13813) to work on /home/airflow/.local/lib/python3.12/site-packages/airflow/example_dags/example_xcomargs.py
[2024-12-01T05:23:37.791+0000] {processor.py:914} INFO - Processing file /home/airflow/.local/lib/python3.12/site-packages/airflow/example_dags/example_xcomargs.py for tasks to queue
[2024-12-01T05:23:37.792+0000] {logging_mixin.py:190} INFO - [2024-12-01T05:23:37.792+0000] {dagbag.py:588} INFO - Filling up the DagBag from /home/airflow/.local/lib/python3.12/site-packages/airflow/example_dags/example_xcomargs.py
[2024-12-01T05:23:37.796+0000] {processor.py:925} INFO - DAG(s) 'example_xcom_args_with_operators', 'example_xcom_args' retrieved from /home/airflow/.local/lib/python3.12/site-packages/airflow/example_dags/example_xcomargs.py
[2024-12-01T05:23:37.806+0000] {logging_mixin.py:190} INFO - [2024-12-01T05:23:37.806+0000] {dag.py:3239} INFO - Sync 2 DAGs
[2024-12-01T05:23:37.812+0000] {logging_mixin.py:190} INFO - [2024-12-01T05:23:37.812+0000] {dag.py:4180} INFO - Setting next_dagrun for example_xcom_args to None, run_after=None
[2024-12-01T05:23:37.813+0000] {logging_mixin.py:190} INFO - [2024-12-01T05:23:37.813+0000] {dag.py:4180} INFO - Setting next_dagrun for example_xcom_args_with_operators to None, run_after=None
[2024-12-01T05:23:37.818+0000] {processor.py:208} INFO - Processing /home/airflow/.local/lib/python3.12/site-packages/airflow/example_dags/example_xcomargs.py took 0.031 seconds
[2024-12-01T05:24:08.554+0000] {processor.py:186} INFO - Started process (PID=14184) to work on /home/airflow/.local/lib/python3.12/site-packages/airflow/example_dags/example_xcomargs.py
[2024-12-01T05:24:08.556+0000] {processor.py:914} INFO - Processing file /home/airflow/.local/lib/python3.12/site-packages/airflow/example_dags/example_xcomargs.py for tasks to queue
[2024-12-01T05:24:08.556+0000] {logging_mixin.py:190} INFO - [2024-12-01T05:24:08.556+0000] {dagbag.py:588} INFO - Filling up the DagBag from /home/airflow/.local/lib/python3.12/site-packages/airflow/example_dags/example_xcomargs.py
[2024-12-01T05:24:08.561+0000] {processor.py:925} INFO - DAG(s) 'example_xcom_args', 'example_xcom_args_with_operators' retrieved from /home/airflow/.local/lib/python3.12/site-packages/airflow/example_dags/example_xcomargs.py
[2024-12-01T05:24:08.570+0000] {logging_mixin.py:190} INFO - [2024-12-01T05:24:08.570+0000] {dag.py:3239} INFO - Sync 2 DAGs
[2024-12-01T05:24:08.577+0000] {logging_mixin.py:190} INFO - [2024-12-01T05:24:08.577+0000] {dag.py:4180} INFO - Setting next_dagrun for example_xcom_args to None, run_after=None
[2024-12-01T05:24:08.579+0000] {logging_mixin.py:190} INFO - [2024-12-01T05:24:08.579+0000] {dag.py:4180} INFO - Setting next_dagrun for example_xcom_args_with_operators to None, run_after=None
[2024-12-01T05:24:08.585+0000] {processor.py:208} INFO - Processing /home/airflow/.local/lib/python3.12/site-packages/airflow/example_dags/example_xcomargs.py took 0.034 seconds
[2024-12-01T05:24:39.776+0000] {processor.py:186} INFO - Started process (PID=14555) to work on /home/airflow/.local/lib/python3.12/site-packages/airflow/example_dags/example_xcomargs.py
[2024-12-01T05:24:39.776+0000] {processor.py:914} INFO - Processing file /home/airflow/.local/lib/python3.12/site-packages/airflow/example_dags/example_xcomargs.py for tasks to queue
[2024-12-01T05:24:39.776+0000] {logging_mixin.py:190} INFO - [2024-12-01T05:24:39.776+0000] {dagbag.py:588} INFO - Filling up the DagBag from /home/airflow/.local/lib/python3.12/site-packages/airflow/example_dags/example_xcomargs.py
[2024-12-01T05:24:39.781+0000] {processor.py:925} INFO - DAG(s) 'example_xcom_args_with_operators', 'example_xcom_args' retrieved from /home/airflow/.local/lib/python3.12/site-packages/airflow/example_dags/example_xcomargs.py
[2024-12-01T05:24:39.791+0000] {logging_mixin.py:190} INFO - [2024-12-01T05:24:39.791+0000] {dag.py:3239} INFO - Sync 2 DAGs
[2024-12-01T05:24:39.797+0000] {logging_mixin.py:190} INFO - [2024-12-01T05:24:39.797+0000] {dag.py:4180} INFO - Setting next_dagrun for example_xcom_args to None, run_after=None
[2024-12-01T05:24:39.798+0000] {logging_mixin.py:190} INFO - [2024-12-01T05:24:39.798+0000] {dag.py:4180} INFO - Setting next_dagrun for example_xcom_args_with_operators to None, run_after=None
[2024-12-01T05:24:39.803+0000] {processor.py:208} INFO - Processing /home/airflow/.local/lib/python3.12/site-packages/airflow/example_dags/example_xcomargs.py took 0.030 seconds
[2024-12-01T05:25:10.055+0000] {processor.py:186} INFO - Started process (PID=14931) to work on /home/airflow/.local/lib/python3.12/site-packages/airflow/example_dags/example_xcomargs.py
[2024-12-01T05:25:10.056+0000] {processor.py:914} INFO - Processing file /home/airflow/.local/lib/python3.12/site-packages/airflow/example_dags/example_xcomargs.py for tasks to queue
[2024-12-01T05:25:10.057+0000] {logging_mixin.py:190} INFO - [2024-12-01T05:25:10.056+0000] {dagbag.py:588} INFO - Filling up the DagBag from /home/airflow/.local/lib/python3.12/site-packages/airflow/example_dags/example_xcomargs.py
[2024-12-01T05:25:10.061+0000] {processor.py:925} INFO - DAG(s) 'example_xcom_args', 'example_xcom_args_with_operators' retrieved from /home/airflow/.local/lib/python3.12/site-packages/airflow/example_dags/example_xcomargs.py
[2024-12-01T05:25:10.076+0000] {logging_mixin.py:190} INFO - [2024-12-01T05:25:10.076+0000] {dag.py:3239} INFO - Sync 2 DAGs
[2024-12-01T05:25:10.088+0000] {logging_mixin.py:190} INFO - [2024-12-01T05:25:10.088+0000] {dag.py:4180} INFO - Setting next_dagrun for example_xcom_args to None, run_after=None
[2024-12-01T05:25:10.092+0000] {logging_mixin.py:190} INFO - [2024-12-01T05:25:10.092+0000] {dag.py:4180} INFO - Setting next_dagrun for example_xcom_args_with_operators to None, run_after=None
[2024-12-01T05:25:10.108+0000] {processor.py:208} INFO - Processing /home/airflow/.local/lib/python3.12/site-packages/airflow/example_dags/example_xcomargs.py took 0.055 seconds
[2024-12-01T05:25:40.649+0000] {processor.py:186} INFO - Started process (PID=15302) to work on /home/airflow/.local/lib/python3.12/site-packages/airflow/example_dags/example_xcomargs.py
[2024-12-01T05:25:40.652+0000] {processor.py:914} INFO - Processing file /home/airflow/.local/lib/python3.12/site-packages/airflow/example_dags/example_xcomargs.py for tasks to queue
[2024-12-01T05:25:40.654+0000] {logging_mixin.py:190} INFO - [2024-12-01T05:25:40.654+0000] {dagbag.py:588} INFO - Filling up the DagBag from /home/airflow/.local/lib/python3.12/site-packages/airflow/example_dags/example_xcomargs.py
[2024-12-01T05:25:40.658+0000] {processor.py:925} INFO - DAG(s) 'example_xcom_args_with_operators', 'example_xcom_args' retrieved from /home/airflow/.local/lib/python3.12/site-packages/airflow/example_dags/example_xcomargs.py
[2024-12-01T05:25:40.667+0000] {logging_mixin.py:190} INFO - [2024-12-01T05:25:40.667+0000] {dag.py:3239} INFO - Sync 2 DAGs
[2024-12-01T05:25:40.673+0000] {logging_mixin.py:190} INFO - [2024-12-01T05:25:40.673+0000] {dag.py:4180} INFO - Setting next_dagrun for example_xcom_args to None, run_after=None
[2024-12-01T05:25:40.674+0000] {logging_mixin.py:190} INFO - [2024-12-01T05:25:40.674+0000] {dag.py:4180} INFO - Setting next_dagrun for example_xcom_args_with_operators to None, run_after=None
[2024-12-01T05:25:40.681+0000] {processor.py:208} INFO - Processing /home/airflow/.local/lib/python3.12/site-packages/airflow/example_dags/example_xcomargs.py took 0.034 seconds
[2024-12-01T05:26:11.059+0000] {processor.py:186} INFO - Started process (PID=15675) to work on /home/airflow/.local/lib/python3.12/site-packages/airflow/example_dags/example_xcomargs.py
[2024-12-01T05:26:11.060+0000] {processor.py:914} INFO - Processing file /home/airflow/.local/lib/python3.12/site-packages/airflow/example_dags/example_xcomargs.py for tasks to queue
[2024-12-01T05:26:11.060+0000] {logging_mixin.py:190} INFO - [2024-12-01T05:26:11.060+0000] {dagbag.py:588} INFO - Filling up the DagBag from /home/airflow/.local/lib/python3.12/site-packages/airflow/example_dags/example_xcomargs.py
[2024-12-01T05:26:11.065+0000] {processor.py:925} INFO - DAG(s) 'example_xcom_args', 'example_xcom_args_with_operators' retrieved from /home/airflow/.local/lib/python3.12/site-packages/airflow/example_dags/example_xcomargs.py
[2024-12-01T05:26:11.075+0000] {logging_mixin.py:190} INFO - [2024-12-01T05:26:11.075+0000] {dag.py:3239} INFO - Sync 2 DAGs
[2024-12-01T05:26:11.080+0000] {logging_mixin.py:190} INFO - [2024-12-01T05:26:11.080+0000] {dag.py:4180} INFO - Setting next_dagrun for example_xcom_args to None, run_after=None
[2024-12-01T05:26:11.083+0000] {logging_mixin.py:190} INFO - [2024-12-01T05:26:11.083+0000] {dag.py:4180} INFO - Setting next_dagrun for example_xcom_args_with_operators to None, run_after=None
[2024-12-01T05:26:11.092+0000] {processor.py:208} INFO - Processing /home/airflow/.local/lib/python3.12/site-packages/airflow/example_dags/example_xcomargs.py took 0.035 seconds
[2024-12-01T05:26:41.433+0000] {processor.py:186} INFO - Started process (PID=16043) to work on /home/airflow/.local/lib/python3.12/site-packages/airflow/example_dags/example_xcomargs.py
[2024-12-01T05:26:41.434+0000] {processor.py:914} INFO - Processing file /home/airflow/.local/lib/python3.12/site-packages/airflow/example_dags/example_xcomargs.py for tasks to queue
[2024-12-01T05:26:41.435+0000] {logging_mixin.py:190} INFO - [2024-12-01T05:26:41.435+0000] {dagbag.py:588} INFO - Filling up the DagBag from /home/airflow/.local/lib/python3.12/site-packages/airflow/example_dags/example_xcomargs.py
[2024-12-01T05:26:41.439+0000] {processor.py:925} INFO - DAG(s) 'example_xcom_args_with_operators', 'example_xcom_args' retrieved from /home/airflow/.local/lib/python3.12/site-packages/airflow/example_dags/example_xcomargs.py
[2024-12-01T05:26:41.448+0000] {logging_mixin.py:190} INFO - [2024-12-01T05:26:41.448+0000] {dag.py:3239} INFO - Sync 2 DAGs
[2024-12-01T05:26:41.454+0000] {logging_mixin.py:190} INFO - [2024-12-01T05:26:41.454+0000] {dag.py:4180} INFO - Setting next_dagrun for example_xcom_args to None, run_after=None
[2024-12-01T05:26:41.456+0000] {logging_mixin.py:190} INFO - [2024-12-01T05:26:41.456+0000] {dag.py:4180} INFO - Setting next_dagrun for example_xcom_args_with_operators to None, run_after=None
[2024-12-01T05:26:41.464+0000] {processor.py:208} INFO - Processing /home/airflow/.local/lib/python3.12/site-packages/airflow/example_dags/example_xcomargs.py took 0.033 seconds
[2024-12-01T05:27:11.943+0000] {processor.py:186} INFO - Started process (PID=16421) to work on /home/airflow/.local/lib/python3.12/site-packages/airflow/example_dags/example_xcomargs.py
[2024-12-01T05:27:11.943+0000] {processor.py:914} INFO - Processing file /home/airflow/.local/lib/python3.12/site-packages/airflow/example_dags/example_xcomargs.py for tasks to queue
[2024-12-01T05:27:11.944+0000] {logging_mixin.py:190} INFO - [2024-12-01T05:27:11.944+0000] {dagbag.py:588} INFO - Filling up the DagBag from /home/airflow/.local/lib/python3.12/site-packages/airflow/example_dags/example_xcomargs.py
[2024-12-01T05:27:11.948+0000] {processor.py:925} INFO - DAG(s) 'example_xcom_args_with_operators', 'example_xcom_args' retrieved from /home/airflow/.local/lib/python3.12/site-packages/airflow/example_dags/example_xcomargs.py
[2024-12-01T05:27:11.957+0000] {logging_mixin.py:190} INFO - [2024-12-01T05:27:11.957+0000] {dag.py:3239} INFO - Sync 2 DAGs
[2024-12-01T05:27:11.963+0000] {logging_mixin.py:190} INFO - [2024-12-01T05:27:11.963+0000] {dag.py:4180} INFO - Setting next_dagrun for example_xcom_args to None, run_after=None
[2024-12-01T05:27:11.964+0000] {logging_mixin.py:190} INFO - [2024-12-01T05:27:11.964+0000] {dag.py:4180} INFO - Setting next_dagrun for example_xcom_args_with_operators to None, run_after=None
[2024-12-01T05:27:11.971+0000] {processor.py:208} INFO - Processing /home/airflow/.local/lib/python3.12/site-packages/airflow/example_dags/example_xcomargs.py took 0.031 seconds
[2024-12-01T05:27:42.669+0000] {processor.py:186} INFO - Started process (PID=16822) to work on /home/airflow/.local/lib/python3.12/site-packages/airflow/example_dags/example_xcomargs.py
[2024-12-01T05:27:42.669+0000] {processor.py:914} INFO - Processing file /home/airflow/.local/lib/python3.12/site-packages/airflow/example_dags/example_xcomargs.py for tasks to queue
[2024-12-01T05:27:42.670+0000] {logging_mixin.py:190} INFO - [2024-12-01T05:27:42.670+0000] {dagbag.py:588} INFO - Filling up the DagBag from /home/airflow/.local/lib/python3.12/site-packages/airflow/example_dags/example_xcomargs.py
[2024-12-01T05:27:42.674+0000] {processor.py:925} INFO - DAG(s) 'example_xcom_args', 'example_xcom_args_with_operators' retrieved from /home/airflow/.local/lib/python3.12/site-packages/airflow/example_dags/example_xcomargs.py
[2024-12-01T05:27:42.685+0000] {logging_mixin.py:190} INFO - [2024-12-01T05:27:42.685+0000] {dag.py:3239} INFO - Sync 2 DAGs
[2024-12-01T05:27:42.690+0000] {logging_mixin.py:190} INFO - [2024-12-01T05:27:42.690+0000] {dag.py:4180} INFO - Setting next_dagrun for example_xcom_args to None, run_after=None
[2024-12-01T05:27:42.692+0000] {logging_mixin.py:190} INFO - [2024-12-01T05:27:42.692+0000] {dag.py:4180} INFO - Setting next_dagrun for example_xcom_args_with_operators to None, run_after=None
[2024-12-01T05:27:42.698+0000] {processor.py:208} INFO - Processing /home/airflow/.local/lib/python3.12/site-packages/airflow/example_dags/example_xcomargs.py took 0.032 seconds
[2024-12-01T05:28:13.392+0000] {processor.py:186} INFO - Started process (PID=17214) to work on /home/airflow/.local/lib/python3.12/site-packages/airflow/example_dags/example_xcomargs.py
[2024-12-01T05:28:13.393+0000] {processor.py:914} INFO - Processing file /home/airflow/.local/lib/python3.12/site-packages/airflow/example_dags/example_xcomargs.py for tasks to queue
[2024-12-01T05:28:13.393+0000] {logging_mixin.py:190} INFO - [2024-12-01T05:28:13.393+0000] {dagbag.py:588} INFO - Filling up the DagBag from /home/airflow/.local/lib/python3.12/site-packages/airflow/example_dags/example_xcomargs.py
[2024-12-01T05:28:13.401+0000] {processor.py:925} INFO - DAG(s) 'example_xcom_args', 'example_xcom_args_with_operators' retrieved from /home/airflow/.local/lib/python3.12/site-packages/airflow/example_dags/example_xcomargs.py
[2024-12-01T05:28:13.410+0000] {logging_mixin.py:190} INFO - [2024-12-01T05:28:13.410+0000] {dag.py:3239} INFO - Sync 2 DAGs
[2024-12-01T05:28:13.419+0000] {logging_mixin.py:190} INFO - [2024-12-01T05:28:13.419+0000] {dag.py:4180} INFO - Setting next_dagrun for example_xcom_args to None, run_after=None
[2024-12-01T05:28:13.421+0000] {logging_mixin.py:190} INFO - [2024-12-01T05:28:13.421+0000] {dag.py:4180} INFO - Setting next_dagrun for example_xcom_args_with_operators to None, run_after=None
[2024-12-01T05:28:13.427+0000] {processor.py:208} INFO - Processing /home/airflow/.local/lib/python3.12/site-packages/airflow/example_dags/example_xcomargs.py took 0.037 seconds
[2024-12-01T05:28:44.108+0000] {processor.py:186} INFO - Started process (PID=17590) to work on /home/airflow/.local/lib/python3.12/site-packages/airflow/example_dags/example_xcomargs.py
[2024-12-01T05:28:44.109+0000] {processor.py:914} INFO - Processing file /home/airflow/.local/lib/python3.12/site-packages/airflow/example_dags/example_xcomargs.py for tasks to queue
[2024-12-01T05:28:44.110+0000] {logging_mixin.py:190} INFO - [2024-12-01T05:28:44.110+0000] {dagbag.py:588} INFO - Filling up the DagBag from /home/airflow/.local/lib/python3.12/site-packages/airflow/example_dags/example_xcomargs.py
[2024-12-01T05:28:44.114+0000] {processor.py:925} INFO - DAG(s) 'example_xcom_args', 'example_xcom_args_with_operators' retrieved from /home/airflow/.local/lib/python3.12/site-packages/airflow/example_dags/example_xcomargs.py
[2024-12-01T05:28:44.125+0000] {logging_mixin.py:190} INFO - [2024-12-01T05:28:44.124+0000] {dag.py:3239} INFO - Sync 2 DAGs
[2024-12-01T05:28:44.130+0000] {logging_mixin.py:190} INFO - [2024-12-01T05:28:44.130+0000] {dag.py:4180} INFO - Setting next_dagrun for example_xcom_args to None, run_after=None
[2024-12-01T05:28:44.132+0000] {logging_mixin.py:190} INFO - [2024-12-01T05:28:44.131+0000] {dag.py:4180} INFO - Setting next_dagrun for example_xcom_args_with_operators to None, run_after=None
[2024-12-01T05:28:44.140+0000] {processor.py:208} INFO - Processing /home/airflow/.local/lib/python3.12/site-packages/airflow/example_dags/example_xcomargs.py took 0.034 seconds
[2024-12-01T05:29:14.723+0000] {processor.py:186} INFO - Started process (PID=17971) to work on /home/airflow/.local/lib/python3.12/site-packages/airflow/example_dags/example_xcomargs.py
[2024-12-01T05:29:14.724+0000] {processor.py:914} INFO - Processing file /home/airflow/.local/lib/python3.12/site-packages/airflow/example_dags/example_xcomargs.py for tasks to queue
[2024-12-01T05:29:14.724+0000] {logging_mixin.py:190} INFO - [2024-12-01T05:29:14.724+0000] {dagbag.py:588} INFO - Filling up the DagBag from /home/airflow/.local/lib/python3.12/site-packages/airflow/example_dags/example_xcomargs.py
[2024-12-01T05:29:14.729+0000] {processor.py:925} INFO - DAG(s) 'example_xcom_args', 'example_xcom_args_with_operators' retrieved from /home/airflow/.local/lib/python3.12/site-packages/airflow/example_dags/example_xcomargs.py
[2024-12-01T05:29:14.742+0000] {logging_mixin.py:190} INFO - [2024-12-01T05:29:14.741+0000] {dag.py:3239} INFO - Sync 2 DAGs
[2024-12-01T05:29:14.746+0000] {logging_mixin.py:190} INFO - [2024-12-01T05:29:14.746+0000] {dag.py:4180} INFO - Setting next_dagrun for example_xcom_args to None, run_after=None
[2024-12-01T05:29:14.748+0000] {logging_mixin.py:190} INFO - [2024-12-01T05:29:14.748+0000] {dag.py:4180} INFO - Setting next_dagrun for example_xcom_args_with_operators to None, run_after=None
[2024-12-01T05:29:14.753+0000] {processor.py:208} INFO - Processing /home/airflow/.local/lib/python3.12/site-packages/airflow/example_dags/example_xcomargs.py took 0.033 seconds
[2024-12-01T05:29:45.346+0000] {processor.py:186} INFO - Started process (PID=18337) to work on /home/airflow/.local/lib/python3.12/site-packages/airflow/example_dags/example_xcomargs.py
[2024-12-01T05:29:45.347+0000] {processor.py:914} INFO - Processing file /home/airflow/.local/lib/python3.12/site-packages/airflow/example_dags/example_xcomargs.py for tasks to queue
[2024-12-01T05:29:45.348+0000] {logging_mixin.py:190} INFO - [2024-12-01T05:29:45.348+0000] {dagbag.py:588} INFO - Filling up the DagBag from /home/airflow/.local/lib/python3.12/site-packages/airflow/example_dags/example_xcomargs.py
[2024-12-01T05:29:45.352+0000] {processor.py:925} INFO - DAG(s) 'example_xcom_args_with_operators', 'example_xcom_args' retrieved from /home/airflow/.local/lib/python3.12/site-packages/airflow/example_dags/example_xcomargs.py
[2024-12-01T05:29:45.362+0000] {logging_mixin.py:190} INFO - [2024-12-01T05:29:45.362+0000] {dag.py:3239} INFO - Sync 2 DAGs
[2024-12-01T05:29:45.367+0000] {logging_mixin.py:190} INFO - [2024-12-01T05:29:45.367+0000] {dag.py:4180} INFO - Setting next_dagrun for example_xcom_args to None, run_after=None
[2024-12-01T05:29:45.369+0000] {logging_mixin.py:190} INFO - [2024-12-01T05:29:45.369+0000] {dag.py:4180} INFO - Setting next_dagrun for example_xcom_args_with_operators to None, run_after=None
[2024-12-01T05:29:45.380+0000] {processor.py:208} INFO - Processing /home/airflow/.local/lib/python3.12/site-packages/airflow/example_dags/example_xcomargs.py took 0.036 seconds
