[2024-12-01T05:05:11.111+0000] {processor.py:186} INFO - Started process (PID=367) to work on /home/airflow/.local/lib/python3.12/site-packages/airflow/example_dags/example_complex.py
[2024-12-01T05:05:11.111+0000] {processor.py:914} INFO - Processing file /home/airflow/.local/lib/python3.12/site-packages/airflow/example_dags/example_complex.py for tasks to queue
[2024-12-01T05:05:11.112+0000] {logging_mixin.py:190} INFO - [2024-12-01T05:05:11.112+0000] {dagbag.py:588} INFO - Filling up the DagBag from /home/airflow/.local/lib/python3.12/site-packages/airflow/example_dags/example_complex.py
[2024-12-01T05:05:11.119+0000] {processor.py:925} INFO - DAG(s) 'example_complex' retrieved from /home/airflow/.local/lib/python3.12/site-packages/airflow/example_dags/example_complex.py
[2024-12-01T05:05:11.134+0000] {logging_mixin.py:190} INFO - [2024-12-01T05:05:11.134+0000] {dag.py:3239} INFO - Sync 1 DAGs
[2024-12-01T05:05:11.139+0000] {logging_mixin.py:190} INFO - [2024-12-01T05:05:11.139+0000] {dag.py:4180} INFO - Setting next_dagrun for example_complex to None, run_after=None
[2024-12-01T05:05:11.151+0000] {processor.py:208} INFO - Processing /home/airflow/.local/lib/python3.12/site-packages/airflow/example_dags/example_complex.py took 0.043 seconds
[2024-12-01T05:05:42.036+0000] {processor.py:186} INFO - Started process (PID=742) to work on /home/airflow/.local/lib/python3.12/site-packages/airflow/example_dags/example_complex.py
[2024-12-01T05:05:42.037+0000] {processor.py:914} INFO - Processing file /home/airflow/.local/lib/python3.12/site-packages/airflow/example_dags/example_complex.py for tasks to queue
[2024-12-01T05:05:42.038+0000] {logging_mixin.py:190} INFO - [2024-12-01T05:05:42.037+0000] {dagbag.py:588} INFO - Filling up the DagBag from /home/airflow/.local/lib/python3.12/site-packages/airflow/example_dags/example_complex.py
[2024-12-01T05:05:42.042+0000] {processor.py:925} INFO - DAG(s) 'example_complex' retrieved from /home/airflow/.local/lib/python3.12/site-packages/airflow/example_dags/example_complex.py
[2024-12-01T05:05:42.053+0000] {logging_mixin.py:190} INFO - [2024-12-01T05:05:42.053+0000] {dag.py:3239} INFO - Sync 1 DAGs
[2024-12-01T05:05:42.058+0000] {logging_mixin.py:190} INFO - [2024-12-01T05:05:42.058+0000] {dag.py:4180} INFO - Setting next_dagrun for example_complex to None, run_after=None
[2024-12-01T05:05:42.065+0000] {processor.py:208} INFO - Processing /home/airflow/.local/lib/python3.12/site-packages/airflow/example_dags/example_complex.py took 0.031 seconds
[2024-12-01T05:06:12.760+0000] {processor.py:186} INFO - Started process (PID=1115) to work on /home/airflow/.local/lib/python3.12/site-packages/airflow/example_dags/example_complex.py
[2024-12-01T05:06:12.761+0000] {processor.py:914} INFO - Processing file /home/airflow/.local/lib/python3.12/site-packages/airflow/example_dags/example_complex.py for tasks to queue
[2024-12-01T05:06:12.761+0000] {logging_mixin.py:190} INFO - [2024-12-01T05:06:12.761+0000] {dagbag.py:588} INFO - Filling up the DagBag from /home/airflow/.local/lib/python3.12/site-packages/airflow/example_dags/example_complex.py
[2024-12-01T05:06:12.766+0000] {processor.py:925} INFO - DAG(s) 'example_complex' retrieved from /home/airflow/.local/lib/python3.12/site-packages/airflow/example_dags/example_complex.py
[2024-12-01T05:06:12.776+0000] {logging_mixin.py:190} INFO - [2024-12-01T05:06:12.776+0000] {dag.py:3239} INFO - Sync 1 DAGs
[2024-12-01T05:06:12.781+0000] {logging_mixin.py:190} INFO - [2024-12-01T05:06:12.781+0000] {dag.py:4180} INFO - Setting next_dagrun for example_complex to None, run_after=None
[2024-12-01T05:06:12.786+0000] {processor.py:208} INFO - Processing /home/airflow/.local/lib/python3.12/site-packages/airflow/example_dags/example_complex.py took 0.028 seconds
[2024-12-01T05:06:43.682+0000] {processor.py:186} INFO - Started process (PID=1479) to work on /home/airflow/.local/lib/python3.12/site-packages/airflow/example_dags/example_complex.py
[2024-12-01T05:06:43.685+0000] {processor.py:914} INFO - Processing file /home/airflow/.local/lib/python3.12/site-packages/airflow/example_dags/example_complex.py for tasks to queue
[2024-12-01T05:06:43.686+0000] {logging_mixin.py:190} INFO - [2024-12-01T05:06:43.686+0000] {dagbag.py:588} INFO - Filling up the DagBag from /home/airflow/.local/lib/python3.12/site-packages/airflow/example_dags/example_complex.py
[2024-12-01T05:06:43.691+0000] {processor.py:925} INFO - DAG(s) 'example_complex' retrieved from /home/airflow/.local/lib/python3.12/site-packages/airflow/example_dags/example_complex.py
[2024-12-01T05:06:43.704+0000] {logging_mixin.py:190} INFO - [2024-12-01T05:06:43.704+0000] {dag.py:3239} INFO - Sync 1 DAGs
[2024-12-01T05:06:43.709+0000] {logging_mixin.py:190} INFO - [2024-12-01T05:06:43.709+0000] {dag.py:4180} INFO - Setting next_dagrun for example_complex to None, run_after=None
[2024-12-01T05:06:43.720+0000] {processor.py:208} INFO - Processing /home/airflow/.local/lib/python3.12/site-packages/airflow/example_dags/example_complex.py took 0.041 seconds
[2024-12-01T05:07:14.319+0000] {processor.py:186} INFO - Started process (PID=1855) to work on /home/airflow/.local/lib/python3.12/site-packages/airflow/example_dags/example_complex.py
[2024-12-01T05:07:14.322+0000] {processor.py:914} INFO - Processing file /home/airflow/.local/lib/python3.12/site-packages/airflow/example_dags/example_complex.py for tasks to queue
[2024-12-01T05:07:14.323+0000] {logging_mixin.py:190} INFO - [2024-12-01T05:07:14.323+0000] {dagbag.py:588} INFO - Filling up the DagBag from /home/airflow/.local/lib/python3.12/site-packages/airflow/example_dags/example_complex.py
[2024-12-01T05:07:14.329+0000] {processor.py:925} INFO - DAG(s) 'example_complex' retrieved from /home/airflow/.local/lib/python3.12/site-packages/airflow/example_dags/example_complex.py
[2024-12-01T05:07:14.346+0000] {logging_mixin.py:190} INFO - [2024-12-01T05:07:14.346+0000] {dag.py:3239} INFO - Sync 1 DAGs
[2024-12-01T05:07:14.352+0000] {logging_mixin.py:190} INFO - [2024-12-01T05:07:14.352+0000] {dag.py:4180} INFO - Setting next_dagrun for example_complex to None, run_after=None
[2024-12-01T05:07:14.358+0000] {processor.py:208} INFO - Processing /home/airflow/.local/lib/python3.12/site-packages/airflow/example_dags/example_complex.py took 0.041 seconds
[2024-12-01T05:07:45.027+0000] {processor.py:186} INFO - Started process (PID=2260) to work on /home/airflow/.local/lib/python3.12/site-packages/airflow/example_dags/example_complex.py
[2024-12-01T05:07:45.027+0000] {processor.py:914} INFO - Processing file /home/airflow/.local/lib/python3.12/site-packages/airflow/example_dags/example_complex.py for tasks to queue
[2024-12-01T05:07:45.028+0000] {logging_mixin.py:190} INFO - [2024-12-01T05:07:45.027+0000] {dagbag.py:588} INFO - Filling up the DagBag from /home/airflow/.local/lib/python3.12/site-packages/airflow/example_dags/example_complex.py
[2024-12-01T05:07:45.032+0000] {processor.py:925} INFO - DAG(s) 'example_complex' retrieved from /home/airflow/.local/lib/python3.12/site-packages/airflow/example_dags/example_complex.py
[2024-12-01T05:07:45.043+0000] {logging_mixin.py:190} INFO - [2024-12-01T05:07:45.043+0000] {dag.py:3239} INFO - Sync 1 DAGs
[2024-12-01T05:07:45.048+0000] {logging_mixin.py:190} INFO - [2024-12-01T05:07:45.048+0000] {dag.py:4180} INFO - Setting next_dagrun for example_complex to None, run_after=None
[2024-12-01T05:07:45.055+0000] {processor.py:208} INFO - Processing /home/airflow/.local/lib/python3.12/site-packages/airflow/example_dags/example_complex.py took 0.030 seconds
[2024-12-01T05:08:15.538+0000] {processor.py:186} INFO - Started process (PID=2624) to work on /home/airflow/.local/lib/python3.12/site-packages/airflow/example_dags/example_complex.py
[2024-12-01T05:08:15.538+0000] {processor.py:914} INFO - Processing file /home/airflow/.local/lib/python3.12/site-packages/airflow/example_dags/example_complex.py for tasks to queue
[2024-12-01T05:08:15.538+0000] {logging_mixin.py:190} INFO - [2024-12-01T05:08:15.538+0000] {dagbag.py:588} INFO - Filling up the DagBag from /home/airflow/.local/lib/python3.12/site-packages/airflow/example_dags/example_complex.py
[2024-12-01T05:08:15.543+0000] {processor.py:925} INFO - DAG(s) 'example_complex' retrieved from /home/airflow/.local/lib/python3.12/site-packages/airflow/example_dags/example_complex.py
[2024-12-01T05:08:15.559+0000] {logging_mixin.py:190} INFO - [2024-12-01T05:08:15.559+0000] {dag.py:3239} INFO - Sync 1 DAGs
[2024-12-01T05:08:15.565+0000] {logging_mixin.py:190} INFO - [2024-12-01T05:08:15.565+0000] {dag.py:4180} INFO - Setting next_dagrun for example_complex to None, run_after=None
[2024-12-01T05:08:15.575+0000] {processor.py:208} INFO - Processing /home/airflow/.local/lib/python3.12/site-packages/airflow/example_dags/example_complex.py took 0.039 seconds
[2024-12-01T05:08:46.151+0000] {processor.py:186} INFO - Started process (PID=3004) to work on /home/airflow/.local/lib/python3.12/site-packages/airflow/example_dags/example_complex.py
[2024-12-01T05:08:46.152+0000] {processor.py:914} INFO - Processing file /home/airflow/.local/lib/python3.12/site-packages/airflow/example_dags/example_complex.py for tasks to queue
[2024-12-01T05:08:46.152+0000] {logging_mixin.py:190} INFO - [2024-12-01T05:08:46.152+0000] {dagbag.py:588} INFO - Filling up the DagBag from /home/airflow/.local/lib/python3.12/site-packages/airflow/example_dags/example_complex.py
[2024-12-01T05:08:46.157+0000] {processor.py:925} INFO - DAG(s) 'example_complex' retrieved from /home/airflow/.local/lib/python3.12/site-packages/airflow/example_dags/example_complex.py
[2024-12-01T05:08:46.169+0000] {logging_mixin.py:190} INFO - [2024-12-01T05:08:46.168+0000] {dag.py:3239} INFO - Sync 1 DAGs
[2024-12-01T05:08:46.174+0000] {logging_mixin.py:190} INFO - [2024-12-01T05:08:46.174+0000] {dag.py:4180} INFO - Setting next_dagrun for example_complex to None, run_after=None
[2024-12-01T05:08:46.180+0000] {processor.py:208} INFO - Processing /home/airflow/.local/lib/python3.12/site-packages/airflow/example_dags/example_complex.py took 0.031 seconds
[2024-12-01T05:09:16.894+0000] {processor.py:186} INFO - Started process (PID=3371) to work on /home/airflow/.local/lib/python3.12/site-packages/airflow/example_dags/example_complex.py
[2024-12-01T05:09:16.894+0000] {processor.py:914} INFO - Processing file /home/airflow/.local/lib/python3.12/site-packages/airflow/example_dags/example_complex.py for tasks to queue
[2024-12-01T05:09:16.895+0000] {logging_mixin.py:190} INFO - [2024-12-01T05:09:16.895+0000] {dagbag.py:588} INFO - Filling up the DagBag from /home/airflow/.local/lib/python3.12/site-packages/airflow/example_dags/example_complex.py
[2024-12-01T05:09:16.900+0000] {processor.py:925} INFO - DAG(s) 'example_complex' retrieved from /home/airflow/.local/lib/python3.12/site-packages/airflow/example_dags/example_complex.py
[2024-12-01T05:09:16.912+0000] {logging_mixin.py:190} INFO - [2024-12-01T05:09:16.912+0000] {dag.py:3239} INFO - Sync 1 DAGs
[2024-12-01T05:09:16.919+0000] {logging_mixin.py:190} INFO - [2024-12-01T05:09:16.918+0000] {dag.py:4180} INFO - Setting next_dagrun for example_complex to None, run_after=None
[2024-12-01T05:09:16.928+0000] {processor.py:208} INFO - Processing /home/airflow/.local/lib/python3.12/site-packages/airflow/example_dags/example_complex.py took 0.036 seconds
[2024-12-01T05:09:47.717+0000] {processor.py:186} INFO - Started process (PID=3740) to work on /home/airflow/.local/lib/python3.12/site-packages/airflow/example_dags/example_complex.py
[2024-12-01T05:09:47.718+0000] {processor.py:914} INFO - Processing file /home/airflow/.local/lib/python3.12/site-packages/airflow/example_dags/example_complex.py for tasks to queue
[2024-12-01T05:09:47.718+0000] {logging_mixin.py:190} INFO - [2024-12-01T05:09:47.718+0000] {dagbag.py:588} INFO - Filling up the DagBag from /home/airflow/.local/lib/python3.12/site-packages/airflow/example_dags/example_complex.py
[2024-12-01T05:09:47.723+0000] {processor.py:925} INFO - DAG(s) 'example_complex' retrieved from /home/airflow/.local/lib/python3.12/site-packages/airflow/example_dags/example_complex.py
[2024-12-01T05:09:47.737+0000] {logging_mixin.py:190} INFO - [2024-12-01T05:09:47.737+0000] {dag.py:3239} INFO - Sync 1 DAGs
[2024-12-01T05:09:47.746+0000] {logging_mixin.py:190} INFO - [2024-12-01T05:09:47.745+0000] {dag.py:4180} INFO - Setting next_dagrun for example_complex to None, run_after=None
[2024-12-01T05:09:47.751+0000] {processor.py:208} INFO - Processing /home/airflow/.local/lib/python3.12/site-packages/airflow/example_dags/example_complex.py took 0.036 seconds
[2024-12-01T05:10:18.596+0000] {processor.py:186} INFO - Started process (PID=4159) to work on /home/airflow/.local/lib/python3.12/site-packages/airflow/example_dags/example_complex.py
[2024-12-01T05:10:18.600+0000] {processor.py:914} INFO - Processing file /home/airflow/.local/lib/python3.12/site-packages/airflow/example_dags/example_complex.py for tasks to queue
[2024-12-01T05:10:18.601+0000] {logging_mixin.py:190} INFO - [2024-12-01T05:10:18.601+0000] {dagbag.py:588} INFO - Filling up the DagBag from /home/airflow/.local/lib/python3.12/site-packages/airflow/example_dags/example_complex.py
[2024-12-01T05:10:18.607+0000] {processor.py:925} INFO - DAG(s) 'example_complex' retrieved from /home/airflow/.local/lib/python3.12/site-packages/airflow/example_dags/example_complex.py
[2024-12-01T05:10:18.627+0000] {logging_mixin.py:190} INFO - [2024-12-01T05:10:18.626+0000] {dag.py:3239} INFO - Sync 1 DAGs
[2024-12-01T05:10:18.633+0000] {logging_mixin.py:190} INFO - [2024-12-01T05:10:18.633+0000] {dag.py:4180} INFO - Setting next_dagrun for example_complex to None, run_after=None
[2024-12-01T05:10:18.639+0000] {processor.py:208} INFO - Processing /home/airflow/.local/lib/python3.12/site-packages/airflow/example_dags/example_complex.py took 0.046 seconds
[2024-12-01T05:10:49.321+0000] {processor.py:186} INFO - Started process (PID=4552) to work on /home/airflow/.local/lib/python3.12/site-packages/airflow/example_dags/example_complex.py
[2024-12-01T05:10:49.322+0000] {processor.py:914} INFO - Processing file /home/airflow/.local/lib/python3.12/site-packages/airflow/example_dags/example_complex.py for tasks to queue
[2024-12-01T05:10:49.323+0000] {logging_mixin.py:190} INFO - [2024-12-01T05:10:49.322+0000] {dagbag.py:588} INFO - Filling up the DagBag from /home/airflow/.local/lib/python3.12/site-packages/airflow/example_dags/example_complex.py
[2024-12-01T05:10:49.330+0000] {processor.py:925} INFO - DAG(s) 'example_complex' retrieved from /home/airflow/.local/lib/python3.12/site-packages/airflow/example_dags/example_complex.py
[2024-12-01T05:10:49.342+0000] {logging_mixin.py:190} INFO - [2024-12-01T05:10:49.342+0000] {dag.py:3239} INFO - Sync 1 DAGs
[2024-12-01T05:10:49.347+0000] {logging_mixin.py:190} INFO - [2024-12-01T05:10:49.347+0000] {dag.py:4180} INFO - Setting next_dagrun for example_complex to None, run_after=None
[2024-12-01T05:10:49.354+0000] {processor.py:208} INFO - Processing /home/airflow/.local/lib/python3.12/site-packages/airflow/example_dags/example_complex.py took 0.035 seconds
[2024-12-01T05:11:19.925+0000] {processor.py:186} INFO - Started process (PID=4918) to work on /home/airflow/.local/lib/python3.12/site-packages/airflow/example_dags/example_complex.py
[2024-12-01T05:11:19.925+0000] {processor.py:914} INFO - Processing file /home/airflow/.local/lib/python3.12/site-packages/airflow/example_dags/example_complex.py for tasks to queue
[2024-12-01T05:11:19.926+0000] {logging_mixin.py:190} INFO - [2024-12-01T05:11:19.926+0000] {dagbag.py:588} INFO - Filling up the DagBag from /home/airflow/.local/lib/python3.12/site-packages/airflow/example_dags/example_complex.py
[2024-12-01T05:11:19.930+0000] {processor.py:925} INFO - DAG(s) 'example_complex' retrieved from /home/airflow/.local/lib/python3.12/site-packages/airflow/example_dags/example_complex.py
[2024-12-01T05:11:19.942+0000] {logging_mixin.py:190} INFO - [2024-12-01T05:11:19.942+0000] {dag.py:3239} INFO - Sync 1 DAGs
[2024-12-01T05:11:19.947+0000] {logging_mixin.py:190} INFO - [2024-12-01T05:11:19.947+0000] {dag.py:4180} INFO - Setting next_dagrun for example_complex to None, run_after=None
[2024-12-01T05:11:19.958+0000] {processor.py:208} INFO - Processing /home/airflow/.local/lib/python3.12/site-packages/airflow/example_dags/example_complex.py took 0.035 seconds
[2024-12-01T05:11:50.259+0000] {processor.py:186} INFO - Started process (PID=5284) to work on /home/airflow/.local/lib/python3.12/site-packages/airflow/example_dags/example_complex.py
[2024-12-01T05:11:50.260+0000] {processor.py:914} INFO - Processing file /home/airflow/.local/lib/python3.12/site-packages/airflow/example_dags/example_complex.py for tasks to queue
[2024-12-01T05:11:50.260+0000] {logging_mixin.py:190} INFO - [2024-12-01T05:11:50.260+0000] {dagbag.py:588} INFO - Filling up the DagBag from /home/airflow/.local/lib/python3.12/site-packages/airflow/example_dags/example_complex.py
[2024-12-01T05:11:50.266+0000] {processor.py:925} INFO - DAG(s) 'example_complex' retrieved from /home/airflow/.local/lib/python3.12/site-packages/airflow/example_dags/example_complex.py
[2024-12-01T05:11:50.281+0000] {logging_mixin.py:190} INFO - [2024-12-01T05:11:50.281+0000] {dag.py:3239} INFO - Sync 1 DAGs
[2024-12-01T05:11:50.287+0000] {logging_mixin.py:190} INFO - [2024-12-01T05:11:50.287+0000] {dag.py:4180} INFO - Setting next_dagrun for example_complex to None, run_after=None
[2024-12-01T05:11:50.299+0000] {processor.py:208} INFO - Processing /home/airflow/.local/lib/python3.12/site-packages/airflow/example_dags/example_complex.py took 0.042 seconds
[2024-12-01T05:12:20.748+0000] {processor.py:186} INFO - Started process (PID=5650) to work on /home/airflow/.local/lib/python3.12/site-packages/airflow/example_dags/example_complex.py
[2024-12-01T05:12:20.749+0000] {processor.py:914} INFO - Processing file /home/airflow/.local/lib/python3.12/site-packages/airflow/example_dags/example_complex.py for tasks to queue
[2024-12-01T05:12:20.750+0000] {logging_mixin.py:190} INFO - [2024-12-01T05:12:20.750+0000] {dagbag.py:588} INFO - Filling up the DagBag from /home/airflow/.local/lib/python3.12/site-packages/airflow/example_dags/example_complex.py
[2024-12-01T05:12:20.755+0000] {processor.py:925} INFO - DAG(s) 'example_complex' retrieved from /home/airflow/.local/lib/python3.12/site-packages/airflow/example_dags/example_complex.py
[2024-12-01T05:12:20.767+0000] {logging_mixin.py:190} INFO - [2024-12-01T05:12:20.766+0000] {dag.py:3239} INFO - Sync 1 DAGs
[2024-12-01T05:12:20.772+0000] {logging_mixin.py:190} INFO - [2024-12-01T05:12:20.772+0000] {dag.py:4180} INFO - Setting next_dagrun for example_complex to None, run_after=None
[2024-12-01T05:12:20.780+0000] {processor.py:208} INFO - Processing /home/airflow/.local/lib/python3.12/site-packages/airflow/example_dags/example_complex.py took 0.034 seconds
[2024-12-01T05:12:51.299+0000] {processor.py:186} INFO - Started process (PID=6016) to work on /home/airflow/.local/lib/python3.12/site-packages/airflow/example_dags/example_complex.py
[2024-12-01T05:12:51.300+0000] {processor.py:914} INFO - Processing file /home/airflow/.local/lib/python3.12/site-packages/airflow/example_dags/example_complex.py for tasks to queue
[2024-12-01T05:12:51.302+0000] {logging_mixin.py:190} INFO - [2024-12-01T05:12:51.302+0000] {dagbag.py:588} INFO - Filling up the DagBag from /home/airflow/.local/lib/python3.12/site-packages/airflow/example_dags/example_complex.py
[2024-12-01T05:12:51.307+0000] {processor.py:925} INFO - DAG(s) 'example_complex' retrieved from /home/airflow/.local/lib/python3.12/site-packages/airflow/example_dags/example_complex.py
[2024-12-01T05:12:51.319+0000] {logging_mixin.py:190} INFO - [2024-12-01T05:12:51.319+0000] {dag.py:3239} INFO - Sync 1 DAGs
[2024-12-01T05:12:51.325+0000] {logging_mixin.py:190} INFO - [2024-12-01T05:12:51.324+0000] {dag.py:4180} INFO - Setting next_dagrun for example_complex to None, run_after=None
[2024-12-01T05:12:51.331+0000] {processor.py:208} INFO - Processing /home/airflow/.local/lib/python3.12/site-packages/airflow/example_dags/example_complex.py took 0.034 seconds
[2024-12-01T05:13:21.939+0000] {processor.py:186} INFO - Started process (PID=6377) to work on /home/airflow/.local/lib/python3.12/site-packages/airflow/example_dags/example_complex.py
[2024-12-01T05:13:21.940+0000] {processor.py:914} INFO - Processing file /home/airflow/.local/lib/python3.12/site-packages/airflow/example_dags/example_complex.py for tasks to queue
[2024-12-01T05:13:21.941+0000] {logging_mixin.py:190} INFO - [2024-12-01T05:13:21.941+0000] {dagbag.py:588} INFO - Filling up the DagBag from /home/airflow/.local/lib/python3.12/site-packages/airflow/example_dags/example_complex.py
[2024-12-01T05:13:21.947+0000] {processor.py:925} INFO - DAG(s) 'example_complex' retrieved from /home/airflow/.local/lib/python3.12/site-packages/airflow/example_dags/example_complex.py
[2024-12-01T05:13:21.960+0000] {logging_mixin.py:190} INFO - [2024-12-01T05:13:21.960+0000] {dag.py:3239} INFO - Sync 1 DAGs
[2024-12-01T05:13:21.966+0000] {logging_mixin.py:190} INFO - [2024-12-01T05:13:21.966+0000] {dag.py:4180} INFO - Setting next_dagrun for example_complex to None, run_after=None
[2024-12-01T05:13:21.975+0000] {processor.py:208} INFO - Processing /home/airflow/.local/lib/python3.12/site-packages/airflow/example_dags/example_complex.py took 0.038 seconds
[2024-12-01T05:13:52.622+0000] {processor.py:186} INFO - Started process (PID=6745) to work on /home/airflow/.local/lib/python3.12/site-packages/airflow/example_dags/example_complex.py
[2024-12-01T05:13:52.622+0000] {processor.py:914} INFO - Processing file /home/airflow/.local/lib/python3.12/site-packages/airflow/example_dags/example_complex.py for tasks to queue
[2024-12-01T05:13:52.622+0000] {logging_mixin.py:190} INFO - [2024-12-01T05:13:52.622+0000] {dagbag.py:588} INFO - Filling up the DagBag from /home/airflow/.local/lib/python3.12/site-packages/airflow/example_dags/example_complex.py
[2024-12-01T05:13:52.628+0000] {processor.py:925} INFO - DAG(s) 'example_complex' retrieved from /home/airflow/.local/lib/python3.12/site-packages/airflow/example_dags/example_complex.py
[2024-12-01T05:13:52.641+0000] {logging_mixin.py:190} INFO - [2024-12-01T05:13:52.641+0000] {dag.py:3239} INFO - Sync 1 DAGs
[2024-12-01T05:13:52.647+0000] {logging_mixin.py:190} INFO - [2024-12-01T05:13:52.646+0000] {dag.py:4180} INFO - Setting next_dagrun for example_complex to None, run_after=None
[2024-12-01T05:13:52.656+0000] {processor.py:208} INFO - Processing /home/airflow/.local/lib/python3.12/site-packages/airflow/example_dags/example_complex.py took 0.037 seconds
[2024-12-01T05:14:23.245+0000] {processor.py:186} INFO - Started process (PID=7111) to work on /home/airflow/.local/lib/python3.12/site-packages/airflow/example_dags/example_complex.py
[2024-12-01T05:14:23.246+0000] {processor.py:914} INFO - Processing file /home/airflow/.local/lib/python3.12/site-packages/airflow/example_dags/example_complex.py for tasks to queue
[2024-12-01T05:14:23.246+0000] {logging_mixin.py:190} INFO - [2024-12-01T05:14:23.246+0000] {dagbag.py:588} INFO - Filling up the DagBag from /home/airflow/.local/lib/python3.12/site-packages/airflow/example_dags/example_complex.py
[2024-12-01T05:14:23.251+0000] {processor.py:925} INFO - DAG(s) 'example_complex' retrieved from /home/airflow/.local/lib/python3.12/site-packages/airflow/example_dags/example_complex.py
[2024-12-01T05:14:23.267+0000] {logging_mixin.py:190} INFO - [2024-12-01T05:14:23.267+0000] {dag.py:3239} INFO - Sync 1 DAGs
[2024-12-01T05:14:23.271+0000] {logging_mixin.py:190} INFO - [2024-12-01T05:14:23.271+0000] {dag.py:4180} INFO - Setting next_dagrun for example_complex to None, run_after=None
[2024-12-01T05:14:23.278+0000] {processor.py:208} INFO - Processing /home/airflow/.local/lib/python3.12/site-packages/airflow/example_dags/example_complex.py took 0.035 seconds
[2024-12-01T05:14:53.924+0000] {processor.py:186} INFO - Started process (PID=7477) to work on /home/airflow/.local/lib/python3.12/site-packages/airflow/example_dags/example_complex.py
[2024-12-01T05:14:53.924+0000] {processor.py:914} INFO - Processing file /home/airflow/.local/lib/python3.12/site-packages/airflow/example_dags/example_complex.py for tasks to queue
[2024-12-01T05:14:53.925+0000] {logging_mixin.py:190} INFO - [2024-12-01T05:14:53.924+0000] {dagbag.py:588} INFO - Filling up the DagBag from /home/airflow/.local/lib/python3.12/site-packages/airflow/example_dags/example_complex.py
[2024-12-01T05:14:53.929+0000] {processor.py:925} INFO - DAG(s) 'example_complex' retrieved from /home/airflow/.local/lib/python3.12/site-packages/airflow/example_dags/example_complex.py
[2024-12-01T05:14:53.943+0000] {logging_mixin.py:190} INFO - [2024-12-01T05:14:53.943+0000] {dag.py:3239} INFO - Sync 1 DAGs
[2024-12-01T05:14:53.950+0000] {logging_mixin.py:190} INFO - [2024-12-01T05:14:53.949+0000] {dag.py:4180} INFO - Setting next_dagrun for example_complex to None, run_after=None
[2024-12-01T05:14:53.957+0000] {processor.py:208} INFO - Processing /home/airflow/.local/lib/python3.12/site-packages/airflow/example_dags/example_complex.py took 0.035 seconds
[2024-12-01T05:15:24.784+0000] {processor.py:186} INFO - Started process (PID=7841) to work on /home/airflow/.local/lib/python3.12/site-packages/airflow/example_dags/example_complex.py
[2024-12-01T05:15:24.786+0000] {processor.py:914} INFO - Processing file /home/airflow/.local/lib/python3.12/site-packages/airflow/example_dags/example_complex.py for tasks to queue
[2024-12-01T05:15:24.787+0000] {logging_mixin.py:190} INFO - [2024-12-01T05:15:24.786+0000] {dagbag.py:588} INFO - Filling up the DagBag from /home/airflow/.local/lib/python3.12/site-packages/airflow/example_dags/example_complex.py
[2024-12-01T05:15:24.791+0000] {processor.py:925} INFO - DAG(s) 'example_complex' retrieved from /home/airflow/.local/lib/python3.12/site-packages/airflow/example_dags/example_complex.py
[2024-12-01T05:15:24.805+0000] {logging_mixin.py:190} INFO - [2024-12-01T05:15:24.805+0000] {dag.py:3239} INFO - Sync 1 DAGs
[2024-12-01T05:15:24.812+0000] {logging_mixin.py:190} INFO - [2024-12-01T05:15:24.812+0000] {dag.py:4180} INFO - Setting next_dagrun for example_complex to None, run_after=None
[2024-12-01T05:15:24.818+0000] {processor.py:208} INFO - Processing /home/airflow/.local/lib/python3.12/site-packages/airflow/example_dags/example_complex.py took 0.036 seconds
[2024-12-01T05:15:55.598+0000] {processor.py:186} INFO - Started process (PID=8212) to work on /home/airflow/.local/lib/python3.12/site-packages/airflow/example_dags/example_complex.py
[2024-12-01T05:15:55.598+0000] {processor.py:914} INFO - Processing file /home/airflow/.local/lib/python3.12/site-packages/airflow/example_dags/example_complex.py for tasks to queue
[2024-12-01T05:15:55.599+0000] {logging_mixin.py:190} INFO - [2024-12-01T05:15:55.599+0000] {dagbag.py:588} INFO - Filling up the DagBag from /home/airflow/.local/lib/python3.12/site-packages/airflow/example_dags/example_complex.py
[2024-12-01T05:15:55.605+0000] {processor.py:925} INFO - DAG(s) 'example_complex' retrieved from /home/airflow/.local/lib/python3.12/site-packages/airflow/example_dags/example_complex.py
[2024-12-01T05:15:55.617+0000] {logging_mixin.py:190} INFO - [2024-12-01T05:15:55.617+0000] {dag.py:3239} INFO - Sync 1 DAGs
[2024-12-01T05:15:55.624+0000] {logging_mixin.py:190} INFO - [2024-12-01T05:15:55.624+0000] {dag.py:4180} INFO - Setting next_dagrun for example_complex to None, run_after=None
[2024-12-01T05:15:55.632+0000] {processor.py:208} INFO - Processing /home/airflow/.local/lib/python3.12/site-packages/airflow/example_dags/example_complex.py took 0.037 seconds
[2024-12-01T05:16:25.951+0000] {processor.py:186} INFO - Started process (PID=8578) to work on /home/airflow/.local/lib/python3.12/site-packages/airflow/example_dags/example_complex.py
[2024-12-01T05:16:25.952+0000] {processor.py:914} INFO - Processing file /home/airflow/.local/lib/python3.12/site-packages/airflow/example_dags/example_complex.py for tasks to queue
[2024-12-01T05:16:25.952+0000] {logging_mixin.py:190} INFO - [2024-12-01T05:16:25.952+0000] {dagbag.py:588} INFO - Filling up the DagBag from /home/airflow/.local/lib/python3.12/site-packages/airflow/example_dags/example_complex.py
[2024-12-01T05:16:25.957+0000] {processor.py:925} INFO - DAG(s) 'example_complex' retrieved from /home/airflow/.local/lib/python3.12/site-packages/airflow/example_dags/example_complex.py
[2024-12-01T05:16:25.969+0000] {logging_mixin.py:190} INFO - [2024-12-01T05:16:25.969+0000] {dag.py:3239} INFO - Sync 1 DAGs
[2024-12-01T05:16:25.975+0000] {logging_mixin.py:190} INFO - [2024-12-01T05:16:25.975+0000] {dag.py:4180} INFO - Setting next_dagrun for example_complex to None, run_after=None
[2024-12-01T05:16:25.982+0000] {processor.py:208} INFO - Processing /home/airflow/.local/lib/python3.12/site-packages/airflow/example_dags/example_complex.py took 0.033 seconds
[2024-12-01T05:16:56.456+0000] {processor.py:186} INFO - Started process (PID=8944) to work on /home/airflow/.local/lib/python3.12/site-packages/airflow/example_dags/example_complex.py
[2024-12-01T05:16:56.456+0000] {processor.py:914} INFO - Processing file /home/airflow/.local/lib/python3.12/site-packages/airflow/example_dags/example_complex.py for tasks to queue
[2024-12-01T05:16:56.457+0000] {logging_mixin.py:190} INFO - [2024-12-01T05:16:56.457+0000] {dagbag.py:588} INFO - Filling up the DagBag from /home/airflow/.local/lib/python3.12/site-packages/airflow/example_dags/example_complex.py
[2024-12-01T05:16:56.462+0000] {processor.py:925} INFO - DAG(s) 'example_complex' retrieved from /home/airflow/.local/lib/python3.12/site-packages/airflow/example_dags/example_complex.py
[2024-12-01T05:16:56.473+0000] {logging_mixin.py:190} INFO - [2024-12-01T05:16:56.473+0000] {dag.py:3239} INFO - Sync 1 DAGs
[2024-12-01T05:16:56.478+0000] {logging_mixin.py:190} INFO - [2024-12-01T05:16:56.478+0000] {dag.py:4180} INFO - Setting next_dagrun for example_complex to None, run_after=None
[2024-12-01T05:16:56.484+0000] {processor.py:208} INFO - Processing /home/airflow/.local/lib/python3.12/site-packages/airflow/example_dags/example_complex.py took 0.030 seconds
[2024-12-01T05:17:26.971+0000] {processor.py:186} INFO - Started process (PID=9310) to work on /home/airflow/.local/lib/python3.12/site-packages/airflow/example_dags/example_complex.py
[2024-12-01T05:17:26.971+0000] {processor.py:914} INFO - Processing file /home/airflow/.local/lib/python3.12/site-packages/airflow/example_dags/example_complex.py for tasks to queue
[2024-12-01T05:17:26.972+0000] {logging_mixin.py:190} INFO - [2024-12-01T05:17:26.972+0000] {dagbag.py:588} INFO - Filling up the DagBag from /home/airflow/.local/lib/python3.12/site-packages/airflow/example_dags/example_complex.py
[2024-12-01T05:17:26.977+0000] {processor.py:925} INFO - DAG(s) 'example_complex' retrieved from /home/airflow/.local/lib/python3.12/site-packages/airflow/example_dags/example_complex.py
[2024-12-01T05:17:26.988+0000] {logging_mixin.py:190} INFO - [2024-12-01T05:17:26.988+0000] {dag.py:3239} INFO - Sync 1 DAGs
[2024-12-01T05:17:26.994+0000] {logging_mixin.py:190} INFO - [2024-12-01T05:17:26.994+0000] {dag.py:4180} INFO - Setting next_dagrun for example_complex to None, run_after=None
[2024-12-01T05:17:26.999+0000] {processor.py:208} INFO - Processing /home/airflow/.local/lib/python3.12/site-packages/airflow/example_dags/example_complex.py took 0.031 seconds
[2024-12-01T05:17:57.539+0000] {processor.py:186} INFO - Started process (PID=9676) to work on /home/airflow/.local/lib/python3.12/site-packages/airflow/example_dags/example_complex.py
[2024-12-01T05:17:57.539+0000] {processor.py:914} INFO - Processing file /home/airflow/.local/lib/python3.12/site-packages/airflow/example_dags/example_complex.py for tasks to queue
[2024-12-01T05:17:57.540+0000] {logging_mixin.py:190} INFO - [2024-12-01T05:17:57.539+0000] {dagbag.py:588} INFO - Filling up the DagBag from /home/airflow/.local/lib/python3.12/site-packages/airflow/example_dags/example_complex.py
[2024-12-01T05:17:57.544+0000] {processor.py:925} INFO - DAG(s) 'example_complex' retrieved from /home/airflow/.local/lib/python3.12/site-packages/airflow/example_dags/example_complex.py
[2024-12-01T05:17:57.556+0000] {logging_mixin.py:190} INFO - [2024-12-01T05:17:57.556+0000] {dag.py:3239} INFO - Sync 1 DAGs
[2024-12-01T05:17:57.562+0000] {logging_mixin.py:190} INFO - [2024-12-01T05:17:57.562+0000] {dag.py:4180} INFO - Setting next_dagrun for example_complex to None, run_after=None
[2024-12-01T05:17:57.569+0000] {processor.py:208} INFO - Processing /home/airflow/.local/lib/python3.12/site-packages/airflow/example_dags/example_complex.py took 0.032 seconds
[2024-12-01T05:18:28.150+0000] {processor.py:186} INFO - Started process (PID=10037) to work on /home/airflow/.local/lib/python3.12/site-packages/airflow/example_dags/example_complex.py
[2024-12-01T05:18:28.150+0000] {processor.py:914} INFO - Processing file /home/airflow/.local/lib/python3.12/site-packages/airflow/example_dags/example_complex.py for tasks to queue
[2024-12-01T05:18:28.152+0000] {logging_mixin.py:190} INFO - [2024-12-01T05:18:28.152+0000] {dagbag.py:588} INFO - Filling up the DagBag from /home/airflow/.local/lib/python3.12/site-packages/airflow/example_dags/example_complex.py
[2024-12-01T05:18:28.158+0000] {processor.py:925} INFO - DAG(s) 'example_complex' retrieved from /home/airflow/.local/lib/python3.12/site-packages/airflow/example_dags/example_complex.py
[2024-12-01T05:18:28.172+0000] {logging_mixin.py:190} INFO - [2024-12-01T05:18:28.172+0000] {dag.py:3239} INFO - Sync 1 DAGs
[2024-12-01T05:18:28.179+0000] {logging_mixin.py:190} INFO - [2024-12-01T05:18:28.179+0000] {dag.py:4180} INFO - Setting next_dagrun for example_complex to None, run_after=None
[2024-12-01T05:18:28.186+0000] {processor.py:208} INFO - Processing /home/airflow/.local/lib/python3.12/site-packages/airflow/example_dags/example_complex.py took 0.039 seconds
[2024-12-01T05:18:58.834+0000] {processor.py:186} INFO - Started process (PID=10420) to work on /home/airflow/.local/lib/python3.12/site-packages/airflow/example_dags/example_complex.py
[2024-12-01T05:18:58.835+0000] {processor.py:914} INFO - Processing file /home/airflow/.local/lib/python3.12/site-packages/airflow/example_dags/example_complex.py for tasks to queue
[2024-12-01T05:18:58.835+0000] {logging_mixin.py:190} INFO - [2024-12-01T05:18:58.835+0000] {dagbag.py:588} INFO - Filling up the DagBag from /home/airflow/.local/lib/python3.12/site-packages/airflow/example_dags/example_complex.py
[2024-12-01T05:18:58.840+0000] {processor.py:925} INFO - DAG(s) 'example_complex' retrieved from /home/airflow/.local/lib/python3.12/site-packages/airflow/example_dags/example_complex.py
[2024-12-01T05:18:58.857+0000] {logging_mixin.py:190} INFO - [2024-12-01T05:18:58.857+0000] {dag.py:3239} INFO - Sync 1 DAGs
[2024-12-01T05:18:58.863+0000] {logging_mixin.py:190} INFO - [2024-12-01T05:18:58.863+0000] {dag.py:4180} INFO - Setting next_dagrun for example_complex to None, run_after=None
[2024-12-01T05:18:58.871+0000] {processor.py:208} INFO - Processing /home/airflow/.local/lib/python3.12/site-packages/airflow/example_dags/example_complex.py took 0.039 seconds
[2024-12-01T05:19:29.920+0000] {processor.py:186} INFO - Started process (PID=10791) to work on /home/airflow/.local/lib/python3.12/site-packages/airflow/example_dags/example_complex.py
[2024-12-01T05:19:29.920+0000] {processor.py:914} INFO - Processing file /home/airflow/.local/lib/python3.12/site-packages/airflow/example_dags/example_complex.py for tasks to queue
[2024-12-01T05:19:29.921+0000] {logging_mixin.py:190} INFO - [2024-12-01T05:19:29.921+0000] {dagbag.py:588} INFO - Filling up the DagBag from /home/airflow/.local/lib/python3.12/site-packages/airflow/example_dags/example_complex.py
[2024-12-01T05:19:29.927+0000] {processor.py:925} INFO - DAG(s) 'example_complex' retrieved from /home/airflow/.local/lib/python3.12/site-packages/airflow/example_dags/example_complex.py
[2024-12-01T05:19:29.945+0000] {logging_mixin.py:190} INFO - [2024-12-01T05:19:29.945+0000] {dag.py:3239} INFO - Sync 1 DAGs
[2024-12-01T05:19:29.952+0000] {logging_mixin.py:190} INFO - [2024-12-01T05:19:29.952+0000] {dag.py:4180} INFO - Setting next_dagrun for example_complex to None, run_after=None
[2024-12-01T05:19:29.962+0000] {processor.py:208} INFO - Processing /home/airflow/.local/lib/python3.12/site-packages/airflow/example_dags/example_complex.py took 0.045 seconds
[2024-12-01T05:20:00.785+0000] {processor.py:186} INFO - Started process (PID=11155) to work on /home/airflow/.local/lib/python3.12/site-packages/airflow/example_dags/example_complex.py
[2024-12-01T05:20:00.785+0000] {processor.py:914} INFO - Processing file /home/airflow/.local/lib/python3.12/site-packages/airflow/example_dags/example_complex.py for tasks to queue
[2024-12-01T05:20:00.786+0000] {logging_mixin.py:190} INFO - [2024-12-01T05:20:00.786+0000] {dagbag.py:588} INFO - Filling up the DagBag from /home/airflow/.local/lib/python3.12/site-packages/airflow/example_dags/example_complex.py
[2024-12-01T05:20:00.791+0000] {processor.py:925} INFO - DAG(s) 'example_complex' retrieved from /home/airflow/.local/lib/python3.12/site-packages/airflow/example_dags/example_complex.py
[2024-12-01T05:20:00.805+0000] {logging_mixin.py:190} INFO - [2024-12-01T05:20:00.805+0000] {dag.py:3239} INFO - Sync 1 DAGs
[2024-12-01T05:20:00.811+0000] {logging_mixin.py:190} INFO - [2024-12-01T05:20:00.811+0000] {dag.py:4180} INFO - Setting next_dagrun for example_complex to None, run_after=None
[2024-12-01T05:20:00.823+0000] {processor.py:208} INFO - Processing /home/airflow/.local/lib/python3.12/site-packages/airflow/example_dags/example_complex.py took 0.041 seconds
[2024-12-01T05:20:31.620+0000] {processor.py:186} INFO - Started process (PID=11541) to work on /home/airflow/.local/lib/python3.12/site-packages/airflow/example_dags/example_complex.py
[2024-12-01T05:20:31.620+0000] {processor.py:914} INFO - Processing file /home/airflow/.local/lib/python3.12/site-packages/airflow/example_dags/example_complex.py for tasks to queue
[2024-12-01T05:20:31.621+0000] {logging_mixin.py:190} INFO - [2024-12-01T05:20:31.621+0000] {dagbag.py:588} INFO - Filling up the DagBag from /home/airflow/.local/lib/python3.12/site-packages/airflow/example_dags/example_complex.py
[2024-12-01T05:20:31.628+0000] {processor.py:925} INFO - DAG(s) 'example_complex' retrieved from /home/airflow/.local/lib/python3.12/site-packages/airflow/example_dags/example_complex.py
[2024-12-01T05:20:31.648+0000] {logging_mixin.py:190} INFO - [2024-12-01T05:20:31.648+0000] {dag.py:3239} INFO - Sync 1 DAGs
[2024-12-01T05:20:31.654+0000] {logging_mixin.py:190} INFO - [2024-12-01T05:20:31.654+0000] {dag.py:4180} INFO - Setting next_dagrun for example_complex to None, run_after=None
[2024-12-01T05:20:31.664+0000] {processor.py:208} INFO - Processing /home/airflow/.local/lib/python3.12/site-packages/airflow/example_dags/example_complex.py took 0.046 seconds
[2024-12-01T05:21:02.405+0000] {processor.py:186} INFO - Started process (PID=11909) to work on /home/airflow/.local/lib/python3.12/site-packages/airflow/example_dags/example_complex.py
[2024-12-01T05:21:02.405+0000] {processor.py:914} INFO - Processing file /home/airflow/.local/lib/python3.12/site-packages/airflow/example_dags/example_complex.py for tasks to queue
[2024-12-01T05:21:02.406+0000] {logging_mixin.py:190} INFO - [2024-12-01T05:21:02.406+0000] {dagbag.py:588} INFO - Filling up the DagBag from /home/airflow/.local/lib/python3.12/site-packages/airflow/example_dags/example_complex.py
[2024-12-01T05:21:02.410+0000] {processor.py:925} INFO - DAG(s) 'example_complex' retrieved from /home/airflow/.local/lib/python3.12/site-packages/airflow/example_dags/example_complex.py
[2024-12-01T05:21:02.425+0000] {logging_mixin.py:190} INFO - [2024-12-01T05:21:02.424+0000] {dag.py:3239} INFO - Sync 1 DAGs
[2024-12-01T05:21:02.430+0000] {logging_mixin.py:190} INFO - [2024-12-01T05:21:02.430+0000] {dag.py:4180} INFO - Setting next_dagrun for example_complex to None, run_after=None
[2024-12-01T05:21:02.438+0000] {processor.py:208} INFO - Processing /home/airflow/.local/lib/python3.12/site-packages/airflow/example_dags/example_complex.py took 0.036 seconds
[2024-12-01T05:21:33.208+0000] {processor.py:186} INFO - Started process (PID=12284) to work on /home/airflow/.local/lib/python3.12/site-packages/airflow/example_dags/example_complex.py
[2024-12-01T05:21:33.210+0000] {processor.py:914} INFO - Processing file /home/airflow/.local/lib/python3.12/site-packages/airflow/example_dags/example_complex.py for tasks to queue
[2024-12-01T05:21:33.210+0000] {logging_mixin.py:190} INFO - [2024-12-01T05:21:33.210+0000] {dagbag.py:588} INFO - Filling up the DagBag from /home/airflow/.local/lib/python3.12/site-packages/airflow/example_dags/example_complex.py
[2024-12-01T05:21:33.215+0000] {processor.py:925} INFO - DAG(s) 'example_complex' retrieved from /home/airflow/.local/lib/python3.12/site-packages/airflow/example_dags/example_complex.py
[2024-12-01T05:21:33.227+0000] {logging_mixin.py:190} INFO - [2024-12-01T05:21:33.227+0000] {dag.py:3239} INFO - Sync 1 DAGs
[2024-12-01T05:21:33.234+0000] {logging_mixin.py:190} INFO - [2024-12-01T05:21:33.234+0000] {dag.py:4180} INFO - Setting next_dagrun for example_complex to None, run_after=None
[2024-12-01T05:21:33.243+0000] {processor.py:208} INFO - Processing /home/airflow/.local/lib/python3.12/site-packages/airflow/example_dags/example_complex.py took 0.037 seconds
[2024-12-01T05:22:04.112+0000] {processor.py:186} INFO - Started process (PID=12650) to work on /home/airflow/.local/lib/python3.12/site-packages/airflow/example_dags/example_complex.py
[2024-12-01T05:22:04.113+0000] {processor.py:914} INFO - Processing file /home/airflow/.local/lib/python3.12/site-packages/airflow/example_dags/example_complex.py for tasks to queue
[2024-12-01T05:22:04.115+0000] {logging_mixin.py:190} INFO - [2024-12-01T05:22:04.115+0000] {dagbag.py:588} INFO - Filling up the DagBag from /home/airflow/.local/lib/python3.12/site-packages/airflow/example_dags/example_complex.py
[2024-12-01T05:22:04.119+0000] {processor.py:925} INFO - DAG(s) 'example_complex' retrieved from /home/airflow/.local/lib/python3.12/site-packages/airflow/example_dags/example_complex.py
[2024-12-01T05:22:04.131+0000] {logging_mixin.py:190} INFO - [2024-12-01T05:22:04.131+0000] {dag.py:3239} INFO - Sync 1 DAGs
[2024-12-01T05:22:04.137+0000] {logging_mixin.py:190} INFO - [2024-12-01T05:22:04.137+0000] {dag.py:4180} INFO - Setting next_dagrun for example_complex to None, run_after=None
[2024-12-01T05:22:04.145+0000] {processor.py:208} INFO - Processing /home/airflow/.local/lib/python3.12/site-packages/airflow/example_dags/example_complex.py took 0.036 seconds
[2024-12-01T05:22:35.093+0000] {processor.py:186} INFO - Started process (PID=13016) to work on /home/airflow/.local/lib/python3.12/site-packages/airflow/example_dags/example_complex.py
[2024-12-01T05:22:35.094+0000] {processor.py:914} INFO - Processing file /home/airflow/.local/lib/python3.12/site-packages/airflow/example_dags/example_complex.py for tasks to queue
[2024-12-01T05:22:35.094+0000] {logging_mixin.py:190} INFO - [2024-12-01T05:22:35.094+0000] {dagbag.py:588} INFO - Filling up the DagBag from /home/airflow/.local/lib/python3.12/site-packages/airflow/example_dags/example_complex.py
[2024-12-01T05:22:35.101+0000] {processor.py:925} INFO - DAG(s) 'example_complex' retrieved from /home/airflow/.local/lib/python3.12/site-packages/airflow/example_dags/example_complex.py
[2024-12-01T05:22:35.120+0000] {logging_mixin.py:190} INFO - [2024-12-01T05:22:35.120+0000] {dag.py:3239} INFO - Sync 1 DAGs
[2024-12-01T05:22:35.130+0000] {logging_mixin.py:190} INFO - [2024-12-01T05:22:35.130+0000] {dag.py:4180} INFO - Setting next_dagrun for example_complex to None, run_after=None
[2024-12-01T05:22:35.143+0000] {processor.py:208} INFO - Processing /home/airflow/.local/lib/python3.12/site-packages/airflow/example_dags/example_complex.py took 0.055 seconds
[2024-12-01T05:23:05.413+0000] {processor.py:186} INFO - Started process (PID=13377) to work on /home/airflow/.local/lib/python3.12/site-packages/airflow/example_dags/example_complex.py
[2024-12-01T05:23:05.414+0000] {processor.py:914} INFO - Processing file /home/airflow/.local/lib/python3.12/site-packages/airflow/example_dags/example_complex.py for tasks to queue
[2024-12-01T05:23:05.414+0000] {logging_mixin.py:190} INFO - [2024-12-01T05:23:05.414+0000] {dagbag.py:588} INFO - Filling up the DagBag from /home/airflow/.local/lib/python3.12/site-packages/airflow/example_dags/example_complex.py
[2024-12-01T05:23:05.419+0000] {processor.py:925} INFO - DAG(s) 'example_complex' retrieved from /home/airflow/.local/lib/python3.12/site-packages/airflow/example_dags/example_complex.py
[2024-12-01T05:23:05.434+0000] {logging_mixin.py:190} INFO - [2024-12-01T05:23:05.434+0000] {dag.py:3239} INFO - Sync 1 DAGs
[2024-12-01T05:23:05.441+0000] {logging_mixin.py:190} INFO - [2024-12-01T05:23:05.441+0000] {dag.py:4180} INFO - Setting next_dagrun for example_complex to None, run_after=None
[2024-12-01T05:23:05.449+0000] {processor.py:208} INFO - Processing /home/airflow/.local/lib/python3.12/site-packages/airflow/example_dags/example_complex.py took 0.039 seconds
[2024-12-01T05:23:36.166+0000] {processor.py:186} INFO - Started process (PID=13745) to work on /home/airflow/.local/lib/python3.12/site-packages/airflow/example_dags/example_complex.py
[2024-12-01T05:23:36.167+0000] {processor.py:914} INFO - Processing file /home/airflow/.local/lib/python3.12/site-packages/airflow/example_dags/example_complex.py for tasks to queue
[2024-12-01T05:23:36.167+0000] {logging_mixin.py:190} INFO - [2024-12-01T05:23:36.167+0000] {dagbag.py:588} INFO - Filling up the DagBag from /home/airflow/.local/lib/python3.12/site-packages/airflow/example_dags/example_complex.py
[2024-12-01T05:23:36.173+0000] {processor.py:925} INFO - DAG(s) 'example_complex' retrieved from /home/airflow/.local/lib/python3.12/site-packages/airflow/example_dags/example_complex.py
[2024-12-01T05:23:36.186+0000] {logging_mixin.py:190} INFO - [2024-12-01T05:23:36.186+0000] {dag.py:3239} INFO - Sync 1 DAGs
[2024-12-01T05:23:36.191+0000] {logging_mixin.py:190} INFO - [2024-12-01T05:23:36.191+0000] {dag.py:4180} INFO - Setting next_dagrun for example_complex to None, run_after=None
[2024-12-01T05:23:36.201+0000] {processor.py:208} INFO - Processing /home/airflow/.local/lib/python3.12/site-packages/airflow/example_dags/example_complex.py took 0.038 seconds
[2024-12-01T05:24:06.887+0000] {processor.py:186} INFO - Started process (PID=14119) to work on /home/airflow/.local/lib/python3.12/site-packages/airflow/example_dags/example_complex.py
[2024-12-01T05:24:06.887+0000] {processor.py:914} INFO - Processing file /home/airflow/.local/lib/python3.12/site-packages/airflow/example_dags/example_complex.py for tasks to queue
[2024-12-01T05:24:06.888+0000] {logging_mixin.py:190} INFO - [2024-12-01T05:24:06.888+0000] {dagbag.py:588} INFO - Filling up the DagBag from /home/airflow/.local/lib/python3.12/site-packages/airflow/example_dags/example_complex.py
[2024-12-01T05:24:06.894+0000] {processor.py:925} INFO - DAG(s) 'example_complex' retrieved from /home/airflow/.local/lib/python3.12/site-packages/airflow/example_dags/example_complex.py
[2024-12-01T05:24:06.907+0000] {logging_mixin.py:190} INFO - [2024-12-01T05:24:06.907+0000] {dag.py:3239} INFO - Sync 1 DAGs
[2024-12-01T05:24:06.913+0000] {logging_mixin.py:190} INFO - [2024-12-01T05:24:06.913+0000] {dag.py:4180} INFO - Setting next_dagrun for example_complex to None, run_after=None
[2024-12-01T05:24:06.920+0000] {processor.py:208} INFO - Processing /home/airflow/.local/lib/python3.12/site-packages/airflow/example_dags/example_complex.py took 0.036 seconds
[2024-12-01T05:24:38.114+0000] {processor.py:186} INFO - Started process (PID=14487) to work on /home/airflow/.local/lib/python3.12/site-packages/airflow/example_dags/example_complex.py
[2024-12-01T05:24:38.114+0000] {processor.py:914} INFO - Processing file /home/airflow/.local/lib/python3.12/site-packages/airflow/example_dags/example_complex.py for tasks to queue
[2024-12-01T05:24:38.115+0000] {logging_mixin.py:190} INFO - [2024-12-01T05:24:38.115+0000] {dagbag.py:588} INFO - Filling up the DagBag from /home/airflow/.local/lib/python3.12/site-packages/airflow/example_dags/example_complex.py
[2024-12-01T05:24:38.121+0000] {processor.py:925} INFO - DAG(s) 'example_complex' retrieved from /home/airflow/.local/lib/python3.12/site-packages/airflow/example_dags/example_complex.py
[2024-12-01T05:24:38.135+0000] {logging_mixin.py:190} INFO - [2024-12-01T05:24:38.135+0000] {dag.py:3239} INFO - Sync 1 DAGs
[2024-12-01T05:24:38.142+0000] {logging_mixin.py:190} INFO - [2024-12-01T05:24:38.142+0000] {dag.py:4180} INFO - Setting next_dagrun for example_complex to None, run_after=None
[2024-12-01T05:24:38.151+0000] {processor.py:208} INFO - Processing /home/airflow/.local/lib/python3.12/site-packages/airflow/example_dags/example_complex.py took 0.040 seconds
[2024-12-01T05:25:08.533+0000] {processor.py:186} INFO - Started process (PID=14871) to work on /home/airflow/.local/lib/python3.12/site-packages/airflow/example_dags/example_complex.py
[2024-12-01T05:25:08.537+0000] {processor.py:914} INFO - Processing file /home/airflow/.local/lib/python3.12/site-packages/airflow/example_dags/example_complex.py for tasks to queue
[2024-12-01T05:25:08.537+0000] {logging_mixin.py:190} INFO - [2024-12-01T05:25:08.537+0000] {dagbag.py:588} INFO - Filling up the DagBag from /home/airflow/.local/lib/python3.12/site-packages/airflow/example_dags/example_complex.py
[2024-12-01T05:25:08.542+0000] {processor.py:925} INFO - DAG(s) 'example_complex' retrieved from /home/airflow/.local/lib/python3.12/site-packages/airflow/example_dags/example_complex.py
[2024-12-01T05:25:08.554+0000] {logging_mixin.py:190} INFO - [2024-12-01T05:25:08.554+0000] {dag.py:3239} INFO - Sync 1 DAGs
[2024-12-01T05:25:08.559+0000] {logging_mixin.py:190} INFO - [2024-12-01T05:25:08.559+0000] {dag.py:4180} INFO - Setting next_dagrun for example_complex to None, run_after=None
[2024-12-01T05:25:08.566+0000] {processor.py:208} INFO - Processing /home/airflow/.local/lib/python3.12/site-packages/airflow/example_dags/example_complex.py took 0.036 seconds
[2024-12-01T05:25:39.399+0000] {processor.py:186} INFO - Started process (PID=15237) to work on /home/airflow/.local/lib/python3.12/site-packages/airflow/example_dags/example_complex.py
[2024-12-01T05:25:39.400+0000] {processor.py:914} INFO - Processing file /home/airflow/.local/lib/python3.12/site-packages/airflow/example_dags/example_complex.py for tasks to queue
[2024-12-01T05:25:39.401+0000] {logging_mixin.py:190} INFO - [2024-12-01T05:25:39.401+0000] {dagbag.py:588} INFO - Filling up the DagBag from /home/airflow/.local/lib/python3.12/site-packages/airflow/example_dags/example_complex.py
[2024-12-01T05:25:39.500+0000] {processor.py:925} INFO - DAG(s) 'example_complex' retrieved from /home/airflow/.local/lib/python3.12/site-packages/airflow/example_dags/example_complex.py
[2024-12-01T05:25:39.511+0000] {logging_mixin.py:190} INFO - [2024-12-01T05:25:39.511+0000] {dag.py:3239} INFO - Sync 1 DAGs
[2024-12-01T05:25:39.520+0000] {logging_mixin.py:190} INFO - [2024-12-01T05:25:39.520+0000] {dag.py:4180} INFO - Setting next_dagrun for example_complex to None, run_after=None
[2024-12-01T05:25:39.526+0000] {processor.py:208} INFO - Processing /home/airflow/.local/lib/python3.12/site-packages/airflow/example_dags/example_complex.py took 0.130 seconds
[2024-12-01T05:26:10.489+0000] {processor.py:186} INFO - Started process (PID=15613) to work on /home/airflow/.local/lib/python3.12/site-packages/airflow/example_dags/example_complex.py
[2024-12-01T05:26:10.495+0000] {processor.py:914} INFO - Processing file /home/airflow/.local/lib/python3.12/site-packages/airflow/example_dags/example_complex.py for tasks to queue
[2024-12-01T05:26:10.496+0000] {logging_mixin.py:190} INFO - [2024-12-01T05:26:10.496+0000] {dagbag.py:588} INFO - Filling up the DagBag from /home/airflow/.local/lib/python3.12/site-packages/airflow/example_dags/example_complex.py
[2024-12-01T05:26:10.506+0000] {processor.py:925} INFO - DAG(s) 'example_complex' retrieved from /home/airflow/.local/lib/python3.12/site-packages/airflow/example_dags/example_complex.py
[2024-12-01T05:26:10.531+0000] {logging_mixin.py:190} INFO - [2024-12-01T05:26:10.531+0000] {dag.py:3239} INFO - Sync 1 DAGs
[2024-12-01T05:26:10.569+0000] {logging_mixin.py:190} INFO - [2024-12-01T05:26:10.568+0000] {dag.py:4180} INFO - Setting next_dagrun for example_complex to None, run_after=None
[2024-12-01T05:26:10.580+0000] {processor.py:208} INFO - Processing /home/airflow/.local/lib/python3.12/site-packages/airflow/example_dags/example_complex.py took 0.095 seconds
[2024-12-01T05:26:40.936+0000] {processor.py:186} INFO - Started process (PID=15983) to work on /home/airflow/.local/lib/python3.12/site-packages/airflow/example_dags/example_complex.py
[2024-12-01T05:26:40.940+0000] {processor.py:914} INFO - Processing file /home/airflow/.local/lib/python3.12/site-packages/airflow/example_dags/example_complex.py for tasks to queue
[2024-12-01T05:26:40.942+0000] {logging_mixin.py:190} INFO - [2024-12-01T05:26:40.942+0000] {dagbag.py:588} INFO - Filling up the DagBag from /home/airflow/.local/lib/python3.12/site-packages/airflow/example_dags/example_complex.py
[2024-12-01T05:26:40.949+0000] {processor.py:925} INFO - DAG(s) 'example_complex' retrieved from /home/airflow/.local/lib/python3.12/site-packages/airflow/example_dags/example_complex.py
[2024-12-01T05:26:40.964+0000] {logging_mixin.py:190} INFO - [2024-12-01T05:26:40.964+0000] {dag.py:3239} INFO - Sync 1 DAGs
[2024-12-01T05:26:40.971+0000] {logging_mixin.py:190} INFO - [2024-12-01T05:26:40.971+0000] {dag.py:4180} INFO - Setting next_dagrun for example_complex to None, run_after=None
[2024-12-01T05:26:40.979+0000] {processor.py:208} INFO - Processing /home/airflow/.local/lib/python3.12/site-packages/airflow/example_dags/example_complex.py took 0.047 seconds
[2024-12-01T05:27:11.322+0000] {processor.py:186} INFO - Started process (PID=16359) to work on /home/airflow/.local/lib/python3.12/site-packages/airflow/example_dags/example_complex.py
[2024-12-01T05:27:11.328+0000] {processor.py:914} INFO - Processing file /home/airflow/.local/lib/python3.12/site-packages/airflow/example_dags/example_complex.py for tasks to queue
[2024-12-01T05:27:11.332+0000] {logging_mixin.py:190} INFO - [2024-12-01T05:27:11.331+0000] {dagbag.py:588} INFO - Filling up the DagBag from /home/airflow/.local/lib/python3.12/site-packages/airflow/example_dags/example_complex.py
[2024-12-01T05:27:11.338+0000] {processor.py:925} INFO - DAG(s) 'example_complex' retrieved from /home/airflow/.local/lib/python3.12/site-packages/airflow/example_dags/example_complex.py
[2024-12-01T05:27:11.358+0000] {logging_mixin.py:190} INFO - [2024-12-01T05:27:11.358+0000] {dag.py:3239} INFO - Sync 1 DAGs
[2024-12-01T05:27:11.366+0000] {logging_mixin.py:190} INFO - [2024-12-01T05:27:11.366+0000] {dag.py:4180} INFO - Setting next_dagrun for example_complex to None, run_after=None
[2024-12-01T05:27:11.386+0000] {processor.py:208} INFO - Processing /home/airflow/.local/lib/python3.12/site-packages/airflow/example_dags/example_complex.py took 0.069 seconds
[2024-12-01T05:27:42.050+0000] {processor.py:186} INFO - Started process (PID=16762) to work on /home/airflow/.local/lib/python3.12/site-packages/airflow/example_dags/example_complex.py
[2024-12-01T05:27:42.056+0000] {processor.py:914} INFO - Processing file /home/airflow/.local/lib/python3.12/site-packages/airflow/example_dags/example_complex.py for tasks to queue
[2024-12-01T05:27:42.057+0000] {logging_mixin.py:190} INFO - [2024-12-01T05:27:42.057+0000] {dagbag.py:588} INFO - Filling up the DagBag from /home/airflow/.local/lib/python3.12/site-packages/airflow/example_dags/example_complex.py
[2024-12-01T05:27:42.067+0000] {processor.py:925} INFO - DAG(s) 'example_complex' retrieved from /home/airflow/.local/lib/python3.12/site-packages/airflow/example_dags/example_complex.py
[2024-12-01T05:27:42.083+0000] {logging_mixin.py:190} INFO - [2024-12-01T05:27:42.082+0000] {dag.py:3239} INFO - Sync 1 DAGs
[2024-12-01T05:27:42.089+0000] {logging_mixin.py:190} INFO - [2024-12-01T05:27:42.089+0000] {dag.py:4180} INFO - Setting next_dagrun for example_complex to None, run_after=None
[2024-12-01T05:27:42.096+0000] {processor.py:208} INFO - Processing /home/airflow/.local/lib/python3.12/site-packages/airflow/example_dags/example_complex.py took 0.051 seconds
[2024-12-01T05:28:12.641+0000] {processor.py:186} INFO - Started process (PID=17149) to work on /home/airflow/.local/lib/python3.12/site-packages/airflow/example_dags/example_complex.py
[2024-12-01T05:28:12.645+0000] {processor.py:914} INFO - Processing file /home/airflow/.local/lib/python3.12/site-packages/airflow/example_dags/example_complex.py for tasks to queue
[2024-12-01T05:28:12.649+0000] {logging_mixin.py:190} INFO - [2024-12-01T05:28:12.649+0000] {dagbag.py:588} INFO - Filling up the DagBag from /home/airflow/.local/lib/python3.12/site-packages/airflow/example_dags/example_complex.py
[2024-12-01T05:28:12.656+0000] {processor.py:925} INFO - DAG(s) 'example_complex' retrieved from /home/airflow/.local/lib/python3.12/site-packages/airflow/example_dags/example_complex.py
[2024-12-01T05:28:12.672+0000] {logging_mixin.py:190} INFO - [2024-12-01T05:28:12.672+0000] {dag.py:3239} INFO - Sync 1 DAGs
[2024-12-01T05:28:12.686+0000] {logging_mixin.py:190} INFO - [2024-12-01T05:28:12.685+0000] {dag.py:4180} INFO - Setting next_dagrun for example_complex to None, run_after=None
[2024-12-01T05:28:12.698+0000] {processor.py:208} INFO - Processing /home/airflow/.local/lib/python3.12/site-packages/airflow/example_dags/example_complex.py took 0.061 seconds
[2024-12-01T05:28:43.559+0000] {processor.py:186} INFO - Started process (PID=17530) to work on /home/airflow/.local/lib/python3.12/site-packages/airflow/example_dags/example_complex.py
[2024-12-01T05:28:43.560+0000] {processor.py:914} INFO - Processing file /home/airflow/.local/lib/python3.12/site-packages/airflow/example_dags/example_complex.py for tasks to queue
[2024-12-01T05:28:43.561+0000] {logging_mixin.py:190} INFO - [2024-12-01T05:28:43.561+0000] {dagbag.py:588} INFO - Filling up the DagBag from /home/airflow/.local/lib/python3.12/site-packages/airflow/example_dags/example_complex.py
[2024-12-01T05:28:43.570+0000] {processor.py:925} INFO - DAG(s) 'example_complex' retrieved from /home/airflow/.local/lib/python3.12/site-packages/airflow/example_dags/example_complex.py
[2024-12-01T05:28:43.590+0000] {logging_mixin.py:190} INFO - [2024-12-01T05:28:43.590+0000] {dag.py:3239} INFO - Sync 1 DAGs
[2024-12-01T05:28:43.597+0000] {logging_mixin.py:190} INFO - [2024-12-01T05:28:43.597+0000] {dag.py:4180} INFO - Setting next_dagrun for example_complex to None, run_after=None
[2024-12-01T05:28:43.612+0000] {processor.py:208} INFO - Processing /home/airflow/.local/lib/python3.12/site-packages/airflow/example_dags/example_complex.py took 0.058 seconds
[2024-12-01T05:29:14.054+0000] {processor.py:186} INFO - Started process (PID=17906) to work on /home/airflow/.local/lib/python3.12/site-packages/airflow/example_dags/example_complex.py
[2024-12-01T05:29:14.055+0000] {processor.py:914} INFO - Processing file /home/airflow/.local/lib/python3.12/site-packages/airflow/example_dags/example_complex.py for tasks to queue
[2024-12-01T05:29:14.057+0000] {logging_mixin.py:190} INFO - [2024-12-01T05:29:14.057+0000] {dagbag.py:588} INFO - Filling up the DagBag from /home/airflow/.local/lib/python3.12/site-packages/airflow/example_dags/example_complex.py
[2024-12-01T05:29:14.064+0000] {processor.py:925} INFO - DAG(s) 'example_complex' retrieved from /home/airflow/.local/lib/python3.12/site-packages/airflow/example_dags/example_complex.py
[2024-12-01T05:29:14.081+0000] {logging_mixin.py:190} INFO - [2024-12-01T05:29:14.081+0000] {dag.py:3239} INFO - Sync 1 DAGs
[2024-12-01T05:29:14.088+0000] {logging_mixin.py:190} INFO - [2024-12-01T05:29:14.088+0000] {dag.py:4180} INFO - Setting next_dagrun for example_complex to None, run_after=None
[2024-12-01T05:29:14.095+0000] {processor.py:208} INFO - Processing /home/airflow/.local/lib/python3.12/site-packages/airflow/example_dags/example_complex.py took 0.044 seconds
[2024-12-01T05:29:44.466+0000] {processor.py:186} INFO - Started process (PID=18272) to work on /home/airflow/.local/lib/python3.12/site-packages/airflow/example_dags/example_complex.py
[2024-12-01T05:29:44.468+0000] {processor.py:914} INFO - Processing file /home/airflow/.local/lib/python3.12/site-packages/airflow/example_dags/example_complex.py for tasks to queue
[2024-12-01T05:29:44.472+0000] {logging_mixin.py:190} INFO - [2024-12-01T05:29:44.472+0000] {dagbag.py:588} INFO - Filling up the DagBag from /home/airflow/.local/lib/python3.12/site-packages/airflow/example_dags/example_complex.py
[2024-12-01T05:29:44.479+0000] {processor.py:925} INFO - DAG(s) 'example_complex' retrieved from /home/airflow/.local/lib/python3.12/site-packages/airflow/example_dags/example_complex.py
[2024-12-01T05:29:44.501+0000] {logging_mixin.py:190} INFO - [2024-12-01T05:29:44.501+0000] {dag.py:3239} INFO - Sync 1 DAGs
[2024-12-01T05:29:44.507+0000] {logging_mixin.py:190} INFO - [2024-12-01T05:29:44.507+0000] {dag.py:4180} INFO - Setting next_dagrun for example_complex to None, run_after=None
[2024-12-01T05:29:44.515+0000] {processor.py:208} INFO - Processing /home/airflow/.local/lib/python3.12/site-packages/airflow/example_dags/example_complex.py took 0.055 seconds
