[2024-12-01T05:05:11.018+0000] {processor.py:186} INFO - Started process (PID=355) to work on /home/airflow/.local/lib/python3.12/site-packages/airflow/example_dags/example_skip_dag.py
[2024-12-01T05:05:11.018+0000] {processor.py:914} INFO - Processing file /home/airflow/.local/lib/python3.12/site-packages/airflow/example_dags/example_skip_dag.py for tasks to queue
[2024-12-01T05:05:11.019+0000] {logging_mixin.py:190} INFO - [2024-12-01T05:05:11.019+0000] {dagbag.py:588} INFO - Filling up the DagBag from /home/airflow/.local/lib/python3.12/site-packages/airflow/example_dags/example_skip_dag.py
[2024-12-01T05:05:11.022+0000] {processor.py:925} INFO - DAG(s) 'example_skip_dag' retrieved from /home/airflow/.local/lib/python3.12/site-packages/airflow/example_dags/example_skip_dag.py
[2024-12-01T05:05:11.033+0000] {logging_mixin.py:190} INFO - [2024-12-01T05:05:11.033+0000] {dag.py:3239} INFO - Sync 1 DAGs
[2024-12-01T05:05:11.042+0000] {logging_mixin.py:190} INFO - [2024-12-01T05:05:11.042+0000] {dag.py:4180} INFO - Setting next_dagrun for example_skip_dag to 2024-11-30 00:00:00+00:00, run_after=2024-12-01 00:00:00+00:00
[2024-12-01T05:05:11.051+0000] {processor.py:208} INFO - Processing /home/airflow/.local/lib/python3.12/site-packages/airflow/example_dags/example_skip_dag.py took 0.036 seconds
[2024-12-01T05:05:41.986+0000] {processor.py:186} INFO - Started process (PID=732) to work on /home/airflow/.local/lib/python3.12/site-packages/airflow/example_dags/example_skip_dag.py
[2024-12-01T05:05:41.988+0000] {processor.py:914} INFO - Processing file /home/airflow/.local/lib/python3.12/site-packages/airflow/example_dags/example_skip_dag.py for tasks to queue
[2024-12-01T05:05:41.989+0000] {logging_mixin.py:190} INFO - [2024-12-01T05:05:41.989+0000] {dagbag.py:588} INFO - Filling up the DagBag from /home/airflow/.local/lib/python3.12/site-packages/airflow/example_dags/example_skip_dag.py
[2024-12-01T05:05:41.995+0000] {processor.py:925} INFO - DAG(s) 'example_skip_dag' retrieved from /home/airflow/.local/lib/python3.12/site-packages/airflow/example_dags/example_skip_dag.py
[2024-12-01T05:05:42.006+0000] {logging_mixin.py:190} INFO - [2024-12-01T05:05:42.006+0000] {dag.py:3239} INFO - Sync 1 DAGs
[2024-12-01T05:05:42.014+0000] {logging_mixin.py:190} INFO - [2024-12-01T05:05:42.014+0000] {dag.py:4180} INFO - Setting next_dagrun for example_skip_dag to 2024-11-30 00:00:00+00:00, run_after=2024-12-01 00:00:00+00:00
[2024-12-01T05:05:42.022+0000] {processor.py:208} INFO - Processing /home/airflow/.local/lib/python3.12/site-packages/airflow/example_dags/example_skip_dag.py took 0.039 seconds
[2024-12-01T05:06:12.672+0000] {processor.py:186} INFO - Started process (PID=1103) to work on /home/airflow/.local/lib/python3.12/site-packages/airflow/example_dags/example_skip_dag.py
[2024-12-01T05:06:12.672+0000] {processor.py:914} INFO - Processing file /home/airflow/.local/lib/python3.12/site-packages/airflow/example_dags/example_skip_dag.py for tasks to queue
[2024-12-01T05:06:12.673+0000] {logging_mixin.py:190} INFO - [2024-12-01T05:06:12.673+0000] {dagbag.py:588} INFO - Filling up the DagBag from /home/airflow/.local/lib/python3.12/site-packages/airflow/example_dags/example_skip_dag.py
[2024-12-01T05:06:12.678+0000] {processor.py:925} INFO - DAG(s) 'example_skip_dag' retrieved from /home/airflow/.local/lib/python3.12/site-packages/airflow/example_dags/example_skip_dag.py
[2024-12-01T05:06:12.689+0000] {logging_mixin.py:190} INFO - [2024-12-01T05:06:12.689+0000] {dag.py:3239} INFO - Sync 1 DAGs
[2024-12-01T05:06:12.700+0000] {logging_mixin.py:190} INFO - [2024-12-01T05:06:12.700+0000] {dag.py:4180} INFO - Setting next_dagrun for example_skip_dag to 2024-11-30 00:00:00+00:00, run_after=2024-12-01 00:00:00+00:00
[2024-12-01T05:06:12.711+0000] {processor.py:208} INFO - Processing /home/airflow/.local/lib/python3.12/site-packages/airflow/example_dags/example_skip_dag.py took 0.041 seconds
[2024-12-01T05:06:43.623+0000] {processor.py:186} INFO - Started process (PID=1471) to work on /home/airflow/.local/lib/python3.12/site-packages/airflow/example_dags/example_skip_dag.py
[2024-12-01T05:06:43.623+0000] {processor.py:914} INFO - Processing file /home/airflow/.local/lib/python3.12/site-packages/airflow/example_dags/example_skip_dag.py for tasks to queue
[2024-12-01T05:06:43.624+0000] {logging_mixin.py:190} INFO - [2024-12-01T05:06:43.624+0000] {dagbag.py:588} INFO - Filling up the DagBag from /home/airflow/.local/lib/python3.12/site-packages/airflow/example_dags/example_skip_dag.py
[2024-12-01T05:06:43.628+0000] {processor.py:925} INFO - DAG(s) 'example_skip_dag' retrieved from /home/airflow/.local/lib/python3.12/site-packages/airflow/example_dags/example_skip_dag.py
[2024-12-01T05:06:43.644+0000] {logging_mixin.py:190} INFO - [2024-12-01T05:06:43.644+0000] {dag.py:3239} INFO - Sync 1 DAGs
[2024-12-01T05:06:43.656+0000] {logging_mixin.py:190} INFO - [2024-12-01T05:06:43.656+0000] {dag.py:4180} INFO - Setting next_dagrun for example_skip_dag to 2024-11-30 00:00:00+00:00, run_after=2024-12-01 00:00:00+00:00
[2024-12-01T05:06:43.664+0000] {processor.py:208} INFO - Processing /home/airflow/.local/lib/python3.12/site-packages/airflow/example_dags/example_skip_dag.py took 0.046 seconds
[2024-12-01T05:07:14.258+0000] {processor.py:186} INFO - Started process (PID=1845) to work on /home/airflow/.local/lib/python3.12/site-packages/airflow/example_dags/example_skip_dag.py
[2024-12-01T05:07:14.259+0000] {processor.py:914} INFO - Processing file /home/airflow/.local/lib/python3.12/site-packages/airflow/example_dags/example_skip_dag.py for tasks to queue
[2024-12-01T05:07:14.259+0000] {logging_mixin.py:190} INFO - [2024-12-01T05:07:14.259+0000] {dagbag.py:588} INFO - Filling up the DagBag from /home/airflow/.local/lib/python3.12/site-packages/airflow/example_dags/example_skip_dag.py
[2024-12-01T05:07:14.263+0000] {processor.py:925} INFO - DAG(s) 'example_skip_dag' retrieved from /home/airflow/.local/lib/python3.12/site-packages/airflow/example_dags/example_skip_dag.py
[2024-12-01T05:07:14.272+0000] {logging_mixin.py:190} INFO - [2024-12-01T05:07:14.272+0000] {dag.py:3239} INFO - Sync 1 DAGs
[2024-12-01T05:07:14.280+0000] {logging_mixin.py:190} INFO - [2024-12-01T05:07:14.279+0000] {dag.py:4180} INFO - Setting next_dagrun for example_skip_dag to 2024-11-30 00:00:00+00:00, run_after=2024-12-01 00:00:00+00:00
[2024-12-01T05:07:14.288+0000] {processor.py:208} INFO - Processing /home/airflow/.local/lib/python3.12/site-packages/airflow/example_dags/example_skip_dag.py took 0.032 seconds
[2024-12-01T05:07:44.937+0000] {processor.py:186} INFO - Started process (PID=2243) to work on /home/airflow/.local/lib/python3.12/site-packages/airflow/example_dags/example_skip_dag.py
[2024-12-01T05:07:44.938+0000] {processor.py:914} INFO - Processing file /home/airflow/.local/lib/python3.12/site-packages/airflow/example_dags/example_skip_dag.py for tasks to queue
[2024-12-01T05:07:44.939+0000] {logging_mixin.py:190} INFO - [2024-12-01T05:07:44.939+0000] {dagbag.py:588} INFO - Filling up the DagBag from /home/airflow/.local/lib/python3.12/site-packages/airflow/example_dags/example_skip_dag.py
[2024-12-01T05:07:44.942+0000] {processor.py:925} INFO - DAG(s) 'example_skip_dag' retrieved from /home/airflow/.local/lib/python3.12/site-packages/airflow/example_dags/example_skip_dag.py
[2024-12-01T05:07:44.953+0000] {logging_mixin.py:190} INFO - [2024-12-01T05:07:44.953+0000] {dag.py:3239} INFO - Sync 1 DAGs
[2024-12-01T05:07:44.963+0000] {logging_mixin.py:190} INFO - [2024-12-01T05:07:44.963+0000] {dag.py:4180} INFO - Setting next_dagrun for example_skip_dag to 2024-11-30 00:00:00+00:00, run_after=2024-12-01 00:00:00+00:00
[2024-12-01T05:07:44.972+0000] {processor.py:208} INFO - Processing /home/airflow/.local/lib/python3.12/site-packages/airflow/example_dags/example_skip_dag.py took 0.037 seconds
[2024-12-01T05:08:15.450+0000] {processor.py:186} INFO - Started process (PID=2614) to work on /home/airflow/.local/lib/python3.12/site-packages/airflow/example_dags/example_skip_dag.py
[2024-12-01T05:08:15.450+0000] {processor.py:914} INFO - Processing file /home/airflow/.local/lib/python3.12/site-packages/airflow/example_dags/example_skip_dag.py for tasks to queue
[2024-12-01T05:08:15.452+0000] {logging_mixin.py:190} INFO - [2024-12-01T05:08:15.452+0000] {dagbag.py:588} INFO - Filling up the DagBag from /home/airflow/.local/lib/python3.12/site-packages/airflow/example_dags/example_skip_dag.py
[2024-12-01T05:08:15.456+0000] {processor.py:925} INFO - DAG(s) 'example_skip_dag' retrieved from /home/airflow/.local/lib/python3.12/site-packages/airflow/example_dags/example_skip_dag.py
[2024-12-01T05:08:15.465+0000] {logging_mixin.py:190} INFO - [2024-12-01T05:08:15.464+0000] {dag.py:3239} INFO - Sync 1 DAGs
[2024-12-01T05:08:15.473+0000] {logging_mixin.py:190} INFO - [2024-12-01T05:08:15.473+0000] {dag.py:4180} INFO - Setting next_dagrun for example_skip_dag to 2024-11-30 00:00:00+00:00, run_after=2024-12-01 00:00:00+00:00
[2024-12-01T05:08:15.480+0000] {processor.py:208} INFO - Processing /home/airflow/.local/lib/python3.12/site-packages/airflow/example_dags/example_skip_dag.py took 0.033 seconds
[2024-12-01T05:08:46.043+0000] {processor.py:186} INFO - Started process (PID=2984) to work on /home/airflow/.local/lib/python3.12/site-packages/airflow/example_dags/example_skip_dag.py
[2024-12-01T05:08:46.045+0000] {processor.py:914} INFO - Processing file /home/airflow/.local/lib/python3.12/site-packages/airflow/example_dags/example_skip_dag.py for tasks to queue
[2024-12-01T05:08:46.046+0000] {logging_mixin.py:190} INFO - [2024-12-01T05:08:46.045+0000] {dagbag.py:588} INFO - Filling up the DagBag from /home/airflow/.local/lib/python3.12/site-packages/airflow/example_dags/example_skip_dag.py
[2024-12-01T05:08:46.050+0000] {processor.py:925} INFO - DAG(s) 'example_skip_dag' retrieved from /home/airflow/.local/lib/python3.12/site-packages/airflow/example_dags/example_skip_dag.py
[2024-12-01T05:08:46.059+0000] {logging_mixin.py:190} INFO - [2024-12-01T05:08:46.059+0000] {dag.py:3239} INFO - Sync 1 DAGs
[2024-12-01T05:08:46.068+0000] {logging_mixin.py:190} INFO - [2024-12-01T05:08:46.068+0000] {dag.py:4180} INFO - Setting next_dagrun for example_skip_dag to 2024-11-30 00:00:00+00:00, run_after=2024-12-01 00:00:00+00:00
[2024-12-01T05:08:46.077+0000] {processor.py:208} INFO - Processing /home/airflow/.local/lib/python3.12/site-packages/airflow/example_dags/example_skip_dag.py took 0.036 seconds
[2024-12-01T05:09:16.845+0000] {processor.py:186} INFO - Started process (PID=3361) to work on /home/airflow/.local/lib/python3.12/site-packages/airflow/example_dags/example_skip_dag.py
[2024-12-01T05:09:16.847+0000] {processor.py:914} INFO - Processing file /home/airflow/.local/lib/python3.12/site-packages/airflow/example_dags/example_skip_dag.py for tasks to queue
[2024-12-01T05:09:16.848+0000] {logging_mixin.py:190} INFO - [2024-12-01T05:09:16.847+0000] {dagbag.py:588} INFO - Filling up the DagBag from /home/airflow/.local/lib/python3.12/site-packages/airflow/example_dags/example_skip_dag.py
[2024-12-01T05:09:16.851+0000] {processor.py:925} INFO - DAG(s) 'example_skip_dag' retrieved from /home/airflow/.local/lib/python3.12/site-packages/airflow/example_dags/example_skip_dag.py
[2024-12-01T05:09:16.862+0000] {logging_mixin.py:190} INFO - [2024-12-01T05:09:16.862+0000] {dag.py:3239} INFO - Sync 1 DAGs
[2024-12-01T05:09:16.871+0000] {logging_mixin.py:190} INFO - [2024-12-01T05:09:16.870+0000] {dag.py:4180} INFO - Setting next_dagrun for example_skip_dag to 2024-11-30 00:00:00+00:00, run_after=2024-12-01 00:00:00+00:00
[2024-12-01T05:09:16.880+0000] {processor.py:208} INFO - Processing /home/airflow/.local/lib/python3.12/site-packages/airflow/example_dags/example_skip_dag.py took 0.038 seconds
[2024-12-01T05:09:47.656+0000] {processor.py:186} INFO - Started process (PID=3730) to work on /home/airflow/.local/lib/python3.12/site-packages/airflow/example_dags/example_skip_dag.py
[2024-12-01T05:09:47.659+0000] {processor.py:914} INFO - Processing file /home/airflow/.local/lib/python3.12/site-packages/airflow/example_dags/example_skip_dag.py for tasks to queue
[2024-12-01T05:09:47.659+0000] {logging_mixin.py:190} INFO - [2024-12-01T05:09:47.659+0000] {dagbag.py:588} INFO - Filling up the DagBag from /home/airflow/.local/lib/python3.12/site-packages/airflow/example_dags/example_skip_dag.py
[2024-12-01T05:09:47.664+0000] {processor.py:925} INFO - DAG(s) 'example_skip_dag' retrieved from /home/airflow/.local/lib/python3.12/site-packages/airflow/example_dags/example_skip_dag.py
[2024-12-01T05:09:47.680+0000] {logging_mixin.py:190} INFO - [2024-12-01T05:09:47.680+0000] {dag.py:3239} INFO - Sync 1 DAGs
[2024-12-01T05:09:47.693+0000] {logging_mixin.py:190} INFO - [2024-12-01T05:09:47.693+0000] {dag.py:4180} INFO - Setting next_dagrun for example_skip_dag to 2024-11-30 00:00:00+00:00, run_after=2024-12-01 00:00:00+00:00
[2024-12-01T05:09:47.699+0000] {processor.py:208} INFO - Processing /home/airflow/.local/lib/python3.12/site-packages/airflow/example_dags/example_skip_dag.py took 0.046 seconds
[2024-12-01T05:10:18.550+0000] {processor.py:186} INFO - Started process (PID=4149) to work on /home/airflow/.local/lib/python3.12/site-packages/airflow/example_dags/example_skip_dag.py
[2024-12-01T05:10:18.550+0000] {processor.py:914} INFO - Processing file /home/airflow/.local/lib/python3.12/site-packages/airflow/example_dags/example_skip_dag.py for tasks to queue
[2024-12-01T05:10:18.551+0000] {logging_mixin.py:190} INFO - [2024-12-01T05:10:18.551+0000] {dagbag.py:588} INFO - Filling up the DagBag from /home/airflow/.local/lib/python3.12/site-packages/airflow/example_dags/example_skip_dag.py
[2024-12-01T05:10:18.555+0000] {processor.py:925} INFO - DAG(s) 'example_skip_dag' retrieved from /home/airflow/.local/lib/python3.12/site-packages/airflow/example_dags/example_skip_dag.py
[2024-12-01T05:10:18.565+0000] {logging_mixin.py:190} INFO - [2024-12-01T05:10:18.565+0000] {dag.py:3239} INFO - Sync 1 DAGs
[2024-12-01T05:10:18.575+0000] {logging_mixin.py:190} INFO - [2024-12-01T05:10:18.575+0000] {dag.py:4180} INFO - Setting next_dagrun for example_skip_dag to 2024-11-30 00:00:00+00:00, run_after=2024-12-01 00:00:00+00:00
[2024-12-01T05:10:18.581+0000] {processor.py:208} INFO - Processing /home/airflow/.local/lib/python3.12/site-packages/airflow/example_dags/example_skip_dag.py took 0.034 seconds
[2024-12-01T05:10:49.262+0000] {processor.py:186} INFO - Started process (PID=4542) to work on /home/airflow/.local/lib/python3.12/site-packages/airflow/example_dags/example_skip_dag.py
[2024-12-01T05:10:49.262+0000] {processor.py:914} INFO - Processing file /home/airflow/.local/lib/python3.12/site-packages/airflow/example_dags/example_skip_dag.py for tasks to queue
[2024-12-01T05:10:49.263+0000] {logging_mixin.py:190} INFO - [2024-12-01T05:10:49.262+0000] {dagbag.py:588} INFO - Filling up the DagBag from /home/airflow/.local/lib/python3.12/site-packages/airflow/example_dags/example_skip_dag.py
[2024-12-01T05:10:49.267+0000] {processor.py:925} INFO - DAG(s) 'example_skip_dag' retrieved from /home/airflow/.local/lib/python3.12/site-packages/airflow/example_dags/example_skip_dag.py
[2024-12-01T05:10:49.280+0000] {logging_mixin.py:190} INFO - [2024-12-01T05:10:49.280+0000] {dag.py:3239} INFO - Sync 1 DAGs
[2024-12-01T05:10:49.288+0000] {logging_mixin.py:190} INFO - [2024-12-01T05:10:49.288+0000] {dag.py:4180} INFO - Setting next_dagrun for example_skip_dag to 2024-11-30 00:00:00+00:00, run_after=2024-12-01 00:00:00+00:00
[2024-12-01T05:10:49.296+0000] {processor.py:208} INFO - Processing /home/airflow/.local/lib/python3.12/site-packages/airflow/example_dags/example_skip_dag.py took 0.036 seconds
[2024-12-01T05:11:19.872+0000] {processor.py:186} INFO - Started process (PID=4908) to work on /home/airflow/.local/lib/python3.12/site-packages/airflow/example_dags/example_skip_dag.py
[2024-12-01T05:11:19.874+0000] {processor.py:914} INFO - Processing file /home/airflow/.local/lib/python3.12/site-packages/airflow/example_dags/example_skip_dag.py for tasks to queue
[2024-12-01T05:11:19.875+0000] {logging_mixin.py:190} INFO - [2024-12-01T05:11:19.875+0000] {dagbag.py:588} INFO - Filling up the DagBag from /home/airflow/.local/lib/python3.12/site-packages/airflow/example_dags/example_skip_dag.py
[2024-12-01T05:11:19.880+0000] {processor.py:925} INFO - DAG(s) 'example_skip_dag' retrieved from /home/airflow/.local/lib/python3.12/site-packages/airflow/example_dags/example_skip_dag.py
[2024-12-01T05:11:19.889+0000] {logging_mixin.py:190} INFO - [2024-12-01T05:11:19.889+0000] {dag.py:3239} INFO - Sync 1 DAGs
[2024-12-01T05:11:19.897+0000] {logging_mixin.py:190} INFO - [2024-12-01T05:11:19.897+0000] {dag.py:4180} INFO - Setting next_dagrun for example_skip_dag to 2024-11-30 00:00:00+00:00, run_after=2024-12-01 00:00:00+00:00
[2024-12-01T05:11:19.905+0000] {processor.py:208} INFO - Processing /home/airflow/.local/lib/python3.12/site-packages/airflow/example_dags/example_skip_dag.py took 0.036 seconds
[2024-12-01T05:11:50.178+0000] {processor.py:186} INFO - Started process (PID=5274) to work on /home/airflow/.local/lib/python3.12/site-packages/airflow/example_dags/example_skip_dag.py
[2024-12-01T05:11:50.178+0000] {processor.py:914} INFO - Processing file /home/airflow/.local/lib/python3.12/site-packages/airflow/example_dags/example_skip_dag.py for tasks to queue
[2024-12-01T05:11:50.179+0000] {logging_mixin.py:190} INFO - [2024-12-01T05:11:50.179+0000] {dagbag.py:588} INFO - Filling up the DagBag from /home/airflow/.local/lib/python3.12/site-packages/airflow/example_dags/example_skip_dag.py
[2024-12-01T05:11:50.183+0000] {processor.py:925} INFO - DAG(s) 'example_skip_dag' retrieved from /home/airflow/.local/lib/python3.12/site-packages/airflow/example_dags/example_skip_dag.py
[2024-12-01T05:11:50.191+0000] {logging_mixin.py:190} INFO - [2024-12-01T05:11:50.191+0000] {dag.py:3239} INFO - Sync 1 DAGs
[2024-12-01T05:11:50.199+0000] {logging_mixin.py:190} INFO - [2024-12-01T05:11:50.199+0000] {dag.py:4180} INFO - Setting next_dagrun for example_skip_dag to 2024-11-30 00:00:00+00:00, run_after=2024-12-01 00:00:00+00:00
[2024-12-01T05:11:50.205+0000] {processor.py:208} INFO - Processing /home/airflow/.local/lib/python3.12/site-packages/airflow/example_dags/example_skip_dag.py took 0.029 seconds
[2024-12-01T05:12:20.643+0000] {processor.py:186} INFO - Started process (PID=5640) to work on /home/airflow/.local/lib/python3.12/site-packages/airflow/example_dags/example_skip_dag.py
[2024-12-01T05:12:20.646+0000] {processor.py:914} INFO - Processing file /home/airflow/.local/lib/python3.12/site-packages/airflow/example_dags/example_skip_dag.py for tasks to queue
[2024-12-01T05:12:20.647+0000] {logging_mixin.py:190} INFO - [2024-12-01T05:12:20.647+0000] {dagbag.py:588} INFO - Filling up the DagBag from /home/airflow/.local/lib/python3.12/site-packages/airflow/example_dags/example_skip_dag.py
[2024-12-01T05:12:20.652+0000] {processor.py:925} INFO - DAG(s) 'example_skip_dag' retrieved from /home/airflow/.local/lib/python3.12/site-packages/airflow/example_dags/example_skip_dag.py
[2024-12-01T05:12:20.661+0000] {logging_mixin.py:190} INFO - [2024-12-01T05:12:20.661+0000] {dag.py:3239} INFO - Sync 1 DAGs
[2024-12-01T05:12:20.671+0000] {logging_mixin.py:190} INFO - [2024-12-01T05:12:20.671+0000] {dag.py:4180} INFO - Setting next_dagrun for example_skip_dag to 2024-11-30 00:00:00+00:00, run_after=2024-12-01 00:00:00+00:00
[2024-12-01T05:12:20.679+0000] {processor.py:208} INFO - Processing /home/airflow/.local/lib/python3.12/site-packages/airflow/example_dags/example_skip_dag.py took 0.038 seconds
[2024-12-01T05:12:51.202+0000] {processor.py:186} INFO - Started process (PID=6006) to work on /home/airflow/.local/lib/python3.12/site-packages/airflow/example_dags/example_skip_dag.py
[2024-12-01T05:12:51.202+0000] {processor.py:914} INFO - Processing file /home/airflow/.local/lib/python3.12/site-packages/airflow/example_dags/example_skip_dag.py for tasks to queue
[2024-12-01T05:12:51.203+0000] {logging_mixin.py:190} INFO - [2024-12-01T05:12:51.203+0000] {dagbag.py:588} INFO - Filling up the DagBag from /home/airflow/.local/lib/python3.12/site-packages/airflow/example_dags/example_skip_dag.py
[2024-12-01T05:12:51.208+0000] {processor.py:925} INFO - DAG(s) 'example_skip_dag' retrieved from /home/airflow/.local/lib/python3.12/site-packages/airflow/example_dags/example_skip_dag.py
[2024-12-01T05:12:51.219+0000] {logging_mixin.py:190} INFO - [2024-12-01T05:12:51.218+0000] {dag.py:3239} INFO - Sync 1 DAGs
[2024-12-01T05:12:51.228+0000] {logging_mixin.py:190} INFO - [2024-12-01T05:12:51.228+0000] {dag.py:4180} INFO - Setting next_dagrun for example_skip_dag to 2024-11-30 00:00:00+00:00, run_after=2024-12-01 00:00:00+00:00
[2024-12-01T05:12:51.235+0000] {processor.py:208} INFO - Processing /home/airflow/.local/lib/python3.12/site-packages/airflow/example_dags/example_skip_dag.py took 0.036 seconds
[2024-12-01T05:13:21.892+0000] {processor.py:186} INFO - Started process (PID=6367) to work on /home/airflow/.local/lib/python3.12/site-packages/airflow/example_dags/example_skip_dag.py
[2024-12-01T05:13:21.893+0000] {processor.py:914} INFO - Processing file /home/airflow/.local/lib/python3.12/site-packages/airflow/example_dags/example_skip_dag.py for tasks to queue
[2024-12-01T05:13:21.893+0000] {logging_mixin.py:190} INFO - [2024-12-01T05:13:21.893+0000] {dagbag.py:588} INFO - Filling up the DagBag from /home/airflow/.local/lib/python3.12/site-packages/airflow/example_dags/example_skip_dag.py
[2024-12-01T05:13:21.897+0000] {processor.py:925} INFO - DAG(s) 'example_skip_dag' retrieved from /home/airflow/.local/lib/python3.12/site-packages/airflow/example_dags/example_skip_dag.py
[2024-12-01T05:13:21.907+0000] {logging_mixin.py:190} INFO - [2024-12-01T05:13:21.906+0000] {dag.py:3239} INFO - Sync 1 DAGs
[2024-12-01T05:13:21.917+0000] {logging_mixin.py:190} INFO - [2024-12-01T05:13:21.916+0000] {dag.py:4180} INFO - Setting next_dagrun for example_skip_dag to 2024-11-30 00:00:00+00:00, run_after=2024-12-01 00:00:00+00:00
[2024-12-01T05:13:21.925+0000] {processor.py:208} INFO - Processing /home/airflow/.local/lib/python3.12/site-packages/airflow/example_dags/example_skip_dag.py took 0.036 seconds
[2024-12-01T05:13:52.535+0000] {processor.py:186} INFO - Started process (PID=6733) to work on /home/airflow/.local/lib/python3.12/site-packages/airflow/example_dags/example_skip_dag.py
[2024-12-01T05:13:52.536+0000] {processor.py:914} INFO - Processing file /home/airflow/.local/lib/python3.12/site-packages/airflow/example_dags/example_skip_dag.py for tasks to queue
[2024-12-01T05:13:52.536+0000] {logging_mixin.py:190} INFO - [2024-12-01T05:13:52.536+0000] {dagbag.py:588} INFO - Filling up the DagBag from /home/airflow/.local/lib/python3.12/site-packages/airflow/example_dags/example_skip_dag.py
[2024-12-01T05:13:52.540+0000] {processor.py:925} INFO - DAG(s) 'example_skip_dag' retrieved from /home/airflow/.local/lib/python3.12/site-packages/airflow/example_dags/example_skip_dag.py
[2024-12-01T05:13:52.548+0000] {logging_mixin.py:190} INFO - [2024-12-01T05:13:52.548+0000] {dag.py:3239} INFO - Sync 1 DAGs
[2024-12-01T05:13:52.558+0000] {logging_mixin.py:190} INFO - [2024-12-01T05:13:52.558+0000] {dag.py:4180} INFO - Setting next_dagrun for example_skip_dag to 2024-11-30 00:00:00+00:00, run_after=2024-12-01 00:00:00+00:00
[2024-12-01T05:13:52.565+0000] {processor.py:208} INFO - Processing /home/airflow/.local/lib/python3.12/site-packages/airflow/example_dags/example_skip_dag.py took 0.033 seconds
[2024-12-01T05:14:23.163+0000] {processor.py:186} INFO - Started process (PID=7099) to work on /home/airflow/.local/lib/python3.12/site-packages/airflow/example_dags/example_skip_dag.py
[2024-12-01T05:14:23.164+0000] {processor.py:914} INFO - Processing file /home/airflow/.local/lib/python3.12/site-packages/airflow/example_dags/example_skip_dag.py for tasks to queue
[2024-12-01T05:14:23.164+0000] {logging_mixin.py:190} INFO - [2024-12-01T05:14:23.164+0000] {dagbag.py:588} INFO - Filling up the DagBag from /home/airflow/.local/lib/python3.12/site-packages/airflow/example_dags/example_skip_dag.py
[2024-12-01T05:14:23.168+0000] {processor.py:925} INFO - DAG(s) 'example_skip_dag' retrieved from /home/airflow/.local/lib/python3.12/site-packages/airflow/example_dags/example_skip_dag.py
[2024-12-01T05:14:23.178+0000] {logging_mixin.py:190} INFO - [2024-12-01T05:14:23.178+0000] {dag.py:3239} INFO - Sync 1 DAGs
[2024-12-01T05:14:23.189+0000] {logging_mixin.py:190} INFO - [2024-12-01T05:14:23.189+0000] {dag.py:4180} INFO - Setting next_dagrun for example_skip_dag to 2024-11-30 00:00:00+00:00, run_after=2024-12-01 00:00:00+00:00
[2024-12-01T05:14:23.198+0000] {processor.py:208} INFO - Processing /home/airflow/.local/lib/python3.12/site-packages/airflow/example_dags/example_skip_dag.py took 0.037 seconds
[2024-12-01T05:14:53.880+0000] {processor.py:186} INFO - Started process (PID=7467) to work on /home/airflow/.local/lib/python3.12/site-packages/airflow/example_dags/example_skip_dag.py
[2024-12-01T05:14:53.880+0000] {processor.py:914} INFO - Processing file /home/airflow/.local/lib/python3.12/site-packages/airflow/example_dags/example_skip_dag.py for tasks to queue
[2024-12-01T05:14:53.881+0000] {logging_mixin.py:190} INFO - [2024-12-01T05:14:53.880+0000] {dagbag.py:588} INFO - Filling up the DagBag from /home/airflow/.local/lib/python3.12/site-packages/airflow/example_dags/example_skip_dag.py
[2024-12-01T05:14:53.884+0000] {processor.py:925} INFO - DAG(s) 'example_skip_dag' retrieved from /home/airflow/.local/lib/python3.12/site-packages/airflow/example_dags/example_skip_dag.py
[2024-12-01T05:14:53.895+0000] {logging_mixin.py:190} INFO - [2024-12-01T05:14:53.894+0000] {dag.py:3239} INFO - Sync 1 DAGs
[2024-12-01T05:14:53.902+0000] {logging_mixin.py:190} INFO - [2024-12-01T05:14:53.902+0000] {dag.py:4180} INFO - Setting next_dagrun for example_skip_dag to 2024-11-30 00:00:00+00:00, run_after=2024-12-01 00:00:00+00:00
[2024-12-01T05:14:53.911+0000] {processor.py:208} INFO - Processing /home/airflow/.local/lib/python3.12/site-packages/airflow/example_dags/example_skip_dag.py took 0.034 seconds
[2024-12-01T05:15:24.738+0000] {processor.py:186} INFO - Started process (PID=7831) to work on /home/airflow/.local/lib/python3.12/site-packages/airflow/example_dags/example_skip_dag.py
[2024-12-01T05:15:24.739+0000] {processor.py:914} INFO - Processing file /home/airflow/.local/lib/python3.12/site-packages/airflow/example_dags/example_skip_dag.py for tasks to queue
[2024-12-01T05:15:24.739+0000] {logging_mixin.py:190} INFO - [2024-12-01T05:15:24.739+0000] {dagbag.py:588} INFO - Filling up the DagBag from /home/airflow/.local/lib/python3.12/site-packages/airflow/example_dags/example_skip_dag.py
[2024-12-01T05:15:24.743+0000] {processor.py:925} INFO - DAG(s) 'example_skip_dag' retrieved from /home/airflow/.local/lib/python3.12/site-packages/airflow/example_dags/example_skip_dag.py
[2024-12-01T05:15:24.754+0000] {logging_mixin.py:190} INFO - [2024-12-01T05:15:24.754+0000] {dag.py:3239} INFO - Sync 1 DAGs
[2024-12-01T05:15:24.765+0000] {logging_mixin.py:190} INFO - [2024-12-01T05:15:24.764+0000] {dag.py:4180} INFO - Setting next_dagrun for example_skip_dag to 2024-11-30 00:00:00+00:00, run_after=2024-12-01 00:00:00+00:00
[2024-12-01T05:15:24.771+0000] {processor.py:208} INFO - Processing /home/airflow/.local/lib/python3.12/site-packages/airflow/example_dags/example_skip_dag.py took 0.036 seconds
[2024-12-01T05:15:55.296+0000] {processor.py:186} INFO - Started process (PID=8197) to work on /home/airflow/.local/lib/python3.12/site-packages/airflow/example_dags/example_skip_dag.py
[2024-12-01T05:15:55.297+0000] {processor.py:914} INFO - Processing file /home/airflow/.local/lib/python3.12/site-packages/airflow/example_dags/example_skip_dag.py for tasks to queue
[2024-12-01T05:15:55.298+0000] {logging_mixin.py:190} INFO - [2024-12-01T05:15:55.298+0000] {dagbag.py:588} INFO - Filling up the DagBag from /home/airflow/.local/lib/python3.12/site-packages/airflow/example_dags/example_skip_dag.py
[2024-12-01T05:15:55.303+0000] {processor.py:925} INFO - DAG(s) 'example_skip_dag' retrieved from /home/airflow/.local/lib/python3.12/site-packages/airflow/example_dags/example_skip_dag.py
[2024-12-01T05:15:55.313+0000] {logging_mixin.py:190} INFO - [2024-12-01T05:15:55.313+0000] {dag.py:3239} INFO - Sync 1 DAGs
[2024-12-01T05:15:55.326+0000] {logging_mixin.py:190} INFO - [2024-12-01T05:15:55.326+0000] {dag.py:4180} INFO - Setting next_dagrun for example_skip_dag to 2024-11-30 00:00:00+00:00, run_after=2024-12-01 00:00:00+00:00
[2024-12-01T05:15:55.338+0000] {processor.py:208} INFO - Processing /home/airflow/.local/lib/python3.12/site-packages/airflow/example_dags/example_skip_dag.py took 0.044 seconds
[2024-12-01T05:16:25.870+0000] {processor.py:186} INFO - Started process (PID=8565) to work on /home/airflow/.local/lib/python3.12/site-packages/airflow/example_dags/example_skip_dag.py
[2024-12-01T05:16:25.870+0000] {processor.py:914} INFO - Processing file /home/airflow/.local/lib/python3.12/site-packages/airflow/example_dags/example_skip_dag.py for tasks to queue
[2024-12-01T05:16:25.870+0000] {logging_mixin.py:190} INFO - [2024-12-01T05:16:25.870+0000] {dagbag.py:588} INFO - Filling up the DagBag from /home/airflow/.local/lib/python3.12/site-packages/airflow/example_dags/example_skip_dag.py
[2024-12-01T05:16:25.874+0000] {processor.py:925} INFO - DAG(s) 'example_skip_dag' retrieved from /home/airflow/.local/lib/python3.12/site-packages/airflow/example_dags/example_skip_dag.py
[2024-12-01T05:16:25.882+0000] {logging_mixin.py:190} INFO - [2024-12-01T05:16:25.881+0000] {dag.py:3239} INFO - Sync 1 DAGs
[2024-12-01T05:16:25.889+0000] {logging_mixin.py:190} INFO - [2024-12-01T05:16:25.889+0000] {dag.py:4180} INFO - Setting next_dagrun for example_skip_dag to 2024-11-30 00:00:00+00:00, run_after=2024-12-01 00:00:00+00:00
[2024-12-01T05:16:25.894+0000] {processor.py:208} INFO - Processing /home/airflow/.local/lib/python3.12/site-packages/airflow/example_dags/example_skip_dag.py took 0.026 seconds
[2024-12-01T05:16:56.369+0000] {processor.py:186} INFO - Started process (PID=8934) to work on /home/airflow/.local/lib/python3.12/site-packages/airflow/example_dags/example_skip_dag.py
[2024-12-01T05:16:56.371+0000] {processor.py:914} INFO - Processing file /home/airflow/.local/lib/python3.12/site-packages/airflow/example_dags/example_skip_dag.py for tasks to queue
[2024-12-01T05:16:56.372+0000] {logging_mixin.py:190} INFO - [2024-12-01T05:16:56.372+0000] {dagbag.py:588} INFO - Filling up the DagBag from /home/airflow/.local/lib/python3.12/site-packages/airflow/example_dags/example_skip_dag.py
[2024-12-01T05:16:56.376+0000] {processor.py:925} INFO - DAG(s) 'example_skip_dag' retrieved from /home/airflow/.local/lib/python3.12/site-packages/airflow/example_dags/example_skip_dag.py
[2024-12-01T05:16:56.385+0000] {logging_mixin.py:190} INFO - [2024-12-01T05:16:56.384+0000] {dag.py:3239} INFO - Sync 1 DAGs
[2024-12-01T05:16:56.394+0000] {logging_mixin.py:190} INFO - [2024-12-01T05:16:56.394+0000] {dag.py:4180} INFO - Setting next_dagrun for example_skip_dag to 2024-11-30 00:00:00+00:00, run_after=2024-12-01 00:00:00+00:00
[2024-12-01T05:16:56.400+0000] {processor.py:208} INFO - Processing /home/airflow/.local/lib/python3.12/site-packages/airflow/example_dags/example_skip_dag.py took 0.034 seconds
[2024-12-01T05:17:26.887+0000] {processor.py:186} INFO - Started process (PID=9300) to work on /home/airflow/.local/lib/python3.12/site-packages/airflow/example_dags/example_skip_dag.py
[2024-12-01T05:17:26.887+0000] {processor.py:914} INFO - Processing file /home/airflow/.local/lib/python3.12/site-packages/airflow/example_dags/example_skip_dag.py for tasks to queue
[2024-12-01T05:17:26.888+0000] {logging_mixin.py:190} INFO - [2024-12-01T05:17:26.888+0000] {dagbag.py:588} INFO - Filling up the DagBag from /home/airflow/.local/lib/python3.12/site-packages/airflow/example_dags/example_skip_dag.py
[2024-12-01T05:17:26.891+0000] {processor.py:925} INFO - DAG(s) 'example_skip_dag' retrieved from /home/airflow/.local/lib/python3.12/site-packages/airflow/example_dags/example_skip_dag.py
[2024-12-01T05:17:26.900+0000] {logging_mixin.py:190} INFO - [2024-12-01T05:17:26.900+0000] {dag.py:3239} INFO - Sync 1 DAGs
[2024-12-01T05:17:26.908+0000] {logging_mixin.py:190} INFO - [2024-12-01T05:17:26.908+0000] {dag.py:4180} INFO - Setting next_dagrun for example_skip_dag to 2024-11-30 00:00:00+00:00, run_after=2024-12-01 00:00:00+00:00
[2024-12-01T05:17:26.914+0000] {processor.py:208} INFO - Processing /home/airflow/.local/lib/python3.12/site-packages/airflow/example_dags/example_skip_dag.py took 0.029 seconds
[2024-12-01T05:17:57.421+0000] {processor.py:186} INFO - Started process (PID=9661) to work on /home/airflow/.local/lib/python3.12/site-packages/airflow/example_dags/example_skip_dag.py
[2024-12-01T05:17:57.422+0000] {processor.py:914} INFO - Processing file /home/airflow/.local/lib/python3.12/site-packages/airflow/example_dags/example_skip_dag.py for tasks to queue
[2024-12-01T05:17:57.423+0000] {logging_mixin.py:190} INFO - [2024-12-01T05:17:57.423+0000] {dagbag.py:588} INFO - Filling up the DagBag from /home/airflow/.local/lib/python3.12/site-packages/airflow/example_dags/example_skip_dag.py
[2024-12-01T05:17:57.427+0000] {processor.py:925} INFO - DAG(s) 'example_skip_dag' retrieved from /home/airflow/.local/lib/python3.12/site-packages/airflow/example_dags/example_skip_dag.py
[2024-12-01T05:17:57.444+0000] {logging_mixin.py:190} INFO - [2024-12-01T05:17:57.444+0000] {dag.py:3239} INFO - Sync 1 DAGs
[2024-12-01T05:17:57.456+0000] {logging_mixin.py:190} INFO - [2024-12-01T05:17:57.456+0000] {dag.py:4180} INFO - Setting next_dagrun for example_skip_dag to 2024-11-30 00:00:00+00:00, run_after=2024-12-01 00:00:00+00:00
[2024-12-01T05:17:57.471+0000] {processor.py:208} INFO - Processing /home/airflow/.local/lib/python3.12/site-packages/airflow/example_dags/example_skip_dag.py took 0.052 seconds
[2024-12-01T05:18:28.106+0000] {processor.py:186} INFO - Started process (PID=10027) to work on /home/airflow/.local/lib/python3.12/site-packages/airflow/example_dags/example_skip_dag.py
[2024-12-01T05:18:28.108+0000] {processor.py:914} INFO - Processing file /home/airflow/.local/lib/python3.12/site-packages/airflow/example_dags/example_skip_dag.py for tasks to queue
[2024-12-01T05:18:28.109+0000] {logging_mixin.py:190} INFO - [2024-12-01T05:18:28.109+0000] {dagbag.py:588} INFO - Filling up the DagBag from /home/airflow/.local/lib/python3.12/site-packages/airflow/example_dags/example_skip_dag.py
[2024-12-01T05:18:28.113+0000] {processor.py:925} INFO - DAG(s) 'example_skip_dag' retrieved from /home/airflow/.local/lib/python3.12/site-packages/airflow/example_dags/example_skip_dag.py
[2024-12-01T05:18:28.121+0000] {logging_mixin.py:190} INFO - [2024-12-01T05:18:28.121+0000] {dag.py:3239} INFO - Sync 1 DAGs
[2024-12-01T05:18:28.130+0000] {logging_mixin.py:190} INFO - [2024-12-01T05:18:28.130+0000] {dag.py:4180} INFO - Setting next_dagrun for example_skip_dag to 2024-11-30 00:00:00+00:00, run_after=2024-12-01 00:00:00+00:00
[2024-12-01T05:18:28.136+0000] {processor.py:208} INFO - Processing /home/airflow/.local/lib/python3.12/site-packages/airflow/example_dags/example_skip_dag.py took 0.033 seconds
[2024-12-01T05:18:58.749+0000] {processor.py:186} INFO - Started process (PID=10408) to work on /home/airflow/.local/lib/python3.12/site-packages/airflow/example_dags/example_skip_dag.py
[2024-12-01T05:18:58.750+0000] {processor.py:914} INFO - Processing file /home/airflow/.local/lib/python3.12/site-packages/airflow/example_dags/example_skip_dag.py for tasks to queue
[2024-12-01T05:18:58.750+0000] {logging_mixin.py:190} INFO - [2024-12-01T05:18:58.750+0000] {dagbag.py:588} INFO - Filling up the DagBag from /home/airflow/.local/lib/python3.12/site-packages/airflow/example_dags/example_skip_dag.py
[2024-12-01T05:18:58.754+0000] {processor.py:925} INFO - DAG(s) 'example_skip_dag' retrieved from /home/airflow/.local/lib/python3.12/site-packages/airflow/example_dags/example_skip_dag.py
[2024-12-01T05:18:58.767+0000] {logging_mixin.py:190} INFO - [2024-12-01T05:18:58.766+0000] {dag.py:3239} INFO - Sync 1 DAGs
[2024-12-01T05:18:58.775+0000] {logging_mixin.py:190} INFO - [2024-12-01T05:18:58.775+0000] {dag.py:4180} INFO - Setting next_dagrun for example_skip_dag to 2024-11-30 00:00:00+00:00, run_after=2024-12-01 00:00:00+00:00
[2024-12-01T05:18:58.783+0000] {processor.py:208} INFO - Processing /home/airflow/.local/lib/python3.12/site-packages/airflow/example_dags/example_skip_dag.py took 0.036 seconds
[2024-12-01T05:19:29.822+0000] {processor.py:186} INFO - Started process (PID=10779) to work on /home/airflow/.local/lib/python3.12/site-packages/airflow/example_dags/example_skip_dag.py
[2024-12-01T05:19:29.822+0000] {processor.py:914} INFO - Processing file /home/airflow/.local/lib/python3.12/site-packages/airflow/example_dags/example_skip_dag.py for tasks to queue
[2024-12-01T05:19:29.823+0000] {logging_mixin.py:190} INFO - [2024-12-01T05:19:29.822+0000] {dagbag.py:588} INFO - Filling up the DagBag from /home/airflow/.local/lib/python3.12/site-packages/airflow/example_dags/example_skip_dag.py
[2024-12-01T05:19:29.828+0000] {processor.py:925} INFO - DAG(s) 'example_skip_dag' retrieved from /home/airflow/.local/lib/python3.12/site-packages/airflow/example_dags/example_skip_dag.py
[2024-12-01T05:19:29.841+0000] {logging_mixin.py:190} INFO - [2024-12-01T05:19:29.841+0000] {dag.py:3239} INFO - Sync 1 DAGs
[2024-12-01T05:19:29.850+0000] {logging_mixin.py:190} INFO - [2024-12-01T05:19:29.850+0000] {dag.py:4180} INFO - Setting next_dagrun for example_skip_dag to 2024-11-30 00:00:00+00:00, run_after=2024-12-01 00:00:00+00:00
[2024-12-01T05:19:29.859+0000] {processor.py:208} INFO - Processing /home/airflow/.local/lib/python3.12/site-packages/airflow/example_dags/example_skip_dag.py took 0.041 seconds
[2024-12-01T05:20:00.737+0000] {processor.py:186} INFO - Started process (PID=11145) to work on /home/airflow/.local/lib/python3.12/site-packages/airflow/example_dags/example_skip_dag.py
[2024-12-01T05:20:00.738+0000] {processor.py:914} INFO - Processing file /home/airflow/.local/lib/python3.12/site-packages/airflow/example_dags/example_skip_dag.py for tasks to queue
[2024-12-01T05:20:00.738+0000] {logging_mixin.py:190} INFO - [2024-12-01T05:20:00.738+0000] {dagbag.py:588} INFO - Filling up the DagBag from /home/airflow/.local/lib/python3.12/site-packages/airflow/example_dags/example_skip_dag.py
[2024-12-01T05:20:00.742+0000] {processor.py:925} INFO - DAG(s) 'example_skip_dag' retrieved from /home/airflow/.local/lib/python3.12/site-packages/airflow/example_dags/example_skip_dag.py
[2024-12-01T05:20:00.752+0000] {logging_mixin.py:190} INFO - [2024-12-01T05:20:00.751+0000] {dag.py:3239} INFO - Sync 1 DAGs
[2024-12-01T05:20:00.762+0000] {logging_mixin.py:190} INFO - [2024-12-01T05:20:00.762+0000] {dag.py:4180} INFO - Setting next_dagrun for example_skip_dag to 2024-11-30 00:00:00+00:00, run_after=2024-12-01 00:00:00+00:00
[2024-12-01T05:20:00.768+0000] {processor.py:208} INFO - Processing /home/airflow/.local/lib/python3.12/site-packages/airflow/example_dags/example_skip_dag.py took 0.034 seconds
[2024-12-01T05:20:31.568+0000] {processor.py:186} INFO - Started process (PID=11531) to work on /home/airflow/.local/lib/python3.12/site-packages/airflow/example_dags/example_skip_dag.py
[2024-12-01T05:20:31.569+0000] {processor.py:914} INFO - Processing file /home/airflow/.local/lib/python3.12/site-packages/airflow/example_dags/example_skip_dag.py for tasks to queue
[2024-12-01T05:20:31.570+0000] {logging_mixin.py:190} INFO - [2024-12-01T05:20:31.570+0000] {dagbag.py:588} INFO - Filling up the DagBag from /home/airflow/.local/lib/python3.12/site-packages/airflow/example_dags/example_skip_dag.py
[2024-12-01T05:20:31.574+0000] {processor.py:925} INFO - DAG(s) 'example_skip_dag' retrieved from /home/airflow/.local/lib/python3.12/site-packages/airflow/example_dags/example_skip_dag.py
[2024-12-01T05:20:31.585+0000] {logging_mixin.py:190} INFO - [2024-12-01T05:20:31.585+0000] {dag.py:3239} INFO - Sync 1 DAGs
[2024-12-01T05:20:31.596+0000] {logging_mixin.py:190} INFO - [2024-12-01T05:20:31.596+0000] {dag.py:4180} INFO - Setting next_dagrun for example_skip_dag to 2024-11-30 00:00:00+00:00, run_after=2024-12-01 00:00:00+00:00
[2024-12-01T05:20:31.604+0000] {processor.py:208} INFO - Processing /home/airflow/.local/lib/python3.12/site-packages/airflow/example_dags/example_skip_dag.py took 0.039 seconds
[2024-12-01T05:21:02.317+0000] {processor.py:186} INFO - Started process (PID=11897) to work on /home/airflow/.local/lib/python3.12/site-packages/airflow/example_dags/example_skip_dag.py
[2024-12-01T05:21:02.319+0000] {processor.py:914} INFO - Processing file /home/airflow/.local/lib/python3.12/site-packages/airflow/example_dags/example_skip_dag.py for tasks to queue
[2024-12-01T05:21:02.321+0000] {logging_mixin.py:190} INFO - [2024-12-01T05:21:02.321+0000] {dagbag.py:588} INFO - Filling up the DagBag from /home/airflow/.local/lib/python3.12/site-packages/airflow/example_dags/example_skip_dag.py
[2024-12-01T05:21:02.325+0000] {processor.py:925} INFO - DAG(s) 'example_skip_dag' retrieved from /home/airflow/.local/lib/python3.12/site-packages/airflow/example_dags/example_skip_dag.py
[2024-12-01T05:21:02.334+0000] {logging_mixin.py:190} INFO - [2024-12-01T05:21:02.334+0000] {dag.py:3239} INFO - Sync 1 DAGs
[2024-12-01T05:21:02.343+0000] {logging_mixin.py:190} INFO - [2024-12-01T05:21:02.343+0000] {dag.py:4180} INFO - Setting next_dagrun for example_skip_dag to 2024-11-30 00:00:00+00:00, run_after=2024-12-01 00:00:00+00:00
[2024-12-01T05:21:02.352+0000] {processor.py:208} INFO - Processing /home/airflow/.local/lib/python3.12/site-packages/airflow/example_dags/example_skip_dag.py took 0.038 seconds
[2024-12-01T05:21:33.161+0000] {processor.py:186} INFO - Started process (PID=12276) to work on /home/airflow/.local/lib/python3.12/site-packages/airflow/example_dags/example_skip_dag.py
[2024-12-01T05:21:33.162+0000] {processor.py:914} INFO - Processing file /home/airflow/.local/lib/python3.12/site-packages/airflow/example_dags/example_skip_dag.py for tasks to queue
[2024-12-01T05:21:33.162+0000] {logging_mixin.py:190} INFO - [2024-12-01T05:21:33.162+0000] {dagbag.py:588} INFO - Filling up the DagBag from /home/airflow/.local/lib/python3.12/site-packages/airflow/example_dags/example_skip_dag.py
[2024-12-01T05:21:33.166+0000] {processor.py:925} INFO - DAG(s) 'example_skip_dag' retrieved from /home/airflow/.local/lib/python3.12/site-packages/airflow/example_dags/example_skip_dag.py
[2024-12-01T05:21:33.174+0000] {logging_mixin.py:190} INFO - [2024-12-01T05:21:33.174+0000] {dag.py:3239} INFO - Sync 1 DAGs
[2024-12-01T05:21:33.183+0000] {logging_mixin.py:190} INFO - [2024-12-01T05:21:33.183+0000] {dag.py:4180} INFO - Setting next_dagrun for example_skip_dag to 2024-11-30 00:00:00+00:00, run_after=2024-12-01 00:00:00+00:00
[2024-12-01T05:21:33.196+0000] {processor.py:208} INFO - Processing /home/airflow/.local/lib/python3.12/site-packages/airflow/example_dags/example_skip_dag.py took 0.037 seconds
[2024-12-01T05:22:04.065+0000] {processor.py:186} INFO - Started process (PID=12642) to work on /home/airflow/.local/lib/python3.12/site-packages/airflow/example_dags/example_skip_dag.py
[2024-12-01T05:22:04.066+0000] {processor.py:914} INFO - Processing file /home/airflow/.local/lib/python3.12/site-packages/airflow/example_dags/example_skip_dag.py for tasks to queue
[2024-12-01T05:22:04.066+0000] {logging_mixin.py:190} INFO - [2024-12-01T05:22:04.066+0000] {dagbag.py:588} INFO - Filling up the DagBag from /home/airflow/.local/lib/python3.12/site-packages/airflow/example_dags/example_skip_dag.py
[2024-12-01T05:22:04.070+0000] {processor.py:925} INFO - DAG(s) 'example_skip_dag' retrieved from /home/airflow/.local/lib/python3.12/site-packages/airflow/example_dags/example_skip_dag.py
[2024-12-01T05:22:04.079+0000] {logging_mixin.py:190} INFO - [2024-12-01T05:22:04.079+0000] {dag.py:3239} INFO - Sync 1 DAGs
[2024-12-01T05:22:04.089+0000] {logging_mixin.py:190} INFO - [2024-12-01T05:22:04.089+0000] {dag.py:4180} INFO - Setting next_dagrun for example_skip_dag to 2024-11-30 00:00:00+00:00, run_after=2024-12-01 00:00:00+00:00
[2024-12-01T05:22:04.096+0000] {processor.py:208} INFO - Processing /home/airflow/.local/lib/python3.12/site-packages/airflow/example_dags/example_skip_dag.py took 0.034 seconds
[2024-12-01T05:22:34.890+0000] {processor.py:186} INFO - Started process (PID=13006) to work on /home/airflow/.local/lib/python3.12/site-packages/airflow/example_dags/example_skip_dag.py
[2024-12-01T05:22:34.891+0000] {processor.py:914} INFO - Processing file /home/airflow/.local/lib/python3.12/site-packages/airflow/example_dags/example_skip_dag.py for tasks to queue
[2024-12-01T05:22:34.892+0000] {logging_mixin.py:190} INFO - [2024-12-01T05:22:34.892+0000] {dagbag.py:588} INFO - Filling up the DagBag from /home/airflow/.local/lib/python3.12/site-packages/airflow/example_dags/example_skip_dag.py
[2024-12-01T05:22:34.898+0000] {processor.py:925} INFO - DAG(s) 'example_skip_dag' retrieved from /home/airflow/.local/lib/python3.12/site-packages/airflow/example_dags/example_skip_dag.py
[2024-12-01T05:22:34.913+0000] {logging_mixin.py:190} INFO - [2024-12-01T05:22:34.912+0000] {dag.py:3239} INFO - Sync 1 DAGs
[2024-12-01T05:22:34.928+0000] {logging_mixin.py:190} INFO - [2024-12-01T05:22:34.928+0000] {dag.py:4180} INFO - Setting next_dagrun for example_skip_dag to 2024-11-30 00:00:00+00:00, run_after=2024-12-01 00:00:00+00:00
[2024-12-01T05:22:34.945+0000] {processor.py:208} INFO - Processing /home/airflow/.local/lib/python3.12/site-packages/airflow/example_dags/example_skip_dag.py took 0.059 seconds
[2024-12-01T05:23:05.361+0000] {processor.py:186} INFO - Started process (PID=13369) to work on /home/airflow/.local/lib/python3.12/site-packages/airflow/example_dags/example_skip_dag.py
[2024-12-01T05:23:05.362+0000] {processor.py:914} INFO - Processing file /home/airflow/.local/lib/python3.12/site-packages/airflow/example_dags/example_skip_dag.py for tasks to queue
[2024-12-01T05:23:05.362+0000] {logging_mixin.py:190} INFO - [2024-12-01T05:23:05.362+0000] {dagbag.py:588} INFO - Filling up the DagBag from /home/airflow/.local/lib/python3.12/site-packages/airflow/example_dags/example_skip_dag.py
[2024-12-01T05:23:05.366+0000] {processor.py:925} INFO - DAG(s) 'example_skip_dag' retrieved from /home/airflow/.local/lib/python3.12/site-packages/airflow/example_dags/example_skip_dag.py
[2024-12-01T05:23:05.378+0000] {logging_mixin.py:190} INFO - [2024-12-01T05:23:05.378+0000] {dag.py:3239} INFO - Sync 1 DAGs
[2024-12-01T05:23:05.387+0000] {logging_mixin.py:190} INFO - [2024-12-01T05:23:05.386+0000] {dag.py:4180} INFO - Setting next_dagrun for example_skip_dag to 2024-11-30 00:00:00+00:00, run_after=2024-12-01 00:00:00+00:00
[2024-12-01T05:23:05.395+0000] {processor.py:208} INFO - Processing /home/airflow/.local/lib/python3.12/site-packages/airflow/example_dags/example_skip_dag.py took 0.037 seconds
[2024-12-01T05:23:36.115+0000] {processor.py:186} INFO - Started process (PID=13735) to work on /home/airflow/.local/lib/python3.12/site-packages/airflow/example_dags/example_skip_dag.py
[2024-12-01T05:23:36.116+0000] {processor.py:914} INFO - Processing file /home/airflow/.local/lib/python3.12/site-packages/airflow/example_dags/example_skip_dag.py for tasks to queue
[2024-12-01T05:23:36.116+0000] {logging_mixin.py:190} INFO - [2024-12-01T05:23:36.116+0000] {dagbag.py:588} INFO - Filling up the DagBag from /home/airflow/.local/lib/python3.12/site-packages/airflow/example_dags/example_skip_dag.py
[2024-12-01T05:23:36.121+0000] {processor.py:925} INFO - DAG(s) 'example_skip_dag' retrieved from /home/airflow/.local/lib/python3.12/site-packages/airflow/example_dags/example_skip_dag.py
[2024-12-01T05:23:36.133+0000] {logging_mixin.py:190} INFO - [2024-12-01T05:23:36.133+0000] {dag.py:3239} INFO - Sync 1 DAGs
[2024-12-01T05:23:36.142+0000] {logging_mixin.py:190} INFO - [2024-12-01T05:23:36.142+0000] {dag.py:4180} INFO - Setting next_dagrun for example_skip_dag to 2024-11-30 00:00:00+00:00, run_after=2024-12-01 00:00:00+00:00
[2024-12-01T05:23:36.151+0000] {processor.py:208} INFO - Processing /home/airflow/.local/lib/python3.12/site-packages/airflow/example_dags/example_skip_dag.py took 0.040 seconds
[2024-12-01T05:24:06.775+0000] {processor.py:186} INFO - Started process (PID=14099) to work on /home/airflow/.local/lib/python3.12/site-packages/airflow/example_dags/example_skip_dag.py
[2024-12-01T05:24:06.775+0000] {processor.py:914} INFO - Processing file /home/airflow/.local/lib/python3.12/site-packages/airflow/example_dags/example_skip_dag.py for tasks to queue
[2024-12-01T05:24:06.775+0000] {logging_mixin.py:190} INFO - [2024-12-01T05:24:06.775+0000] {dagbag.py:588} INFO - Filling up the DagBag from /home/airflow/.local/lib/python3.12/site-packages/airflow/example_dags/example_skip_dag.py
[2024-12-01T05:24:06.779+0000] {processor.py:925} INFO - DAG(s) 'example_skip_dag' retrieved from /home/airflow/.local/lib/python3.12/site-packages/airflow/example_dags/example_skip_dag.py
[2024-12-01T05:24:06.788+0000] {logging_mixin.py:190} INFO - [2024-12-01T05:24:06.787+0000] {dag.py:3239} INFO - Sync 1 DAGs
[2024-12-01T05:24:06.795+0000] {logging_mixin.py:190} INFO - [2024-12-01T05:24:06.795+0000] {dag.py:4180} INFO - Setting next_dagrun for example_skip_dag to 2024-11-30 00:00:00+00:00, run_after=2024-12-01 00:00:00+00:00
[2024-12-01T05:24:06.802+0000] {processor.py:208} INFO - Processing /home/airflow/.local/lib/python3.12/site-packages/airflow/example_dags/example_skip_dag.py took 0.029 seconds
[2024-12-01T05:24:38.024+0000] {processor.py:186} INFO - Started process (PID=14475) to work on /home/airflow/.local/lib/python3.12/site-packages/airflow/example_dags/example_skip_dag.py
[2024-12-01T05:24:38.025+0000] {processor.py:914} INFO - Processing file /home/airflow/.local/lib/python3.12/site-packages/airflow/example_dags/example_skip_dag.py for tasks to queue
[2024-12-01T05:24:38.026+0000] {logging_mixin.py:190} INFO - [2024-12-01T05:24:38.025+0000] {dagbag.py:588} INFO - Filling up the DagBag from /home/airflow/.local/lib/python3.12/site-packages/airflow/example_dags/example_skip_dag.py
[2024-12-01T05:24:38.030+0000] {processor.py:925} INFO - DAG(s) 'example_skip_dag' retrieved from /home/airflow/.local/lib/python3.12/site-packages/airflow/example_dags/example_skip_dag.py
[2024-12-01T05:24:38.038+0000] {logging_mixin.py:190} INFO - [2024-12-01T05:24:38.038+0000] {dag.py:3239} INFO - Sync 1 DAGs
[2024-12-01T05:24:38.047+0000] {logging_mixin.py:190} INFO - [2024-12-01T05:24:38.047+0000] {dag.py:4180} INFO - Setting next_dagrun for example_skip_dag to 2024-11-30 00:00:00+00:00, run_after=2024-12-01 00:00:00+00:00
[2024-12-01T05:24:38.057+0000] {processor.py:208} INFO - Processing /home/airflow/.local/lib/python3.12/site-packages/airflow/example_dags/example_skip_dag.py took 0.035 seconds
[2024-12-01T05:25:08.444+0000] {processor.py:186} INFO - Started process (PID=14861) to work on /home/airflow/.local/lib/python3.12/site-packages/airflow/example_dags/example_skip_dag.py
[2024-12-01T05:25:08.444+0000] {processor.py:914} INFO - Processing file /home/airflow/.local/lib/python3.12/site-packages/airflow/example_dags/example_skip_dag.py for tasks to queue
[2024-12-01T05:25:08.444+0000] {logging_mixin.py:190} INFO - [2024-12-01T05:25:08.444+0000] {dagbag.py:588} INFO - Filling up the DagBag from /home/airflow/.local/lib/python3.12/site-packages/airflow/example_dags/example_skip_dag.py
[2024-12-01T05:25:08.448+0000] {processor.py:925} INFO - DAG(s) 'example_skip_dag' retrieved from /home/airflow/.local/lib/python3.12/site-packages/airflow/example_dags/example_skip_dag.py
[2024-12-01T05:25:08.456+0000] {logging_mixin.py:190} INFO - [2024-12-01T05:25:08.456+0000] {dag.py:3239} INFO - Sync 1 DAGs
[2024-12-01T05:25:08.464+0000] {logging_mixin.py:190} INFO - [2024-12-01T05:25:08.464+0000] {dag.py:4180} INFO - Setting next_dagrun for example_skip_dag to 2024-11-30 00:00:00+00:00, run_after=2024-12-01 00:00:00+00:00
[2024-12-01T05:25:08.473+0000] {processor.py:208} INFO - Processing /home/airflow/.local/lib/python3.12/site-packages/airflow/example_dags/example_skip_dag.py took 0.032 seconds
[2024-12-01T05:25:39.243+0000] {processor.py:186} INFO - Started process (PID=15222) to work on /home/airflow/.local/lib/python3.12/site-packages/airflow/example_dags/example_skip_dag.py
[2024-12-01T05:25:39.245+0000] {processor.py:914} INFO - Processing file /home/airflow/.local/lib/python3.12/site-packages/airflow/example_dags/example_skip_dag.py for tasks to queue
[2024-12-01T05:25:39.246+0000] {logging_mixin.py:190} INFO - [2024-12-01T05:25:39.246+0000] {dagbag.py:588} INFO - Filling up the DagBag from /home/airflow/.local/lib/python3.12/site-packages/airflow/example_dags/example_skip_dag.py
[2024-12-01T05:25:39.250+0000] {processor.py:925} INFO - DAG(s) 'example_skip_dag' retrieved from /home/airflow/.local/lib/python3.12/site-packages/airflow/example_dags/example_skip_dag.py
[2024-12-01T05:25:39.367+0000] {logging_mixin.py:190} INFO - [2024-12-01T05:25:39.367+0000] {dag.py:3239} INFO - Sync 1 DAGs
[2024-12-01T05:25:39.376+0000] {logging_mixin.py:190} INFO - [2024-12-01T05:25:39.376+0000] {dag.py:4180} INFO - Setting next_dagrun for example_skip_dag to 2024-11-30 00:00:00+00:00, run_after=2024-12-01 00:00:00+00:00
[2024-12-01T05:25:39.383+0000] {processor.py:208} INFO - Processing /home/airflow/.local/lib/python3.12/site-packages/airflow/example_dags/example_skip_dag.py took 0.143 seconds
[2024-12-01T05:26:09.448+0000] {processor.py:186} INFO - Started process (PID=15603) to work on /home/airflow/.local/lib/python3.12/site-packages/airflow/example_dags/example_skip_dag.py
[2024-12-01T05:26:09.449+0000] {processor.py:914} INFO - Processing file /home/airflow/.local/lib/python3.12/site-packages/airflow/example_dags/example_skip_dag.py for tasks to queue
[2024-12-01T05:26:09.449+0000] {logging_mixin.py:190} INFO - [2024-12-01T05:26:09.449+0000] {dagbag.py:588} INFO - Filling up the DagBag from /home/airflow/.local/lib/python3.12/site-packages/airflow/example_dags/example_skip_dag.py
[2024-12-01T05:26:09.453+0000] {processor.py:925} INFO - DAG(s) 'example_skip_dag' retrieved from /home/airflow/.local/lib/python3.12/site-packages/airflow/example_dags/example_skip_dag.py
[2024-12-01T05:26:09.460+0000] {logging_mixin.py:190} INFO - [2024-12-01T05:26:09.460+0000] {dag.py:3239} INFO - Sync 1 DAGs
[2024-12-01T05:26:09.468+0000] {logging_mixin.py:190} INFO - [2024-12-01T05:26:09.468+0000] {dag.py:4180} INFO - Setting next_dagrun for example_skip_dag to 2024-11-30 00:00:00+00:00, run_after=2024-12-01 00:00:00+00:00
[2024-12-01T05:26:09.473+0000] {processor.py:208} INFO - Processing /home/airflow/.local/lib/python3.12/site-packages/airflow/example_dags/example_skip_dag.py took 0.028 seconds
[2024-12-01T05:26:39.862+0000] {processor.py:186} INFO - Started process (PID=15968) to work on /home/airflow/.local/lib/python3.12/site-packages/airflow/example_dags/example_skip_dag.py
[2024-12-01T05:26:39.862+0000] {processor.py:914} INFO - Processing file /home/airflow/.local/lib/python3.12/site-packages/airflow/example_dags/example_skip_dag.py for tasks to queue
[2024-12-01T05:26:39.862+0000] {logging_mixin.py:190} INFO - [2024-12-01T05:26:39.862+0000] {dagbag.py:588} INFO - Filling up the DagBag from /home/airflow/.local/lib/python3.12/site-packages/airflow/example_dags/example_skip_dag.py
[2024-12-01T05:26:39.866+0000] {processor.py:925} INFO - DAG(s) 'example_skip_dag' retrieved from /home/airflow/.local/lib/python3.12/site-packages/airflow/example_dags/example_skip_dag.py
[2024-12-01T05:26:39.874+0000] {logging_mixin.py:190} INFO - [2024-12-01T05:26:39.874+0000] {dag.py:3239} INFO - Sync 1 DAGs
[2024-12-01T05:26:39.882+0000] {logging_mixin.py:190} INFO - [2024-12-01T05:26:39.882+0000] {dag.py:4180} INFO - Setting next_dagrun for example_skip_dag to 2024-11-30 00:00:00+00:00, run_after=2024-12-01 00:00:00+00:00
[2024-12-01T05:26:39.889+0000] {processor.py:208} INFO - Processing /home/airflow/.local/lib/python3.12/site-packages/airflow/example_dags/example_skip_dag.py took 0.030 seconds
[2024-12-01T05:27:10.230+0000] {processor.py:186} INFO - Started process (PID=16344) to work on /home/airflow/.local/lib/python3.12/site-packages/airflow/example_dags/example_skip_dag.py
[2024-12-01T05:27:10.231+0000] {processor.py:914} INFO - Processing file /home/airflow/.local/lib/python3.12/site-packages/airflow/example_dags/example_skip_dag.py for tasks to queue
[2024-12-01T05:27:10.232+0000] {logging_mixin.py:190} INFO - [2024-12-01T05:27:10.232+0000] {dagbag.py:588} INFO - Filling up the DagBag from /home/airflow/.local/lib/python3.12/site-packages/airflow/example_dags/example_skip_dag.py
[2024-12-01T05:27:10.238+0000] {processor.py:925} INFO - DAG(s) 'example_skip_dag' retrieved from /home/airflow/.local/lib/python3.12/site-packages/airflow/example_dags/example_skip_dag.py
[2024-12-01T05:27:10.251+0000] {logging_mixin.py:190} INFO - [2024-12-01T05:27:10.251+0000] {dag.py:3239} INFO - Sync 1 DAGs
[2024-12-01T05:27:10.264+0000] {logging_mixin.py:190} INFO - [2024-12-01T05:27:10.264+0000] {dag.py:4180} INFO - Setting next_dagrun for example_skip_dag to 2024-11-30 00:00:00+00:00, run_after=2024-12-01 00:00:00+00:00
[2024-12-01T05:27:10.275+0000] {processor.py:208} INFO - Processing /home/airflow/.local/lib/python3.12/site-packages/airflow/example_dags/example_skip_dag.py took 0.047 seconds
[2024-12-01T05:27:40.961+0000] {processor.py:186} INFO - Started process (PID=16749) to work on /home/airflow/.local/lib/python3.12/site-packages/airflow/example_dags/example_skip_dag.py
[2024-12-01T05:27:40.962+0000] {processor.py:914} INFO - Processing file /home/airflow/.local/lib/python3.12/site-packages/airflow/example_dags/example_skip_dag.py for tasks to queue
[2024-12-01T05:27:40.963+0000] {logging_mixin.py:190} INFO - [2024-12-01T05:27:40.963+0000] {dagbag.py:588} INFO - Filling up the DagBag from /home/airflow/.local/lib/python3.12/site-packages/airflow/example_dags/example_skip_dag.py
[2024-12-01T05:27:40.968+0000] {processor.py:925} INFO - DAG(s) 'example_skip_dag' retrieved from /home/airflow/.local/lib/python3.12/site-packages/airflow/example_dags/example_skip_dag.py
[2024-12-01T05:27:40.981+0000] {logging_mixin.py:190} INFO - [2024-12-01T05:27:40.981+0000] {dag.py:3239} INFO - Sync 1 DAGs
[2024-12-01T05:27:40.991+0000] {logging_mixin.py:190} INFO - [2024-12-01T05:27:40.991+0000] {dag.py:4180} INFO - Setting next_dagrun for example_skip_dag to 2024-11-30 00:00:00+00:00, run_after=2024-12-01 00:00:00+00:00
[2024-12-01T05:27:41.000+0000] {processor.py:208} INFO - Processing /home/airflow/.local/lib/python3.12/site-packages/airflow/example_dags/example_skip_dag.py took 0.042 seconds
[2024-12-01T05:28:11.550+0000] {processor.py:186} INFO - Started process (PID=17134) to work on /home/airflow/.local/lib/python3.12/site-packages/airflow/example_dags/example_skip_dag.py
[2024-12-01T05:28:11.551+0000] {processor.py:914} INFO - Processing file /home/airflow/.local/lib/python3.12/site-packages/airflow/example_dags/example_skip_dag.py for tasks to queue
[2024-12-01T05:28:11.552+0000] {logging_mixin.py:190} INFO - [2024-12-01T05:28:11.552+0000] {dagbag.py:588} INFO - Filling up the DagBag from /home/airflow/.local/lib/python3.12/site-packages/airflow/example_dags/example_skip_dag.py
[2024-12-01T05:28:11.556+0000] {processor.py:925} INFO - DAG(s) 'example_skip_dag' retrieved from /home/airflow/.local/lib/python3.12/site-packages/airflow/example_dags/example_skip_dag.py
[2024-12-01T05:28:11.568+0000] {logging_mixin.py:190} INFO - [2024-12-01T05:28:11.568+0000] {dag.py:3239} INFO - Sync 1 DAGs
[2024-12-01T05:28:11.578+0000] {logging_mixin.py:190} INFO - [2024-12-01T05:28:11.578+0000] {dag.py:4180} INFO - Setting next_dagrun for example_skip_dag to 2024-11-30 00:00:00+00:00, run_after=2024-12-01 00:00:00+00:00
[2024-12-01T05:28:11.586+0000] {processor.py:208} INFO - Processing /home/airflow/.local/lib/python3.12/site-packages/airflow/example_dags/example_skip_dag.py took 0.038 seconds
[2024-12-01T05:28:42.477+0000] {processor.py:186} INFO - Started process (PID=17515) to work on /home/airflow/.local/lib/python3.12/site-packages/airflow/example_dags/example_skip_dag.py
[2024-12-01T05:28:42.478+0000] {processor.py:914} INFO - Processing file /home/airflow/.local/lib/python3.12/site-packages/airflow/example_dags/example_skip_dag.py for tasks to queue
[2024-12-01T05:28:42.478+0000] {logging_mixin.py:190} INFO - [2024-12-01T05:28:42.478+0000] {dagbag.py:588} INFO - Filling up the DagBag from /home/airflow/.local/lib/python3.12/site-packages/airflow/example_dags/example_skip_dag.py
[2024-12-01T05:28:42.482+0000] {processor.py:925} INFO - DAG(s) 'example_skip_dag' retrieved from /home/airflow/.local/lib/python3.12/site-packages/airflow/example_dags/example_skip_dag.py
[2024-12-01T05:28:42.491+0000] {logging_mixin.py:190} INFO - [2024-12-01T05:28:42.491+0000] {dag.py:3239} INFO - Sync 1 DAGs
[2024-12-01T05:28:42.501+0000] {logging_mixin.py:190} INFO - [2024-12-01T05:28:42.501+0000] {dag.py:4180} INFO - Setting next_dagrun for example_skip_dag to 2024-11-30 00:00:00+00:00, run_after=2024-12-01 00:00:00+00:00
[2024-12-01T05:28:42.510+0000] {processor.py:208} INFO - Processing /home/airflow/.local/lib/python3.12/site-packages/airflow/example_dags/example_skip_dag.py took 0.036 seconds
[2024-12-01T05:29:12.978+0000] {processor.py:186} INFO - Started process (PID=17893) to work on /home/airflow/.local/lib/python3.12/site-packages/airflow/example_dags/example_skip_dag.py
[2024-12-01T05:29:12.979+0000] {processor.py:914} INFO - Processing file /home/airflow/.local/lib/python3.12/site-packages/airflow/example_dags/example_skip_dag.py for tasks to queue
[2024-12-01T05:29:12.979+0000] {logging_mixin.py:190} INFO - [2024-12-01T05:29:12.979+0000] {dagbag.py:588} INFO - Filling up the DagBag from /home/airflow/.local/lib/python3.12/site-packages/airflow/example_dags/example_skip_dag.py
[2024-12-01T05:29:12.985+0000] {processor.py:925} INFO - DAG(s) 'example_skip_dag' retrieved from /home/airflow/.local/lib/python3.12/site-packages/airflow/example_dags/example_skip_dag.py
[2024-12-01T05:29:12.996+0000] {logging_mixin.py:190} INFO - [2024-12-01T05:29:12.996+0000] {dag.py:3239} INFO - Sync 1 DAGs
[2024-12-01T05:29:13.004+0000] {logging_mixin.py:190} INFO - [2024-12-01T05:29:13.004+0000] {dag.py:4180} INFO - Setting next_dagrun for example_skip_dag to 2024-11-30 00:00:00+00:00, run_after=2024-12-01 00:00:00+00:00
[2024-12-01T05:29:13.013+0000] {processor.py:208} INFO - Processing /home/airflow/.local/lib/python3.12/site-packages/airflow/example_dags/example_skip_dag.py took 0.037 seconds
[2024-12-01T05:29:43.383+0000] {processor.py:186} INFO - Started process (PID=18257) to work on /home/airflow/.local/lib/python3.12/site-packages/airflow/example_dags/example_skip_dag.py
[2024-12-01T05:29:43.386+0000] {processor.py:914} INFO - Processing file /home/airflow/.local/lib/python3.12/site-packages/airflow/example_dags/example_skip_dag.py for tasks to queue
[2024-12-01T05:29:43.387+0000] {logging_mixin.py:190} INFO - [2024-12-01T05:29:43.387+0000] {dagbag.py:588} INFO - Filling up the DagBag from /home/airflow/.local/lib/python3.12/site-packages/airflow/example_dags/example_skip_dag.py
[2024-12-01T05:29:43.391+0000] {processor.py:925} INFO - DAG(s) 'example_skip_dag' retrieved from /home/airflow/.local/lib/python3.12/site-packages/airflow/example_dags/example_skip_dag.py
[2024-12-01T05:29:43.400+0000] {logging_mixin.py:190} INFO - [2024-12-01T05:29:43.400+0000] {dag.py:3239} INFO - Sync 1 DAGs
[2024-12-01T05:29:43.410+0000] {logging_mixin.py:190} INFO - [2024-12-01T05:29:43.410+0000] {dag.py:4180} INFO - Setting next_dagrun for example_skip_dag to 2024-11-30 00:00:00+00:00, run_after=2024-12-01 00:00:00+00:00
[2024-12-01T05:29:43.418+0000] {processor.py:208} INFO - Processing /home/airflow/.local/lib/python3.12/site-packages/airflow/example_dags/example_skip_dag.py took 0.038 seconds
