[2024-12-01T05:05:09.947+0000] {processor.py:186} INFO - Started process (PID=268) to work on /home/airflow/.local/lib/python3.12/site-packages/airflow/example_dags/example_short_circuit_operator.py
[2024-12-01T05:05:09.951+0000] {processor.py:914} INFO - Processing file /home/airflow/.local/lib/python3.12/site-packages/airflow/example_dags/example_short_circuit_operator.py for tasks to queue
[2024-12-01T05:05:09.955+0000] {logging_mixin.py:190} INFO - [2024-12-01T05:05:09.955+0000] {dagbag.py:588} INFO - Filling up the DagBag from /home/airflow/.local/lib/python3.12/site-packages/airflow/example_dags/example_short_circuit_operator.py
[2024-12-01T05:05:09.960+0000] {processor.py:925} INFO - DAG(s) 'example_short_circuit_operator' retrieved from /home/airflow/.local/lib/python3.12/site-packages/airflow/example_dags/example_short_circuit_operator.py
[2024-12-01T05:05:09.985+0000] {logging_mixin.py:190} INFO - [2024-12-01T05:05:09.984+0000] {dag.py:3239} INFO - Sync 1 DAGs
[2024-12-01T05:05:10.001+0000] {logging_mixin.py:190} INFO - [2024-12-01T05:05:10.001+0000] {dag.py:4180} INFO - Setting next_dagrun for example_short_circuit_operator to None, run_after=None
[2024-12-01T05:05:10.024+0000] {processor.py:208} INFO - Processing /home/airflow/.local/lib/python3.12/site-packages/airflow/example_dags/example_short_circuit_operator.py took 0.084 seconds
[2024-12-01T05:05:40.294+0000] {processor.py:186} INFO - Started process (PID=647) to work on /home/airflow/.local/lib/python3.12/site-packages/airflow/example_dags/example_short_circuit_operator.py
[2024-12-01T05:05:40.295+0000] {processor.py:914} INFO - Processing file /home/airflow/.local/lib/python3.12/site-packages/airflow/example_dags/example_short_circuit_operator.py for tasks to queue
[2024-12-01T05:05:40.296+0000] {logging_mixin.py:190} INFO - [2024-12-01T05:05:40.296+0000] {dagbag.py:588} INFO - Filling up the DagBag from /home/airflow/.local/lib/python3.12/site-packages/airflow/example_dags/example_short_circuit_operator.py
[2024-12-01T05:05:40.299+0000] {processor.py:925} INFO - DAG(s) 'example_short_circuit_operator' retrieved from /home/airflow/.local/lib/python3.12/site-packages/airflow/example_dags/example_short_circuit_operator.py
[2024-12-01T05:05:40.311+0000] {logging_mixin.py:190} INFO - [2024-12-01T05:05:40.311+0000] {dag.py:3239} INFO - Sync 1 DAGs
[2024-12-01T05:05:40.316+0000] {logging_mixin.py:190} INFO - [2024-12-01T05:05:40.316+0000] {dag.py:4180} INFO - Setting next_dagrun for example_short_circuit_operator to None, run_after=None
[2024-12-01T05:05:40.323+0000] {processor.py:208} INFO - Processing /home/airflow/.local/lib/python3.12/site-packages/airflow/example_dags/example_short_circuit_operator.py took 0.031 seconds
[2024-12-01T05:06:10.988+0000] {processor.py:186} INFO - Started process (PID=1018) to work on /home/airflow/.local/lib/python3.12/site-packages/airflow/example_dags/example_short_circuit_operator.py
[2024-12-01T05:06:10.989+0000] {processor.py:914} INFO - Processing file /home/airflow/.local/lib/python3.12/site-packages/airflow/example_dags/example_short_circuit_operator.py for tasks to queue
[2024-12-01T05:06:10.990+0000] {logging_mixin.py:190} INFO - [2024-12-01T05:06:10.990+0000] {dagbag.py:588} INFO - Filling up the DagBag from /home/airflow/.local/lib/python3.12/site-packages/airflow/example_dags/example_short_circuit_operator.py
[2024-12-01T05:06:10.995+0000] {processor.py:925} INFO - DAG(s) 'example_short_circuit_operator' retrieved from /home/airflow/.local/lib/python3.12/site-packages/airflow/example_dags/example_short_circuit_operator.py
[2024-12-01T05:06:11.004+0000] {logging_mixin.py:190} INFO - [2024-12-01T05:06:11.003+0000] {dag.py:3239} INFO - Sync 1 DAGs
[2024-12-01T05:06:11.011+0000] {logging_mixin.py:190} INFO - [2024-12-01T05:06:11.011+0000] {dag.py:4180} INFO - Setting next_dagrun for example_short_circuit_operator to None, run_after=None
[2024-12-01T05:06:11.020+0000] {processor.py:208} INFO - Processing /home/airflow/.local/lib/python3.12/site-packages/airflow/example_dags/example_short_circuit_operator.py took 0.034 seconds
[2024-12-01T05:06:41.715+0000] {processor.py:186} INFO - Started process (PID=1386) to work on /home/airflow/.local/lib/python3.12/site-packages/airflow/example_dags/example_short_circuit_operator.py
[2024-12-01T05:06:41.716+0000] {processor.py:914} INFO - Processing file /home/airflow/.local/lib/python3.12/site-packages/airflow/example_dags/example_short_circuit_operator.py for tasks to queue
[2024-12-01T05:06:41.717+0000] {logging_mixin.py:190} INFO - [2024-12-01T05:06:41.717+0000] {dagbag.py:588} INFO - Filling up the DagBag from /home/airflow/.local/lib/python3.12/site-packages/airflow/example_dags/example_short_circuit_operator.py
[2024-12-01T05:06:41.720+0000] {processor.py:925} INFO - DAG(s) 'example_short_circuit_operator' retrieved from /home/airflow/.local/lib/python3.12/site-packages/airflow/example_dags/example_short_circuit_operator.py
[2024-12-01T05:06:41.730+0000] {logging_mixin.py:190} INFO - [2024-12-01T05:06:41.730+0000] {dag.py:3239} INFO - Sync 1 DAGs
[2024-12-01T05:06:41.737+0000] {logging_mixin.py:190} INFO - [2024-12-01T05:06:41.737+0000] {dag.py:4180} INFO - Setting next_dagrun for example_short_circuit_operator to None, run_after=None
[2024-12-01T05:06:41.744+0000] {processor.py:208} INFO - Processing /home/airflow/.local/lib/python3.12/site-packages/airflow/example_dags/example_short_circuit_operator.py took 0.032 seconds
[2024-12-01T05:07:12.602+0000] {processor.py:186} INFO - Started process (PID=1762) to work on /home/airflow/.local/lib/python3.12/site-packages/airflow/example_dags/example_short_circuit_operator.py
[2024-12-01T05:07:12.603+0000] {processor.py:914} INFO - Processing file /home/airflow/.local/lib/python3.12/site-packages/airflow/example_dags/example_short_circuit_operator.py for tasks to queue
[2024-12-01T05:07:12.603+0000] {logging_mixin.py:190} INFO - [2024-12-01T05:07:12.603+0000] {dagbag.py:588} INFO - Filling up the DagBag from /home/airflow/.local/lib/python3.12/site-packages/airflow/example_dags/example_short_circuit_operator.py
[2024-12-01T05:07:12.607+0000] {processor.py:925} INFO - DAG(s) 'example_short_circuit_operator' retrieved from /home/airflow/.local/lib/python3.12/site-packages/airflow/example_dags/example_short_circuit_operator.py
[2024-12-01T05:07:12.615+0000] {logging_mixin.py:190} INFO - [2024-12-01T05:07:12.615+0000] {dag.py:3239} INFO - Sync 1 DAGs
[2024-12-01T05:07:12.622+0000] {logging_mixin.py:190} INFO - [2024-12-01T05:07:12.622+0000] {dag.py:4180} INFO - Setting next_dagrun for example_short_circuit_operator to None, run_after=None
[2024-12-01T05:07:12.635+0000] {processor.py:208} INFO - Processing /home/airflow/.local/lib/python3.12/site-packages/airflow/example_dags/example_short_circuit_operator.py took 0.035 seconds
[2024-12-01T05:07:43.233+0000] {processor.py:186} INFO - Started process (PID=2158) to work on /home/airflow/.local/lib/python3.12/site-packages/airflow/example_dags/example_short_circuit_operator.py
[2024-12-01T05:07:43.234+0000] {processor.py:914} INFO - Processing file /home/airflow/.local/lib/python3.12/site-packages/airflow/example_dags/example_short_circuit_operator.py for tasks to queue
[2024-12-01T05:07:43.234+0000] {logging_mixin.py:190} INFO - [2024-12-01T05:07:43.234+0000] {dagbag.py:588} INFO - Filling up the DagBag from /home/airflow/.local/lib/python3.12/site-packages/airflow/example_dags/example_short_circuit_operator.py
[2024-12-01T05:07:43.239+0000] {processor.py:925} INFO - DAG(s) 'example_short_circuit_operator' retrieved from /home/airflow/.local/lib/python3.12/site-packages/airflow/example_dags/example_short_circuit_operator.py
[2024-12-01T05:07:43.249+0000] {logging_mixin.py:190} INFO - [2024-12-01T05:07:43.249+0000] {dag.py:3239} INFO - Sync 1 DAGs
[2024-12-01T05:07:43.257+0000] {logging_mixin.py:190} INFO - [2024-12-01T05:07:43.257+0000] {dag.py:4180} INFO - Setting next_dagrun for example_short_circuit_operator to None, run_after=None
[2024-12-01T05:07:43.264+0000] {processor.py:208} INFO - Processing /home/airflow/.local/lib/python3.12/site-packages/airflow/example_dags/example_short_circuit_operator.py took 0.033 seconds
[2024-12-01T05:08:13.855+0000] {processor.py:186} INFO - Started process (PID=2524) to work on /home/airflow/.local/lib/python3.12/site-packages/airflow/example_dags/example_short_circuit_operator.py
[2024-12-01T05:08:13.857+0000] {processor.py:914} INFO - Processing file /home/airflow/.local/lib/python3.12/site-packages/airflow/example_dags/example_short_circuit_operator.py for tasks to queue
[2024-12-01T05:08:13.858+0000] {logging_mixin.py:190} INFO - [2024-12-01T05:08:13.858+0000] {dagbag.py:588} INFO - Filling up the DagBag from /home/airflow/.local/lib/python3.12/site-packages/airflow/example_dags/example_short_circuit_operator.py
[2024-12-01T05:08:13.861+0000] {processor.py:925} INFO - DAG(s) 'example_short_circuit_operator' retrieved from /home/airflow/.local/lib/python3.12/site-packages/airflow/example_dags/example_short_circuit_operator.py
[2024-12-01T05:08:13.870+0000] {logging_mixin.py:190} INFO - [2024-12-01T05:08:13.870+0000] {dag.py:3239} INFO - Sync 1 DAGs
[2024-12-01T05:08:13.877+0000] {logging_mixin.py:190} INFO - [2024-12-01T05:08:13.877+0000] {dag.py:4180} INFO - Setting next_dagrun for example_short_circuit_operator to None, run_after=None
[2024-12-01T05:08:13.883+0000] {processor.py:208} INFO - Processing /home/airflow/.local/lib/python3.12/site-packages/airflow/example_dags/example_short_circuit_operator.py took 0.030 seconds
[2024-12-01T05:08:44.430+0000] {processor.py:186} INFO - Started process (PID=2899) to work on /home/airflow/.local/lib/python3.12/site-packages/airflow/example_dags/example_short_circuit_operator.py
[2024-12-01T05:08:44.433+0000] {processor.py:914} INFO - Processing file /home/airflow/.local/lib/python3.12/site-packages/airflow/example_dags/example_short_circuit_operator.py for tasks to queue
[2024-12-01T05:08:44.433+0000] {logging_mixin.py:190} INFO - [2024-12-01T05:08:44.433+0000] {dagbag.py:588} INFO - Filling up the DagBag from /home/airflow/.local/lib/python3.12/site-packages/airflow/example_dags/example_short_circuit_operator.py
[2024-12-01T05:08:44.438+0000] {processor.py:925} INFO - DAG(s) 'example_short_circuit_operator' retrieved from /home/airflow/.local/lib/python3.12/site-packages/airflow/example_dags/example_short_circuit_operator.py
[2024-12-01T05:08:44.450+0000] {logging_mixin.py:190} INFO - [2024-12-01T05:08:44.450+0000] {dag.py:3239} INFO - Sync 1 DAGs
[2024-12-01T05:08:44.456+0000] {logging_mixin.py:190} INFO - [2024-12-01T05:08:44.456+0000] {dag.py:4180} INFO - Setting next_dagrun for example_short_circuit_operator to None, run_after=None
[2024-12-01T05:08:44.462+0000] {processor.py:208} INFO - Processing /home/airflow/.local/lib/python3.12/site-packages/airflow/example_dags/example_short_circuit_operator.py took 0.035 seconds
[2024-12-01T05:09:15.276+0000] {processor.py:186} INFO - Started process (PID=3270) to work on /home/airflow/.local/lib/python3.12/site-packages/airflow/example_dags/example_short_circuit_operator.py
[2024-12-01T05:09:15.277+0000] {processor.py:914} INFO - Processing file /home/airflow/.local/lib/python3.12/site-packages/airflow/example_dags/example_short_circuit_operator.py for tasks to queue
[2024-12-01T05:09:15.277+0000] {logging_mixin.py:190} INFO - [2024-12-01T05:09:15.277+0000] {dagbag.py:588} INFO - Filling up the DagBag from /home/airflow/.local/lib/python3.12/site-packages/airflow/example_dags/example_short_circuit_operator.py
[2024-12-01T05:09:15.281+0000] {processor.py:925} INFO - DAG(s) 'example_short_circuit_operator' retrieved from /home/airflow/.local/lib/python3.12/site-packages/airflow/example_dags/example_short_circuit_operator.py
[2024-12-01T05:09:15.292+0000] {logging_mixin.py:190} INFO - [2024-12-01T05:09:15.292+0000] {dag.py:3239} INFO - Sync 1 DAGs
[2024-12-01T05:09:15.298+0000] {logging_mixin.py:190} INFO - [2024-12-01T05:09:15.298+0000] {dag.py:4180} INFO - Setting next_dagrun for example_short_circuit_operator to None, run_after=None
[2024-12-01T05:09:15.307+0000] {processor.py:208} INFO - Processing /home/airflow/.local/lib/python3.12/site-packages/airflow/example_dags/example_short_circuit_operator.py took 0.034 seconds
[2024-12-01T05:09:46.011+0000] {processor.py:186} INFO - Started process (PID=3645) to work on /home/airflow/.local/lib/python3.12/site-packages/airflow/example_dags/example_short_circuit_operator.py
[2024-12-01T05:09:46.011+0000] {processor.py:914} INFO - Processing file /home/airflow/.local/lib/python3.12/site-packages/airflow/example_dags/example_short_circuit_operator.py for tasks to queue
[2024-12-01T05:09:46.012+0000] {logging_mixin.py:190} INFO - [2024-12-01T05:09:46.011+0000] {dagbag.py:588} INFO - Filling up the DagBag from /home/airflow/.local/lib/python3.12/site-packages/airflow/example_dags/example_short_circuit_operator.py
[2024-12-01T05:09:46.016+0000] {processor.py:925} INFO - DAG(s) 'example_short_circuit_operator' retrieved from /home/airflow/.local/lib/python3.12/site-packages/airflow/example_dags/example_short_circuit_operator.py
[2024-12-01T05:09:46.027+0000] {logging_mixin.py:190} INFO - [2024-12-01T05:09:46.027+0000] {dag.py:3239} INFO - Sync 1 DAGs
[2024-12-01T05:09:46.033+0000] {logging_mixin.py:190} INFO - [2024-12-01T05:09:46.033+0000] {dag.py:4180} INFO - Setting next_dagrun for example_short_circuit_operator to None, run_after=None
[2024-12-01T05:09:46.043+0000] {processor.py:208} INFO - Processing /home/airflow/.local/lib/python3.12/site-packages/airflow/example_dags/example_short_circuit_operator.py took 0.035 seconds
[2024-12-01T05:10:16.796+0000] {processor.py:186} INFO - Started process (PID=4064) to work on /home/airflow/.local/lib/python3.12/site-packages/airflow/example_dags/example_short_circuit_operator.py
[2024-12-01T05:10:16.797+0000] {processor.py:914} INFO - Processing file /home/airflow/.local/lib/python3.12/site-packages/airflow/example_dags/example_short_circuit_operator.py for tasks to queue
[2024-12-01T05:10:16.797+0000] {logging_mixin.py:190} INFO - [2024-12-01T05:10:16.797+0000] {dagbag.py:588} INFO - Filling up the DagBag from /home/airflow/.local/lib/python3.12/site-packages/airflow/example_dags/example_short_circuit_operator.py
[2024-12-01T05:10:16.801+0000] {processor.py:925} INFO - DAG(s) 'example_short_circuit_operator' retrieved from /home/airflow/.local/lib/python3.12/site-packages/airflow/example_dags/example_short_circuit_operator.py
[2024-12-01T05:10:16.812+0000] {logging_mixin.py:190} INFO - [2024-12-01T05:10:16.812+0000] {dag.py:3239} INFO - Sync 1 DAGs
[2024-12-01T05:10:16.818+0000] {logging_mixin.py:190} INFO - [2024-12-01T05:10:16.817+0000] {dag.py:4180} INFO - Setting next_dagrun for example_short_circuit_operator to None, run_after=None
[2024-12-01T05:10:16.827+0000] {processor.py:208} INFO - Processing /home/airflow/.local/lib/python3.12/site-packages/airflow/example_dags/example_short_circuit_operator.py took 0.033 seconds
[2024-12-01T05:10:47.458+0000] {processor.py:186} INFO - Started process (PID=4452) to work on /home/airflow/.local/lib/python3.12/site-packages/airflow/example_dags/example_short_circuit_operator.py
[2024-12-01T05:10:47.458+0000] {processor.py:914} INFO - Processing file /home/airflow/.local/lib/python3.12/site-packages/airflow/example_dags/example_short_circuit_operator.py for tasks to queue
[2024-12-01T05:10:47.459+0000] {logging_mixin.py:190} INFO - [2024-12-01T05:10:47.459+0000] {dagbag.py:588} INFO - Filling up the DagBag from /home/airflow/.local/lib/python3.12/site-packages/airflow/example_dags/example_short_circuit_operator.py
[2024-12-01T05:10:47.463+0000] {processor.py:925} INFO - DAG(s) 'example_short_circuit_operator' retrieved from /home/airflow/.local/lib/python3.12/site-packages/airflow/example_dags/example_short_circuit_operator.py
[2024-12-01T05:10:47.472+0000] {logging_mixin.py:190} INFO - [2024-12-01T05:10:47.472+0000] {dag.py:3239} INFO - Sync 1 DAGs
[2024-12-01T05:10:47.478+0000] {logging_mixin.py:190} INFO - [2024-12-01T05:10:47.478+0000] {dag.py:4180} INFO - Setting next_dagrun for example_short_circuit_operator to None, run_after=None
[2024-12-01T05:10:47.489+0000] {processor.py:208} INFO - Processing /home/airflow/.local/lib/python3.12/site-packages/airflow/example_dags/example_short_circuit_operator.py took 0.033 seconds
[2024-12-01T05:11:18.115+0000] {processor.py:186} INFO - Started process (PID=4820) to work on /home/airflow/.local/lib/python3.12/site-packages/airflow/example_dags/example_short_circuit_operator.py
[2024-12-01T05:11:18.116+0000] {processor.py:914} INFO - Processing file /home/airflow/.local/lib/python3.12/site-packages/airflow/example_dags/example_short_circuit_operator.py for tasks to queue
[2024-12-01T05:11:18.116+0000] {logging_mixin.py:190} INFO - [2024-12-01T05:11:18.116+0000] {dagbag.py:588} INFO - Filling up the DagBag from /home/airflow/.local/lib/python3.12/site-packages/airflow/example_dags/example_short_circuit_operator.py
[2024-12-01T05:11:18.120+0000] {processor.py:925} INFO - DAG(s) 'example_short_circuit_operator' retrieved from /home/airflow/.local/lib/python3.12/site-packages/airflow/example_dags/example_short_circuit_operator.py
[2024-12-01T05:11:18.128+0000] {logging_mixin.py:190} INFO - [2024-12-01T05:11:18.128+0000] {dag.py:3239} INFO - Sync 1 DAGs
[2024-12-01T05:11:18.133+0000] {logging_mixin.py:190} INFO - [2024-12-01T05:11:18.133+0000] {dag.py:4180} INFO - Setting next_dagrun for example_short_circuit_operator to None, run_after=None
[2024-12-01T05:11:18.141+0000] {processor.py:208} INFO - Processing /home/airflow/.local/lib/python3.12/site-packages/airflow/example_dags/example_short_circuit_operator.py took 0.028 seconds
[2024-12-01T05:11:48.534+0000] {processor.py:186} INFO - Started process (PID=5184) to work on /home/airflow/.local/lib/python3.12/site-packages/airflow/example_dags/example_short_circuit_operator.py
[2024-12-01T05:11:48.534+0000] {processor.py:914} INFO - Processing file /home/airflow/.local/lib/python3.12/site-packages/airflow/example_dags/example_short_circuit_operator.py for tasks to queue
[2024-12-01T05:11:48.535+0000] {logging_mixin.py:190} INFO - [2024-12-01T05:11:48.535+0000] {dagbag.py:588} INFO - Filling up the DagBag from /home/airflow/.local/lib/python3.12/site-packages/airflow/example_dags/example_short_circuit_operator.py
[2024-12-01T05:11:48.539+0000] {processor.py:925} INFO - DAG(s) 'example_short_circuit_operator' retrieved from /home/airflow/.local/lib/python3.12/site-packages/airflow/example_dags/example_short_circuit_operator.py
[2024-12-01T05:11:48.547+0000] {logging_mixin.py:190} INFO - [2024-12-01T05:11:48.547+0000] {dag.py:3239} INFO - Sync 1 DAGs
[2024-12-01T05:11:48.555+0000] {logging_mixin.py:190} INFO - [2024-12-01T05:11:48.554+0000] {dag.py:4180} INFO - Setting next_dagrun for example_short_circuit_operator to None, run_after=None
[2024-12-01T05:11:48.561+0000] {processor.py:208} INFO - Processing /home/airflow/.local/lib/python3.12/site-packages/airflow/example_dags/example_short_circuit_operator.py took 0.030 seconds
[2024-12-01T05:12:19.018+0000] {processor.py:186} INFO - Started process (PID=5550) to work on /home/airflow/.local/lib/python3.12/site-packages/airflow/example_dags/example_short_circuit_operator.py
[2024-12-01T05:12:19.018+0000] {processor.py:914} INFO - Processing file /home/airflow/.local/lib/python3.12/site-packages/airflow/example_dags/example_short_circuit_operator.py for tasks to queue
[2024-12-01T05:12:19.019+0000] {logging_mixin.py:190} INFO - [2024-12-01T05:12:19.019+0000] {dagbag.py:588} INFO - Filling up the DagBag from /home/airflow/.local/lib/python3.12/site-packages/airflow/example_dags/example_short_circuit_operator.py
[2024-12-01T05:12:19.023+0000] {processor.py:925} INFO - DAG(s) 'example_short_circuit_operator' retrieved from /home/airflow/.local/lib/python3.12/site-packages/airflow/example_dags/example_short_circuit_operator.py
[2024-12-01T05:12:19.034+0000] {logging_mixin.py:190} INFO - [2024-12-01T05:12:19.034+0000] {dag.py:3239} INFO - Sync 1 DAGs
[2024-12-01T05:12:19.040+0000] {logging_mixin.py:190} INFO - [2024-12-01T05:12:19.040+0000] {dag.py:4180} INFO - Setting next_dagrun for example_short_circuit_operator to None, run_after=None
[2024-12-01T05:12:19.050+0000] {processor.py:208} INFO - Processing /home/airflow/.local/lib/python3.12/site-packages/airflow/example_dags/example_short_circuit_operator.py took 0.034 seconds
[2024-12-01T05:12:49.563+0000] {processor.py:186} INFO - Started process (PID=5916) to work on /home/airflow/.local/lib/python3.12/site-packages/airflow/example_dags/example_short_circuit_operator.py
[2024-12-01T05:12:49.564+0000] {processor.py:914} INFO - Processing file /home/airflow/.local/lib/python3.12/site-packages/airflow/example_dags/example_short_circuit_operator.py for tasks to queue
[2024-12-01T05:12:49.564+0000] {logging_mixin.py:190} INFO - [2024-12-01T05:12:49.564+0000] {dagbag.py:588} INFO - Filling up the DagBag from /home/airflow/.local/lib/python3.12/site-packages/airflow/example_dags/example_short_circuit_operator.py
[2024-12-01T05:12:49.568+0000] {processor.py:925} INFO - DAG(s) 'example_short_circuit_operator' retrieved from /home/airflow/.local/lib/python3.12/site-packages/airflow/example_dags/example_short_circuit_operator.py
[2024-12-01T05:12:49.578+0000] {logging_mixin.py:190} INFO - [2024-12-01T05:12:49.578+0000] {dag.py:3239} INFO - Sync 1 DAGs
[2024-12-01T05:12:49.583+0000] {logging_mixin.py:190} INFO - [2024-12-01T05:12:49.583+0000] {dag.py:4180} INFO - Setting next_dagrun for example_short_circuit_operator to None, run_after=None
[2024-12-01T05:12:49.591+0000] {processor.py:208} INFO - Processing /home/airflow/.local/lib/python3.12/site-packages/airflow/example_dags/example_short_circuit_operator.py took 0.030 seconds
[2024-12-01T05:13:20.283+0000] {processor.py:186} INFO - Started process (PID=6282) to work on /home/airflow/.local/lib/python3.12/site-packages/airflow/example_dags/example_short_circuit_operator.py
[2024-12-01T05:13:20.283+0000] {processor.py:914} INFO - Processing file /home/airflow/.local/lib/python3.12/site-packages/airflow/example_dags/example_short_circuit_operator.py for tasks to queue
[2024-12-01T05:13:20.284+0000] {logging_mixin.py:190} INFO - [2024-12-01T05:13:20.284+0000] {dagbag.py:588} INFO - Filling up the DagBag from /home/airflow/.local/lib/python3.12/site-packages/airflow/example_dags/example_short_circuit_operator.py
[2024-12-01T05:13:20.288+0000] {processor.py:925} INFO - DAG(s) 'example_short_circuit_operator' retrieved from /home/airflow/.local/lib/python3.12/site-packages/airflow/example_dags/example_short_circuit_operator.py
[2024-12-01T05:13:20.300+0000] {logging_mixin.py:190} INFO - [2024-12-01T05:13:20.299+0000] {dag.py:3239} INFO - Sync 1 DAGs
[2024-12-01T05:13:20.307+0000] {logging_mixin.py:190} INFO - [2024-12-01T05:13:20.307+0000] {dag.py:4180} INFO - Setting next_dagrun for example_short_circuit_operator to None, run_after=None
[2024-12-01T05:13:20.316+0000] {processor.py:208} INFO - Processing /home/airflow/.local/lib/python3.12/site-packages/airflow/example_dags/example_short_circuit_operator.py took 0.035 seconds
[2024-12-01T05:13:50.959+0000] {processor.py:186} INFO - Started process (PID=6648) to work on /home/airflow/.local/lib/python3.12/site-packages/airflow/example_dags/example_short_circuit_operator.py
[2024-12-01T05:13:50.959+0000] {processor.py:914} INFO - Processing file /home/airflow/.local/lib/python3.12/site-packages/airflow/example_dags/example_short_circuit_operator.py for tasks to queue
[2024-12-01T05:13:50.959+0000] {logging_mixin.py:190} INFO - [2024-12-01T05:13:50.959+0000] {dagbag.py:588} INFO - Filling up the DagBag from /home/airflow/.local/lib/python3.12/site-packages/airflow/example_dags/example_short_circuit_operator.py
[2024-12-01T05:13:50.963+0000] {processor.py:925} INFO - DAG(s) 'example_short_circuit_operator' retrieved from /home/airflow/.local/lib/python3.12/site-packages/airflow/example_dags/example_short_circuit_operator.py
[2024-12-01T05:13:50.973+0000] {logging_mixin.py:190} INFO - [2024-12-01T05:13:50.973+0000] {dag.py:3239} INFO - Sync 1 DAGs
[2024-12-01T05:13:50.978+0000] {logging_mixin.py:190} INFO - [2024-12-01T05:13:50.978+0000] {dag.py:4180} INFO - Setting next_dagrun for example_short_circuit_operator to None, run_after=None
[2024-12-01T05:13:50.986+0000] {processor.py:208} INFO - Processing /home/airflow/.local/lib/python3.12/site-packages/airflow/example_dags/example_short_circuit_operator.py took 0.030 seconds
[2024-12-01T05:14:21.606+0000] {processor.py:186} INFO - Started process (PID=7014) to work on /home/airflow/.local/lib/python3.12/site-packages/airflow/example_dags/example_short_circuit_operator.py
[2024-12-01T05:14:21.607+0000] {processor.py:914} INFO - Processing file /home/airflow/.local/lib/python3.12/site-packages/airflow/example_dags/example_short_circuit_operator.py for tasks to queue
[2024-12-01T05:14:21.608+0000] {logging_mixin.py:190} INFO - [2024-12-01T05:14:21.608+0000] {dagbag.py:588} INFO - Filling up the DagBag from /home/airflow/.local/lib/python3.12/site-packages/airflow/example_dags/example_short_circuit_operator.py
[2024-12-01T05:14:21.611+0000] {processor.py:925} INFO - DAG(s) 'example_short_circuit_operator' retrieved from /home/airflow/.local/lib/python3.12/site-packages/airflow/example_dags/example_short_circuit_operator.py
[2024-12-01T05:14:21.622+0000] {logging_mixin.py:190} INFO - [2024-12-01T05:14:21.622+0000] {dag.py:3239} INFO - Sync 1 DAGs
[2024-12-01T05:14:21.628+0000] {logging_mixin.py:190} INFO - [2024-12-01T05:14:21.628+0000] {dag.py:4180} INFO - Setting next_dagrun for example_short_circuit_operator to None, run_after=None
[2024-12-01T05:14:21.635+0000] {processor.py:208} INFO - Processing /home/airflow/.local/lib/python3.12/site-packages/airflow/example_dags/example_short_circuit_operator.py took 0.032 seconds
[2024-12-01T05:14:52.284+0000] {processor.py:186} INFO - Started process (PID=7382) to work on /home/airflow/.local/lib/python3.12/site-packages/airflow/example_dags/example_short_circuit_operator.py
[2024-12-01T05:14:52.284+0000] {processor.py:914} INFO - Processing file /home/airflow/.local/lib/python3.12/site-packages/airflow/example_dags/example_short_circuit_operator.py for tasks to queue
[2024-12-01T05:14:52.285+0000] {logging_mixin.py:190} INFO - [2024-12-01T05:14:52.285+0000] {dagbag.py:588} INFO - Filling up the DagBag from /home/airflow/.local/lib/python3.12/site-packages/airflow/example_dags/example_short_circuit_operator.py
[2024-12-01T05:14:52.288+0000] {processor.py:925} INFO - DAG(s) 'example_short_circuit_operator' retrieved from /home/airflow/.local/lib/python3.12/site-packages/airflow/example_dags/example_short_circuit_operator.py
[2024-12-01T05:14:52.296+0000] {logging_mixin.py:190} INFO - [2024-12-01T05:14:52.296+0000] {dag.py:3239} INFO - Sync 1 DAGs
[2024-12-01T05:14:52.301+0000] {logging_mixin.py:190} INFO - [2024-12-01T05:14:52.301+0000] {dag.py:4180} INFO - Setting next_dagrun for example_short_circuit_operator to None, run_after=None
[2024-12-01T05:14:52.307+0000] {processor.py:208} INFO - Processing /home/airflow/.local/lib/python3.12/site-packages/airflow/example_dags/example_short_circuit_operator.py took 0.025 seconds
[2024-12-01T05:15:23.156+0000] {processor.py:186} INFO - Started process (PID=7748) to work on /home/airflow/.local/lib/python3.12/site-packages/airflow/example_dags/example_short_circuit_operator.py
[2024-12-01T05:15:23.156+0000] {processor.py:914} INFO - Processing file /home/airflow/.local/lib/python3.12/site-packages/airflow/example_dags/example_short_circuit_operator.py for tasks to queue
[2024-12-01T05:15:23.157+0000] {logging_mixin.py:190} INFO - [2024-12-01T05:15:23.157+0000] {dagbag.py:588} INFO - Filling up the DagBag from /home/airflow/.local/lib/python3.12/site-packages/airflow/example_dags/example_short_circuit_operator.py
[2024-12-01T05:15:23.161+0000] {processor.py:925} INFO - DAG(s) 'example_short_circuit_operator' retrieved from /home/airflow/.local/lib/python3.12/site-packages/airflow/example_dags/example_short_circuit_operator.py
[2024-12-01T05:15:23.171+0000] {logging_mixin.py:190} INFO - [2024-12-01T05:15:23.171+0000] {dag.py:3239} INFO - Sync 1 DAGs
[2024-12-01T05:15:23.176+0000] {logging_mixin.py:190} INFO - [2024-12-01T05:15:23.176+0000] {dag.py:4180} INFO - Setting next_dagrun for example_short_circuit_operator to None, run_after=None
[2024-12-01T05:15:23.188+0000] {processor.py:208} INFO - Processing /home/airflow/.local/lib/python3.12/site-packages/airflow/example_dags/example_short_circuit_operator.py took 0.035 seconds
[2024-12-01T05:15:53.675+0000] {processor.py:186} INFO - Started process (PID=8112) to work on /home/airflow/.local/lib/python3.12/site-packages/airflow/example_dags/example_short_circuit_operator.py
[2024-12-01T05:15:53.678+0000] {processor.py:914} INFO - Processing file /home/airflow/.local/lib/python3.12/site-packages/airflow/example_dags/example_short_circuit_operator.py for tasks to queue
[2024-12-01T05:15:53.678+0000] {logging_mixin.py:190} INFO - [2024-12-01T05:15:53.678+0000] {dagbag.py:588} INFO - Filling up the DagBag from /home/airflow/.local/lib/python3.12/site-packages/airflow/example_dags/example_short_circuit_operator.py
[2024-12-01T05:15:53.686+0000] {processor.py:925} INFO - DAG(s) 'example_short_circuit_operator' retrieved from /home/airflow/.local/lib/python3.12/site-packages/airflow/example_dags/example_short_circuit_operator.py
[2024-12-01T05:15:53.696+0000] {logging_mixin.py:190} INFO - [2024-12-01T05:15:53.696+0000] {dag.py:3239} INFO - Sync 1 DAGs
[2024-12-01T05:15:53.703+0000] {logging_mixin.py:190} INFO - [2024-12-01T05:15:53.703+0000] {dag.py:4180} INFO - Setting next_dagrun for example_short_circuit_operator to None, run_after=None
[2024-12-01T05:15:53.710+0000] {processor.py:208} INFO - Processing /home/airflow/.local/lib/python3.12/site-packages/airflow/example_dags/example_short_circuit_operator.py took 0.037 seconds
[2024-12-01T05:16:24.298+0000] {processor.py:186} INFO - Started process (PID=8478) to work on /home/airflow/.local/lib/python3.12/site-packages/airflow/example_dags/example_short_circuit_operator.py
[2024-12-01T05:16:24.298+0000] {processor.py:914} INFO - Processing file /home/airflow/.local/lib/python3.12/site-packages/airflow/example_dags/example_short_circuit_operator.py for tasks to queue
[2024-12-01T05:16:24.299+0000] {logging_mixin.py:190} INFO - [2024-12-01T05:16:24.299+0000] {dagbag.py:588} INFO - Filling up the DagBag from /home/airflow/.local/lib/python3.12/site-packages/airflow/example_dags/example_short_circuit_operator.py
[2024-12-01T05:16:24.304+0000] {processor.py:925} INFO - DAG(s) 'example_short_circuit_operator' retrieved from /home/airflow/.local/lib/python3.12/site-packages/airflow/example_dags/example_short_circuit_operator.py
[2024-12-01T05:16:24.314+0000] {logging_mixin.py:190} INFO - [2024-12-01T05:16:24.313+0000] {dag.py:3239} INFO - Sync 1 DAGs
[2024-12-01T05:16:24.320+0000] {logging_mixin.py:190} INFO - [2024-12-01T05:16:24.320+0000] {dag.py:4180} INFO - Setting next_dagrun for example_short_circuit_operator to None, run_after=None
[2024-12-01T05:16:24.328+0000] {processor.py:208} INFO - Processing /home/airflow/.local/lib/python3.12/site-packages/airflow/example_dags/example_short_circuit_operator.py took 0.032 seconds
[2024-12-01T05:16:54.762+0000] {processor.py:186} INFO - Started process (PID=8844) to work on /home/airflow/.local/lib/python3.12/site-packages/airflow/example_dags/example_short_circuit_operator.py
[2024-12-01T05:16:54.762+0000] {processor.py:914} INFO - Processing file /home/airflow/.local/lib/python3.12/site-packages/airflow/example_dags/example_short_circuit_operator.py for tasks to queue
[2024-12-01T05:16:54.763+0000] {logging_mixin.py:190} INFO - [2024-12-01T05:16:54.763+0000] {dagbag.py:588} INFO - Filling up the DagBag from /home/airflow/.local/lib/python3.12/site-packages/airflow/example_dags/example_short_circuit_operator.py
[2024-12-01T05:16:54.767+0000] {processor.py:925} INFO - DAG(s) 'example_short_circuit_operator' retrieved from /home/airflow/.local/lib/python3.12/site-packages/airflow/example_dags/example_short_circuit_operator.py
[2024-12-01T05:16:54.779+0000] {logging_mixin.py:190} INFO - [2024-12-01T05:16:54.779+0000] {dag.py:3239} INFO - Sync 1 DAGs
[2024-12-01T05:16:54.785+0000] {logging_mixin.py:190} INFO - [2024-12-01T05:16:54.785+0000] {dag.py:4180} INFO - Setting next_dagrun for example_short_circuit_operator to None, run_after=None
[2024-12-01T05:16:54.794+0000] {processor.py:208} INFO - Processing /home/airflow/.local/lib/python3.12/site-packages/airflow/example_dags/example_short_circuit_operator.py took 0.035 seconds
[2024-12-01T05:17:25.248+0000] {processor.py:186} INFO - Started process (PID=9210) to work on /home/airflow/.local/lib/python3.12/site-packages/airflow/example_dags/example_short_circuit_operator.py
[2024-12-01T05:17:25.248+0000] {processor.py:914} INFO - Processing file /home/airflow/.local/lib/python3.12/site-packages/airflow/example_dags/example_short_circuit_operator.py for tasks to queue
[2024-12-01T05:17:25.249+0000] {logging_mixin.py:190} INFO - [2024-12-01T05:17:25.249+0000] {dagbag.py:588} INFO - Filling up the DagBag from /home/airflow/.local/lib/python3.12/site-packages/airflow/example_dags/example_short_circuit_operator.py
[2024-12-01T05:17:25.253+0000] {processor.py:925} INFO - DAG(s) 'example_short_circuit_operator' retrieved from /home/airflow/.local/lib/python3.12/site-packages/airflow/example_dags/example_short_circuit_operator.py
[2024-12-01T05:17:25.263+0000] {logging_mixin.py:190} INFO - [2024-12-01T05:17:25.263+0000] {dag.py:3239} INFO - Sync 1 DAGs
[2024-12-01T05:17:25.269+0000] {logging_mixin.py:190} INFO - [2024-12-01T05:17:25.269+0000] {dag.py:4180} INFO - Setting next_dagrun for example_short_circuit_operator to None, run_after=None
[2024-12-01T05:17:25.279+0000] {processor.py:208} INFO - Processing /home/airflow/.local/lib/python3.12/site-packages/airflow/example_dags/example_short_circuit_operator.py took 0.033 seconds
[2024-12-01T05:17:55.837+0000] {processor.py:186} INFO - Started process (PID=9578) to work on /home/airflow/.local/lib/python3.12/site-packages/airflow/example_dags/example_short_circuit_operator.py
[2024-12-01T05:17:55.837+0000] {processor.py:914} INFO - Processing file /home/airflow/.local/lib/python3.12/site-packages/airflow/example_dags/example_short_circuit_operator.py for tasks to queue
[2024-12-01T05:17:55.838+0000] {logging_mixin.py:190} INFO - [2024-12-01T05:17:55.837+0000] {dagbag.py:588} INFO - Filling up the DagBag from /home/airflow/.local/lib/python3.12/site-packages/airflow/example_dags/example_short_circuit_operator.py
[2024-12-01T05:17:55.841+0000] {processor.py:925} INFO - DAG(s) 'example_short_circuit_operator' retrieved from /home/airflow/.local/lib/python3.12/site-packages/airflow/example_dags/example_short_circuit_operator.py
[2024-12-01T05:17:55.851+0000] {logging_mixin.py:190} INFO - [2024-12-01T05:17:55.850+0000] {dag.py:3239} INFO - Sync 1 DAGs
[2024-12-01T05:17:55.856+0000] {logging_mixin.py:190} INFO - [2024-12-01T05:17:55.856+0000] {dag.py:4180} INFO - Setting next_dagrun for example_short_circuit_operator to None, run_after=None
[2024-12-01T05:17:55.866+0000] {processor.py:208} INFO - Processing /home/airflow/.local/lib/python3.12/site-packages/airflow/example_dags/example_short_circuit_operator.py took 0.032 seconds
[2024-12-01T05:18:26.496+0000] {processor.py:186} INFO - Started process (PID=9942) to work on /home/airflow/.local/lib/python3.12/site-packages/airflow/example_dags/example_short_circuit_operator.py
[2024-12-01T05:18:26.497+0000] {processor.py:914} INFO - Processing file /home/airflow/.local/lib/python3.12/site-packages/airflow/example_dags/example_short_circuit_operator.py for tasks to queue
[2024-12-01T05:18:26.498+0000] {logging_mixin.py:190} INFO - [2024-12-01T05:18:26.497+0000] {dagbag.py:588} INFO - Filling up the DagBag from /home/airflow/.local/lib/python3.12/site-packages/airflow/example_dags/example_short_circuit_operator.py
[2024-12-01T05:18:26.502+0000] {processor.py:925} INFO - DAG(s) 'example_short_circuit_operator' retrieved from /home/airflow/.local/lib/python3.12/site-packages/airflow/example_dags/example_short_circuit_operator.py
[2024-12-01T05:18:26.514+0000] {logging_mixin.py:190} INFO - [2024-12-01T05:18:26.514+0000] {dag.py:3239} INFO - Sync 1 DAGs
[2024-12-01T05:18:26.520+0000] {logging_mixin.py:190} INFO - [2024-12-01T05:18:26.519+0000] {dag.py:4180} INFO - Setting next_dagrun for example_short_circuit_operator to None, run_after=None
[2024-12-01T05:18:26.529+0000] {processor.py:208} INFO - Processing /home/airflow/.local/lib/python3.12/site-packages/airflow/example_dags/example_short_circuit_operator.py took 0.035 seconds
[2024-12-01T05:18:57.132+0000] {processor.py:186} INFO - Started process (PID=10318) to work on /home/airflow/.local/lib/python3.12/site-packages/airflow/example_dags/example_short_circuit_operator.py
[2024-12-01T05:18:57.133+0000] {processor.py:914} INFO - Processing file /home/airflow/.local/lib/python3.12/site-packages/airflow/example_dags/example_short_circuit_operator.py for tasks to queue
[2024-12-01T05:18:57.133+0000] {logging_mixin.py:190} INFO - [2024-12-01T05:18:57.133+0000] {dagbag.py:588} INFO - Filling up the DagBag from /home/airflow/.local/lib/python3.12/site-packages/airflow/example_dags/example_short_circuit_operator.py
[2024-12-01T05:18:57.137+0000] {processor.py:925} INFO - DAG(s) 'example_short_circuit_operator' retrieved from /home/airflow/.local/lib/python3.12/site-packages/airflow/example_dags/example_short_circuit_operator.py
[2024-12-01T05:18:57.150+0000] {logging_mixin.py:190} INFO - [2024-12-01T05:18:57.150+0000] {dag.py:3239} INFO - Sync 1 DAGs
[2024-12-01T05:18:57.156+0000] {logging_mixin.py:190} INFO - [2024-12-01T05:18:57.155+0000] {dag.py:4180} INFO - Setting next_dagrun for example_short_circuit_operator to None, run_after=None
[2024-12-01T05:18:57.166+0000] {processor.py:208} INFO - Processing /home/airflow/.local/lib/python3.12/site-packages/airflow/example_dags/example_short_circuit_operator.py took 0.036 seconds
[2024-12-01T05:19:28.049+0000] {processor.py:186} INFO - Started process (PID=10684) to work on /home/airflow/.local/lib/python3.12/site-packages/airflow/example_dags/example_short_circuit_operator.py
[2024-12-01T05:19:28.053+0000] {processor.py:914} INFO - Processing file /home/airflow/.local/lib/python3.12/site-packages/airflow/example_dags/example_short_circuit_operator.py for tasks to queue
[2024-12-01T05:19:28.054+0000] {logging_mixin.py:190} INFO - [2024-12-01T05:19:28.054+0000] {dagbag.py:588} INFO - Filling up the DagBag from /home/airflow/.local/lib/python3.12/site-packages/airflow/example_dags/example_short_circuit_operator.py
[2024-12-01T05:19:28.057+0000] {processor.py:925} INFO - DAG(s) 'example_short_circuit_operator' retrieved from /home/airflow/.local/lib/python3.12/site-packages/airflow/example_dags/example_short_circuit_operator.py
[2024-12-01T05:19:28.072+0000] {logging_mixin.py:190} INFO - [2024-12-01T05:19:28.072+0000] {dag.py:3239} INFO - Sync 1 DAGs
[2024-12-01T05:19:28.078+0000] {logging_mixin.py:190} INFO - [2024-12-01T05:19:28.078+0000] {dag.py:4180} INFO - Setting next_dagrun for example_short_circuit_operator to None, run_after=None
[2024-12-01T05:19:28.090+0000] {processor.py:208} INFO - Processing /home/airflow/.local/lib/python3.12/site-packages/airflow/example_dags/example_short_circuit_operator.py took 0.043 seconds
[2024-12-01T05:19:58.835+0000] {processor.py:186} INFO - Started process (PID=11050) to work on /home/airflow/.local/lib/python3.12/site-packages/airflow/example_dags/example_short_circuit_operator.py
[2024-12-01T05:19:58.835+0000] {processor.py:914} INFO - Processing file /home/airflow/.local/lib/python3.12/site-packages/airflow/example_dags/example_short_circuit_operator.py for tasks to queue
[2024-12-01T05:19:58.836+0000] {logging_mixin.py:190} INFO - [2024-12-01T05:19:58.836+0000] {dagbag.py:588} INFO - Filling up the DagBag from /home/airflow/.local/lib/python3.12/site-packages/airflow/example_dags/example_short_circuit_operator.py
[2024-12-01T05:19:58.840+0000] {processor.py:925} INFO - DAG(s) 'example_short_circuit_operator' retrieved from /home/airflow/.local/lib/python3.12/site-packages/airflow/example_dags/example_short_circuit_operator.py
[2024-12-01T05:19:58.849+0000] {logging_mixin.py:190} INFO - [2024-12-01T05:19:58.849+0000] {dag.py:3239} INFO - Sync 1 DAGs
[2024-12-01T05:19:58.854+0000] {logging_mixin.py:190} INFO - [2024-12-01T05:19:58.854+0000] {dag.py:4180} INFO - Setting next_dagrun for example_short_circuit_operator to None, run_after=None
[2024-12-01T05:19:58.861+0000] {processor.py:208} INFO - Processing /home/airflow/.local/lib/python3.12/site-packages/airflow/example_dags/example_short_circuit_operator.py took 0.029 seconds
[2024-12-01T05:20:29.770+0000] {processor.py:186} INFO - Started process (PID=11441) to work on /home/airflow/.local/lib/python3.12/site-packages/airflow/example_dags/example_short_circuit_operator.py
[2024-12-01T05:20:29.770+0000] {processor.py:914} INFO - Processing file /home/airflow/.local/lib/python3.12/site-packages/airflow/example_dags/example_short_circuit_operator.py for tasks to queue
[2024-12-01T05:20:29.771+0000] {logging_mixin.py:190} INFO - [2024-12-01T05:20:29.771+0000] {dagbag.py:588} INFO - Filling up the DagBag from /home/airflow/.local/lib/python3.12/site-packages/airflow/example_dags/example_short_circuit_operator.py
[2024-12-01T05:20:29.774+0000] {processor.py:925} INFO - DAG(s) 'example_short_circuit_operator' retrieved from /home/airflow/.local/lib/python3.12/site-packages/airflow/example_dags/example_short_circuit_operator.py
[2024-12-01T05:20:29.784+0000] {logging_mixin.py:190} INFO - [2024-12-01T05:20:29.783+0000] {dag.py:3239} INFO - Sync 1 DAGs
[2024-12-01T05:20:29.788+0000] {logging_mixin.py:190} INFO - [2024-12-01T05:20:29.788+0000] {dag.py:4180} INFO - Setting next_dagrun for example_short_circuit_operator to None, run_after=None
[2024-12-01T05:20:29.798+0000] {processor.py:208} INFO - Processing /home/airflow/.local/lib/python3.12/site-packages/airflow/example_dags/example_short_circuit_operator.py took 0.030 seconds
[2024-12-01T05:21:00.468+0000] {processor.py:186} INFO - Started process (PID=11809) to work on /home/airflow/.local/lib/python3.12/site-packages/airflow/example_dags/example_short_circuit_operator.py
[2024-12-01T05:21:00.468+0000] {processor.py:914} INFO - Processing file /home/airflow/.local/lib/python3.12/site-packages/airflow/example_dags/example_short_circuit_operator.py for tasks to queue
[2024-12-01T05:21:00.469+0000] {logging_mixin.py:190} INFO - [2024-12-01T05:21:00.468+0000] {dagbag.py:588} INFO - Filling up the DagBag from /home/airflow/.local/lib/python3.12/site-packages/airflow/example_dags/example_short_circuit_operator.py
[2024-12-01T05:21:00.472+0000] {processor.py:925} INFO - DAG(s) 'example_short_circuit_operator' retrieved from /home/airflow/.local/lib/python3.12/site-packages/airflow/example_dags/example_short_circuit_operator.py
[2024-12-01T05:21:00.481+0000] {logging_mixin.py:190} INFO - [2024-12-01T05:21:00.481+0000] {dag.py:3239} INFO - Sync 1 DAGs
[2024-12-01T05:21:00.486+0000] {logging_mixin.py:190} INFO - [2024-12-01T05:21:00.486+0000] {dag.py:4180} INFO - Setting next_dagrun for example_short_circuit_operator to None, run_after=None
[2024-12-01T05:21:00.491+0000] {processor.py:208} INFO - Processing /home/airflow/.local/lib/python3.12/site-packages/airflow/example_dags/example_short_circuit_operator.py took 0.026 seconds
[2024-12-01T05:21:31.380+0000] {processor.py:186} INFO - Started process (PID=12180) to work on /home/airflow/.local/lib/python3.12/site-packages/airflow/example_dags/example_short_circuit_operator.py
[2024-12-01T05:21:31.382+0000] {processor.py:914} INFO - Processing file /home/airflow/.local/lib/python3.12/site-packages/airflow/example_dags/example_short_circuit_operator.py for tasks to queue
[2024-12-01T05:21:31.382+0000] {logging_mixin.py:190} INFO - [2024-12-01T05:21:31.382+0000] {dagbag.py:588} INFO - Filling up the DagBag from /home/airflow/.local/lib/python3.12/site-packages/airflow/example_dags/example_short_circuit_operator.py
[2024-12-01T05:21:31.388+0000] {processor.py:925} INFO - DAG(s) 'example_short_circuit_operator' retrieved from /home/airflow/.local/lib/python3.12/site-packages/airflow/example_dags/example_short_circuit_operator.py
[2024-12-01T05:21:31.400+0000] {logging_mixin.py:190} INFO - [2024-12-01T05:21:31.400+0000] {dag.py:3239} INFO - Sync 1 DAGs
[2024-12-01T05:21:31.410+0000] {logging_mixin.py:190} INFO - [2024-12-01T05:21:31.410+0000] {dag.py:4180} INFO - Setting next_dagrun for example_short_circuit_operator to None, run_after=None
[2024-12-01T05:21:31.420+0000] {processor.py:208} INFO - Processing /home/airflow/.local/lib/python3.12/site-packages/airflow/example_dags/example_short_circuit_operator.py took 0.046 seconds
[2024-12-01T05:22:02.180+0000] {processor.py:186} INFO - Started process (PID=12544) to work on /home/airflow/.local/lib/python3.12/site-packages/airflow/example_dags/example_short_circuit_operator.py
[2024-12-01T05:22:02.181+0000] {processor.py:914} INFO - Processing file /home/airflow/.local/lib/python3.12/site-packages/airflow/example_dags/example_short_circuit_operator.py for tasks to queue
[2024-12-01T05:22:02.182+0000] {logging_mixin.py:190} INFO - [2024-12-01T05:22:02.182+0000] {dagbag.py:588} INFO - Filling up the DagBag from /home/airflow/.local/lib/python3.12/site-packages/airflow/example_dags/example_short_circuit_operator.py
[2024-12-01T05:22:02.186+0000] {processor.py:925} INFO - DAG(s) 'example_short_circuit_operator' retrieved from /home/airflow/.local/lib/python3.12/site-packages/airflow/example_dags/example_short_circuit_operator.py
[2024-12-01T05:22:02.199+0000] {logging_mixin.py:190} INFO - [2024-12-01T05:22:02.199+0000] {dag.py:3239} INFO - Sync 1 DAGs
[2024-12-01T05:22:02.204+0000] {logging_mixin.py:190} INFO - [2024-12-01T05:22:02.204+0000] {dag.py:4180} INFO - Setting next_dagrun for example_short_circuit_operator to None, run_after=None
[2024-12-01T05:22:02.212+0000] {processor.py:208} INFO - Processing /home/airflow/.local/lib/python3.12/site-packages/airflow/example_dags/example_short_circuit_operator.py took 0.035 seconds
[2024-12-01T05:22:32.925+0000] {processor.py:186} INFO - Started process (PID=12916) to work on /home/airflow/.local/lib/python3.12/site-packages/airflow/example_dags/example_short_circuit_operator.py
[2024-12-01T05:22:32.927+0000] {processor.py:914} INFO - Processing file /home/airflow/.local/lib/python3.12/site-packages/airflow/example_dags/example_short_circuit_operator.py for tasks to queue
[2024-12-01T05:22:32.928+0000] {logging_mixin.py:190} INFO - [2024-12-01T05:22:32.928+0000] {dagbag.py:588} INFO - Filling up the DagBag from /home/airflow/.local/lib/python3.12/site-packages/airflow/example_dags/example_short_circuit_operator.py
[2024-12-01T05:22:32.932+0000] {processor.py:925} INFO - DAG(s) 'example_short_circuit_operator' retrieved from /home/airflow/.local/lib/python3.12/site-packages/airflow/example_dags/example_short_circuit_operator.py
[2024-12-01T05:22:32.942+0000] {logging_mixin.py:190} INFO - [2024-12-01T05:22:32.942+0000] {dag.py:3239} INFO - Sync 1 DAGs
[2024-12-01T05:22:32.949+0000] {logging_mixin.py:190} INFO - [2024-12-01T05:22:32.949+0000] {dag.py:4180} INFO - Setting next_dagrun for example_short_circuit_operator to None, run_after=None
[2024-12-01T05:22:32.955+0000] {processor.py:208} INFO - Processing /home/airflow/.local/lib/python3.12/site-packages/airflow/example_dags/example_short_circuit_operator.py took 0.034 seconds
[2024-12-01T05:23:03.602+0000] {processor.py:186} INFO - Started process (PID=13282) to work on /home/airflow/.local/lib/python3.12/site-packages/airflow/example_dags/example_short_circuit_operator.py
[2024-12-01T05:23:03.603+0000] {processor.py:914} INFO - Processing file /home/airflow/.local/lib/python3.12/site-packages/airflow/example_dags/example_short_circuit_operator.py for tasks to queue
[2024-12-01T05:23:03.603+0000] {logging_mixin.py:190} INFO - [2024-12-01T05:23:03.603+0000] {dagbag.py:588} INFO - Filling up the DagBag from /home/airflow/.local/lib/python3.12/site-packages/airflow/example_dags/example_short_circuit_operator.py
[2024-12-01T05:23:03.608+0000] {processor.py:925} INFO - DAG(s) 'example_short_circuit_operator' retrieved from /home/airflow/.local/lib/python3.12/site-packages/airflow/example_dags/example_short_circuit_operator.py
[2024-12-01T05:23:03.618+0000] {logging_mixin.py:190} INFO - [2024-12-01T05:23:03.618+0000] {dag.py:3239} INFO - Sync 1 DAGs
[2024-12-01T05:23:03.629+0000] {logging_mixin.py:190} INFO - [2024-12-01T05:23:03.629+0000] {dag.py:4180} INFO - Setting next_dagrun for example_short_circuit_operator to None, run_after=None
[2024-12-01T05:23:03.638+0000] {processor.py:208} INFO - Processing /home/airflow/.local/lib/python3.12/site-packages/airflow/example_dags/example_short_circuit_operator.py took 0.038 seconds
[2024-12-01T05:23:34.432+0000] {processor.py:186} INFO - Started process (PID=13648) to work on /home/airflow/.local/lib/python3.12/site-packages/airflow/example_dags/example_short_circuit_operator.py
[2024-12-01T05:23:34.433+0000] {processor.py:914} INFO - Processing file /home/airflow/.local/lib/python3.12/site-packages/airflow/example_dags/example_short_circuit_operator.py for tasks to queue
[2024-12-01T05:23:34.434+0000] {logging_mixin.py:190} INFO - [2024-12-01T05:23:34.434+0000] {dagbag.py:588} INFO - Filling up the DagBag from /home/airflow/.local/lib/python3.12/site-packages/airflow/example_dags/example_short_circuit_operator.py
[2024-12-01T05:23:34.438+0000] {processor.py:925} INFO - DAG(s) 'example_short_circuit_operator' retrieved from /home/airflow/.local/lib/python3.12/site-packages/airflow/example_dags/example_short_circuit_operator.py
[2024-12-01T05:23:34.448+0000] {logging_mixin.py:190} INFO - [2024-12-01T05:23:34.448+0000] {dag.py:3239} INFO - Sync 1 DAGs
[2024-12-01T05:23:34.454+0000] {logging_mixin.py:190} INFO - [2024-12-01T05:23:34.454+0000] {dag.py:4180} INFO - Setting next_dagrun for example_short_circuit_operator to None, run_after=None
[2024-12-01T05:23:34.460+0000] {processor.py:208} INFO - Processing /home/airflow/.local/lib/python3.12/site-packages/airflow/example_dags/example_short_circuit_operator.py took 0.031 seconds
[2024-12-01T05:24:05.112+0000] {processor.py:186} INFO - Started process (PID=14014) to work on /home/airflow/.local/lib/python3.12/site-packages/airflow/example_dags/example_short_circuit_operator.py
[2024-12-01T05:24:05.115+0000] {processor.py:914} INFO - Processing file /home/airflow/.local/lib/python3.12/site-packages/airflow/example_dags/example_short_circuit_operator.py for tasks to queue
[2024-12-01T05:24:05.116+0000] {logging_mixin.py:190} INFO - [2024-12-01T05:24:05.115+0000] {dagbag.py:588} INFO - Filling up the DagBag from /home/airflow/.local/lib/python3.12/site-packages/airflow/example_dags/example_short_circuit_operator.py
[2024-12-01T05:24:05.119+0000] {processor.py:925} INFO - DAG(s) 'example_short_circuit_operator' retrieved from /home/airflow/.local/lib/python3.12/site-packages/airflow/example_dags/example_short_circuit_operator.py
[2024-12-01T05:24:05.128+0000] {logging_mixin.py:190} INFO - [2024-12-01T05:24:05.128+0000] {dag.py:3239} INFO - Sync 1 DAGs
[2024-12-01T05:24:05.133+0000] {logging_mixin.py:190} INFO - [2024-12-01T05:24:05.133+0000] {dag.py:4180} INFO - Setting next_dagrun for example_short_circuit_operator to None, run_after=None
[2024-12-01T05:24:05.141+0000] {processor.py:208} INFO - Processing /home/airflow/.local/lib/python3.12/site-packages/airflow/example_dags/example_short_circuit_operator.py took 0.031 seconds
[2024-12-01T05:24:36.149+0000] {processor.py:186} INFO - Started process (PID=14380) to work on /home/airflow/.local/lib/python3.12/site-packages/airflow/example_dags/example_short_circuit_operator.py
[2024-12-01T05:24:36.149+0000] {processor.py:914} INFO - Processing file /home/airflow/.local/lib/python3.12/site-packages/airflow/example_dags/example_short_circuit_operator.py for tasks to queue
[2024-12-01T05:24:36.150+0000] {logging_mixin.py:190} INFO - [2024-12-01T05:24:36.150+0000] {dagbag.py:588} INFO - Filling up the DagBag from /home/airflow/.local/lib/python3.12/site-packages/airflow/example_dags/example_short_circuit_operator.py
[2024-12-01T05:24:36.154+0000] {processor.py:925} INFO - DAG(s) 'example_short_circuit_operator' retrieved from /home/airflow/.local/lib/python3.12/site-packages/airflow/example_dags/example_short_circuit_operator.py
[2024-12-01T05:24:36.163+0000] {logging_mixin.py:190} INFO - [2024-12-01T05:24:36.163+0000] {dag.py:3239} INFO - Sync 1 DAGs
[2024-12-01T05:24:36.170+0000] {logging_mixin.py:190} INFO - [2024-12-01T05:24:36.170+0000] {dag.py:4180} INFO - Setting next_dagrun for example_short_circuit_operator to None, run_after=None
[2024-12-01T05:24:36.275+0000] {processor.py:208} INFO - Processing /home/airflow/.local/lib/python3.12/site-packages/airflow/example_dags/example_short_circuit_operator.py took 0.128 seconds
[2024-12-01T05:25:07.296+0000] {processor.py:186} INFO - Started process (PID=14771) to work on /home/airflow/.local/lib/python3.12/site-packages/airflow/example_dags/example_short_circuit_operator.py
[2024-12-01T05:25:07.296+0000] {processor.py:914} INFO - Processing file /home/airflow/.local/lib/python3.12/site-packages/airflow/example_dags/example_short_circuit_operator.py for tasks to queue
[2024-12-01T05:25:07.297+0000] {logging_mixin.py:190} INFO - [2024-12-01T05:25:07.297+0000] {dagbag.py:588} INFO - Filling up the DagBag from /home/airflow/.local/lib/python3.12/site-packages/airflow/example_dags/example_short_circuit_operator.py
[2024-12-01T05:25:07.301+0000] {processor.py:925} INFO - DAG(s) 'example_short_circuit_operator' retrieved from /home/airflow/.local/lib/python3.12/site-packages/airflow/example_dags/example_short_circuit_operator.py
[2024-12-01T05:25:07.310+0000] {logging_mixin.py:190} INFO - [2024-12-01T05:25:07.310+0000] {dag.py:3239} INFO - Sync 1 DAGs
[2024-12-01T05:25:07.317+0000] {logging_mixin.py:190} INFO - [2024-12-01T05:25:07.317+0000] {dag.py:4180} INFO - Setting next_dagrun for example_short_circuit_operator to None, run_after=None
[2024-12-01T05:25:07.416+0000] {processor.py:208} INFO - Processing /home/airflow/.local/lib/python3.12/site-packages/airflow/example_dags/example_short_circuit_operator.py took 0.123 seconds
[2024-12-01T05:25:37.942+0000] {processor.py:186} INFO - Started process (PID=15139) to work on /home/airflow/.local/lib/python3.12/site-packages/airflow/example_dags/example_short_circuit_operator.py
[2024-12-01T05:25:37.942+0000] {processor.py:914} INFO - Processing file /home/airflow/.local/lib/python3.12/site-packages/airflow/example_dags/example_short_circuit_operator.py for tasks to queue
[2024-12-01T05:25:37.943+0000] {logging_mixin.py:190} INFO - [2024-12-01T05:25:37.943+0000] {dagbag.py:588} INFO - Filling up the DagBag from /home/airflow/.local/lib/python3.12/site-packages/airflow/example_dags/example_short_circuit_operator.py
[2024-12-01T05:25:37.948+0000] {processor.py:925} INFO - DAG(s) 'example_short_circuit_operator' retrieved from /home/airflow/.local/lib/python3.12/site-packages/airflow/example_dags/example_short_circuit_operator.py
[2024-12-01T05:25:37.957+0000] {logging_mixin.py:190} INFO - [2024-12-01T05:25:37.957+0000] {dag.py:3239} INFO - Sync 1 DAGs
[2024-12-01T05:25:37.962+0000] {logging_mixin.py:190} INFO - [2024-12-01T05:25:37.962+0000] {dag.py:4180} INFO - Setting next_dagrun for example_short_circuit_operator to None, run_after=None
[2024-12-01T05:25:38.042+0000] {processor.py:208} INFO - Processing /home/airflow/.local/lib/python3.12/site-packages/airflow/example_dags/example_short_circuit_operator.py took 0.103 seconds
[2024-12-01T05:26:08.911+0000] {processor.py:186} INFO - Started process (PID=15513) to work on /home/airflow/.local/lib/python3.12/site-packages/airflow/example_dags/example_short_circuit_operator.py
[2024-12-01T05:26:08.912+0000] {processor.py:914} INFO - Processing file /home/airflow/.local/lib/python3.12/site-packages/airflow/example_dags/example_short_circuit_operator.py for tasks to queue
[2024-12-01T05:26:08.912+0000] {logging_mixin.py:190} INFO - [2024-12-01T05:26:08.912+0000] {dagbag.py:588} INFO - Filling up the DagBag from /home/airflow/.local/lib/python3.12/site-packages/airflow/example_dags/example_short_circuit_operator.py
[2024-12-01T05:26:08.918+0000] {processor.py:925} INFO - DAG(s) 'example_short_circuit_operator' retrieved from /home/airflow/.local/lib/python3.12/site-packages/airflow/example_dags/example_short_circuit_operator.py
[2024-12-01T05:26:08.929+0000] {logging_mixin.py:190} INFO - [2024-12-01T05:26:08.929+0000] {dag.py:3239} INFO - Sync 1 DAGs
[2024-12-01T05:26:08.937+0000] {logging_mixin.py:190} INFO - [2024-12-01T05:26:08.937+0000] {dag.py:4180} INFO - Setting next_dagrun for example_short_circuit_operator to None, run_after=None
[2024-12-01T05:26:08.947+0000] {processor.py:208} INFO - Processing /home/airflow/.local/lib/python3.12/site-packages/airflow/example_dags/example_short_circuit_operator.py took 0.039 seconds
[2024-12-01T05:26:39.381+0000] {processor.py:186} INFO - Started process (PID=15888) to work on /home/airflow/.local/lib/python3.12/site-packages/airflow/example_dags/example_short_circuit_operator.py
[2024-12-01T05:26:39.384+0000] {processor.py:914} INFO - Processing file /home/airflow/.local/lib/python3.12/site-packages/airflow/example_dags/example_short_circuit_operator.py for tasks to queue
[2024-12-01T05:26:39.385+0000] {logging_mixin.py:190} INFO - [2024-12-01T05:26:39.385+0000] {dagbag.py:588} INFO - Filling up the DagBag from /home/airflow/.local/lib/python3.12/site-packages/airflow/example_dags/example_short_circuit_operator.py
[2024-12-01T05:26:39.389+0000] {processor.py:925} INFO - DAG(s) 'example_short_circuit_operator' retrieved from /home/airflow/.local/lib/python3.12/site-packages/airflow/example_dags/example_short_circuit_operator.py
[2024-12-01T05:26:39.401+0000] {logging_mixin.py:190} INFO - [2024-12-01T05:26:39.401+0000] {dag.py:3239} INFO - Sync 1 DAGs
[2024-12-01T05:26:39.407+0000] {logging_mixin.py:190} INFO - [2024-12-01T05:26:39.407+0000] {dag.py:4180} INFO - Setting next_dagrun for example_short_circuit_operator to None, run_after=None
[2024-12-01T05:26:39.413+0000] {processor.py:208} INFO - Processing /home/airflow/.local/lib/python3.12/site-packages/airflow/example_dags/example_short_circuit_operator.py took 0.035 seconds
[2024-12-01T05:27:09.748+0000] {processor.py:186} INFO - Started process (PID=16264) to work on /home/airflow/.local/lib/python3.12/site-packages/airflow/example_dags/example_short_circuit_operator.py
[2024-12-01T05:27:09.750+0000] {processor.py:914} INFO - Processing file /home/airflow/.local/lib/python3.12/site-packages/airflow/example_dags/example_short_circuit_operator.py for tasks to queue
[2024-12-01T05:27:09.751+0000] {logging_mixin.py:190} INFO - [2024-12-01T05:27:09.751+0000] {dagbag.py:588} INFO - Filling up the DagBag from /home/airflow/.local/lib/python3.12/site-packages/airflow/example_dags/example_short_circuit_operator.py
[2024-12-01T05:27:09.757+0000] {processor.py:925} INFO - DAG(s) 'example_short_circuit_operator' retrieved from /home/airflow/.local/lib/python3.12/site-packages/airflow/example_dags/example_short_circuit_operator.py
[2024-12-01T05:27:09.769+0000] {logging_mixin.py:190} INFO - [2024-12-01T05:27:09.769+0000] {dag.py:3239} INFO - Sync 1 DAGs
[2024-12-01T05:27:09.775+0000] {logging_mixin.py:190} INFO - [2024-12-01T05:27:09.775+0000] {dag.py:4180} INFO - Setting next_dagrun for example_short_circuit_operator to None, run_after=None
[2024-12-01T05:27:09.781+0000] {processor.py:208} INFO - Processing /home/airflow/.local/lib/python3.12/site-packages/airflow/example_dags/example_short_circuit_operator.py took 0.036 seconds
[2024-12-01T05:27:40.315+0000] {processor.py:186} INFO - Started process (PID=16667) to work on /home/airflow/.local/lib/python3.12/site-packages/airflow/example_dags/example_short_circuit_operator.py
[2024-12-01T05:27:40.316+0000] {processor.py:914} INFO - Processing file /home/airflow/.local/lib/python3.12/site-packages/airflow/example_dags/example_short_circuit_operator.py for tasks to queue
[2024-12-01T05:27:40.316+0000] {logging_mixin.py:190} INFO - [2024-12-01T05:27:40.316+0000] {dagbag.py:588} INFO - Filling up the DagBag from /home/airflow/.local/lib/python3.12/site-packages/airflow/example_dags/example_short_circuit_operator.py
[2024-12-01T05:27:40.321+0000] {processor.py:925} INFO - DAG(s) 'example_short_circuit_operator' retrieved from /home/airflow/.local/lib/python3.12/site-packages/airflow/example_dags/example_short_circuit_operator.py
[2024-12-01T05:27:40.333+0000] {logging_mixin.py:190} INFO - [2024-12-01T05:27:40.333+0000] {dag.py:3239} INFO - Sync 1 DAGs
[2024-12-01T05:27:40.340+0000] {logging_mixin.py:190} INFO - [2024-12-01T05:27:40.340+0000] {dag.py:4180} INFO - Setting next_dagrun for example_short_circuit_operator to None, run_after=None
[2024-12-01T05:27:40.354+0000] {processor.py:208} INFO - Processing /home/airflow/.local/lib/python3.12/site-packages/airflow/example_dags/example_short_circuit_operator.py took 0.043 seconds
[2024-12-01T05:28:11.023+0000] {processor.py:186} INFO - Started process (PID=17054) to work on /home/airflow/.local/lib/python3.12/site-packages/airflow/example_dags/example_short_circuit_operator.py
[2024-12-01T05:28:11.024+0000] {processor.py:914} INFO - Processing file /home/airflow/.local/lib/python3.12/site-packages/airflow/example_dags/example_short_circuit_operator.py for tasks to queue
[2024-12-01T05:28:11.025+0000] {logging_mixin.py:190} INFO - [2024-12-01T05:28:11.024+0000] {dagbag.py:588} INFO - Filling up the DagBag from /home/airflow/.local/lib/python3.12/site-packages/airflow/example_dags/example_short_circuit_operator.py
[2024-12-01T05:28:11.029+0000] {processor.py:925} INFO - DAG(s) 'example_short_circuit_operator' retrieved from /home/airflow/.local/lib/python3.12/site-packages/airflow/example_dags/example_short_circuit_operator.py
[2024-12-01T05:28:11.044+0000] {logging_mixin.py:190} INFO - [2024-12-01T05:28:11.043+0000] {dag.py:3239} INFO - Sync 1 DAGs
[2024-12-01T05:28:11.054+0000] {logging_mixin.py:190} INFO - [2024-12-01T05:28:11.054+0000] {dag.py:4180} INFO - Setting next_dagrun for example_short_circuit_operator to None, run_after=None
[2024-12-01T05:28:11.061+0000] {processor.py:208} INFO - Processing /home/airflow/.local/lib/python3.12/site-packages/airflow/example_dags/example_short_circuit_operator.py took 0.041 seconds
[2024-12-01T05:28:41.964+0000] {processor.py:186} INFO - Started process (PID=17435) to work on /home/airflow/.local/lib/python3.12/site-packages/airflow/example_dags/example_short_circuit_operator.py
[2024-12-01T05:28:41.965+0000] {processor.py:914} INFO - Processing file /home/airflow/.local/lib/python3.12/site-packages/airflow/example_dags/example_short_circuit_operator.py for tasks to queue
[2024-12-01T05:28:41.966+0000] {logging_mixin.py:190} INFO - [2024-12-01T05:28:41.966+0000] {dagbag.py:588} INFO - Filling up the DagBag from /home/airflow/.local/lib/python3.12/site-packages/airflow/example_dags/example_short_circuit_operator.py
[2024-12-01T05:28:41.970+0000] {processor.py:925} INFO - DAG(s) 'example_short_circuit_operator' retrieved from /home/airflow/.local/lib/python3.12/site-packages/airflow/example_dags/example_short_circuit_operator.py
[2024-12-01T05:28:41.982+0000] {logging_mixin.py:190} INFO - [2024-12-01T05:28:41.982+0000] {dag.py:3239} INFO - Sync 1 DAGs
[2024-12-01T05:28:41.988+0000] {logging_mixin.py:190} INFO - [2024-12-01T05:28:41.988+0000] {dag.py:4180} INFO - Setting next_dagrun for example_short_circuit_operator to None, run_after=None
[2024-12-01T05:28:41.995+0000] {processor.py:208} INFO - Processing /home/airflow/.local/lib/python3.12/site-packages/airflow/example_dags/example_short_circuit_operator.py took 0.034 seconds
[2024-12-01T05:29:12.504+0000] {processor.py:186} INFO - Started process (PID=17811) to work on /home/airflow/.local/lib/python3.12/site-packages/airflow/example_dags/example_short_circuit_operator.py
[2024-12-01T05:29:12.505+0000] {processor.py:914} INFO - Processing file /home/airflow/.local/lib/python3.12/site-packages/airflow/example_dags/example_short_circuit_operator.py for tasks to queue
[2024-12-01T05:29:12.506+0000] {logging_mixin.py:190} INFO - [2024-12-01T05:29:12.506+0000] {dagbag.py:588} INFO - Filling up the DagBag from /home/airflow/.local/lib/python3.12/site-packages/airflow/example_dags/example_short_circuit_operator.py
[2024-12-01T05:29:12.510+0000] {processor.py:925} INFO - DAG(s) 'example_short_circuit_operator' retrieved from /home/airflow/.local/lib/python3.12/site-packages/airflow/example_dags/example_short_circuit_operator.py
[2024-12-01T05:29:12.519+0000] {logging_mixin.py:190} INFO - [2024-12-01T05:29:12.519+0000] {dag.py:3239} INFO - Sync 1 DAGs
[2024-12-01T05:29:12.525+0000] {logging_mixin.py:190} INFO - [2024-12-01T05:29:12.524+0000] {dag.py:4180} INFO - Setting next_dagrun for example_short_circuit_operator to None, run_after=None
[2024-12-01T05:29:12.531+0000] {processor.py:208} INFO - Processing /home/airflow/.local/lib/python3.12/site-packages/airflow/example_dags/example_short_circuit_operator.py took 0.029 seconds
[2024-12-01T05:29:42.896+0000] {processor.py:186} INFO - Started process (PID=18177) to work on /home/airflow/.local/lib/python3.12/site-packages/airflow/example_dags/example_short_circuit_operator.py
[2024-12-01T05:29:42.899+0000] {processor.py:914} INFO - Processing file /home/airflow/.local/lib/python3.12/site-packages/airflow/example_dags/example_short_circuit_operator.py for tasks to queue
[2024-12-01T05:29:42.900+0000] {logging_mixin.py:190} INFO - [2024-12-01T05:29:42.899+0000] {dagbag.py:588} INFO - Filling up the DagBag from /home/airflow/.local/lib/python3.12/site-packages/airflow/example_dags/example_short_circuit_operator.py
[2024-12-01T05:29:42.905+0000] {processor.py:925} INFO - DAG(s) 'example_short_circuit_operator' retrieved from /home/airflow/.local/lib/python3.12/site-packages/airflow/example_dags/example_short_circuit_operator.py
[2024-12-01T05:29:42.916+0000] {logging_mixin.py:190} INFO - [2024-12-01T05:29:42.916+0000] {dag.py:3239} INFO - Sync 1 DAGs
[2024-12-01T05:29:42.922+0000] {logging_mixin.py:190} INFO - [2024-12-01T05:29:42.922+0000] {dag.py:4180} INFO - Setting next_dagrun for example_short_circuit_operator to None, run_after=None
[2024-12-01T05:29:42.929+0000] {processor.py:208} INFO - Processing /home/airflow/.local/lib/python3.12/site-packages/airflow/example_dags/example_short_circuit_operator.py took 0.036 seconds
