[2024-12-01T05:05:10.233+0000] {processor.py:186} INFO - Started process (PID=288) to work on /home/airflow/.local/lib/python3.12/site-packages/airflow/example_dags/example_branch_python_dop_operator_3.py
[2024-12-01T05:05:10.234+0000] {processor.py:914} INFO - Processing file /home/airflow/.local/lib/python3.12/site-packages/airflow/example_dags/example_branch_python_dop_operator_3.py for tasks to queue
[2024-12-01T05:05:10.238+0000] {logging_mixin.py:190} INFO - [2024-12-01T05:05:10.237+0000] {dagbag.py:588} INFO - Filling up the DagBag from /home/airflow/.local/lib/python3.12/site-packages/airflow/example_dags/example_branch_python_dop_operator_3.py
[2024-12-01T05:05:10.250+0000] {processor.py:925} INFO - DAG(s) 'example_branch_dop_operator_v3' retrieved from /home/airflow/.local/lib/python3.12/site-packages/airflow/example_dags/example_branch_python_dop_operator_3.py
[2024-12-01T05:05:10.272+0000] {logging_mixin.py:190} INFO - [2024-12-01T05:05:10.272+0000] {dag.py:3239} INFO - Sync 1 DAGs
[2024-12-01T05:05:10.292+0000] {logging_mixin.py:190} INFO - [2024-12-01T05:05:10.292+0000] {dag.py:4180} INFO - Setting next_dagrun for example_branch_dop_operator_v3 to 2024-12-01 05:04:00+00:00, run_after=2024-12-01 05:05:00+00:00
[2024-12-01T05:05:10.308+0000] {processor.py:208} INFO - Processing /home/airflow/.local/lib/python3.12/site-packages/airflow/example_dags/example_branch_python_dop_operator_3.py took 0.083 seconds
[2024-12-01T05:05:40.375+0000] {processor.py:186} INFO - Started process (PID=664) to work on /home/airflow/.local/lib/python3.12/site-packages/airflow/example_dags/example_branch_python_dop_operator_3.py
[2024-12-01T05:05:40.375+0000] {processor.py:914} INFO - Processing file /home/airflow/.local/lib/python3.12/site-packages/airflow/example_dags/example_branch_python_dop_operator_3.py for tasks to queue
[2024-12-01T05:05:40.376+0000] {logging_mixin.py:190} INFO - [2024-12-01T05:05:40.376+0000] {dagbag.py:588} INFO - Filling up the DagBag from /home/airflow/.local/lib/python3.12/site-packages/airflow/example_dags/example_branch_python_dop_operator_3.py
[2024-12-01T05:05:40.380+0000] {processor.py:925} INFO - DAG(s) 'example_branch_dop_operator_v3' retrieved from /home/airflow/.local/lib/python3.12/site-packages/airflow/example_dags/example_branch_python_dop_operator_3.py
[2024-12-01T05:05:40.387+0000] {logging_mixin.py:190} INFO - [2024-12-01T05:05:40.387+0000] {dag.py:3239} INFO - Sync 1 DAGs
[2024-12-01T05:05:40.396+0000] {logging_mixin.py:190} INFO - [2024-12-01T05:05:40.396+0000] {dag.py:4180} INFO - Setting next_dagrun for example_branch_dop_operator_v3 to 2024-12-01 05:04:00+00:00, run_after=2024-12-01 05:05:00+00:00
[2024-12-01T05:05:40.401+0000] {processor.py:208} INFO - Processing /home/airflow/.local/lib/python3.12/site-packages/airflow/example_dags/example_branch_python_dop_operator_3.py took 0.028 seconds
[2024-12-01T05:06:11.075+0000] {processor.py:186} INFO - Started process (PID=1033) to work on /home/airflow/.local/lib/python3.12/site-packages/airflow/example_dags/example_branch_python_dop_operator_3.py
[2024-12-01T05:06:11.075+0000] {processor.py:914} INFO - Processing file /home/airflow/.local/lib/python3.12/site-packages/airflow/example_dags/example_branch_python_dop_operator_3.py for tasks to queue
[2024-12-01T05:06:11.076+0000] {logging_mixin.py:190} INFO - [2024-12-01T05:06:11.076+0000] {dagbag.py:588} INFO - Filling up the DagBag from /home/airflow/.local/lib/python3.12/site-packages/airflow/example_dags/example_branch_python_dop_operator_3.py
[2024-12-01T05:06:11.080+0000] {processor.py:925} INFO - DAG(s) 'example_branch_dop_operator_v3' retrieved from /home/airflow/.local/lib/python3.12/site-packages/airflow/example_dags/example_branch_python_dop_operator_3.py
[2024-12-01T05:06:11.087+0000] {logging_mixin.py:190} INFO - [2024-12-01T05:06:11.087+0000] {dag.py:3239} INFO - Sync 1 DAGs
[2024-12-01T05:06:11.095+0000] {logging_mixin.py:190} INFO - [2024-12-01T05:06:11.095+0000] {dag.py:4180} INFO - Setting next_dagrun for example_branch_dop_operator_v3 to 2024-12-01 05:05:00+00:00, run_after=2024-12-01 05:06:00+00:00
[2024-12-01T05:06:11.100+0000] {processor.py:208} INFO - Processing /home/airflow/.local/lib/python3.12/site-packages/airflow/example_dags/example_branch_python_dop_operator_3.py took 0.027 seconds
[2024-12-01T05:06:41.771+0000] {processor.py:186} INFO - Started process (PID=1399) to work on /home/airflow/.local/lib/python3.12/site-packages/airflow/example_dags/example_branch_python_dop_operator_3.py
[2024-12-01T05:06:41.771+0000] {processor.py:914} INFO - Processing file /home/airflow/.local/lib/python3.12/site-packages/airflow/example_dags/example_branch_python_dop_operator_3.py for tasks to queue
[2024-12-01T05:06:41.772+0000] {logging_mixin.py:190} INFO - [2024-12-01T05:06:41.772+0000] {dagbag.py:588} INFO - Filling up the DagBag from /home/airflow/.local/lib/python3.12/site-packages/airflow/example_dags/example_branch_python_dop_operator_3.py
[2024-12-01T05:06:41.779+0000] {processor.py:925} INFO - DAG(s) 'example_branch_dop_operator_v3' retrieved from /home/airflow/.local/lib/python3.12/site-packages/airflow/example_dags/example_branch_python_dop_operator_3.py
[2024-12-01T05:06:41.789+0000] {logging_mixin.py:190} INFO - [2024-12-01T05:06:41.789+0000] {dag.py:3239} INFO - Sync 1 DAGs
[2024-12-01T05:06:41.800+0000] {logging_mixin.py:190} INFO - [2024-12-01T05:06:41.800+0000] {dag.py:4180} INFO - Setting next_dagrun for example_branch_dop_operator_v3 to 2024-12-01 05:05:00+00:00, run_after=2024-12-01 05:06:00+00:00
[2024-12-01T05:06:41.805+0000] {processor.py:208} INFO - Processing /home/airflow/.local/lib/python3.12/site-packages/airflow/example_dags/example_branch_python_dop_operator_3.py took 0.037 seconds
[2024-12-01T05:07:12.657+0000] {processor.py:186} INFO - Started process (PID=1775) to work on /home/airflow/.local/lib/python3.12/site-packages/airflow/example_dags/example_branch_python_dop_operator_3.py
[2024-12-01T05:07:12.660+0000] {processor.py:914} INFO - Processing file /home/airflow/.local/lib/python3.12/site-packages/airflow/example_dags/example_branch_python_dop_operator_3.py for tasks to queue
[2024-12-01T05:07:12.660+0000] {logging_mixin.py:190} INFO - [2024-12-01T05:07:12.660+0000] {dagbag.py:588} INFO - Filling up the DagBag from /home/airflow/.local/lib/python3.12/site-packages/airflow/example_dags/example_branch_python_dop_operator_3.py
[2024-12-01T05:07:12.665+0000] {processor.py:925} INFO - DAG(s) 'example_branch_dop_operator_v3' retrieved from /home/airflow/.local/lib/python3.12/site-packages/airflow/example_dags/example_branch_python_dop_operator_3.py
[2024-12-01T05:07:12.674+0000] {logging_mixin.py:190} INFO - [2024-12-01T05:07:12.674+0000] {dag.py:3239} INFO - Sync 1 DAGs
[2024-12-01T05:07:12.684+0000] {logging_mixin.py:190} INFO - [2024-12-01T05:07:12.684+0000] {dag.py:4180} INFO - Setting next_dagrun for example_branch_dop_operator_v3 to 2024-12-01 05:06:00+00:00, run_after=2024-12-01 05:07:00+00:00
[2024-12-01T05:07:12.689+0000] {processor.py:208} INFO - Processing /home/airflow/.local/lib/python3.12/site-packages/airflow/example_dags/example_branch_python_dop_operator_3.py took 0.034 seconds
[2024-12-01T05:07:43.314+0000] {processor.py:186} INFO - Started process (PID=2173) to work on /home/airflow/.local/lib/python3.12/site-packages/airflow/example_dags/example_branch_python_dop_operator_3.py
[2024-12-01T05:07:43.318+0000] {processor.py:914} INFO - Processing file /home/airflow/.local/lib/python3.12/site-packages/airflow/example_dags/example_branch_python_dop_operator_3.py for tasks to queue
[2024-12-01T05:07:43.320+0000] {logging_mixin.py:190} INFO - [2024-12-01T05:07:43.320+0000] {dagbag.py:588} INFO - Filling up the DagBag from /home/airflow/.local/lib/python3.12/site-packages/airflow/example_dags/example_branch_python_dop_operator_3.py
[2024-12-01T05:07:43.324+0000] {processor.py:925} INFO - DAG(s) 'example_branch_dop_operator_v3' retrieved from /home/airflow/.local/lib/python3.12/site-packages/airflow/example_dags/example_branch_python_dop_operator_3.py
[2024-12-01T05:07:43.335+0000] {logging_mixin.py:190} INFO - [2024-12-01T05:07:43.335+0000] {dag.py:3239} INFO - Sync 1 DAGs
[2024-12-01T05:07:43.345+0000] {logging_mixin.py:190} INFO - [2024-12-01T05:07:43.345+0000] {dag.py:4180} INFO - Setting next_dagrun for example_branch_dop_operator_v3 to 2024-12-01 05:06:00+00:00, run_after=2024-12-01 05:07:00+00:00
[2024-12-01T05:07:43.354+0000] {processor.py:208} INFO - Processing /home/airflow/.local/lib/python3.12/site-packages/airflow/example_dags/example_branch_python_dop_operator_3.py took 0.042 seconds
[2024-12-01T05:08:13.929+0000] {processor.py:186} INFO - Started process (PID=2539) to work on /home/airflow/.local/lib/python3.12/site-packages/airflow/example_dags/example_branch_python_dop_operator_3.py
[2024-12-01T05:08:13.929+0000] {processor.py:914} INFO - Processing file /home/airflow/.local/lib/python3.12/site-packages/airflow/example_dags/example_branch_python_dop_operator_3.py for tasks to queue
[2024-12-01T05:08:13.930+0000] {logging_mixin.py:190} INFO - [2024-12-01T05:08:13.929+0000] {dagbag.py:588} INFO - Filling up the DagBag from /home/airflow/.local/lib/python3.12/site-packages/airflow/example_dags/example_branch_python_dop_operator_3.py
[2024-12-01T05:08:13.935+0000] {processor.py:925} INFO - DAG(s) 'example_branch_dop_operator_v3' retrieved from /home/airflow/.local/lib/python3.12/site-packages/airflow/example_dags/example_branch_python_dop_operator_3.py
[2024-12-01T05:08:13.941+0000] {logging_mixin.py:190} INFO - [2024-12-01T05:08:13.941+0000] {dag.py:3239} INFO - Sync 1 DAGs
[2024-12-01T05:08:13.950+0000] {logging_mixin.py:190} INFO - [2024-12-01T05:08:13.950+0000] {dag.py:4180} INFO - Setting next_dagrun for example_branch_dop_operator_v3 to 2024-12-01 05:07:00+00:00, run_after=2024-12-01 05:08:00+00:00
[2024-12-01T05:08:13.955+0000] {processor.py:208} INFO - Processing /home/airflow/.local/lib/python3.12/site-packages/airflow/example_dags/example_branch_python_dop_operator_3.py took 0.029 seconds
[2024-12-01T05:08:44.510+0000] {processor.py:186} INFO - Started process (PID=2915) to work on /home/airflow/.local/lib/python3.12/site-packages/airflow/example_dags/example_branch_python_dop_operator_3.py
[2024-12-01T05:08:44.511+0000] {processor.py:914} INFO - Processing file /home/airflow/.local/lib/python3.12/site-packages/airflow/example_dags/example_branch_python_dop_operator_3.py for tasks to queue
[2024-12-01T05:08:44.511+0000] {logging_mixin.py:190} INFO - [2024-12-01T05:08:44.511+0000] {dagbag.py:588} INFO - Filling up the DagBag from /home/airflow/.local/lib/python3.12/site-packages/airflow/example_dags/example_branch_python_dop_operator_3.py
[2024-12-01T05:08:44.515+0000] {processor.py:925} INFO - DAG(s) 'example_branch_dop_operator_v3' retrieved from /home/airflow/.local/lib/python3.12/site-packages/airflow/example_dags/example_branch_python_dop_operator_3.py
[2024-12-01T05:08:44.522+0000] {logging_mixin.py:190} INFO - [2024-12-01T05:08:44.522+0000] {dag.py:3239} INFO - Sync 1 DAGs
[2024-12-01T05:08:44.531+0000] {logging_mixin.py:190} INFO - [2024-12-01T05:08:44.531+0000] {dag.py:4180} INFO - Setting next_dagrun for example_branch_dop_operator_v3 to 2024-12-01 05:07:00+00:00, run_after=2024-12-01 05:08:00+00:00
[2024-12-01T05:08:44.536+0000] {processor.py:208} INFO - Processing /home/airflow/.local/lib/python3.12/site-packages/airflow/example_dags/example_branch_python_dop_operator_3.py took 0.028 seconds
[2024-12-01T05:09:15.354+0000] {processor.py:186} INFO - Started process (PID=3285) to work on /home/airflow/.local/lib/python3.12/site-packages/airflow/example_dags/example_branch_python_dop_operator_3.py
[2024-12-01T05:09:15.356+0000] {processor.py:914} INFO - Processing file /home/airflow/.local/lib/python3.12/site-packages/airflow/example_dags/example_branch_python_dop_operator_3.py for tasks to queue
[2024-12-01T05:09:15.357+0000] {logging_mixin.py:190} INFO - [2024-12-01T05:09:15.357+0000] {dagbag.py:588} INFO - Filling up the DagBag from /home/airflow/.local/lib/python3.12/site-packages/airflow/example_dags/example_branch_python_dop_operator_3.py
[2024-12-01T05:09:15.362+0000] {processor.py:925} INFO - DAG(s) 'example_branch_dop_operator_v3' retrieved from /home/airflow/.local/lib/python3.12/site-packages/airflow/example_dags/example_branch_python_dop_operator_3.py
[2024-12-01T05:09:15.372+0000] {logging_mixin.py:190} INFO - [2024-12-01T05:09:15.372+0000] {dag.py:3239} INFO - Sync 1 DAGs
[2024-12-01T05:09:15.385+0000] {logging_mixin.py:190} INFO - [2024-12-01T05:09:15.385+0000] {dag.py:4180} INFO - Setting next_dagrun for example_branch_dop_operator_v3 to 2024-12-01 05:08:00+00:00, run_after=2024-12-01 05:09:00+00:00
[2024-12-01T05:09:15.392+0000] {processor.py:208} INFO - Processing /home/airflow/.local/lib/python3.12/site-packages/airflow/example_dags/example_branch_python_dop_operator_3.py took 0.041 seconds
[2024-12-01T05:09:46.064+0000] {processor.py:186} INFO - Started process (PID=3660) to work on /home/airflow/.local/lib/python3.12/site-packages/airflow/example_dags/example_branch_python_dop_operator_3.py
[2024-12-01T05:09:46.064+0000] {processor.py:914} INFO - Processing file /home/airflow/.local/lib/python3.12/site-packages/airflow/example_dags/example_branch_python_dop_operator_3.py for tasks to queue
[2024-12-01T05:09:46.065+0000] {logging_mixin.py:190} INFO - [2024-12-01T05:09:46.065+0000] {dagbag.py:588} INFO - Filling up the DagBag from /home/airflow/.local/lib/python3.12/site-packages/airflow/example_dags/example_branch_python_dop_operator_3.py
[2024-12-01T05:09:46.070+0000] {processor.py:925} INFO - DAG(s) 'example_branch_dop_operator_v3' retrieved from /home/airflow/.local/lib/python3.12/site-packages/airflow/example_dags/example_branch_python_dop_operator_3.py
[2024-12-01T05:09:46.079+0000] {logging_mixin.py:190} INFO - [2024-12-01T05:09:46.079+0000] {dag.py:3239} INFO - Sync 1 DAGs
[2024-12-01T05:09:46.088+0000] {logging_mixin.py:190} INFO - [2024-12-01T05:09:46.088+0000] {dag.py:4180} INFO - Setting next_dagrun for example_branch_dop_operator_v3 to 2024-12-01 05:08:00+00:00, run_after=2024-12-01 05:09:00+00:00
[2024-12-01T05:09:46.093+0000] {processor.py:208} INFO - Processing /home/airflow/.local/lib/python3.12/site-packages/airflow/example_dags/example_branch_python_dop_operator_3.py took 0.032 seconds
[2024-12-01T05:10:16.882+0000] {processor.py:186} INFO - Started process (PID=4079) to work on /home/airflow/.local/lib/python3.12/site-packages/airflow/example_dags/example_branch_python_dop_operator_3.py
[2024-12-01T05:10:16.882+0000] {processor.py:914} INFO - Processing file /home/airflow/.local/lib/python3.12/site-packages/airflow/example_dags/example_branch_python_dop_operator_3.py for tasks to queue
[2024-12-01T05:10:16.882+0000] {logging_mixin.py:190} INFO - [2024-12-01T05:10:16.882+0000] {dagbag.py:588} INFO - Filling up the DagBag from /home/airflow/.local/lib/python3.12/site-packages/airflow/example_dags/example_branch_python_dop_operator_3.py
[2024-12-01T05:10:16.886+0000] {processor.py:925} INFO - DAG(s) 'example_branch_dop_operator_v3' retrieved from /home/airflow/.local/lib/python3.12/site-packages/airflow/example_dags/example_branch_python_dop_operator_3.py
[2024-12-01T05:10:16.893+0000] {logging_mixin.py:190} INFO - [2024-12-01T05:10:16.893+0000] {dag.py:3239} INFO - Sync 1 DAGs
[2024-12-01T05:10:16.903+0000] {logging_mixin.py:190} INFO - [2024-12-01T05:10:16.903+0000] {dag.py:4180} INFO - Setting next_dagrun for example_branch_dop_operator_v3 to 2024-12-01 05:09:00+00:00, run_after=2024-12-01 05:10:00+00:00
[2024-12-01T05:10:16.908+0000] {processor.py:208} INFO - Processing /home/airflow/.local/lib/python3.12/site-packages/airflow/example_dags/example_branch_python_dop_operator_3.py took 0.029 seconds
[2024-12-01T05:10:47.535+0000] {processor.py:186} INFO - Started process (PID=4467) to work on /home/airflow/.local/lib/python3.12/site-packages/airflow/example_dags/example_branch_python_dop_operator_3.py
[2024-12-01T05:10:47.536+0000] {processor.py:914} INFO - Processing file /home/airflow/.local/lib/python3.12/site-packages/airflow/example_dags/example_branch_python_dop_operator_3.py for tasks to queue
[2024-12-01T05:10:47.536+0000] {logging_mixin.py:190} INFO - [2024-12-01T05:10:47.536+0000] {dagbag.py:588} INFO - Filling up the DagBag from /home/airflow/.local/lib/python3.12/site-packages/airflow/example_dags/example_branch_python_dop_operator_3.py
[2024-12-01T05:10:47.541+0000] {processor.py:925} INFO - DAG(s) 'example_branch_dop_operator_v3' retrieved from /home/airflow/.local/lib/python3.12/site-packages/airflow/example_dags/example_branch_python_dop_operator_3.py
[2024-12-01T05:10:47.550+0000] {logging_mixin.py:190} INFO - [2024-12-01T05:10:47.550+0000] {dag.py:3239} INFO - Sync 1 DAGs
[2024-12-01T05:10:47.560+0000] {logging_mixin.py:190} INFO - [2024-12-01T05:10:47.560+0000] {dag.py:4180} INFO - Setting next_dagrun for example_branch_dop_operator_v3 to 2024-12-01 05:09:00+00:00, run_after=2024-12-01 05:10:00+00:00
[2024-12-01T05:10:47.566+0000] {processor.py:208} INFO - Processing /home/airflow/.local/lib/python3.12/site-packages/airflow/example_dags/example_branch_python_dop_operator_3.py took 0.033 seconds
[2024-12-01T05:11:18.167+0000] {processor.py:186} INFO - Started process (PID=4833) to work on /home/airflow/.local/lib/python3.12/site-packages/airflow/example_dags/example_branch_python_dop_operator_3.py
[2024-12-01T05:11:18.168+0000] {processor.py:914} INFO - Processing file /home/airflow/.local/lib/python3.12/site-packages/airflow/example_dags/example_branch_python_dop_operator_3.py for tasks to queue
[2024-12-01T05:11:18.168+0000] {logging_mixin.py:190} INFO - [2024-12-01T05:11:18.168+0000] {dagbag.py:588} INFO - Filling up the DagBag from /home/airflow/.local/lib/python3.12/site-packages/airflow/example_dags/example_branch_python_dop_operator_3.py
[2024-12-01T05:11:18.175+0000] {processor.py:925} INFO - DAG(s) 'example_branch_dop_operator_v3' retrieved from /home/airflow/.local/lib/python3.12/site-packages/airflow/example_dags/example_branch_python_dop_operator_3.py
[2024-12-01T05:11:18.185+0000] {logging_mixin.py:190} INFO - [2024-12-01T05:11:18.185+0000] {dag.py:3239} INFO - Sync 1 DAGs
[2024-12-01T05:11:18.196+0000] {logging_mixin.py:190} INFO - [2024-12-01T05:11:18.195+0000] {dag.py:4180} INFO - Setting next_dagrun for example_branch_dop_operator_v3 to 2024-12-01 05:10:00+00:00, run_after=2024-12-01 05:11:00+00:00
[2024-12-01T05:11:18.200+0000] {processor.py:208} INFO - Processing /home/airflow/.local/lib/python3.12/site-packages/airflow/example_dags/example_branch_python_dop_operator_3.py took 0.036 seconds
[2024-12-01T05:11:48.606+0000] {processor.py:186} INFO - Started process (PID=5199) to work on /home/airflow/.local/lib/python3.12/site-packages/airflow/example_dags/example_branch_python_dop_operator_3.py
[2024-12-01T05:11:48.606+0000] {processor.py:914} INFO - Processing file /home/airflow/.local/lib/python3.12/site-packages/airflow/example_dags/example_branch_python_dop_operator_3.py for tasks to queue
[2024-12-01T05:11:48.607+0000] {logging_mixin.py:190} INFO - [2024-12-01T05:11:48.606+0000] {dagbag.py:588} INFO - Filling up the DagBag from /home/airflow/.local/lib/python3.12/site-packages/airflow/example_dags/example_branch_python_dop_operator_3.py
[2024-12-01T05:11:48.611+0000] {processor.py:925} INFO - DAG(s) 'example_branch_dop_operator_v3' retrieved from /home/airflow/.local/lib/python3.12/site-packages/airflow/example_dags/example_branch_python_dop_operator_3.py
[2024-12-01T05:11:48.618+0000] {logging_mixin.py:190} INFO - [2024-12-01T05:11:48.618+0000] {dag.py:3239} INFO - Sync 1 DAGs
[2024-12-01T05:11:48.627+0000] {logging_mixin.py:190} INFO - [2024-12-01T05:11:48.627+0000] {dag.py:4180} INFO - Setting next_dagrun for example_branch_dop_operator_v3 to 2024-12-01 05:10:00+00:00, run_after=2024-12-01 05:11:00+00:00
[2024-12-01T05:11:48.632+0000] {processor.py:208} INFO - Processing /home/airflow/.local/lib/python3.12/site-packages/airflow/example_dags/example_branch_python_dop_operator_3.py took 0.029 seconds
[2024-12-01T05:12:19.103+0000] {processor.py:186} INFO - Started process (PID=5565) to work on /home/airflow/.local/lib/python3.12/site-packages/airflow/example_dags/example_branch_python_dop_operator_3.py
[2024-12-01T05:12:19.106+0000] {processor.py:914} INFO - Processing file /home/airflow/.local/lib/python3.12/site-packages/airflow/example_dags/example_branch_python_dop_operator_3.py for tasks to queue
[2024-12-01T05:12:19.107+0000] {logging_mixin.py:190} INFO - [2024-12-01T05:12:19.107+0000] {dagbag.py:588} INFO - Filling up the DagBag from /home/airflow/.local/lib/python3.12/site-packages/airflow/example_dags/example_branch_python_dop_operator_3.py
[2024-12-01T05:12:19.111+0000] {processor.py:925} INFO - DAG(s) 'example_branch_dop_operator_v3' retrieved from /home/airflow/.local/lib/python3.12/site-packages/airflow/example_dags/example_branch_python_dop_operator_3.py
[2024-12-01T05:12:19.119+0000] {logging_mixin.py:190} INFO - [2024-12-01T05:12:19.119+0000] {dag.py:3239} INFO - Sync 1 DAGs
[2024-12-01T05:12:19.129+0000] {logging_mixin.py:190} INFO - [2024-12-01T05:12:19.129+0000] {dag.py:4180} INFO - Setting next_dagrun for example_branch_dop_operator_v3 to 2024-12-01 05:11:00+00:00, run_after=2024-12-01 05:12:00+00:00
[2024-12-01T05:12:19.137+0000] {processor.py:208} INFO - Processing /home/airflow/.local/lib/python3.12/site-packages/airflow/example_dags/example_branch_python_dop_operator_3.py took 0.035 seconds
[2024-12-01T05:12:49.643+0000] {processor.py:186} INFO - Started process (PID=5931) to work on /home/airflow/.local/lib/python3.12/site-packages/airflow/example_dags/example_branch_python_dop_operator_3.py
[2024-12-01T05:12:49.644+0000] {processor.py:914} INFO - Processing file /home/airflow/.local/lib/python3.12/site-packages/airflow/example_dags/example_branch_python_dop_operator_3.py for tasks to queue
[2024-12-01T05:12:49.645+0000] {logging_mixin.py:190} INFO - [2024-12-01T05:12:49.644+0000] {dagbag.py:588} INFO - Filling up the DagBag from /home/airflow/.local/lib/python3.12/site-packages/airflow/example_dags/example_branch_python_dop_operator_3.py
[2024-12-01T05:12:49.649+0000] {processor.py:925} INFO - DAG(s) 'example_branch_dop_operator_v3' retrieved from /home/airflow/.local/lib/python3.12/site-packages/airflow/example_dags/example_branch_python_dop_operator_3.py
[2024-12-01T05:12:49.660+0000] {logging_mixin.py:190} INFO - [2024-12-01T05:12:49.660+0000] {dag.py:3239} INFO - Sync 1 DAGs
[2024-12-01T05:12:49.670+0000] {logging_mixin.py:190} INFO - [2024-12-01T05:12:49.670+0000] {dag.py:4180} INFO - Setting next_dagrun for example_branch_dop_operator_v3 to 2024-12-01 05:11:00+00:00, run_after=2024-12-01 05:12:00+00:00
[2024-12-01T05:12:49.678+0000] {processor.py:208} INFO - Processing /home/airflow/.local/lib/python3.12/site-packages/airflow/example_dags/example_branch_python_dop_operator_3.py took 0.037 seconds
[2024-12-01T05:13:20.394+0000] {processor.py:186} INFO - Started process (PID=6297) to work on /home/airflow/.local/lib/python3.12/site-packages/airflow/example_dags/example_branch_python_dop_operator_3.py
[2024-12-01T05:13:20.394+0000] {processor.py:914} INFO - Processing file /home/airflow/.local/lib/python3.12/site-packages/airflow/example_dags/example_branch_python_dop_operator_3.py for tasks to queue
[2024-12-01T05:13:20.396+0000] {logging_mixin.py:190} INFO - [2024-12-01T05:13:20.395+0000] {dagbag.py:588} INFO - Filling up the DagBag from /home/airflow/.local/lib/python3.12/site-packages/airflow/example_dags/example_branch_python_dop_operator_3.py
[2024-12-01T05:13:20.401+0000] {processor.py:925} INFO - DAG(s) 'example_branch_dop_operator_v3' retrieved from /home/airflow/.local/lib/python3.12/site-packages/airflow/example_dags/example_branch_python_dop_operator_3.py
[2024-12-01T05:13:20.410+0000] {logging_mixin.py:190} INFO - [2024-12-01T05:13:20.410+0000] {dag.py:3239} INFO - Sync 1 DAGs
[2024-12-01T05:13:20.421+0000] {logging_mixin.py:190} INFO - [2024-12-01T05:13:20.421+0000] {dag.py:4180} INFO - Setting next_dagrun for example_branch_dop_operator_v3 to 2024-12-01 05:12:00+00:00, run_after=2024-12-01 05:13:00+00:00
[2024-12-01T05:13:20.428+0000] {processor.py:208} INFO - Processing /home/airflow/.local/lib/python3.12/site-packages/airflow/example_dags/example_branch_python_dop_operator_3.py took 0.037 seconds
[2024-12-01T05:13:51.035+0000] {processor.py:186} INFO - Started process (PID=6663) to work on /home/airflow/.local/lib/python3.12/site-packages/airflow/example_dags/example_branch_python_dop_operator_3.py
[2024-12-01T05:13:51.036+0000] {processor.py:914} INFO - Processing file /home/airflow/.local/lib/python3.12/site-packages/airflow/example_dags/example_branch_python_dop_operator_3.py for tasks to queue
[2024-12-01T05:13:51.036+0000] {logging_mixin.py:190} INFO - [2024-12-01T05:13:51.036+0000] {dagbag.py:588} INFO - Filling up the DagBag from /home/airflow/.local/lib/python3.12/site-packages/airflow/example_dags/example_branch_python_dop_operator_3.py
[2024-12-01T05:13:51.042+0000] {processor.py:925} INFO - DAG(s) 'example_branch_dop_operator_v3' retrieved from /home/airflow/.local/lib/python3.12/site-packages/airflow/example_dags/example_branch_python_dop_operator_3.py
[2024-12-01T05:13:51.051+0000] {logging_mixin.py:190} INFO - [2024-12-01T05:13:51.051+0000] {dag.py:3239} INFO - Sync 1 DAGs
[2024-12-01T05:13:51.063+0000] {logging_mixin.py:190} INFO - [2024-12-01T05:13:51.063+0000] {dag.py:4180} INFO - Setting next_dagrun for example_branch_dop_operator_v3 to 2024-12-01 05:12:00+00:00, run_after=2024-12-01 05:13:00+00:00
[2024-12-01T05:13:51.071+0000] {processor.py:208} INFO - Processing /home/airflow/.local/lib/python3.12/site-packages/airflow/example_dags/example_branch_python_dop_operator_3.py took 0.038 seconds
[2024-12-01T05:14:21.684+0000] {processor.py:186} INFO - Started process (PID=7029) to work on /home/airflow/.local/lib/python3.12/site-packages/airflow/example_dags/example_branch_python_dop_operator_3.py
[2024-12-01T05:14:21.684+0000] {processor.py:914} INFO - Processing file /home/airflow/.local/lib/python3.12/site-packages/airflow/example_dags/example_branch_python_dop_operator_3.py for tasks to queue
[2024-12-01T05:14:21.685+0000] {logging_mixin.py:190} INFO - [2024-12-01T05:14:21.685+0000] {dagbag.py:588} INFO - Filling up the DagBag from /home/airflow/.local/lib/python3.12/site-packages/airflow/example_dags/example_branch_python_dop_operator_3.py
[2024-12-01T05:14:21.690+0000] {processor.py:925} INFO - DAG(s) 'example_branch_dop_operator_v3' retrieved from /home/airflow/.local/lib/python3.12/site-packages/airflow/example_dags/example_branch_python_dop_operator_3.py
[2024-12-01T05:14:21.700+0000] {logging_mixin.py:190} INFO - [2024-12-01T05:14:21.700+0000] {dag.py:3239} INFO - Sync 1 DAGs
[2024-12-01T05:14:21.710+0000] {logging_mixin.py:190} INFO - [2024-12-01T05:14:21.710+0000] {dag.py:4180} INFO - Setting next_dagrun for example_branch_dop_operator_v3 to 2024-12-01 05:13:00+00:00, run_after=2024-12-01 05:14:00+00:00
[2024-12-01T05:14:21.717+0000] {processor.py:208} INFO - Processing /home/airflow/.local/lib/python3.12/site-packages/airflow/example_dags/example_branch_python_dop_operator_3.py took 0.035 seconds
[2024-12-01T05:14:52.361+0000] {processor.py:186} INFO - Started process (PID=7397) to work on /home/airflow/.local/lib/python3.12/site-packages/airflow/example_dags/example_branch_python_dop_operator_3.py
[2024-12-01T05:14:52.361+0000] {processor.py:914} INFO - Processing file /home/airflow/.local/lib/python3.12/site-packages/airflow/example_dags/example_branch_python_dop_operator_3.py for tasks to queue
[2024-12-01T05:14:52.362+0000] {logging_mixin.py:190} INFO - [2024-12-01T05:14:52.362+0000] {dagbag.py:588} INFO - Filling up the DagBag from /home/airflow/.local/lib/python3.12/site-packages/airflow/example_dags/example_branch_python_dop_operator_3.py
[2024-12-01T05:14:52.366+0000] {processor.py:925} INFO - DAG(s) 'example_branch_dop_operator_v3' retrieved from /home/airflow/.local/lib/python3.12/site-packages/airflow/example_dags/example_branch_python_dop_operator_3.py
[2024-12-01T05:14:52.373+0000] {logging_mixin.py:190} INFO - [2024-12-01T05:14:52.373+0000] {dag.py:3239} INFO - Sync 1 DAGs
[2024-12-01T05:14:52.381+0000] {logging_mixin.py:190} INFO - [2024-12-01T05:14:52.381+0000] {dag.py:4180} INFO - Setting next_dagrun for example_branch_dop_operator_v3 to 2024-12-01 05:13:00+00:00, run_after=2024-12-01 05:14:00+00:00
[2024-12-01T05:14:52.387+0000] {processor.py:208} INFO - Processing /home/airflow/.local/lib/python3.12/site-packages/airflow/example_dags/example_branch_python_dop_operator_3.py took 0.028 seconds
[2024-12-01T05:15:23.209+0000] {processor.py:186} INFO - Started process (PID=7761) to work on /home/airflow/.local/lib/python3.12/site-packages/airflow/example_dags/example_branch_python_dop_operator_3.py
[2024-12-01T05:15:23.209+0000] {processor.py:914} INFO - Processing file /home/airflow/.local/lib/python3.12/site-packages/airflow/example_dags/example_branch_python_dop_operator_3.py for tasks to queue
[2024-12-01T05:15:23.210+0000] {logging_mixin.py:190} INFO - [2024-12-01T05:15:23.210+0000] {dagbag.py:588} INFO - Filling up the DagBag from /home/airflow/.local/lib/python3.12/site-packages/airflow/example_dags/example_branch_python_dop_operator_3.py
[2024-12-01T05:15:23.217+0000] {processor.py:925} INFO - DAG(s) 'example_branch_dop_operator_v3' retrieved from /home/airflow/.local/lib/python3.12/site-packages/airflow/example_dags/example_branch_python_dop_operator_3.py
[2024-12-01T05:15:23.227+0000] {logging_mixin.py:190} INFO - [2024-12-01T05:15:23.227+0000] {dag.py:3239} INFO - Sync 1 DAGs
[2024-12-01T05:15:23.237+0000] {logging_mixin.py:190} INFO - [2024-12-01T05:15:23.237+0000] {dag.py:4180} INFO - Setting next_dagrun for example_branch_dop_operator_v3 to 2024-12-01 05:14:00+00:00, run_after=2024-12-01 05:15:00+00:00
[2024-12-01T05:15:23.242+0000] {processor.py:208} INFO - Processing /home/airflow/.local/lib/python3.12/site-packages/airflow/example_dags/example_branch_python_dop_operator_3.py took 0.036 seconds
[2024-12-01T05:15:53.769+0000] {processor.py:186} INFO - Started process (PID=8129) to work on /home/airflow/.local/lib/python3.12/site-packages/airflow/example_dags/example_branch_python_dop_operator_3.py
[2024-12-01T05:15:53.770+0000] {processor.py:914} INFO - Processing file /home/airflow/.local/lib/python3.12/site-packages/airflow/example_dags/example_branch_python_dop_operator_3.py for tasks to queue
[2024-12-01T05:15:53.770+0000] {logging_mixin.py:190} INFO - [2024-12-01T05:15:53.770+0000] {dagbag.py:588} INFO - Filling up the DagBag from /home/airflow/.local/lib/python3.12/site-packages/airflow/example_dags/example_branch_python_dop_operator_3.py
[2024-12-01T05:15:53.775+0000] {processor.py:925} INFO - DAG(s) 'example_branch_dop_operator_v3' retrieved from /home/airflow/.local/lib/python3.12/site-packages/airflow/example_dags/example_branch_python_dop_operator_3.py
[2024-12-01T05:15:53.782+0000] {logging_mixin.py:190} INFO - [2024-12-01T05:15:53.782+0000] {dag.py:3239} INFO - Sync 1 DAGs
[2024-12-01T05:15:53.791+0000] {logging_mixin.py:190} INFO - [2024-12-01T05:15:53.790+0000] {dag.py:4180} INFO - Setting next_dagrun for example_branch_dop_operator_v3 to 2024-12-01 05:14:00+00:00, run_after=2024-12-01 05:15:00+00:00
[2024-12-01T05:15:53.796+0000] {processor.py:208} INFO - Processing /home/airflow/.local/lib/python3.12/site-packages/airflow/example_dags/example_branch_python_dop_operator_3.py took 0.029 seconds
[2024-12-01T05:16:24.367+0000] {processor.py:186} INFO - Started process (PID=8493) to work on /home/airflow/.local/lib/python3.12/site-packages/airflow/example_dags/example_branch_python_dop_operator_3.py
[2024-12-01T05:16:24.369+0000] {processor.py:914} INFO - Processing file /home/airflow/.local/lib/python3.12/site-packages/airflow/example_dags/example_branch_python_dop_operator_3.py for tasks to queue
[2024-12-01T05:16:24.369+0000] {logging_mixin.py:190} INFO - [2024-12-01T05:16:24.369+0000] {dagbag.py:588} INFO - Filling up the DagBag from /home/airflow/.local/lib/python3.12/site-packages/airflow/example_dags/example_branch_python_dop_operator_3.py
[2024-12-01T05:16:24.374+0000] {processor.py:925} INFO - DAG(s) 'example_branch_dop_operator_v3' retrieved from /home/airflow/.local/lib/python3.12/site-packages/airflow/example_dags/example_branch_python_dop_operator_3.py
[2024-12-01T05:16:24.381+0000] {logging_mixin.py:190} INFO - [2024-12-01T05:16:24.381+0000] {dag.py:3239} INFO - Sync 1 DAGs
[2024-12-01T05:16:24.389+0000] {logging_mixin.py:190} INFO - [2024-12-01T05:16:24.389+0000] {dag.py:4180} INFO - Setting next_dagrun for example_branch_dop_operator_v3 to 2024-12-01 05:15:00+00:00, run_after=2024-12-01 05:16:00+00:00
[2024-12-01T05:16:24.395+0000] {processor.py:208} INFO - Processing /home/airflow/.local/lib/python3.12/site-packages/airflow/example_dags/example_branch_python_dop_operator_3.py took 0.030 seconds
[2024-12-01T05:16:54.825+0000] {processor.py:186} INFO - Started process (PID=8859) to work on /home/airflow/.local/lib/python3.12/site-packages/airflow/example_dags/example_branch_python_dop_operator_3.py
[2024-12-01T05:16:54.826+0000] {processor.py:914} INFO - Processing file /home/airflow/.local/lib/python3.12/site-packages/airflow/example_dags/example_branch_python_dop_operator_3.py for tasks to queue
[2024-12-01T05:16:54.827+0000] {logging_mixin.py:190} INFO - [2024-12-01T05:16:54.826+0000] {dagbag.py:588} INFO - Filling up the DagBag from /home/airflow/.local/lib/python3.12/site-packages/airflow/example_dags/example_branch_python_dop_operator_3.py
[2024-12-01T05:16:54.831+0000] {processor.py:925} INFO - DAG(s) 'example_branch_dop_operator_v3' retrieved from /home/airflow/.local/lib/python3.12/site-packages/airflow/example_dags/example_branch_python_dop_operator_3.py
[2024-12-01T05:16:54.841+0000] {logging_mixin.py:190} INFO - [2024-12-01T05:16:54.840+0000] {dag.py:3239} INFO - Sync 1 DAGs
[2024-12-01T05:16:54.849+0000] {logging_mixin.py:190} INFO - [2024-12-01T05:16:54.849+0000] {dag.py:4180} INFO - Setting next_dagrun for example_branch_dop_operator_v3 to 2024-12-01 05:15:00+00:00, run_after=2024-12-01 05:16:00+00:00
[2024-12-01T05:16:54.855+0000] {processor.py:208} INFO - Processing /home/airflow/.local/lib/python3.12/site-packages/airflow/example_dags/example_branch_python_dop_operator_3.py took 0.032 seconds
[2024-12-01T05:17:25.333+0000] {processor.py:186} INFO - Started process (PID=9225) to work on /home/airflow/.local/lib/python3.12/site-packages/airflow/example_dags/example_branch_python_dop_operator_3.py
[2024-12-01T05:17:25.336+0000] {processor.py:914} INFO - Processing file /home/airflow/.local/lib/python3.12/site-packages/airflow/example_dags/example_branch_python_dop_operator_3.py for tasks to queue
[2024-12-01T05:17:25.337+0000] {logging_mixin.py:190} INFO - [2024-12-01T05:17:25.337+0000] {dagbag.py:588} INFO - Filling up the DagBag from /home/airflow/.local/lib/python3.12/site-packages/airflow/example_dags/example_branch_python_dop_operator_3.py
[2024-12-01T05:17:25.343+0000] {processor.py:925} INFO - DAG(s) 'example_branch_dop_operator_v3' retrieved from /home/airflow/.local/lib/python3.12/site-packages/airflow/example_dags/example_branch_python_dop_operator_3.py
[2024-12-01T05:17:25.355+0000] {logging_mixin.py:190} INFO - [2024-12-01T05:17:25.355+0000] {dag.py:3239} INFO - Sync 1 DAGs
[2024-12-01T05:17:25.366+0000] {logging_mixin.py:190} INFO - [2024-12-01T05:17:25.366+0000] {dag.py:4180} INFO - Setting next_dagrun for example_branch_dop_operator_v3 to 2024-12-01 05:16:00+00:00, run_after=2024-12-01 05:17:00+00:00
[2024-12-01T05:17:25.374+0000] {processor.py:208} INFO - Processing /home/airflow/.local/lib/python3.12/site-packages/airflow/example_dags/example_branch_python_dop_operator_3.py took 0.043 seconds
[2024-12-01T05:17:55.893+0000] {processor.py:186} INFO - Started process (PID=9591) to work on /home/airflow/.local/lib/python3.12/site-packages/airflow/example_dags/example_branch_python_dop_operator_3.py
[2024-12-01T05:17:55.894+0000] {processor.py:914} INFO - Processing file /home/airflow/.local/lib/python3.12/site-packages/airflow/example_dags/example_branch_python_dop_operator_3.py for tasks to queue
[2024-12-01T05:17:55.895+0000] {logging_mixin.py:190} INFO - [2024-12-01T05:17:55.895+0000] {dagbag.py:588} INFO - Filling up the DagBag from /home/airflow/.local/lib/python3.12/site-packages/airflow/example_dags/example_branch_python_dop_operator_3.py
[2024-12-01T05:17:55.900+0000] {processor.py:925} INFO - DAG(s) 'example_branch_dop_operator_v3' retrieved from /home/airflow/.local/lib/python3.12/site-packages/airflow/example_dags/example_branch_python_dop_operator_3.py
[2024-12-01T05:17:55.909+0000] {logging_mixin.py:190} INFO - [2024-12-01T05:17:55.909+0000] {dag.py:3239} INFO - Sync 1 DAGs
[2024-12-01T05:17:55.921+0000] {logging_mixin.py:190} INFO - [2024-12-01T05:17:55.921+0000] {dag.py:4180} INFO - Setting next_dagrun for example_branch_dop_operator_v3 to 2024-12-01 05:16:00+00:00, run_after=2024-12-01 05:17:00+00:00
[2024-12-01T05:17:55.930+0000] {processor.py:208} INFO - Processing /home/airflow/.local/lib/python3.12/site-packages/airflow/example_dags/example_branch_python_dop_operator_3.py took 0.039 seconds
[2024-12-01T05:18:26.576+0000] {processor.py:186} INFO - Started process (PID=9957) to work on /home/airflow/.local/lib/python3.12/site-packages/airflow/example_dags/example_branch_python_dop_operator_3.py
[2024-12-01T05:18:26.576+0000] {processor.py:914} INFO - Processing file /home/airflow/.local/lib/python3.12/site-packages/airflow/example_dags/example_branch_python_dop_operator_3.py for tasks to queue
[2024-12-01T05:18:26.577+0000] {logging_mixin.py:190} INFO - [2024-12-01T05:18:26.577+0000] {dagbag.py:588} INFO - Filling up the DagBag from /home/airflow/.local/lib/python3.12/site-packages/airflow/example_dags/example_branch_python_dop_operator_3.py
[2024-12-01T05:18:26.582+0000] {processor.py:925} INFO - DAG(s) 'example_branch_dop_operator_v3' retrieved from /home/airflow/.local/lib/python3.12/site-packages/airflow/example_dags/example_branch_python_dop_operator_3.py
[2024-12-01T05:18:26.593+0000] {logging_mixin.py:190} INFO - [2024-12-01T05:18:26.593+0000] {dag.py:3239} INFO - Sync 1 DAGs
[2024-12-01T05:18:26.604+0000] {logging_mixin.py:190} INFO - [2024-12-01T05:18:26.604+0000] {dag.py:4180} INFO - Setting next_dagrun for example_branch_dop_operator_v3 to 2024-12-01 05:17:00+00:00, run_after=2024-12-01 05:18:00+00:00
[2024-12-01T05:18:26.610+0000] {processor.py:208} INFO - Processing /home/airflow/.local/lib/python3.12/site-packages/airflow/example_dags/example_branch_python_dop_operator_3.py took 0.037 seconds
[2024-12-01T05:18:57.219+0000] {processor.py:186} INFO - Started process (PID=10335) to work on /home/airflow/.local/lib/python3.12/site-packages/airflow/example_dags/example_branch_python_dop_operator_3.py
[2024-12-01T05:18:57.219+0000] {processor.py:914} INFO - Processing file /home/airflow/.local/lib/python3.12/site-packages/airflow/example_dags/example_branch_python_dop_operator_3.py for tasks to queue
[2024-12-01T05:18:57.220+0000] {logging_mixin.py:190} INFO - [2024-12-01T05:18:57.220+0000] {dagbag.py:588} INFO - Filling up the DagBag from /home/airflow/.local/lib/python3.12/site-packages/airflow/example_dags/example_branch_python_dop_operator_3.py
[2024-12-01T05:18:57.224+0000] {processor.py:925} INFO - DAG(s) 'example_branch_dop_operator_v3' retrieved from /home/airflow/.local/lib/python3.12/site-packages/airflow/example_dags/example_branch_python_dop_operator_3.py
[2024-12-01T05:18:57.231+0000] {logging_mixin.py:190} INFO - [2024-12-01T05:18:57.230+0000] {dag.py:3239} INFO - Sync 1 DAGs
[2024-12-01T05:18:57.239+0000] {logging_mixin.py:190} INFO - [2024-12-01T05:18:57.239+0000] {dag.py:4180} INFO - Setting next_dagrun for example_branch_dop_operator_v3 to 2024-12-01 05:17:00+00:00, run_after=2024-12-01 05:18:00+00:00
[2024-12-01T05:18:57.244+0000] {processor.py:208} INFO - Processing /home/airflow/.local/lib/python3.12/site-packages/airflow/example_dags/example_branch_python_dop_operator_3.py took 0.027 seconds
[2024-12-01T05:19:28.142+0000] {processor.py:186} INFO - Started process (PID=10701) to work on /home/airflow/.local/lib/python3.12/site-packages/airflow/example_dags/example_branch_python_dop_operator_3.py
[2024-12-01T05:19:28.142+0000] {processor.py:914} INFO - Processing file /home/airflow/.local/lib/python3.12/site-packages/airflow/example_dags/example_branch_python_dop_operator_3.py for tasks to queue
[2024-12-01T05:19:28.143+0000] {logging_mixin.py:190} INFO - [2024-12-01T05:19:28.142+0000] {dagbag.py:588} INFO - Filling up the DagBag from /home/airflow/.local/lib/python3.12/site-packages/airflow/example_dags/example_branch_python_dop_operator_3.py
[2024-12-01T05:19:28.147+0000] {processor.py:925} INFO - DAG(s) 'example_branch_dop_operator_v3' retrieved from /home/airflow/.local/lib/python3.12/site-packages/airflow/example_dags/example_branch_python_dop_operator_3.py
[2024-12-01T05:19:28.154+0000] {logging_mixin.py:190} INFO - [2024-12-01T05:19:28.154+0000] {dag.py:3239} INFO - Sync 1 DAGs
[2024-12-01T05:19:28.162+0000] {logging_mixin.py:190} INFO - [2024-12-01T05:19:28.162+0000] {dag.py:4180} INFO - Setting next_dagrun for example_branch_dop_operator_v3 to 2024-12-01 05:18:00+00:00, run_after=2024-12-01 05:19:00+00:00
[2024-12-01T05:19:28.167+0000] {processor.py:208} INFO - Processing /home/airflow/.local/lib/python3.12/site-packages/airflow/example_dags/example_branch_python_dop_operator_3.py took 0.028 seconds
[2024-12-01T05:19:58.911+0000] {processor.py:186} INFO - Started process (PID=11065) to work on /home/airflow/.local/lib/python3.12/site-packages/airflow/example_dags/example_branch_python_dop_operator_3.py
[2024-12-01T05:19:58.915+0000] {processor.py:914} INFO - Processing file /home/airflow/.local/lib/python3.12/site-packages/airflow/example_dags/example_branch_python_dop_operator_3.py for tasks to queue
[2024-12-01T05:19:58.916+0000] {logging_mixin.py:190} INFO - [2024-12-01T05:19:58.916+0000] {dagbag.py:588} INFO - Filling up the DagBag from /home/airflow/.local/lib/python3.12/site-packages/airflow/example_dags/example_branch_python_dop_operator_3.py
[2024-12-01T05:19:58.921+0000] {processor.py:925} INFO - DAG(s) 'example_branch_dop_operator_v3' retrieved from /home/airflow/.local/lib/python3.12/site-packages/airflow/example_dags/example_branch_python_dop_operator_3.py
[2024-12-01T05:19:58.931+0000] {logging_mixin.py:190} INFO - [2024-12-01T05:19:58.931+0000] {dag.py:3239} INFO - Sync 1 DAGs
[2024-12-01T05:19:58.941+0000] {logging_mixin.py:190} INFO - [2024-12-01T05:19:58.941+0000] {dag.py:4180} INFO - Setting next_dagrun for example_branch_dop_operator_v3 to 2024-12-01 05:18:00+00:00, run_after=2024-12-01 05:19:00+00:00
[2024-12-01T05:19:58.946+0000] {processor.py:208} INFO - Processing /home/airflow/.local/lib/python3.12/site-packages/airflow/example_dags/example_branch_python_dop_operator_3.py took 0.037 seconds
[2024-12-01T05:20:29.862+0000] {processor.py:186} INFO - Started process (PID=11458) to work on /home/airflow/.local/lib/python3.12/site-packages/airflow/example_dags/example_branch_python_dop_operator_3.py
[2024-12-01T05:20:29.863+0000] {processor.py:914} INFO - Processing file /home/airflow/.local/lib/python3.12/site-packages/airflow/example_dags/example_branch_python_dop_operator_3.py for tasks to queue
[2024-12-01T05:20:29.863+0000] {logging_mixin.py:190} INFO - [2024-12-01T05:20:29.863+0000] {dagbag.py:588} INFO - Filling up the DagBag from /home/airflow/.local/lib/python3.12/site-packages/airflow/example_dags/example_branch_python_dop_operator_3.py
[2024-12-01T05:20:29.868+0000] {processor.py:925} INFO - DAG(s) 'example_branch_dop_operator_v3' retrieved from /home/airflow/.local/lib/python3.12/site-packages/airflow/example_dags/example_branch_python_dop_operator_3.py
[2024-12-01T05:20:29.876+0000] {logging_mixin.py:190} INFO - [2024-12-01T05:20:29.876+0000] {dag.py:3239} INFO - Sync 1 DAGs
[2024-12-01T05:20:29.885+0000] {logging_mixin.py:190} INFO - [2024-12-01T05:20:29.885+0000] {dag.py:4180} INFO - Setting next_dagrun for example_branch_dop_operator_v3 to 2024-12-01 05:19:00+00:00, run_after=2024-12-01 05:20:00+00:00
[2024-12-01T05:20:29.890+0000] {processor.py:208} INFO - Processing /home/airflow/.local/lib/python3.12/site-packages/airflow/example_dags/example_branch_python_dop_operator_3.py took 0.031 seconds
[2024-12-01T05:21:00.547+0000] {processor.py:186} INFO - Started process (PID=11824) to work on /home/airflow/.local/lib/python3.12/site-packages/airflow/example_dags/example_branch_python_dop_operator_3.py
[2024-12-01T05:21:00.547+0000] {processor.py:914} INFO - Processing file /home/airflow/.local/lib/python3.12/site-packages/airflow/example_dags/example_branch_python_dop_operator_3.py for tasks to queue
[2024-12-01T05:21:00.548+0000] {logging_mixin.py:190} INFO - [2024-12-01T05:21:00.548+0000] {dagbag.py:588} INFO - Filling up the DagBag from /home/airflow/.local/lib/python3.12/site-packages/airflow/example_dags/example_branch_python_dop_operator_3.py
[2024-12-01T05:21:00.552+0000] {processor.py:925} INFO - DAG(s) 'example_branch_dop_operator_v3' retrieved from /home/airflow/.local/lib/python3.12/site-packages/airflow/example_dags/example_branch_python_dop_operator_3.py
[2024-12-01T05:21:00.559+0000] {logging_mixin.py:190} INFO - [2024-12-01T05:21:00.559+0000] {dag.py:3239} INFO - Sync 1 DAGs
[2024-12-01T05:21:00.568+0000] {logging_mixin.py:190} INFO - [2024-12-01T05:21:00.568+0000] {dag.py:4180} INFO - Setting next_dagrun for example_branch_dop_operator_v3 to 2024-12-01 05:20:00+00:00, run_after=2024-12-01 05:21:00+00:00
[2024-12-01T05:21:00.573+0000] {processor.py:208} INFO - Processing /home/airflow/.local/lib/python3.12/site-packages/airflow/example_dags/example_branch_python_dop_operator_3.py took 0.028 seconds
[2024-12-01T05:21:31.468+0000] {processor.py:186} INFO - Started process (PID=12195) to work on /home/airflow/.local/lib/python3.12/site-packages/airflow/example_dags/example_branch_python_dop_operator_3.py
[2024-12-01T05:21:31.468+0000] {processor.py:914} INFO - Processing file /home/airflow/.local/lib/python3.12/site-packages/airflow/example_dags/example_branch_python_dop_operator_3.py for tasks to queue
[2024-12-01T05:21:31.469+0000] {logging_mixin.py:190} INFO - [2024-12-01T05:21:31.469+0000] {dagbag.py:588} INFO - Filling up the DagBag from /home/airflow/.local/lib/python3.12/site-packages/airflow/example_dags/example_branch_python_dop_operator_3.py
[2024-12-01T05:21:31.473+0000] {processor.py:925} INFO - DAG(s) 'example_branch_dop_operator_v3' retrieved from /home/airflow/.local/lib/python3.12/site-packages/airflow/example_dags/example_branch_python_dop_operator_3.py
[2024-12-01T05:21:31.480+0000] {logging_mixin.py:190} INFO - [2024-12-01T05:21:31.480+0000] {dag.py:3239} INFO - Sync 1 DAGs
[2024-12-01T05:21:31.489+0000] {logging_mixin.py:190} INFO - [2024-12-01T05:21:31.489+0000] {dag.py:4180} INFO - Setting next_dagrun for example_branch_dop_operator_v3 to 2024-12-01 05:20:00+00:00, run_after=2024-12-01 05:21:00+00:00
[2024-12-01T05:21:31.494+0000] {processor.py:208} INFO - Processing /home/airflow/.local/lib/python3.12/site-packages/airflow/example_dags/example_branch_python_dop_operator_3.py took 0.029 seconds
[2024-12-01T05:22:02.269+0000] {processor.py:186} INFO - Started process (PID=12559) to work on /home/airflow/.local/lib/python3.12/site-packages/airflow/example_dags/example_branch_python_dop_operator_3.py
[2024-12-01T05:22:02.270+0000] {processor.py:914} INFO - Processing file /home/airflow/.local/lib/python3.12/site-packages/airflow/example_dags/example_branch_python_dop_operator_3.py for tasks to queue
[2024-12-01T05:22:02.271+0000] {logging_mixin.py:190} INFO - [2024-12-01T05:22:02.270+0000] {dagbag.py:588} INFO - Filling up the DagBag from /home/airflow/.local/lib/python3.12/site-packages/airflow/example_dags/example_branch_python_dop_operator_3.py
[2024-12-01T05:22:02.276+0000] {processor.py:925} INFO - DAG(s) 'example_branch_dop_operator_v3' retrieved from /home/airflow/.local/lib/python3.12/site-packages/airflow/example_dags/example_branch_python_dop_operator_3.py
[2024-12-01T05:22:02.287+0000] {logging_mixin.py:190} INFO - [2024-12-01T05:22:02.287+0000] {dag.py:3239} INFO - Sync 1 DAGs
[2024-12-01T05:22:02.303+0000] {logging_mixin.py:190} INFO - [2024-12-01T05:22:02.302+0000] {dag.py:4180} INFO - Setting next_dagrun for example_branch_dop_operator_v3 to 2024-12-01 05:21:00+00:00, run_after=2024-12-01 05:22:00+00:00
[2024-12-01T05:22:02.311+0000] {processor.py:208} INFO - Processing /home/airflow/.local/lib/python3.12/site-packages/airflow/example_dags/example_branch_python_dop_operator_3.py took 0.044 seconds
[2024-12-01T05:22:32.999+0000] {processor.py:186} INFO - Started process (PID=12931) to work on /home/airflow/.local/lib/python3.12/site-packages/airflow/example_dags/example_branch_python_dop_operator_3.py
[2024-12-01T05:22:33.000+0000] {processor.py:914} INFO - Processing file /home/airflow/.local/lib/python3.12/site-packages/airflow/example_dags/example_branch_python_dop_operator_3.py for tasks to queue
[2024-12-01T05:22:33.001+0000] {logging_mixin.py:190} INFO - [2024-12-01T05:22:33.001+0000] {dagbag.py:588} INFO - Filling up the DagBag from /home/airflow/.local/lib/python3.12/site-packages/airflow/example_dags/example_branch_python_dop_operator_3.py
[2024-12-01T05:22:33.005+0000] {processor.py:925} INFO - DAG(s) 'example_branch_dop_operator_v3' retrieved from /home/airflow/.local/lib/python3.12/site-packages/airflow/example_dags/example_branch_python_dop_operator_3.py
[2024-12-01T05:22:33.012+0000] {logging_mixin.py:190} INFO - [2024-12-01T05:22:33.012+0000] {dag.py:3239} INFO - Sync 1 DAGs
[2024-12-01T05:22:33.021+0000] {logging_mixin.py:190} INFO - [2024-12-01T05:22:33.021+0000] {dag.py:4180} INFO - Setting next_dagrun for example_branch_dop_operator_v3 to 2024-12-01 05:21:00+00:00, run_after=2024-12-01 05:22:00+00:00
[2024-12-01T05:22:33.027+0000] {processor.py:208} INFO - Processing /home/airflow/.local/lib/python3.12/site-packages/airflow/example_dags/example_branch_python_dop_operator_3.py took 0.031 seconds
[2024-12-01T05:23:03.708+0000] {processor.py:186} INFO - Started process (PID=13297) to work on /home/airflow/.local/lib/python3.12/site-packages/airflow/example_dags/example_branch_python_dop_operator_3.py
[2024-12-01T05:23:03.711+0000] {processor.py:914} INFO - Processing file /home/airflow/.local/lib/python3.12/site-packages/airflow/example_dags/example_branch_python_dop_operator_3.py for tasks to queue
[2024-12-01T05:23:03.712+0000] {logging_mixin.py:190} INFO - [2024-12-01T05:23:03.712+0000] {dagbag.py:588} INFO - Filling up the DagBag from /home/airflow/.local/lib/python3.12/site-packages/airflow/example_dags/example_branch_python_dop_operator_3.py
[2024-12-01T05:23:03.717+0000] {processor.py:925} INFO - DAG(s) 'example_branch_dop_operator_v3' retrieved from /home/airflow/.local/lib/python3.12/site-packages/airflow/example_dags/example_branch_python_dop_operator_3.py
[2024-12-01T05:23:03.728+0000] {logging_mixin.py:190} INFO - [2024-12-01T05:23:03.727+0000] {dag.py:3239} INFO - Sync 1 DAGs
[2024-12-01T05:23:03.740+0000] {logging_mixin.py:190} INFO - [2024-12-01T05:23:03.740+0000] {dag.py:4180} INFO - Setting next_dagrun for example_branch_dop_operator_v3 to 2024-12-01 05:22:00+00:00, run_after=2024-12-01 05:23:00+00:00
[2024-12-01T05:23:03.746+0000] {processor.py:208} INFO - Processing /home/airflow/.local/lib/python3.12/site-packages/airflow/example_dags/example_branch_python_dop_operator_3.py took 0.041 seconds
[2024-12-01T05:23:34.508+0000] {processor.py:186} INFO - Started process (PID=13663) to work on /home/airflow/.local/lib/python3.12/site-packages/airflow/example_dags/example_branch_python_dop_operator_3.py
[2024-12-01T05:23:34.508+0000] {processor.py:914} INFO - Processing file /home/airflow/.local/lib/python3.12/site-packages/airflow/example_dags/example_branch_python_dop_operator_3.py for tasks to queue
[2024-12-01T05:23:34.509+0000] {logging_mixin.py:190} INFO - [2024-12-01T05:23:34.509+0000] {dagbag.py:588} INFO - Filling up the DagBag from /home/airflow/.local/lib/python3.12/site-packages/airflow/example_dags/example_branch_python_dop_operator_3.py
[2024-12-01T05:23:34.513+0000] {processor.py:925} INFO - DAG(s) 'example_branch_dop_operator_v3' retrieved from /home/airflow/.local/lib/python3.12/site-packages/airflow/example_dags/example_branch_python_dop_operator_3.py
[2024-12-01T05:23:34.519+0000] {logging_mixin.py:190} INFO - [2024-12-01T05:23:34.519+0000] {dag.py:3239} INFO - Sync 1 DAGs
[2024-12-01T05:23:34.528+0000] {logging_mixin.py:190} INFO - [2024-12-01T05:23:34.528+0000] {dag.py:4180} INFO - Setting next_dagrun for example_branch_dop_operator_v3 to 2024-12-01 05:22:00+00:00, run_after=2024-12-01 05:23:00+00:00
[2024-12-01T05:23:34.533+0000] {processor.py:208} INFO - Processing /home/airflow/.local/lib/python3.12/site-packages/airflow/example_dags/example_branch_python_dop_operator_3.py took 0.028 seconds
[2024-12-01T05:24:05.173+0000] {processor.py:186} INFO - Started process (PID=14029) to work on /home/airflow/.local/lib/python3.12/site-packages/airflow/example_dags/example_branch_python_dop_operator_3.py
[2024-12-01T05:24:05.175+0000] {processor.py:914} INFO - Processing file /home/airflow/.local/lib/python3.12/site-packages/airflow/example_dags/example_branch_python_dop_operator_3.py for tasks to queue
[2024-12-01T05:24:05.175+0000] {logging_mixin.py:190} INFO - [2024-12-01T05:24:05.175+0000] {dagbag.py:588} INFO - Filling up the DagBag from /home/airflow/.local/lib/python3.12/site-packages/airflow/example_dags/example_branch_python_dop_operator_3.py
[2024-12-01T05:24:05.180+0000] {processor.py:925} INFO - DAG(s) 'example_branch_dop_operator_v3' retrieved from /home/airflow/.local/lib/python3.12/site-packages/airflow/example_dags/example_branch_python_dop_operator_3.py
[2024-12-01T05:24:05.190+0000] {logging_mixin.py:190} INFO - [2024-12-01T05:24:05.189+0000] {dag.py:3239} INFO - Sync 1 DAGs
[2024-12-01T05:24:05.198+0000] {logging_mixin.py:190} INFO - [2024-12-01T05:24:05.198+0000] {dag.py:4180} INFO - Setting next_dagrun for example_branch_dop_operator_v3 to 2024-12-01 05:23:00+00:00, run_after=2024-12-01 05:24:00+00:00
[2024-12-01T05:24:05.203+0000] {processor.py:208} INFO - Processing /home/airflow/.local/lib/python3.12/site-packages/airflow/example_dags/example_branch_python_dop_operator_3.py took 0.033 seconds
[2024-12-01T05:24:36.325+0000] {processor.py:186} INFO - Started process (PID=14397) to work on /home/airflow/.local/lib/python3.12/site-packages/airflow/example_dags/example_branch_python_dop_operator_3.py
[2024-12-01T05:24:36.325+0000] {processor.py:914} INFO - Processing file /home/airflow/.local/lib/python3.12/site-packages/airflow/example_dags/example_branch_python_dop_operator_3.py for tasks to queue
[2024-12-01T05:24:36.326+0000] {logging_mixin.py:190} INFO - [2024-12-01T05:24:36.325+0000] {dagbag.py:588} INFO - Filling up the DagBag from /home/airflow/.local/lib/python3.12/site-packages/airflow/example_dags/example_branch_python_dop_operator_3.py
[2024-12-01T05:24:36.331+0000] {processor.py:925} INFO - DAG(s) 'example_branch_dop_operator_v3' retrieved from /home/airflow/.local/lib/python3.12/site-packages/airflow/example_dags/example_branch_python_dop_operator_3.py
[2024-12-01T05:24:36.342+0000] {logging_mixin.py:190} INFO - [2024-12-01T05:24:36.342+0000] {dag.py:3239} INFO - Sync 1 DAGs
[2024-12-01T05:24:36.354+0000] {logging_mixin.py:190} INFO - [2024-12-01T05:24:36.354+0000] {dag.py:4180} INFO - Setting next_dagrun for example_branch_dop_operator_v3 to 2024-12-01 05:23:00+00:00, run_after=2024-12-01 05:24:00+00:00
[2024-12-01T05:24:36.360+0000] {processor.py:208} INFO - Processing /home/airflow/.local/lib/python3.12/site-packages/airflow/example_dags/example_branch_python_dop_operator_3.py took 0.038 seconds
[2024-12-01T05:25:07.542+0000] {processor.py:186} INFO - Started process (PID=14786) to work on /home/airflow/.local/lib/python3.12/site-packages/airflow/example_dags/example_branch_python_dop_operator_3.py
[2024-12-01T05:25:07.545+0000] {processor.py:914} INFO - Processing file /home/airflow/.local/lib/python3.12/site-packages/airflow/example_dags/example_branch_python_dop_operator_3.py for tasks to queue
[2024-12-01T05:25:07.546+0000] {logging_mixin.py:190} INFO - [2024-12-01T05:25:07.546+0000] {dagbag.py:588} INFO - Filling up the DagBag from /home/airflow/.local/lib/python3.12/site-packages/airflow/example_dags/example_branch_python_dop_operator_3.py
[2024-12-01T05:25:07.550+0000] {processor.py:925} INFO - DAG(s) 'example_branch_dop_operator_v3' retrieved from /home/airflow/.local/lib/python3.12/site-packages/airflow/example_dags/example_branch_python_dop_operator_3.py
[2024-12-01T05:25:07.558+0000] {logging_mixin.py:190} INFO - [2024-12-01T05:25:07.558+0000] {dag.py:3239} INFO - Sync 1 DAGs
[2024-12-01T05:25:07.660+0000] {logging_mixin.py:190} INFO - [2024-12-01T05:25:07.660+0000] {dag.py:4180} INFO - Setting next_dagrun for example_branch_dop_operator_v3 to 2024-12-01 05:24:00+00:00, run_after=2024-12-01 05:25:00+00:00
[2024-12-01T05:25:07.668+0000] {processor.py:208} INFO - Processing /home/airflow/.local/lib/python3.12/site-packages/airflow/example_dags/example_branch_python_dop_operator_3.py took 0.129 seconds
[2024-12-01T05:25:38.235+0000] {processor.py:186} INFO - Started process (PID=15159) to work on /home/airflow/.local/lib/python3.12/site-packages/airflow/example_dags/example_branch_python_dop_operator_3.py
[2024-12-01T05:25:38.236+0000] {processor.py:914} INFO - Processing file /home/airflow/.local/lib/python3.12/site-packages/airflow/example_dags/example_branch_python_dop_operator_3.py for tasks to queue
[2024-12-01T05:25:38.236+0000] {logging_mixin.py:190} INFO - [2024-12-01T05:25:38.236+0000] {dagbag.py:588} INFO - Filling up the DagBag from /home/airflow/.local/lib/python3.12/site-packages/airflow/example_dags/example_branch_python_dop_operator_3.py
[2024-12-01T05:25:38.241+0000] {processor.py:925} INFO - DAG(s) 'example_branch_dop_operator_v3' retrieved from /home/airflow/.local/lib/python3.12/site-packages/airflow/example_dags/example_branch_python_dop_operator_3.py
[2024-12-01T05:25:38.249+0000] {logging_mixin.py:190} INFO - [2024-12-01T05:25:38.249+0000] {dag.py:3239} INFO - Sync 1 DAGs
[2024-12-01T05:25:38.357+0000] {logging_mixin.py:190} INFO - [2024-12-01T05:25:38.357+0000] {dag.py:4180} INFO - Setting next_dagrun for example_branch_dop_operator_v3 to 2024-12-01 05:24:00+00:00, run_after=2024-12-01 05:25:00+00:00
[2024-12-01T05:25:38.363+0000] {processor.py:208} INFO - Processing /home/airflow/.local/lib/python3.12/site-packages/airflow/example_dags/example_branch_python_dop_operator_3.py took 0.131 seconds
[2024-12-01T05:26:08.993+0000] {processor.py:186} INFO - Started process (PID=15528) to work on /home/airflow/.local/lib/python3.12/site-packages/airflow/example_dags/example_branch_python_dop_operator_3.py
[2024-12-01T05:26:08.994+0000] {processor.py:914} INFO - Processing file /home/airflow/.local/lib/python3.12/site-packages/airflow/example_dags/example_branch_python_dop_operator_3.py for tasks to queue
[2024-12-01T05:26:08.994+0000] {logging_mixin.py:190} INFO - [2024-12-01T05:26:08.994+0000] {dagbag.py:588} INFO - Filling up the DagBag from /home/airflow/.local/lib/python3.12/site-packages/airflow/example_dags/example_branch_python_dop_operator_3.py
[2024-12-01T05:26:08.999+0000] {processor.py:925} INFO - DAG(s) 'example_branch_dop_operator_v3' retrieved from /home/airflow/.local/lib/python3.12/site-packages/airflow/example_dags/example_branch_python_dop_operator_3.py
[2024-12-01T05:26:09.009+0000] {logging_mixin.py:190} INFO - [2024-12-01T05:26:09.009+0000] {dag.py:3239} INFO - Sync 1 DAGs
[2024-12-01T05:26:09.021+0000] {logging_mixin.py:190} INFO - [2024-12-01T05:26:09.021+0000] {dag.py:4180} INFO - Setting next_dagrun for example_branch_dop_operator_v3 to 2024-12-01 05:25:00+00:00, run_after=2024-12-01 05:26:00+00:00
[2024-12-01T05:26:09.033+0000] {processor.py:208} INFO - Processing /home/airflow/.local/lib/python3.12/site-packages/airflow/example_dags/example_branch_python_dop_operator_3.py took 0.043 seconds
[2024-12-01T05:26:39.465+0000] {processor.py:186} INFO - Started process (PID=15905) to work on /home/airflow/.local/lib/python3.12/site-packages/airflow/example_dags/example_branch_python_dop_operator_3.py
[2024-12-01T05:26:39.465+0000] {processor.py:914} INFO - Processing file /home/airflow/.local/lib/python3.12/site-packages/airflow/example_dags/example_branch_python_dop_operator_3.py for tasks to queue
[2024-12-01T05:26:39.466+0000] {logging_mixin.py:190} INFO - [2024-12-01T05:26:39.465+0000] {dagbag.py:588} INFO - Filling up the DagBag from /home/airflow/.local/lib/python3.12/site-packages/airflow/example_dags/example_branch_python_dop_operator_3.py
[2024-12-01T05:26:39.469+0000] {processor.py:925} INFO - DAG(s) 'example_branch_dop_operator_v3' retrieved from /home/airflow/.local/lib/python3.12/site-packages/airflow/example_dags/example_branch_python_dop_operator_3.py
[2024-12-01T05:26:39.476+0000] {logging_mixin.py:190} INFO - [2024-12-01T05:26:39.476+0000] {dag.py:3239} INFO - Sync 1 DAGs
[2024-12-01T05:26:39.485+0000] {logging_mixin.py:190} INFO - [2024-12-01T05:26:39.485+0000] {dag.py:4180} INFO - Setting next_dagrun for example_branch_dop_operator_v3 to 2024-12-01 05:25:00+00:00, run_after=2024-12-01 05:26:00+00:00
[2024-12-01T05:26:39.490+0000] {processor.py:208} INFO - Processing /home/airflow/.local/lib/python3.12/site-packages/airflow/example_dags/example_branch_python_dop_operator_3.py took 0.028 seconds
[2024-12-01T05:27:09.836+0000] {processor.py:186} INFO - Started process (PID=16279) to work on /home/airflow/.local/lib/python3.12/site-packages/airflow/example_dags/example_branch_python_dop_operator_3.py
[2024-12-01T05:27:09.838+0000] {processor.py:914} INFO - Processing file /home/airflow/.local/lib/python3.12/site-packages/airflow/example_dags/example_branch_python_dop_operator_3.py for tasks to queue
[2024-12-01T05:27:09.838+0000] {logging_mixin.py:190} INFO - [2024-12-01T05:27:09.838+0000] {dagbag.py:588} INFO - Filling up the DagBag from /home/airflow/.local/lib/python3.12/site-packages/airflow/example_dags/example_branch_python_dop_operator_3.py
[2024-12-01T05:27:09.842+0000] {processor.py:925} INFO - DAG(s) 'example_branch_dop_operator_v3' retrieved from /home/airflow/.local/lib/python3.12/site-packages/airflow/example_dags/example_branch_python_dop_operator_3.py
[2024-12-01T05:27:09.849+0000] {logging_mixin.py:190} INFO - [2024-12-01T05:27:09.849+0000] {dag.py:3239} INFO - Sync 1 DAGs
[2024-12-01T05:27:09.860+0000] {logging_mixin.py:190} INFO - [2024-12-01T05:27:09.860+0000] {dag.py:4180} INFO - Setting next_dagrun for example_branch_dop_operator_v3 to 2024-12-01 05:26:00+00:00, run_after=2024-12-01 05:27:00+00:00
[2024-12-01T05:27:09.869+0000] {processor.py:208} INFO - Processing /home/airflow/.local/lib/python3.12/site-packages/airflow/example_dags/example_branch_python_dop_operator_3.py took 0.037 seconds
[2024-12-01T05:27:40.461+0000] {processor.py:186} INFO - Started process (PID=16687) to work on /home/airflow/.local/lib/python3.12/site-packages/airflow/example_dags/example_branch_python_dop_operator_3.py
[2024-12-01T05:27:40.461+0000] {processor.py:914} INFO - Processing file /home/airflow/.local/lib/python3.12/site-packages/airflow/example_dags/example_branch_python_dop_operator_3.py for tasks to queue
[2024-12-01T05:27:40.462+0000] {logging_mixin.py:190} INFO - [2024-12-01T05:27:40.462+0000] {dagbag.py:588} INFO - Filling up the DagBag from /home/airflow/.local/lib/python3.12/site-packages/airflow/example_dags/example_branch_python_dop_operator_3.py
[2024-12-01T05:27:40.468+0000] {processor.py:925} INFO - DAG(s) 'example_branch_dop_operator_v3' retrieved from /home/airflow/.local/lib/python3.12/site-packages/airflow/example_dags/example_branch_python_dop_operator_3.py
[2024-12-01T05:27:40.477+0000] {logging_mixin.py:190} INFO - [2024-12-01T05:27:40.477+0000] {dag.py:3239} INFO - Sync 1 DAGs
[2024-12-01T05:27:40.497+0000] {logging_mixin.py:190} INFO - [2024-12-01T05:27:40.496+0000] {dag.py:4180} INFO - Setting next_dagrun for example_branch_dop_operator_v3 to 2024-12-01 05:26:00+00:00, run_after=2024-12-01 05:27:00+00:00
[2024-12-01T05:27:40.518+0000] {processor.py:208} INFO - Processing /home/airflow/.local/lib/python3.12/site-packages/airflow/example_dags/example_branch_python_dop_operator_3.py took 0.061 seconds
[2024-12-01T05:28:11.174+0000] {processor.py:186} INFO - Started process (PID=17074) to work on /home/airflow/.local/lib/python3.12/site-packages/airflow/example_dags/example_branch_python_dop_operator_3.py
[2024-12-01T05:28:11.174+0000] {processor.py:914} INFO - Processing file /home/airflow/.local/lib/python3.12/site-packages/airflow/example_dags/example_branch_python_dop_operator_3.py for tasks to queue
[2024-12-01T05:28:11.175+0000] {logging_mixin.py:190} INFO - [2024-12-01T05:28:11.175+0000] {dagbag.py:588} INFO - Filling up the DagBag from /home/airflow/.local/lib/python3.12/site-packages/airflow/example_dags/example_branch_python_dop_operator_3.py
[2024-12-01T05:28:11.181+0000] {processor.py:925} INFO - DAG(s) 'example_branch_dop_operator_v3' retrieved from /home/airflow/.local/lib/python3.12/site-packages/airflow/example_dags/example_branch_python_dop_operator_3.py
[2024-12-01T05:28:11.190+0000] {logging_mixin.py:190} INFO - [2024-12-01T05:28:11.190+0000] {dag.py:3239} INFO - Sync 1 DAGs
[2024-12-01T05:28:11.205+0000] {logging_mixin.py:190} INFO - [2024-12-01T05:28:11.205+0000] {dag.py:4180} INFO - Setting next_dagrun for example_branch_dop_operator_v3 to 2024-12-01 05:27:00+00:00, run_after=2024-12-01 05:28:00+00:00
[2024-12-01T05:28:11.219+0000] {processor.py:208} INFO - Processing /home/airflow/.local/lib/python3.12/site-packages/airflow/example_dags/example_branch_python_dop_operator_3.py took 0.047 seconds
[2024-12-01T05:28:42.098+0000] {processor.py:186} INFO - Started process (PID=17455) to work on /home/airflow/.local/lib/python3.12/site-packages/airflow/example_dags/example_branch_python_dop_operator_3.py
[2024-12-01T05:28:42.098+0000] {processor.py:914} INFO - Processing file /home/airflow/.local/lib/python3.12/site-packages/airflow/example_dags/example_branch_python_dop_operator_3.py for tasks to queue
[2024-12-01T05:28:42.099+0000] {logging_mixin.py:190} INFO - [2024-12-01T05:28:42.099+0000] {dagbag.py:588} INFO - Filling up the DagBag from /home/airflow/.local/lib/python3.12/site-packages/airflow/example_dags/example_branch_python_dop_operator_3.py
[2024-12-01T05:28:42.104+0000] {processor.py:925} INFO - DAG(s) 'example_branch_dop_operator_v3' retrieved from /home/airflow/.local/lib/python3.12/site-packages/airflow/example_dags/example_branch_python_dop_operator_3.py
[2024-12-01T05:28:42.112+0000] {logging_mixin.py:190} INFO - [2024-12-01T05:28:42.112+0000] {dag.py:3239} INFO - Sync 1 DAGs
[2024-12-01T05:28:42.122+0000] {logging_mixin.py:190} INFO - [2024-12-01T05:28:42.122+0000] {dag.py:4180} INFO - Setting next_dagrun for example_branch_dop_operator_v3 to 2024-12-01 05:27:00+00:00, run_after=2024-12-01 05:28:00+00:00
[2024-12-01T05:28:42.129+0000] {processor.py:208} INFO - Processing /home/airflow/.local/lib/python3.12/site-packages/airflow/example_dags/example_branch_python_dop_operator_3.py took 0.034 seconds
[2024-12-01T05:29:12.618+0000] {processor.py:186} INFO - Started process (PID=17831) to work on /home/airflow/.local/lib/python3.12/site-packages/airflow/example_dags/example_branch_python_dop_operator_3.py
[2024-12-01T05:29:12.618+0000] {processor.py:914} INFO - Processing file /home/airflow/.local/lib/python3.12/site-packages/airflow/example_dags/example_branch_python_dop_operator_3.py for tasks to queue
[2024-12-01T05:29:12.619+0000] {logging_mixin.py:190} INFO - [2024-12-01T05:29:12.619+0000] {dagbag.py:588} INFO - Filling up the DagBag from /home/airflow/.local/lib/python3.12/site-packages/airflow/example_dags/example_branch_python_dop_operator_3.py
[2024-12-01T05:29:12.624+0000] {processor.py:925} INFO - DAG(s) 'example_branch_dop_operator_v3' retrieved from /home/airflow/.local/lib/python3.12/site-packages/airflow/example_dags/example_branch_python_dop_operator_3.py
[2024-12-01T05:29:12.633+0000] {logging_mixin.py:190} INFO - [2024-12-01T05:29:12.633+0000] {dag.py:3239} INFO - Sync 1 DAGs
[2024-12-01T05:29:12.642+0000] {logging_mixin.py:190} INFO - [2024-12-01T05:29:12.642+0000] {dag.py:4180} INFO - Setting next_dagrun for example_branch_dop_operator_v3 to 2024-12-01 05:28:00+00:00, run_after=2024-12-01 05:29:00+00:00
[2024-12-01T05:29:12.648+0000] {processor.py:208} INFO - Processing /home/airflow/.local/lib/python3.12/site-packages/airflow/example_dags/example_branch_python_dop_operator_3.py took 0.033 seconds
[2024-12-01T05:29:43.022+0000] {processor.py:186} INFO - Started process (PID=18197) to work on /home/airflow/.local/lib/python3.12/site-packages/airflow/example_dags/example_branch_python_dop_operator_3.py
[2024-12-01T05:29:43.023+0000] {processor.py:914} INFO - Processing file /home/airflow/.local/lib/python3.12/site-packages/airflow/example_dags/example_branch_python_dop_operator_3.py for tasks to queue
[2024-12-01T05:29:43.023+0000] {logging_mixin.py:190} INFO - [2024-12-01T05:29:43.023+0000] {dagbag.py:588} INFO - Filling up the DagBag from /home/airflow/.local/lib/python3.12/site-packages/airflow/example_dags/example_branch_python_dop_operator_3.py
[2024-12-01T05:29:43.028+0000] {processor.py:925} INFO - DAG(s) 'example_branch_dop_operator_v3' retrieved from /home/airflow/.local/lib/python3.12/site-packages/airflow/example_dags/example_branch_python_dop_operator_3.py
[2024-12-01T05:29:43.036+0000] {logging_mixin.py:190} INFO - [2024-12-01T05:29:43.036+0000] {dag.py:3239} INFO - Sync 1 DAGs
[2024-12-01T05:29:43.045+0000] {logging_mixin.py:190} INFO - [2024-12-01T05:29:43.045+0000] {dag.py:4180} INFO - Setting next_dagrun for example_branch_dop_operator_v3 to 2024-12-01 05:28:00+00:00, run_after=2024-12-01 05:29:00+00:00
[2024-12-01T05:29:43.053+0000] {processor.py:208} INFO - Processing /home/airflow/.local/lib/python3.12/site-packages/airflow/example_dags/example_branch_python_dop_operator_3.py took 0.033 seconds
