[2024-12-01T05:05:12.408+0000] {processor.py:186} INFO - Started process (PID=497) to work on /home/airflow/.local/lib/python3.12/site-packages/airflow/example_dags/example_task_group.py
[2024-12-01T05:05:12.410+0000] {processor.py:914} INFO - Processing file /home/airflow/.local/lib/python3.12/site-packages/airflow/example_dags/example_task_group.py for tasks to queue
[2024-12-01T05:05:12.412+0000] {logging_mixin.py:190} INFO - [2024-12-01T05:05:12.412+0000] {dagbag.py:588} INFO - Filling up the DagBag from /home/airflow/.local/lib/python3.12/site-packages/airflow/example_dags/example_task_group.py
[2024-12-01T05:05:12.417+0000] {processor.py:925} INFO - DAG(s) 'example_task_group' retrieved from /home/airflow/.local/lib/python3.12/site-packages/airflow/example_dags/example_task_group.py
[2024-12-01T05:05:12.432+0000] {logging_mixin.py:190} INFO - [2024-12-01T05:05:12.432+0000] {dag.py:3239} INFO - Sync 1 DAGs
[2024-12-01T05:05:12.441+0000] {logging_mixin.py:190} INFO - [2024-12-01T05:05:12.441+0000] {dag.py:4180} INFO - Setting next_dagrun for example_task_group to None, run_after=None
[2024-12-01T05:05:12.449+0000] {processor.py:208} INFO - Processing /home/airflow/.local/lib/python3.12/site-packages/airflow/example_dags/example_task_group.py took 0.043 seconds
[2024-12-01T05:05:43.200+0000] {processor.py:186} INFO - Started process (PID=872) to work on /home/airflow/.local/lib/python3.12/site-packages/airflow/example_dags/example_task_group.py
[2024-12-01T05:05:43.201+0000] {processor.py:914} INFO - Processing file /home/airflow/.local/lib/python3.12/site-packages/airflow/example_dags/example_task_group.py for tasks to queue
[2024-12-01T05:05:43.202+0000] {logging_mixin.py:190} INFO - [2024-12-01T05:05:43.202+0000] {dagbag.py:588} INFO - Filling up the DagBag from /home/airflow/.local/lib/python3.12/site-packages/airflow/example_dags/example_task_group.py
[2024-12-01T05:05:43.206+0000] {processor.py:925} INFO - DAG(s) 'example_task_group' retrieved from /home/airflow/.local/lib/python3.12/site-packages/airflow/example_dags/example_task_group.py
[2024-12-01T05:05:43.214+0000] {logging_mixin.py:190} INFO - [2024-12-01T05:05:43.214+0000] {dag.py:3239} INFO - Sync 1 DAGs
[2024-12-01T05:05:43.220+0000] {logging_mixin.py:190} INFO - [2024-12-01T05:05:43.220+0000] {dag.py:4180} INFO - Setting next_dagrun for example_task_group to None, run_after=None
[2024-12-01T05:05:43.227+0000] {processor.py:208} INFO - Processing /home/airflow/.local/lib/python3.12/site-packages/airflow/example_dags/example_task_group.py took 0.029 seconds
[2024-12-01T05:06:13.788+0000] {processor.py:186} INFO - Started process (PID=1243) to work on /home/airflow/.local/lib/python3.12/site-packages/airflow/example_dags/example_task_group.py
[2024-12-01T05:06:13.788+0000] {processor.py:914} INFO - Processing file /home/airflow/.local/lib/python3.12/site-packages/airflow/example_dags/example_task_group.py for tasks to queue
[2024-12-01T05:06:13.789+0000] {logging_mixin.py:190} INFO - [2024-12-01T05:06:13.789+0000] {dagbag.py:588} INFO - Filling up the DagBag from /home/airflow/.local/lib/python3.12/site-packages/airflow/example_dags/example_task_group.py
[2024-12-01T05:06:13.794+0000] {processor.py:925} INFO - DAG(s) 'example_task_group' retrieved from /home/airflow/.local/lib/python3.12/site-packages/airflow/example_dags/example_task_group.py
[2024-12-01T05:06:13.806+0000] {logging_mixin.py:190} INFO - [2024-12-01T05:06:13.806+0000] {dag.py:3239} INFO - Sync 1 DAGs
[2024-12-01T05:06:13.811+0000] {logging_mixin.py:190} INFO - [2024-12-01T05:06:13.811+0000] {dag.py:4180} INFO - Setting next_dagrun for example_task_group to None, run_after=None
[2024-12-01T05:06:13.819+0000] {processor.py:208} INFO - Processing /home/airflow/.local/lib/python3.12/site-packages/airflow/example_dags/example_task_group.py took 0.033 seconds
[2024-12-01T05:06:44.709+0000] {processor.py:186} INFO - Started process (PID=1614) to work on /home/airflow/.local/lib/python3.12/site-packages/airflow/example_dags/example_task_group.py
[2024-12-01T05:06:44.712+0000] {processor.py:914} INFO - Processing file /home/airflow/.local/lib/python3.12/site-packages/airflow/example_dags/example_task_group.py for tasks to queue
[2024-12-01T05:06:44.713+0000] {logging_mixin.py:190} INFO - [2024-12-01T05:06:44.713+0000] {dagbag.py:588} INFO - Filling up the DagBag from /home/airflow/.local/lib/python3.12/site-packages/airflow/example_dags/example_task_group.py
[2024-12-01T05:06:44.717+0000] {processor.py:925} INFO - DAG(s) 'example_task_group' retrieved from /home/airflow/.local/lib/python3.12/site-packages/airflow/example_dags/example_task_group.py
[2024-12-01T05:06:44.730+0000] {logging_mixin.py:190} INFO - [2024-12-01T05:06:44.730+0000] {dag.py:3239} INFO - Sync 1 DAGs
[2024-12-01T05:06:44.735+0000] {logging_mixin.py:190} INFO - [2024-12-01T05:06:44.735+0000] {dag.py:4180} INFO - Setting next_dagrun for example_task_group to None, run_after=None
[2024-12-01T05:06:44.743+0000] {processor.py:208} INFO - Processing /home/airflow/.local/lib/python3.12/site-packages/airflow/example_dags/example_task_group.py took 0.037 seconds
[2024-12-01T05:07:15.369+0000] {processor.py:186} INFO - Started process (PID=1995) to work on /home/airflow/.local/lib/python3.12/site-packages/airflow/example_dags/example_task_group.py
[2024-12-01T05:07:15.370+0000] {processor.py:914} INFO - Processing file /home/airflow/.local/lib/python3.12/site-packages/airflow/example_dags/example_task_group.py for tasks to queue
[2024-12-01T05:07:15.371+0000] {logging_mixin.py:190} INFO - [2024-12-01T05:07:15.370+0000] {dagbag.py:588} INFO - Filling up the DagBag from /home/airflow/.local/lib/python3.12/site-packages/airflow/example_dags/example_task_group.py
[2024-12-01T05:07:15.374+0000] {processor.py:925} INFO - DAG(s) 'example_task_group' retrieved from /home/airflow/.local/lib/python3.12/site-packages/airflow/example_dags/example_task_group.py
[2024-12-01T05:07:15.388+0000] {logging_mixin.py:190} INFO - [2024-12-01T05:07:15.388+0000] {dag.py:3239} INFO - Sync 1 DAGs
[2024-12-01T05:07:15.393+0000] {logging_mixin.py:190} INFO - [2024-12-01T05:07:15.393+0000] {dag.py:4180} INFO - Setting next_dagrun for example_task_group to None, run_after=None
[2024-12-01T05:07:15.402+0000] {processor.py:208} INFO - Processing /home/airflow/.local/lib/python3.12/site-packages/airflow/example_dags/example_task_group.py took 0.038 seconds
[2024-12-01T05:07:46.064+0000] {processor.py:186} INFO - Started process (PID=2388) to work on /home/airflow/.local/lib/python3.12/site-packages/airflow/example_dags/example_task_group.py
[2024-12-01T05:07:46.065+0000] {processor.py:914} INFO - Processing file /home/airflow/.local/lib/python3.12/site-packages/airflow/example_dags/example_task_group.py for tasks to queue
[2024-12-01T05:07:46.065+0000] {logging_mixin.py:190} INFO - [2024-12-01T05:07:46.065+0000] {dagbag.py:588} INFO - Filling up the DagBag from /home/airflow/.local/lib/python3.12/site-packages/airflow/example_dags/example_task_group.py
[2024-12-01T05:07:46.069+0000] {processor.py:925} INFO - DAG(s) 'example_task_group' retrieved from /home/airflow/.local/lib/python3.12/site-packages/airflow/example_dags/example_task_group.py
[2024-12-01T05:07:46.077+0000] {logging_mixin.py:190} INFO - [2024-12-01T05:07:46.077+0000] {dag.py:3239} INFO - Sync 1 DAGs
[2024-12-01T05:07:46.083+0000] {logging_mixin.py:190} INFO - [2024-12-01T05:07:46.083+0000] {dag.py:4180} INFO - Setting next_dagrun for example_task_group to None, run_after=None
[2024-12-01T05:07:46.091+0000] {processor.py:208} INFO - Processing /home/airflow/.local/lib/python3.12/site-packages/airflow/example_dags/example_task_group.py took 0.029 seconds
[2024-12-01T05:08:16.657+0000] {processor.py:186} INFO - Started process (PID=2759) to work on /home/airflow/.local/lib/python3.12/site-packages/airflow/example_dags/example_task_group.py
[2024-12-01T05:08:16.660+0000] {processor.py:914} INFO - Processing file /home/airflow/.local/lib/python3.12/site-packages/airflow/example_dags/example_task_group.py for tasks to queue
[2024-12-01T05:08:16.660+0000] {logging_mixin.py:190} INFO - [2024-12-01T05:08:16.660+0000] {dagbag.py:588} INFO - Filling up the DagBag from /home/airflow/.local/lib/python3.12/site-packages/airflow/example_dags/example_task_group.py
[2024-12-01T05:08:16.664+0000] {processor.py:925} INFO - DAG(s) 'example_task_group' retrieved from /home/airflow/.local/lib/python3.12/site-packages/airflow/example_dags/example_task_group.py
[2024-12-01T05:08:16.673+0000] {logging_mixin.py:190} INFO - [2024-12-01T05:08:16.673+0000] {dag.py:3239} INFO - Sync 1 DAGs
[2024-12-01T05:08:16.678+0000] {logging_mixin.py:190} INFO - [2024-12-01T05:08:16.678+0000] {dag.py:4180} INFO - Setting next_dagrun for example_task_group to None, run_after=None
[2024-12-01T05:08:16.685+0000] {processor.py:208} INFO - Processing /home/airflow/.local/lib/python3.12/site-packages/airflow/example_dags/example_task_group.py took 0.030 seconds
[2024-12-01T05:08:47.415+0000] {processor.py:186} INFO - Started process (PID=3134) to work on /home/airflow/.local/lib/python3.12/site-packages/airflow/example_dags/example_task_group.py
[2024-12-01T05:08:47.416+0000] {processor.py:914} INFO - Processing file /home/airflow/.local/lib/python3.12/site-packages/airflow/example_dags/example_task_group.py for tasks to queue
[2024-12-01T05:08:47.416+0000] {logging_mixin.py:190} INFO - [2024-12-01T05:08:47.416+0000] {dagbag.py:588} INFO - Filling up the DagBag from /home/airflow/.local/lib/python3.12/site-packages/airflow/example_dags/example_task_group.py
[2024-12-01T05:08:47.420+0000] {processor.py:925} INFO - DAG(s) 'example_task_group' retrieved from /home/airflow/.local/lib/python3.12/site-packages/airflow/example_dags/example_task_group.py
[2024-12-01T05:08:47.428+0000] {logging_mixin.py:190} INFO - [2024-12-01T05:08:47.428+0000] {dag.py:3239} INFO - Sync 1 DAGs
[2024-12-01T05:08:47.434+0000] {logging_mixin.py:190} INFO - [2024-12-01T05:08:47.434+0000] {dag.py:4180} INFO - Setting next_dagrun for example_task_group to None, run_after=None
[2024-12-01T05:08:47.440+0000] {processor.py:208} INFO - Processing /home/airflow/.local/lib/python3.12/site-packages/airflow/example_dags/example_task_group.py took 0.028 seconds
[2024-12-01T05:09:18.184+0000] {processor.py:186} INFO - Started process (PID=3511) to work on /home/airflow/.local/lib/python3.12/site-packages/airflow/example_dags/example_task_group.py
[2024-12-01T05:09:18.185+0000] {processor.py:914} INFO - Processing file /home/airflow/.local/lib/python3.12/site-packages/airflow/example_dags/example_task_group.py for tasks to queue
[2024-12-01T05:09:18.185+0000] {logging_mixin.py:190} INFO - [2024-12-01T05:09:18.185+0000] {dagbag.py:588} INFO - Filling up the DagBag from /home/airflow/.local/lib/python3.12/site-packages/airflow/example_dags/example_task_group.py
[2024-12-01T05:09:18.189+0000] {processor.py:925} INFO - DAG(s) 'example_task_group' retrieved from /home/airflow/.local/lib/python3.12/site-packages/airflow/example_dags/example_task_group.py
[2024-12-01T05:09:18.198+0000] {logging_mixin.py:190} INFO - [2024-12-01T05:09:18.198+0000] {dag.py:3239} INFO - Sync 1 DAGs
[2024-12-01T05:09:18.204+0000] {logging_mixin.py:190} INFO - [2024-12-01T05:09:18.204+0000] {dag.py:4180} INFO - Setting next_dagrun for example_task_group to None, run_after=None
[2024-12-01T05:09:18.212+0000] {processor.py:208} INFO - Processing /home/airflow/.local/lib/python3.12/site-packages/airflow/example_dags/example_task_group.py took 0.030 seconds
[2024-12-01T05:09:48.896+0000] {processor.py:186} INFO - Started process (PID=3880) to work on /home/airflow/.local/lib/python3.12/site-packages/airflow/example_dags/example_task_group.py
[2024-12-01T05:09:48.897+0000] {processor.py:914} INFO - Processing file /home/airflow/.local/lib/python3.12/site-packages/airflow/example_dags/example_task_group.py for tasks to queue
[2024-12-01T05:09:48.897+0000] {logging_mixin.py:190} INFO - [2024-12-01T05:09:48.897+0000] {dagbag.py:588} INFO - Filling up the DagBag from /home/airflow/.local/lib/python3.12/site-packages/airflow/example_dags/example_task_group.py
[2024-12-01T05:09:48.901+0000] {processor.py:925} INFO - DAG(s) 'example_task_group' retrieved from /home/airflow/.local/lib/python3.12/site-packages/airflow/example_dags/example_task_group.py
[2024-12-01T05:09:48.909+0000] {logging_mixin.py:190} INFO - [2024-12-01T05:09:48.909+0000] {dag.py:3239} INFO - Sync 1 DAGs
[2024-12-01T05:09:48.915+0000] {logging_mixin.py:190} INFO - [2024-12-01T05:09:48.915+0000] {dag.py:4180} INFO - Setting next_dagrun for example_task_group to None, run_after=None
[2024-12-01T05:09:48.922+0000] {processor.py:208} INFO - Processing /home/airflow/.local/lib/python3.12/site-packages/airflow/example_dags/example_task_group.py took 0.029 seconds
[2024-12-01T05:10:19.700+0000] {processor.py:186} INFO - Started process (PID=4296) to work on /home/airflow/.local/lib/python3.12/site-packages/airflow/example_dags/example_task_group.py
[2024-12-01T05:10:19.701+0000] {processor.py:914} INFO - Processing file /home/airflow/.local/lib/python3.12/site-packages/airflow/example_dags/example_task_group.py for tasks to queue
[2024-12-01T05:10:19.701+0000] {logging_mixin.py:190} INFO - [2024-12-01T05:10:19.701+0000] {dagbag.py:588} INFO - Filling up the DagBag from /home/airflow/.local/lib/python3.12/site-packages/airflow/example_dags/example_task_group.py
[2024-12-01T05:10:19.705+0000] {processor.py:925} INFO - DAG(s) 'example_task_group' retrieved from /home/airflow/.local/lib/python3.12/site-packages/airflow/example_dags/example_task_group.py
[2024-12-01T05:10:19.713+0000] {logging_mixin.py:190} INFO - [2024-12-01T05:10:19.712+0000] {dag.py:3239} INFO - Sync 1 DAGs
[2024-12-01T05:10:19.718+0000] {logging_mixin.py:190} INFO - [2024-12-01T05:10:19.718+0000] {dag.py:4180} INFO - Setting next_dagrun for example_task_group to None, run_after=None
[2024-12-01T05:10:19.723+0000] {processor.py:208} INFO - Processing /home/airflow/.local/lib/python3.12/site-packages/airflow/example_dags/example_task_group.py took 0.025 seconds
[2024-12-01T05:10:50.323+0000] {processor.py:186} INFO - Started process (PID=4682) to work on /home/airflow/.local/lib/python3.12/site-packages/airflow/example_dags/example_task_group.py
[2024-12-01T05:10:50.324+0000] {processor.py:914} INFO - Processing file /home/airflow/.local/lib/python3.12/site-packages/airflow/example_dags/example_task_group.py for tasks to queue
[2024-12-01T05:10:50.324+0000] {logging_mixin.py:190} INFO - [2024-12-01T05:10:50.324+0000] {dagbag.py:588} INFO - Filling up the DagBag from /home/airflow/.local/lib/python3.12/site-packages/airflow/example_dags/example_task_group.py
[2024-12-01T05:10:50.329+0000] {processor.py:925} INFO - DAG(s) 'example_task_group' retrieved from /home/airflow/.local/lib/python3.12/site-packages/airflow/example_dags/example_task_group.py
[2024-12-01T05:10:50.339+0000] {logging_mixin.py:190} INFO - [2024-12-01T05:10:50.339+0000] {dag.py:3239} INFO - Sync 1 DAGs
[2024-12-01T05:10:50.344+0000] {logging_mixin.py:190} INFO - [2024-12-01T05:10:50.344+0000] {dag.py:4180} INFO - Setting next_dagrun for example_task_group to None, run_after=None
[2024-12-01T05:10:50.353+0000] {processor.py:208} INFO - Processing /home/airflow/.local/lib/python3.12/site-packages/airflow/example_dags/example_task_group.py took 0.032 seconds
[2024-12-01T05:11:20.884+0000] {processor.py:186} INFO - Started process (PID=5050) to work on /home/airflow/.local/lib/python3.12/site-packages/airflow/example_dags/example_task_group.py
[2024-12-01T05:11:20.885+0000] {processor.py:914} INFO - Processing file /home/airflow/.local/lib/python3.12/site-packages/airflow/example_dags/example_task_group.py for tasks to queue
[2024-12-01T05:11:20.885+0000] {logging_mixin.py:190} INFO - [2024-12-01T05:11:20.885+0000] {dagbag.py:588} INFO - Filling up the DagBag from /home/airflow/.local/lib/python3.12/site-packages/airflow/example_dags/example_task_group.py
[2024-12-01T05:11:20.889+0000] {processor.py:925} INFO - DAG(s) 'example_task_group' retrieved from /home/airflow/.local/lib/python3.12/site-packages/airflow/example_dags/example_task_group.py
[2024-12-01T05:11:20.897+0000] {logging_mixin.py:190} INFO - [2024-12-01T05:11:20.897+0000] {dag.py:3239} INFO - Sync 1 DAGs
[2024-12-01T05:11:20.902+0000] {logging_mixin.py:190} INFO - [2024-12-01T05:11:20.902+0000] {dag.py:4180} INFO - Setting next_dagrun for example_task_group to None, run_after=None
[2024-12-01T05:11:20.910+0000] {processor.py:208} INFO - Processing /home/airflow/.local/lib/python3.12/site-packages/airflow/example_dags/example_task_group.py took 0.028 seconds
[2024-12-01T05:11:51.260+0000] {processor.py:186} INFO - Started process (PID=5416) to work on /home/airflow/.local/lib/python3.12/site-packages/airflow/example_dags/example_task_group.py
[2024-12-01T05:11:51.260+0000] {processor.py:914} INFO - Processing file /home/airflow/.local/lib/python3.12/site-packages/airflow/example_dags/example_task_group.py for tasks to queue
[2024-12-01T05:11:51.261+0000] {logging_mixin.py:190} INFO - [2024-12-01T05:11:51.260+0000] {dagbag.py:588} INFO - Filling up the DagBag from /home/airflow/.local/lib/python3.12/site-packages/airflow/example_dags/example_task_group.py
[2024-12-01T05:11:51.264+0000] {processor.py:925} INFO - DAG(s) 'example_task_group' retrieved from /home/airflow/.local/lib/python3.12/site-packages/airflow/example_dags/example_task_group.py
[2024-12-01T05:11:51.272+0000] {logging_mixin.py:190} INFO - [2024-12-01T05:11:51.271+0000] {dag.py:3239} INFO - Sync 1 DAGs
[2024-12-01T05:11:51.276+0000] {logging_mixin.py:190} INFO - [2024-12-01T05:11:51.276+0000] {dag.py:4180} INFO - Setting next_dagrun for example_task_group to None, run_after=None
[2024-12-01T05:11:51.281+0000] {processor.py:208} INFO - Processing /home/airflow/.local/lib/python3.12/site-packages/airflow/example_dags/example_task_group.py took 0.024 seconds
[2024-12-01T05:12:21.856+0000] {processor.py:186} INFO - Started process (PID=5782) to work on /home/airflow/.local/lib/python3.12/site-packages/airflow/example_dags/example_task_group.py
[2024-12-01T05:12:21.856+0000] {processor.py:914} INFO - Processing file /home/airflow/.local/lib/python3.12/site-packages/airflow/example_dags/example_task_group.py for tasks to queue
[2024-12-01T05:12:21.857+0000] {logging_mixin.py:190} INFO - [2024-12-01T05:12:21.857+0000] {dagbag.py:588} INFO - Filling up the DagBag from /home/airflow/.local/lib/python3.12/site-packages/airflow/example_dags/example_task_group.py
[2024-12-01T05:12:21.861+0000] {processor.py:925} INFO - DAG(s) 'example_task_group' retrieved from /home/airflow/.local/lib/python3.12/site-packages/airflow/example_dags/example_task_group.py
[2024-12-01T05:12:21.870+0000] {logging_mixin.py:190} INFO - [2024-12-01T05:12:21.870+0000] {dag.py:3239} INFO - Sync 1 DAGs
[2024-12-01T05:12:21.875+0000] {logging_mixin.py:190} INFO - [2024-12-01T05:12:21.875+0000] {dag.py:4180} INFO - Setting next_dagrun for example_task_group to None, run_after=None
[2024-12-01T05:12:21.882+0000] {processor.py:208} INFO - Processing /home/airflow/.local/lib/python3.12/site-packages/airflow/example_dags/example_task_group.py took 0.029 seconds
[2024-12-01T05:12:52.497+0000] {processor.py:186} INFO - Started process (PID=6148) to work on /home/airflow/.local/lib/python3.12/site-packages/airflow/example_dags/example_task_group.py
[2024-12-01T05:12:52.498+0000] {processor.py:914} INFO - Processing file /home/airflow/.local/lib/python3.12/site-packages/airflow/example_dags/example_task_group.py for tasks to queue
[2024-12-01T05:12:52.498+0000] {logging_mixin.py:190} INFO - [2024-12-01T05:12:52.498+0000] {dagbag.py:588} INFO - Filling up the DagBag from /home/airflow/.local/lib/python3.12/site-packages/airflow/example_dags/example_task_group.py
[2024-12-01T05:12:52.502+0000] {processor.py:925} INFO - DAG(s) 'example_task_group' retrieved from /home/airflow/.local/lib/python3.12/site-packages/airflow/example_dags/example_task_group.py
[2024-12-01T05:12:52.510+0000] {logging_mixin.py:190} INFO - [2024-12-01T05:12:52.510+0000] {dag.py:3239} INFO - Sync 1 DAGs
[2024-12-01T05:12:52.516+0000] {logging_mixin.py:190} INFO - [2024-12-01T05:12:52.516+0000] {dag.py:4180} INFO - Setting next_dagrun for example_task_group to None, run_after=None
[2024-12-01T05:12:52.524+0000] {processor.py:208} INFO - Processing /home/airflow/.local/lib/python3.12/site-packages/airflow/example_dags/example_task_group.py took 0.029 seconds
[2024-12-01T05:13:23.180+0000] {processor.py:186} INFO - Started process (PID=6512) to work on /home/airflow/.local/lib/python3.12/site-packages/airflow/example_dags/example_task_group.py
[2024-12-01T05:13:23.180+0000] {processor.py:914} INFO - Processing file /home/airflow/.local/lib/python3.12/site-packages/airflow/example_dags/example_task_group.py for tasks to queue
[2024-12-01T05:13:23.181+0000] {logging_mixin.py:190} INFO - [2024-12-01T05:13:23.181+0000] {dagbag.py:588} INFO - Filling up the DagBag from /home/airflow/.local/lib/python3.12/site-packages/airflow/example_dags/example_task_group.py
[2024-12-01T05:13:23.185+0000] {processor.py:925} INFO - DAG(s) 'example_task_group' retrieved from /home/airflow/.local/lib/python3.12/site-packages/airflow/example_dags/example_task_group.py
[2024-12-01T05:13:23.194+0000] {logging_mixin.py:190} INFO - [2024-12-01T05:13:23.194+0000] {dag.py:3239} INFO - Sync 1 DAGs
[2024-12-01T05:13:23.201+0000] {logging_mixin.py:190} INFO - [2024-12-01T05:13:23.201+0000] {dag.py:4180} INFO - Setting next_dagrun for example_task_group to None, run_after=None
[2024-12-01T05:13:23.208+0000] {processor.py:208} INFO - Processing /home/airflow/.local/lib/python3.12/site-packages/airflow/example_dags/example_task_group.py took 0.031 seconds
[2024-12-01T05:13:53.810+0000] {processor.py:186} INFO - Started process (PID=6878) to work on /home/airflow/.local/lib/python3.12/site-packages/airflow/example_dags/example_task_group.py
[2024-12-01T05:13:53.813+0000] {processor.py:914} INFO - Processing file /home/airflow/.local/lib/python3.12/site-packages/airflow/example_dags/example_task_group.py for tasks to queue
[2024-12-01T05:13:53.813+0000] {logging_mixin.py:190} INFO - [2024-12-01T05:13:53.813+0000] {dagbag.py:588} INFO - Filling up the DagBag from /home/airflow/.local/lib/python3.12/site-packages/airflow/example_dags/example_task_group.py
[2024-12-01T05:13:53.817+0000] {processor.py:925} INFO - DAG(s) 'example_task_group' retrieved from /home/airflow/.local/lib/python3.12/site-packages/airflow/example_dags/example_task_group.py
[2024-12-01T05:13:53.827+0000] {logging_mixin.py:190} INFO - [2024-12-01T05:13:53.827+0000] {dag.py:3239} INFO - Sync 1 DAGs
[2024-12-01T05:13:53.833+0000] {logging_mixin.py:190} INFO - [2024-12-01T05:13:53.833+0000] {dag.py:4180} INFO - Setting next_dagrun for example_task_group to None, run_after=None
[2024-12-01T05:13:53.842+0000] {processor.py:208} INFO - Processing /home/airflow/.local/lib/python3.12/site-packages/airflow/example_dags/example_task_group.py took 0.035 seconds
[2024-12-01T05:14:24.464+0000] {processor.py:186} INFO - Started process (PID=7244) to work on /home/airflow/.local/lib/python3.12/site-packages/airflow/example_dags/example_task_group.py
[2024-12-01T05:14:24.465+0000] {processor.py:914} INFO - Processing file /home/airflow/.local/lib/python3.12/site-packages/airflow/example_dags/example_task_group.py for tasks to queue
[2024-12-01T05:14:24.465+0000] {logging_mixin.py:190} INFO - [2024-12-01T05:14:24.465+0000] {dagbag.py:588} INFO - Filling up the DagBag from /home/airflow/.local/lib/python3.12/site-packages/airflow/example_dags/example_task_group.py
[2024-12-01T05:14:24.470+0000] {processor.py:925} INFO - DAG(s) 'example_task_group' retrieved from /home/airflow/.local/lib/python3.12/site-packages/airflow/example_dags/example_task_group.py
[2024-12-01T05:14:24.478+0000] {logging_mixin.py:190} INFO - [2024-12-01T05:14:24.478+0000] {dag.py:3239} INFO - Sync 1 DAGs
[2024-12-01T05:14:24.483+0000] {logging_mixin.py:190} INFO - [2024-12-01T05:14:24.483+0000] {dag.py:4180} INFO - Setting next_dagrun for example_task_group to None, run_after=None
[2024-12-01T05:14:24.492+0000] {processor.py:208} INFO - Processing /home/airflow/.local/lib/python3.12/site-packages/airflow/example_dags/example_task_group.py took 0.030 seconds
[2024-12-01T05:14:55.294+0000] {processor.py:186} INFO - Started process (PID=7612) to work on /home/airflow/.local/lib/python3.12/site-packages/airflow/example_dags/example_task_group.py
[2024-12-01T05:14:55.295+0000] {processor.py:914} INFO - Processing file /home/airflow/.local/lib/python3.12/site-packages/airflow/example_dags/example_task_group.py for tasks to queue
[2024-12-01T05:14:55.295+0000] {logging_mixin.py:190} INFO - [2024-12-01T05:14:55.295+0000] {dagbag.py:588} INFO - Filling up the DagBag from /home/airflow/.local/lib/python3.12/site-packages/airflow/example_dags/example_task_group.py
[2024-12-01T05:14:55.300+0000] {processor.py:925} INFO - DAG(s) 'example_task_group' retrieved from /home/airflow/.local/lib/python3.12/site-packages/airflow/example_dags/example_task_group.py
[2024-12-01T05:14:55.311+0000] {logging_mixin.py:190} INFO - [2024-12-01T05:14:55.311+0000] {dag.py:3239} INFO - Sync 1 DAGs
[2024-12-01T05:14:55.318+0000] {logging_mixin.py:190} INFO - [2024-12-01T05:14:55.318+0000] {dag.py:4180} INFO - Setting next_dagrun for example_task_group to None, run_after=None
[2024-12-01T05:14:55.327+0000] {processor.py:208} INFO - Processing /home/airflow/.local/lib/python3.12/site-packages/airflow/example_dags/example_task_group.py took 0.035 seconds
[2024-12-01T05:15:25.893+0000] {processor.py:186} INFO - Started process (PID=7976) to work on /home/airflow/.local/lib/python3.12/site-packages/airflow/example_dags/example_task_group.py
[2024-12-01T05:15:25.894+0000] {processor.py:914} INFO - Processing file /home/airflow/.local/lib/python3.12/site-packages/airflow/example_dags/example_task_group.py for tasks to queue
[2024-12-01T05:15:25.894+0000] {logging_mixin.py:190} INFO - [2024-12-01T05:15:25.894+0000] {dagbag.py:588} INFO - Filling up the DagBag from /home/airflow/.local/lib/python3.12/site-packages/airflow/example_dags/example_task_group.py
[2024-12-01T05:15:25.899+0000] {processor.py:925} INFO - DAG(s) 'example_task_group' retrieved from /home/airflow/.local/lib/python3.12/site-packages/airflow/example_dags/example_task_group.py
[2024-12-01T05:15:25.911+0000] {logging_mixin.py:190} INFO - [2024-12-01T05:15:25.911+0000] {dag.py:3239} INFO - Sync 1 DAGs
[2024-12-01T05:15:25.917+0000] {logging_mixin.py:190} INFO - [2024-12-01T05:15:25.917+0000] {dag.py:4180} INFO - Setting next_dagrun for example_task_group to None, run_after=None
[2024-12-01T05:15:25.923+0000] {processor.py:208} INFO - Processing /home/airflow/.local/lib/python3.12/site-packages/airflow/example_dags/example_task_group.py took 0.032 seconds
[2024-12-01T05:15:56.553+0000] {processor.py:186} INFO - Started process (PID=8342) to work on /home/airflow/.local/lib/python3.12/site-packages/airflow/example_dags/example_task_group.py
[2024-12-01T05:15:56.554+0000] {processor.py:914} INFO - Processing file /home/airflow/.local/lib/python3.12/site-packages/airflow/example_dags/example_task_group.py for tasks to queue
[2024-12-01T05:15:56.555+0000] {logging_mixin.py:190} INFO - [2024-12-01T05:15:56.555+0000] {dagbag.py:588} INFO - Filling up the DagBag from /home/airflow/.local/lib/python3.12/site-packages/airflow/example_dags/example_task_group.py
[2024-12-01T05:15:56.560+0000] {processor.py:925} INFO - DAG(s) 'example_task_group' retrieved from /home/airflow/.local/lib/python3.12/site-packages/airflow/example_dags/example_task_group.py
[2024-12-01T05:15:56.571+0000] {logging_mixin.py:190} INFO - [2024-12-01T05:15:56.571+0000] {dag.py:3239} INFO - Sync 1 DAGs
[2024-12-01T05:15:56.577+0000] {logging_mixin.py:190} INFO - [2024-12-01T05:15:56.577+0000] {dag.py:4180} INFO - Setting next_dagrun for example_task_group to None, run_after=None
[2024-12-01T05:15:56.587+0000] {processor.py:208} INFO - Processing /home/airflow/.local/lib/python3.12/site-packages/airflow/example_dags/example_task_group.py took 0.037 seconds
[2024-12-01T05:16:26.997+0000] {processor.py:186} INFO - Started process (PID=8708) to work on /home/airflow/.local/lib/python3.12/site-packages/airflow/example_dags/example_task_group.py
[2024-12-01T05:16:26.997+0000] {processor.py:914} INFO - Processing file /home/airflow/.local/lib/python3.12/site-packages/airflow/example_dags/example_task_group.py for tasks to queue
[2024-12-01T05:16:26.998+0000] {logging_mixin.py:190} INFO - [2024-12-01T05:16:26.998+0000] {dagbag.py:588} INFO - Filling up the DagBag from /home/airflow/.local/lib/python3.12/site-packages/airflow/example_dags/example_task_group.py
[2024-12-01T05:16:27.002+0000] {processor.py:925} INFO - DAG(s) 'example_task_group' retrieved from /home/airflow/.local/lib/python3.12/site-packages/airflow/example_dags/example_task_group.py
[2024-12-01T05:16:27.011+0000] {logging_mixin.py:190} INFO - [2024-12-01T05:16:27.011+0000] {dag.py:3239} INFO - Sync 1 DAGs
[2024-12-01T05:16:27.017+0000] {logging_mixin.py:190} INFO - [2024-12-01T05:16:27.017+0000] {dag.py:4180} INFO - Setting next_dagrun for example_task_group to None, run_after=None
[2024-12-01T05:16:27.024+0000] {processor.py:208} INFO - Processing /home/airflow/.local/lib/python3.12/site-packages/airflow/example_dags/example_task_group.py took 0.029 seconds
[2024-12-01T05:16:57.471+0000] {processor.py:186} INFO - Started process (PID=9076) to work on /home/airflow/.local/lib/python3.12/site-packages/airflow/example_dags/example_task_group.py
[2024-12-01T05:16:57.472+0000] {processor.py:914} INFO - Processing file /home/airflow/.local/lib/python3.12/site-packages/airflow/example_dags/example_task_group.py for tasks to queue
[2024-12-01T05:16:57.472+0000] {logging_mixin.py:190} INFO - [2024-12-01T05:16:57.472+0000] {dagbag.py:588} INFO - Filling up the DagBag from /home/airflow/.local/lib/python3.12/site-packages/airflow/example_dags/example_task_group.py
[2024-12-01T05:16:57.476+0000] {processor.py:925} INFO - DAG(s) 'example_task_group' retrieved from /home/airflow/.local/lib/python3.12/site-packages/airflow/example_dags/example_task_group.py
[2024-12-01T05:16:57.484+0000] {logging_mixin.py:190} INFO - [2024-12-01T05:16:57.484+0000] {dag.py:3239} INFO - Sync 1 DAGs
[2024-12-01T05:16:57.489+0000] {logging_mixin.py:190} INFO - [2024-12-01T05:16:57.489+0000] {dag.py:4180} INFO - Setting next_dagrun for example_task_group to None, run_after=None
[2024-12-01T05:16:57.495+0000] {processor.py:208} INFO - Processing /home/airflow/.local/lib/python3.12/site-packages/airflow/example_dags/example_task_group.py took 0.026 seconds
[2024-12-01T05:17:28.002+0000] {processor.py:186} INFO - Started process (PID=9440) to work on /home/airflow/.local/lib/python3.12/site-packages/airflow/example_dags/example_task_group.py
[2024-12-01T05:17:28.003+0000] {processor.py:914} INFO - Processing file /home/airflow/.local/lib/python3.12/site-packages/airflow/example_dags/example_task_group.py for tasks to queue
[2024-12-01T05:17:28.004+0000] {logging_mixin.py:190} INFO - [2024-12-01T05:17:28.004+0000] {dagbag.py:588} INFO - Filling up the DagBag from /home/airflow/.local/lib/python3.12/site-packages/airflow/example_dags/example_task_group.py
[2024-12-01T05:17:28.008+0000] {processor.py:925} INFO - DAG(s) 'example_task_group' retrieved from /home/airflow/.local/lib/python3.12/site-packages/airflow/example_dags/example_task_group.py
[2024-12-01T05:17:28.021+0000] {logging_mixin.py:190} INFO - [2024-12-01T05:17:28.021+0000] {dag.py:3239} INFO - Sync 1 DAGs
[2024-12-01T05:17:28.026+0000] {logging_mixin.py:190} INFO - [2024-12-01T05:17:28.026+0000] {dag.py:4180} INFO - Setting next_dagrun for example_task_group to None, run_after=None
[2024-12-01T05:17:28.034+0000] {processor.py:208} INFO - Processing /home/airflow/.local/lib/python3.12/site-packages/airflow/example_dags/example_task_group.py took 0.034 seconds
[2024-12-01T05:17:58.641+0000] {processor.py:186} INFO - Started process (PID=9806) to work on /home/airflow/.local/lib/python3.12/site-packages/airflow/example_dags/example_task_group.py
[2024-12-01T05:17:58.641+0000] {processor.py:914} INFO - Processing file /home/airflow/.local/lib/python3.12/site-packages/airflow/example_dags/example_task_group.py for tasks to queue
[2024-12-01T05:17:58.642+0000] {logging_mixin.py:190} INFO - [2024-12-01T05:17:58.642+0000] {dagbag.py:588} INFO - Filling up the DagBag from /home/airflow/.local/lib/python3.12/site-packages/airflow/example_dags/example_task_group.py
[2024-12-01T05:17:58.646+0000] {processor.py:925} INFO - DAG(s) 'example_task_group' retrieved from /home/airflow/.local/lib/python3.12/site-packages/airflow/example_dags/example_task_group.py
[2024-12-01T05:17:58.655+0000] {logging_mixin.py:190} INFO - [2024-12-01T05:17:58.655+0000] {dag.py:3239} INFO - Sync 1 DAGs
[2024-12-01T05:17:58.661+0000] {logging_mixin.py:190} INFO - [2024-12-01T05:17:58.661+0000] {dag.py:4180} INFO - Setting next_dagrun for example_task_group to None, run_after=None
[2024-12-01T05:17:58.669+0000] {processor.py:208} INFO - Processing /home/airflow/.local/lib/python3.12/site-packages/airflow/example_dags/example_task_group.py took 0.031 seconds
[2024-12-01T05:18:29.252+0000] {processor.py:186} INFO - Started process (PID=10174) to work on /home/airflow/.local/lib/python3.12/site-packages/airflow/example_dags/example_task_group.py
[2024-12-01T05:18:29.252+0000] {processor.py:914} INFO - Processing file /home/airflow/.local/lib/python3.12/site-packages/airflow/example_dags/example_task_group.py for tasks to queue
[2024-12-01T05:18:29.253+0000] {logging_mixin.py:190} INFO - [2024-12-01T05:18:29.252+0000] {dagbag.py:588} INFO - Filling up the DagBag from /home/airflow/.local/lib/python3.12/site-packages/airflow/example_dags/example_task_group.py
[2024-12-01T05:18:29.257+0000] {processor.py:925} INFO - DAG(s) 'example_task_group' retrieved from /home/airflow/.local/lib/python3.12/site-packages/airflow/example_dags/example_task_group.py
[2024-12-01T05:18:29.266+0000] {logging_mixin.py:190} INFO - [2024-12-01T05:18:29.266+0000] {dag.py:3239} INFO - Sync 1 DAGs
[2024-12-01T05:18:29.273+0000] {logging_mixin.py:190} INFO - [2024-12-01T05:18:29.273+0000] {dag.py:4180} INFO - Setting next_dagrun for example_task_group to None, run_after=None
[2024-12-01T05:18:29.281+0000] {processor.py:208} INFO - Processing /home/airflow/.local/lib/python3.12/site-packages/airflow/example_dags/example_task_group.py took 0.031 seconds
[2024-12-01T05:19:00.287+0000] {processor.py:186} INFO - Started process (PID=10553) to work on /home/airflow/.local/lib/python3.12/site-packages/airflow/example_dags/example_task_group.py
[2024-12-01T05:19:00.288+0000] {processor.py:914} INFO - Processing file /home/airflow/.local/lib/python3.12/site-packages/airflow/example_dags/example_task_group.py for tasks to queue
[2024-12-01T05:19:00.289+0000] {logging_mixin.py:190} INFO - [2024-12-01T05:19:00.289+0000] {dagbag.py:588} INFO - Filling up the DagBag from /home/airflow/.local/lib/python3.12/site-packages/airflow/example_dags/example_task_group.py
[2024-12-01T05:19:00.292+0000] {processor.py:925} INFO - DAG(s) 'example_task_group' retrieved from /home/airflow/.local/lib/python3.12/site-packages/airflow/example_dags/example_task_group.py
[2024-12-01T05:19:00.302+0000] {logging_mixin.py:190} INFO - [2024-12-01T05:19:00.302+0000] {dag.py:3239} INFO - Sync 1 DAGs
[2024-12-01T05:19:00.308+0000] {logging_mixin.py:190} INFO - [2024-12-01T05:19:00.308+0000] {dag.py:4180} INFO - Setting next_dagrun for example_task_group to None, run_after=None
[2024-12-01T05:19:00.318+0000] {processor.py:208} INFO - Processing /home/airflow/.local/lib/python3.12/site-packages/airflow/example_dags/example_task_group.py took 0.034 seconds
[2024-12-01T05:19:31.086+0000] {processor.py:186} INFO - Started process (PID=10921) to work on /home/airflow/.local/lib/python3.12/site-packages/airflow/example_dags/example_task_group.py
[2024-12-01T05:19:31.086+0000] {processor.py:914} INFO - Processing file /home/airflow/.local/lib/python3.12/site-packages/airflow/example_dags/example_task_group.py for tasks to queue
[2024-12-01T05:19:31.087+0000] {logging_mixin.py:190} INFO - [2024-12-01T05:19:31.086+0000] {dagbag.py:588} INFO - Filling up the DagBag from /home/airflow/.local/lib/python3.12/site-packages/airflow/example_dags/example_task_group.py
[2024-12-01T05:19:31.090+0000] {processor.py:925} INFO - DAG(s) 'example_task_group' retrieved from /home/airflow/.local/lib/python3.12/site-packages/airflow/example_dags/example_task_group.py
[2024-12-01T05:19:31.100+0000] {logging_mixin.py:190} INFO - [2024-12-01T05:19:31.100+0000] {dag.py:3239} INFO - Sync 1 DAGs
[2024-12-01T05:19:31.106+0000] {logging_mixin.py:190} INFO - [2024-12-01T05:19:31.106+0000] {dag.py:4180} INFO - Setting next_dagrun for example_task_group to None, run_after=None
[2024-12-01T05:19:31.116+0000] {processor.py:208} INFO - Processing /home/airflow/.local/lib/python3.12/site-packages/airflow/example_dags/example_task_group.py took 0.033 seconds
[2024-12-01T05:20:01.811+0000] {processor.py:186} INFO - Started process (PID=11287) to work on /home/airflow/.local/lib/python3.12/site-packages/airflow/example_dags/example_task_group.py
[2024-12-01T05:20:01.811+0000] {processor.py:914} INFO - Processing file /home/airflow/.local/lib/python3.12/site-packages/airflow/example_dags/example_task_group.py for tasks to queue
[2024-12-01T05:20:01.812+0000] {logging_mixin.py:190} INFO - [2024-12-01T05:20:01.811+0000] {dagbag.py:588} INFO - Filling up the DagBag from /home/airflow/.local/lib/python3.12/site-packages/airflow/example_dags/example_task_group.py
[2024-12-01T05:20:01.816+0000] {processor.py:925} INFO - DAG(s) 'example_task_group' retrieved from /home/airflow/.local/lib/python3.12/site-packages/airflow/example_dags/example_task_group.py
[2024-12-01T05:20:01.826+0000] {logging_mixin.py:190} INFO - [2024-12-01T05:20:01.826+0000] {dag.py:3239} INFO - Sync 1 DAGs
[2024-12-01T05:20:01.831+0000] {logging_mixin.py:190} INFO - [2024-12-01T05:20:01.831+0000] {dag.py:4180} INFO - Setting next_dagrun for example_task_group to None, run_after=None
[2024-12-01T05:20:01.841+0000] {processor.py:208} INFO - Processing /home/airflow/.local/lib/python3.12/site-packages/airflow/example_dags/example_task_group.py took 0.032 seconds
[2024-12-01T05:20:32.583+0000] {processor.py:186} INFO - Started process (PID=11671) to work on /home/airflow/.local/lib/python3.12/site-packages/airflow/example_dags/example_task_group.py
[2024-12-01T05:20:32.583+0000] {processor.py:914} INFO - Processing file /home/airflow/.local/lib/python3.12/site-packages/airflow/example_dags/example_task_group.py for tasks to queue
[2024-12-01T05:20:32.584+0000] {logging_mixin.py:190} INFO - [2024-12-01T05:20:32.583+0000] {dagbag.py:588} INFO - Filling up the DagBag from /home/airflow/.local/lib/python3.12/site-packages/airflow/example_dags/example_task_group.py
[2024-12-01T05:20:32.587+0000] {processor.py:925} INFO - DAG(s) 'example_task_group' retrieved from /home/airflow/.local/lib/python3.12/site-packages/airflow/example_dags/example_task_group.py
[2024-12-01T05:20:32.596+0000] {logging_mixin.py:190} INFO - [2024-12-01T05:20:32.596+0000] {dag.py:3239} INFO - Sync 1 DAGs
[2024-12-01T05:20:32.601+0000] {logging_mixin.py:190} INFO - [2024-12-01T05:20:32.601+0000] {dag.py:4180} INFO - Setting next_dagrun for example_task_group to None, run_after=None
[2024-12-01T05:20:32.607+0000] {processor.py:208} INFO - Processing /home/airflow/.local/lib/python3.12/site-packages/airflow/example_dags/example_task_group.py took 0.027 seconds
[2024-12-01T05:21:03.402+0000] {processor.py:186} INFO - Started process (PID=12043) to work on /home/airflow/.local/lib/python3.12/site-packages/airflow/example_dags/example_task_group.py
[2024-12-01T05:21:03.403+0000] {processor.py:914} INFO - Processing file /home/airflow/.local/lib/python3.12/site-packages/airflow/example_dags/example_task_group.py for tasks to queue
[2024-12-01T05:21:03.404+0000] {logging_mixin.py:190} INFO - [2024-12-01T05:21:03.403+0000] {dagbag.py:588} INFO - Filling up the DagBag from /home/airflow/.local/lib/python3.12/site-packages/airflow/example_dags/example_task_group.py
[2024-12-01T05:21:03.407+0000] {processor.py:925} INFO - DAG(s) 'example_task_group' retrieved from /home/airflow/.local/lib/python3.12/site-packages/airflow/example_dags/example_task_group.py
[2024-12-01T05:21:03.417+0000] {logging_mixin.py:190} INFO - [2024-12-01T05:21:03.417+0000] {dag.py:3239} INFO - Sync 1 DAGs
[2024-12-01T05:21:03.421+0000] {logging_mixin.py:190} INFO - [2024-12-01T05:21:03.421+0000] {dag.py:4180} INFO - Setting next_dagrun for example_task_group to None, run_after=None
[2024-12-01T05:21:03.431+0000] {processor.py:208} INFO - Processing /home/airflow/.local/lib/python3.12/site-packages/airflow/example_dags/example_task_group.py took 0.031 seconds
[2024-12-01T05:21:34.286+0000] {processor.py:186} INFO - Started process (PID=12414) to work on /home/airflow/.local/lib/python3.12/site-packages/airflow/example_dags/example_task_group.py
[2024-12-01T05:21:34.287+0000] {processor.py:914} INFO - Processing file /home/airflow/.local/lib/python3.12/site-packages/airflow/example_dags/example_task_group.py for tasks to queue
[2024-12-01T05:21:34.287+0000] {logging_mixin.py:190} INFO - [2024-12-01T05:21:34.287+0000] {dagbag.py:588} INFO - Filling up the DagBag from /home/airflow/.local/lib/python3.12/site-packages/airflow/example_dags/example_task_group.py
[2024-12-01T05:21:34.292+0000] {processor.py:925} INFO - DAG(s) 'example_task_group' retrieved from /home/airflow/.local/lib/python3.12/site-packages/airflow/example_dags/example_task_group.py
[2024-12-01T05:21:34.302+0000] {logging_mixin.py:190} INFO - [2024-12-01T05:21:34.302+0000] {dag.py:3239} INFO - Sync 1 DAGs
[2024-12-01T05:21:34.310+0000] {logging_mixin.py:190} INFO - [2024-12-01T05:21:34.309+0000] {dag.py:4180} INFO - Setting next_dagrun for example_task_group to None, run_after=None
[2024-12-01T05:21:34.320+0000] {processor.py:208} INFO - Processing /home/airflow/.local/lib/python3.12/site-packages/airflow/example_dags/example_task_group.py took 0.036 seconds
[2024-12-01T05:22:05.193+0000] {processor.py:186} INFO - Started process (PID=12785) to work on /home/airflow/.local/lib/python3.12/site-packages/airflow/example_dags/example_task_group.py
[2024-12-01T05:22:05.194+0000] {processor.py:914} INFO - Processing file /home/airflow/.local/lib/python3.12/site-packages/airflow/example_dags/example_task_group.py for tasks to queue
[2024-12-01T05:22:05.195+0000] {logging_mixin.py:190} INFO - [2024-12-01T05:22:05.195+0000] {dagbag.py:588} INFO - Filling up the DagBag from /home/airflow/.local/lib/python3.12/site-packages/airflow/example_dags/example_task_group.py
[2024-12-01T05:22:05.198+0000] {processor.py:925} INFO - DAG(s) 'example_task_group' retrieved from /home/airflow/.local/lib/python3.12/site-packages/airflow/example_dags/example_task_group.py
[2024-12-01T05:22:05.208+0000] {logging_mixin.py:190} INFO - [2024-12-01T05:22:05.208+0000] {dag.py:3239} INFO - Sync 1 DAGs
[2024-12-01T05:22:05.213+0000] {logging_mixin.py:190} INFO - [2024-12-01T05:22:05.213+0000] {dag.py:4180} INFO - Setting next_dagrun for example_task_group to None, run_after=None
[2024-12-01T05:22:05.223+0000] {processor.py:208} INFO - Processing /home/airflow/.local/lib/python3.12/site-packages/airflow/example_dags/example_task_group.py took 0.032 seconds
[2024-12-01T05:22:36.753+0000] {processor.py:186} INFO - Started process (PID=13151) to work on /home/airflow/.local/lib/python3.12/site-packages/airflow/example_dags/example_task_group.py
[2024-12-01T05:22:36.755+0000] {processor.py:914} INFO - Processing file /home/airflow/.local/lib/python3.12/site-packages/airflow/example_dags/example_task_group.py for tasks to queue
[2024-12-01T05:22:36.757+0000] {logging_mixin.py:190} INFO - [2024-12-01T05:22:36.757+0000] {dagbag.py:588} INFO - Filling up the DagBag from /home/airflow/.local/lib/python3.12/site-packages/airflow/example_dags/example_task_group.py
[2024-12-01T05:22:36.763+0000] {processor.py:925} INFO - DAG(s) 'example_task_group' retrieved from /home/airflow/.local/lib/python3.12/site-packages/airflow/example_dags/example_task_group.py
[2024-12-01T05:22:36.776+0000] {logging_mixin.py:190} INFO - [2024-12-01T05:22:36.776+0000] {dag.py:3239} INFO - Sync 1 DAGs
[2024-12-01T05:22:36.783+0000] {logging_mixin.py:190} INFO - [2024-12-01T05:22:36.783+0000] {dag.py:4180} INFO - Setting next_dagrun for example_task_group to None, run_after=None
[2024-12-01T05:22:36.794+0000] {processor.py:208} INFO - Processing /home/airflow/.local/lib/python3.12/site-packages/airflow/example_dags/example_task_group.py took 0.043 seconds
[2024-12-01T05:23:07.678+0000] {processor.py:186} INFO - Started process (PID=13517) to work on /home/airflow/.local/lib/python3.12/site-packages/airflow/example_dags/example_task_group.py
[2024-12-01T05:23:07.679+0000] {processor.py:914} INFO - Processing file /home/airflow/.local/lib/python3.12/site-packages/airflow/example_dags/example_task_group.py for tasks to queue
[2024-12-01T05:23:07.680+0000] {logging_mixin.py:190} INFO - [2024-12-01T05:23:07.680+0000] {dagbag.py:588} INFO - Filling up the DagBag from /home/airflow/.local/lib/python3.12/site-packages/airflow/example_dags/example_task_group.py
[2024-12-01T05:23:07.686+0000] {processor.py:925} INFO - DAG(s) 'example_task_group' retrieved from /home/airflow/.local/lib/python3.12/site-packages/airflow/example_dags/example_task_group.py
[2024-12-01T05:23:07.700+0000] {logging_mixin.py:190} INFO - [2024-12-01T05:23:07.700+0000] {dag.py:3239} INFO - Sync 1 DAGs
[2024-12-01T05:23:07.708+0000] {logging_mixin.py:190} INFO - [2024-12-01T05:23:07.707+0000] {dag.py:4180} INFO - Setting next_dagrun for example_task_group to None, run_after=None
[2024-12-01T05:23:07.717+0000] {processor.py:208} INFO - Processing /home/airflow/.local/lib/python3.12/site-packages/airflow/example_dags/example_task_group.py took 0.042 seconds
[2024-12-01T05:23:38.273+0000] {processor.py:186} INFO - Started process (PID=13883) to work on /home/airflow/.local/lib/python3.12/site-packages/airflow/example_dags/example_task_group.py
[2024-12-01T05:23:38.274+0000] {processor.py:914} INFO - Processing file /home/airflow/.local/lib/python3.12/site-packages/airflow/example_dags/example_task_group.py for tasks to queue
[2024-12-01T05:23:38.275+0000] {logging_mixin.py:190} INFO - [2024-12-01T05:23:38.275+0000] {dagbag.py:588} INFO - Filling up the DagBag from /home/airflow/.local/lib/python3.12/site-packages/airflow/example_dags/example_task_group.py
[2024-12-01T05:23:38.280+0000] {processor.py:925} INFO - DAG(s) 'example_task_group' retrieved from /home/airflow/.local/lib/python3.12/site-packages/airflow/example_dags/example_task_group.py
[2024-12-01T05:23:38.291+0000] {logging_mixin.py:190} INFO - [2024-12-01T05:23:38.291+0000] {dag.py:3239} INFO - Sync 1 DAGs
[2024-12-01T05:23:38.296+0000] {logging_mixin.py:190} INFO - [2024-12-01T05:23:38.296+0000] {dag.py:4180} INFO - Setting next_dagrun for example_task_group to None, run_after=None
[2024-12-01T05:23:38.303+0000] {processor.py:208} INFO - Processing /home/airflow/.local/lib/python3.12/site-packages/airflow/example_dags/example_task_group.py took 0.032 seconds
[2024-12-01T05:24:09.158+0000] {processor.py:186} INFO - Started process (PID=14256) to work on /home/airflow/.local/lib/python3.12/site-packages/airflow/example_dags/example_task_group.py
[2024-12-01T05:24:09.159+0000] {processor.py:914} INFO - Processing file /home/airflow/.local/lib/python3.12/site-packages/airflow/example_dags/example_task_group.py for tasks to queue
[2024-12-01T05:24:09.159+0000] {logging_mixin.py:190} INFO - [2024-12-01T05:24:09.159+0000] {dagbag.py:588} INFO - Filling up the DagBag from /home/airflow/.local/lib/python3.12/site-packages/airflow/example_dags/example_task_group.py
[2024-12-01T05:24:09.162+0000] {processor.py:925} INFO - DAG(s) 'example_task_group' retrieved from /home/airflow/.local/lib/python3.12/site-packages/airflow/example_dags/example_task_group.py
[2024-12-01T05:24:09.170+0000] {logging_mixin.py:190} INFO - [2024-12-01T05:24:09.170+0000] {dag.py:3239} INFO - Sync 1 DAGs
[2024-12-01T05:24:09.176+0000] {logging_mixin.py:190} INFO - [2024-12-01T05:24:09.175+0000] {dag.py:4180} INFO - Setting next_dagrun for example_task_group to None, run_after=None
[2024-12-01T05:24:09.182+0000] {processor.py:208} INFO - Processing /home/airflow/.local/lib/python3.12/site-packages/airflow/example_dags/example_task_group.py took 0.026 seconds
[2024-12-01T05:24:40.207+0000] {processor.py:186} INFO - Started process (PID=14620) to work on /home/airflow/.local/lib/python3.12/site-packages/airflow/example_dags/example_task_group.py
[2024-12-01T05:24:40.209+0000] {processor.py:914} INFO - Processing file /home/airflow/.local/lib/python3.12/site-packages/airflow/example_dags/example_task_group.py for tasks to queue
[2024-12-01T05:24:40.210+0000] {logging_mixin.py:190} INFO - [2024-12-01T05:24:40.210+0000] {dagbag.py:588} INFO - Filling up the DagBag from /home/airflow/.local/lib/python3.12/site-packages/airflow/example_dags/example_task_group.py
[2024-12-01T05:24:40.215+0000] {processor.py:925} INFO - DAG(s) 'example_task_group' retrieved from /home/airflow/.local/lib/python3.12/site-packages/airflow/example_dags/example_task_group.py
[2024-12-01T05:24:40.226+0000] {logging_mixin.py:190} INFO - [2024-12-01T05:24:40.225+0000] {dag.py:3239} INFO - Sync 1 DAGs
[2024-12-01T05:24:40.232+0000] {logging_mixin.py:190} INFO - [2024-12-01T05:24:40.232+0000] {dag.py:4180} INFO - Setting next_dagrun for example_task_group to None, run_after=None
[2024-12-01T05:24:40.238+0000] {processor.py:208} INFO - Processing /home/airflow/.local/lib/python3.12/site-packages/airflow/example_dags/example_task_group.py took 0.033 seconds
[2024-12-01T05:25:10.775+0000] {processor.py:186} INFO - Started process (PID=15003) to work on /home/airflow/.local/lib/python3.12/site-packages/airflow/example_dags/example_task_group.py
[2024-12-01T05:25:10.775+0000] {processor.py:914} INFO - Processing file /home/airflow/.local/lib/python3.12/site-packages/airflow/example_dags/example_task_group.py for tasks to queue
[2024-12-01T05:25:10.775+0000] {logging_mixin.py:190} INFO - [2024-12-01T05:25:10.775+0000] {dagbag.py:588} INFO - Filling up the DagBag from /home/airflow/.local/lib/python3.12/site-packages/airflow/example_dags/example_task_group.py
[2024-12-01T05:25:10.779+0000] {processor.py:925} INFO - DAG(s) 'example_task_group' retrieved from /home/airflow/.local/lib/python3.12/site-packages/airflow/example_dags/example_task_group.py
[2024-12-01T05:25:10.787+0000] {logging_mixin.py:190} INFO - [2024-12-01T05:25:10.787+0000] {dag.py:3239} INFO - Sync 1 DAGs
[2024-12-01T05:25:10.792+0000] {logging_mixin.py:190} INFO - [2024-12-01T05:25:10.792+0000] {dag.py:4180} INFO - Setting next_dagrun for example_task_group to None, run_after=None
[2024-12-01T05:25:10.797+0000] {processor.py:208} INFO - Processing /home/airflow/.local/lib/python3.12/site-packages/airflow/example_dags/example_task_group.py took 0.025 seconds
[2024-12-01T05:25:41.047+0000] {processor.py:186} INFO - Started process (PID=15372) to work on /home/airflow/.local/lib/python3.12/site-packages/airflow/example_dags/example_task_group.py
[2024-12-01T05:25:41.048+0000] {processor.py:914} INFO - Processing file /home/airflow/.local/lib/python3.12/site-packages/airflow/example_dags/example_task_group.py for tasks to queue
[2024-12-01T05:25:41.049+0000] {logging_mixin.py:190} INFO - [2024-12-01T05:25:41.049+0000] {dagbag.py:588} INFO - Filling up the DagBag from /home/airflow/.local/lib/python3.12/site-packages/airflow/example_dags/example_task_group.py
[2024-12-01T05:25:41.054+0000] {processor.py:925} INFO - DAG(s) 'example_task_group' retrieved from /home/airflow/.local/lib/python3.12/site-packages/airflow/example_dags/example_task_group.py
[2024-12-01T05:25:41.064+0000] {logging_mixin.py:190} INFO - [2024-12-01T05:25:41.064+0000] {dag.py:3239} INFO - Sync 1 DAGs
[2024-12-01T05:25:41.071+0000] {logging_mixin.py:190} INFO - [2024-12-01T05:25:41.071+0000] {dag.py:4180} INFO - Setting next_dagrun for example_task_group to None, run_after=None
[2024-12-01T05:25:41.077+0000] {processor.py:208} INFO - Processing /home/airflow/.local/lib/python3.12/site-packages/airflow/example_dags/example_task_group.py took 0.032 seconds
[2024-12-01T05:26:11.496+0000] {processor.py:186} INFO - Started process (PID=15743) to work on /home/airflow/.local/lib/python3.12/site-packages/airflow/example_dags/example_task_group.py
[2024-12-01T05:26:11.496+0000] {processor.py:914} INFO - Processing file /home/airflow/.local/lib/python3.12/site-packages/airflow/example_dags/example_task_group.py for tasks to queue
[2024-12-01T05:26:11.497+0000] {logging_mixin.py:190} INFO - [2024-12-01T05:26:11.497+0000] {dagbag.py:588} INFO - Filling up the DagBag from /home/airflow/.local/lib/python3.12/site-packages/airflow/example_dags/example_task_group.py
[2024-12-01T05:26:11.501+0000] {processor.py:925} INFO - DAG(s) 'example_task_group' retrieved from /home/airflow/.local/lib/python3.12/site-packages/airflow/example_dags/example_task_group.py
[2024-12-01T05:26:11.511+0000] {logging_mixin.py:190} INFO - [2024-12-01T05:26:11.511+0000] {dag.py:3239} INFO - Sync 1 DAGs
[2024-12-01T05:26:11.517+0000] {logging_mixin.py:190} INFO - [2024-12-01T05:26:11.517+0000] {dag.py:4180} INFO - Setting next_dagrun for example_task_group to None, run_after=None
[2024-12-01T05:26:11.525+0000] {processor.py:208} INFO - Processing /home/airflow/.local/lib/python3.12/site-packages/airflow/example_dags/example_task_group.py took 0.032 seconds
[2024-12-01T05:26:41.791+0000] {processor.py:186} INFO - Started process (PID=16113) to work on /home/airflow/.local/lib/python3.12/site-packages/airflow/example_dags/example_task_group.py
[2024-12-01T05:26:41.792+0000] {processor.py:914} INFO - Processing file /home/airflow/.local/lib/python3.12/site-packages/airflow/example_dags/example_task_group.py for tasks to queue
[2024-12-01T05:26:41.792+0000] {logging_mixin.py:190} INFO - [2024-12-01T05:26:41.792+0000] {dagbag.py:588} INFO - Filling up the DagBag from /home/airflow/.local/lib/python3.12/site-packages/airflow/example_dags/example_task_group.py
[2024-12-01T05:26:41.796+0000] {processor.py:925} INFO - DAG(s) 'example_task_group' retrieved from /home/airflow/.local/lib/python3.12/site-packages/airflow/example_dags/example_task_group.py
[2024-12-01T05:26:41.804+0000] {logging_mixin.py:190} INFO - [2024-12-01T05:26:41.804+0000] {dag.py:3239} INFO - Sync 1 DAGs
[2024-12-01T05:26:41.810+0000] {logging_mixin.py:190} INFO - [2024-12-01T05:26:41.809+0000] {dag.py:4180} INFO - Setting next_dagrun for example_task_group to None, run_after=None
[2024-12-01T05:26:41.815+0000] {processor.py:208} INFO - Processing /home/airflow/.local/lib/python3.12/site-packages/airflow/example_dags/example_task_group.py took 0.026 seconds
[2024-12-01T05:27:12.402+0000] {processor.py:186} INFO - Started process (PID=16491) to work on /home/airflow/.local/lib/python3.12/site-packages/airflow/example_dags/example_task_group.py
[2024-12-01T05:27:12.402+0000] {processor.py:914} INFO - Processing file /home/airflow/.local/lib/python3.12/site-packages/airflow/example_dags/example_task_group.py for tasks to queue
[2024-12-01T05:27:12.403+0000] {logging_mixin.py:190} INFO - [2024-12-01T05:27:12.403+0000] {dagbag.py:588} INFO - Filling up the DagBag from /home/airflow/.local/lib/python3.12/site-packages/airflow/example_dags/example_task_group.py
[2024-12-01T05:27:12.407+0000] {processor.py:925} INFO - DAG(s) 'example_task_group' retrieved from /home/airflow/.local/lib/python3.12/site-packages/airflow/example_dags/example_task_group.py
[2024-12-01T05:27:12.418+0000] {logging_mixin.py:190} INFO - [2024-12-01T05:27:12.418+0000] {dag.py:3239} INFO - Sync 1 DAGs
[2024-12-01T05:27:12.425+0000] {logging_mixin.py:190} INFO - [2024-12-01T05:27:12.425+0000] {dag.py:4180} INFO - Setting next_dagrun for example_task_group to None, run_after=None
[2024-12-01T05:27:12.431+0000] {processor.py:208} INFO - Processing /home/airflow/.local/lib/python3.12/site-packages/airflow/example_dags/example_task_group.py took 0.031 seconds
[2024-12-01T05:27:43.125+0000] {processor.py:186} INFO - Started process (PID=16892) to work on /home/airflow/.local/lib/python3.12/site-packages/airflow/example_dags/example_task_group.py
[2024-12-01T05:27:43.125+0000] {processor.py:914} INFO - Processing file /home/airflow/.local/lib/python3.12/site-packages/airflow/example_dags/example_task_group.py for tasks to queue
[2024-12-01T05:27:43.126+0000] {logging_mixin.py:190} INFO - [2024-12-01T05:27:43.126+0000] {dagbag.py:588} INFO - Filling up the DagBag from /home/airflow/.local/lib/python3.12/site-packages/airflow/example_dags/example_task_group.py
[2024-12-01T05:27:43.130+0000] {processor.py:925} INFO - DAG(s) 'example_task_group' retrieved from /home/airflow/.local/lib/python3.12/site-packages/airflow/example_dags/example_task_group.py
[2024-12-01T05:27:43.142+0000] {logging_mixin.py:190} INFO - [2024-12-01T05:27:43.142+0000] {dag.py:3239} INFO - Sync 1 DAGs
[2024-12-01T05:27:43.149+0000] {logging_mixin.py:190} INFO - [2024-12-01T05:27:43.149+0000] {dag.py:4180} INFO - Setting next_dagrun for example_task_group to None, run_after=None
[2024-12-01T05:27:43.160+0000] {processor.py:208} INFO - Processing /home/airflow/.local/lib/python3.12/site-packages/airflow/example_dags/example_task_group.py took 0.037 seconds
[2024-12-01T05:28:13.925+0000] {processor.py:186} INFO - Started process (PID=17279) to work on /home/airflow/.local/lib/python3.12/site-packages/airflow/example_dags/example_task_group.py
[2024-12-01T05:28:13.926+0000] {processor.py:914} INFO - Processing file /home/airflow/.local/lib/python3.12/site-packages/airflow/example_dags/example_task_group.py for tasks to queue
[2024-12-01T05:28:13.927+0000] {logging_mixin.py:190} INFO - [2024-12-01T05:28:13.927+0000] {dagbag.py:588} INFO - Filling up the DagBag from /home/airflow/.local/lib/python3.12/site-packages/airflow/example_dags/example_task_group.py
[2024-12-01T05:28:13.938+0000] {processor.py:925} INFO - DAG(s) 'example_task_group' retrieved from /home/airflow/.local/lib/python3.12/site-packages/airflow/example_dags/example_task_group.py
[2024-12-01T05:28:13.959+0000] {logging_mixin.py:190} INFO - [2024-12-01T05:28:13.959+0000] {dag.py:3239} INFO - Sync 1 DAGs
[2024-12-01T05:28:13.967+0000] {logging_mixin.py:190} INFO - [2024-12-01T05:28:13.967+0000] {dag.py:4180} INFO - Setting next_dagrun for example_task_group to None, run_after=None
[2024-12-01T05:28:13.975+0000] {processor.py:208} INFO - Processing /home/airflow/.local/lib/python3.12/site-packages/airflow/example_dags/example_task_group.py took 0.052 seconds
[2024-12-01T05:28:44.576+0000] {processor.py:186} INFO - Started process (PID=17660) to work on /home/airflow/.local/lib/python3.12/site-packages/airflow/example_dags/example_task_group.py
[2024-12-01T05:28:44.579+0000] {processor.py:914} INFO - Processing file /home/airflow/.local/lib/python3.12/site-packages/airflow/example_dags/example_task_group.py for tasks to queue
[2024-12-01T05:28:44.580+0000] {logging_mixin.py:190} INFO - [2024-12-01T05:28:44.580+0000] {dagbag.py:588} INFO - Filling up the DagBag from /home/airflow/.local/lib/python3.12/site-packages/airflow/example_dags/example_task_group.py
[2024-12-01T05:28:44.584+0000] {processor.py:925} INFO - DAG(s) 'example_task_group' retrieved from /home/airflow/.local/lib/python3.12/site-packages/airflow/example_dags/example_task_group.py
[2024-12-01T05:28:44.595+0000] {logging_mixin.py:190} INFO - [2024-12-01T05:28:44.594+0000] {dag.py:3239} INFO - Sync 1 DAGs
[2024-12-01T05:28:44.601+0000] {logging_mixin.py:190} INFO - [2024-12-01T05:28:44.601+0000] {dag.py:4180} INFO - Setting next_dagrun for example_task_group to None, run_after=None
[2024-12-01T05:28:44.608+0000] {processor.py:208} INFO - Processing /home/airflow/.local/lib/python3.12/site-packages/airflow/example_dags/example_task_group.py took 0.033 seconds
[2024-12-01T05:29:15.080+0000] {processor.py:186} INFO - Started process (PID=18036) to work on /home/airflow/.local/lib/python3.12/site-packages/airflow/example_dags/example_task_group.py
[2024-12-01T05:29:15.083+0000] {processor.py:914} INFO - Processing file /home/airflow/.local/lib/python3.12/site-packages/airflow/example_dags/example_task_group.py for tasks to queue
[2024-12-01T05:29:15.084+0000] {logging_mixin.py:190} INFO - [2024-12-01T05:29:15.084+0000] {dagbag.py:588} INFO - Filling up the DagBag from /home/airflow/.local/lib/python3.12/site-packages/airflow/example_dags/example_task_group.py
[2024-12-01T05:29:15.088+0000] {processor.py:925} INFO - DAG(s) 'example_task_group' retrieved from /home/airflow/.local/lib/python3.12/site-packages/airflow/example_dags/example_task_group.py
[2024-12-01T05:29:15.100+0000] {logging_mixin.py:190} INFO - [2024-12-01T05:29:15.099+0000] {dag.py:3239} INFO - Sync 1 DAGs
[2024-12-01T05:29:15.105+0000] {logging_mixin.py:190} INFO - [2024-12-01T05:29:15.105+0000] {dag.py:4180} INFO - Setting next_dagrun for example_task_group to None, run_after=None
[2024-12-01T05:29:15.115+0000] {processor.py:208} INFO - Processing /home/airflow/.local/lib/python3.12/site-packages/airflow/example_dags/example_task_group.py took 0.037 seconds
[2024-12-01T05:29:45.694+0000] {processor.py:186} INFO - Started process (PID=18402) to work on /home/airflow/.local/lib/python3.12/site-packages/airflow/example_dags/example_task_group.py
[2024-12-01T05:29:45.694+0000] {processor.py:914} INFO - Processing file /home/airflow/.local/lib/python3.12/site-packages/airflow/example_dags/example_task_group.py for tasks to queue
[2024-12-01T05:29:45.695+0000] {logging_mixin.py:190} INFO - [2024-12-01T05:29:45.695+0000] {dagbag.py:588} INFO - Filling up the DagBag from /home/airflow/.local/lib/python3.12/site-packages/airflow/example_dags/example_task_group.py
[2024-12-01T05:29:45.699+0000] {processor.py:925} INFO - DAG(s) 'example_task_group' retrieved from /home/airflow/.local/lib/python3.12/site-packages/airflow/example_dags/example_task_group.py
[2024-12-01T05:29:45.709+0000] {logging_mixin.py:190} INFO - [2024-12-01T05:29:45.709+0000] {dag.py:3239} INFO - Sync 1 DAGs
[2024-12-01T05:29:45.715+0000] {logging_mixin.py:190} INFO - [2024-12-01T05:29:45.715+0000] {dag.py:4180} INFO - Setting next_dagrun for example_task_group to None, run_after=None
[2024-12-01T05:29:45.726+0000] {processor.py:208} INFO - Processing /home/airflow/.local/lib/python3.12/site-packages/airflow/example_dags/example_task_group.py took 0.036 seconds
