[2024-12-01T05:05:11.705+0000] {processor.py:186} INFO - Started process (PID=407) to work on /home/airflow/.local/lib/python3.12/site-packages/airflow/example_dags/tutorial.py
[2024-12-01T05:05:11.706+0000] {processor.py:914} INFO - Processing file /home/airflow/.local/lib/python3.12/site-packages/airflow/example_dags/tutorial.py for tasks to queue
[2024-12-01T05:05:11.708+0000] {logging_mixin.py:190} INFO - [2024-12-01T05:05:11.708+0000] {dagbag.py:588} INFO - Filling up the DagBag from /home/airflow/.local/lib/python3.12/site-packages/airflow/example_dags/tutorial.py
[2024-12-01T05:05:11.713+0000] {processor.py:925} INFO - DAG(s) 'tutorial' retrieved from /home/airflow/.local/lib/python3.12/site-packages/airflow/example_dags/tutorial.py
[2024-12-01T05:05:11.725+0000] {logging_mixin.py:190} INFO - [2024-12-01T05:05:11.725+0000] {dag.py:3239} INFO - Sync 1 DAGs
[2024-12-01T05:05:11.736+0000] {logging_mixin.py:190} INFO - [2024-12-01T05:05:11.736+0000] {dag.py:4180} INFO - Setting next_dagrun for tutorial to 2024-11-30 00:00:00+00:00, run_after=2024-12-01 00:00:00+00:00
[2024-12-01T05:05:11.752+0000] {processor.py:208} INFO - Processing /home/airflow/.local/lib/python3.12/site-packages/airflow/example_dags/tutorial.py took 0.050 seconds
[2024-12-01T05:05:42.473+0000] {processor.py:186} INFO - Started process (PID=782) to work on /home/airflow/.local/lib/python3.12/site-packages/airflow/example_dags/tutorial.py
[2024-12-01T05:05:42.473+0000] {processor.py:914} INFO - Processing file /home/airflow/.local/lib/python3.12/site-packages/airflow/example_dags/tutorial.py for tasks to queue
[2024-12-01T05:05:42.474+0000] {logging_mixin.py:190} INFO - [2024-12-01T05:05:42.474+0000] {dagbag.py:588} INFO - Filling up the DagBag from /home/airflow/.local/lib/python3.12/site-packages/airflow/example_dags/tutorial.py
[2024-12-01T05:05:42.477+0000] {processor.py:925} INFO - DAG(s) 'tutorial' retrieved from /home/airflow/.local/lib/python3.12/site-packages/airflow/example_dags/tutorial.py
[2024-12-01T05:05:42.485+0000] {logging_mixin.py:190} INFO - [2024-12-01T05:05:42.485+0000] {dag.py:3239} INFO - Sync 1 DAGs
[2024-12-01T05:05:42.493+0000] {logging_mixin.py:190} INFO - [2024-12-01T05:05:42.493+0000] {dag.py:4180} INFO - Setting next_dagrun for tutorial to 2024-11-30 00:00:00+00:00, run_after=2024-12-01 00:00:00+00:00
[2024-12-01T05:05:42.504+0000] {processor.py:208} INFO - Processing /home/airflow/.local/lib/python3.12/site-packages/airflow/example_dags/tutorial.py took 0.034 seconds
[2024-12-01T05:06:13.223+0000] {processor.py:186} INFO - Started process (PID=1155) to work on /home/airflow/.local/lib/python3.12/site-packages/airflow/example_dags/tutorial.py
[2024-12-01T05:06:13.224+0000] {processor.py:914} INFO - Processing file /home/airflow/.local/lib/python3.12/site-packages/airflow/example_dags/tutorial.py for tasks to queue
[2024-12-01T05:06:13.224+0000] {logging_mixin.py:190} INFO - [2024-12-01T05:06:13.224+0000] {dagbag.py:588} INFO - Filling up the DagBag from /home/airflow/.local/lib/python3.12/site-packages/airflow/example_dags/tutorial.py
[2024-12-01T05:06:13.228+0000] {processor.py:925} INFO - DAG(s) 'tutorial' retrieved from /home/airflow/.local/lib/python3.12/site-packages/airflow/example_dags/tutorial.py
[2024-12-01T05:06:13.239+0000] {logging_mixin.py:190} INFO - [2024-12-01T05:06:13.239+0000] {dag.py:3239} INFO - Sync 1 DAGs
[2024-12-01T05:06:13.251+0000] {logging_mixin.py:190} INFO - [2024-12-01T05:06:13.251+0000] {dag.py:4180} INFO - Setting next_dagrun for tutorial to 2024-11-30 00:00:00+00:00, run_after=2024-12-01 00:00:00+00:00
[2024-12-01T05:06:13.259+0000] {processor.py:208} INFO - Processing /home/airflow/.local/lib/python3.12/site-packages/airflow/example_dags/tutorial.py took 0.039 seconds
[2024-12-01T05:06:44.132+0000] {processor.py:186} INFO - Started process (PID=1519) to work on /home/airflow/.local/lib/python3.12/site-packages/airflow/example_dags/tutorial.py
[2024-12-01T05:06:44.133+0000] {processor.py:914} INFO - Processing file /home/airflow/.local/lib/python3.12/site-packages/airflow/example_dags/tutorial.py for tasks to queue
[2024-12-01T05:06:44.135+0000] {logging_mixin.py:190} INFO - [2024-12-01T05:06:44.135+0000] {dagbag.py:588} INFO - Filling up the DagBag from /home/airflow/.local/lib/python3.12/site-packages/airflow/example_dags/tutorial.py
[2024-12-01T05:06:44.141+0000] {processor.py:925} INFO - DAG(s) 'tutorial' retrieved from /home/airflow/.local/lib/python3.12/site-packages/airflow/example_dags/tutorial.py
[2024-12-01T05:06:44.153+0000] {logging_mixin.py:190} INFO - [2024-12-01T05:06:44.153+0000] {dag.py:3239} INFO - Sync 1 DAGs
[2024-12-01T05:06:44.164+0000] {logging_mixin.py:190} INFO - [2024-12-01T05:06:44.164+0000] {dag.py:4180} INFO - Setting next_dagrun for tutorial to 2024-11-30 00:00:00+00:00, run_after=2024-12-01 00:00:00+00:00
[2024-12-01T05:06:44.175+0000] {processor.py:208} INFO - Processing /home/airflow/.local/lib/python3.12/site-packages/airflow/example_dags/tutorial.py took 0.046 seconds
[2024-12-01T05:07:14.746+0000] {processor.py:186} INFO - Started process (PID=1897) to work on /home/airflow/.local/lib/python3.12/site-packages/airflow/example_dags/tutorial.py
[2024-12-01T05:07:14.747+0000] {processor.py:914} INFO - Processing file /home/airflow/.local/lib/python3.12/site-packages/airflow/example_dags/tutorial.py for tasks to queue
[2024-12-01T05:07:14.748+0000] {logging_mixin.py:190} INFO - [2024-12-01T05:07:14.748+0000] {dagbag.py:588} INFO - Filling up the DagBag from /home/airflow/.local/lib/python3.12/site-packages/airflow/example_dags/tutorial.py
[2024-12-01T05:07:14.751+0000] {processor.py:925} INFO - DAG(s) 'tutorial' retrieved from /home/airflow/.local/lib/python3.12/site-packages/airflow/example_dags/tutorial.py
[2024-12-01T05:07:14.760+0000] {logging_mixin.py:190} INFO - [2024-12-01T05:07:14.760+0000] {dag.py:3239} INFO - Sync 1 DAGs
[2024-12-01T05:07:14.768+0000] {logging_mixin.py:190} INFO - [2024-12-01T05:07:14.768+0000] {dag.py:4180} INFO - Setting next_dagrun for tutorial to 2024-11-30 00:00:00+00:00, run_after=2024-12-01 00:00:00+00:00
[2024-12-01T05:07:14.774+0000] {processor.py:208} INFO - Processing /home/airflow/.local/lib/python3.12/site-packages/airflow/example_dags/tutorial.py took 0.030 seconds
[2024-12-01T05:07:45.454+0000] {processor.py:186} INFO - Started process (PID=2298) to work on /home/airflow/.local/lib/python3.12/site-packages/airflow/example_dags/tutorial.py
[2024-12-01T05:07:45.455+0000] {processor.py:914} INFO - Processing file /home/airflow/.local/lib/python3.12/site-packages/airflow/example_dags/tutorial.py for tasks to queue
[2024-12-01T05:07:45.455+0000] {logging_mixin.py:190} INFO - [2024-12-01T05:07:45.455+0000] {dagbag.py:588} INFO - Filling up the DagBag from /home/airflow/.local/lib/python3.12/site-packages/airflow/example_dags/tutorial.py
[2024-12-01T05:07:45.460+0000] {processor.py:925} INFO - DAG(s) 'tutorial' retrieved from /home/airflow/.local/lib/python3.12/site-packages/airflow/example_dags/tutorial.py
[2024-12-01T05:07:45.469+0000] {logging_mixin.py:190} INFO - [2024-12-01T05:07:45.469+0000] {dag.py:3239} INFO - Sync 1 DAGs
[2024-12-01T05:07:45.478+0000] {logging_mixin.py:190} INFO - [2024-12-01T05:07:45.478+0000] {dag.py:4180} INFO - Setting next_dagrun for tutorial to 2024-11-30 00:00:00+00:00, run_after=2024-12-01 00:00:00+00:00
[2024-12-01T05:07:45.486+0000] {processor.py:208} INFO - Processing /home/airflow/.local/lib/python3.12/site-packages/airflow/example_dags/tutorial.py took 0.034 seconds
[2024-12-01T05:08:16.087+0000] {processor.py:186} INFO - Started process (PID=2671) to work on /home/airflow/.local/lib/python3.12/site-packages/airflow/example_dags/tutorial.py
[2024-12-01T05:08:16.088+0000] {processor.py:914} INFO - Processing file /home/airflow/.local/lib/python3.12/site-packages/airflow/example_dags/tutorial.py for tasks to queue
[2024-12-01T05:08:16.088+0000] {logging_mixin.py:190} INFO - [2024-12-01T05:08:16.088+0000] {dagbag.py:588} INFO - Filling up the DagBag from /home/airflow/.local/lib/python3.12/site-packages/airflow/example_dags/tutorial.py
[2024-12-01T05:08:16.091+0000] {processor.py:925} INFO - DAG(s) 'tutorial' retrieved from /home/airflow/.local/lib/python3.12/site-packages/airflow/example_dags/tutorial.py
[2024-12-01T05:08:16.098+0000] {logging_mixin.py:190} INFO - [2024-12-01T05:08:16.098+0000] {dag.py:3239} INFO - Sync 1 DAGs
[2024-12-01T05:08:16.105+0000] {logging_mixin.py:190} INFO - [2024-12-01T05:08:16.105+0000] {dag.py:4180} INFO - Setting next_dagrun for tutorial to 2024-11-30 00:00:00+00:00, run_after=2024-12-01 00:00:00+00:00
[2024-12-01T05:08:16.110+0000] {processor.py:208} INFO - Processing /home/airflow/.local/lib/python3.12/site-packages/airflow/example_dags/tutorial.py took 0.025 seconds
[2024-12-01T05:08:46.670+0000] {processor.py:186} INFO - Started process (PID=3044) to work on /home/airflow/.local/lib/python3.12/site-packages/airflow/example_dags/tutorial.py
[2024-12-01T05:08:46.671+0000] {processor.py:914} INFO - Processing file /home/airflow/.local/lib/python3.12/site-packages/airflow/example_dags/tutorial.py for tasks to queue
[2024-12-01T05:08:46.671+0000] {logging_mixin.py:190} INFO - [2024-12-01T05:08:46.671+0000] {dagbag.py:588} INFO - Filling up the DagBag from /home/airflow/.local/lib/python3.12/site-packages/airflow/example_dags/tutorial.py
[2024-12-01T05:08:46.677+0000] {processor.py:925} INFO - DAG(s) 'tutorial' retrieved from /home/airflow/.local/lib/python3.12/site-packages/airflow/example_dags/tutorial.py
[2024-12-01T05:08:46.689+0000] {logging_mixin.py:190} INFO - [2024-12-01T05:08:46.689+0000] {dag.py:3239} INFO - Sync 1 DAGs
[2024-12-01T05:08:46.701+0000] {logging_mixin.py:190} INFO - [2024-12-01T05:08:46.701+0000] {dag.py:4180} INFO - Setting next_dagrun for tutorial to 2024-11-30 00:00:00+00:00, run_after=2024-12-01 00:00:00+00:00
[2024-12-01T05:08:46.708+0000] {processor.py:208} INFO - Processing /home/airflow/.local/lib/python3.12/site-packages/airflow/example_dags/tutorial.py took 0.043 seconds
[2024-12-01T05:09:17.603+0000] {processor.py:186} INFO - Started process (PID=3418) to work on /home/airflow/.local/lib/python3.12/site-packages/airflow/example_dags/tutorial.py
[2024-12-01T05:09:17.604+0000] {processor.py:914} INFO - Processing file /home/airflow/.local/lib/python3.12/site-packages/airflow/example_dags/tutorial.py for tasks to queue
[2024-12-01T05:09:17.605+0000] {logging_mixin.py:190} INFO - [2024-12-01T05:09:17.605+0000] {dagbag.py:588} INFO - Filling up the DagBag from /home/airflow/.local/lib/python3.12/site-packages/airflow/example_dags/tutorial.py
[2024-12-01T05:09:17.609+0000] {processor.py:925} INFO - DAG(s) 'tutorial' retrieved from /home/airflow/.local/lib/python3.12/site-packages/airflow/example_dags/tutorial.py
[2024-12-01T05:09:17.618+0000] {logging_mixin.py:190} INFO - [2024-12-01T05:09:17.618+0000] {dag.py:3239} INFO - Sync 1 DAGs
[2024-12-01T05:09:17.628+0000] {logging_mixin.py:190} INFO - [2024-12-01T05:09:17.628+0000] {dag.py:4180} INFO - Setting next_dagrun for tutorial to 2024-11-30 00:00:00+00:00, run_after=2024-12-01 00:00:00+00:00
[2024-12-01T05:09:17.636+0000] {processor.py:208} INFO - Processing /home/airflow/.local/lib/python3.12/site-packages/airflow/example_dags/tutorial.py took 0.035 seconds
[2024-12-01T05:09:48.216+0000] {processor.py:186} INFO - Started process (PID=3785) to work on /home/airflow/.local/lib/python3.12/site-packages/airflow/example_dags/tutorial.py
[2024-12-01T05:09:48.216+0000] {processor.py:914} INFO - Processing file /home/airflow/.local/lib/python3.12/site-packages/airflow/example_dags/tutorial.py for tasks to queue
[2024-12-01T05:09:48.217+0000] {logging_mixin.py:190} INFO - [2024-12-01T05:09:48.217+0000] {dagbag.py:588} INFO - Filling up the DagBag from /home/airflow/.local/lib/python3.12/site-packages/airflow/example_dags/tutorial.py
[2024-12-01T05:09:48.221+0000] {processor.py:925} INFO - DAG(s) 'tutorial' retrieved from /home/airflow/.local/lib/python3.12/site-packages/airflow/example_dags/tutorial.py
[2024-12-01T05:09:48.230+0000] {logging_mixin.py:190} INFO - [2024-12-01T05:09:48.230+0000] {dag.py:3239} INFO - Sync 1 DAGs
[2024-12-01T05:09:48.239+0000] {logging_mixin.py:190} INFO - [2024-12-01T05:09:48.239+0000] {dag.py:4180} INFO - Setting next_dagrun for tutorial to 2024-11-30 00:00:00+00:00, run_after=2024-12-01 00:00:00+00:00
[2024-12-01T05:09:48.246+0000] {processor.py:208} INFO - Processing /home/airflow/.local/lib/python3.12/site-packages/airflow/example_dags/tutorial.py took 0.033 seconds
[2024-12-01T05:10:19.078+0000] {processor.py:186} INFO - Started process (PID=4204) to work on /home/airflow/.local/lib/python3.12/site-packages/airflow/example_dags/tutorial.py
[2024-12-01T05:10:19.078+0000] {processor.py:914} INFO - Processing file /home/airflow/.local/lib/python3.12/site-packages/airflow/example_dags/tutorial.py for tasks to queue
[2024-12-01T05:10:19.079+0000] {logging_mixin.py:190} INFO - [2024-12-01T05:10:19.079+0000] {dagbag.py:588} INFO - Filling up the DagBag from /home/airflow/.local/lib/python3.12/site-packages/airflow/example_dags/tutorial.py
[2024-12-01T05:10:19.083+0000] {processor.py:925} INFO - DAG(s) 'tutorial' retrieved from /home/airflow/.local/lib/python3.12/site-packages/airflow/example_dags/tutorial.py
[2024-12-01T05:10:19.091+0000] {logging_mixin.py:190} INFO - [2024-12-01T05:10:19.091+0000] {dag.py:3239} INFO - Sync 1 DAGs
[2024-12-01T05:10:19.100+0000] {logging_mixin.py:190} INFO - [2024-12-01T05:10:19.099+0000] {dag.py:4180} INFO - Setting next_dagrun for tutorial to 2024-11-30 00:00:00+00:00, run_after=2024-12-01 00:00:00+00:00
[2024-12-01T05:10:19.105+0000] {processor.py:208} INFO - Processing /home/airflow/.local/lib/python3.12/site-packages/airflow/example_dags/tutorial.py took 0.030 seconds
[2024-12-01T05:10:49.771+0000] {processor.py:186} INFO - Started process (PID=4594) to work on /home/airflow/.local/lib/python3.12/site-packages/airflow/example_dags/tutorial.py
[2024-12-01T05:10:49.772+0000] {processor.py:914} INFO - Processing file /home/airflow/.local/lib/python3.12/site-packages/airflow/example_dags/tutorial.py for tasks to queue
[2024-12-01T05:10:49.773+0000] {logging_mixin.py:190} INFO - [2024-12-01T05:10:49.773+0000] {dagbag.py:588} INFO - Filling up the DagBag from /home/airflow/.local/lib/python3.12/site-packages/airflow/example_dags/tutorial.py
[2024-12-01T05:10:49.776+0000] {processor.py:925} INFO - DAG(s) 'tutorial' retrieved from /home/airflow/.local/lib/python3.12/site-packages/airflow/example_dags/tutorial.py
[2024-12-01T05:10:49.785+0000] {logging_mixin.py:190} INFO - [2024-12-01T05:10:49.785+0000] {dag.py:3239} INFO - Sync 1 DAGs
[2024-12-01T05:10:49.795+0000] {logging_mixin.py:190} INFO - [2024-12-01T05:10:49.795+0000] {dag.py:4180} INFO - Setting next_dagrun for tutorial to 2024-11-30 00:00:00+00:00, run_after=2024-12-01 00:00:00+00:00
[2024-12-01T05:10:49.802+0000] {processor.py:208} INFO - Processing /home/airflow/.local/lib/python3.12/site-packages/airflow/example_dags/tutorial.py took 0.033 seconds
[2024-12-01T05:11:20.364+0000] {processor.py:186} INFO - Started process (PID=4958) to work on /home/airflow/.local/lib/python3.12/site-packages/airflow/example_dags/tutorial.py
[2024-12-01T05:11:20.365+0000] {processor.py:914} INFO - Processing file /home/airflow/.local/lib/python3.12/site-packages/airflow/example_dags/tutorial.py for tasks to queue
[2024-12-01T05:11:20.365+0000] {logging_mixin.py:190} INFO - [2024-12-01T05:11:20.365+0000] {dagbag.py:588} INFO - Filling up the DagBag from /home/airflow/.local/lib/python3.12/site-packages/airflow/example_dags/tutorial.py
[2024-12-01T05:11:20.369+0000] {processor.py:925} INFO - DAG(s) 'tutorial' retrieved from /home/airflow/.local/lib/python3.12/site-packages/airflow/example_dags/tutorial.py
[2024-12-01T05:11:20.377+0000] {logging_mixin.py:190} INFO - [2024-12-01T05:11:20.377+0000] {dag.py:3239} INFO - Sync 1 DAGs
[2024-12-01T05:11:20.386+0000] {logging_mixin.py:190} INFO - [2024-12-01T05:11:20.386+0000] {dag.py:4180} INFO - Setting next_dagrun for tutorial to 2024-11-30 00:00:00+00:00, run_after=2024-12-01 00:00:00+00:00
[2024-12-01T05:11:20.392+0000] {processor.py:208} INFO - Processing /home/airflow/.local/lib/python3.12/site-packages/airflow/example_dags/tutorial.py took 0.031 seconds
[2024-12-01T05:11:50.724+0000] {processor.py:186} INFO - Started process (PID=5324) to work on /home/airflow/.local/lib/python3.12/site-packages/airflow/example_dags/tutorial.py
[2024-12-01T05:11:50.724+0000] {processor.py:914} INFO - Processing file /home/airflow/.local/lib/python3.12/site-packages/airflow/example_dags/tutorial.py for tasks to queue
[2024-12-01T05:11:50.725+0000] {logging_mixin.py:190} INFO - [2024-12-01T05:11:50.725+0000] {dagbag.py:588} INFO - Filling up the DagBag from /home/airflow/.local/lib/python3.12/site-packages/airflow/example_dags/tutorial.py
[2024-12-01T05:11:50.729+0000] {processor.py:925} INFO - DAG(s) 'tutorial' retrieved from /home/airflow/.local/lib/python3.12/site-packages/airflow/example_dags/tutorial.py
[2024-12-01T05:11:50.737+0000] {logging_mixin.py:190} INFO - [2024-12-01T05:11:50.737+0000] {dag.py:3239} INFO - Sync 1 DAGs
[2024-12-01T05:11:50.746+0000] {logging_mixin.py:190} INFO - [2024-12-01T05:11:50.746+0000] {dag.py:4180} INFO - Setting next_dagrun for tutorial to 2024-11-30 00:00:00+00:00, run_after=2024-12-01 00:00:00+00:00
[2024-12-01T05:11:50.755+0000] {processor.py:208} INFO - Processing /home/airflow/.local/lib/python3.12/site-packages/airflow/example_dags/tutorial.py took 0.033 seconds
[2024-12-01T05:12:21.202+0000] {processor.py:186} INFO - Started process (PID=5690) to work on /home/airflow/.local/lib/python3.12/site-packages/airflow/example_dags/tutorial.py
[2024-12-01T05:12:21.202+0000] {processor.py:914} INFO - Processing file /home/airflow/.local/lib/python3.12/site-packages/airflow/example_dags/tutorial.py for tasks to queue
[2024-12-01T05:12:21.203+0000] {logging_mixin.py:190} INFO - [2024-12-01T05:12:21.203+0000] {dagbag.py:588} INFO - Filling up the DagBag from /home/airflow/.local/lib/python3.12/site-packages/airflow/example_dags/tutorial.py
[2024-12-01T05:12:21.207+0000] {processor.py:925} INFO - DAG(s) 'tutorial' retrieved from /home/airflow/.local/lib/python3.12/site-packages/airflow/example_dags/tutorial.py
[2024-12-01T05:12:21.214+0000] {logging_mixin.py:190} INFO - [2024-12-01T05:12:21.214+0000] {dag.py:3239} INFO - Sync 1 DAGs
[2024-12-01T05:12:21.223+0000] {logging_mixin.py:190} INFO - [2024-12-01T05:12:21.223+0000] {dag.py:4180} INFO - Setting next_dagrun for tutorial to 2024-11-30 00:00:00+00:00, run_after=2024-12-01 00:00:00+00:00
[2024-12-01T05:12:21.230+0000] {processor.py:208} INFO - Processing /home/airflow/.local/lib/python3.12/site-packages/airflow/example_dags/tutorial.py took 0.031 seconds
[2024-12-01T05:12:51.968+0000] {processor.py:186} INFO - Started process (PID=6058) to work on /home/airflow/.local/lib/python3.12/site-packages/airflow/example_dags/tutorial.py
[2024-12-01T05:12:51.969+0000] {processor.py:914} INFO - Processing file /home/airflow/.local/lib/python3.12/site-packages/airflow/example_dags/tutorial.py for tasks to queue
[2024-12-01T05:12:51.969+0000] {logging_mixin.py:190} INFO - [2024-12-01T05:12:51.969+0000] {dagbag.py:588} INFO - Filling up the DagBag from /home/airflow/.local/lib/python3.12/site-packages/airflow/example_dags/tutorial.py
[2024-12-01T05:12:51.973+0000] {processor.py:925} INFO - DAG(s) 'tutorial' retrieved from /home/airflow/.local/lib/python3.12/site-packages/airflow/example_dags/tutorial.py
[2024-12-01T05:12:51.981+0000] {logging_mixin.py:190} INFO - [2024-12-01T05:12:51.981+0000] {dag.py:3239} INFO - Sync 1 DAGs
[2024-12-01T05:12:51.990+0000] {logging_mixin.py:190} INFO - [2024-12-01T05:12:51.990+0000] {dag.py:4180} INFO - Setting next_dagrun for tutorial to 2024-11-30 00:00:00+00:00, run_after=2024-12-01 00:00:00+00:00
[2024-12-01T05:12:51.999+0000] {processor.py:208} INFO - Processing /home/airflow/.local/lib/python3.12/site-packages/airflow/example_dags/tutorial.py took 0.033 seconds
[2024-12-01T05:13:22.492+0000] {processor.py:186} INFO - Started process (PID=6422) to work on /home/airflow/.local/lib/python3.12/site-packages/airflow/example_dags/tutorial.py
[2024-12-01T05:13:22.493+0000] {processor.py:914} INFO - Processing file /home/airflow/.local/lib/python3.12/site-packages/airflow/example_dags/tutorial.py for tasks to queue
[2024-12-01T05:13:22.493+0000] {logging_mixin.py:190} INFO - [2024-12-01T05:13:22.493+0000] {dagbag.py:588} INFO - Filling up the DagBag from /home/airflow/.local/lib/python3.12/site-packages/airflow/example_dags/tutorial.py
[2024-12-01T05:13:22.497+0000] {processor.py:925} INFO - DAG(s) 'tutorial' retrieved from /home/airflow/.local/lib/python3.12/site-packages/airflow/example_dags/tutorial.py
[2024-12-01T05:13:22.505+0000] {logging_mixin.py:190} INFO - [2024-12-01T05:13:22.505+0000] {dag.py:3239} INFO - Sync 1 DAGs
[2024-12-01T05:13:22.513+0000] {logging_mixin.py:190} INFO - [2024-12-01T05:13:22.513+0000] {dag.py:4180} INFO - Setting next_dagrun for tutorial to 2024-11-30 00:00:00+00:00, run_after=2024-12-01 00:00:00+00:00
[2024-12-01T05:13:22.518+0000] {processor.py:208} INFO - Processing /home/airflow/.local/lib/python3.12/site-packages/airflow/example_dags/tutorial.py took 0.028 seconds
[2024-12-01T05:13:53.122+0000] {processor.py:186} INFO - Started process (PID=6788) to work on /home/airflow/.local/lib/python3.12/site-packages/airflow/example_dags/tutorial.py
[2024-12-01T05:13:53.122+0000] {processor.py:914} INFO - Processing file /home/airflow/.local/lib/python3.12/site-packages/airflow/example_dags/tutorial.py for tasks to queue
[2024-12-01T05:13:53.123+0000] {logging_mixin.py:190} INFO - [2024-12-01T05:13:53.123+0000] {dagbag.py:588} INFO - Filling up the DagBag from /home/airflow/.local/lib/python3.12/site-packages/airflow/example_dags/tutorial.py
[2024-12-01T05:13:53.127+0000] {processor.py:925} INFO - DAG(s) 'tutorial' retrieved from /home/airflow/.local/lib/python3.12/site-packages/airflow/example_dags/tutorial.py
[2024-12-01T05:13:53.137+0000] {logging_mixin.py:190} INFO - [2024-12-01T05:13:53.137+0000] {dag.py:3239} INFO - Sync 1 DAGs
[2024-12-01T05:13:53.148+0000] {logging_mixin.py:190} INFO - [2024-12-01T05:13:53.148+0000] {dag.py:4180} INFO - Setting next_dagrun for tutorial to 2024-11-30 00:00:00+00:00, run_after=2024-12-01 00:00:00+00:00
[2024-12-01T05:13:53.155+0000] {processor.py:208} INFO - Processing /home/airflow/.local/lib/python3.12/site-packages/airflow/example_dags/tutorial.py took 0.036 seconds
[2024-12-01T05:14:23.886+0000] {processor.py:186} INFO - Started process (PID=7156) to work on /home/airflow/.local/lib/python3.12/site-packages/airflow/example_dags/tutorial.py
[2024-12-01T05:14:23.887+0000] {processor.py:914} INFO - Processing file /home/airflow/.local/lib/python3.12/site-packages/airflow/example_dags/tutorial.py for tasks to queue
[2024-12-01T05:14:23.887+0000] {logging_mixin.py:190} INFO - [2024-12-01T05:14:23.887+0000] {dagbag.py:588} INFO - Filling up the DagBag from /home/airflow/.local/lib/python3.12/site-packages/airflow/example_dags/tutorial.py
[2024-12-01T05:14:23.891+0000] {processor.py:925} INFO - DAG(s) 'tutorial' retrieved from /home/airflow/.local/lib/python3.12/site-packages/airflow/example_dags/tutorial.py
[2024-12-01T05:14:23.898+0000] {logging_mixin.py:190} INFO - [2024-12-01T05:14:23.898+0000] {dag.py:3239} INFO - Sync 1 DAGs
[2024-12-01T05:14:23.906+0000] {logging_mixin.py:190} INFO - [2024-12-01T05:14:23.906+0000] {dag.py:4180} INFO - Setting next_dagrun for tutorial to 2024-11-30 00:00:00+00:00, run_after=2024-12-01 00:00:00+00:00
[2024-12-01T05:14:23.913+0000] {processor.py:208} INFO - Processing /home/airflow/.local/lib/python3.12/site-packages/airflow/example_dags/tutorial.py took 0.029 seconds
[2024-12-01T05:14:54.451+0000] {processor.py:186} INFO - Started process (PID=7520) to work on /home/airflow/.local/lib/python3.12/site-packages/airflow/example_dags/tutorial.py
[2024-12-01T05:14:54.452+0000] {processor.py:914} INFO - Processing file /home/airflow/.local/lib/python3.12/site-packages/airflow/example_dags/tutorial.py for tasks to queue
[2024-12-01T05:14:54.453+0000] {logging_mixin.py:190} INFO - [2024-12-01T05:14:54.452+0000] {dagbag.py:588} INFO - Filling up the DagBag from /home/airflow/.local/lib/python3.12/site-packages/airflow/example_dags/tutorial.py
[2024-12-01T05:14:54.457+0000] {processor.py:925} INFO - DAG(s) 'tutorial' retrieved from /home/airflow/.local/lib/python3.12/site-packages/airflow/example_dags/tutorial.py
[2024-12-01T05:14:54.466+0000] {logging_mixin.py:190} INFO - [2024-12-01T05:14:54.465+0000] {dag.py:3239} INFO - Sync 1 DAGs
[2024-12-01T05:14:54.475+0000] {logging_mixin.py:190} INFO - [2024-12-01T05:14:54.475+0000] {dag.py:4180} INFO - Setting next_dagrun for tutorial to 2024-11-30 00:00:00+00:00, run_after=2024-12-01 00:00:00+00:00
[2024-12-01T05:14:54.487+0000] {processor.py:208} INFO - Processing /home/airflow/.local/lib/python3.12/site-packages/airflow/example_dags/tutorial.py took 0.038 seconds
[2024-12-01T05:15:25.285+0000] {processor.py:186} INFO - Started process (PID=7886) to work on /home/airflow/.local/lib/python3.12/site-packages/airflow/example_dags/tutorial.py
[2024-12-01T05:15:25.286+0000] {processor.py:914} INFO - Processing file /home/airflow/.local/lib/python3.12/site-packages/airflow/example_dags/tutorial.py for tasks to queue
[2024-12-01T05:15:25.286+0000] {logging_mixin.py:190} INFO - [2024-12-01T05:15:25.286+0000] {dagbag.py:588} INFO - Filling up the DagBag from /home/airflow/.local/lib/python3.12/site-packages/airflow/example_dags/tutorial.py
[2024-12-01T05:15:25.290+0000] {processor.py:925} INFO - DAG(s) 'tutorial' retrieved from /home/airflow/.local/lib/python3.12/site-packages/airflow/example_dags/tutorial.py
[2024-12-01T05:15:25.299+0000] {logging_mixin.py:190} INFO - [2024-12-01T05:15:25.299+0000] {dag.py:3239} INFO - Sync 1 DAGs
[2024-12-01T05:15:25.308+0000] {logging_mixin.py:190} INFO - [2024-12-01T05:15:25.307+0000] {dag.py:4180} INFO - Setting next_dagrun for tutorial to 2024-11-30 00:00:00+00:00, run_after=2024-12-01 00:00:00+00:00
[2024-12-01T05:15:25.313+0000] {processor.py:208} INFO - Processing /home/airflow/.local/lib/python3.12/site-packages/airflow/example_dags/tutorial.py took 0.031 seconds
[2024-12-01T05:15:55.821+0000] {processor.py:186} INFO - Started process (PID=8247) to work on /home/airflow/.local/lib/python3.12/site-packages/airflow/example_dags/tutorial.py
[2024-12-01T05:15:55.822+0000] {processor.py:914} INFO - Processing file /home/airflow/.local/lib/python3.12/site-packages/airflow/example_dags/tutorial.py for tasks to queue
[2024-12-01T05:15:55.822+0000] {logging_mixin.py:190} INFO - [2024-12-01T05:15:55.822+0000] {dagbag.py:588} INFO - Filling up the DagBag from /home/airflow/.local/lib/python3.12/site-packages/airflow/example_dags/tutorial.py
[2024-12-01T05:15:55.826+0000] {processor.py:925} INFO - DAG(s) 'tutorial' retrieved from /home/airflow/.local/lib/python3.12/site-packages/airflow/example_dags/tutorial.py
[2024-12-01T05:15:55.834+0000] {logging_mixin.py:190} INFO - [2024-12-01T05:15:55.834+0000] {dag.py:3239} INFO - Sync 1 DAGs
[2024-12-01T05:15:55.843+0000] {logging_mixin.py:190} INFO - [2024-12-01T05:15:55.843+0000] {dag.py:4180} INFO - Setting next_dagrun for tutorial to 2024-11-30 00:00:00+00:00, run_after=2024-12-01 00:00:00+00:00
[2024-12-01T05:15:55.849+0000] {processor.py:208} INFO - Processing /home/airflow/.local/lib/python3.12/site-packages/airflow/example_dags/tutorial.py took 0.030 seconds
[2024-12-01T05:16:26.189+0000] {processor.py:186} INFO - Started process (PID=8608) to work on /home/airflow/.local/lib/python3.12/site-packages/airflow/example_dags/tutorial.py
[2024-12-01T05:16:26.190+0000] {processor.py:914} INFO - Processing file /home/airflow/.local/lib/python3.12/site-packages/airflow/example_dags/tutorial.py for tasks to queue
[2024-12-01T05:16:26.191+0000] {logging_mixin.py:190} INFO - [2024-12-01T05:16:26.191+0000] {dagbag.py:588} INFO - Filling up the DagBag from /home/airflow/.local/lib/python3.12/site-packages/airflow/example_dags/tutorial.py
[2024-12-01T05:16:26.195+0000] {processor.py:925} INFO - DAG(s) 'tutorial' retrieved from /home/airflow/.local/lib/python3.12/site-packages/airflow/example_dags/tutorial.py
[2024-12-01T05:16:26.204+0000] {logging_mixin.py:190} INFO - [2024-12-01T05:16:26.204+0000] {dag.py:3239} INFO - Sync 1 DAGs
[2024-12-01T05:16:26.215+0000] {logging_mixin.py:190} INFO - [2024-12-01T05:16:26.215+0000] {dag.py:4180} INFO - Setting next_dagrun for tutorial to 2024-11-30 00:00:00+00:00, run_after=2024-12-01 00:00:00+00:00
[2024-12-01T05:16:26.221+0000] {processor.py:208} INFO - Processing /home/airflow/.local/lib/python3.12/site-packages/airflow/example_dags/tutorial.py took 0.035 seconds
[2024-12-01T05:16:56.637+0000] {processor.py:186} INFO - Started process (PID=8974) to work on /home/airflow/.local/lib/python3.12/site-packages/airflow/example_dags/tutorial.py
[2024-12-01T05:16:56.637+0000] {processor.py:914} INFO - Processing file /home/airflow/.local/lib/python3.12/site-packages/airflow/example_dags/tutorial.py for tasks to queue
[2024-12-01T05:16:56.639+0000] {logging_mixin.py:190} INFO - [2024-12-01T05:16:56.639+0000] {dagbag.py:588} INFO - Filling up the DagBag from /home/airflow/.local/lib/python3.12/site-packages/airflow/example_dags/tutorial.py
[2024-12-01T05:16:56.643+0000] {processor.py:925} INFO - DAG(s) 'tutorial' retrieved from /home/airflow/.local/lib/python3.12/site-packages/airflow/example_dags/tutorial.py
[2024-12-01T05:16:56.653+0000] {logging_mixin.py:190} INFO - [2024-12-01T05:16:56.653+0000] {dag.py:3239} INFO - Sync 1 DAGs
[2024-12-01T05:16:56.661+0000] {logging_mixin.py:190} INFO - [2024-12-01T05:16:56.661+0000] {dag.py:4180} INFO - Setting next_dagrun for tutorial to 2024-11-30 00:00:00+00:00, run_after=2024-12-01 00:00:00+00:00
[2024-12-01T05:16:56.669+0000] {processor.py:208} INFO - Processing /home/airflow/.local/lib/python3.12/site-packages/airflow/example_dags/tutorial.py took 0.035 seconds
[2024-12-01T05:17:27.170+0000] {processor.py:186} INFO - Started process (PID=9340) to work on /home/airflow/.local/lib/python3.12/site-packages/airflow/example_dags/tutorial.py
[2024-12-01T05:17:27.171+0000] {processor.py:914} INFO - Processing file /home/airflow/.local/lib/python3.12/site-packages/airflow/example_dags/tutorial.py for tasks to queue
[2024-12-01T05:17:27.171+0000] {logging_mixin.py:190} INFO - [2024-12-01T05:17:27.171+0000] {dagbag.py:588} INFO - Filling up the DagBag from /home/airflow/.local/lib/python3.12/site-packages/airflow/example_dags/tutorial.py
[2024-12-01T05:17:27.176+0000] {processor.py:925} INFO - DAG(s) 'tutorial' retrieved from /home/airflow/.local/lib/python3.12/site-packages/airflow/example_dags/tutorial.py
[2024-12-01T05:17:27.185+0000] {logging_mixin.py:190} INFO - [2024-12-01T05:17:27.185+0000] {dag.py:3239} INFO - Sync 1 DAGs
[2024-12-01T05:17:27.195+0000] {logging_mixin.py:190} INFO - [2024-12-01T05:17:27.195+0000] {dag.py:4180} INFO - Setting next_dagrun for tutorial to 2024-11-30 00:00:00+00:00, run_after=2024-12-01 00:00:00+00:00
[2024-12-01T05:17:27.201+0000] {processor.py:208} INFO - Processing /home/airflow/.local/lib/python3.12/site-packages/airflow/example_dags/tutorial.py took 0.034 seconds
[2024-12-01T05:17:57.845+0000] {processor.py:186} INFO - Started process (PID=9711) to work on /home/airflow/.local/lib/python3.12/site-packages/airflow/example_dags/tutorial.py
[2024-12-01T05:17:57.846+0000] {processor.py:914} INFO - Processing file /home/airflow/.local/lib/python3.12/site-packages/airflow/example_dags/tutorial.py for tasks to queue
[2024-12-01T05:17:57.846+0000] {logging_mixin.py:190} INFO - [2024-12-01T05:17:57.846+0000] {dagbag.py:588} INFO - Filling up the DagBag from /home/airflow/.local/lib/python3.12/site-packages/airflow/example_dags/tutorial.py
[2024-12-01T05:17:57.851+0000] {processor.py:925} INFO - DAG(s) 'tutorial' retrieved from /home/airflow/.local/lib/python3.12/site-packages/airflow/example_dags/tutorial.py
[2024-12-01T05:17:57.859+0000] {logging_mixin.py:190} INFO - [2024-12-01T05:17:57.859+0000] {dag.py:3239} INFO - Sync 1 DAGs
[2024-12-01T05:17:57.871+0000] {logging_mixin.py:190} INFO - [2024-12-01T05:17:57.871+0000] {dag.py:4180} INFO - Setting next_dagrun for tutorial to 2024-11-30 00:00:00+00:00, run_after=2024-12-01 00:00:00+00:00
[2024-12-01T05:17:57.877+0000] {processor.py:208} INFO - Processing /home/airflow/.local/lib/python3.12/site-packages/airflow/example_dags/tutorial.py took 0.034 seconds
[2024-12-01T05:18:28.662+0000] {processor.py:186} INFO - Started process (PID=10082) to work on /home/airflow/.local/lib/python3.12/site-packages/airflow/example_dags/tutorial.py
[2024-12-01T05:18:28.662+0000] {processor.py:914} INFO - Processing file /home/airflow/.local/lib/python3.12/site-packages/airflow/example_dags/tutorial.py for tasks to queue
[2024-12-01T05:18:28.663+0000] {logging_mixin.py:190} INFO - [2024-12-01T05:18:28.663+0000] {dagbag.py:588} INFO - Filling up the DagBag from /home/airflow/.local/lib/python3.12/site-packages/airflow/example_dags/tutorial.py
[2024-12-01T05:18:28.666+0000] {processor.py:925} INFO - DAG(s) 'tutorial' retrieved from /home/airflow/.local/lib/python3.12/site-packages/airflow/example_dags/tutorial.py
[2024-12-01T05:18:28.674+0000] {logging_mixin.py:190} INFO - [2024-12-01T05:18:28.674+0000] {dag.py:3239} INFO - Sync 1 DAGs
[2024-12-01T05:18:28.682+0000] {logging_mixin.py:190} INFO - [2024-12-01T05:18:28.682+0000] {dag.py:4180} INFO - Setting next_dagrun for tutorial to 2024-11-30 00:00:00+00:00, run_after=2024-12-01 00:00:00+00:00
[2024-12-01T05:18:28.688+0000] {processor.py:208} INFO - Processing /home/airflow/.local/lib/python3.12/site-packages/airflow/example_dags/tutorial.py took 0.028 seconds
[2024-12-01T05:18:59.550+0000] {processor.py:186} INFO - Started process (PID=10463) to work on /home/airflow/.local/lib/python3.12/site-packages/airflow/example_dags/tutorial.py
[2024-12-01T05:18:59.550+0000] {processor.py:914} INFO - Processing file /home/airflow/.local/lib/python3.12/site-packages/airflow/example_dags/tutorial.py for tasks to queue
[2024-12-01T05:18:59.551+0000] {logging_mixin.py:190} INFO - [2024-12-01T05:18:59.551+0000] {dagbag.py:588} INFO - Filling up the DagBag from /home/airflow/.local/lib/python3.12/site-packages/airflow/example_dags/tutorial.py
[2024-12-01T05:18:59.557+0000] {processor.py:925} INFO - DAG(s) 'tutorial' retrieved from /home/airflow/.local/lib/python3.12/site-packages/airflow/example_dags/tutorial.py
[2024-12-01T05:18:59.567+0000] {logging_mixin.py:190} INFO - [2024-12-01T05:18:59.567+0000] {dag.py:3239} INFO - Sync 1 DAGs
[2024-12-01T05:18:59.576+0000] {logging_mixin.py:190} INFO - [2024-12-01T05:18:59.576+0000] {dag.py:4180} INFO - Setting next_dagrun for tutorial to 2024-11-30 00:00:00+00:00, run_after=2024-12-01 00:00:00+00:00
[2024-12-01T05:18:59.583+0000] {processor.py:208} INFO - Processing /home/airflow/.local/lib/python3.12/site-packages/airflow/example_dags/tutorial.py took 0.035 seconds
[2024-12-01T05:19:30.376+0000] {processor.py:186} INFO - Started process (PID=10829) to work on /home/airflow/.local/lib/python3.12/site-packages/airflow/example_dags/tutorial.py
[2024-12-01T05:19:30.376+0000] {processor.py:914} INFO - Processing file /home/airflow/.local/lib/python3.12/site-packages/airflow/example_dags/tutorial.py for tasks to queue
[2024-12-01T05:19:30.377+0000] {logging_mixin.py:190} INFO - [2024-12-01T05:19:30.377+0000] {dagbag.py:588} INFO - Filling up the DagBag from /home/airflow/.local/lib/python3.12/site-packages/airflow/example_dags/tutorial.py
[2024-12-01T05:19:30.382+0000] {processor.py:925} INFO - DAG(s) 'tutorial' retrieved from /home/airflow/.local/lib/python3.12/site-packages/airflow/example_dags/tutorial.py
[2024-12-01T05:19:30.392+0000] {logging_mixin.py:190} INFO - [2024-12-01T05:19:30.392+0000] {dag.py:3239} INFO - Sync 1 DAGs
[2024-12-01T05:19:30.401+0000] {logging_mixin.py:190} INFO - [2024-12-01T05:19:30.401+0000] {dag.py:4180} INFO - Setting next_dagrun for tutorial to 2024-11-30 00:00:00+00:00, run_after=2024-12-01 00:00:00+00:00
[2024-12-01T05:19:30.407+0000] {processor.py:208} INFO - Processing /home/airflow/.local/lib/python3.12/site-packages/airflow/example_dags/tutorial.py took 0.034 seconds
[2024-12-01T05:20:01.232+0000] {processor.py:186} INFO - Started process (PID=11197) to work on /home/airflow/.local/lib/python3.12/site-packages/airflow/example_dags/tutorial.py
[2024-12-01T05:20:01.233+0000] {processor.py:914} INFO - Processing file /home/airflow/.local/lib/python3.12/site-packages/airflow/example_dags/tutorial.py for tasks to queue
[2024-12-01T05:20:01.233+0000] {logging_mixin.py:190} INFO - [2024-12-01T05:20:01.233+0000] {dagbag.py:588} INFO - Filling up the DagBag from /home/airflow/.local/lib/python3.12/site-packages/airflow/example_dags/tutorial.py
[2024-12-01T05:20:01.237+0000] {processor.py:925} INFO - DAG(s) 'tutorial' retrieved from /home/airflow/.local/lib/python3.12/site-packages/airflow/example_dags/tutorial.py
[2024-12-01T05:20:01.245+0000] {logging_mixin.py:190} INFO - [2024-12-01T05:20:01.245+0000] {dag.py:3239} INFO - Sync 1 DAGs
[2024-12-01T05:20:01.253+0000] {logging_mixin.py:190} INFO - [2024-12-01T05:20:01.253+0000] {dag.py:4180} INFO - Setting next_dagrun for tutorial to 2024-11-30 00:00:00+00:00, run_after=2024-12-01 00:00:00+00:00
[2024-12-01T05:20:01.258+0000] {processor.py:208} INFO - Processing /home/airflow/.local/lib/python3.12/site-packages/airflow/example_dags/tutorial.py took 0.028 seconds
[2024-12-01T05:20:32.057+0000] {processor.py:186} INFO - Started process (PID=11581) to work on /home/airflow/.local/lib/python3.12/site-packages/airflow/example_dags/tutorial.py
[2024-12-01T05:20:32.058+0000] {processor.py:914} INFO - Processing file /home/airflow/.local/lib/python3.12/site-packages/airflow/example_dags/tutorial.py for tasks to queue
[2024-12-01T05:20:32.058+0000] {logging_mixin.py:190} INFO - [2024-12-01T05:20:32.058+0000] {dagbag.py:588} INFO - Filling up the DagBag from /home/airflow/.local/lib/python3.12/site-packages/airflow/example_dags/tutorial.py
[2024-12-01T05:20:32.062+0000] {processor.py:925} INFO - DAG(s) 'tutorial' retrieved from /home/airflow/.local/lib/python3.12/site-packages/airflow/example_dags/tutorial.py
[2024-12-01T05:20:32.073+0000] {logging_mixin.py:190} INFO - [2024-12-01T05:20:32.072+0000] {dag.py:3239} INFO - Sync 1 DAGs
[2024-12-01T05:20:32.083+0000] {logging_mixin.py:190} INFO - [2024-12-01T05:20:32.083+0000] {dag.py:4180} INFO - Setting next_dagrun for tutorial to 2024-11-30 00:00:00+00:00, run_after=2024-12-01 00:00:00+00:00
[2024-12-01T05:20:32.092+0000] {processor.py:208} INFO - Processing /home/airflow/.local/lib/python3.12/site-packages/airflow/example_dags/tutorial.py took 0.037 seconds
[2024-12-01T05:21:02.834+0000] {processor.py:186} INFO - Started process (PID=11953) to work on /home/airflow/.local/lib/python3.12/site-packages/airflow/example_dags/tutorial.py
[2024-12-01T05:21:02.834+0000] {processor.py:914} INFO - Processing file /home/airflow/.local/lib/python3.12/site-packages/airflow/example_dags/tutorial.py for tasks to queue
[2024-12-01T05:21:02.835+0000] {logging_mixin.py:190} INFO - [2024-12-01T05:21:02.834+0000] {dagbag.py:588} INFO - Filling up the DagBag from /home/airflow/.local/lib/python3.12/site-packages/airflow/example_dags/tutorial.py
[2024-12-01T05:21:02.839+0000] {processor.py:925} INFO - DAG(s) 'tutorial' retrieved from /home/airflow/.local/lib/python3.12/site-packages/airflow/example_dags/tutorial.py
[2024-12-01T05:21:02.848+0000] {logging_mixin.py:190} INFO - [2024-12-01T05:21:02.848+0000] {dag.py:3239} INFO - Sync 1 DAGs
[2024-12-01T05:21:02.856+0000] {logging_mixin.py:190} INFO - [2024-12-01T05:21:02.856+0000] {dag.py:4180} INFO - Setting next_dagrun for tutorial to 2024-11-30 00:00:00+00:00, run_after=2024-12-01 00:00:00+00:00
[2024-12-01T05:21:02.864+0000] {processor.py:208} INFO - Processing /home/airflow/.local/lib/python3.12/site-packages/airflow/example_dags/tutorial.py took 0.033 seconds
[2024-12-01T05:21:33.657+0000] {processor.py:186} INFO - Started process (PID=12324) to work on /home/airflow/.local/lib/python3.12/site-packages/airflow/example_dags/tutorial.py
[2024-12-01T05:21:33.658+0000] {processor.py:914} INFO - Processing file /home/airflow/.local/lib/python3.12/site-packages/airflow/example_dags/tutorial.py for tasks to queue
[2024-12-01T05:21:33.658+0000] {logging_mixin.py:190} INFO - [2024-12-01T05:21:33.658+0000] {dagbag.py:588} INFO - Filling up the DagBag from /home/airflow/.local/lib/python3.12/site-packages/airflow/example_dags/tutorial.py
[2024-12-01T05:21:33.662+0000] {processor.py:925} INFO - DAG(s) 'tutorial' retrieved from /home/airflow/.local/lib/python3.12/site-packages/airflow/example_dags/tutorial.py
[2024-12-01T05:21:33.673+0000] {logging_mixin.py:190} INFO - [2024-12-01T05:21:33.673+0000] {dag.py:3239} INFO - Sync 1 DAGs
[2024-12-01T05:21:33.687+0000] {logging_mixin.py:190} INFO - [2024-12-01T05:21:33.686+0000] {dag.py:4180} INFO - Setting next_dagrun for tutorial to 2024-11-30 00:00:00+00:00, run_after=2024-12-01 00:00:00+00:00
[2024-12-01T05:21:33.699+0000] {processor.py:208} INFO - Processing /home/airflow/.local/lib/python3.12/site-packages/airflow/example_dags/tutorial.py took 0.045 seconds
[2024-12-01T05:22:04.588+0000] {processor.py:186} INFO - Started process (PID=12690) to work on /home/airflow/.local/lib/python3.12/site-packages/airflow/example_dags/tutorial.py
[2024-12-01T05:22:04.589+0000] {processor.py:914} INFO - Processing file /home/airflow/.local/lib/python3.12/site-packages/airflow/example_dags/tutorial.py for tasks to queue
[2024-12-01T05:22:04.590+0000] {logging_mixin.py:190} INFO - [2024-12-01T05:22:04.590+0000] {dagbag.py:588} INFO - Filling up the DagBag from /home/airflow/.local/lib/python3.12/site-packages/airflow/example_dags/tutorial.py
[2024-12-01T05:22:04.595+0000] {processor.py:925} INFO - DAG(s) 'tutorial' retrieved from /home/airflow/.local/lib/python3.12/site-packages/airflow/example_dags/tutorial.py
[2024-12-01T05:22:04.607+0000] {logging_mixin.py:190} INFO - [2024-12-01T05:22:04.606+0000] {dag.py:3239} INFO - Sync 1 DAGs
[2024-12-01T05:22:04.616+0000] {logging_mixin.py:190} INFO - [2024-12-01T05:22:04.616+0000] {dag.py:4180} INFO - Setting next_dagrun for tutorial to 2024-11-30 00:00:00+00:00, run_after=2024-12-01 00:00:00+00:00
[2024-12-01T05:22:04.627+0000] {processor.py:208} INFO - Processing /home/airflow/.local/lib/python3.12/site-packages/airflow/example_dags/tutorial.py took 0.042 seconds
[2024-12-01T05:22:35.881+0000] {processor.py:186} INFO - Started process (PID=13056) to work on /home/airflow/.local/lib/python3.12/site-packages/airflow/example_dags/tutorial.py
[2024-12-01T05:22:35.881+0000] {processor.py:914} INFO - Processing file /home/airflow/.local/lib/python3.12/site-packages/airflow/example_dags/tutorial.py for tasks to queue
[2024-12-01T05:22:35.881+0000] {logging_mixin.py:190} INFO - [2024-12-01T05:22:35.881+0000] {dagbag.py:588} INFO - Filling up the DagBag from /home/airflow/.local/lib/python3.12/site-packages/airflow/example_dags/tutorial.py
[2024-12-01T05:22:35.885+0000] {processor.py:925} INFO - DAG(s) 'tutorial' retrieved from /home/airflow/.local/lib/python3.12/site-packages/airflow/example_dags/tutorial.py
[2024-12-01T05:22:35.897+0000] {logging_mixin.py:190} INFO - [2024-12-01T05:22:35.897+0000] {dag.py:3239} INFO - Sync 1 DAGs
[2024-12-01T05:22:35.908+0000] {logging_mixin.py:190} INFO - [2024-12-01T05:22:35.908+0000] {dag.py:4180} INFO - Setting next_dagrun for tutorial to 2024-11-30 00:00:00+00:00, run_after=2024-12-01 00:00:00+00:00
[2024-12-01T05:22:35.915+0000] {processor.py:208} INFO - Processing /home/airflow/.local/lib/python3.12/site-packages/airflow/example_dags/tutorial.py took 0.038 seconds
[2024-12-01T05:23:07.058+0000] {processor.py:186} INFO - Started process (PID=13427) to work on /home/airflow/.local/lib/python3.12/site-packages/airflow/example_dags/tutorial.py
[2024-12-01T05:23:07.058+0000] {processor.py:914} INFO - Processing file /home/airflow/.local/lib/python3.12/site-packages/airflow/example_dags/tutorial.py for tasks to queue
[2024-12-01T05:23:07.059+0000] {logging_mixin.py:190} INFO - [2024-12-01T05:23:07.059+0000] {dagbag.py:588} INFO - Filling up the DagBag from /home/airflow/.local/lib/python3.12/site-packages/airflow/example_dags/tutorial.py
[2024-12-01T05:23:07.064+0000] {processor.py:925} INFO - DAG(s) 'tutorial' retrieved from /home/airflow/.local/lib/python3.12/site-packages/airflow/example_dags/tutorial.py
[2024-12-01T05:23:07.075+0000] {logging_mixin.py:190} INFO - [2024-12-01T05:23:07.074+0000] {dag.py:3239} INFO - Sync 1 DAGs
[2024-12-01T05:23:07.084+0000] {logging_mixin.py:190} INFO - [2024-12-01T05:23:07.083+0000] {dag.py:4180} INFO - Setting next_dagrun for tutorial to 2024-11-30 00:00:00+00:00, run_after=2024-12-01 00:00:00+00:00
[2024-12-01T05:23:07.091+0000] {processor.py:208} INFO - Processing /home/airflow/.local/lib/python3.12/site-packages/airflow/example_dags/tutorial.py took 0.035 seconds
[2024-12-01T05:23:37.704+0000] {processor.py:186} INFO - Started process (PID=13793) to work on /home/airflow/.local/lib/python3.12/site-packages/airflow/example_dags/tutorial.py
[2024-12-01T05:23:37.705+0000] {processor.py:914} INFO - Processing file /home/airflow/.local/lib/python3.12/site-packages/airflow/example_dags/tutorial.py for tasks to queue
[2024-12-01T05:23:37.705+0000] {logging_mixin.py:190} INFO - [2024-12-01T05:23:37.705+0000] {dagbag.py:588} INFO - Filling up the DagBag from /home/airflow/.local/lib/python3.12/site-packages/airflow/example_dags/tutorial.py
[2024-12-01T05:23:37.709+0000] {processor.py:925} INFO - DAG(s) 'tutorial' retrieved from /home/airflow/.local/lib/python3.12/site-packages/airflow/example_dags/tutorial.py
[2024-12-01T05:23:37.717+0000] {logging_mixin.py:190} INFO - [2024-12-01T05:23:37.717+0000] {dag.py:3239} INFO - Sync 1 DAGs
[2024-12-01T05:23:37.726+0000] {logging_mixin.py:190} INFO - [2024-12-01T05:23:37.726+0000] {dag.py:4180} INFO - Setting next_dagrun for tutorial to 2024-11-30 00:00:00+00:00, run_after=2024-12-01 00:00:00+00:00
[2024-12-01T05:23:37.734+0000] {processor.py:208} INFO - Processing /home/airflow/.local/lib/python3.12/site-packages/airflow/example_dags/tutorial.py took 0.032 seconds
[2024-12-01T05:24:08.460+0000] {processor.py:186} INFO - Started process (PID=14164) to work on /home/airflow/.local/lib/python3.12/site-packages/airflow/example_dags/tutorial.py
[2024-12-01T05:24:08.463+0000] {processor.py:914} INFO - Processing file /home/airflow/.local/lib/python3.12/site-packages/airflow/example_dags/tutorial.py for tasks to queue
[2024-12-01T05:24:08.464+0000] {logging_mixin.py:190} INFO - [2024-12-01T05:24:08.464+0000] {dagbag.py:588} INFO - Filling up the DagBag from /home/airflow/.local/lib/python3.12/site-packages/airflow/example_dags/tutorial.py
[2024-12-01T05:24:08.468+0000] {processor.py:925} INFO - DAG(s) 'tutorial' retrieved from /home/airflow/.local/lib/python3.12/site-packages/airflow/example_dags/tutorial.py
[2024-12-01T05:24:08.477+0000] {logging_mixin.py:190} INFO - [2024-12-01T05:24:08.477+0000] {dag.py:3239} INFO - Sync 1 DAGs
[2024-12-01T05:24:08.485+0000] {logging_mixin.py:190} INFO - [2024-12-01T05:24:08.485+0000] {dag.py:4180} INFO - Setting next_dagrun for tutorial to 2024-11-30 00:00:00+00:00, run_after=2024-12-01 00:00:00+00:00
[2024-12-01T05:24:08.493+0000] {processor.py:208} INFO - Processing /home/airflow/.local/lib/python3.12/site-packages/airflow/example_dags/tutorial.py took 0.035 seconds
[2024-12-01T05:24:39.644+0000] {processor.py:186} INFO - Started process (PID=14530) to work on /home/airflow/.local/lib/python3.12/site-packages/airflow/example_dags/tutorial.py
[2024-12-01T05:24:39.645+0000] {processor.py:914} INFO - Processing file /home/airflow/.local/lib/python3.12/site-packages/airflow/example_dags/tutorial.py for tasks to queue
[2024-12-01T05:24:39.645+0000] {logging_mixin.py:190} INFO - [2024-12-01T05:24:39.645+0000] {dagbag.py:588} INFO - Filling up the DagBag from /home/airflow/.local/lib/python3.12/site-packages/airflow/example_dags/tutorial.py
[2024-12-01T05:24:39.649+0000] {processor.py:925} INFO - DAG(s) 'tutorial' retrieved from /home/airflow/.local/lib/python3.12/site-packages/airflow/example_dags/tutorial.py
[2024-12-01T05:24:39.659+0000] {logging_mixin.py:190} INFO - [2024-12-01T05:24:39.659+0000] {dag.py:3239} INFO - Sync 1 DAGs
[2024-12-01T05:24:39.667+0000] {logging_mixin.py:190} INFO - [2024-12-01T05:24:39.667+0000] {dag.py:4180} INFO - Setting next_dagrun for tutorial to 2024-11-30 00:00:00+00:00, run_after=2024-12-01 00:00:00+00:00
[2024-12-01T05:24:39.679+0000] {processor.py:208} INFO - Processing /home/airflow/.local/lib/python3.12/site-packages/airflow/example_dags/tutorial.py took 0.038 seconds
[2024-12-01T05:25:09.965+0000] {processor.py:186} INFO - Started process (PID=14913) to work on /home/airflow/.local/lib/python3.12/site-packages/airflow/example_dags/tutorial.py
[2024-12-01T05:25:09.966+0000] {processor.py:914} INFO - Processing file /home/airflow/.local/lib/python3.12/site-packages/airflow/example_dags/tutorial.py for tasks to queue
[2024-12-01T05:25:09.966+0000] {logging_mixin.py:190} INFO - [2024-12-01T05:25:09.966+0000] {dagbag.py:588} INFO - Filling up the DagBag from /home/airflow/.local/lib/python3.12/site-packages/airflow/example_dags/tutorial.py
[2024-12-01T05:25:09.970+0000] {processor.py:925} INFO - DAG(s) 'tutorial' retrieved from /home/airflow/.local/lib/python3.12/site-packages/airflow/example_dags/tutorial.py
[2024-12-01T05:25:09.981+0000] {logging_mixin.py:190} INFO - [2024-12-01T05:25:09.981+0000] {dag.py:3239} INFO - Sync 1 DAGs
[2024-12-01T05:25:09.990+0000] {logging_mixin.py:190} INFO - [2024-12-01T05:25:09.990+0000] {dag.py:4180} INFO - Setting next_dagrun for tutorial to 2024-11-30 00:00:00+00:00, run_after=2024-12-01 00:00:00+00:00
[2024-12-01T05:25:09.999+0000] {processor.py:208} INFO - Processing /home/airflow/.local/lib/python3.12/site-packages/airflow/example_dags/tutorial.py took 0.036 seconds
[2024-12-01T05:25:40.396+0000] {processor.py:186} INFO - Started process (PID=15284) to work on /home/airflow/.local/lib/python3.12/site-packages/airflow/example_dags/tutorial.py
[2024-12-01T05:25:40.397+0000] {processor.py:914} INFO - Processing file /home/airflow/.local/lib/python3.12/site-packages/airflow/example_dags/tutorial.py for tasks to queue
[2024-12-01T05:25:40.397+0000] {logging_mixin.py:190} INFO - [2024-12-01T05:25:40.397+0000] {dagbag.py:588} INFO - Filling up the DagBag from /home/airflow/.local/lib/python3.12/site-packages/airflow/example_dags/tutorial.py
[2024-12-01T05:25:40.494+0000] {processor.py:925} INFO - DAG(s) 'tutorial' retrieved from /home/airflow/.local/lib/python3.12/site-packages/airflow/example_dags/tutorial.py
[2024-12-01T05:25:40.500+0000] {logging_mixin.py:190} INFO - [2024-12-01T05:25:40.500+0000] {dag.py:3239} INFO - Sync 1 DAGs
[2024-12-01T05:25:40.508+0000] {logging_mixin.py:190} INFO - [2024-12-01T05:25:40.508+0000] {dag.py:4180} INFO - Setting next_dagrun for tutorial to 2024-11-30 00:00:00+00:00, run_after=2024-12-01 00:00:00+00:00
[2024-12-01T05:25:40.517+0000] {processor.py:208} INFO - Processing /home/airflow/.local/lib/python3.12/site-packages/airflow/example_dags/tutorial.py took 0.123 seconds
[2024-12-01T05:26:10.972+0000] {processor.py:186} INFO - Started process (PID=15655) to work on /home/airflow/.local/lib/python3.12/site-packages/airflow/example_dags/tutorial.py
[2024-12-01T05:26:10.973+0000] {processor.py:914} INFO - Processing file /home/airflow/.local/lib/python3.12/site-packages/airflow/example_dags/tutorial.py for tasks to queue
[2024-12-01T05:26:10.974+0000] {logging_mixin.py:190} INFO - [2024-12-01T05:26:10.974+0000] {dagbag.py:588} INFO - Filling up the DagBag from /home/airflow/.local/lib/python3.12/site-packages/airflow/example_dags/tutorial.py
[2024-12-01T05:26:10.977+0000] {processor.py:925} INFO - DAG(s) 'tutorial' retrieved from /home/airflow/.local/lib/python3.12/site-packages/airflow/example_dags/tutorial.py
[2024-12-01T05:26:10.986+0000] {logging_mixin.py:190} INFO - [2024-12-01T05:26:10.986+0000] {dag.py:3239} INFO - Sync 1 DAGs
[2024-12-01T05:26:10.995+0000] {logging_mixin.py:190} INFO - [2024-12-01T05:26:10.995+0000] {dag.py:4180} INFO - Setting next_dagrun for tutorial to 2024-11-30 00:00:00+00:00, run_after=2024-12-01 00:00:00+00:00
[2024-12-01T05:26:11.001+0000] {processor.py:208} INFO - Processing /home/airflow/.local/lib/python3.12/site-packages/airflow/example_dags/tutorial.py took 0.031 seconds
[2024-12-01T05:26:41.345+0000] {processor.py:186} INFO - Started process (PID=16023) to work on /home/airflow/.local/lib/python3.12/site-packages/airflow/example_dags/tutorial.py
[2024-12-01T05:26:41.345+0000] {processor.py:914} INFO - Processing file /home/airflow/.local/lib/python3.12/site-packages/airflow/example_dags/tutorial.py for tasks to queue
[2024-12-01T05:26:41.345+0000] {logging_mixin.py:190} INFO - [2024-12-01T05:26:41.345+0000] {dagbag.py:588} INFO - Filling up the DagBag from /home/airflow/.local/lib/python3.12/site-packages/airflow/example_dags/tutorial.py
[2024-12-01T05:26:41.349+0000] {processor.py:925} INFO - DAG(s) 'tutorial' retrieved from /home/airflow/.local/lib/python3.12/site-packages/airflow/example_dags/tutorial.py
[2024-12-01T05:26:41.357+0000] {logging_mixin.py:190} INFO - [2024-12-01T05:26:41.357+0000] {dag.py:3239} INFO - Sync 1 DAGs
[2024-12-01T05:26:41.366+0000] {logging_mixin.py:190} INFO - [2024-12-01T05:26:41.366+0000] {dag.py:4180} INFO - Setting next_dagrun for tutorial to 2024-11-30 00:00:00+00:00, run_after=2024-12-01 00:00:00+00:00
[2024-12-01T05:26:41.372+0000] {processor.py:208} INFO - Processing /home/airflow/.local/lib/python3.12/site-packages/airflow/example_dags/tutorial.py took 0.031 seconds
[2024-12-01T05:27:11.838+0000] {processor.py:186} INFO - Started process (PID=16399) to work on /home/airflow/.local/lib/python3.12/site-packages/airflow/example_dags/tutorial.py
[2024-12-01T05:27:11.839+0000] {processor.py:914} INFO - Processing file /home/airflow/.local/lib/python3.12/site-packages/airflow/example_dags/tutorial.py for tasks to queue
[2024-12-01T05:27:11.839+0000] {logging_mixin.py:190} INFO - [2024-12-01T05:27:11.839+0000] {dagbag.py:588} INFO - Filling up the DagBag from /home/airflow/.local/lib/python3.12/site-packages/airflow/example_dags/tutorial.py
[2024-12-01T05:27:11.844+0000] {processor.py:925} INFO - DAG(s) 'tutorial' retrieved from /home/airflow/.local/lib/python3.12/site-packages/airflow/example_dags/tutorial.py
[2024-12-01T05:27:11.854+0000] {logging_mixin.py:190} INFO - [2024-12-01T05:27:11.854+0000] {dag.py:3239} INFO - Sync 1 DAGs
[2024-12-01T05:27:11.864+0000] {logging_mixin.py:190} INFO - [2024-12-01T05:27:11.864+0000] {dag.py:4180} INFO - Setting next_dagrun for tutorial to 2024-11-30 00:00:00+00:00, run_after=2024-12-01 00:00:00+00:00
[2024-12-01T05:27:11.876+0000] {processor.py:208} INFO - Processing /home/airflow/.local/lib/python3.12/site-packages/airflow/example_dags/tutorial.py took 0.040 seconds
[2024-12-01T05:27:42.514+0000] {processor.py:186} INFO - Started process (PID=16804) to work on /home/airflow/.local/lib/python3.12/site-packages/airflow/example_dags/tutorial.py
[2024-12-01T05:27:42.515+0000] {processor.py:914} INFO - Processing file /home/airflow/.local/lib/python3.12/site-packages/airflow/example_dags/tutorial.py for tasks to queue
[2024-12-01T05:27:42.516+0000] {logging_mixin.py:190} INFO - [2024-12-01T05:27:42.516+0000] {dagbag.py:588} INFO - Filling up the DagBag from /home/airflow/.local/lib/python3.12/site-packages/airflow/example_dags/tutorial.py
[2024-12-01T05:27:42.520+0000] {processor.py:925} INFO - DAG(s) 'tutorial' retrieved from /home/airflow/.local/lib/python3.12/site-packages/airflow/example_dags/tutorial.py
[2024-12-01T05:27:42.535+0000] {logging_mixin.py:190} INFO - [2024-12-01T05:27:42.535+0000] {dag.py:3239} INFO - Sync 1 DAGs
[2024-12-01T05:27:42.558+0000] {logging_mixin.py:190} INFO - [2024-12-01T05:27:42.558+0000] {dag.py:4180} INFO - Setting next_dagrun for tutorial to 2024-11-30 00:00:00+00:00, run_after=2024-12-01 00:00:00+00:00
[2024-12-01T05:27:42.575+0000] {processor.py:208} INFO - Processing /home/airflow/.local/lib/python3.12/site-packages/airflow/example_dags/tutorial.py took 0.063 seconds
[2024-12-01T05:28:13.224+0000] {processor.py:186} INFO - Started process (PID=17189) to work on /home/airflow/.local/lib/python3.12/site-packages/airflow/example_dags/tutorial.py
[2024-12-01T05:28:13.225+0000] {processor.py:914} INFO - Processing file /home/airflow/.local/lib/python3.12/site-packages/airflow/example_dags/tutorial.py for tasks to queue
[2024-12-01T05:28:13.225+0000] {logging_mixin.py:190} INFO - [2024-12-01T05:28:13.225+0000] {dagbag.py:588} INFO - Filling up the DagBag from /home/airflow/.local/lib/python3.12/site-packages/airflow/example_dags/tutorial.py
[2024-12-01T05:28:13.231+0000] {processor.py:925} INFO - DAG(s) 'tutorial' retrieved from /home/airflow/.local/lib/python3.12/site-packages/airflow/example_dags/tutorial.py
[2024-12-01T05:28:13.247+0000] {logging_mixin.py:190} INFO - [2024-12-01T05:28:13.247+0000] {dag.py:3239} INFO - Sync 1 DAGs
[2024-12-01T05:28:13.259+0000] {logging_mixin.py:190} INFO - [2024-12-01T05:28:13.259+0000] {dag.py:4180} INFO - Setting next_dagrun for tutorial to 2024-11-30 00:00:00+00:00, run_after=2024-12-01 00:00:00+00:00
[2024-12-01T05:28:13.270+0000] {processor.py:208} INFO - Processing /home/airflow/.local/lib/python3.12/site-packages/airflow/example_dags/tutorial.py took 0.048 seconds
[2024-12-01T05:28:44.019+0000] {processor.py:186} INFO - Started process (PID=17572) to work on /home/airflow/.local/lib/python3.12/site-packages/airflow/example_dags/tutorial.py
[2024-12-01T05:28:44.020+0000] {processor.py:914} INFO - Processing file /home/airflow/.local/lib/python3.12/site-packages/airflow/example_dags/tutorial.py for tasks to queue
[2024-12-01T05:28:44.020+0000] {logging_mixin.py:190} INFO - [2024-12-01T05:28:44.020+0000] {dagbag.py:588} INFO - Filling up the DagBag from /home/airflow/.local/lib/python3.12/site-packages/airflow/example_dags/tutorial.py
[2024-12-01T05:28:44.024+0000] {processor.py:925} INFO - DAG(s) 'tutorial' retrieved from /home/airflow/.local/lib/python3.12/site-packages/airflow/example_dags/tutorial.py
[2024-12-01T05:28:44.033+0000] {logging_mixin.py:190} INFO - [2024-12-01T05:28:44.033+0000] {dag.py:3239} INFO - Sync 1 DAGs
[2024-12-01T05:28:44.046+0000] {logging_mixin.py:190} INFO - [2024-12-01T05:28:44.046+0000] {dag.py:4180} INFO - Setting next_dagrun for tutorial to 2024-11-30 00:00:00+00:00, run_after=2024-12-01 00:00:00+00:00
[2024-12-01T05:28:44.055+0000] {processor.py:208} INFO - Processing /home/airflow/.local/lib/python3.12/site-packages/airflow/example_dags/tutorial.py took 0.038 seconds
[2024-12-01T05:29:14.470+0000] {processor.py:186} INFO - Started process (PID=17948) to work on /home/airflow/.local/lib/python3.12/site-packages/airflow/example_dags/tutorial.py
[2024-12-01T05:29:14.470+0000] {processor.py:914} INFO - Processing file /home/airflow/.local/lib/python3.12/site-packages/airflow/example_dags/tutorial.py for tasks to queue
[2024-12-01T05:29:14.471+0000] {logging_mixin.py:190} INFO - [2024-12-01T05:29:14.471+0000] {dagbag.py:588} INFO - Filling up the DagBag from /home/airflow/.local/lib/python3.12/site-packages/airflow/example_dags/tutorial.py
[2024-12-01T05:29:14.474+0000] {processor.py:925} INFO - DAG(s) 'tutorial' retrieved from /home/airflow/.local/lib/python3.12/site-packages/airflow/example_dags/tutorial.py
[2024-12-01T05:29:14.482+0000] {logging_mixin.py:190} INFO - [2024-12-01T05:29:14.482+0000] {dag.py:3239} INFO - Sync 1 DAGs
[2024-12-01T05:29:14.489+0000] {logging_mixin.py:190} INFO - [2024-12-01T05:29:14.489+0000] {dag.py:4180} INFO - Setting next_dagrun for tutorial to 2024-11-30 00:00:00+00:00, run_after=2024-12-01 00:00:00+00:00
[2024-12-01T05:29:14.494+0000] {processor.py:208} INFO - Processing /home/airflow/.local/lib/python3.12/site-packages/airflow/example_dags/tutorial.py took 0.026 seconds
[2024-12-01T05:29:45.049+0000] {processor.py:186} INFO - Started process (PID=18314) to work on /home/airflow/.local/lib/python3.12/site-packages/airflow/example_dags/tutorial.py
[2024-12-01T05:29:45.049+0000] {processor.py:914} INFO - Processing file /home/airflow/.local/lib/python3.12/site-packages/airflow/example_dags/tutorial.py for tasks to queue
[2024-12-01T05:29:45.050+0000] {logging_mixin.py:190} INFO - [2024-12-01T05:29:45.050+0000] {dagbag.py:588} INFO - Filling up the DagBag from /home/airflow/.local/lib/python3.12/site-packages/airflow/example_dags/tutorial.py
[2024-12-01T05:29:45.053+0000] {processor.py:925} INFO - DAG(s) 'tutorial' retrieved from /home/airflow/.local/lib/python3.12/site-packages/airflow/example_dags/tutorial.py
[2024-12-01T05:29:45.062+0000] {logging_mixin.py:190} INFO - [2024-12-01T05:29:45.061+0000] {dag.py:3239} INFO - Sync 1 DAGs
[2024-12-01T05:29:45.069+0000] {logging_mixin.py:190} INFO - [2024-12-01T05:29:45.069+0000] {dag.py:4180} INFO - Setting next_dagrun for tutorial to 2024-11-30 00:00:00+00:00, run_after=2024-12-01 00:00:00+00:00
[2024-12-01T05:29:45.074+0000] {processor.py:208} INFO - Processing /home/airflow/.local/lib/python3.12/site-packages/airflow/example_dags/tutorial.py took 0.027 seconds
