[2024-12-01T05:05:11.875+0000] {processor.py:186} INFO - Started process (PID=427) to work on /home/airflow/.local/lib/python3.12/site-packages/airflow/example_dags/tutorial_dag.py
[2024-12-01T05:05:11.876+0000] {processor.py:914} INFO - Processing file /home/airflow/.local/lib/python3.12/site-packages/airflow/example_dags/tutorial_dag.py for tasks to queue
[2024-12-01T05:05:11.877+0000] {logging_mixin.py:190} INFO - [2024-12-01T05:05:11.876+0000] {dagbag.py:588} INFO - Filling up the DagBag from /home/airflow/.local/lib/python3.12/site-packages/airflow/example_dags/tutorial_dag.py
[2024-12-01T05:05:11.880+0000] {processor.py:925} INFO - DAG(s) 'tutorial_dag' retrieved from /home/airflow/.local/lib/python3.12/site-packages/airflow/example_dags/tutorial_dag.py
[2024-12-01T05:05:11.888+0000] {logging_mixin.py:190} INFO - [2024-12-01T05:05:11.888+0000] {dag.py:3239} INFO - Sync 1 DAGs
[2024-12-01T05:05:11.893+0000] {logging_mixin.py:190} INFO - [2024-12-01T05:05:11.893+0000] {dag.py:4180} INFO - Setting next_dagrun for tutorial_dag to None, run_after=None
[2024-12-01T05:05:11.899+0000] {processor.py:208} INFO - Processing /home/airflow/.local/lib/python3.12/site-packages/airflow/example_dags/tutorial_dag.py took 0.027 seconds
[2024-12-01T05:05:42.665+0000] {processor.py:186} INFO - Started process (PID=802) to work on /home/airflow/.local/lib/python3.12/site-packages/airflow/example_dags/tutorial_dag.py
[2024-12-01T05:05:42.666+0000] {processor.py:914} INFO - Processing file /home/airflow/.local/lib/python3.12/site-packages/airflow/example_dags/tutorial_dag.py for tasks to queue
[2024-12-01T05:05:42.667+0000] {logging_mixin.py:190} INFO - [2024-12-01T05:05:42.667+0000] {dagbag.py:588} INFO - Filling up the DagBag from /home/airflow/.local/lib/python3.12/site-packages/airflow/example_dags/tutorial_dag.py
[2024-12-01T05:05:42.671+0000] {processor.py:925} INFO - DAG(s) 'tutorial_dag' retrieved from /home/airflow/.local/lib/python3.12/site-packages/airflow/example_dags/tutorial_dag.py
[2024-12-01T05:05:42.687+0000] {logging_mixin.py:190} INFO - [2024-12-01T05:05:42.687+0000] {dag.py:3239} INFO - Sync 1 DAGs
[2024-12-01T05:05:42.692+0000] {logging_mixin.py:190} INFO - [2024-12-01T05:05:42.692+0000] {dag.py:4180} INFO - Setting next_dagrun for tutorial_dag to None, run_after=None
[2024-12-01T05:05:42.701+0000] {processor.py:208} INFO - Processing /home/airflow/.local/lib/python3.12/site-packages/airflow/example_dags/tutorial_dag.py took 0.038 seconds
[2024-12-01T05:06:13.308+0000] {processor.py:186} INFO - Started process (PID=1170) to work on /home/airflow/.local/lib/python3.12/site-packages/airflow/example_dags/tutorial_dag.py
[2024-12-01T05:06:13.308+0000] {processor.py:914} INFO - Processing file /home/airflow/.local/lib/python3.12/site-packages/airflow/example_dags/tutorial_dag.py for tasks to queue
[2024-12-01T05:06:13.309+0000] {logging_mixin.py:190} INFO - [2024-12-01T05:06:13.309+0000] {dagbag.py:588} INFO - Filling up the DagBag from /home/airflow/.local/lib/python3.12/site-packages/airflow/example_dags/tutorial_dag.py
[2024-12-01T05:06:13.312+0000] {processor.py:925} INFO - DAG(s) 'tutorial_dag' retrieved from /home/airflow/.local/lib/python3.12/site-packages/airflow/example_dags/tutorial_dag.py
[2024-12-01T05:06:13.325+0000] {logging_mixin.py:190} INFO - [2024-12-01T05:06:13.325+0000] {dag.py:3239} INFO - Sync 1 DAGs
[2024-12-01T05:06:13.331+0000] {logging_mixin.py:190} INFO - [2024-12-01T05:06:13.331+0000] {dag.py:4180} INFO - Setting next_dagrun for tutorial_dag to None, run_after=None
[2024-12-01T05:06:13.343+0000] {processor.py:208} INFO - Processing /home/airflow/.local/lib/python3.12/site-packages/airflow/example_dags/tutorial_dag.py took 0.038 seconds
[2024-12-01T05:06:44.237+0000] {processor.py:186} INFO - Started process (PID=1539) to work on /home/airflow/.local/lib/python3.12/site-packages/airflow/example_dags/tutorial_dag.py
[2024-12-01T05:06:44.238+0000] {processor.py:914} INFO - Processing file /home/airflow/.local/lib/python3.12/site-packages/airflow/example_dags/tutorial_dag.py for tasks to queue
[2024-12-01T05:06:44.239+0000] {logging_mixin.py:190} INFO - [2024-12-01T05:06:44.238+0000] {dagbag.py:588} INFO - Filling up the DagBag from /home/airflow/.local/lib/python3.12/site-packages/airflow/example_dags/tutorial_dag.py
[2024-12-01T05:06:44.242+0000] {processor.py:925} INFO - DAG(s) 'tutorial_dag' retrieved from /home/airflow/.local/lib/python3.12/site-packages/airflow/example_dags/tutorial_dag.py
[2024-12-01T05:06:44.250+0000] {logging_mixin.py:190} INFO - [2024-12-01T05:06:44.249+0000] {dag.py:3239} INFO - Sync 1 DAGs
[2024-12-01T05:06:44.255+0000] {logging_mixin.py:190} INFO - [2024-12-01T05:06:44.255+0000] {dag.py:4180} INFO - Setting next_dagrun for tutorial_dag to None, run_after=None
[2024-12-01T05:06:44.261+0000] {processor.py:208} INFO - Processing /home/airflow/.local/lib/python3.12/site-packages/airflow/example_dags/tutorial_dag.py took 0.026 seconds
[2024-12-01T05:07:14.797+0000] {processor.py:186} INFO - Started process (PID=1910) to work on /home/airflow/.local/lib/python3.12/site-packages/airflow/example_dags/tutorial_dag.py
[2024-12-01T05:07:14.797+0000] {processor.py:914} INFO - Processing file /home/airflow/.local/lib/python3.12/site-packages/airflow/example_dags/tutorial_dag.py for tasks to queue
[2024-12-01T05:07:14.798+0000] {logging_mixin.py:190} INFO - [2024-12-01T05:07:14.798+0000] {dagbag.py:588} INFO - Filling up the DagBag from /home/airflow/.local/lib/python3.12/site-packages/airflow/example_dags/tutorial_dag.py
[2024-12-01T05:07:14.801+0000] {processor.py:925} INFO - DAG(s) 'tutorial_dag' retrieved from /home/airflow/.local/lib/python3.12/site-packages/airflow/example_dags/tutorial_dag.py
[2024-12-01T05:07:14.814+0000] {logging_mixin.py:190} INFO - [2024-12-01T05:07:14.814+0000] {dag.py:3239} INFO - Sync 1 DAGs
[2024-12-01T05:07:14.819+0000] {logging_mixin.py:190} INFO - [2024-12-01T05:07:14.819+0000] {dag.py:4180} INFO - Setting next_dagrun for tutorial_dag to None, run_after=None
[2024-12-01T05:07:14.828+0000] {processor.py:208} INFO - Processing /home/airflow/.local/lib/python3.12/site-packages/airflow/example_dags/tutorial_dag.py took 0.033 seconds
[2024-12-01T05:07:45.533+0000] {processor.py:186} INFO - Started process (PID=2313) to work on /home/airflow/.local/lib/python3.12/site-packages/airflow/example_dags/tutorial_dag.py
[2024-12-01T05:07:45.534+0000] {processor.py:914} INFO - Processing file /home/airflow/.local/lib/python3.12/site-packages/airflow/example_dags/tutorial_dag.py for tasks to queue
[2024-12-01T05:07:45.535+0000] {logging_mixin.py:190} INFO - [2024-12-01T05:07:45.535+0000] {dagbag.py:588} INFO - Filling up the DagBag from /home/airflow/.local/lib/python3.12/site-packages/airflow/example_dags/tutorial_dag.py
[2024-12-01T05:07:45.539+0000] {processor.py:925} INFO - DAG(s) 'tutorial_dag' retrieved from /home/airflow/.local/lib/python3.12/site-packages/airflow/example_dags/tutorial_dag.py
[2024-12-01T05:07:45.549+0000] {logging_mixin.py:190} INFO - [2024-12-01T05:07:45.549+0000] {dag.py:3239} INFO - Sync 1 DAGs
[2024-12-01T05:07:45.555+0000] {logging_mixin.py:190} INFO - [2024-12-01T05:07:45.555+0000] {dag.py:4180} INFO - Setting next_dagrun for tutorial_dag to None, run_after=None
[2024-12-01T05:07:45.563+0000] {processor.py:208} INFO - Processing /home/airflow/.local/lib/python3.12/site-packages/airflow/example_dags/tutorial_dag.py took 0.032 seconds
[2024-12-01T05:08:16.172+0000] {processor.py:186} INFO - Started process (PID=2686) to work on /home/airflow/.local/lib/python3.12/site-packages/airflow/example_dags/tutorial_dag.py
[2024-12-01T05:08:16.172+0000] {processor.py:914} INFO - Processing file /home/airflow/.local/lib/python3.12/site-packages/airflow/example_dags/tutorial_dag.py for tasks to queue
[2024-12-01T05:08:16.173+0000] {logging_mixin.py:190} INFO - [2024-12-01T05:08:16.173+0000] {dagbag.py:588} INFO - Filling up the DagBag from /home/airflow/.local/lib/python3.12/site-packages/airflow/example_dags/tutorial_dag.py
[2024-12-01T05:08:16.176+0000] {processor.py:925} INFO - DAG(s) 'tutorial_dag' retrieved from /home/airflow/.local/lib/python3.12/site-packages/airflow/example_dags/tutorial_dag.py
[2024-12-01T05:08:16.183+0000] {logging_mixin.py:190} INFO - [2024-12-01T05:08:16.183+0000] {dag.py:3239} INFO - Sync 1 DAGs
[2024-12-01T05:08:16.188+0000] {logging_mixin.py:190} INFO - [2024-12-01T05:08:16.188+0000] {dag.py:4180} INFO - Setting next_dagrun for tutorial_dag to None, run_after=None
[2024-12-01T05:08:16.193+0000] {processor.py:208} INFO - Processing /home/airflow/.local/lib/python3.12/site-packages/airflow/example_dags/tutorial_dag.py took 0.023 seconds
[2024-12-01T05:08:46.763+0000] {processor.py:186} INFO - Started process (PID=3059) to work on /home/airflow/.local/lib/python3.12/site-packages/airflow/example_dags/tutorial_dag.py
[2024-12-01T05:08:46.763+0000] {processor.py:914} INFO - Processing file /home/airflow/.local/lib/python3.12/site-packages/airflow/example_dags/tutorial_dag.py for tasks to queue
[2024-12-01T05:08:46.765+0000] {logging_mixin.py:190} INFO - [2024-12-01T05:08:46.765+0000] {dagbag.py:588} INFO - Filling up the DagBag from /home/airflow/.local/lib/python3.12/site-packages/airflow/example_dags/tutorial_dag.py
[2024-12-01T05:08:46.768+0000] {processor.py:925} INFO - DAG(s) 'tutorial_dag' retrieved from /home/airflow/.local/lib/python3.12/site-packages/airflow/example_dags/tutorial_dag.py
[2024-12-01T05:08:46.777+0000] {logging_mixin.py:190} INFO - [2024-12-01T05:08:46.776+0000] {dag.py:3239} INFO - Sync 1 DAGs
[2024-12-01T05:08:46.783+0000] {logging_mixin.py:190} INFO - [2024-12-01T05:08:46.783+0000] {dag.py:4180} INFO - Setting next_dagrun for tutorial_dag to None, run_after=None
[2024-12-01T05:08:46.792+0000] {processor.py:208} INFO - Processing /home/airflow/.local/lib/python3.12/site-packages/airflow/example_dags/tutorial_dag.py took 0.033 seconds
[2024-12-01T05:09:17.666+0000] {processor.py:186} INFO - Started process (PID=3432) to work on /home/airflow/.local/lib/python3.12/site-packages/airflow/example_dags/tutorial_dag.py
[2024-12-01T05:09:17.666+0000] {processor.py:914} INFO - Processing file /home/airflow/.local/lib/python3.12/site-packages/airflow/example_dags/tutorial_dag.py for tasks to queue
[2024-12-01T05:09:17.667+0000] {logging_mixin.py:190} INFO - [2024-12-01T05:09:17.667+0000] {dagbag.py:588} INFO - Filling up the DagBag from /home/airflow/.local/lib/python3.12/site-packages/airflow/example_dags/tutorial_dag.py
[2024-12-01T05:09:17.670+0000] {processor.py:925} INFO - DAG(s) 'tutorial_dag' retrieved from /home/airflow/.local/lib/python3.12/site-packages/airflow/example_dags/tutorial_dag.py
[2024-12-01T05:09:17.678+0000] {logging_mixin.py:190} INFO - [2024-12-01T05:09:17.678+0000] {dag.py:3239} INFO - Sync 1 DAGs
[2024-12-01T05:09:17.684+0000] {logging_mixin.py:190} INFO - [2024-12-01T05:09:17.684+0000] {dag.py:4180} INFO - Setting next_dagrun for tutorial_dag to None, run_after=None
[2024-12-01T05:09:17.690+0000] {processor.py:208} INFO - Processing /home/airflow/.local/lib/python3.12/site-packages/airflow/example_dags/tutorial_dag.py took 0.027 seconds
[2024-12-01T05:09:48.338+0000] {processor.py:186} INFO - Started process (PID=3800) to work on /home/airflow/.local/lib/python3.12/site-packages/airflow/example_dags/tutorial_dag.py
[2024-12-01T05:09:48.338+0000] {processor.py:914} INFO - Processing file /home/airflow/.local/lib/python3.12/site-packages/airflow/example_dags/tutorial_dag.py for tasks to queue
[2024-12-01T05:09:48.338+0000] {logging_mixin.py:190} INFO - [2024-12-01T05:09:48.338+0000] {dagbag.py:588} INFO - Filling up the DagBag from /home/airflow/.local/lib/python3.12/site-packages/airflow/example_dags/tutorial_dag.py
[2024-12-01T05:09:48.341+0000] {processor.py:925} INFO - DAG(s) 'tutorial_dag' retrieved from /home/airflow/.local/lib/python3.12/site-packages/airflow/example_dags/tutorial_dag.py
[2024-12-01T05:09:48.350+0000] {logging_mixin.py:190} INFO - [2024-12-01T05:09:48.350+0000] {dag.py:3239} INFO - Sync 1 DAGs
[2024-12-01T05:09:48.357+0000] {logging_mixin.py:190} INFO - [2024-12-01T05:09:48.357+0000] {dag.py:4180} INFO - Setting next_dagrun for tutorial_dag to None, run_after=None
[2024-12-01T05:09:48.366+0000] {processor.py:208} INFO - Processing /home/airflow/.local/lib/python3.12/site-packages/airflow/example_dags/tutorial_dag.py took 0.031 seconds
[2024-12-01T05:10:19.195+0000] {processor.py:186} INFO - Started process (PID=4219) to work on /home/airflow/.local/lib/python3.12/site-packages/airflow/example_dags/tutorial_dag.py
[2024-12-01T05:10:19.196+0000] {processor.py:914} INFO - Processing file /home/airflow/.local/lib/python3.12/site-packages/airflow/example_dags/tutorial_dag.py for tasks to queue
[2024-12-01T05:10:19.196+0000] {logging_mixin.py:190} INFO - [2024-12-01T05:10:19.196+0000] {dagbag.py:588} INFO - Filling up the DagBag from /home/airflow/.local/lib/python3.12/site-packages/airflow/example_dags/tutorial_dag.py
[2024-12-01T05:10:19.199+0000] {processor.py:925} INFO - DAG(s) 'tutorial_dag' retrieved from /home/airflow/.local/lib/python3.12/site-packages/airflow/example_dags/tutorial_dag.py
[2024-12-01T05:10:19.207+0000] {logging_mixin.py:190} INFO - [2024-12-01T05:10:19.207+0000] {dag.py:3239} INFO - Sync 1 DAGs
[2024-12-01T05:10:19.212+0000] {logging_mixin.py:190} INFO - [2024-12-01T05:10:19.212+0000] {dag.py:4180} INFO - Setting next_dagrun for tutorial_dag to None, run_after=None
[2024-12-01T05:10:19.219+0000] {processor.py:208} INFO - Processing /home/airflow/.local/lib/python3.12/site-packages/airflow/example_dags/tutorial_dag.py took 0.026 seconds
[2024-12-01T05:10:49.822+0000] {processor.py:186} INFO - Started process (PID=4607) to work on /home/airflow/.local/lib/python3.12/site-packages/airflow/example_dags/tutorial_dag.py
[2024-12-01T05:10:49.823+0000] {processor.py:914} INFO - Processing file /home/airflow/.local/lib/python3.12/site-packages/airflow/example_dags/tutorial_dag.py for tasks to queue
[2024-12-01T05:10:49.823+0000] {logging_mixin.py:190} INFO - [2024-12-01T05:10:49.823+0000] {dagbag.py:588} INFO - Filling up the DagBag from /home/airflow/.local/lib/python3.12/site-packages/airflow/example_dags/tutorial_dag.py
[2024-12-01T05:10:49.826+0000] {processor.py:925} INFO - DAG(s) 'tutorial_dag' retrieved from /home/airflow/.local/lib/python3.12/site-packages/airflow/example_dags/tutorial_dag.py
[2024-12-01T05:10:49.839+0000] {logging_mixin.py:190} INFO - [2024-12-01T05:10:49.839+0000] {dag.py:3239} INFO - Sync 1 DAGs
[2024-12-01T05:10:49.845+0000] {logging_mixin.py:190} INFO - [2024-12-01T05:10:49.845+0000] {dag.py:4180} INFO - Setting next_dagrun for tutorial_dag to None, run_after=None
[2024-12-01T05:10:49.861+0000] {processor.py:208} INFO - Processing /home/airflow/.local/lib/python3.12/site-packages/airflow/example_dags/tutorial_dag.py took 0.042 seconds
[2024-12-01T05:11:20.415+0000] {processor.py:186} INFO - Started process (PID=4973) to work on /home/airflow/.local/lib/python3.12/site-packages/airflow/example_dags/tutorial_dag.py
[2024-12-01T05:11:20.416+0000] {processor.py:914} INFO - Processing file /home/airflow/.local/lib/python3.12/site-packages/airflow/example_dags/tutorial_dag.py for tasks to queue
[2024-12-01T05:11:20.417+0000] {logging_mixin.py:190} INFO - [2024-12-01T05:11:20.417+0000] {dagbag.py:588} INFO - Filling up the DagBag from /home/airflow/.local/lib/python3.12/site-packages/airflow/example_dags/tutorial_dag.py
[2024-12-01T05:11:20.420+0000] {processor.py:925} INFO - DAG(s) 'tutorial_dag' retrieved from /home/airflow/.local/lib/python3.12/site-packages/airflow/example_dags/tutorial_dag.py
[2024-12-01T05:11:20.430+0000] {logging_mixin.py:190} INFO - [2024-12-01T05:11:20.430+0000] {dag.py:3239} INFO - Sync 1 DAGs
[2024-12-01T05:11:20.436+0000] {logging_mixin.py:190} INFO - [2024-12-01T05:11:20.436+0000] {dag.py:4180} INFO - Setting next_dagrun for tutorial_dag to None, run_after=None
[2024-12-01T05:11:20.445+0000] {processor.py:208} INFO - Processing /home/airflow/.local/lib/python3.12/site-packages/airflow/example_dags/tutorial_dag.py took 0.031 seconds
[2024-12-01T05:11:50.775+0000] {processor.py:186} INFO - Started process (PID=5339) to work on /home/airflow/.local/lib/python3.12/site-packages/airflow/example_dags/tutorial_dag.py
[2024-12-01T05:11:50.776+0000] {processor.py:914} INFO - Processing file /home/airflow/.local/lib/python3.12/site-packages/airflow/example_dags/tutorial_dag.py for tasks to queue
[2024-12-01T05:11:50.776+0000] {logging_mixin.py:190} INFO - [2024-12-01T05:11:50.776+0000] {dagbag.py:588} INFO - Filling up the DagBag from /home/airflow/.local/lib/python3.12/site-packages/airflow/example_dags/tutorial_dag.py
[2024-12-01T05:11:50.779+0000] {processor.py:925} INFO - DAG(s) 'tutorial_dag' retrieved from /home/airflow/.local/lib/python3.12/site-packages/airflow/example_dags/tutorial_dag.py
[2024-12-01T05:11:50.787+0000] {logging_mixin.py:190} INFO - [2024-12-01T05:11:50.787+0000] {dag.py:3239} INFO - Sync 1 DAGs
[2024-12-01T05:11:50.792+0000] {logging_mixin.py:190} INFO - [2024-12-01T05:11:50.792+0000] {dag.py:4180} INFO - Setting next_dagrun for tutorial_dag to None, run_after=None
[2024-12-01T05:11:50.800+0000] {processor.py:208} INFO - Processing /home/airflow/.local/lib/python3.12/site-packages/airflow/example_dags/tutorial_dag.py took 0.027 seconds
[2024-12-01T05:12:21.252+0000] {processor.py:186} INFO - Started process (PID=5705) to work on /home/airflow/.local/lib/python3.12/site-packages/airflow/example_dags/tutorial_dag.py
[2024-12-01T05:12:21.252+0000] {processor.py:914} INFO - Processing file /home/airflow/.local/lib/python3.12/site-packages/airflow/example_dags/tutorial_dag.py for tasks to queue
[2024-12-01T05:12:21.253+0000] {logging_mixin.py:190} INFO - [2024-12-01T05:12:21.253+0000] {dagbag.py:588} INFO - Filling up the DagBag from /home/airflow/.local/lib/python3.12/site-packages/airflow/example_dags/tutorial_dag.py
[2024-12-01T05:12:21.256+0000] {processor.py:925} INFO - DAG(s) 'tutorial_dag' retrieved from /home/airflow/.local/lib/python3.12/site-packages/airflow/example_dags/tutorial_dag.py
[2024-12-01T05:12:21.263+0000] {logging_mixin.py:190} INFO - [2024-12-01T05:12:21.263+0000] {dag.py:3239} INFO - Sync 1 DAGs
[2024-12-01T05:12:21.269+0000] {logging_mixin.py:190} INFO - [2024-12-01T05:12:21.269+0000] {dag.py:4180} INFO - Setting next_dagrun for tutorial_dag to None, run_after=None
[2024-12-01T05:12:21.278+0000] {processor.py:208} INFO - Processing /home/airflow/.local/lib/python3.12/site-packages/airflow/example_dags/tutorial_dag.py took 0.028 seconds
[2024-12-01T05:12:52.050+0000] {processor.py:186} INFO - Started process (PID=6076) to work on /home/airflow/.local/lib/python3.12/site-packages/airflow/example_dags/tutorial_dag.py
[2024-12-01T05:12:52.050+0000] {processor.py:914} INFO - Processing file /home/airflow/.local/lib/python3.12/site-packages/airflow/example_dags/tutorial_dag.py for tasks to queue
[2024-12-01T05:12:52.051+0000] {logging_mixin.py:190} INFO - [2024-12-01T05:12:52.050+0000] {dagbag.py:588} INFO - Filling up the DagBag from /home/airflow/.local/lib/python3.12/site-packages/airflow/example_dags/tutorial_dag.py
[2024-12-01T05:12:52.054+0000] {processor.py:925} INFO - DAG(s) 'tutorial_dag' retrieved from /home/airflow/.local/lib/python3.12/site-packages/airflow/example_dags/tutorial_dag.py
[2024-12-01T05:12:52.062+0000] {logging_mixin.py:190} INFO - [2024-12-01T05:12:52.061+0000] {dag.py:3239} INFO - Sync 1 DAGs
[2024-12-01T05:12:52.067+0000] {logging_mixin.py:190} INFO - [2024-12-01T05:12:52.067+0000] {dag.py:4180} INFO - Setting next_dagrun for tutorial_dag to None, run_after=None
[2024-12-01T05:12:52.073+0000] {processor.py:208} INFO - Processing /home/airflow/.local/lib/python3.12/site-packages/airflow/example_dags/tutorial_dag.py took 0.025 seconds
[2024-12-01T05:13:22.861+0000] {processor.py:186} INFO - Started process (PID=6444) to work on /home/airflow/.local/lib/python3.12/site-packages/airflow/example_dags/tutorial_dag.py
[2024-12-01T05:13:22.861+0000] {processor.py:914} INFO - Processing file /home/airflow/.local/lib/python3.12/site-packages/airflow/example_dags/tutorial_dag.py for tasks to queue
[2024-12-01T05:13:22.861+0000] {logging_mixin.py:190} INFO - [2024-12-01T05:13:22.861+0000] {dagbag.py:588} INFO - Filling up the DagBag from /home/airflow/.local/lib/python3.12/site-packages/airflow/example_dags/tutorial_dag.py
[2024-12-01T05:13:22.864+0000] {processor.py:925} INFO - DAG(s) 'tutorial_dag' retrieved from /home/airflow/.local/lib/python3.12/site-packages/airflow/example_dags/tutorial_dag.py
[2024-12-01T05:13:22.875+0000] {logging_mixin.py:190} INFO - [2024-12-01T05:13:22.875+0000] {dag.py:3239} INFO - Sync 1 DAGs
[2024-12-01T05:13:22.880+0000] {logging_mixin.py:190} INFO - [2024-12-01T05:13:22.880+0000] {dag.py:4180} INFO - Setting next_dagrun for tutorial_dag to None, run_after=None
[2024-12-01T05:13:22.891+0000] {processor.py:208} INFO - Processing /home/airflow/.local/lib/python3.12/site-packages/airflow/example_dags/tutorial_dag.py took 0.033 seconds
[2024-12-01T05:13:53.295+0000] {processor.py:186} INFO - Started process (PID=6808) to work on /home/airflow/.local/lib/python3.12/site-packages/airflow/example_dags/tutorial_dag.py
[2024-12-01T05:13:53.296+0000] {processor.py:914} INFO - Processing file /home/airflow/.local/lib/python3.12/site-packages/airflow/example_dags/tutorial_dag.py for tasks to queue
[2024-12-01T05:13:53.298+0000] {logging_mixin.py:190} INFO - [2024-12-01T05:13:53.298+0000] {dagbag.py:588} INFO - Filling up the DagBag from /home/airflow/.local/lib/python3.12/site-packages/airflow/example_dags/tutorial_dag.py
[2024-12-01T05:13:53.302+0000] {processor.py:925} INFO - DAG(s) 'tutorial_dag' retrieved from /home/airflow/.local/lib/python3.12/site-packages/airflow/example_dags/tutorial_dag.py
[2024-12-01T05:13:53.312+0000] {logging_mixin.py:190} INFO - [2024-12-01T05:13:53.311+0000] {dag.py:3239} INFO - Sync 1 DAGs
[2024-12-01T05:13:53.317+0000] {logging_mixin.py:190} INFO - [2024-12-01T05:13:53.317+0000] {dag.py:4180} INFO - Setting next_dagrun for tutorial_dag to None, run_after=None
[2024-12-01T05:13:53.325+0000] {processor.py:208} INFO - Processing /home/airflow/.local/lib/python3.12/site-packages/airflow/example_dags/tutorial_dag.py took 0.032 seconds
[2024-12-01T05:14:23.966+0000] {processor.py:186} INFO - Started process (PID=7169) to work on /home/airflow/.local/lib/python3.12/site-packages/airflow/example_dags/tutorial_dag.py
[2024-12-01T05:14:23.967+0000] {processor.py:914} INFO - Processing file /home/airflow/.local/lib/python3.12/site-packages/airflow/example_dags/tutorial_dag.py for tasks to queue
[2024-12-01T05:14:23.967+0000] {logging_mixin.py:190} INFO - [2024-12-01T05:14:23.967+0000] {dagbag.py:588} INFO - Filling up the DagBag from /home/airflow/.local/lib/python3.12/site-packages/airflow/example_dags/tutorial_dag.py
[2024-12-01T05:14:23.970+0000] {processor.py:925} INFO - DAG(s) 'tutorial_dag' retrieved from /home/airflow/.local/lib/python3.12/site-packages/airflow/example_dags/tutorial_dag.py
[2024-12-01T05:14:23.979+0000] {logging_mixin.py:190} INFO - [2024-12-01T05:14:23.978+0000] {dag.py:3239} INFO - Sync 1 DAGs
[2024-12-01T05:14:23.984+0000] {logging_mixin.py:190} INFO - [2024-12-01T05:14:23.984+0000] {dag.py:4180} INFO - Setting next_dagrun for tutorial_dag to None, run_after=None
[2024-12-01T05:14:23.990+0000] {processor.py:208} INFO - Processing /home/airflow/.local/lib/python3.12/site-packages/airflow/example_dags/tutorial_dag.py took 0.026 seconds
[2024-12-01T05:14:54.580+0000] {processor.py:186} INFO - Started process (PID=7535) to work on /home/airflow/.local/lib/python3.12/site-packages/airflow/example_dags/tutorial_dag.py
[2024-12-01T05:14:54.581+0000] {processor.py:914} INFO - Processing file /home/airflow/.local/lib/python3.12/site-packages/airflow/example_dags/tutorial_dag.py for tasks to queue
[2024-12-01T05:14:54.581+0000] {logging_mixin.py:190} INFO - [2024-12-01T05:14:54.581+0000] {dagbag.py:588} INFO - Filling up the DagBag from /home/airflow/.local/lib/python3.12/site-packages/airflow/example_dags/tutorial_dag.py
[2024-12-01T05:14:54.585+0000] {processor.py:925} INFO - DAG(s) 'tutorial_dag' retrieved from /home/airflow/.local/lib/python3.12/site-packages/airflow/example_dags/tutorial_dag.py
[2024-12-01T05:14:54.593+0000] {logging_mixin.py:190} INFO - [2024-12-01T05:14:54.593+0000] {dag.py:3239} INFO - Sync 1 DAGs
[2024-12-01T05:14:54.599+0000] {logging_mixin.py:190} INFO - [2024-12-01T05:14:54.599+0000] {dag.py:4180} INFO - Setting next_dagrun for tutorial_dag to None, run_after=None
[2024-12-01T05:14:54.606+0000] {processor.py:208} INFO - Processing /home/airflow/.local/lib/python3.12/site-packages/airflow/example_dags/tutorial_dag.py took 0.028 seconds
[2024-12-01T05:15:25.396+0000] {processor.py:186} INFO - Started process (PID=7901) to work on /home/airflow/.local/lib/python3.12/site-packages/airflow/example_dags/tutorial_dag.py
[2024-12-01T05:15:25.397+0000] {processor.py:914} INFO - Processing file /home/airflow/.local/lib/python3.12/site-packages/airflow/example_dags/tutorial_dag.py for tasks to queue
[2024-12-01T05:15:25.398+0000] {logging_mixin.py:190} INFO - [2024-12-01T05:15:25.398+0000] {dagbag.py:588} INFO - Filling up the DagBag from /home/airflow/.local/lib/python3.12/site-packages/airflow/example_dags/tutorial_dag.py
[2024-12-01T05:15:25.401+0000] {processor.py:925} INFO - DAG(s) 'tutorial_dag' retrieved from /home/airflow/.local/lib/python3.12/site-packages/airflow/example_dags/tutorial_dag.py
[2024-12-01T05:15:25.410+0000] {logging_mixin.py:190} INFO - [2024-12-01T05:15:25.410+0000] {dag.py:3239} INFO - Sync 1 DAGs
[2024-12-01T05:15:25.415+0000] {logging_mixin.py:190} INFO - [2024-12-01T05:15:25.415+0000] {dag.py:4180} INFO - Setting next_dagrun for tutorial_dag to None, run_after=None
[2024-12-01T05:15:25.423+0000] {processor.py:208} INFO - Processing /home/airflow/.local/lib/python3.12/site-packages/airflow/example_dags/tutorial_dag.py took 0.029 seconds
[2024-12-01T05:15:56.126+0000] {processor.py:186} INFO - Started process (PID=8272) to work on /home/airflow/.local/lib/python3.12/site-packages/airflow/example_dags/tutorial_dag.py
[2024-12-01T05:15:56.126+0000] {processor.py:914} INFO - Processing file /home/airflow/.local/lib/python3.12/site-packages/airflow/example_dags/tutorial_dag.py for tasks to queue
[2024-12-01T05:15:56.127+0000] {logging_mixin.py:190} INFO - [2024-12-01T05:15:56.127+0000] {dagbag.py:588} INFO - Filling up the DagBag from /home/airflow/.local/lib/python3.12/site-packages/airflow/example_dags/tutorial_dag.py
[2024-12-01T05:15:56.130+0000] {processor.py:925} INFO - DAG(s) 'tutorial_dag' retrieved from /home/airflow/.local/lib/python3.12/site-packages/airflow/example_dags/tutorial_dag.py
[2024-12-01T05:15:56.138+0000] {logging_mixin.py:190} INFO - [2024-12-01T05:15:56.138+0000] {dag.py:3239} INFO - Sync 1 DAGs
[2024-12-01T05:15:56.144+0000] {logging_mixin.py:190} INFO - [2024-12-01T05:15:56.144+0000] {dag.py:4180} INFO - Setting next_dagrun for tutorial_dag to None, run_after=None
[2024-12-01T05:15:56.150+0000] {processor.py:208} INFO - Processing /home/airflow/.local/lib/python3.12/site-packages/airflow/example_dags/tutorial_dag.py took 0.027 seconds
[2024-12-01T05:16:26.531+0000] {processor.py:186} INFO - Started process (PID=8633) to work on /home/airflow/.local/lib/python3.12/site-packages/airflow/example_dags/tutorial_dag.py
[2024-12-01T05:16:26.532+0000] {processor.py:914} INFO - Processing file /home/airflow/.local/lib/python3.12/site-packages/airflow/example_dags/tutorial_dag.py for tasks to queue
[2024-12-01T05:16:26.532+0000] {logging_mixin.py:190} INFO - [2024-12-01T05:16:26.532+0000] {dagbag.py:588} INFO - Filling up the DagBag from /home/airflow/.local/lib/python3.12/site-packages/airflow/example_dags/tutorial_dag.py
[2024-12-01T05:16:26.535+0000] {processor.py:925} INFO - DAG(s) 'tutorial_dag' retrieved from /home/airflow/.local/lib/python3.12/site-packages/airflow/example_dags/tutorial_dag.py
[2024-12-01T05:16:26.545+0000] {logging_mixin.py:190} INFO - [2024-12-01T05:16:26.545+0000] {dag.py:3239} INFO - Sync 1 DAGs
[2024-12-01T05:16:26.550+0000] {logging_mixin.py:190} INFO - [2024-12-01T05:16:26.550+0000] {dag.py:4180} INFO - Setting next_dagrun for tutorial_dag to None, run_after=None
[2024-12-01T05:16:26.557+0000] {processor.py:208} INFO - Processing /home/airflow/.local/lib/python3.12/site-packages/airflow/example_dags/tutorial_dag.py took 0.028 seconds
[2024-12-01T05:16:56.978+0000] {processor.py:186} INFO - Started process (PID=8999) to work on /home/airflow/.local/lib/python3.12/site-packages/airflow/example_dags/tutorial_dag.py
[2024-12-01T05:16:56.979+0000] {processor.py:914} INFO - Processing file /home/airflow/.local/lib/python3.12/site-packages/airflow/example_dags/tutorial_dag.py for tasks to queue
[2024-12-01T05:16:56.980+0000] {logging_mixin.py:190} INFO - [2024-12-01T05:16:56.979+0000] {dagbag.py:588} INFO - Filling up the DagBag from /home/airflow/.local/lib/python3.12/site-packages/airflow/example_dags/tutorial_dag.py
[2024-12-01T05:16:56.983+0000] {processor.py:925} INFO - DAG(s) 'tutorial_dag' retrieved from /home/airflow/.local/lib/python3.12/site-packages/airflow/example_dags/tutorial_dag.py
[2024-12-01T05:16:56.994+0000] {logging_mixin.py:190} INFO - [2024-12-01T05:16:56.993+0000] {dag.py:3239} INFO - Sync 1 DAGs
[2024-12-01T05:16:57.000+0000] {logging_mixin.py:190} INFO - [2024-12-01T05:16:57.000+0000] {dag.py:4180} INFO - Setting next_dagrun for tutorial_dag to None, run_after=None
[2024-12-01T05:16:57.009+0000] {processor.py:208} INFO - Processing /home/airflow/.local/lib/python3.12/site-packages/airflow/example_dags/tutorial_dag.py took 0.034 seconds
[2024-12-01T05:17:27.522+0000] {processor.py:186} INFO - Started process (PID=9365) to work on /home/airflow/.local/lib/python3.12/site-packages/airflow/example_dags/tutorial_dag.py
[2024-12-01T05:17:27.524+0000] {processor.py:914} INFO - Processing file /home/airflow/.local/lib/python3.12/site-packages/airflow/example_dags/tutorial_dag.py for tasks to queue
[2024-12-01T05:17:27.525+0000] {logging_mixin.py:190} INFO - [2024-12-01T05:17:27.524+0000] {dagbag.py:588} INFO - Filling up the DagBag from /home/airflow/.local/lib/python3.12/site-packages/airflow/example_dags/tutorial_dag.py
[2024-12-01T05:17:27.528+0000] {processor.py:925} INFO - DAG(s) 'tutorial_dag' retrieved from /home/airflow/.local/lib/python3.12/site-packages/airflow/example_dags/tutorial_dag.py
[2024-12-01T05:17:27.536+0000] {logging_mixin.py:190} INFO - [2024-12-01T05:17:27.536+0000] {dag.py:3239} INFO - Sync 1 DAGs
[2024-12-01T05:17:27.542+0000] {logging_mixin.py:190} INFO - [2024-12-01T05:17:27.542+0000] {dag.py:4180} INFO - Setting next_dagrun for tutorial_dag to None, run_after=None
[2024-12-01T05:17:27.557+0000] {processor.py:208} INFO - Processing /home/airflow/.local/lib/python3.12/site-packages/airflow/example_dags/tutorial_dag.py took 0.037 seconds
[2024-12-01T05:17:58.070+0000] {processor.py:186} INFO - Started process (PID=9731) to work on /home/airflow/.local/lib/python3.12/site-packages/airflow/example_dags/tutorial_dag.py
[2024-12-01T05:17:58.070+0000] {processor.py:914} INFO - Processing file /home/airflow/.local/lib/python3.12/site-packages/airflow/example_dags/tutorial_dag.py for tasks to queue
[2024-12-01T05:17:58.071+0000] {logging_mixin.py:190} INFO - [2024-12-01T05:17:58.071+0000] {dagbag.py:588} INFO - Filling up the DagBag from /home/airflow/.local/lib/python3.12/site-packages/airflow/example_dags/tutorial_dag.py
[2024-12-01T05:17:58.074+0000] {processor.py:925} INFO - DAG(s) 'tutorial_dag' retrieved from /home/airflow/.local/lib/python3.12/site-packages/airflow/example_dags/tutorial_dag.py
[2024-12-01T05:17:58.082+0000] {logging_mixin.py:190} INFO - [2024-12-01T05:17:58.081+0000] {dag.py:3239} INFO - Sync 1 DAGs
[2024-12-01T05:17:58.087+0000] {logging_mixin.py:190} INFO - [2024-12-01T05:17:58.087+0000] {dag.py:4180} INFO - Setting next_dagrun for tutorial_dag to None, run_after=None
[2024-12-01T05:17:58.093+0000] {processor.py:208} INFO - Processing /home/airflow/.local/lib/python3.12/site-packages/airflow/example_dags/tutorial_dag.py took 0.025 seconds
[2024-12-01T05:18:28.747+0000] {processor.py:186} INFO - Started process (PID=10097) to work on /home/airflow/.local/lib/python3.12/site-packages/airflow/example_dags/tutorial_dag.py
[2024-12-01T05:18:28.747+0000] {processor.py:914} INFO - Processing file /home/airflow/.local/lib/python3.12/site-packages/airflow/example_dags/tutorial_dag.py for tasks to queue
[2024-12-01T05:18:28.747+0000] {logging_mixin.py:190} INFO - [2024-12-01T05:18:28.747+0000] {dagbag.py:588} INFO - Filling up the DagBag from /home/airflow/.local/lib/python3.12/site-packages/airflow/example_dags/tutorial_dag.py
[2024-12-01T05:18:28.751+0000] {processor.py:925} INFO - DAG(s) 'tutorial_dag' retrieved from /home/airflow/.local/lib/python3.12/site-packages/airflow/example_dags/tutorial_dag.py
[2024-12-01T05:18:28.762+0000] {logging_mixin.py:190} INFO - [2024-12-01T05:18:28.762+0000] {dag.py:3239} INFO - Sync 1 DAGs
[2024-12-01T05:18:28.768+0000] {logging_mixin.py:190} INFO - [2024-12-01T05:18:28.768+0000] {dag.py:4180} INFO - Setting next_dagrun for tutorial_dag to None, run_after=None
[2024-12-01T05:18:28.777+0000] {processor.py:208} INFO - Processing /home/airflow/.local/lib/python3.12/site-packages/airflow/example_dags/tutorial_dag.py took 0.033 seconds
[2024-12-01T05:18:59.675+0000] {processor.py:186} INFO - Started process (PID=10478) to work on /home/airflow/.local/lib/python3.12/site-packages/airflow/example_dags/tutorial_dag.py
[2024-12-01T05:18:59.675+0000] {processor.py:914} INFO - Processing file /home/airflow/.local/lib/python3.12/site-packages/airflow/example_dags/tutorial_dag.py for tasks to queue
[2024-12-01T05:18:59.676+0000] {logging_mixin.py:190} INFO - [2024-12-01T05:18:59.676+0000] {dagbag.py:588} INFO - Filling up the DagBag from /home/airflow/.local/lib/python3.12/site-packages/airflow/example_dags/tutorial_dag.py
[2024-12-01T05:18:59.679+0000] {processor.py:925} INFO - DAG(s) 'tutorial_dag' retrieved from /home/airflow/.local/lib/python3.12/site-packages/airflow/example_dags/tutorial_dag.py
[2024-12-01T05:18:59.688+0000] {logging_mixin.py:190} INFO - [2024-12-01T05:18:59.688+0000] {dag.py:3239} INFO - Sync 1 DAGs
[2024-12-01T05:18:59.695+0000] {logging_mixin.py:190} INFO - [2024-12-01T05:18:59.695+0000] {dag.py:4180} INFO - Setting next_dagrun for tutorial_dag to None, run_after=None
[2024-12-01T05:18:59.702+0000] {processor.py:208} INFO - Processing /home/airflow/.local/lib/python3.12/site-packages/airflow/example_dags/tutorial_dag.py took 0.030 seconds
[2024-12-01T05:19:30.454+0000] {processor.py:186} INFO - Started process (PID=10844) to work on /home/airflow/.local/lib/python3.12/site-packages/airflow/example_dags/tutorial_dag.py
[2024-12-01T05:19:30.455+0000] {processor.py:914} INFO - Processing file /home/airflow/.local/lib/python3.12/site-packages/airflow/example_dags/tutorial_dag.py for tasks to queue
[2024-12-01T05:19:30.455+0000] {logging_mixin.py:190} INFO - [2024-12-01T05:19:30.455+0000] {dagbag.py:588} INFO - Filling up the DagBag from /home/airflow/.local/lib/python3.12/site-packages/airflow/example_dags/tutorial_dag.py
[2024-12-01T05:19:30.458+0000] {processor.py:925} INFO - DAG(s) 'tutorial_dag' retrieved from /home/airflow/.local/lib/python3.12/site-packages/airflow/example_dags/tutorial_dag.py
[2024-12-01T05:19:30.466+0000] {logging_mixin.py:190} INFO - [2024-12-01T05:19:30.466+0000] {dag.py:3239} INFO - Sync 1 DAGs
[2024-12-01T05:19:30.472+0000] {logging_mixin.py:190} INFO - [2024-12-01T05:19:30.472+0000] {dag.py:4180} INFO - Setting next_dagrun for tutorial_dag to None, run_after=None
[2024-12-01T05:19:30.481+0000] {processor.py:208} INFO - Processing /home/airflow/.local/lib/python3.12/site-packages/airflow/example_dags/tutorial_dag.py took 0.030 seconds
[2024-12-01T05:20:01.312+0000] {processor.py:186} INFO - Started process (PID=11210) to work on /home/airflow/.local/lib/python3.12/site-packages/airflow/example_dags/tutorial_dag.py
[2024-12-01T05:20:01.313+0000] {processor.py:914} INFO - Processing file /home/airflow/.local/lib/python3.12/site-packages/airflow/example_dags/tutorial_dag.py for tasks to queue
[2024-12-01T05:20:01.313+0000] {logging_mixin.py:190} INFO - [2024-12-01T05:20:01.313+0000] {dagbag.py:588} INFO - Filling up the DagBag from /home/airflow/.local/lib/python3.12/site-packages/airflow/example_dags/tutorial_dag.py
[2024-12-01T05:20:01.317+0000] {processor.py:925} INFO - DAG(s) 'tutorial_dag' retrieved from /home/airflow/.local/lib/python3.12/site-packages/airflow/example_dags/tutorial_dag.py
[2024-12-01T05:20:01.325+0000] {logging_mixin.py:190} INFO - [2024-12-01T05:20:01.324+0000] {dag.py:3239} INFO - Sync 1 DAGs
[2024-12-01T05:20:01.330+0000] {logging_mixin.py:190} INFO - [2024-12-01T05:20:01.330+0000] {dag.py:4180} INFO - Setting next_dagrun for tutorial_dag to None, run_after=None
[2024-12-01T05:20:01.342+0000] {processor.py:208} INFO - Processing /home/airflow/.local/lib/python3.12/site-packages/airflow/example_dags/tutorial_dag.py took 0.032 seconds
[2024-12-01T05:20:32.126+0000] {processor.py:186} INFO - Started process (PID=11596) to work on /home/airflow/.local/lib/python3.12/site-packages/airflow/example_dags/tutorial_dag.py
[2024-12-01T05:20:32.128+0000] {processor.py:914} INFO - Processing file /home/airflow/.local/lib/python3.12/site-packages/airflow/example_dags/tutorial_dag.py for tasks to queue
[2024-12-01T05:20:32.129+0000] {logging_mixin.py:190} INFO - [2024-12-01T05:20:32.129+0000] {dagbag.py:588} INFO - Filling up the DagBag from /home/airflow/.local/lib/python3.12/site-packages/airflow/example_dags/tutorial_dag.py
[2024-12-01T05:20:32.132+0000] {processor.py:925} INFO - DAG(s) 'tutorial_dag' retrieved from /home/airflow/.local/lib/python3.12/site-packages/airflow/example_dags/tutorial_dag.py
[2024-12-01T05:20:32.143+0000] {logging_mixin.py:190} INFO - [2024-12-01T05:20:32.141+0000] {dag.py:3239} INFO - Sync 1 DAGs
[2024-12-01T05:20:32.149+0000] {logging_mixin.py:190} INFO - [2024-12-01T05:20:32.149+0000] {dag.py:4180} INFO - Setting next_dagrun for tutorial_dag to None, run_after=None
[2024-12-01T05:20:32.155+0000] {processor.py:208} INFO - Processing /home/airflow/.local/lib/python3.12/site-packages/airflow/example_dags/tutorial_dag.py took 0.032 seconds
[2024-12-01T05:21:02.948+0000] {processor.py:186} INFO - Started process (PID=11973) to work on /home/airflow/.local/lib/python3.12/site-packages/airflow/example_dags/tutorial_dag.py
[2024-12-01T05:21:02.948+0000] {processor.py:914} INFO - Processing file /home/airflow/.local/lib/python3.12/site-packages/airflow/example_dags/tutorial_dag.py for tasks to queue
[2024-12-01T05:21:02.949+0000] {logging_mixin.py:190} INFO - [2024-12-01T05:21:02.949+0000] {dagbag.py:588} INFO - Filling up the DagBag from /home/airflow/.local/lib/python3.12/site-packages/airflow/example_dags/tutorial_dag.py
[2024-12-01T05:21:02.952+0000] {processor.py:925} INFO - DAG(s) 'tutorial_dag' retrieved from /home/airflow/.local/lib/python3.12/site-packages/airflow/example_dags/tutorial_dag.py
[2024-12-01T05:21:02.960+0000] {logging_mixin.py:190} INFO - [2024-12-01T05:21:02.960+0000] {dag.py:3239} INFO - Sync 1 DAGs
[2024-12-01T05:21:02.965+0000] {logging_mixin.py:190} INFO - [2024-12-01T05:21:02.965+0000] {dag.py:4180} INFO - Setting next_dagrun for tutorial_dag to None, run_after=None
[2024-12-01T05:21:02.971+0000] {processor.py:208} INFO - Processing /home/airflow/.local/lib/python3.12/site-packages/airflow/example_dags/tutorial_dag.py took 0.025 seconds
[2024-12-01T05:21:33.792+0000] {processor.py:186} INFO - Started process (PID=12344) to work on /home/airflow/.local/lib/python3.12/site-packages/airflow/example_dags/tutorial_dag.py
[2024-12-01T05:21:33.792+0000] {processor.py:914} INFO - Processing file /home/airflow/.local/lib/python3.12/site-packages/airflow/example_dags/tutorial_dag.py for tasks to queue
[2024-12-01T05:21:33.793+0000] {logging_mixin.py:190} INFO - [2024-12-01T05:21:33.793+0000] {dagbag.py:588} INFO - Filling up the DagBag from /home/airflow/.local/lib/python3.12/site-packages/airflow/example_dags/tutorial_dag.py
[2024-12-01T05:21:33.797+0000] {processor.py:925} INFO - DAG(s) 'tutorial_dag' retrieved from /home/airflow/.local/lib/python3.12/site-packages/airflow/example_dags/tutorial_dag.py
[2024-12-01T05:21:33.805+0000] {logging_mixin.py:190} INFO - [2024-12-01T05:21:33.804+0000] {dag.py:3239} INFO - Sync 1 DAGs
[2024-12-01T05:21:33.810+0000] {logging_mixin.py:190} INFO - [2024-12-01T05:21:33.810+0000] {dag.py:4180} INFO - Setting next_dagrun for tutorial_dag to None, run_after=None
[2024-12-01T05:21:33.817+0000] {processor.py:208} INFO - Processing /home/airflow/.local/lib/python3.12/site-packages/airflow/example_dags/tutorial_dag.py took 0.028 seconds
[2024-12-01T05:22:04.693+0000] {processor.py:186} INFO - Started process (PID=12710) to work on /home/airflow/.local/lib/python3.12/site-packages/airflow/example_dags/tutorial_dag.py
[2024-12-01T05:22:04.694+0000] {processor.py:914} INFO - Processing file /home/airflow/.local/lib/python3.12/site-packages/airflow/example_dags/tutorial_dag.py for tasks to queue
[2024-12-01T05:22:04.694+0000] {logging_mixin.py:190} INFO - [2024-12-01T05:22:04.694+0000] {dagbag.py:588} INFO - Filling up the DagBag from /home/airflow/.local/lib/python3.12/site-packages/airflow/example_dags/tutorial_dag.py
[2024-12-01T05:22:04.697+0000] {processor.py:925} INFO - DAG(s) 'tutorial_dag' retrieved from /home/airflow/.local/lib/python3.12/site-packages/airflow/example_dags/tutorial_dag.py
[2024-12-01T05:22:04.708+0000] {logging_mixin.py:190} INFO - [2024-12-01T05:22:04.708+0000] {dag.py:3239} INFO - Sync 1 DAGs
[2024-12-01T05:22:04.714+0000] {logging_mixin.py:190} INFO - [2024-12-01T05:22:04.714+0000] {dag.py:4180} INFO - Setting next_dagrun for tutorial_dag to None, run_after=None
[2024-12-01T05:22:04.721+0000] {processor.py:208} INFO - Processing /home/airflow/.local/lib/python3.12/site-packages/airflow/example_dags/tutorial_dag.py took 0.030 seconds
[2024-12-01T05:22:35.953+0000] {processor.py:186} INFO - Started process (PID=13071) to work on /home/airflow/.local/lib/python3.12/site-packages/airflow/example_dags/tutorial_dag.py
[2024-12-01T05:22:35.953+0000] {processor.py:914} INFO - Processing file /home/airflow/.local/lib/python3.12/site-packages/airflow/example_dags/tutorial_dag.py for tasks to queue
[2024-12-01T05:22:35.954+0000] {logging_mixin.py:190} INFO - [2024-12-01T05:22:35.954+0000] {dagbag.py:588} INFO - Filling up the DagBag from /home/airflow/.local/lib/python3.12/site-packages/airflow/example_dags/tutorial_dag.py
[2024-12-01T05:22:35.960+0000] {processor.py:925} INFO - DAG(s) 'tutorial_dag' retrieved from /home/airflow/.local/lib/python3.12/site-packages/airflow/example_dags/tutorial_dag.py
[2024-12-01T05:22:35.971+0000] {logging_mixin.py:190} INFO - [2024-12-01T05:22:35.970+0000] {dag.py:3239} INFO - Sync 1 DAGs
[2024-12-01T05:22:36.000+0000] {logging_mixin.py:190} INFO - [2024-12-01T05:22:36.000+0000] {dag.py:4180} INFO - Setting next_dagrun for tutorial_dag to None, run_after=None
[2024-12-01T05:22:36.009+0000] {processor.py:208} INFO - Processing /home/airflow/.local/lib/python3.12/site-packages/airflow/example_dags/tutorial_dag.py took 0.059 seconds
[2024-12-01T05:23:07.163+0000] {processor.py:186} INFO - Started process (PID=13447) to work on /home/airflow/.local/lib/python3.12/site-packages/airflow/example_dags/tutorial_dag.py
[2024-12-01T05:23:07.163+0000] {processor.py:914} INFO - Processing file /home/airflow/.local/lib/python3.12/site-packages/airflow/example_dags/tutorial_dag.py for tasks to queue
[2024-12-01T05:23:07.164+0000] {logging_mixin.py:190} INFO - [2024-12-01T05:23:07.164+0000] {dagbag.py:588} INFO - Filling up the DagBag from /home/airflow/.local/lib/python3.12/site-packages/airflow/example_dags/tutorial_dag.py
[2024-12-01T05:23:07.168+0000] {processor.py:925} INFO - DAG(s) 'tutorial_dag' retrieved from /home/airflow/.local/lib/python3.12/site-packages/airflow/example_dags/tutorial_dag.py
[2024-12-01T05:23:07.178+0000] {logging_mixin.py:190} INFO - [2024-12-01T05:23:07.177+0000] {dag.py:3239} INFO - Sync 1 DAGs
[2024-12-01T05:23:07.184+0000] {logging_mixin.py:190} INFO - [2024-12-01T05:23:07.183+0000] {dag.py:4180} INFO - Setting next_dagrun for tutorial_dag to None, run_after=None
[2024-12-01T05:23:07.191+0000] {processor.py:208} INFO - Processing /home/airflow/.local/lib/python3.12/site-packages/airflow/example_dags/tutorial_dag.py took 0.032 seconds
[2024-12-01T05:23:37.778+0000] {processor.py:186} INFO - Started process (PID=13808) to work on /home/airflow/.local/lib/python3.12/site-packages/airflow/example_dags/tutorial_dag.py
[2024-12-01T05:23:37.780+0000] {processor.py:914} INFO - Processing file /home/airflow/.local/lib/python3.12/site-packages/airflow/example_dags/tutorial_dag.py for tasks to queue
[2024-12-01T05:23:37.781+0000] {logging_mixin.py:190} INFO - [2024-12-01T05:23:37.781+0000] {dagbag.py:588} INFO - Filling up the DagBag from /home/airflow/.local/lib/python3.12/site-packages/airflow/example_dags/tutorial_dag.py
[2024-12-01T05:23:37.784+0000] {processor.py:925} INFO - DAG(s) 'tutorial_dag' retrieved from /home/airflow/.local/lib/python3.12/site-packages/airflow/example_dags/tutorial_dag.py
[2024-12-01T05:23:37.792+0000] {logging_mixin.py:190} INFO - [2024-12-01T05:23:37.792+0000] {dag.py:3239} INFO - Sync 1 DAGs
[2024-12-01T05:23:37.797+0000] {logging_mixin.py:190} INFO - [2024-12-01T05:23:37.797+0000] {dag.py:4180} INFO - Setting next_dagrun for tutorial_dag to None, run_after=None
[2024-12-01T05:23:37.805+0000] {processor.py:208} INFO - Processing /home/airflow/.local/lib/python3.12/site-packages/airflow/example_dags/tutorial_dag.py took 0.030 seconds
[2024-12-01T05:24:08.540+0000] {processor.py:186} INFO - Started process (PID=14179) to work on /home/airflow/.local/lib/python3.12/site-packages/airflow/example_dags/tutorial_dag.py
[2024-12-01T05:24:08.541+0000] {processor.py:914} INFO - Processing file /home/airflow/.local/lib/python3.12/site-packages/airflow/example_dags/tutorial_dag.py for tasks to queue
[2024-12-01T05:24:08.541+0000] {logging_mixin.py:190} INFO - [2024-12-01T05:24:08.541+0000] {dagbag.py:588} INFO - Filling up the DagBag from /home/airflow/.local/lib/python3.12/site-packages/airflow/example_dags/tutorial_dag.py
[2024-12-01T05:24:08.545+0000] {processor.py:925} INFO - DAG(s) 'tutorial_dag' retrieved from /home/airflow/.local/lib/python3.12/site-packages/airflow/example_dags/tutorial_dag.py
[2024-12-01T05:24:08.552+0000] {logging_mixin.py:190} INFO - [2024-12-01T05:24:08.552+0000] {dag.py:3239} INFO - Sync 1 DAGs
[2024-12-01T05:24:08.558+0000] {logging_mixin.py:190} INFO - [2024-12-01T05:24:08.558+0000] {dag.py:4180} INFO - Setting next_dagrun for tutorial_dag to None, run_after=None
[2024-12-01T05:24:08.565+0000] {processor.py:208} INFO - Processing /home/airflow/.local/lib/python3.12/site-packages/airflow/example_dags/tutorial_dag.py took 0.027 seconds
[2024-12-01T05:24:39.739+0000] {processor.py:186} INFO - Started process (PID=14550) to work on /home/airflow/.local/lib/python3.12/site-packages/airflow/example_dags/tutorial_dag.py
[2024-12-01T05:24:39.740+0000] {processor.py:914} INFO - Processing file /home/airflow/.local/lib/python3.12/site-packages/airflow/example_dags/tutorial_dag.py for tasks to queue
[2024-12-01T05:24:39.740+0000] {logging_mixin.py:190} INFO - [2024-12-01T05:24:39.740+0000] {dagbag.py:588} INFO - Filling up the DagBag from /home/airflow/.local/lib/python3.12/site-packages/airflow/example_dags/tutorial_dag.py
[2024-12-01T05:24:39.743+0000] {processor.py:925} INFO - DAG(s) 'tutorial_dag' retrieved from /home/airflow/.local/lib/python3.12/site-packages/airflow/example_dags/tutorial_dag.py
[2024-12-01T05:24:39.752+0000] {logging_mixin.py:190} INFO - [2024-12-01T05:24:39.751+0000] {dag.py:3239} INFO - Sync 1 DAGs
[2024-12-01T05:24:39.757+0000] {logging_mixin.py:190} INFO - [2024-12-01T05:24:39.757+0000] {dag.py:4180} INFO - Setting next_dagrun for tutorial_dag to None, run_after=None
[2024-12-01T05:24:39.763+0000] {processor.py:208} INFO - Processing /home/airflow/.local/lib/python3.12/site-packages/airflow/example_dags/tutorial_dag.py took 0.026 seconds
[2024-12-01T05:25:10.052+0000] {processor.py:186} INFO - Started process (PID=14928) to work on /home/airflow/.local/lib/python3.12/site-packages/airflow/example_dags/tutorial_dag.py
[2024-12-01T05:25:10.052+0000] {processor.py:914} INFO - Processing file /home/airflow/.local/lib/python3.12/site-packages/airflow/example_dags/tutorial_dag.py for tasks to queue
[2024-12-01T05:25:10.053+0000] {logging_mixin.py:190} INFO - [2024-12-01T05:25:10.053+0000] {dagbag.py:588} INFO - Filling up the DagBag from /home/airflow/.local/lib/python3.12/site-packages/airflow/example_dags/tutorial_dag.py
[2024-12-01T05:25:10.056+0000] {processor.py:925} INFO - DAG(s) 'tutorial_dag' retrieved from /home/airflow/.local/lib/python3.12/site-packages/airflow/example_dags/tutorial_dag.py
[2024-12-01T05:25:10.070+0000] {logging_mixin.py:190} INFO - [2024-12-01T05:25:10.069+0000] {dag.py:3239} INFO - Sync 1 DAGs
[2024-12-01T05:25:10.079+0000] {logging_mixin.py:190} INFO - [2024-12-01T05:25:10.079+0000] {dag.py:4180} INFO - Setting next_dagrun for tutorial_dag to None, run_after=None
[2024-12-01T05:25:10.100+0000] {processor.py:208} INFO - Processing /home/airflow/.local/lib/python3.12/site-packages/airflow/example_dags/tutorial_dag.py took 0.050 seconds
[2024-12-01T05:25:40.648+0000] {processor.py:186} INFO - Started process (PID=15299) to work on /home/airflow/.local/lib/python3.12/site-packages/airflow/example_dags/tutorial_dag.py
[2024-12-01T05:25:40.648+0000] {processor.py:914} INFO - Processing file /home/airflow/.local/lib/python3.12/site-packages/airflow/example_dags/tutorial_dag.py for tasks to queue
[2024-12-01T05:25:40.649+0000] {logging_mixin.py:190} INFO - [2024-12-01T05:25:40.649+0000] {dagbag.py:588} INFO - Filling up the DagBag from /home/airflow/.local/lib/python3.12/site-packages/airflow/example_dags/tutorial_dag.py
[2024-12-01T05:25:40.652+0000] {processor.py:925} INFO - DAG(s) 'tutorial_dag' retrieved from /home/airflow/.local/lib/python3.12/site-packages/airflow/example_dags/tutorial_dag.py
[2024-12-01T05:25:40.661+0000] {logging_mixin.py:190} INFO - [2024-12-01T05:25:40.660+0000] {dag.py:3239} INFO - Sync 1 DAGs
[2024-12-01T05:25:40.666+0000] {logging_mixin.py:190} INFO - [2024-12-01T05:25:40.666+0000] {dag.py:4180} INFO - Setting next_dagrun for tutorial_dag to None, run_after=None
[2024-12-01T05:25:40.673+0000] {processor.py:208} INFO - Processing /home/airflow/.local/lib/python3.12/site-packages/airflow/example_dags/tutorial_dag.py took 0.027 seconds
[2024-12-01T05:26:11.025+0000] {processor.py:186} INFO - Started process (PID=15668) to work on /home/airflow/.local/lib/python3.12/site-packages/airflow/example_dags/tutorial_dag.py
[2024-12-01T05:26:11.026+0000] {processor.py:914} INFO - Processing file /home/airflow/.local/lib/python3.12/site-packages/airflow/example_dags/tutorial_dag.py for tasks to queue
[2024-12-01T05:26:11.026+0000] {logging_mixin.py:190} INFO - [2024-12-01T05:26:11.026+0000] {dagbag.py:588} INFO - Filling up the DagBag from /home/airflow/.local/lib/python3.12/site-packages/airflow/example_dags/tutorial_dag.py
[2024-12-01T05:26:11.029+0000] {processor.py:925} INFO - DAG(s) 'tutorial_dag' retrieved from /home/airflow/.local/lib/python3.12/site-packages/airflow/example_dags/tutorial_dag.py
[2024-12-01T05:26:11.040+0000] {logging_mixin.py:190} INFO - [2024-12-01T05:26:11.040+0000] {dag.py:3239} INFO - Sync 1 DAGs
[2024-12-01T05:26:11.045+0000] {logging_mixin.py:190} INFO - [2024-12-01T05:26:11.045+0000] {dag.py:4180} INFO - Setting next_dagrun for tutorial_dag to None, run_after=None
[2024-12-01T05:26:11.052+0000] {processor.py:208} INFO - Processing /home/airflow/.local/lib/python3.12/site-packages/airflow/example_dags/tutorial_dag.py took 0.030 seconds
[2024-12-01T05:26:41.400+0000] {processor.py:186} INFO - Started process (PID=16038) to work on /home/airflow/.local/lib/python3.12/site-packages/airflow/example_dags/tutorial_dag.py
[2024-12-01T05:26:41.403+0000] {processor.py:914} INFO - Processing file /home/airflow/.local/lib/python3.12/site-packages/airflow/example_dags/tutorial_dag.py for tasks to queue
[2024-12-01T05:26:41.404+0000] {logging_mixin.py:190} INFO - [2024-12-01T05:26:41.404+0000] {dagbag.py:588} INFO - Filling up the DagBag from /home/airflow/.local/lib/python3.12/site-packages/airflow/example_dags/tutorial_dag.py
[2024-12-01T05:26:41.408+0000] {processor.py:925} INFO - DAG(s) 'tutorial_dag' retrieved from /home/airflow/.local/lib/python3.12/site-packages/airflow/example_dags/tutorial_dag.py
[2024-12-01T05:26:41.417+0000] {logging_mixin.py:190} INFO - [2024-12-01T05:26:41.417+0000] {dag.py:3239} INFO - Sync 1 DAGs
[2024-12-01T05:26:41.425+0000] {logging_mixin.py:190} INFO - [2024-12-01T05:26:41.424+0000] {dag.py:4180} INFO - Setting next_dagrun for tutorial_dag to None, run_after=None
[2024-12-01T05:26:41.431+0000] {processor.py:208} INFO - Processing /home/airflow/.local/lib/python3.12/site-packages/airflow/example_dags/tutorial_dag.py took 0.033 seconds
[2024-12-01T05:27:11.897+0000] {processor.py:186} INFO - Started process (PID=16414) to work on /home/airflow/.local/lib/python3.12/site-packages/airflow/example_dags/tutorial_dag.py
[2024-12-01T05:27:11.898+0000] {processor.py:914} INFO - Processing file /home/airflow/.local/lib/python3.12/site-packages/airflow/example_dags/tutorial_dag.py for tasks to queue
[2024-12-01T05:27:11.899+0000] {logging_mixin.py:190} INFO - [2024-12-01T05:27:11.899+0000] {dagbag.py:588} INFO - Filling up the DagBag from /home/airflow/.local/lib/python3.12/site-packages/airflow/example_dags/tutorial_dag.py
[2024-12-01T05:27:11.902+0000] {processor.py:925} INFO - DAG(s) 'tutorial_dag' retrieved from /home/airflow/.local/lib/python3.12/site-packages/airflow/example_dags/tutorial_dag.py
[2024-12-01T05:27:11.916+0000] {logging_mixin.py:190} INFO - [2024-12-01T05:27:11.916+0000] {dag.py:3239} INFO - Sync 1 DAGs
[2024-12-01T05:27:11.922+0000] {logging_mixin.py:190} INFO - [2024-12-01T05:27:11.922+0000] {dag.py:4180} INFO - Setting next_dagrun for tutorial_dag to None, run_after=None
[2024-12-01T05:27:11.930+0000] {processor.py:208} INFO - Processing /home/airflow/.local/lib/python3.12/site-packages/airflow/example_dags/tutorial_dag.py took 0.036 seconds
[2024-12-01T05:27:42.619+0000] {processor.py:186} INFO - Started process (PID=16817) to work on /home/airflow/.local/lib/python3.12/site-packages/airflow/example_dags/tutorial_dag.py
[2024-12-01T05:27:42.620+0000] {processor.py:914} INFO - Processing file /home/airflow/.local/lib/python3.12/site-packages/airflow/example_dags/tutorial_dag.py for tasks to queue
[2024-12-01T05:27:42.621+0000] {logging_mixin.py:190} INFO - [2024-12-01T05:27:42.620+0000] {dagbag.py:588} INFO - Filling up the DagBag from /home/airflow/.local/lib/python3.12/site-packages/airflow/example_dags/tutorial_dag.py
[2024-12-01T05:27:42.628+0000] {processor.py:925} INFO - DAG(s) 'tutorial_dag' retrieved from /home/airflow/.local/lib/python3.12/site-packages/airflow/example_dags/tutorial_dag.py
[2024-12-01T05:27:42.644+0000] {logging_mixin.py:190} INFO - [2024-12-01T05:27:42.644+0000] {dag.py:3239} INFO - Sync 1 DAGs
[2024-12-01T05:27:42.652+0000] {logging_mixin.py:190} INFO - [2024-12-01T05:27:42.652+0000] {dag.py:4180} INFO - Setting next_dagrun for tutorial_dag to None, run_after=None
[2024-12-01T05:27:42.660+0000] {processor.py:208} INFO - Processing /home/airflow/.local/lib/python3.12/site-packages/airflow/example_dags/tutorial_dag.py took 0.047 seconds
[2024-12-01T05:28:13.340+0000] {processor.py:186} INFO - Started process (PID=17209) to work on /home/airflow/.local/lib/python3.12/site-packages/airflow/example_dags/tutorial_dag.py
[2024-12-01T05:28:13.341+0000] {processor.py:914} INFO - Processing file /home/airflow/.local/lib/python3.12/site-packages/airflow/example_dags/tutorial_dag.py for tasks to queue
[2024-12-01T05:28:13.343+0000] {logging_mixin.py:190} INFO - [2024-12-01T05:28:13.343+0000] {dagbag.py:588} INFO - Filling up the DagBag from /home/airflow/.local/lib/python3.12/site-packages/airflow/example_dags/tutorial_dag.py
[2024-12-01T05:28:13.351+0000] {processor.py:925} INFO - DAG(s) 'tutorial_dag' retrieved from /home/airflow/.local/lib/python3.12/site-packages/airflow/example_dags/tutorial_dag.py
[2024-12-01T05:28:13.359+0000] {logging_mixin.py:190} INFO - [2024-12-01T05:28:13.359+0000] {dag.py:3239} INFO - Sync 1 DAGs
[2024-12-01T05:28:13.368+0000] {logging_mixin.py:190} INFO - [2024-12-01T05:28:13.368+0000] {dag.py:4180} INFO - Setting next_dagrun for tutorial_dag to None, run_after=None
[2024-12-01T05:28:13.375+0000] {processor.py:208} INFO - Processing /home/airflow/.local/lib/python3.12/site-packages/airflow/example_dags/tutorial_dag.py took 0.037 seconds
[2024-12-01T05:28:44.106+0000] {processor.py:186} INFO - Started process (PID=17587) to work on /home/airflow/.local/lib/python3.12/site-packages/airflow/example_dags/tutorial_dag.py
[2024-12-01T05:28:44.109+0000] {processor.py:914} INFO - Processing file /home/airflow/.local/lib/python3.12/site-packages/airflow/example_dags/tutorial_dag.py for tasks to queue
[2024-12-01T05:28:44.109+0000] {logging_mixin.py:190} INFO - [2024-12-01T05:28:44.109+0000] {dagbag.py:588} INFO - Filling up the DagBag from /home/airflow/.local/lib/python3.12/site-packages/airflow/example_dags/tutorial_dag.py
[2024-12-01T05:28:44.114+0000] {processor.py:925} INFO - DAG(s) 'tutorial_dag' retrieved from /home/airflow/.local/lib/python3.12/site-packages/airflow/example_dags/tutorial_dag.py
[2024-12-01T05:28:44.126+0000] {logging_mixin.py:190} INFO - [2024-12-01T05:28:44.126+0000] {dag.py:3239} INFO - Sync 1 DAGs
[2024-12-01T05:28:44.133+0000] {logging_mixin.py:190} INFO - [2024-12-01T05:28:44.133+0000] {dag.py:4180} INFO - Setting next_dagrun for tutorial_dag to None, run_after=None
[2024-12-01T05:28:44.144+0000] {processor.py:208} INFO - Processing /home/airflow/.local/lib/python3.12/site-packages/airflow/example_dags/tutorial_dag.py took 0.040 seconds
[2024-12-01T05:29:14.720+0000] {processor.py:186} INFO - Started process (PID=17968) to work on /home/airflow/.local/lib/python3.12/site-packages/airflow/example_dags/tutorial_dag.py
[2024-12-01T05:29:14.720+0000] {processor.py:914} INFO - Processing file /home/airflow/.local/lib/python3.12/site-packages/airflow/example_dags/tutorial_dag.py for tasks to queue
[2024-12-01T05:29:14.720+0000] {logging_mixin.py:190} INFO - [2024-12-01T05:29:14.720+0000] {dagbag.py:588} INFO - Filling up the DagBag from /home/airflow/.local/lib/python3.12/site-packages/airflow/example_dags/tutorial_dag.py
[2024-12-01T05:29:14.724+0000] {processor.py:925} INFO - DAG(s) 'tutorial_dag' retrieved from /home/airflow/.local/lib/python3.12/site-packages/airflow/example_dags/tutorial_dag.py
[2024-12-01T05:29:14.735+0000] {logging_mixin.py:190} INFO - [2024-12-01T05:29:14.735+0000] {dag.py:3239} INFO - Sync 1 DAGs
[2024-12-01T05:29:14.743+0000] {logging_mixin.py:190} INFO - [2024-12-01T05:29:14.743+0000] {dag.py:4180} INFO - Setting next_dagrun for tutorial_dag to None, run_after=None
[2024-12-01T05:29:14.752+0000] {processor.py:208} INFO - Processing /home/airflow/.local/lib/python3.12/site-packages/airflow/example_dags/tutorial_dag.py took 0.034 seconds
[2024-12-01T05:29:45.343+0000] {processor.py:186} INFO - Started process (PID=18334) to work on /home/airflow/.local/lib/python3.12/site-packages/airflow/example_dags/tutorial_dag.py
[2024-12-01T05:29:45.343+0000] {processor.py:914} INFO - Processing file /home/airflow/.local/lib/python3.12/site-packages/airflow/example_dags/tutorial_dag.py for tasks to queue
[2024-12-01T05:29:45.344+0000] {logging_mixin.py:190} INFO - [2024-12-01T05:29:45.344+0000] {dagbag.py:588} INFO - Filling up the DagBag from /home/airflow/.local/lib/python3.12/site-packages/airflow/example_dags/tutorial_dag.py
[2024-12-01T05:29:45.348+0000] {processor.py:925} INFO - DAG(s) 'tutorial_dag' retrieved from /home/airflow/.local/lib/python3.12/site-packages/airflow/example_dags/tutorial_dag.py
[2024-12-01T05:29:45.358+0000] {logging_mixin.py:190} INFO - [2024-12-01T05:29:45.358+0000] {dag.py:3239} INFO - Sync 1 DAGs
[2024-12-01T05:29:45.364+0000] {logging_mixin.py:190} INFO - [2024-12-01T05:29:45.364+0000] {dag.py:4180} INFO - Setting next_dagrun for tutorial_dag to None, run_after=None
[2024-12-01T05:29:45.372+0000] {processor.py:208} INFO - Processing /home/airflow/.local/lib/python3.12/site-packages/airflow/example_dags/tutorial_dag.py took 0.032 seconds
