[2024-11-24T15:57:17.476+0000] {processor.py:186} INFO - Started process (PID=226) to work on /opt/airflow/dags/script/example/create_dag_with_python_operator.py
[2024-11-24T15:57:17.478+0000] {processor.py:914} INFO - Processing file /opt/airflow/dags/script/example/create_dag_with_python_operator.py for tasks to queue
[2024-11-24T15:57:17.480+0000] {logging_mixin.py:190} INFO - [2024-11-24T15:57:17.480+0000] {dagbag.py:588} INFO - Filling up the DagBag from /opt/airflow/dags/script/example/create_dag_with_python_operator.py
[2024-11-24T15:57:17.496+0000] {processor.py:925} INFO - DAG(s) 'our_dag_with_python_operator_v06' retrieved from /opt/airflow/dags/script/example/create_dag_with_python_operator.py
[2024-11-24T15:57:17.518+0000] {logging_mixin.py:190} INFO - [2024-11-24T15:57:17.518+0000] {dag.py:3239} INFO - Sync 1 DAGs
[2024-11-24T15:57:17.531+0000] {logging_mixin.py:190} INFO - [2024-11-24T15:57:17.531+0000] {dag.py:4180} INFO - Setting next_dagrun for our_dag_with_python_operator_v06 to 2024-11-09 00:00:00+00:00, run_after=2024-11-10 00:00:00+00:00
[2024-11-24T15:57:17.549+0000] {processor.py:208} INFO - Processing /opt/airflow/dags/script/example/create_dag_with_python_operator.py took 0.075 seconds
[2024-11-24T15:57:48.502+0000] {processor.py:186} INFO - Started process (PID=597) to work on /opt/airflow/dags/script/example/create_dag_with_python_operator.py
[2024-11-24T15:57:48.503+0000] {processor.py:914} INFO - Processing file /opt/airflow/dags/script/example/create_dag_with_python_operator.py for tasks to queue
[2024-11-24T15:57:48.505+0000] {logging_mixin.py:190} INFO - [2024-11-24T15:57:48.505+0000] {dagbag.py:588} INFO - Filling up the DagBag from /opt/airflow/dags/script/example/create_dag_with_python_operator.py
[2024-11-24T15:57:48.515+0000] {processor.py:925} INFO - DAG(s) 'our_dag_with_python_operator_v06' retrieved from /opt/airflow/dags/script/example/create_dag_with_python_operator.py
[2024-11-24T15:57:48.524+0000] {logging_mixin.py:190} INFO - [2024-11-24T15:57:48.524+0000] {dag.py:3239} INFO - Sync 1 DAGs
[2024-11-24T15:57:48.533+0000] {logging_mixin.py:190} INFO - [2024-11-24T15:57:48.533+0000] {dag.py:4180} INFO - Setting next_dagrun for our_dag_with_python_operator_v06 to 2024-11-09 00:00:00+00:00, run_after=2024-11-10 00:00:00+00:00
[2024-11-24T15:57:48.541+0000] {processor.py:208} INFO - Processing /opt/airflow/dags/script/example/create_dag_with_python_operator.py took 0.042 seconds
[2024-11-24T15:58:19.025+0000] {processor.py:186} INFO - Started process (PID=953) to work on /opt/airflow/dags/script/example/create_dag_with_python_operator.py
[2024-11-24T15:58:19.027+0000] {processor.py:914} INFO - Processing file /opt/airflow/dags/script/example/create_dag_with_python_operator.py for tasks to queue
[2024-11-24T15:58:19.030+0000] {logging_mixin.py:190} INFO - [2024-11-24T15:58:19.030+0000] {dagbag.py:588} INFO - Filling up the DagBag from /opt/airflow/dags/script/example/create_dag_with_python_operator.py
[2024-11-24T15:58:19.042+0000] {processor.py:925} INFO - DAG(s) 'our_dag_with_python_operator_v06' retrieved from /opt/airflow/dags/script/example/create_dag_with_python_operator.py
[2024-11-24T15:58:19.054+0000] {logging_mixin.py:190} INFO - [2024-11-24T15:58:19.054+0000] {dag.py:3239} INFO - Sync 1 DAGs
[2024-11-24T15:58:19.065+0000] {logging_mixin.py:190} INFO - [2024-11-24T15:58:19.065+0000] {dag.py:4180} INFO - Setting next_dagrun for our_dag_with_python_operator_v06 to 2024-11-09 00:00:00+00:00, run_after=2024-11-10 00:00:00+00:00
[2024-11-24T15:58:19.076+0000] {processor.py:208} INFO - Processing /opt/airflow/dags/script/example/create_dag_with_python_operator.py took 0.055 seconds
[2024-11-24T15:58:49.652+0000] {processor.py:186} INFO - Started process (PID=1308) to work on /opt/airflow/dags/script/example/create_dag_with_python_operator.py
[2024-11-24T15:58:49.653+0000] {processor.py:914} INFO - Processing file /opt/airflow/dags/script/example/create_dag_with_python_operator.py for tasks to queue
[2024-11-24T15:58:49.656+0000] {logging_mixin.py:190} INFO - [2024-11-24T15:58:49.655+0000] {dagbag.py:588} INFO - Filling up the DagBag from /opt/airflow/dags/script/example/create_dag_with_python_operator.py
[2024-11-24T15:58:49.670+0000] {processor.py:925} INFO - DAG(s) 'our_dag_with_python_operator_v06' retrieved from /opt/airflow/dags/script/example/create_dag_with_python_operator.py
[2024-11-24T15:58:49.682+0000] {logging_mixin.py:190} INFO - [2024-11-24T15:58:49.682+0000] {dag.py:3239} INFO - Sync 1 DAGs
[2024-11-24T15:58:49.693+0000] {logging_mixin.py:190} INFO - [2024-11-24T15:58:49.693+0000] {dag.py:4180} INFO - Setting next_dagrun for our_dag_with_python_operator_v06 to 2024-11-09 00:00:00+00:00, run_after=2024-11-10 00:00:00+00:00
[2024-11-24T15:58:49.704+0000] {processor.py:208} INFO - Processing /opt/airflow/dags/script/example/create_dag_with_python_operator.py took 0.056 seconds
[2024-11-24T15:59:20.426+0000] {processor.py:186} INFO - Started process (PID=1664) to work on /opt/airflow/dags/script/example/create_dag_with_python_operator.py
[2024-11-24T15:59:20.427+0000] {processor.py:914} INFO - Processing file /opt/airflow/dags/script/example/create_dag_with_python_operator.py for tasks to queue
[2024-11-24T15:59:20.429+0000] {logging_mixin.py:190} INFO - [2024-11-24T15:59:20.428+0000] {dagbag.py:588} INFO - Filling up the DagBag from /opt/airflow/dags/script/example/create_dag_with_python_operator.py
[2024-11-24T15:59:20.438+0000] {processor.py:925} INFO - DAG(s) 'our_dag_with_python_operator_v06' retrieved from /opt/airflow/dags/script/example/create_dag_with_python_operator.py
[2024-11-24T15:59:20.449+0000] {logging_mixin.py:190} INFO - [2024-11-24T15:59:20.449+0000] {dag.py:3239} INFO - Sync 1 DAGs
[2024-11-24T15:59:20.463+0000] {logging_mixin.py:190} INFO - [2024-11-24T15:59:20.462+0000] {dag.py:4180} INFO - Setting next_dagrun for our_dag_with_python_operator_v06 to 2024-11-09 00:00:00+00:00, run_after=2024-11-10 00:00:00+00:00
[2024-11-24T15:59:20.472+0000] {processor.py:208} INFO - Processing /opt/airflow/dags/script/example/create_dag_with_python_operator.py took 0.051 seconds
[2024-11-24T15:59:50.967+0000] {processor.py:186} INFO - Started process (PID=2020) to work on /opt/airflow/dags/script/example/create_dag_with_python_operator.py
[2024-11-24T15:59:50.969+0000] {processor.py:914} INFO - Processing file /opt/airflow/dags/script/example/create_dag_with_python_operator.py for tasks to queue
[2024-11-24T15:59:50.970+0000] {logging_mixin.py:190} INFO - [2024-11-24T15:59:50.969+0000] {dagbag.py:588} INFO - Filling up the DagBag from /opt/airflow/dags/script/example/create_dag_with_python_operator.py
[2024-11-24T15:59:50.976+0000] {processor.py:925} INFO - DAG(s) 'our_dag_with_python_operator_v06' retrieved from /opt/airflow/dags/script/example/create_dag_with_python_operator.py
[2024-11-24T15:59:50.986+0000] {logging_mixin.py:190} INFO - [2024-11-24T15:59:50.986+0000] {dag.py:3239} INFO - Sync 1 DAGs
[2024-11-24T15:59:50.995+0000] {logging_mixin.py:190} INFO - [2024-11-24T15:59:50.995+0000] {dag.py:4180} INFO - Setting next_dagrun for our_dag_with_python_operator_v06 to 2024-11-09 00:00:00+00:00, run_after=2024-11-10 00:00:00+00:00
[2024-11-24T15:59:51.003+0000] {processor.py:208} INFO - Processing /opt/airflow/dags/script/example/create_dag_with_python_operator.py took 0.038 seconds
[2024-11-24T16:00:21.425+0000] {processor.py:186} INFO - Started process (PID=2376) to work on /opt/airflow/dags/script/example/create_dag_with_python_operator.py
[2024-11-24T16:00:21.426+0000] {processor.py:914} INFO - Processing file /opt/airflow/dags/script/example/create_dag_with_python_operator.py for tasks to queue
[2024-11-24T16:00:21.428+0000] {logging_mixin.py:190} INFO - [2024-11-24T16:00:21.428+0000] {dagbag.py:588} INFO - Filling up the DagBag from /opt/airflow/dags/script/example/create_dag_with_python_operator.py
[2024-11-24T16:00:21.438+0000] {processor.py:925} INFO - DAG(s) 'our_dag_with_python_operator_v06' retrieved from /opt/airflow/dags/script/example/create_dag_with_python_operator.py
[2024-11-24T16:00:21.449+0000] {logging_mixin.py:190} INFO - [2024-11-24T16:00:21.448+0000] {dag.py:3239} INFO - Sync 1 DAGs
[2024-11-24T16:00:21.460+0000] {logging_mixin.py:190} INFO - [2024-11-24T16:00:21.460+0000] {dag.py:4180} INFO - Setting next_dagrun for our_dag_with_python_operator_v06 to 2024-11-09 00:00:00+00:00, run_after=2024-11-10 00:00:00+00:00
[2024-11-24T16:00:21.466+0000] {processor.py:208} INFO - Processing /opt/airflow/dags/script/example/create_dag_with_python_operator.py took 0.046 seconds
[2024-11-24T16:00:51.843+0000] {processor.py:186} INFO - Started process (PID=2731) to work on /opt/airflow/dags/script/example/create_dag_with_python_operator.py
[2024-11-24T16:00:51.844+0000] {processor.py:914} INFO - Processing file /opt/airflow/dags/script/example/create_dag_with_python_operator.py for tasks to queue
[2024-11-24T16:00:51.846+0000] {logging_mixin.py:190} INFO - [2024-11-24T16:00:51.846+0000] {dagbag.py:588} INFO - Filling up the DagBag from /opt/airflow/dags/script/example/create_dag_with_python_operator.py
[2024-11-24T16:00:51.856+0000] {processor.py:925} INFO - DAG(s) 'our_dag_with_python_operator_v06' retrieved from /opt/airflow/dags/script/example/create_dag_with_python_operator.py
[2024-11-24T16:00:51.865+0000] {logging_mixin.py:190} INFO - [2024-11-24T16:00:51.865+0000] {dag.py:3239} INFO - Sync 1 DAGs
[2024-11-24T16:00:51.875+0000] {logging_mixin.py:190} INFO - [2024-11-24T16:00:51.875+0000] {dag.py:4180} INFO - Setting next_dagrun for our_dag_with_python_operator_v06 to 2024-11-09 00:00:00+00:00, run_after=2024-11-10 00:00:00+00:00
[2024-11-24T16:00:51.884+0000] {processor.py:208} INFO - Processing /opt/airflow/dags/script/example/create_dag_with_python_operator.py took 0.046 seconds
[2024-11-24T16:01:22.300+0000] {processor.py:186} INFO - Started process (PID=3090) to work on /opt/airflow/dags/script/example/create_dag_with_python_operator.py
[2024-11-24T16:01:22.302+0000] {processor.py:914} INFO - Processing file /opt/airflow/dags/script/example/create_dag_with_python_operator.py for tasks to queue
[2024-11-24T16:01:22.304+0000] {logging_mixin.py:190} INFO - [2024-11-24T16:01:22.304+0000] {dagbag.py:588} INFO - Filling up the DagBag from /opt/airflow/dags/script/example/create_dag_with_python_operator.py
[2024-11-24T16:01:22.311+0000] {processor.py:925} INFO - DAG(s) 'our_dag_with_python_operator_v06' retrieved from /opt/airflow/dags/script/example/create_dag_with_python_operator.py
[2024-11-24T16:01:22.320+0000] {logging_mixin.py:190} INFO - [2024-11-24T16:01:22.320+0000] {dag.py:3239} INFO - Sync 1 DAGs
[2024-11-24T16:01:22.332+0000] {logging_mixin.py:190} INFO - [2024-11-24T16:01:22.331+0000] {dag.py:4180} INFO - Setting next_dagrun for our_dag_with_python_operator_v06 to 2024-11-09 00:00:00+00:00, run_after=2024-11-10 00:00:00+00:00
[2024-11-24T16:01:22.340+0000] {processor.py:208} INFO - Processing /opt/airflow/dags/script/example/create_dag_with_python_operator.py took 0.045 seconds
[2024-11-24T16:01:52.783+0000] {processor.py:186} INFO - Started process (PID=3452) to work on /opt/airflow/dags/script/example/create_dag_with_python_operator.py
[2024-11-24T16:01:52.784+0000] {processor.py:914} INFO - Processing file /opt/airflow/dags/script/example/create_dag_with_python_operator.py for tasks to queue
[2024-11-24T16:01:52.786+0000] {logging_mixin.py:190} INFO - [2024-11-24T16:01:52.786+0000] {dagbag.py:588} INFO - Filling up the DagBag from /opt/airflow/dags/script/example/create_dag_with_python_operator.py
[2024-11-24T16:01:52.791+0000] {processor.py:925} INFO - DAG(s) 'our_dag_with_python_operator_v06' retrieved from /opt/airflow/dags/script/example/create_dag_with_python_operator.py
[2024-11-24T16:01:52.802+0000] {logging_mixin.py:190} INFO - [2024-11-24T16:01:52.802+0000] {dag.py:3239} INFO - Sync 1 DAGs
[2024-11-24T16:01:52.816+0000] {logging_mixin.py:190} INFO - [2024-11-24T16:01:52.816+0000] {dag.py:4180} INFO - Setting next_dagrun for our_dag_with_python_operator_v06 to 2024-11-09 00:00:00+00:00, run_after=2024-11-10 00:00:00+00:00
[2024-11-24T16:01:52.825+0000] {processor.py:208} INFO - Processing /opt/airflow/dags/script/example/create_dag_with_python_operator.py took 0.045 seconds
[2024-11-24T16:02:23.698+0000] {processor.py:186} INFO - Started process (PID=3813) to work on /opt/airflow/dags/script/example/create_dag_with_python_operator.py
[2024-11-24T16:02:23.698+0000] {processor.py:914} INFO - Processing file /opt/airflow/dags/script/example/create_dag_with_python_operator.py for tasks to queue
[2024-11-24T16:02:23.700+0000] {logging_mixin.py:190} INFO - [2024-11-24T16:02:23.700+0000] {dagbag.py:588} INFO - Filling up the DagBag from /opt/airflow/dags/script/example/create_dag_with_python_operator.py
[2024-11-24T16:02:23.708+0000] {processor.py:925} INFO - DAG(s) 'our_dag_with_python_operator_v06' retrieved from /opt/airflow/dags/script/example/create_dag_with_python_operator.py
[2024-11-24T16:02:23.720+0000] {logging_mixin.py:190} INFO - [2024-11-24T16:02:23.720+0000] {dag.py:3239} INFO - Sync 1 DAGs
[2024-11-24T16:02:23.733+0000] {logging_mixin.py:190} INFO - [2024-11-24T16:02:23.733+0000] {dag.py:4180} INFO - Setting next_dagrun for our_dag_with_python_operator_v06 to 2024-11-09 00:00:00+00:00, run_after=2024-11-10 00:00:00+00:00
[2024-11-24T16:02:23.744+0000] {processor.py:208} INFO - Processing /opt/airflow/dags/script/example/create_dag_with_python_operator.py took 0.050 seconds
[2024-11-24T16:02:54.206+0000] {processor.py:186} INFO - Started process (PID=4169) to work on /opt/airflow/dags/script/example/create_dag_with_python_operator.py
[2024-11-24T16:02:54.206+0000] {processor.py:914} INFO - Processing file /opt/airflow/dags/script/example/create_dag_with_python_operator.py for tasks to queue
[2024-11-24T16:02:54.208+0000] {logging_mixin.py:190} INFO - [2024-11-24T16:02:54.208+0000] {dagbag.py:588} INFO - Filling up the DagBag from /opt/airflow/dags/script/example/create_dag_with_python_operator.py
[2024-11-24T16:02:54.215+0000] {processor.py:925} INFO - DAG(s) 'our_dag_with_python_operator_v06' retrieved from /opt/airflow/dags/script/example/create_dag_with_python_operator.py
[2024-11-24T16:02:54.227+0000] {logging_mixin.py:190} INFO - [2024-11-24T16:02:54.226+0000] {dag.py:3239} INFO - Sync 1 DAGs
[2024-11-24T16:02:54.237+0000] {logging_mixin.py:190} INFO - [2024-11-24T16:02:54.237+0000] {dag.py:4180} INFO - Setting next_dagrun for our_dag_with_python_operator_v06 to 2024-11-09 00:00:00+00:00, run_after=2024-11-10 00:00:00+00:00
[2024-11-24T16:02:54.246+0000] {processor.py:208} INFO - Processing /opt/airflow/dags/script/example/create_dag_with_python_operator.py took 0.045 seconds
[2024-11-24T16:03:24.581+0000] {processor.py:186} INFO - Started process (PID=4525) to work on /opt/airflow/dags/script/example/create_dag_with_python_operator.py
[2024-11-24T16:03:24.582+0000] {processor.py:914} INFO - Processing file /opt/airflow/dags/script/example/create_dag_with_python_operator.py for tasks to queue
[2024-11-24T16:03:24.584+0000] {logging_mixin.py:190} INFO - [2024-11-24T16:03:24.583+0000] {dagbag.py:588} INFO - Filling up the DagBag from /opt/airflow/dags/script/example/create_dag_with_python_operator.py
[2024-11-24T16:03:24.593+0000] {processor.py:925} INFO - DAG(s) 'our_dag_with_python_operator_v06' retrieved from /opt/airflow/dags/script/example/create_dag_with_python_operator.py
[2024-11-24T16:03:24.604+0000] {logging_mixin.py:190} INFO - [2024-11-24T16:03:24.604+0000] {dag.py:3239} INFO - Sync 1 DAGs
[2024-11-24T16:03:24.616+0000] {logging_mixin.py:190} INFO - [2024-11-24T16:03:24.616+0000] {dag.py:4180} INFO - Setting next_dagrun for our_dag_with_python_operator_v06 to 2024-11-09 00:00:00+00:00, run_after=2024-11-10 00:00:00+00:00
[2024-11-24T16:03:24.625+0000] {processor.py:208} INFO - Processing /opt/airflow/dags/script/example/create_dag_with_python_operator.py took 0.048 seconds
[2024-11-24T16:03:55.286+0000] {processor.py:186} INFO - Started process (PID=4886) to work on /opt/airflow/dags/script/example/create_dag_with_python_operator.py
[2024-11-24T16:03:55.287+0000] {processor.py:914} INFO - Processing file /opt/airflow/dags/script/example/create_dag_with_python_operator.py for tasks to queue
[2024-11-24T16:03:55.289+0000] {logging_mixin.py:190} INFO - [2024-11-24T16:03:55.289+0000] {dagbag.py:588} INFO - Filling up the DagBag from /opt/airflow/dags/script/example/create_dag_with_python_operator.py
[2024-11-24T16:03:55.296+0000] {processor.py:925} INFO - DAG(s) 'our_dag_with_python_operator_v06' retrieved from /opt/airflow/dags/script/example/create_dag_with_python_operator.py
[2024-11-24T16:03:55.306+0000] {logging_mixin.py:190} INFO - [2024-11-24T16:03:55.306+0000] {dag.py:3239} INFO - Sync 1 DAGs
[2024-11-24T16:03:55.315+0000] {logging_mixin.py:190} INFO - [2024-11-24T16:03:55.315+0000] {dag.py:4180} INFO - Setting next_dagrun for our_dag_with_python_operator_v06 to 2024-11-09 00:00:00+00:00, run_after=2024-11-10 00:00:00+00:00
[2024-11-24T16:03:55.324+0000] {processor.py:208} INFO - Processing /opt/airflow/dags/script/example/create_dag_with_python_operator.py took 0.041 seconds
[2024-11-24T16:04:25.734+0000] {processor.py:186} INFO - Started process (PID=5262) to work on /opt/airflow/dags/script/example/create_dag_with_python_operator.py
[2024-11-24T16:04:25.735+0000] {processor.py:914} INFO - Processing file /opt/airflow/dags/script/example/create_dag_with_python_operator.py for tasks to queue
[2024-11-24T16:04:25.736+0000] {logging_mixin.py:190} INFO - [2024-11-24T16:04:25.736+0000] {dagbag.py:588} INFO - Filling up the DagBag from /opt/airflow/dags/script/example/create_dag_with_python_operator.py
[2024-11-24T16:04:25.743+0000] {processor.py:925} INFO - DAG(s) 'our_dag_with_python_operator_v06' retrieved from /opt/airflow/dags/script/example/create_dag_with_python_operator.py
[2024-11-24T16:04:25.750+0000] {logging_mixin.py:190} INFO - [2024-11-24T16:04:25.750+0000] {dag.py:3239} INFO - Sync 1 DAGs
[2024-11-24T16:04:25.762+0000] {logging_mixin.py:190} INFO - [2024-11-24T16:04:25.761+0000] {dag.py:4180} INFO - Setting next_dagrun for our_dag_with_python_operator_v06 to 2024-11-09 00:00:00+00:00, run_after=2024-11-10 00:00:00+00:00
[2024-11-24T16:04:25.771+0000] {processor.py:208} INFO - Processing /opt/airflow/dags/script/example/create_dag_with_python_operator.py took 0.040 seconds
[2024-11-24T16:04:56.390+0000] {processor.py:186} INFO - Started process (PID=5623) to work on /opt/airflow/dags/script/example/create_dag_with_python_operator.py
[2024-11-24T16:04:56.392+0000] {processor.py:914} INFO - Processing file /opt/airflow/dags/script/example/create_dag_with_python_operator.py for tasks to queue
[2024-11-24T16:04:56.393+0000] {logging_mixin.py:190} INFO - [2024-11-24T16:04:56.393+0000] {dagbag.py:588} INFO - Filling up the DagBag from /opt/airflow/dags/script/example/create_dag_with_python_operator.py
[2024-11-24T16:04:56.402+0000] {processor.py:925} INFO - DAG(s) 'our_dag_with_python_operator_v06' retrieved from /opt/airflow/dags/script/example/create_dag_with_python_operator.py
[2024-11-24T16:04:56.413+0000] {logging_mixin.py:190} INFO - [2024-11-24T16:04:56.413+0000] {dag.py:3239} INFO - Sync 1 DAGs
[2024-11-24T16:04:56.428+0000] {logging_mixin.py:190} INFO - [2024-11-24T16:04:56.428+0000] {dag.py:4180} INFO - Setting next_dagrun for our_dag_with_python_operator_v06 to 2024-11-09 00:00:00+00:00, run_after=2024-11-10 00:00:00+00:00
[2024-11-24T16:04:56.438+0000] {processor.py:208} INFO - Processing /opt/airflow/dags/script/example/create_dag_with_python_operator.py took 0.053 seconds
[2024-11-24T16:05:26.945+0000] {processor.py:186} INFO - Started process (PID=5979) to work on /opt/airflow/dags/script/example/create_dag_with_python_operator.py
[2024-11-24T16:05:26.947+0000] {processor.py:914} INFO - Processing file /opt/airflow/dags/script/example/create_dag_with_python_operator.py for tasks to queue
[2024-11-24T16:05:26.949+0000] {logging_mixin.py:190} INFO - [2024-11-24T16:05:26.949+0000] {dagbag.py:588} INFO - Filling up the DagBag from /opt/airflow/dags/script/example/create_dag_with_python_operator.py
[2024-11-24T16:05:26.957+0000] {processor.py:925} INFO - DAG(s) 'our_dag_with_python_operator_v06' retrieved from /opt/airflow/dags/script/example/create_dag_with_python_operator.py
[2024-11-24T16:05:26.969+0000] {logging_mixin.py:190} INFO - [2024-11-24T16:05:26.969+0000] {dag.py:3239} INFO - Sync 1 DAGs
[2024-11-24T16:05:26.980+0000] {logging_mixin.py:190} INFO - [2024-11-24T16:05:26.980+0000] {dag.py:4180} INFO - Setting next_dagrun for our_dag_with_python_operator_v06 to 2024-11-09 00:00:00+00:00, run_after=2024-11-10 00:00:00+00:00
[2024-11-24T16:05:26.989+0000] {processor.py:208} INFO - Processing /opt/airflow/dags/script/example/create_dag_with_python_operator.py took 0.048 seconds
[2024-11-24T16:05:57.369+0000] {processor.py:186} INFO - Started process (PID=6350) to work on /opt/airflow/dags/script/example/create_dag_with_python_operator.py
[2024-11-24T16:05:57.370+0000] {processor.py:914} INFO - Processing file /opt/airflow/dags/script/example/create_dag_with_python_operator.py for tasks to queue
[2024-11-24T16:05:57.371+0000] {logging_mixin.py:190} INFO - [2024-11-24T16:05:57.371+0000] {dagbag.py:588} INFO - Filling up the DagBag from /opt/airflow/dags/script/example/create_dag_with_python_operator.py
[2024-11-24T16:05:57.377+0000] {processor.py:925} INFO - DAG(s) 'our_dag_with_python_operator_v06' retrieved from /opt/airflow/dags/script/example/create_dag_with_python_operator.py
[2024-11-24T16:05:57.388+0000] {logging_mixin.py:190} INFO - [2024-11-24T16:05:57.388+0000] {dag.py:3239} INFO - Sync 1 DAGs
[2024-11-24T16:05:57.396+0000] {logging_mixin.py:190} INFO - [2024-11-24T16:05:57.396+0000] {dag.py:4180} INFO - Setting next_dagrun for our_dag_with_python_operator_v06 to 2024-11-09 00:00:00+00:00, run_after=2024-11-10 00:00:00+00:00
[2024-11-24T16:05:57.402+0000] {processor.py:208} INFO - Processing /opt/airflow/dags/script/example/create_dag_with_python_operator.py took 0.036 seconds
[2024-11-24T16:06:22.435+0000] {processor.py:186} INFO - Started process (PID=6658) to work on /opt/airflow/dags/script/example/create_dag_with_python_operator.py
[2024-11-24T16:06:22.436+0000] {processor.py:914} INFO - Processing file /opt/airflow/dags/script/example/create_dag_with_python_operator.py for tasks to queue
[2024-11-24T16:06:22.438+0000] {logging_mixin.py:190} INFO - [2024-11-24T16:06:22.438+0000] {dagbag.py:588} INFO - Filling up the DagBag from /opt/airflow/dags/script/example/create_dag_with_python_operator.py
[2024-11-24T16:06:22.442+0000] {processor.py:927} WARNING - No viable dags retrieved from /opt/airflow/dags/script/example/create_dag_with_python_operator.py
[2024-11-24T16:06:22.451+0000] {processor.py:208} INFO - Processing /opt/airflow/dags/script/example/create_dag_with_python_operator.py took 0.021 seconds
[2024-11-24T16:06:53.213+0000] {processor.py:186} INFO - Started process (PID=7054) to work on /opt/airflow/dags/script/example/create_dag_with_python_operator.py
[2024-11-24T16:06:53.214+0000] {processor.py:914} INFO - Processing file /opt/airflow/dags/script/example/create_dag_with_python_operator.py for tasks to queue
[2024-11-24T16:06:53.216+0000] {logging_mixin.py:190} INFO - [2024-11-24T16:06:53.216+0000] {dagbag.py:588} INFO - Filling up the DagBag from /opt/airflow/dags/script/example/create_dag_with_python_operator.py
[2024-11-24T16:06:53.219+0000] {processor.py:927} WARNING - No viable dags retrieved from /opt/airflow/dags/script/example/create_dag_with_python_operator.py
[2024-11-24T16:06:53.228+0000] {processor.py:208} INFO - Processing /opt/airflow/dags/script/example/create_dag_with_python_operator.py took 0.019 seconds
[2024-11-24T16:07:23.564+0000] {processor.py:186} INFO - Started process (PID=7410) to work on /opt/airflow/dags/script/example/create_dag_with_python_operator.py
[2024-11-24T16:07:23.564+0000] {processor.py:914} INFO - Processing file /opt/airflow/dags/script/example/create_dag_with_python_operator.py for tasks to queue
[2024-11-24T16:07:23.565+0000] {logging_mixin.py:190} INFO - [2024-11-24T16:07:23.565+0000] {dagbag.py:588} INFO - Filling up the DagBag from /opt/airflow/dags/script/example/create_dag_with_python_operator.py
[2024-11-24T16:07:23.568+0000] {processor.py:927} WARNING - No viable dags retrieved from /opt/airflow/dags/script/example/create_dag_with_python_operator.py
[2024-11-24T16:07:23.576+0000] {processor.py:208} INFO - Processing /opt/airflow/dags/script/example/create_dag_with_python_operator.py took 0.018 seconds
[2024-11-24T16:07:53.717+0000] {processor.py:186} INFO - Started process (PID=7766) to work on /opt/airflow/dags/script/example/create_dag_with_python_operator.py
[2024-11-24T16:07:53.718+0000] {processor.py:914} INFO - Processing file /opt/airflow/dags/script/example/create_dag_with_python_operator.py for tasks to queue
[2024-11-24T16:07:53.719+0000] {logging_mixin.py:190} INFO - [2024-11-24T16:07:53.719+0000] {dagbag.py:588} INFO - Filling up the DagBag from /opt/airflow/dags/script/example/create_dag_with_python_operator.py
[2024-11-24T16:07:53.721+0000] {processor.py:927} WARNING - No viable dags retrieved from /opt/airflow/dags/script/example/create_dag_with_python_operator.py
[2024-11-24T16:07:53.730+0000] {processor.py:208} INFO - Processing /opt/airflow/dags/script/example/create_dag_with_python_operator.py took 0.018 seconds
[2024-11-24T16:08:23.951+0000] {processor.py:186} INFO - Started process (PID=8122) to work on /opt/airflow/dags/script/example/create_dag_with_python_operator.py
[2024-11-24T16:08:23.952+0000] {processor.py:914} INFO - Processing file /opt/airflow/dags/script/example/create_dag_with_python_operator.py for tasks to queue
[2024-11-24T16:08:23.953+0000] {logging_mixin.py:190} INFO - [2024-11-24T16:08:23.953+0000] {dagbag.py:588} INFO - Filling up the DagBag from /opt/airflow/dags/script/example/create_dag_with_python_operator.py
[2024-11-24T16:08:23.955+0000] {processor.py:927} WARNING - No viable dags retrieved from /opt/airflow/dags/script/example/create_dag_with_python_operator.py
[2024-11-24T16:08:23.964+0000] {processor.py:208} INFO - Processing /opt/airflow/dags/script/example/create_dag_with_python_operator.py took 0.017 seconds
[2024-11-24T16:08:54.140+0000] {processor.py:186} INFO - Started process (PID=8478) to work on /opt/airflow/dags/script/example/create_dag_with_python_operator.py
[2024-11-24T16:08:54.141+0000] {processor.py:914} INFO - Processing file /opt/airflow/dags/script/example/create_dag_with_python_operator.py for tasks to queue
[2024-11-24T16:08:54.141+0000] {logging_mixin.py:190} INFO - [2024-11-24T16:08:54.141+0000] {dagbag.py:588} INFO - Filling up the DagBag from /opt/airflow/dags/script/example/create_dag_with_python_operator.py
[2024-11-24T16:08:54.143+0000] {processor.py:927} WARNING - No viable dags retrieved from /opt/airflow/dags/script/example/create_dag_with_python_operator.py
[2024-11-24T16:08:54.150+0000] {processor.py:208} INFO - Processing /opt/airflow/dags/script/example/create_dag_with_python_operator.py took 0.014 seconds
[2024-11-24T16:09:24.385+0000] {processor.py:186} INFO - Started process (PID=8834) to work on /opt/airflow/dags/script/example/create_dag_with_python_operator.py
[2024-11-24T16:09:24.386+0000] {processor.py:914} INFO - Processing file /opt/airflow/dags/script/example/create_dag_with_python_operator.py for tasks to queue
[2024-11-24T16:09:24.387+0000] {logging_mixin.py:190} INFO - [2024-11-24T16:09:24.387+0000] {dagbag.py:588} INFO - Filling up the DagBag from /opt/airflow/dags/script/example/create_dag_with_python_operator.py
[2024-11-24T16:09:24.389+0000] {processor.py:927} WARNING - No viable dags retrieved from /opt/airflow/dags/script/example/create_dag_with_python_operator.py
[2024-11-24T16:09:24.397+0000] {processor.py:208} INFO - Processing /opt/airflow/dags/script/example/create_dag_with_python_operator.py took 0.017 seconds
[2024-11-24T16:09:54.517+0000] {processor.py:186} INFO - Started process (PID=9190) to work on /opt/airflow/dags/script/example/create_dag_with_python_operator.py
[2024-11-24T16:09:54.518+0000] {processor.py:914} INFO - Processing file /opt/airflow/dags/script/example/create_dag_with_python_operator.py for tasks to queue
[2024-11-24T16:09:54.519+0000] {logging_mixin.py:190} INFO - [2024-11-24T16:09:54.519+0000] {dagbag.py:588} INFO - Filling up the DagBag from /opt/airflow/dags/script/example/create_dag_with_python_operator.py
[2024-11-24T16:09:54.521+0000] {processor.py:927} WARNING - No viable dags retrieved from /opt/airflow/dags/script/example/create_dag_with_python_operator.py
[2024-11-24T16:09:54.530+0000] {processor.py:208} INFO - Processing /opt/airflow/dags/script/example/create_dag_with_python_operator.py took 0.017 seconds
[2024-11-24T16:10:24.741+0000] {processor.py:186} INFO - Started process (PID=9546) to work on /opt/airflow/dags/script/example/create_dag_with_python_operator.py
[2024-11-24T16:10:24.742+0000] {processor.py:914} INFO - Processing file /opt/airflow/dags/script/example/create_dag_with_python_operator.py for tasks to queue
[2024-11-24T16:10:24.743+0000] {logging_mixin.py:190} INFO - [2024-11-24T16:10:24.742+0000] {dagbag.py:588} INFO - Filling up the DagBag from /opt/airflow/dags/script/example/create_dag_with_python_operator.py
[2024-11-24T16:10:24.745+0000] {processor.py:927} WARNING - No viable dags retrieved from /opt/airflow/dags/script/example/create_dag_with_python_operator.py
[2024-11-24T16:10:24.753+0000] {processor.py:208} INFO - Processing /opt/airflow/dags/script/example/create_dag_with_python_operator.py took 0.016 seconds
[2024-11-24T16:10:54.907+0000] {processor.py:186} INFO - Started process (PID=9902) to work on /opt/airflow/dags/script/example/create_dag_with_python_operator.py
[2024-11-24T16:10:54.908+0000] {processor.py:914} INFO - Processing file /opt/airflow/dags/script/example/create_dag_with_python_operator.py for tasks to queue
[2024-11-24T16:10:54.909+0000] {logging_mixin.py:190} INFO - [2024-11-24T16:10:54.909+0000] {dagbag.py:588} INFO - Filling up the DagBag from /opt/airflow/dags/script/example/create_dag_with_python_operator.py
[2024-11-24T16:10:54.911+0000] {processor.py:927} WARNING - No viable dags retrieved from /opt/airflow/dags/script/example/create_dag_with_python_operator.py
[2024-11-24T16:10:54.919+0000] {processor.py:208} INFO - Processing /opt/airflow/dags/script/example/create_dag_with_python_operator.py took 0.017 seconds
[2024-11-24T16:11:25.156+0000] {processor.py:186} INFO - Started process (PID=10258) to work on /opt/airflow/dags/script/example/create_dag_with_python_operator.py
[2024-11-24T16:11:25.157+0000] {processor.py:914} INFO - Processing file /opt/airflow/dags/script/example/create_dag_with_python_operator.py for tasks to queue
[2024-11-24T16:11:25.158+0000] {logging_mixin.py:190} INFO - [2024-11-24T16:11:25.158+0000] {dagbag.py:588} INFO - Filling up the DagBag from /opt/airflow/dags/script/example/create_dag_with_python_operator.py
[2024-11-24T16:11:25.160+0000] {processor.py:927} WARNING - No viable dags retrieved from /opt/airflow/dags/script/example/create_dag_with_python_operator.py
[2024-11-24T16:11:25.169+0000] {processor.py:208} INFO - Processing /opt/airflow/dags/script/example/create_dag_with_python_operator.py took 0.018 seconds
[2024-11-24T16:38:18.490+0000] {processor.py:186} INFO - Started process (PID=226) to work on /opt/airflow/dags/script/example/create_dag_with_python_operator.py
[2024-11-24T16:38:18.490+0000] {processor.py:914} INFO - Processing file /opt/airflow/dags/script/example/create_dag_with_python_operator.py for tasks to queue
[2024-11-24T16:38:18.492+0000] {logging_mixin.py:190} INFO - [2024-11-24T16:38:18.492+0000] {dagbag.py:588} INFO - Filling up the DagBag from /opt/airflow/dags/script/example/create_dag_with_python_operator.py
[2024-11-24T16:38:18.501+0000] {processor.py:927} WARNING - No viable dags retrieved from /opt/airflow/dags/script/example/create_dag_with_python_operator.py
[2024-11-24T16:38:18.507+0000] {processor.py:208} INFO - Processing /opt/airflow/dags/script/example/create_dag_with_python_operator.py took 0.020 seconds
[2024-11-24T16:38:48.760+0000] {processor.py:186} INFO - Started process (PID=584) to work on /opt/airflow/dags/script/example/create_dag_with_python_operator.py
[2024-11-24T16:38:48.760+0000] {processor.py:914} INFO - Processing file /opt/airflow/dags/script/example/create_dag_with_python_operator.py for tasks to queue
[2024-11-24T16:38:48.762+0000] {logging_mixin.py:190} INFO - [2024-11-24T16:38:48.762+0000] {dagbag.py:588} INFO - Filling up the DagBag from /opt/airflow/dags/script/example/create_dag_with_python_operator.py
[2024-11-24T16:38:48.767+0000] {processor.py:927} WARNING - No viable dags retrieved from /opt/airflow/dags/script/example/create_dag_with_python_operator.py
[2024-11-24T16:38:48.772+0000] {processor.py:208} INFO - Processing /opt/airflow/dags/script/example/create_dag_with_python_operator.py took 0.014 seconds
[2024-11-24T16:39:19.083+0000] {processor.py:186} INFO - Started process (PID=938) to work on /opt/airflow/dags/script/example/create_dag_with_python_operator.py
[2024-11-24T16:39:19.083+0000] {processor.py:914} INFO - Processing file /opt/airflow/dags/script/example/create_dag_with_python_operator.py for tasks to queue
[2024-11-24T16:39:19.084+0000] {logging_mixin.py:190} INFO - [2024-11-24T16:39:19.084+0000] {dagbag.py:588} INFO - Filling up the DagBag from /opt/airflow/dags/script/example/create_dag_with_python_operator.py
[2024-11-24T16:39:19.088+0000] {processor.py:927} WARNING - No viable dags retrieved from /opt/airflow/dags/script/example/create_dag_with_python_operator.py
[2024-11-24T16:39:19.093+0000] {processor.py:208} INFO - Processing /opt/airflow/dags/script/example/create_dag_with_python_operator.py took 0.013 seconds
[2024-11-24T16:39:49.505+0000] {processor.py:186} INFO - Started process (PID=1294) to work on /opt/airflow/dags/script/example/create_dag_with_python_operator.py
[2024-11-24T16:39:49.506+0000] {processor.py:914} INFO - Processing file /opt/airflow/dags/script/example/create_dag_with_python_operator.py for tasks to queue
[2024-11-24T16:39:49.507+0000] {logging_mixin.py:190} INFO - [2024-11-24T16:39:49.507+0000] {dagbag.py:588} INFO - Filling up the DagBag from /opt/airflow/dags/script/example/create_dag_with_python_operator.py
[2024-11-24T16:39:49.509+0000] {processor.py:927} WARNING - No viable dags retrieved from /opt/airflow/dags/script/example/create_dag_with_python_operator.py
[2024-11-24T16:39:49.514+0000] {processor.py:208} INFO - Processing /opt/airflow/dags/script/example/create_dag_with_python_operator.py took 0.011 seconds
[2024-11-24T16:40:19.792+0000] {processor.py:186} INFO - Started process (PID=1650) to work on /opt/airflow/dags/script/example/create_dag_with_python_operator.py
[2024-11-24T16:40:19.793+0000] {processor.py:914} INFO - Processing file /opt/airflow/dags/script/example/create_dag_with_python_operator.py for tasks to queue
[2024-11-24T16:40:19.794+0000] {logging_mixin.py:190} INFO - [2024-11-24T16:40:19.794+0000] {dagbag.py:588} INFO - Filling up the DagBag from /opt/airflow/dags/script/example/create_dag_with_python_operator.py
[2024-11-24T16:40:19.796+0000] {processor.py:927} WARNING - No viable dags retrieved from /opt/airflow/dags/script/example/create_dag_with_python_operator.py
[2024-11-24T16:40:19.804+0000] {processor.py:208} INFO - Processing /opt/airflow/dags/script/example/create_dag_with_python_operator.py took 0.015 seconds
[2024-11-24T16:40:50.220+0000] {processor.py:186} INFO - Started process (PID=2006) to work on /opt/airflow/dags/script/example/create_dag_with_python_operator.py
[2024-11-24T16:40:50.220+0000] {processor.py:914} INFO - Processing file /opt/airflow/dags/script/example/create_dag_with_python_operator.py for tasks to queue
[2024-11-24T16:40:50.221+0000] {logging_mixin.py:190} INFO - [2024-11-24T16:40:50.221+0000] {dagbag.py:588} INFO - Filling up the DagBag from /opt/airflow/dags/script/example/create_dag_with_python_operator.py
[2024-11-24T16:40:50.223+0000] {processor.py:927} WARNING - No viable dags retrieved from /opt/airflow/dags/script/example/create_dag_with_python_operator.py
[2024-11-24T16:40:50.230+0000] {processor.py:208} INFO - Processing /opt/airflow/dags/script/example/create_dag_with_python_operator.py took 0.012 seconds
[2024-11-24T16:41:20.370+0000] {processor.py:186} INFO - Started process (PID=2362) to work on /opt/airflow/dags/script/example/create_dag_with_python_operator.py
[2024-11-24T16:41:20.370+0000] {processor.py:914} INFO - Processing file /opt/airflow/dags/script/example/create_dag_with_python_operator.py for tasks to queue
[2024-11-24T16:41:20.370+0000] {logging_mixin.py:190} INFO - [2024-11-24T16:41:20.370+0000] {dagbag.py:588} INFO - Filling up the DagBag from /opt/airflow/dags/script/example/create_dag_with_python_operator.py
[2024-11-24T16:41:20.372+0000] {processor.py:927} WARNING - No viable dags retrieved from /opt/airflow/dags/script/example/create_dag_with_python_operator.py
[2024-11-24T16:41:20.378+0000] {processor.py:208} INFO - Processing /opt/airflow/dags/script/example/create_dag_with_python_operator.py took 0.011 seconds
[2024-11-24T16:41:50.785+0000] {processor.py:186} INFO - Started process (PID=2723) to work on /opt/airflow/dags/script/example/create_dag_with_python_operator.py
[2024-11-24T16:41:50.786+0000] {processor.py:914} INFO - Processing file /opt/airflow/dags/script/example/create_dag_with_python_operator.py for tasks to queue
[2024-11-24T16:41:50.786+0000] {logging_mixin.py:190} INFO - [2024-11-24T16:41:50.786+0000] {dagbag.py:588} INFO - Filling up the DagBag from /opt/airflow/dags/script/example/create_dag_with_python_operator.py
[2024-11-24T16:41:50.788+0000] {processor.py:927} WARNING - No viable dags retrieved from /opt/airflow/dags/script/example/create_dag_with_python_operator.py
[2024-11-24T16:41:50.795+0000] {processor.py:208} INFO - Processing /opt/airflow/dags/script/example/create_dag_with_python_operator.py took 0.012 seconds
[2024-11-24T16:42:21.366+0000] {processor.py:186} INFO - Started process (PID=3079) to work on /opt/airflow/dags/script/example/create_dag_with_python_operator.py
[2024-11-24T16:42:21.366+0000] {processor.py:914} INFO - Processing file /opt/airflow/dags/script/example/create_dag_with_python_operator.py for tasks to queue
[2024-11-24T16:42:21.367+0000] {logging_mixin.py:190} INFO - [2024-11-24T16:42:21.367+0000] {dagbag.py:588} INFO - Filling up the DagBag from /opt/airflow/dags/script/example/create_dag_with_python_operator.py
[2024-11-24T16:42:21.370+0000] {processor.py:927} WARNING - No viable dags retrieved from /opt/airflow/dags/script/example/create_dag_with_python_operator.py
[2024-11-24T16:42:21.378+0000] {processor.py:208} INFO - Processing /opt/airflow/dags/script/example/create_dag_with_python_operator.py took 0.014 seconds
[2024-11-24T16:42:51.489+0000] {processor.py:186} INFO - Started process (PID=3435) to work on /opt/airflow/dags/script/example/create_dag_with_python_operator.py
[2024-11-24T16:42:51.490+0000] {processor.py:914} INFO - Processing file /opt/airflow/dags/script/example/create_dag_with_python_operator.py for tasks to queue
[2024-11-24T16:42:51.490+0000] {logging_mixin.py:190} INFO - [2024-11-24T16:42:51.490+0000] {dagbag.py:588} INFO - Filling up the DagBag from /opt/airflow/dags/script/example/create_dag_with_python_operator.py
[2024-11-24T16:42:51.493+0000] {processor.py:927} WARNING - No viable dags retrieved from /opt/airflow/dags/script/example/create_dag_with_python_operator.py
[2024-11-24T16:42:51.500+0000] {processor.py:208} INFO - Processing /opt/airflow/dags/script/example/create_dag_with_python_operator.py took 0.013 seconds
[2024-11-24T16:43:21.811+0000] {processor.py:186} INFO - Started process (PID=3791) to work on /opt/airflow/dags/script/example/create_dag_with_python_operator.py
[2024-11-24T16:43:21.811+0000] {processor.py:914} INFO - Processing file /opt/airflow/dags/script/example/create_dag_with_python_operator.py for tasks to queue
[2024-11-24T16:43:21.812+0000] {logging_mixin.py:190} INFO - [2024-11-24T16:43:21.812+0000] {dagbag.py:588} INFO - Filling up the DagBag from /opt/airflow/dags/script/example/create_dag_with_python_operator.py
[2024-11-24T16:43:21.814+0000] {processor.py:927} WARNING - No viable dags retrieved from /opt/airflow/dags/script/example/create_dag_with_python_operator.py
[2024-11-24T16:43:21.821+0000] {processor.py:208} INFO - Processing /opt/airflow/dags/script/example/create_dag_with_python_operator.py took 0.012 seconds
[2024-11-24T16:43:52.392+0000] {processor.py:186} INFO - Started process (PID=4153) to work on /opt/airflow/dags/script/example/create_dag_with_python_operator.py
[2024-11-24T16:43:52.392+0000] {processor.py:914} INFO - Processing file /opt/airflow/dags/script/example/create_dag_with_python_operator.py for tasks to queue
[2024-11-24T16:43:52.393+0000] {logging_mixin.py:190} INFO - [2024-11-24T16:43:52.393+0000] {dagbag.py:588} INFO - Filling up the DagBag from /opt/airflow/dags/script/example/create_dag_with_python_operator.py
[2024-11-24T16:43:52.394+0000] {processor.py:927} WARNING - No viable dags retrieved from /opt/airflow/dags/script/example/create_dag_with_python_operator.py
[2024-11-24T16:43:52.399+0000] {processor.py:208} INFO - Processing /opt/airflow/dags/script/example/create_dag_with_python_operator.py took 0.009 seconds
[2024-11-24T16:44:22.828+0000] {processor.py:186} INFO - Started process (PID=4507) to work on /opt/airflow/dags/script/example/create_dag_with_python_operator.py
[2024-11-24T16:44:22.828+0000] {processor.py:914} INFO - Processing file /opt/airflow/dags/script/example/create_dag_with_python_operator.py for tasks to queue
[2024-11-24T16:44:22.829+0000] {logging_mixin.py:190} INFO - [2024-11-24T16:44:22.829+0000] {dagbag.py:588} INFO - Filling up the DagBag from /opt/airflow/dags/script/example/create_dag_with_python_operator.py
[2024-11-24T16:44:22.832+0000] {processor.py:927} WARNING - No viable dags retrieved from /opt/airflow/dags/script/example/create_dag_with_python_operator.py
[2024-11-24T16:44:22.840+0000] {processor.py:208} INFO - Processing /opt/airflow/dags/script/example/create_dag_with_python_operator.py took 0.014 seconds
[2024-11-24T16:44:53.466+0000] {processor.py:186} INFO - Started process (PID=4863) to work on /opt/airflow/dags/script/example/create_dag_with_python_operator.py
[2024-11-24T16:44:53.466+0000] {processor.py:914} INFO - Processing file /opt/airflow/dags/script/example/create_dag_with_python_operator.py for tasks to queue
[2024-11-24T16:44:53.467+0000] {logging_mixin.py:190} INFO - [2024-11-24T16:44:53.467+0000] {dagbag.py:588} INFO - Filling up the DagBag from /opt/airflow/dags/script/example/create_dag_with_python_operator.py
[2024-11-24T16:44:53.470+0000] {processor.py:927} WARNING - No viable dags retrieved from /opt/airflow/dags/script/example/create_dag_with_python_operator.py
[2024-11-24T16:44:53.477+0000] {processor.py:208} INFO - Processing /opt/airflow/dags/script/example/create_dag_with_python_operator.py took 0.014 seconds
[2024-11-24T16:45:23.537+0000] {processor.py:186} INFO - Started process (PID=5221) to work on /opt/airflow/dags/script/example/create_dag_with_python_operator.py
[2024-11-24T16:45:23.537+0000] {processor.py:914} INFO - Processing file /opt/airflow/dags/script/example/create_dag_with_python_operator.py for tasks to queue
[2024-11-24T16:45:23.538+0000] {logging_mixin.py:190} INFO - [2024-11-24T16:45:23.537+0000] {dagbag.py:588} INFO - Filling up the DagBag from /opt/airflow/dags/script/example/create_dag_with_python_operator.py
[2024-11-24T16:45:23.538+0000] {processor.py:927} WARNING - No viable dags retrieved from /opt/airflow/dags/script/example/create_dag_with_python_operator.py
[2024-11-24T16:45:23.543+0000] {processor.py:208} INFO - Processing /opt/airflow/dags/script/example/create_dag_with_python_operator.py took 0.009 seconds
[2024-11-24T16:45:54.039+0000] {processor.py:186} INFO - Started process (PID=5575) to work on /opt/airflow/dags/script/example/create_dag_with_python_operator.py
[2024-11-24T16:45:54.040+0000] {processor.py:914} INFO - Processing file /opt/airflow/dags/script/example/create_dag_with_python_operator.py for tasks to queue
[2024-11-24T16:45:54.040+0000] {logging_mixin.py:190} INFO - [2024-11-24T16:45:54.040+0000] {dagbag.py:588} INFO - Filling up the DagBag from /opt/airflow/dags/script/example/create_dag_with_python_operator.py
[2024-11-24T16:45:54.041+0000] {processor.py:927} WARNING - No viable dags retrieved from /opt/airflow/dags/script/example/create_dag_with_python_operator.py
[2024-11-24T16:45:54.048+0000] {processor.py:208} INFO - Processing /opt/airflow/dags/script/example/create_dag_with_python_operator.py took 0.010 seconds
[2024-11-24T16:46:24.376+0000] {processor.py:186} INFO - Started process (PID=5931) to work on /opt/airflow/dags/script/example/create_dag_with_python_operator.py
[2024-11-24T16:46:24.377+0000] {processor.py:914} INFO - Processing file /opt/airflow/dags/script/example/create_dag_with_python_operator.py for tasks to queue
[2024-11-24T16:46:24.377+0000] {logging_mixin.py:190} INFO - [2024-11-24T16:46:24.377+0000] {dagbag.py:588} INFO - Filling up the DagBag from /opt/airflow/dags/script/example/create_dag_with_python_operator.py
[2024-11-24T16:46:24.380+0000] {processor.py:927} WARNING - No viable dags retrieved from /opt/airflow/dags/script/example/create_dag_with_python_operator.py
[2024-11-24T16:46:24.387+0000] {processor.py:208} INFO - Processing /opt/airflow/dags/script/example/create_dag_with_python_operator.py took 0.013 seconds
[2024-11-24T16:46:54.789+0000] {processor.py:186} INFO - Started process (PID=6287) to work on /opt/airflow/dags/script/example/create_dag_with_python_operator.py
[2024-11-24T16:46:54.790+0000] {processor.py:914} INFO - Processing file /opt/airflow/dags/script/example/create_dag_with_python_operator.py for tasks to queue
[2024-11-24T16:46:54.790+0000] {logging_mixin.py:190} INFO - [2024-11-24T16:46:54.790+0000] {dagbag.py:588} INFO - Filling up the DagBag from /opt/airflow/dags/script/example/create_dag_with_python_operator.py
[2024-11-24T16:46:54.793+0000] {processor.py:927} WARNING - No viable dags retrieved from /opt/airflow/dags/script/example/create_dag_with_python_operator.py
[2024-11-24T16:46:54.799+0000] {processor.py:208} INFO - Processing /opt/airflow/dags/script/example/create_dag_with_python_operator.py took 0.012 seconds
[2024-11-24T16:47:25.398+0000] {processor.py:186} INFO - Started process (PID=6643) to work on /opt/airflow/dags/script/example/create_dag_with_python_operator.py
[2024-11-24T16:47:25.399+0000] {processor.py:914} INFO - Processing file /opt/airflow/dags/script/example/create_dag_with_python_operator.py for tasks to queue
[2024-11-24T16:47:25.400+0000] {logging_mixin.py:190} INFO - [2024-11-24T16:47:25.400+0000] {dagbag.py:588} INFO - Filling up the DagBag from /opt/airflow/dags/script/example/create_dag_with_python_operator.py
[2024-11-24T16:47:25.402+0000] {processor.py:927} WARNING - No viable dags retrieved from /opt/airflow/dags/script/example/create_dag_with_python_operator.py
[2024-11-24T16:47:25.409+0000] {processor.py:208} INFO - Processing /opt/airflow/dags/script/example/create_dag_with_python_operator.py took 0.013 seconds
[2024-11-24T16:47:55.923+0000] {processor.py:186} INFO - Started process (PID=6999) to work on /opt/airflow/dags/script/example/create_dag_with_python_operator.py
[2024-11-24T16:47:55.923+0000] {processor.py:914} INFO - Processing file /opt/airflow/dags/script/example/create_dag_with_python_operator.py for tasks to queue
[2024-11-24T16:47:55.924+0000] {logging_mixin.py:190} INFO - [2024-11-24T16:47:55.924+0000] {dagbag.py:588} INFO - Filling up the DagBag from /opt/airflow/dags/script/example/create_dag_with_python_operator.py
[2024-11-24T16:47:55.927+0000] {processor.py:927} WARNING - No viable dags retrieved from /opt/airflow/dags/script/example/create_dag_with_python_operator.py
[2024-11-24T16:47:55.933+0000] {processor.py:208} INFO - Processing /opt/airflow/dags/script/example/create_dag_with_python_operator.py took 0.012 seconds
[2024-11-24T16:48:26.331+0000] {processor.py:186} INFO - Started process (PID=7355) to work on /opt/airflow/dags/script/example/create_dag_with_python_operator.py
[2024-11-24T16:48:26.331+0000] {processor.py:914} INFO - Processing file /opt/airflow/dags/script/example/create_dag_with_python_operator.py for tasks to queue
[2024-11-24T16:48:26.332+0000] {logging_mixin.py:190} INFO - [2024-11-24T16:48:26.332+0000] {dagbag.py:588} INFO - Filling up the DagBag from /opt/airflow/dags/script/example/create_dag_with_python_operator.py
[2024-11-24T16:48:26.334+0000] {processor.py:927} WARNING - No viable dags retrieved from /opt/airflow/dags/script/example/create_dag_with_python_operator.py
[2024-11-24T16:48:26.340+0000] {processor.py:208} INFO - Processing /opt/airflow/dags/script/example/create_dag_with_python_operator.py took 0.012 seconds
[2024-11-24T16:48:56.765+0000] {processor.py:186} INFO - Started process (PID=7711) to work on /opt/airflow/dags/script/example/create_dag_with_python_operator.py
[2024-11-24T16:48:56.766+0000] {processor.py:914} INFO - Processing file /opt/airflow/dags/script/example/create_dag_with_python_operator.py for tasks to queue
[2024-11-24T16:48:56.767+0000] {logging_mixin.py:190} INFO - [2024-11-24T16:48:56.767+0000] {dagbag.py:588} INFO - Filling up the DagBag from /opt/airflow/dags/script/example/create_dag_with_python_operator.py
[2024-11-24T16:48:56.770+0000] {processor.py:927} WARNING - No viable dags retrieved from /opt/airflow/dags/script/example/create_dag_with_python_operator.py
[2024-11-24T16:48:56.777+0000] {processor.py:208} INFO - Processing /opt/airflow/dags/script/example/create_dag_with_python_operator.py took 0.014 seconds
[2024-11-24T16:49:27.125+0000] {processor.py:186} INFO - Started process (PID=8067) to work on /opt/airflow/dags/script/example/create_dag_with_python_operator.py
[2024-11-24T16:49:27.125+0000] {processor.py:914} INFO - Processing file /opt/airflow/dags/script/example/create_dag_with_python_operator.py for tasks to queue
[2024-11-24T16:49:27.126+0000] {logging_mixin.py:190} INFO - [2024-11-24T16:49:27.126+0000] {dagbag.py:588} INFO - Filling up the DagBag from /opt/airflow/dags/script/example/create_dag_with_python_operator.py
[2024-11-24T16:49:27.128+0000] {processor.py:927} WARNING - No viable dags retrieved from /opt/airflow/dags/script/example/create_dag_with_python_operator.py
[2024-11-24T16:49:27.134+0000] {processor.py:208} INFO - Processing /opt/airflow/dags/script/example/create_dag_with_python_operator.py took 0.012 seconds
[2024-11-24T16:49:57.543+0000] {processor.py:186} INFO - Started process (PID=8423) to work on /opt/airflow/dags/script/example/create_dag_with_python_operator.py
[2024-11-24T16:49:57.543+0000] {processor.py:914} INFO - Processing file /opt/airflow/dags/script/example/create_dag_with_python_operator.py for tasks to queue
[2024-11-24T16:49:57.544+0000] {logging_mixin.py:190} INFO - [2024-11-24T16:49:57.544+0000] {dagbag.py:588} INFO - Filling up the DagBag from /opt/airflow/dags/script/example/create_dag_with_python_operator.py
[2024-11-24T16:49:57.546+0000] {processor.py:927} WARNING - No viable dags retrieved from /opt/airflow/dags/script/example/create_dag_with_python_operator.py
[2024-11-24T16:49:57.553+0000] {processor.py:208} INFO - Processing /opt/airflow/dags/script/example/create_dag_with_python_operator.py took 0.012 seconds
[2024-11-24T16:50:27.882+0000] {processor.py:186} INFO - Started process (PID=8779) to work on /opt/airflow/dags/script/example/create_dag_with_python_operator.py
[2024-11-24T16:50:27.882+0000] {processor.py:914} INFO - Processing file /opt/airflow/dags/script/example/create_dag_with_python_operator.py for tasks to queue
[2024-11-24T16:50:27.883+0000] {logging_mixin.py:190} INFO - [2024-11-24T16:50:27.883+0000] {dagbag.py:588} INFO - Filling up the DagBag from /opt/airflow/dags/script/example/create_dag_with_python_operator.py
[2024-11-24T16:50:27.885+0000] {processor.py:927} WARNING - No viable dags retrieved from /opt/airflow/dags/script/example/create_dag_with_python_operator.py
[2024-11-24T16:50:27.892+0000] {processor.py:208} INFO - Processing /opt/airflow/dags/script/example/create_dag_with_python_operator.py took 0.013 seconds
[2024-11-24T16:50:58.902+0000] {processor.py:186} INFO - Started process (PID=9140) to work on /opt/airflow/dags/script/example/create_dag_with_python_operator.py
[2024-11-24T16:50:58.902+0000] {processor.py:914} INFO - Processing file /opt/airflow/dags/script/example/create_dag_with_python_operator.py for tasks to queue
[2024-11-24T16:50:58.903+0000] {logging_mixin.py:190} INFO - [2024-11-24T16:50:58.903+0000] {dagbag.py:588} INFO - Filling up the DagBag from /opt/airflow/dags/script/example/create_dag_with_python_operator.py
[2024-11-24T16:50:58.905+0000] {processor.py:927} WARNING - No viable dags retrieved from /opt/airflow/dags/script/example/create_dag_with_python_operator.py
[2024-11-24T16:50:58.911+0000] {processor.py:208} INFO - Processing /opt/airflow/dags/script/example/create_dag_with_python_operator.py took 0.011 seconds
[2024-11-24T16:51:29.747+0000] {processor.py:186} INFO - Started process (PID=9496) to work on /opt/airflow/dags/script/example/create_dag_with_python_operator.py
[2024-11-24T16:51:29.748+0000] {processor.py:914} INFO - Processing file /opt/airflow/dags/script/example/create_dag_with_python_operator.py for tasks to queue
[2024-11-24T16:51:29.749+0000] {logging_mixin.py:190} INFO - [2024-11-24T16:51:29.748+0000] {dagbag.py:588} INFO - Filling up the DagBag from /opt/airflow/dags/script/example/create_dag_with_python_operator.py
[2024-11-24T16:51:29.750+0000] {processor.py:927} WARNING - No viable dags retrieved from /opt/airflow/dags/script/example/create_dag_with_python_operator.py
[2024-11-24T16:51:29.757+0000] {processor.py:208} INFO - Processing /opt/airflow/dags/script/example/create_dag_with_python_operator.py took 0.012 seconds
[2024-11-24T16:52:00.258+0000] {processor.py:186} INFO - Started process (PID=9852) to work on /opt/airflow/dags/script/example/create_dag_with_python_operator.py
[2024-11-24T16:52:00.258+0000] {processor.py:914} INFO - Processing file /opt/airflow/dags/script/example/create_dag_with_python_operator.py for tasks to queue
[2024-11-24T16:52:00.258+0000] {logging_mixin.py:190} INFO - [2024-11-24T16:52:00.258+0000] {dagbag.py:588} INFO - Filling up the DagBag from /opt/airflow/dags/script/example/create_dag_with_python_operator.py
[2024-11-24T16:52:00.261+0000] {processor.py:927} WARNING - No viable dags retrieved from /opt/airflow/dags/script/example/create_dag_with_python_operator.py
[2024-11-24T16:52:00.270+0000] {processor.py:208} INFO - Processing /opt/airflow/dags/script/example/create_dag_with_python_operator.py took 0.013 seconds
[2024-11-24T16:52:30.625+0000] {processor.py:186} INFO - Started process (PID=10208) to work on /opt/airflow/dags/script/example/create_dag_with_python_operator.py
[2024-11-24T16:52:30.625+0000] {processor.py:914} INFO - Processing file /opt/airflow/dags/script/example/create_dag_with_python_operator.py for tasks to queue
[2024-11-24T16:52:30.626+0000] {logging_mixin.py:190} INFO - [2024-11-24T16:52:30.626+0000] {dagbag.py:588} INFO - Filling up the DagBag from /opt/airflow/dags/script/example/create_dag_with_python_operator.py
[2024-11-24T16:52:30.628+0000] {processor.py:927} WARNING - No viable dags retrieved from /opt/airflow/dags/script/example/create_dag_with_python_operator.py
[2024-11-24T16:52:30.635+0000] {processor.py:208} INFO - Processing /opt/airflow/dags/script/example/create_dag_with_python_operator.py took 0.012 seconds
[2024-11-24T16:53:00.940+0000] {processor.py:186} INFO - Started process (PID=10564) to work on /opt/airflow/dags/script/example/create_dag_with_python_operator.py
[2024-11-24T16:53:00.941+0000] {processor.py:914} INFO - Processing file /opt/airflow/dags/script/example/create_dag_with_python_operator.py for tasks to queue
[2024-11-24T16:53:00.942+0000] {logging_mixin.py:190} INFO - [2024-11-24T16:53:00.941+0000] {dagbag.py:588} INFO - Filling up the DagBag from /opt/airflow/dags/script/example/create_dag_with_python_operator.py
[2024-11-24T16:53:00.944+0000] {processor.py:927} WARNING - No viable dags retrieved from /opt/airflow/dags/script/example/create_dag_with_python_operator.py
[2024-11-24T16:53:00.972+0000] {processor.py:208} INFO - Processing /opt/airflow/dags/script/example/create_dag_with_python_operator.py took 0.034 seconds
[2024-11-24T16:53:31.606+0000] {processor.py:186} INFO - Started process (PID=10940) to work on /opt/airflow/dags/script/example/create_dag_with_python_operator.py
[2024-11-24T16:53:31.607+0000] {processor.py:914} INFO - Processing file /opt/airflow/dags/script/example/create_dag_with_python_operator.py for tasks to queue
[2024-11-24T16:53:31.608+0000] {logging_mixin.py:190} INFO - [2024-11-24T16:53:31.608+0000] {dagbag.py:588} INFO - Filling up the DagBag from /opt/airflow/dags/script/example/create_dag_with_python_operator.py
[2024-11-24T16:53:31.610+0000] {processor.py:927} WARNING - No viable dags retrieved from /opt/airflow/dags/script/example/create_dag_with_python_operator.py
[2024-11-24T16:53:31.616+0000] {processor.py:208} INFO - Processing /opt/airflow/dags/script/example/create_dag_with_python_operator.py took 0.012 seconds
[2024-11-24T16:54:02.114+0000] {processor.py:186} INFO - Started process (PID=11301) to work on /opt/airflow/dags/script/example/create_dag_with_python_operator.py
[2024-11-24T16:54:02.114+0000] {processor.py:914} INFO - Processing file /opt/airflow/dags/script/example/create_dag_with_python_operator.py for tasks to queue
[2024-11-24T16:54:02.115+0000] {logging_mixin.py:190} INFO - [2024-11-24T16:54:02.115+0000] {dagbag.py:588} INFO - Filling up the DagBag from /opt/airflow/dags/script/example/create_dag_with_python_operator.py
[2024-11-24T16:54:02.117+0000] {processor.py:927} WARNING - No viable dags retrieved from /opt/airflow/dags/script/example/create_dag_with_python_operator.py
[2024-11-24T16:54:02.126+0000] {processor.py:208} INFO - Processing /opt/airflow/dags/script/example/create_dag_with_python_operator.py took 0.015 seconds
[2024-11-24T16:54:32.652+0000] {processor.py:186} INFO - Started process (PID=11661) to work on /opt/airflow/dags/script/example/create_dag_with_python_operator.py
[2024-11-24T16:54:32.652+0000] {processor.py:914} INFO - Processing file /opt/airflow/dags/script/example/create_dag_with_python_operator.py for tasks to queue
[2024-11-24T16:54:32.653+0000] {logging_mixin.py:190} INFO - [2024-11-24T16:54:32.653+0000] {dagbag.py:588} INFO - Filling up the DagBag from /opt/airflow/dags/script/example/create_dag_with_python_operator.py
[2024-11-24T16:54:32.656+0000] {processor.py:927} WARNING - No viable dags retrieved from /opt/airflow/dags/script/example/create_dag_with_python_operator.py
[2024-11-24T16:54:32.663+0000] {processor.py:208} INFO - Processing /opt/airflow/dags/script/example/create_dag_with_python_operator.py took 0.013 seconds
[2024-11-24T16:55:03.131+0000] {processor.py:186} INFO - Started process (PID=12017) to work on /opt/airflow/dags/script/example/create_dag_with_python_operator.py
[2024-11-24T16:55:03.131+0000] {processor.py:914} INFO - Processing file /opt/airflow/dags/script/example/create_dag_with_python_operator.py for tasks to queue
[2024-11-24T16:55:03.132+0000] {logging_mixin.py:190} INFO - [2024-11-24T16:55:03.132+0000] {dagbag.py:588} INFO - Filling up the DagBag from /opt/airflow/dags/script/example/create_dag_with_python_operator.py
[2024-11-24T16:55:03.135+0000] {processor.py:927} WARNING - No viable dags retrieved from /opt/airflow/dags/script/example/create_dag_with_python_operator.py
[2024-11-24T16:55:03.141+0000] {processor.py:208} INFO - Processing /opt/airflow/dags/script/example/create_dag_with_python_operator.py took 0.012 seconds
[2024-11-24T16:55:33.485+0000] {processor.py:186} INFO - Started process (PID=12373) to work on /opt/airflow/dags/script/example/create_dag_with_python_operator.py
[2024-11-24T16:55:33.486+0000] {processor.py:914} INFO - Processing file /opt/airflow/dags/script/example/create_dag_with_python_operator.py for tasks to queue
[2024-11-24T16:55:33.487+0000] {logging_mixin.py:190} INFO - [2024-11-24T16:55:33.487+0000] {dagbag.py:588} INFO - Filling up the DagBag from /opt/airflow/dags/script/example/create_dag_with_python_operator.py
[2024-11-24T16:55:33.489+0000] {processor.py:927} WARNING - No viable dags retrieved from /opt/airflow/dags/script/example/create_dag_with_python_operator.py
[2024-11-24T16:55:33.494+0000] {processor.py:208} INFO - Processing /opt/airflow/dags/script/example/create_dag_with_python_operator.py took 0.011 seconds
[2024-11-24T16:56:03.984+0000] {processor.py:186} INFO - Started process (PID=12729) to work on /opt/airflow/dags/script/example/create_dag_with_python_operator.py
[2024-11-24T16:56:03.985+0000] {processor.py:914} INFO - Processing file /opt/airflow/dags/script/example/create_dag_with_python_operator.py for tasks to queue
[2024-11-24T16:56:03.985+0000] {logging_mixin.py:190} INFO - [2024-11-24T16:56:03.985+0000] {dagbag.py:588} INFO - Filling up the DagBag from /opt/airflow/dags/script/example/create_dag_with_python_operator.py
[2024-11-24T16:56:03.988+0000] {processor.py:927} WARNING - No viable dags retrieved from /opt/airflow/dags/script/example/create_dag_with_python_operator.py
[2024-11-24T16:56:03.993+0000] {processor.py:208} INFO - Processing /opt/airflow/dags/script/example/create_dag_with_python_operator.py took 0.011 seconds
[2024-11-24T16:56:34.344+0000] {processor.py:186} INFO - Started process (PID=13085) to work on /opt/airflow/dags/script/example/create_dag_with_python_operator.py
[2024-11-24T16:56:34.344+0000] {processor.py:914} INFO - Processing file /opt/airflow/dags/script/example/create_dag_with_python_operator.py for tasks to queue
[2024-11-24T16:56:34.345+0000] {logging_mixin.py:190} INFO - [2024-11-24T16:56:34.345+0000] {dagbag.py:588} INFO - Filling up the DagBag from /opt/airflow/dags/script/example/create_dag_with_python_operator.py
[2024-11-24T16:56:34.347+0000] {processor.py:927} WARNING - No viable dags retrieved from /opt/airflow/dags/script/example/create_dag_with_python_operator.py
[2024-11-24T16:56:34.352+0000] {processor.py:208} INFO - Processing /opt/airflow/dags/script/example/create_dag_with_python_operator.py took 0.011 seconds
[2024-11-24T16:57:04.747+0000] {processor.py:186} INFO - Started process (PID=13441) to work on /opt/airflow/dags/script/example/create_dag_with_python_operator.py
[2024-11-24T16:57:04.747+0000] {processor.py:914} INFO - Processing file /opt/airflow/dags/script/example/create_dag_with_python_operator.py for tasks to queue
[2024-11-24T16:57:04.748+0000] {logging_mixin.py:190} INFO - [2024-11-24T16:57:04.748+0000] {dagbag.py:588} INFO - Filling up the DagBag from /opt/airflow/dags/script/example/create_dag_with_python_operator.py
[2024-11-24T16:57:04.750+0000] {processor.py:927} WARNING - No viable dags retrieved from /opt/airflow/dags/script/example/create_dag_with_python_operator.py
[2024-11-24T16:57:04.756+0000] {processor.py:208} INFO - Processing /opt/airflow/dags/script/example/create_dag_with_python_operator.py took 0.011 seconds
[2024-11-24T16:57:35.057+0000] {processor.py:186} INFO - Started process (PID=13797) to work on /opt/airflow/dags/script/example/create_dag_with_python_operator.py
[2024-11-24T16:57:35.058+0000] {processor.py:914} INFO - Processing file /opt/airflow/dags/script/example/create_dag_with_python_operator.py for tasks to queue
[2024-11-24T16:57:35.059+0000] {logging_mixin.py:190} INFO - [2024-11-24T16:57:35.058+0000] {dagbag.py:588} INFO - Filling up the DagBag from /opt/airflow/dags/script/example/create_dag_with_python_operator.py
[2024-11-24T16:57:35.060+0000] {processor.py:927} WARNING - No viable dags retrieved from /opt/airflow/dags/script/example/create_dag_with_python_operator.py
[2024-11-24T16:57:35.066+0000] {processor.py:208} INFO - Processing /opt/airflow/dags/script/example/create_dag_with_python_operator.py took 0.011 seconds
[2024-11-24T16:58:05.469+0000] {processor.py:186} INFO - Started process (PID=14168) to work on /opt/airflow/dags/script/example/create_dag_with_python_operator.py
[2024-11-24T16:58:05.470+0000] {processor.py:914} INFO - Processing file /opt/airflow/dags/script/example/create_dag_with_python_operator.py for tasks to queue
[2024-11-24T16:58:05.470+0000] {logging_mixin.py:190} INFO - [2024-11-24T16:58:05.470+0000] {dagbag.py:588} INFO - Filling up the DagBag from /opt/airflow/dags/script/example/create_dag_with_python_operator.py
[2024-11-24T16:58:05.472+0000] {processor.py:927} WARNING - No viable dags retrieved from /opt/airflow/dags/script/example/create_dag_with_python_operator.py
[2024-11-24T16:58:05.478+0000] {processor.py:208} INFO - Processing /opt/airflow/dags/script/example/create_dag_with_python_operator.py took 0.011 seconds
[2024-11-24T16:58:35.769+0000] {processor.py:186} INFO - Started process (PID=14527) to work on /opt/airflow/dags/script/example/create_dag_with_python_operator.py
[2024-11-24T16:58:35.769+0000] {processor.py:914} INFO - Processing file /opt/airflow/dags/script/example/create_dag_with_python_operator.py for tasks to queue
[2024-11-24T16:58:35.770+0000] {logging_mixin.py:190} INFO - [2024-11-24T16:58:35.769+0000] {dagbag.py:588} INFO - Filling up the DagBag from /opt/airflow/dags/script/example/create_dag_with_python_operator.py
[2024-11-24T16:58:35.771+0000] {processor.py:927} WARNING - No viable dags retrieved from /opt/airflow/dags/script/example/create_dag_with_python_operator.py
[2024-11-24T16:58:35.778+0000] {processor.py:208} INFO - Processing /opt/airflow/dags/script/example/create_dag_with_python_operator.py took 0.011 seconds
[2024-11-24T16:59:06.552+0000] {processor.py:186} INFO - Started process (PID=14883) to work on /opt/airflow/dags/script/example/create_dag_with_python_operator.py
[2024-11-24T16:59:06.553+0000] {processor.py:914} INFO - Processing file /opt/airflow/dags/script/example/create_dag_with_python_operator.py for tasks to queue
[2024-11-24T16:59:06.553+0000] {logging_mixin.py:190} INFO - [2024-11-24T16:59:06.553+0000] {dagbag.py:588} INFO - Filling up the DagBag from /opt/airflow/dags/script/example/create_dag_with_python_operator.py
[2024-11-24T16:59:06.556+0000] {processor.py:927} WARNING - No viable dags retrieved from /opt/airflow/dags/script/example/create_dag_with_python_operator.py
[2024-11-24T16:59:06.561+0000] {processor.py:208} INFO - Processing /opt/airflow/dags/script/example/create_dag_with_python_operator.py took 0.011 seconds
[2024-11-24T16:59:37.234+0000] {processor.py:186} INFO - Started process (PID=15253) to work on /opt/airflow/dags/script/example/create_dag_with_python_operator.py
[2024-11-24T16:59:37.235+0000] {processor.py:914} INFO - Processing file /opt/airflow/dags/script/example/create_dag_with_python_operator.py for tasks to queue
[2024-11-24T16:59:37.235+0000] {logging_mixin.py:190} INFO - [2024-11-24T16:59:37.235+0000] {dagbag.py:588} INFO - Filling up the DagBag from /opt/airflow/dags/script/example/create_dag_with_python_operator.py
[2024-11-24T16:59:37.237+0000] {processor.py:927} WARNING - No viable dags retrieved from /opt/airflow/dags/script/example/create_dag_with_python_operator.py
[2024-11-24T16:59:37.244+0000] {processor.py:208} INFO - Processing /opt/airflow/dags/script/example/create_dag_with_python_operator.py took 0.012 seconds
[2024-11-24T17:00:07.894+0000] {processor.py:186} INFO - Started process (PID=15609) to work on /opt/airflow/dags/script/example/create_dag_with_python_operator.py
[2024-11-24T17:00:07.894+0000] {processor.py:914} INFO - Processing file /opt/airflow/dags/script/example/create_dag_with_python_operator.py for tasks to queue
[2024-11-24T17:00:07.895+0000] {logging_mixin.py:190} INFO - [2024-11-24T17:00:07.894+0000] {dagbag.py:588} INFO - Filling up the DagBag from /opt/airflow/dags/script/example/create_dag_with_python_operator.py
[2024-11-24T17:00:07.897+0000] {processor.py:927} WARNING - No viable dags retrieved from /opt/airflow/dags/script/example/create_dag_with_python_operator.py
[2024-11-24T17:00:07.903+0000] {processor.py:208} INFO - Processing /opt/airflow/dags/script/example/create_dag_with_python_operator.py took 0.011 seconds
[2024-11-24T17:00:38.488+0000] {processor.py:186} INFO - Started process (PID=15965) to work on /opt/airflow/dags/script/example/create_dag_with_python_operator.py
[2024-11-24T17:00:38.489+0000] {processor.py:914} INFO - Processing file /opt/airflow/dags/script/example/create_dag_with_python_operator.py for tasks to queue
[2024-11-24T17:00:38.490+0000] {logging_mixin.py:190} INFO - [2024-11-24T17:00:38.490+0000] {dagbag.py:588} INFO - Filling up the DagBag from /opt/airflow/dags/script/example/create_dag_with_python_operator.py
[2024-11-24T17:00:38.492+0000] {processor.py:927} WARNING - No viable dags retrieved from /opt/airflow/dags/script/example/create_dag_with_python_operator.py
[2024-11-24T17:00:38.500+0000] {processor.py:208} INFO - Processing /opt/airflow/dags/script/example/create_dag_with_python_operator.py took 0.014 seconds
[2024-11-24T17:01:08.856+0000] {processor.py:186} INFO - Started process (PID=16321) to work on /opt/airflow/dags/script/example/create_dag_with_python_operator.py
[2024-11-24T17:01:08.857+0000] {processor.py:914} INFO - Processing file /opt/airflow/dags/script/example/create_dag_with_python_operator.py for tasks to queue
[2024-11-24T17:01:08.857+0000] {logging_mixin.py:190} INFO - [2024-11-24T17:01:08.857+0000] {dagbag.py:588} INFO - Filling up the DagBag from /opt/airflow/dags/script/example/create_dag_with_python_operator.py
[2024-11-24T17:01:08.859+0000] {processor.py:927} WARNING - No viable dags retrieved from /opt/airflow/dags/script/example/create_dag_with_python_operator.py
[2024-11-24T17:01:08.865+0000] {processor.py:208} INFO - Processing /opt/airflow/dags/script/example/create_dag_with_python_operator.py took 0.011 seconds
[2024-11-24T17:01:39.137+0000] {processor.py:186} INFO - Started process (PID=16677) to work on /opt/airflow/dags/script/example/create_dag_with_python_operator.py
[2024-11-24T17:01:39.138+0000] {processor.py:914} INFO - Processing file /opt/airflow/dags/script/example/create_dag_with_python_operator.py for tasks to queue
[2024-11-24T17:01:39.138+0000] {logging_mixin.py:190} INFO - [2024-11-24T17:01:39.138+0000] {dagbag.py:588} INFO - Filling up the DagBag from /opt/airflow/dags/script/example/create_dag_with_python_operator.py
[2024-11-24T17:01:39.141+0000] {processor.py:927} WARNING - No viable dags retrieved from /opt/airflow/dags/script/example/create_dag_with_python_operator.py
[2024-11-24T17:01:39.146+0000] {processor.py:208} INFO - Processing /opt/airflow/dags/script/example/create_dag_with_python_operator.py took 0.011 seconds
[2024-11-24T17:02:09.539+0000] {processor.py:186} INFO - Started process (PID=17033) to work on /opt/airflow/dags/script/example/create_dag_with_python_operator.py
[2024-11-24T17:02:09.540+0000] {processor.py:914} INFO - Processing file /opt/airflow/dags/script/example/create_dag_with_python_operator.py for tasks to queue
[2024-11-24T17:02:09.540+0000] {logging_mixin.py:190} INFO - [2024-11-24T17:02:09.540+0000] {dagbag.py:588} INFO - Filling up the DagBag from /opt/airflow/dags/script/example/create_dag_with_python_operator.py
[2024-11-24T17:02:09.543+0000] {processor.py:927} WARNING - No viable dags retrieved from /opt/airflow/dags/script/example/create_dag_with_python_operator.py
[2024-11-24T17:02:09.548+0000] {processor.py:208} INFO - Processing /opt/airflow/dags/script/example/create_dag_with_python_operator.py took 0.011 seconds
[2024-11-24T17:02:40.099+0000] {processor.py:186} INFO - Started process (PID=17389) to work on /opt/airflow/dags/script/example/create_dag_with_python_operator.py
[2024-11-24T17:02:40.100+0000] {processor.py:914} INFO - Processing file /opt/airflow/dags/script/example/create_dag_with_python_operator.py for tasks to queue
[2024-11-24T17:02:40.100+0000] {logging_mixin.py:190} INFO - [2024-11-24T17:02:40.100+0000] {dagbag.py:588} INFO - Filling up the DagBag from /opt/airflow/dags/script/example/create_dag_with_python_operator.py
[2024-11-24T17:02:40.102+0000] {processor.py:927} WARNING - No viable dags retrieved from /opt/airflow/dags/script/example/create_dag_with_python_operator.py
[2024-11-24T17:02:40.110+0000] {processor.py:208} INFO - Processing /opt/airflow/dags/script/example/create_dag_with_python_operator.py took 0.012 seconds
[2024-11-24T17:03:10.534+0000] {processor.py:186} INFO - Started process (PID=17745) to work on /opt/airflow/dags/script/example/create_dag_with_python_operator.py
[2024-11-24T17:03:10.535+0000] {processor.py:914} INFO - Processing file /opt/airflow/dags/script/example/create_dag_with_python_operator.py for tasks to queue
[2024-11-24T17:03:10.535+0000] {logging_mixin.py:190} INFO - [2024-11-24T17:03:10.535+0000] {dagbag.py:588} INFO - Filling up the DagBag from /opt/airflow/dags/script/example/create_dag_with_python_operator.py
[2024-11-24T17:03:10.539+0000] {processor.py:927} WARNING - No viable dags retrieved from /opt/airflow/dags/script/example/create_dag_with_python_operator.py
[2024-11-24T17:03:10.546+0000] {processor.py:208} INFO - Processing /opt/airflow/dags/script/example/create_dag_with_python_operator.py took 0.013 seconds
[2024-11-24T17:03:40.953+0000] {processor.py:186} INFO - Started process (PID=18101) to work on /opt/airflow/dags/script/example/create_dag_with_python_operator.py
[2024-11-24T17:03:40.953+0000] {processor.py:914} INFO - Processing file /opt/airflow/dags/script/example/create_dag_with_python_operator.py for tasks to queue
[2024-11-24T17:03:40.954+0000] {logging_mixin.py:190} INFO - [2024-11-24T17:03:40.953+0000] {dagbag.py:588} INFO - Filling up the DagBag from /opt/airflow/dags/script/example/create_dag_with_python_operator.py
[2024-11-24T17:03:40.956+0000] {processor.py:927} WARNING - No viable dags retrieved from /opt/airflow/dags/script/example/create_dag_with_python_operator.py
[2024-11-24T17:03:40.961+0000] {processor.py:208} INFO - Processing /opt/airflow/dags/script/example/create_dag_with_python_operator.py took 0.011 seconds
[2024-11-24T17:04:11.310+0000] {processor.py:186} INFO - Started process (PID=18457) to work on /opt/airflow/dags/script/example/create_dag_with_python_operator.py
[2024-11-24T17:04:11.310+0000] {processor.py:914} INFO - Processing file /opt/airflow/dags/script/example/create_dag_with_python_operator.py for tasks to queue
[2024-11-24T17:04:11.311+0000] {logging_mixin.py:190} INFO - [2024-11-24T17:04:11.311+0000] {dagbag.py:588} INFO - Filling up the DagBag from /opt/airflow/dags/script/example/create_dag_with_python_operator.py
[2024-11-24T17:04:11.314+0000] {processor.py:927} WARNING - No viable dags retrieved from /opt/airflow/dags/script/example/create_dag_with_python_operator.py
[2024-11-24T17:04:11.319+0000] {processor.py:208} INFO - Processing /opt/airflow/dags/script/example/create_dag_with_python_operator.py took 0.011 seconds
[2024-11-24T17:04:42.222+0000] {processor.py:186} INFO - Started process (PID=18823) to work on /opt/airflow/dags/script/example/create_dag_with_python_operator.py
[2024-11-24T17:04:42.222+0000] {processor.py:914} INFO - Processing file /opt/airflow/dags/script/example/create_dag_with_python_operator.py for tasks to queue
[2024-11-24T17:04:42.223+0000] {logging_mixin.py:190} INFO - [2024-11-24T17:04:42.223+0000] {dagbag.py:588} INFO - Filling up the DagBag from /opt/airflow/dags/script/example/create_dag_with_python_operator.py
[2024-11-24T17:04:42.226+0000] {processor.py:927} WARNING - No viable dags retrieved from /opt/airflow/dags/script/example/create_dag_with_python_operator.py
[2024-11-24T17:04:42.231+0000] {processor.py:208} INFO - Processing /opt/airflow/dags/script/example/create_dag_with_python_operator.py took 0.011 seconds
[2024-11-24T17:05:13.045+0000] {processor.py:186} INFO - Started process (PID=19185) to work on /opt/airflow/dags/script/example/create_dag_with_python_operator.py
[2024-11-24T17:05:13.046+0000] {processor.py:914} INFO - Processing file /opt/airflow/dags/script/example/create_dag_with_python_operator.py for tasks to queue
[2024-11-24T17:05:13.047+0000] {logging_mixin.py:190} INFO - [2024-11-24T17:05:13.047+0000] {dagbag.py:588} INFO - Filling up the DagBag from /opt/airflow/dags/script/example/create_dag_with_python_operator.py
[2024-11-24T17:05:13.049+0000] {processor.py:927} WARNING - No viable dags retrieved from /opt/airflow/dags/script/example/create_dag_with_python_operator.py
[2024-11-24T17:05:13.059+0000] {processor.py:208} INFO - Processing /opt/airflow/dags/script/example/create_dag_with_python_operator.py took 0.016 seconds
[2024-11-24T17:05:44.080+0000] {processor.py:186} INFO - Started process (PID=19541) to work on /opt/airflow/dags/script/example/create_dag_with_python_operator.py
[2024-11-24T17:05:44.082+0000] {processor.py:914} INFO - Processing file /opt/airflow/dags/script/example/create_dag_with_python_operator.py for tasks to queue
[2024-11-24T17:05:44.083+0000] {logging_mixin.py:190} INFO - [2024-11-24T17:05:44.083+0000] {dagbag.py:588} INFO - Filling up the DagBag from /opt/airflow/dags/script/example/create_dag_with_python_operator.py
[2024-11-24T17:05:44.085+0000] {processor.py:927} WARNING - No viable dags retrieved from /opt/airflow/dags/script/example/create_dag_with_python_operator.py
[2024-11-24T17:05:44.096+0000] {processor.py:208} INFO - Processing /opt/airflow/dags/script/example/create_dag_with_python_operator.py took 0.019 seconds
[2024-11-24T17:06:14.853+0000] {processor.py:186} INFO - Started process (PID=19897) to work on /opt/airflow/dags/script/example/create_dag_with_python_operator.py
[2024-11-24T17:06:14.854+0000] {processor.py:914} INFO - Processing file /opt/airflow/dags/script/example/create_dag_with_python_operator.py for tasks to queue
[2024-11-24T17:06:14.855+0000] {logging_mixin.py:190} INFO - [2024-11-24T17:06:14.855+0000] {dagbag.py:588} INFO - Filling up the DagBag from /opt/airflow/dags/script/example/create_dag_with_python_operator.py
[2024-11-24T17:06:14.859+0000] {processor.py:927} WARNING - No viable dags retrieved from /opt/airflow/dags/script/example/create_dag_with_python_operator.py
[2024-11-24T17:06:14.868+0000] {processor.py:208} INFO - Processing /opt/airflow/dags/script/example/create_dag_with_python_operator.py took 0.020 seconds
[2024-11-24T17:06:45.156+0000] {processor.py:186} INFO - Started process (PID=20253) to work on /opt/airflow/dags/script/example/create_dag_with_python_operator.py
[2024-11-24T17:06:45.157+0000] {processor.py:914} INFO - Processing file /opt/airflow/dags/script/example/create_dag_with_python_operator.py for tasks to queue
[2024-11-24T17:06:45.158+0000] {logging_mixin.py:190} INFO - [2024-11-24T17:06:45.158+0000] {dagbag.py:588} INFO - Filling up the DagBag from /opt/airflow/dags/script/example/create_dag_with_python_operator.py
[2024-11-24T17:06:45.162+0000] {processor.py:927} WARNING - No viable dags retrieved from /opt/airflow/dags/script/example/create_dag_with_python_operator.py
[2024-11-24T17:06:45.170+0000] {processor.py:208} INFO - Processing /opt/airflow/dags/script/example/create_dag_with_python_operator.py took 0.018 seconds
[2024-11-24T17:07:15.398+0000] {processor.py:186} INFO - Started process (PID=20609) to work on /opt/airflow/dags/script/example/create_dag_with_python_operator.py
[2024-11-24T17:07:15.400+0000] {processor.py:914} INFO - Processing file /opt/airflow/dags/script/example/create_dag_with_python_operator.py for tasks to queue
[2024-11-24T17:07:15.400+0000] {logging_mixin.py:190} INFO - [2024-11-24T17:07:15.400+0000] {dagbag.py:588} INFO - Filling up the DagBag from /opt/airflow/dags/script/example/create_dag_with_python_operator.py
[2024-11-24T17:07:15.402+0000] {processor.py:927} WARNING - No viable dags retrieved from /opt/airflow/dags/script/example/create_dag_with_python_operator.py
[2024-11-24T17:07:15.409+0000] {processor.py:208} INFO - Processing /opt/airflow/dags/script/example/create_dag_with_python_operator.py took 0.015 seconds
[2024-11-24T17:07:45.655+0000] {processor.py:186} INFO - Started process (PID=20965) to work on /opt/airflow/dags/script/example/create_dag_with_python_operator.py
[2024-11-24T17:07:45.656+0000] {processor.py:914} INFO - Processing file /opt/airflow/dags/script/example/create_dag_with_python_operator.py for tasks to queue
[2024-11-24T17:07:45.657+0000] {logging_mixin.py:190} INFO - [2024-11-24T17:07:45.656+0000] {dagbag.py:588} INFO - Filling up the DagBag from /opt/airflow/dags/script/example/create_dag_with_python_operator.py
[2024-11-24T17:07:45.659+0000] {processor.py:927} WARNING - No viable dags retrieved from /opt/airflow/dags/script/example/create_dag_with_python_operator.py
[2024-11-24T17:07:45.667+0000] {processor.py:208} INFO - Processing /opt/airflow/dags/script/example/create_dag_with_python_operator.py took 0.016 seconds
[2024-11-24T17:08:16.043+0000] {processor.py:186} INFO - Started process (PID=21321) to work on /opt/airflow/dags/script/example/create_dag_with_python_operator.py
[2024-11-24T17:08:16.043+0000] {processor.py:914} INFO - Processing file /opt/airflow/dags/script/example/create_dag_with_python_operator.py for tasks to queue
[2024-11-24T17:08:16.045+0000] {logging_mixin.py:190} INFO - [2024-11-24T17:08:16.044+0000] {dagbag.py:588} INFO - Filling up the DagBag from /opt/airflow/dags/script/example/create_dag_with_python_operator.py
[2024-11-24T17:08:16.048+0000] {processor.py:927} WARNING - No viable dags retrieved from /opt/airflow/dags/script/example/create_dag_with_python_operator.py
[2024-11-24T17:08:16.057+0000] {processor.py:208} INFO - Processing /opt/airflow/dags/script/example/create_dag_with_python_operator.py took 0.018 seconds
[2024-11-24T17:08:46.191+0000] {processor.py:186} INFO - Started process (PID=21677) to work on /opt/airflow/dags/script/example/create_dag_with_python_operator.py
[2024-11-24T17:08:46.192+0000] {processor.py:914} INFO - Processing file /opt/airflow/dags/script/example/create_dag_with_python_operator.py for tasks to queue
[2024-11-24T17:08:46.193+0000] {logging_mixin.py:190} INFO - [2024-11-24T17:08:46.193+0000] {dagbag.py:588} INFO - Filling up the DagBag from /opt/airflow/dags/script/example/create_dag_with_python_operator.py
[2024-11-24T17:08:46.197+0000] {processor.py:927} WARNING - No viable dags retrieved from /opt/airflow/dags/script/example/create_dag_with_python_operator.py
[2024-11-24T17:08:46.205+0000] {processor.py:208} INFO - Processing /opt/airflow/dags/script/example/create_dag_with_python_operator.py took 0.018 seconds
[2024-11-24T17:09:16.300+0000] {processor.py:186} INFO - Started process (PID=22033) to work on /opt/airflow/dags/script/example/create_dag_with_python_operator.py
[2024-11-24T17:09:16.301+0000] {processor.py:914} INFO - Processing file /opt/airflow/dags/script/example/create_dag_with_python_operator.py for tasks to queue
[2024-11-24T17:09:16.301+0000] {logging_mixin.py:190} INFO - [2024-11-24T17:09:16.301+0000] {dagbag.py:588} INFO - Filling up the DagBag from /opt/airflow/dags/script/example/create_dag_with_python_operator.py
[2024-11-24T17:09:16.305+0000] {processor.py:927} WARNING - No viable dags retrieved from /opt/airflow/dags/script/example/create_dag_with_python_operator.py
[2024-11-24T17:09:16.314+0000] {processor.py:208} INFO - Processing /opt/airflow/dags/script/example/create_dag_with_python_operator.py took 0.018 seconds
[2024-11-24T17:09:46.415+0000] {processor.py:186} INFO - Started process (PID=22389) to work on /opt/airflow/dags/script/example/create_dag_with_python_operator.py
[2024-11-24T17:09:46.416+0000] {processor.py:914} INFO - Processing file /opt/airflow/dags/script/example/create_dag_with_python_operator.py for tasks to queue
[2024-11-24T17:09:46.418+0000] {logging_mixin.py:190} INFO - [2024-11-24T17:09:46.418+0000] {dagbag.py:588} INFO - Filling up the DagBag from /opt/airflow/dags/script/example/create_dag_with_python_operator.py
[2024-11-24T17:09:46.420+0000] {processor.py:927} WARNING - No viable dags retrieved from /opt/airflow/dags/script/example/create_dag_with_python_operator.py
[2024-11-24T17:09:46.429+0000] {processor.py:208} INFO - Processing /opt/airflow/dags/script/example/create_dag_with_python_operator.py took 0.017 seconds
[2024-11-24T17:18:30.546+0000] {processor.py:186} INFO - Started process (PID=22741) to work on /opt/airflow/dags/script/example/create_dag_with_python_operator.py
[2024-11-24T17:18:30.546+0000] {processor.py:914} INFO - Processing file /opt/airflow/dags/script/example/create_dag_with_python_operator.py for tasks to queue
[2024-11-24T17:18:30.547+0000] {logging_mixin.py:190} INFO - [2024-11-24T17:18:30.547+0000] {dagbag.py:588} INFO - Filling up the DagBag from /opt/airflow/dags/script/example/create_dag_with_python_operator.py
[2024-11-24T17:18:30.548+0000] {processor.py:927} WARNING - No viable dags retrieved from /opt/airflow/dags/script/example/create_dag_with_python_operator.py
[2024-11-24T17:18:30.555+0000] {processor.py:208} INFO - Processing /opt/airflow/dags/script/example/create_dag_with_python_operator.py took 0.012 seconds
[2024-11-24T17:19:00.681+0000] {processor.py:186} INFO - Started process (PID=23097) to work on /opt/airflow/dags/script/example/create_dag_with_python_operator.py
[2024-11-24T17:19:00.681+0000] {processor.py:914} INFO - Processing file /opt/airflow/dags/script/example/create_dag_with_python_operator.py for tasks to queue
[2024-11-24T17:19:00.682+0000] {logging_mixin.py:190} INFO - [2024-11-24T17:19:00.681+0000] {dagbag.py:588} INFO - Filling up the DagBag from /opt/airflow/dags/script/example/create_dag_with_python_operator.py
[2024-11-24T17:19:00.683+0000] {processor.py:927} WARNING - No viable dags retrieved from /opt/airflow/dags/script/example/create_dag_with_python_operator.py
[2024-11-24T17:19:00.691+0000] {processor.py:208} INFO - Processing /opt/airflow/dags/script/example/create_dag_with_python_operator.py took 0.012 seconds
[2024-11-24T17:19:30.935+0000] {processor.py:186} INFO - Started process (PID=23453) to work on /opt/airflow/dags/script/example/create_dag_with_python_operator.py
[2024-11-24T17:19:30.935+0000] {processor.py:914} INFO - Processing file /opt/airflow/dags/script/example/create_dag_with_python_operator.py for tasks to queue
[2024-11-24T17:19:30.936+0000] {logging_mixin.py:190} INFO - [2024-11-24T17:19:30.936+0000] {dagbag.py:588} INFO - Filling up the DagBag from /opt/airflow/dags/script/example/create_dag_with_python_operator.py
[2024-11-24T17:19:30.940+0000] {processor.py:927} WARNING - No viable dags retrieved from /opt/airflow/dags/script/example/create_dag_with_python_operator.py
[2024-11-24T17:19:30.947+0000] {processor.py:208} INFO - Processing /opt/airflow/dags/script/example/create_dag_with_python_operator.py took 0.014 seconds
[2024-11-24T17:20:01.994+0000] {processor.py:186} INFO - Started process (PID=23809) to work on /opt/airflow/dags/script/example/create_dag_with_python_operator.py
[2024-11-24T17:20:01.994+0000] {processor.py:914} INFO - Processing file /opt/airflow/dags/script/example/create_dag_with_python_operator.py for tasks to queue
[2024-11-24T17:20:01.995+0000] {logging_mixin.py:190} INFO - [2024-11-24T17:20:01.995+0000] {dagbag.py:588} INFO - Filling up the DagBag from /opt/airflow/dags/script/example/create_dag_with_python_operator.py
[2024-11-24T17:20:01.999+0000] {processor.py:927} WARNING - No viable dags retrieved from /opt/airflow/dags/script/example/create_dag_with_python_operator.py
[2024-11-24T17:20:02.005+0000] {processor.py:208} INFO - Processing /opt/airflow/dags/script/example/create_dag_with_python_operator.py took 0.014 seconds
[2024-11-24T17:20:32.134+0000] {processor.py:186} INFO - Started process (PID=24165) to work on /opt/airflow/dags/script/example/create_dag_with_python_operator.py
[2024-11-24T17:20:32.134+0000] {processor.py:914} INFO - Processing file /opt/airflow/dags/script/example/create_dag_with_python_operator.py for tasks to queue
[2024-11-24T17:20:32.135+0000] {logging_mixin.py:190} INFO - [2024-11-24T17:20:32.135+0000] {dagbag.py:588} INFO - Filling up the DagBag from /opt/airflow/dags/script/example/create_dag_with_python_operator.py
[2024-11-24T17:20:32.138+0000] {processor.py:927} WARNING - No viable dags retrieved from /opt/airflow/dags/script/example/create_dag_with_python_operator.py
[2024-11-24T17:20:32.144+0000] {processor.py:208} INFO - Processing /opt/airflow/dags/script/example/create_dag_with_python_operator.py took 0.012 seconds
[2024-11-24T17:21:02.256+0000] {processor.py:186} INFO - Started process (PID=24519) to work on /opt/airflow/dags/script/example/create_dag_with_python_operator.py
[2024-11-24T17:21:02.257+0000] {processor.py:914} INFO - Processing file /opt/airflow/dags/script/example/create_dag_with_python_operator.py for tasks to queue
[2024-11-24T17:21:02.258+0000] {logging_mixin.py:190} INFO - [2024-11-24T17:21:02.258+0000] {dagbag.py:588} INFO - Filling up the DagBag from /opt/airflow/dags/script/example/create_dag_with_python_operator.py
[2024-11-24T17:21:02.260+0000] {processor.py:927} WARNING - No viable dags retrieved from /opt/airflow/dags/script/example/create_dag_with_python_operator.py
[2024-11-24T17:21:02.266+0000] {processor.py:208} INFO - Processing /opt/airflow/dags/script/example/create_dag_with_python_operator.py took 0.012 seconds
[2024-11-24T17:21:32.512+0000] {processor.py:186} INFO - Started process (PID=24875) to work on /opt/airflow/dags/script/example/create_dag_with_python_operator.py
[2024-11-24T17:21:32.512+0000] {processor.py:914} INFO - Processing file /opt/airflow/dags/script/example/create_dag_with_python_operator.py for tasks to queue
[2024-11-24T17:21:32.513+0000] {logging_mixin.py:190} INFO - [2024-11-24T17:21:32.513+0000] {dagbag.py:588} INFO - Filling up the DagBag from /opt/airflow/dags/script/example/create_dag_with_python_operator.py
[2024-11-24T17:21:32.515+0000] {processor.py:927} WARNING - No viable dags retrieved from /opt/airflow/dags/script/example/create_dag_with_python_operator.py
[2024-11-24T17:21:32.522+0000] {processor.py:208} INFO - Processing /opt/airflow/dags/script/example/create_dag_with_python_operator.py took 0.012 seconds
[2024-11-24T17:22:02.789+0000] {processor.py:186} INFO - Started process (PID=25231) to work on /opt/airflow/dags/script/example/create_dag_with_python_operator.py
[2024-11-24T17:22:02.789+0000] {processor.py:914} INFO - Processing file /opt/airflow/dags/script/example/create_dag_with_python_operator.py for tasks to queue
[2024-11-24T17:22:02.790+0000] {logging_mixin.py:190} INFO - [2024-11-24T17:22:02.790+0000] {dagbag.py:588} INFO - Filling up the DagBag from /opt/airflow/dags/script/example/create_dag_with_python_operator.py
[2024-11-24T17:22:02.792+0000] {processor.py:927} WARNING - No viable dags retrieved from /opt/airflow/dags/script/example/create_dag_with_python_operator.py
[2024-11-24T17:22:02.797+0000] {processor.py:208} INFO - Processing /opt/airflow/dags/script/example/create_dag_with_python_operator.py took 0.011 seconds
[2024-11-24T17:22:32.921+0000] {processor.py:186} INFO - Started process (PID=25589) to work on /opt/airflow/dags/script/example/create_dag_with_python_operator.py
[2024-11-24T17:22:32.921+0000] {processor.py:914} INFO - Processing file /opt/airflow/dags/script/example/create_dag_with_python_operator.py for tasks to queue
[2024-11-24T17:22:32.922+0000] {logging_mixin.py:190} INFO - [2024-11-24T17:22:32.921+0000] {dagbag.py:588} INFO - Filling up the DagBag from /opt/airflow/dags/script/example/create_dag_with_python_operator.py
[2024-11-24T17:22:32.922+0000] {processor.py:927} WARNING - No viable dags retrieved from /opt/airflow/dags/script/example/create_dag_with_python_operator.py
[2024-11-24T17:22:32.927+0000] {processor.py:208} INFO - Processing /opt/airflow/dags/script/example/create_dag_with_python_operator.py took 0.008 seconds
[2024-11-24T17:23:03.991+0000] {processor.py:186} INFO - Started process (PID=25945) to work on /opt/airflow/dags/script/example/create_dag_with_python_operator.py
[2024-11-24T17:23:03.991+0000] {processor.py:914} INFO - Processing file /opt/airflow/dags/script/example/create_dag_with_python_operator.py for tasks to queue
[2024-11-24T17:23:03.992+0000] {logging_mixin.py:190} INFO - [2024-11-24T17:23:03.992+0000] {dagbag.py:588} INFO - Filling up the DagBag from /opt/airflow/dags/script/example/create_dag_with_python_operator.py
[2024-11-24T17:23:03.996+0000] {processor.py:927} WARNING - No viable dags retrieved from /opt/airflow/dags/script/example/create_dag_with_python_operator.py
[2024-11-24T17:23:04.003+0000] {processor.py:208} INFO - Processing /opt/airflow/dags/script/example/create_dag_with_python_operator.py took 0.014 seconds
[2024-11-24T17:23:34.140+0000] {processor.py:186} INFO - Started process (PID=26301) to work on /opt/airflow/dags/script/example/create_dag_with_python_operator.py
[2024-11-24T17:23:34.140+0000] {processor.py:914} INFO - Processing file /opt/airflow/dags/script/example/create_dag_with_python_operator.py for tasks to queue
[2024-11-24T17:23:34.140+0000] {logging_mixin.py:190} INFO - [2024-11-24T17:23:34.140+0000] {dagbag.py:588} INFO - Filling up the DagBag from /opt/airflow/dags/script/example/create_dag_with_python_operator.py
[2024-11-24T17:23:34.146+0000] {processor.py:927} WARNING - No viable dags retrieved from /opt/airflow/dags/script/example/create_dag_with_python_operator.py
[2024-11-24T17:23:34.152+0000] {processor.py:208} INFO - Processing /opt/airflow/dags/script/example/create_dag_with_python_operator.py took 0.015 seconds
[2024-11-24T18:04:27.770+0000] {processor.py:186} INFO - Started process (PID=26657) to work on /opt/airflow/dags/script/example/create_dag_with_python_operator.py
[2024-11-24T18:04:27.770+0000] {processor.py:914} INFO - Processing file /opt/airflow/dags/script/example/create_dag_with_python_operator.py for tasks to queue
[2024-11-24T18:04:27.771+0000] {logging_mixin.py:190} INFO - [2024-11-24T18:04:27.771+0000] {dagbag.py:588} INFO - Filling up the DagBag from /opt/airflow/dags/script/example/create_dag_with_python_operator.py
[2024-11-24T18:04:27.773+0000] {processor.py:927} WARNING - No viable dags retrieved from /opt/airflow/dags/script/example/create_dag_with_python_operator.py
[2024-11-24T18:04:27.782+0000] {processor.py:208} INFO - Processing /opt/airflow/dags/script/example/create_dag_with_python_operator.py took 0.014 seconds
