[2024-11-24T15:57:17.224+0000] {processor.py:186} INFO - Started process (PID=201) to work on /opt/airflow/dags/script/example/dag_with_python_dependencies.py
[2024-11-24T15:57:17.225+0000] {processor.py:914} INFO - Processing file /opt/airflow/dags/script/example/dag_with_python_dependencies.py for tasks to queue
[2024-11-24T15:57:17.228+0000] {logging_mixin.py:190} INFO - [2024-11-24T15:57:17.228+0000] {dagbag.py:588} INFO - Filling up the DagBag from /opt/airflow/dags/script/example/dag_with_python_dependencies.py
[2024-11-24T15:57:17.238+0000] {processor.py:925} INFO - DAG(s) 'dag_with_python_dependencies_v02' retrieved from /opt/airflow/dags/script/example/dag_with_python_dependencies.py
[2024-11-24T15:57:17.254+0000] {logging_mixin.py:190} INFO - [2024-11-24T15:57:17.254+0000] {dag.py:3239} INFO - Sync 1 DAGs
[2024-11-24T15:57:17.273+0000] {logging_mixin.py:190} INFO - [2024-11-24T15:57:17.273+0000] {dag.py:4180} INFO - Setting next_dagrun for dag_with_python_dependencies_v02 to 2024-11-19 00:00:00+00:00, run_after=2024-11-20 00:00:00+00:00
[2024-11-24T15:57:17.286+0000] {processor.py:208} INFO - Processing /opt/airflow/dags/script/example/dag_with_python_dependencies.py took 0.066 seconds
[2024-11-24T15:57:47.379+0000] {processor.py:186} INFO - Started process (PID=574) to work on /opt/airflow/dags/script/example/dag_with_python_dependencies.py
[2024-11-24T15:57:47.379+0000] {processor.py:914} INFO - Processing file /opt/airflow/dags/script/example/dag_with_python_dependencies.py for tasks to queue
[2024-11-24T15:57:47.380+0000] {logging_mixin.py:190} INFO - [2024-11-24T15:57:47.380+0000] {dagbag.py:588} INFO - Filling up the DagBag from /opt/airflow/dags/script/example/dag_with_python_dependencies.py
[2024-11-24T15:57:47.384+0000] {processor.py:925} INFO - DAG(s) 'dag_with_python_dependencies_v02' retrieved from /opt/airflow/dags/script/example/dag_with_python_dependencies.py
[2024-11-24T15:57:47.390+0000] {logging_mixin.py:190} INFO - [2024-11-24T15:57:47.390+0000] {dag.py:3239} INFO - Sync 1 DAGs
[2024-11-24T15:57:47.397+0000] {logging_mixin.py:190} INFO - [2024-11-24T15:57:47.397+0000] {dag.py:4180} INFO - Setting next_dagrun for dag_with_python_dependencies_v02 to 2024-11-19 00:00:00+00:00, run_after=2024-11-20 00:00:00+00:00
[2024-11-24T15:57:47.402+0000] {processor.py:208} INFO - Processing /opt/airflow/dags/script/example/dag_with_python_dependencies.py took 0.025 seconds
[2024-11-24T15:58:17.897+0000] {processor.py:186} INFO - Started process (PID=930) to work on /opt/airflow/dags/script/example/dag_with_python_dependencies.py
[2024-11-24T15:58:17.897+0000] {processor.py:914} INFO - Processing file /opt/airflow/dags/script/example/dag_with_python_dependencies.py for tasks to queue
[2024-11-24T15:58:17.899+0000] {logging_mixin.py:190} INFO - [2024-11-24T15:58:17.899+0000] {dagbag.py:588} INFO - Filling up the DagBag from /opt/airflow/dags/script/example/dag_with_python_dependencies.py
[2024-11-24T15:58:17.905+0000] {processor.py:925} INFO - DAG(s) 'dag_with_python_dependencies_v02' retrieved from /opt/airflow/dags/script/example/dag_with_python_dependencies.py
[2024-11-24T15:58:17.915+0000] {logging_mixin.py:190} INFO - [2024-11-24T15:58:17.914+0000] {dag.py:3239} INFO - Sync 1 DAGs
[2024-11-24T15:58:17.924+0000] {logging_mixin.py:190} INFO - [2024-11-24T15:58:17.924+0000] {dag.py:4180} INFO - Setting next_dagrun for dag_with_python_dependencies_v02 to 2024-11-19 00:00:00+00:00, run_after=2024-11-20 00:00:00+00:00
[2024-11-24T15:58:17.932+0000] {processor.py:208} INFO - Processing /opt/airflow/dags/script/example/dag_with_python_dependencies.py took 0.038 seconds
[2024-11-24T15:58:48.549+0000] {processor.py:186} INFO - Started process (PID=1285) to work on /opt/airflow/dags/script/example/dag_with_python_dependencies.py
[2024-11-24T15:58:48.549+0000] {processor.py:914} INFO - Processing file /opt/airflow/dags/script/example/dag_with_python_dependencies.py for tasks to queue
[2024-11-24T15:58:48.550+0000] {logging_mixin.py:190} INFO - [2024-11-24T15:58:48.550+0000] {dagbag.py:588} INFO - Filling up the DagBag from /opt/airflow/dags/script/example/dag_with_python_dependencies.py
[2024-11-24T15:58:48.555+0000] {processor.py:925} INFO - DAG(s) 'dag_with_python_dependencies_v02' retrieved from /opt/airflow/dags/script/example/dag_with_python_dependencies.py
[2024-11-24T15:58:48.564+0000] {logging_mixin.py:190} INFO - [2024-11-24T15:58:48.564+0000] {dag.py:3239} INFO - Sync 1 DAGs
[2024-11-24T15:58:48.572+0000] {logging_mixin.py:190} INFO - [2024-11-24T15:58:48.572+0000] {dag.py:4180} INFO - Setting next_dagrun for dag_with_python_dependencies_v02 to 2024-11-19 00:00:00+00:00, run_after=2024-11-20 00:00:00+00:00
[2024-11-24T15:58:48.579+0000] {processor.py:208} INFO - Processing /opt/airflow/dags/script/example/dag_with_python_dependencies.py took 0.033 seconds
[2024-11-24T15:59:19.288+0000] {processor.py:186} INFO - Started process (PID=1641) to work on /opt/airflow/dags/script/example/dag_with_python_dependencies.py
[2024-11-24T15:59:19.288+0000] {processor.py:914} INFO - Processing file /opt/airflow/dags/script/example/dag_with_python_dependencies.py for tasks to queue
[2024-11-24T15:59:19.289+0000] {logging_mixin.py:190} INFO - [2024-11-24T15:59:19.289+0000] {dagbag.py:588} INFO - Filling up the DagBag from /opt/airflow/dags/script/example/dag_with_python_dependencies.py
[2024-11-24T15:59:19.297+0000] {processor.py:925} INFO - DAG(s) 'dag_with_python_dependencies_v02' retrieved from /opt/airflow/dags/script/example/dag_with_python_dependencies.py
[2024-11-24T15:59:19.309+0000] {logging_mixin.py:190} INFO - [2024-11-24T15:59:19.309+0000] {dag.py:3239} INFO - Sync 1 DAGs
[2024-11-24T15:59:19.319+0000] {logging_mixin.py:190} INFO - [2024-11-24T15:59:19.319+0000] {dag.py:4180} INFO - Setting next_dagrun for dag_with_python_dependencies_v02 to 2024-11-19 00:00:00+00:00, run_after=2024-11-20 00:00:00+00:00
[2024-11-24T15:59:19.330+0000] {processor.py:208} INFO - Processing /opt/airflow/dags/script/example/dag_with_python_dependencies.py took 0.046 seconds
[2024-11-24T15:59:49.863+0000] {processor.py:186} INFO - Started process (PID=1997) to work on /opt/airflow/dags/script/example/dag_with_python_dependencies.py
[2024-11-24T15:59:49.864+0000] {processor.py:914} INFO - Processing file /opt/airflow/dags/script/example/dag_with_python_dependencies.py for tasks to queue
[2024-11-24T15:59:49.864+0000] {logging_mixin.py:190} INFO - [2024-11-24T15:59:49.864+0000] {dagbag.py:588} INFO - Filling up the DagBag from /opt/airflow/dags/script/example/dag_with_python_dependencies.py
[2024-11-24T15:59:49.868+0000] {processor.py:925} INFO - DAG(s) 'dag_with_python_dependencies_v02' retrieved from /opt/airflow/dags/script/example/dag_with_python_dependencies.py
[2024-11-24T15:59:49.874+0000] {logging_mixin.py:190} INFO - [2024-11-24T15:59:49.874+0000] {dag.py:3239} INFO - Sync 1 DAGs
[2024-11-24T15:59:49.882+0000] {logging_mixin.py:190} INFO - [2024-11-24T15:59:49.881+0000] {dag.py:4180} INFO - Setting next_dagrun for dag_with_python_dependencies_v02 to 2024-11-19 00:00:00+00:00, run_after=2024-11-20 00:00:00+00:00
[2024-11-24T15:59:49.886+0000] {processor.py:208} INFO - Processing /opt/airflow/dags/script/example/dag_with_python_dependencies.py took 0.025 seconds
[2024-11-24T16:00:20.318+0000] {processor.py:186} INFO - Started process (PID=2353) to work on /opt/airflow/dags/script/example/dag_with_python_dependencies.py
[2024-11-24T16:00:20.318+0000] {processor.py:914} INFO - Processing file /opt/airflow/dags/script/example/dag_with_python_dependencies.py for tasks to queue
[2024-11-24T16:00:20.319+0000] {logging_mixin.py:190} INFO - [2024-11-24T16:00:20.319+0000] {dagbag.py:588} INFO - Filling up the DagBag from /opt/airflow/dags/script/example/dag_with_python_dependencies.py
[2024-11-24T16:00:20.323+0000] {processor.py:925} INFO - DAG(s) 'dag_with_python_dependencies_v02' retrieved from /opt/airflow/dags/script/example/dag_with_python_dependencies.py
[2024-11-24T16:00:20.329+0000] {logging_mixin.py:190} INFO - [2024-11-24T16:00:20.329+0000] {dag.py:3239} INFO - Sync 1 DAGs
[2024-11-24T16:00:20.337+0000] {logging_mixin.py:190} INFO - [2024-11-24T16:00:20.337+0000] {dag.py:4180} INFO - Setting next_dagrun for dag_with_python_dependencies_v02 to 2024-11-19 00:00:00+00:00, run_after=2024-11-20 00:00:00+00:00
[2024-11-24T16:00:20.341+0000] {processor.py:208} INFO - Processing /opt/airflow/dags/script/example/dag_with_python_dependencies.py took 0.026 seconds
[2024-11-24T16:00:50.729+0000] {processor.py:186} INFO - Started process (PID=2708) to work on /opt/airflow/dags/script/example/dag_with_python_dependencies.py
[2024-11-24T16:00:50.729+0000] {processor.py:914} INFO - Processing file /opt/airflow/dags/script/example/dag_with_python_dependencies.py for tasks to queue
[2024-11-24T16:00:50.730+0000] {logging_mixin.py:190} INFO - [2024-11-24T16:00:50.730+0000] {dagbag.py:588} INFO - Filling up the DagBag from /opt/airflow/dags/script/example/dag_with_python_dependencies.py
[2024-11-24T16:00:50.736+0000] {processor.py:925} INFO - DAG(s) 'dag_with_python_dependencies_v02' retrieved from /opt/airflow/dags/script/example/dag_with_python_dependencies.py
[2024-11-24T16:00:50.745+0000] {logging_mixin.py:190} INFO - [2024-11-24T16:00:50.745+0000] {dag.py:3239} INFO - Sync 1 DAGs
[2024-11-24T16:00:50.753+0000] {logging_mixin.py:190} INFO - [2024-11-24T16:00:50.753+0000] {dag.py:4180} INFO - Setting next_dagrun for dag_with_python_dependencies_v02 to 2024-11-19 00:00:00+00:00, run_after=2024-11-20 00:00:00+00:00
[2024-11-24T16:00:50.758+0000] {processor.py:208} INFO - Processing /opt/airflow/dags/script/example/dag_with_python_dependencies.py took 0.032 seconds
[2024-11-24T16:01:21.175+0000] {processor.py:186} INFO - Started process (PID=3066) to work on /opt/airflow/dags/script/example/dag_with_python_dependencies.py
[2024-11-24T16:01:21.177+0000] {processor.py:914} INFO - Processing file /opt/airflow/dags/script/example/dag_with_python_dependencies.py for tasks to queue
[2024-11-24T16:01:21.179+0000] {logging_mixin.py:190} INFO - [2024-11-24T16:01:21.178+0000] {dagbag.py:588} INFO - Filling up the DagBag from /opt/airflow/dags/script/example/dag_with_python_dependencies.py
[2024-11-24T16:01:21.183+0000] {processor.py:925} INFO - DAG(s) 'dag_with_python_dependencies_v02' retrieved from /opt/airflow/dags/script/example/dag_with_python_dependencies.py
[2024-11-24T16:01:21.192+0000] {logging_mixin.py:190} INFO - [2024-11-24T16:01:21.192+0000] {dag.py:3239} INFO - Sync 1 DAGs
[2024-11-24T16:01:21.201+0000] {logging_mixin.py:190} INFO - [2024-11-24T16:01:21.201+0000] {dag.py:4180} INFO - Setting next_dagrun for dag_with_python_dependencies_v02 to 2024-11-19 00:00:00+00:00, run_after=2024-11-20 00:00:00+00:00
[2024-11-24T16:01:21.208+0000] {processor.py:208} INFO - Processing /opt/airflow/dags/script/example/dag_with_python_dependencies.py took 0.035 seconds
[2024-11-24T16:01:51.599+0000] {processor.py:186} INFO - Started process (PID=3422) to work on /opt/airflow/dags/script/example/dag_with_python_dependencies.py
[2024-11-24T16:01:51.602+0000] {processor.py:914} INFO - Processing file /opt/airflow/dags/script/example/dag_with_python_dependencies.py for tasks to queue
[2024-11-24T16:01:51.603+0000] {logging_mixin.py:190} INFO - [2024-11-24T16:01:51.603+0000] {dagbag.py:588} INFO - Filling up the DagBag from /opt/airflow/dags/script/example/dag_with_python_dependencies.py
[2024-11-24T16:01:51.610+0000] {processor.py:925} INFO - DAG(s) 'dag_with_python_dependencies_v02' retrieved from /opt/airflow/dags/script/example/dag_with_python_dependencies.py
[2024-11-24T16:01:51.620+0000] {logging_mixin.py:190} INFO - [2024-11-24T16:01:51.620+0000] {dag.py:3239} INFO - Sync 1 DAGs
[2024-11-24T16:01:51.630+0000] {logging_mixin.py:190} INFO - [2024-11-24T16:01:51.630+0000] {dag.py:4180} INFO - Setting next_dagrun for dag_with_python_dependencies_v02 to 2024-11-19 00:00:00+00:00, run_after=2024-11-20 00:00:00+00:00
[2024-11-24T16:01:51.638+0000] {processor.py:208} INFO - Processing /opt/airflow/dags/script/example/dag_with_python_dependencies.py took 0.041 seconds
[2024-11-24T16:02:22.549+0000] {processor.py:186} INFO - Started process (PID=3788) to work on /opt/airflow/dags/script/example/dag_with_python_dependencies.py
[2024-11-24T16:02:22.550+0000] {processor.py:914} INFO - Processing file /opt/airflow/dags/script/example/dag_with_python_dependencies.py for tasks to queue
[2024-11-24T16:02:22.551+0000] {logging_mixin.py:190} INFO - [2024-11-24T16:02:22.551+0000] {dagbag.py:588} INFO - Filling up the DagBag from /opt/airflow/dags/script/example/dag_with_python_dependencies.py
[2024-11-24T16:02:22.560+0000] {processor.py:925} INFO - DAG(s) 'dag_with_python_dependencies_v02' retrieved from /opt/airflow/dags/script/example/dag_with_python_dependencies.py
[2024-11-24T16:02:22.569+0000] {logging_mixin.py:190} INFO - [2024-11-24T16:02:22.569+0000] {dag.py:3239} INFO - Sync 1 DAGs
[2024-11-24T16:02:22.583+0000] {logging_mixin.py:190} INFO - [2024-11-24T16:02:22.583+0000] {dag.py:4180} INFO - Setting next_dagrun for dag_with_python_dependencies_v02 to 2024-11-19 00:00:00+00:00, run_after=2024-11-20 00:00:00+00:00
[2024-11-24T16:02:22.596+0000] {processor.py:208} INFO - Processing /opt/airflow/dags/script/example/dag_with_python_dependencies.py took 0.050 seconds
[2024-11-24T16:02:53.094+0000] {processor.py:186} INFO - Started process (PID=4144) to work on /opt/airflow/dags/script/example/dag_with_python_dependencies.py
[2024-11-24T16:02:53.095+0000] {processor.py:914} INFO - Processing file /opt/airflow/dags/script/example/dag_with_python_dependencies.py for tasks to queue
[2024-11-24T16:02:53.096+0000] {logging_mixin.py:190} INFO - [2024-11-24T16:02:53.096+0000] {dagbag.py:588} INFO - Filling up the DagBag from /opt/airflow/dags/script/example/dag_with_python_dependencies.py
[2024-11-24T16:02:53.101+0000] {processor.py:925} INFO - DAG(s) 'dag_with_python_dependencies_v02' retrieved from /opt/airflow/dags/script/example/dag_with_python_dependencies.py
[2024-11-24T16:02:53.109+0000] {logging_mixin.py:190} INFO - [2024-11-24T16:02:53.109+0000] {dag.py:3239} INFO - Sync 1 DAGs
[2024-11-24T16:02:53.117+0000] {logging_mixin.py:190} INFO - [2024-11-24T16:02:53.117+0000] {dag.py:4180} INFO - Setting next_dagrun for dag_with_python_dependencies_v02 to 2024-11-19 00:00:00+00:00, run_after=2024-11-20 00:00:00+00:00
[2024-11-24T16:02:53.125+0000] {processor.py:208} INFO - Processing /opt/airflow/dags/script/example/dag_with_python_dependencies.py took 0.034 seconds
[2024-11-24T16:03:23.445+0000] {processor.py:186} INFO - Started process (PID=4500) to work on /opt/airflow/dags/script/example/dag_with_python_dependencies.py
[2024-11-24T16:03:23.445+0000] {processor.py:914} INFO - Processing file /opt/airflow/dags/script/example/dag_with_python_dependencies.py for tasks to queue
[2024-11-24T16:03:23.448+0000] {logging_mixin.py:190} INFO - [2024-11-24T16:03:23.448+0000] {dagbag.py:588} INFO - Filling up the DagBag from /opt/airflow/dags/script/example/dag_with_python_dependencies.py
[2024-11-24T16:03:23.453+0000] {processor.py:925} INFO - DAG(s) 'dag_with_python_dependencies_v02' retrieved from /opt/airflow/dags/script/example/dag_with_python_dependencies.py
[2024-11-24T16:03:23.464+0000] {logging_mixin.py:190} INFO - [2024-11-24T16:03:23.464+0000] {dag.py:3239} INFO - Sync 1 DAGs
[2024-11-24T16:03:23.474+0000] {logging_mixin.py:190} INFO - [2024-11-24T16:03:23.474+0000] {dag.py:4180} INFO - Setting next_dagrun for dag_with_python_dependencies_v02 to 2024-11-19 00:00:00+00:00, run_after=2024-11-20 00:00:00+00:00
[2024-11-24T16:03:23.483+0000] {processor.py:208} INFO - Processing /opt/airflow/dags/script/example/dag_with_python_dependencies.py took 0.041 seconds
[2024-11-24T16:03:54.168+0000] {processor.py:186} INFO - Started process (PID=4861) to work on /opt/airflow/dags/script/example/dag_with_python_dependencies.py
[2024-11-24T16:03:54.169+0000] {processor.py:914} INFO - Processing file /opt/airflow/dags/script/example/dag_with_python_dependencies.py for tasks to queue
[2024-11-24T16:03:54.171+0000] {logging_mixin.py:190} INFO - [2024-11-24T16:03:54.171+0000] {dagbag.py:588} INFO - Filling up the DagBag from /opt/airflow/dags/script/example/dag_with_python_dependencies.py
[2024-11-24T16:03:54.176+0000] {processor.py:925} INFO - DAG(s) 'dag_with_python_dependencies_v02' retrieved from /opt/airflow/dags/script/example/dag_with_python_dependencies.py
[2024-11-24T16:03:54.186+0000] {logging_mixin.py:190} INFO - [2024-11-24T16:03:54.186+0000] {dag.py:3239} INFO - Sync 1 DAGs
[2024-11-24T16:03:54.195+0000] {logging_mixin.py:190} INFO - [2024-11-24T16:03:54.195+0000] {dag.py:4180} INFO - Setting next_dagrun for dag_with_python_dependencies_v02 to 2024-11-19 00:00:00+00:00, run_after=2024-11-20 00:00:00+00:00
[2024-11-24T16:03:54.204+0000] {processor.py:208} INFO - Processing /opt/airflow/dags/script/example/dag_with_python_dependencies.py took 0.038 seconds
[2024-11-24T16:04:24.600+0000] {processor.py:186} INFO - Started process (PID=5232) to work on /opt/airflow/dags/script/example/dag_with_python_dependencies.py
[2024-11-24T16:04:24.600+0000] {processor.py:914} INFO - Processing file /opt/airflow/dags/script/example/dag_with_python_dependencies.py for tasks to queue
[2024-11-24T16:04:24.602+0000] {logging_mixin.py:190} INFO - [2024-11-24T16:04:24.601+0000] {dagbag.py:588} INFO - Filling up the DagBag from /opt/airflow/dags/script/example/dag_with_python_dependencies.py
[2024-11-24T16:04:24.606+0000] {processor.py:925} INFO - DAG(s) 'dag_with_python_dependencies_v02' retrieved from /opt/airflow/dags/script/example/dag_with_python_dependencies.py
[2024-11-24T16:04:24.616+0000] {logging_mixin.py:190} INFO - [2024-11-24T16:04:24.616+0000] {dag.py:3239} INFO - Sync 1 DAGs
[2024-11-24T16:04:24.625+0000] {logging_mixin.py:190} INFO - [2024-11-24T16:04:24.625+0000] {dag.py:4180} INFO - Setting next_dagrun for dag_with_python_dependencies_v02 to 2024-11-19 00:00:00+00:00, run_after=2024-11-20 00:00:00+00:00
[2024-11-24T16:04:24.633+0000] {processor.py:208} INFO - Processing /opt/airflow/dags/script/example/dag_with_python_dependencies.py took 0.036 seconds
[2024-11-24T16:04:55.273+0000] {processor.py:186} INFO - Started process (PID=5598) to work on /opt/airflow/dags/script/example/dag_with_python_dependencies.py
[2024-11-24T16:04:55.273+0000] {processor.py:914} INFO - Processing file /opt/airflow/dags/script/example/dag_with_python_dependencies.py for tasks to queue
[2024-11-24T16:04:55.274+0000] {logging_mixin.py:190} INFO - [2024-11-24T16:04:55.274+0000] {dagbag.py:588} INFO - Filling up the DagBag from /opt/airflow/dags/script/example/dag_with_python_dependencies.py
[2024-11-24T16:04:55.279+0000] {processor.py:925} INFO - DAG(s) 'dag_with_python_dependencies_v02' retrieved from /opt/airflow/dags/script/example/dag_with_python_dependencies.py
[2024-11-24T16:04:55.289+0000] {logging_mixin.py:190} INFO - [2024-11-24T16:04:55.289+0000] {dag.py:3239} INFO - Sync 1 DAGs
[2024-11-24T16:04:55.298+0000] {logging_mixin.py:190} INFO - [2024-11-24T16:04:55.297+0000] {dag.py:4180} INFO - Setting next_dagrun for dag_with_python_dependencies_v02 to 2024-11-19 00:00:00+00:00, run_after=2024-11-20 00:00:00+00:00
[2024-11-24T16:04:55.303+0000] {processor.py:208} INFO - Processing /opt/airflow/dags/script/example/dag_with_python_dependencies.py took 0.033 seconds
[2024-11-24T16:05:25.802+0000] {processor.py:186} INFO - Started process (PID=5954) to work on /opt/airflow/dags/script/example/dag_with_python_dependencies.py
[2024-11-24T16:05:25.804+0000] {processor.py:914} INFO - Processing file /opt/airflow/dags/script/example/dag_with_python_dependencies.py for tasks to queue
[2024-11-24T16:05:25.805+0000] {logging_mixin.py:190} INFO - [2024-11-24T16:05:25.805+0000] {dagbag.py:588} INFO - Filling up the DagBag from /opt/airflow/dags/script/example/dag_with_python_dependencies.py
[2024-11-24T16:05:25.809+0000] {processor.py:925} INFO - DAG(s) 'dag_with_python_dependencies_v02' retrieved from /opt/airflow/dags/script/example/dag_with_python_dependencies.py
[2024-11-24T16:05:25.820+0000] {logging_mixin.py:190} INFO - [2024-11-24T16:05:25.820+0000] {dag.py:3239} INFO - Sync 1 DAGs
[2024-11-24T16:05:25.828+0000] {logging_mixin.py:190} INFO - [2024-11-24T16:05:25.828+0000] {dag.py:4180} INFO - Setting next_dagrun for dag_with_python_dependencies_v02 to 2024-11-19 00:00:00+00:00, run_after=2024-11-20 00:00:00+00:00
[2024-11-24T16:05:25.836+0000] {processor.py:208} INFO - Processing /opt/airflow/dags/script/example/dag_with_python_dependencies.py took 0.036 seconds
[2024-11-24T16:05:56.216+0000] {processor.py:186} INFO - Started process (PID=6320) to work on /opt/airflow/dags/script/example/dag_with_python_dependencies.py
[2024-11-24T16:05:56.216+0000] {processor.py:914} INFO - Processing file /opt/airflow/dags/script/example/dag_with_python_dependencies.py for tasks to queue
[2024-11-24T16:05:56.218+0000] {logging_mixin.py:190} INFO - [2024-11-24T16:05:56.218+0000] {dagbag.py:588} INFO - Filling up the DagBag from /opt/airflow/dags/script/example/dag_with_python_dependencies.py
[2024-11-24T16:05:56.224+0000] {processor.py:925} INFO - DAG(s) 'dag_with_python_dependencies_v02' retrieved from /opt/airflow/dags/script/example/dag_with_python_dependencies.py
[2024-11-24T16:05:56.233+0000] {logging_mixin.py:190} INFO - [2024-11-24T16:05:56.233+0000] {dag.py:3239} INFO - Sync 1 DAGs
[2024-11-24T16:05:56.241+0000] {logging_mixin.py:190} INFO - [2024-11-24T16:05:56.241+0000] {dag.py:4180} INFO - Setting next_dagrun for dag_with_python_dependencies_v02 to 2024-11-19 00:00:00+00:00, run_after=2024-11-20 00:00:00+00:00
[2024-11-24T16:05:56.250+0000] {processor.py:208} INFO - Processing /opt/airflow/dags/script/example/dag_with_python_dependencies.py took 0.037 seconds
[2024-11-24T16:06:26.610+0000] {processor.py:186} INFO - Started process (PID=6686) to work on /opt/airflow/dags/script/example/dag_with_python_dependencies.py
[2024-11-24T16:06:26.613+0000] {processor.py:914} INFO - Processing file /opt/airflow/dags/script/example/dag_with_python_dependencies.py for tasks to queue
[2024-11-24T16:06:26.615+0000] {logging_mixin.py:190} INFO - [2024-11-24T16:06:26.614+0000] {dagbag.py:588} INFO - Filling up the DagBag from /opt/airflow/dags/script/example/dag_with_python_dependencies.py
[2024-11-24T16:06:26.621+0000] {processor.py:925} INFO - DAG(s) 'dag_with_python_dependencies_v02' retrieved from /opt/airflow/dags/script/example/dag_with_python_dependencies.py
[2024-11-24T16:06:26.631+0000] {logging_mixin.py:190} INFO - [2024-11-24T16:06:26.631+0000] {dag.py:3239} INFO - Sync 1 DAGs
[2024-11-24T16:06:26.643+0000] {logging_mixin.py:190} INFO - [2024-11-24T16:06:26.643+0000] {dag.py:4180} INFO - Setting next_dagrun for dag_with_python_dependencies_v02 to 2024-11-19 00:00:00+00:00, run_after=2024-11-20 00:00:00+00:00
[2024-11-24T16:06:26.652+0000] {processor.py:208} INFO - Processing /opt/airflow/dags/script/example/dag_with_python_dependencies.py took 0.045 seconds
[2024-11-24T16:06:39.012+0000] {processor.py:186} INFO - Started process (PID=7028) to work on /opt/airflow/dags/script/example/dag_with_python_dependencies.py
[2024-11-24T16:06:39.014+0000] {processor.py:914} INFO - Processing file /opt/airflow/dags/script/example/dag_with_python_dependencies.py for tasks to queue
[2024-11-24T16:06:39.015+0000] {logging_mixin.py:190} INFO - [2024-11-24T16:06:39.015+0000] {dagbag.py:588} INFO - Filling up the DagBag from /opt/airflow/dags/script/example/dag_with_python_dependencies.py
[2024-11-24T16:06:39.018+0000] {processor.py:927} WARNING - No viable dags retrieved from /opt/airflow/dags/script/example/dag_with_python_dependencies.py
[2024-11-24T16:06:39.025+0000] {processor.py:208} INFO - Processing /opt/airflow/dags/script/example/dag_with_python_dependencies.py took 0.017 seconds
[2024-11-24T16:07:09.299+0000] {processor.py:186} INFO - Started process (PID=7384) to work on /opt/airflow/dags/script/example/dag_with_python_dependencies.py
[2024-11-24T16:07:09.300+0000] {processor.py:914} INFO - Processing file /opt/airflow/dags/script/example/dag_with_python_dependencies.py for tasks to queue
[2024-11-24T16:07:09.302+0000] {logging_mixin.py:190} INFO - [2024-11-24T16:07:09.302+0000] {dagbag.py:588} INFO - Filling up the DagBag from /opt/airflow/dags/script/example/dag_with_python_dependencies.py
[2024-11-24T16:07:09.305+0000] {processor.py:927} WARNING - No viable dags retrieved from /opt/airflow/dags/script/example/dag_with_python_dependencies.py
[2024-11-24T16:07:09.314+0000] {processor.py:208} INFO - Processing /opt/airflow/dags/script/example/dag_with_python_dependencies.py took 0.019 seconds
[2024-11-24T16:07:39.534+0000] {processor.py:186} INFO - Started process (PID=7740) to work on /opt/airflow/dags/script/example/dag_with_python_dependencies.py
[2024-11-24T16:07:39.534+0000] {processor.py:914} INFO - Processing file /opt/airflow/dags/script/example/dag_with_python_dependencies.py for tasks to queue
[2024-11-24T16:07:39.535+0000] {logging_mixin.py:190} INFO - [2024-11-24T16:07:39.535+0000] {dagbag.py:588} INFO - Filling up the DagBag from /opt/airflow/dags/script/example/dag_with_python_dependencies.py
[2024-11-24T16:07:39.537+0000] {processor.py:927} WARNING - No viable dags retrieved from /opt/airflow/dags/script/example/dag_with_python_dependencies.py
[2024-11-24T16:07:39.546+0000] {processor.py:208} INFO - Processing /opt/airflow/dags/script/example/dag_with_python_dependencies.py took 0.017 seconds
[2024-11-24T16:08:09.751+0000] {processor.py:186} INFO - Started process (PID=8096) to work on /opt/airflow/dags/script/example/dag_with_python_dependencies.py
[2024-11-24T16:08:09.752+0000] {processor.py:914} INFO - Processing file /opt/airflow/dags/script/example/dag_with_python_dependencies.py for tasks to queue
[2024-11-24T16:08:09.753+0000] {logging_mixin.py:190} INFO - [2024-11-24T16:08:09.753+0000] {dagbag.py:588} INFO - Filling up the DagBag from /opt/airflow/dags/script/example/dag_with_python_dependencies.py
[2024-11-24T16:08:09.756+0000] {processor.py:927} WARNING - No viable dags retrieved from /opt/airflow/dags/script/example/dag_with_python_dependencies.py
[2024-11-24T16:08:09.765+0000] {processor.py:208} INFO - Processing /opt/airflow/dags/script/example/dag_with_python_dependencies.py took 0.026 seconds
[2024-11-24T16:08:39.929+0000] {processor.py:186} INFO - Started process (PID=8452) to work on /opt/airflow/dags/script/example/dag_with_python_dependencies.py
[2024-11-24T16:08:39.930+0000] {processor.py:914} INFO - Processing file /opt/airflow/dags/script/example/dag_with_python_dependencies.py for tasks to queue
[2024-11-24T16:08:39.931+0000] {logging_mixin.py:190} INFO - [2024-11-24T16:08:39.931+0000] {dagbag.py:588} INFO - Filling up the DagBag from /opt/airflow/dags/script/example/dag_with_python_dependencies.py
[2024-11-24T16:08:39.934+0000] {processor.py:927} WARNING - No viable dags retrieved from /opt/airflow/dags/script/example/dag_with_python_dependencies.py
[2024-11-24T16:08:39.944+0000] {processor.py:208} INFO - Processing /opt/airflow/dags/script/example/dag_with_python_dependencies.py took 0.020 seconds
[2024-11-24T16:09:10.191+0000] {processor.py:186} INFO - Started process (PID=8814) to work on /opt/airflow/dags/script/example/dag_with_python_dependencies.py
[2024-11-24T16:09:10.192+0000] {processor.py:914} INFO - Processing file /opt/airflow/dags/script/example/dag_with_python_dependencies.py for tasks to queue
[2024-11-24T16:09:10.193+0000] {logging_mixin.py:190} INFO - [2024-11-24T16:09:10.192+0000] {dagbag.py:588} INFO - Filling up the DagBag from /opt/airflow/dags/script/example/dag_with_python_dependencies.py
[2024-11-24T16:09:10.194+0000] {processor.py:927} WARNING - No viable dags retrieved from /opt/airflow/dags/script/example/dag_with_python_dependencies.py
[2024-11-24T16:09:10.201+0000] {processor.py:208} INFO - Processing /opt/airflow/dags/script/example/dag_with_python_dependencies.py took 0.013 seconds
[2024-11-24T16:09:40.311+0000] {processor.py:186} INFO - Started process (PID=9170) to work on /opt/airflow/dags/script/example/dag_with_python_dependencies.py
[2024-11-24T16:09:40.313+0000] {processor.py:914} INFO - Processing file /opt/airflow/dags/script/example/dag_with_python_dependencies.py for tasks to queue
[2024-11-24T16:09:40.313+0000] {logging_mixin.py:190} INFO - [2024-11-24T16:09:40.313+0000] {dagbag.py:588} INFO - Filling up the DagBag from /opt/airflow/dags/script/example/dag_with_python_dependencies.py
[2024-11-24T16:09:40.316+0000] {processor.py:927} WARNING - No viable dags retrieved from /opt/airflow/dags/script/example/dag_with_python_dependencies.py
[2024-11-24T16:09:40.324+0000] {processor.py:208} INFO - Processing /opt/airflow/dags/script/example/dag_with_python_dependencies.py took 0.017 seconds
[2024-11-24T16:10:10.527+0000] {processor.py:186} INFO - Started process (PID=9526) to work on /opt/airflow/dags/script/example/dag_with_python_dependencies.py
[2024-11-24T16:10:10.528+0000] {processor.py:914} INFO - Processing file /opt/airflow/dags/script/example/dag_with_python_dependencies.py for tasks to queue
[2024-11-24T16:10:10.530+0000] {logging_mixin.py:190} INFO - [2024-11-24T16:10:10.530+0000] {dagbag.py:588} INFO - Filling up the DagBag from /opt/airflow/dags/script/example/dag_with_python_dependencies.py
[2024-11-24T16:10:10.532+0000] {processor.py:927} WARNING - No viable dags retrieved from /opt/airflow/dags/script/example/dag_with_python_dependencies.py
[2024-11-24T16:10:10.541+0000] {processor.py:208} INFO - Processing /opt/airflow/dags/script/example/dag_with_python_dependencies.py took 0.018 seconds
[2024-11-24T16:10:40.699+0000] {processor.py:186} INFO - Started process (PID=9882) to work on /opt/airflow/dags/script/example/dag_with_python_dependencies.py
[2024-11-24T16:10:40.699+0000] {processor.py:914} INFO - Processing file /opt/airflow/dags/script/example/dag_with_python_dependencies.py for tasks to queue
[2024-11-24T16:10:40.699+0000] {logging_mixin.py:190} INFO - [2024-11-24T16:10:40.699+0000] {dagbag.py:588} INFO - Filling up the DagBag from /opt/airflow/dags/script/example/dag_with_python_dependencies.py
[2024-11-24T16:10:40.701+0000] {processor.py:927} WARNING - No viable dags retrieved from /opt/airflow/dags/script/example/dag_with_python_dependencies.py
[2024-11-24T16:10:40.706+0000] {processor.py:208} INFO - Processing /opt/airflow/dags/script/example/dag_with_python_dependencies.py took 0.009 seconds
[2024-11-24T16:11:10.938+0000] {processor.py:186} INFO - Started process (PID=10238) to work on /opt/airflow/dags/script/example/dag_with_python_dependencies.py
[2024-11-24T16:11:10.938+0000] {processor.py:914} INFO - Processing file /opt/airflow/dags/script/example/dag_with_python_dependencies.py for tasks to queue
[2024-11-24T16:11:10.939+0000] {logging_mixin.py:190} INFO - [2024-11-24T16:11:10.939+0000] {dagbag.py:588} INFO - Filling up the DagBag from /opt/airflow/dags/script/example/dag_with_python_dependencies.py
[2024-11-24T16:11:10.941+0000] {processor.py:927} WARNING - No viable dags retrieved from /opt/airflow/dags/script/example/dag_with_python_dependencies.py
[2024-11-24T16:11:10.950+0000] {processor.py:208} INFO - Processing /opt/airflow/dags/script/example/dag_with_python_dependencies.py took 0.017 seconds
[2024-11-24T16:11:41.221+0000] {processor.py:186} INFO - Started process (PID=10594) to work on /opt/airflow/dags/script/example/dag_with_python_dependencies.py
[2024-11-24T16:11:41.224+0000] {processor.py:914} INFO - Processing file /opt/airflow/dags/script/example/dag_with_python_dependencies.py for tasks to queue
[2024-11-24T16:11:41.226+0000] {logging_mixin.py:190} INFO - [2024-11-24T16:11:41.225+0000] {dagbag.py:588} INFO - Filling up the DagBag from /opt/airflow/dags/script/example/dag_with_python_dependencies.py
[2024-11-24T16:11:41.229+0000] {processor.py:927} WARNING - No viable dags retrieved from /opt/airflow/dags/script/example/dag_with_python_dependencies.py
[2024-11-24T16:11:41.238+0000] {processor.py:208} INFO - Processing /opt/airflow/dags/script/example/dag_with_python_dependencies.py took 0.022 seconds
[2024-11-24T16:38:18.361+0000] {processor.py:186} INFO - Started process (PID=191) to work on /opt/airflow/dags/script/example/dag_with_python_dependencies.py
[2024-11-24T16:38:18.362+0000] {processor.py:914} INFO - Processing file /opt/airflow/dags/script/example/dag_with_python_dependencies.py for tasks to queue
[2024-11-24T16:38:18.363+0000] {logging_mixin.py:190} INFO - [2024-11-24T16:38:18.363+0000] {dagbag.py:588} INFO - Filling up the DagBag from /opt/airflow/dags/script/example/dag_with_python_dependencies.py
[2024-11-24T16:38:18.365+0000] {processor.py:927} WARNING - No viable dags retrieved from /opt/airflow/dags/script/example/dag_with_python_dependencies.py
[2024-11-24T16:38:18.371+0000] {processor.py:208} INFO - Processing /opt/airflow/dags/script/example/dag_with_python_dependencies.py took 0.013 seconds
[2024-11-24T16:38:48.670+0000] {processor.py:186} INFO - Started process (PID=547) to work on /opt/airflow/dags/script/example/dag_with_python_dependencies.py
[2024-11-24T16:38:48.670+0000] {processor.py:914} INFO - Processing file /opt/airflow/dags/script/example/dag_with_python_dependencies.py for tasks to queue
[2024-11-24T16:38:48.671+0000] {logging_mixin.py:190} INFO - [2024-11-24T16:38:48.671+0000] {dagbag.py:588} INFO - Filling up the DagBag from /opt/airflow/dags/script/example/dag_with_python_dependencies.py
[2024-11-24T16:38:48.673+0000] {processor.py:927} WARNING - No viable dags retrieved from /opt/airflow/dags/script/example/dag_with_python_dependencies.py
[2024-11-24T16:38:48.680+0000] {processor.py:208} INFO - Processing /opt/airflow/dags/script/example/dag_with_python_dependencies.py took 0.012 seconds
[2024-11-24T16:39:18.991+0000] {processor.py:186} INFO - Started process (PID=903) to work on /opt/airflow/dags/script/example/dag_with_python_dependencies.py
[2024-11-24T16:39:18.991+0000] {processor.py:914} INFO - Processing file /opt/airflow/dags/script/example/dag_with_python_dependencies.py for tasks to queue
[2024-11-24T16:39:18.992+0000] {logging_mixin.py:190} INFO - [2024-11-24T16:39:18.992+0000] {dagbag.py:588} INFO - Filling up the DagBag from /opt/airflow/dags/script/example/dag_with_python_dependencies.py
[2024-11-24T16:39:18.996+0000] {processor.py:927} WARNING - No viable dags retrieved from /opt/airflow/dags/script/example/dag_with_python_dependencies.py
[2024-11-24T16:39:19.001+0000] {processor.py:208} INFO - Processing /opt/airflow/dags/script/example/dag_with_python_dependencies.py took 0.012 seconds
[2024-11-24T16:39:49.435+0000] {processor.py:186} INFO - Started process (PID=1261) to work on /opt/airflow/dags/script/example/dag_with_python_dependencies.py
[2024-11-24T16:39:49.435+0000] {processor.py:914} INFO - Processing file /opt/airflow/dags/script/example/dag_with_python_dependencies.py for tasks to queue
[2024-11-24T16:39:49.436+0000] {logging_mixin.py:190} INFO - [2024-11-24T16:39:49.435+0000] {dagbag.py:588} INFO - Filling up the DagBag from /opt/airflow/dags/script/example/dag_with_python_dependencies.py
[2024-11-24T16:39:49.437+0000] {processor.py:927} WARNING - No viable dags retrieved from /opt/airflow/dags/script/example/dag_with_python_dependencies.py
[2024-11-24T16:39:49.445+0000] {processor.py:208} INFO - Processing /opt/airflow/dags/script/example/dag_with_python_dependencies.py took 0.012 seconds
[2024-11-24T16:40:19.708+0000] {processor.py:186} INFO - Started process (PID=1615) to work on /opt/airflow/dags/script/example/dag_with_python_dependencies.py
[2024-11-24T16:40:19.709+0000] {processor.py:914} INFO - Processing file /opt/airflow/dags/script/example/dag_with_python_dependencies.py for tasks to queue
[2024-11-24T16:40:19.709+0000] {logging_mixin.py:190} INFO - [2024-11-24T16:40:19.709+0000] {dagbag.py:588} INFO - Filling up the DagBag from /opt/airflow/dags/script/example/dag_with_python_dependencies.py
[2024-11-24T16:40:19.712+0000] {processor.py:927} WARNING - No viable dags retrieved from /opt/airflow/dags/script/example/dag_with_python_dependencies.py
[2024-11-24T16:40:19.717+0000] {processor.py:208} INFO - Processing /opt/airflow/dags/script/example/dag_with_python_dependencies.py took 0.011 seconds
[2024-11-24T16:40:50.146+0000] {processor.py:186} INFO - Started process (PID=1973) to work on /opt/airflow/dags/script/example/dag_with_python_dependencies.py
[2024-11-24T16:40:50.146+0000] {processor.py:914} INFO - Processing file /opt/airflow/dags/script/example/dag_with_python_dependencies.py for tasks to queue
[2024-11-24T16:40:50.146+0000] {logging_mixin.py:190} INFO - [2024-11-24T16:40:50.146+0000] {dagbag.py:588} INFO - Filling up the DagBag from /opt/airflow/dags/script/example/dag_with_python_dependencies.py
[2024-11-24T16:40:50.148+0000] {processor.py:927} WARNING - No viable dags retrieved from /opt/airflow/dags/script/example/dag_with_python_dependencies.py
[2024-11-24T16:40:50.155+0000] {processor.py:208} INFO - Processing /opt/airflow/dags/script/example/dag_with_python_dependencies.py took 0.012 seconds
[2024-11-24T16:41:20.290+0000] {processor.py:186} INFO - Started process (PID=2329) to work on /opt/airflow/dags/script/example/dag_with_python_dependencies.py
[2024-11-24T16:41:20.291+0000] {processor.py:914} INFO - Processing file /opt/airflow/dags/script/example/dag_with_python_dependencies.py for tasks to queue
[2024-11-24T16:41:20.291+0000] {logging_mixin.py:190} INFO - [2024-11-24T16:41:20.291+0000] {dagbag.py:588} INFO - Filling up the DagBag from /opt/airflow/dags/script/example/dag_with_python_dependencies.py
[2024-11-24T16:41:20.293+0000] {processor.py:927} WARNING - No viable dags retrieved from /opt/airflow/dags/script/example/dag_with_python_dependencies.py
[2024-11-24T16:41:20.301+0000] {processor.py:208} INFO - Processing /opt/airflow/dags/script/example/dag_with_python_dependencies.py took 0.013 seconds
[2024-11-24T16:41:50.707+0000] {processor.py:186} INFO - Started process (PID=2690) to work on /opt/airflow/dags/script/example/dag_with_python_dependencies.py
[2024-11-24T16:41:50.707+0000] {processor.py:914} INFO - Processing file /opt/airflow/dags/script/example/dag_with_python_dependencies.py for tasks to queue
[2024-11-24T16:41:50.708+0000] {logging_mixin.py:190} INFO - [2024-11-24T16:41:50.708+0000] {dagbag.py:588} INFO - Filling up the DagBag from /opt/airflow/dags/script/example/dag_with_python_dependencies.py
[2024-11-24T16:41:50.710+0000] {processor.py:927} WARNING - No viable dags retrieved from /opt/airflow/dags/script/example/dag_with_python_dependencies.py
[2024-11-24T16:41:50.718+0000] {processor.py:208} INFO - Processing /opt/airflow/dags/script/example/dag_with_python_dependencies.py took 0.013 seconds
[2024-11-24T16:42:21.278+0000] {processor.py:186} INFO - Started process (PID=3046) to work on /opt/airflow/dags/script/example/dag_with_python_dependencies.py
[2024-11-24T16:42:21.278+0000] {processor.py:914} INFO - Processing file /opt/airflow/dags/script/example/dag_with_python_dependencies.py for tasks to queue
[2024-11-24T16:42:21.279+0000] {logging_mixin.py:190} INFO - [2024-11-24T16:42:21.279+0000] {dagbag.py:588} INFO - Filling up the DagBag from /opt/airflow/dags/script/example/dag_with_python_dependencies.py
[2024-11-24T16:42:21.281+0000] {processor.py:927} WARNING - No viable dags retrieved from /opt/airflow/dags/script/example/dag_with_python_dependencies.py
[2024-11-24T16:42:21.291+0000] {processor.py:208} INFO - Processing /opt/airflow/dags/script/example/dag_with_python_dependencies.py took 0.016 seconds
[2024-11-24T16:42:51.420+0000] {processor.py:186} INFO - Started process (PID=3400) to work on /opt/airflow/dags/script/example/dag_with_python_dependencies.py
[2024-11-24T16:42:51.420+0000] {processor.py:914} INFO - Processing file /opt/airflow/dags/script/example/dag_with_python_dependencies.py for tasks to queue
[2024-11-24T16:42:51.421+0000] {logging_mixin.py:190} INFO - [2024-11-24T16:42:51.421+0000] {dagbag.py:588} INFO - Filling up the DagBag from /opt/airflow/dags/script/example/dag_with_python_dependencies.py
[2024-11-24T16:42:51.422+0000] {processor.py:927} WARNING - No viable dags retrieved from /opt/airflow/dags/script/example/dag_with_python_dependencies.py
[2024-11-24T16:42:51.427+0000] {processor.py:208} INFO - Processing /opt/airflow/dags/script/example/dag_with_python_dependencies.py took 0.009 seconds
[2024-11-24T16:43:21.731+0000] {processor.py:186} INFO - Started process (PID=3758) to work on /opt/airflow/dags/script/example/dag_with_python_dependencies.py
[2024-11-24T16:43:21.731+0000] {processor.py:914} INFO - Processing file /opt/airflow/dags/script/example/dag_with_python_dependencies.py for tasks to queue
[2024-11-24T16:43:21.732+0000] {logging_mixin.py:190} INFO - [2024-11-24T16:43:21.732+0000] {dagbag.py:588} INFO - Filling up the DagBag from /opt/airflow/dags/script/example/dag_with_python_dependencies.py
[2024-11-24T16:43:21.734+0000] {processor.py:927} WARNING - No viable dags retrieved from /opt/airflow/dags/script/example/dag_with_python_dependencies.py
[2024-11-24T16:43:21.741+0000] {processor.py:208} INFO - Processing /opt/airflow/dags/script/example/dag_with_python_dependencies.py took 0.013 seconds
[2024-11-24T16:43:52.296+0000] {processor.py:186} INFO - Started process (PID=4116) to work on /opt/airflow/dags/script/example/dag_with_python_dependencies.py
[2024-11-24T16:43:52.296+0000] {processor.py:914} INFO - Processing file /opt/airflow/dags/script/example/dag_with_python_dependencies.py for tasks to queue
[2024-11-24T16:43:52.297+0000] {logging_mixin.py:190} INFO - [2024-11-24T16:43:52.297+0000] {dagbag.py:588} INFO - Filling up the DagBag from /opt/airflow/dags/script/example/dag_with_python_dependencies.py
[2024-11-24T16:43:52.300+0000] {processor.py:927} WARNING - No viable dags retrieved from /opt/airflow/dags/script/example/dag_with_python_dependencies.py
[2024-11-24T16:43:52.307+0000] {processor.py:208} INFO - Processing /opt/airflow/dags/script/example/dag_with_python_dependencies.py took 0.014 seconds
[2024-11-24T16:44:22.748+0000] {processor.py:186} INFO - Started process (PID=4474) to work on /opt/airflow/dags/script/example/dag_with_python_dependencies.py
[2024-11-24T16:44:22.748+0000] {processor.py:914} INFO - Processing file /opt/airflow/dags/script/example/dag_with_python_dependencies.py for tasks to queue
[2024-11-24T16:44:22.749+0000] {logging_mixin.py:190} INFO - [2024-11-24T16:44:22.749+0000] {dagbag.py:588} INFO - Filling up the DagBag from /opt/airflow/dags/script/example/dag_with_python_dependencies.py
[2024-11-24T16:44:22.751+0000] {processor.py:927} WARNING - No viable dags retrieved from /opt/airflow/dags/script/example/dag_with_python_dependencies.py
[2024-11-24T16:44:22.758+0000] {processor.py:208} INFO - Processing /opt/airflow/dags/script/example/dag_with_python_dependencies.py took 0.013 seconds
[2024-11-24T16:44:53.384+0000] {processor.py:186} INFO - Started process (PID=4830) to work on /opt/airflow/dags/script/example/dag_with_python_dependencies.py
[2024-11-24T16:44:53.384+0000] {processor.py:914} INFO - Processing file /opt/airflow/dags/script/example/dag_with_python_dependencies.py for tasks to queue
[2024-11-24T16:44:53.385+0000] {logging_mixin.py:190} INFO - [2024-11-24T16:44:53.385+0000] {dagbag.py:588} INFO - Filling up the DagBag from /opt/airflow/dags/script/example/dag_with_python_dependencies.py
[2024-11-24T16:44:53.387+0000] {processor.py:927} WARNING - No viable dags retrieved from /opt/airflow/dags/script/example/dag_with_python_dependencies.py
[2024-11-24T16:44:53.395+0000] {processor.py:208} INFO - Processing /opt/airflow/dags/script/example/dag_with_python_dependencies.py took 0.014 seconds
[2024-11-24T16:45:23.448+0000] {processor.py:186} INFO - Started process (PID=5186) to work on /opt/airflow/dags/script/example/dag_with_python_dependencies.py
[2024-11-24T16:45:23.449+0000] {processor.py:914} INFO - Processing file /opt/airflow/dags/script/example/dag_with_python_dependencies.py for tasks to queue
[2024-11-24T16:45:23.449+0000] {logging_mixin.py:190} INFO - [2024-11-24T16:45:23.449+0000] {dagbag.py:588} INFO - Filling up the DagBag from /opt/airflow/dags/script/example/dag_with_python_dependencies.py
[2024-11-24T16:45:23.451+0000] {processor.py:927} WARNING - No viable dags retrieved from /opt/airflow/dags/script/example/dag_with_python_dependencies.py
[2024-11-24T16:45:23.458+0000] {processor.py:208} INFO - Processing /opt/airflow/dags/script/example/dag_with_python_dependencies.py took 0.013 seconds
[2024-11-24T16:45:53.965+0000] {processor.py:186} INFO - Started process (PID=5542) to work on /opt/airflow/dags/script/example/dag_with_python_dependencies.py
[2024-11-24T16:45:53.965+0000] {processor.py:914} INFO - Processing file /opt/airflow/dags/script/example/dag_with_python_dependencies.py for tasks to queue
[2024-11-24T16:45:53.966+0000] {logging_mixin.py:190} INFO - [2024-11-24T16:45:53.966+0000] {dagbag.py:588} INFO - Filling up the DagBag from /opt/airflow/dags/script/example/dag_with_python_dependencies.py
[2024-11-24T16:45:53.968+0000] {processor.py:927} WARNING - No viable dags retrieved from /opt/airflow/dags/script/example/dag_with_python_dependencies.py
[2024-11-24T16:45:53.974+0000] {processor.py:208} INFO - Processing /opt/airflow/dags/script/example/dag_with_python_dependencies.py took 0.011 seconds
[2024-11-24T16:46:24.291+0000] {processor.py:186} INFO - Started process (PID=5898) to work on /opt/airflow/dags/script/example/dag_with_python_dependencies.py
[2024-11-24T16:46:24.291+0000] {processor.py:914} INFO - Processing file /opt/airflow/dags/script/example/dag_with_python_dependencies.py for tasks to queue
[2024-11-24T16:46:24.292+0000] {logging_mixin.py:190} INFO - [2024-11-24T16:46:24.292+0000] {dagbag.py:588} INFO - Filling up the DagBag from /opt/airflow/dags/script/example/dag_with_python_dependencies.py
[2024-11-24T16:46:24.295+0000] {processor.py:927} WARNING - No viable dags retrieved from /opt/airflow/dags/script/example/dag_with_python_dependencies.py
[2024-11-24T16:46:24.302+0000] {processor.py:208} INFO - Processing /opt/airflow/dags/script/example/dag_with_python_dependencies.py took 0.014 seconds
[2024-11-24T16:46:54.710+0000] {processor.py:186} INFO - Started process (PID=6254) to work on /opt/airflow/dags/script/example/dag_with_python_dependencies.py
[2024-11-24T16:46:54.710+0000] {processor.py:914} INFO - Processing file /opt/airflow/dags/script/example/dag_with_python_dependencies.py for tasks to queue
[2024-11-24T16:46:54.710+0000] {logging_mixin.py:190} INFO - [2024-11-24T16:46:54.710+0000] {dagbag.py:588} INFO - Filling up the DagBag from /opt/airflow/dags/script/example/dag_with_python_dependencies.py
[2024-11-24T16:46:54.712+0000] {processor.py:927} WARNING - No viable dags retrieved from /opt/airflow/dags/script/example/dag_with_python_dependencies.py
[2024-11-24T16:46:54.719+0000] {processor.py:208} INFO - Processing /opt/airflow/dags/script/example/dag_with_python_dependencies.py took 0.013 seconds
[2024-11-24T16:47:25.309+0000] {processor.py:186} INFO - Started process (PID=6610) to work on /opt/airflow/dags/script/example/dag_with_python_dependencies.py
[2024-11-24T16:47:25.309+0000] {processor.py:914} INFO - Processing file /opt/airflow/dags/script/example/dag_with_python_dependencies.py for tasks to queue
[2024-11-24T16:47:25.310+0000] {logging_mixin.py:190} INFO - [2024-11-24T16:47:25.309+0000] {dagbag.py:588} INFO - Filling up the DagBag from /opt/airflow/dags/script/example/dag_with_python_dependencies.py
[2024-11-24T16:47:25.312+0000] {processor.py:927} WARNING - No viable dags retrieved from /opt/airflow/dags/script/example/dag_with_python_dependencies.py
[2024-11-24T16:47:25.321+0000] {processor.py:208} INFO - Processing /opt/airflow/dags/script/example/dag_with_python_dependencies.py took 0.015 seconds
[2024-11-24T16:47:55.848+0000] {processor.py:186} INFO - Started process (PID=6966) to work on /opt/airflow/dags/script/example/dag_with_python_dependencies.py
[2024-11-24T16:47:55.849+0000] {processor.py:914} INFO - Processing file /opt/airflow/dags/script/example/dag_with_python_dependencies.py for tasks to queue
[2024-11-24T16:47:55.849+0000] {logging_mixin.py:190} INFO - [2024-11-24T16:47:55.849+0000] {dagbag.py:588} INFO - Filling up the DagBag from /opt/airflow/dags/script/example/dag_with_python_dependencies.py
[2024-11-24T16:47:55.851+0000] {processor.py:927} WARNING - No viable dags retrieved from /opt/airflow/dags/script/example/dag_with_python_dependencies.py
[2024-11-24T16:47:55.858+0000] {processor.py:208} INFO - Processing /opt/airflow/dags/script/example/dag_with_python_dependencies.py took 0.013 seconds
[2024-11-24T16:48:26.252+0000] {processor.py:186} INFO - Started process (PID=7322) to work on /opt/airflow/dags/script/example/dag_with_python_dependencies.py
[2024-11-24T16:48:26.252+0000] {processor.py:914} INFO - Processing file /opt/airflow/dags/script/example/dag_with_python_dependencies.py for tasks to queue
[2024-11-24T16:48:26.253+0000] {logging_mixin.py:190} INFO - [2024-11-24T16:48:26.253+0000] {dagbag.py:588} INFO - Filling up the DagBag from /opt/airflow/dags/script/example/dag_with_python_dependencies.py
[2024-11-24T16:48:26.255+0000] {processor.py:927} WARNING - No viable dags retrieved from /opt/airflow/dags/script/example/dag_with_python_dependencies.py
[2024-11-24T16:48:26.263+0000] {processor.py:208} INFO - Processing /opt/airflow/dags/script/example/dag_with_python_dependencies.py took 0.013 seconds
[2024-11-24T16:48:56.665+0000] {processor.py:186} INFO - Started process (PID=7678) to work on /opt/airflow/dags/script/example/dag_with_python_dependencies.py
[2024-11-24T16:48:56.666+0000] {processor.py:914} INFO - Processing file /opt/airflow/dags/script/example/dag_with_python_dependencies.py for tasks to queue
[2024-11-24T16:48:56.667+0000] {logging_mixin.py:190} INFO - [2024-11-24T16:48:56.667+0000] {dagbag.py:588} INFO - Filling up the DagBag from /opt/airflow/dags/script/example/dag_with_python_dependencies.py
[2024-11-24T16:48:56.669+0000] {processor.py:927} WARNING - No viable dags retrieved from /opt/airflow/dags/script/example/dag_with_python_dependencies.py
[2024-11-24T16:48:56.680+0000] {processor.py:208} INFO - Processing /opt/airflow/dags/script/example/dag_with_python_dependencies.py took 0.022 seconds
[2024-11-24T16:49:27.049+0000] {processor.py:186} INFO - Started process (PID=8034) to work on /opt/airflow/dags/script/example/dag_with_python_dependencies.py
[2024-11-24T16:49:27.049+0000] {processor.py:914} INFO - Processing file /opt/airflow/dags/script/example/dag_with_python_dependencies.py for tasks to queue
[2024-11-24T16:49:27.050+0000] {logging_mixin.py:190} INFO - [2024-11-24T16:49:27.050+0000] {dagbag.py:588} INFO - Filling up the DagBag from /opt/airflow/dags/script/example/dag_with_python_dependencies.py
[2024-11-24T16:49:27.051+0000] {processor.py:927} WARNING - No viable dags retrieved from /opt/airflow/dags/script/example/dag_with_python_dependencies.py
[2024-11-24T16:49:27.059+0000] {processor.py:208} INFO - Processing /opt/airflow/dags/script/example/dag_with_python_dependencies.py took 0.013 seconds
[2024-11-24T16:49:57.465+0000] {processor.py:186} INFO - Started process (PID=8390) to work on /opt/airflow/dags/script/example/dag_with_python_dependencies.py
[2024-11-24T16:49:57.465+0000] {processor.py:914} INFO - Processing file /opt/airflow/dags/script/example/dag_with_python_dependencies.py for tasks to queue
[2024-11-24T16:49:57.466+0000] {logging_mixin.py:190} INFO - [2024-11-24T16:49:57.465+0000] {dagbag.py:588} INFO - Filling up the DagBag from /opt/airflow/dags/script/example/dag_with_python_dependencies.py
[2024-11-24T16:49:57.468+0000] {processor.py:927} WARNING - No viable dags retrieved from /opt/airflow/dags/script/example/dag_with_python_dependencies.py
[2024-11-24T16:49:57.475+0000] {processor.py:208} INFO - Processing /opt/airflow/dags/script/example/dag_with_python_dependencies.py took 0.013 seconds
[2024-11-24T16:50:27.798+0000] {processor.py:186} INFO - Started process (PID=8746) to work on /opt/airflow/dags/script/example/dag_with_python_dependencies.py
[2024-11-24T16:50:27.798+0000] {processor.py:914} INFO - Processing file /opt/airflow/dags/script/example/dag_with_python_dependencies.py for tasks to queue
[2024-11-24T16:50:27.799+0000] {logging_mixin.py:190} INFO - [2024-11-24T16:50:27.799+0000] {dagbag.py:588} INFO - Filling up the DagBag from /opt/airflow/dags/script/example/dag_with_python_dependencies.py
[2024-11-24T16:50:27.801+0000] {processor.py:927} WARNING - No viable dags retrieved from /opt/airflow/dags/script/example/dag_with_python_dependencies.py
[2024-11-24T16:50:27.809+0000] {processor.py:208} INFO - Processing /opt/airflow/dags/script/example/dag_with_python_dependencies.py took 0.014 seconds
[2024-11-24T16:50:58.820+0000] {processor.py:186} INFO - Started process (PID=9107) to work on /opt/airflow/dags/script/example/dag_with_python_dependencies.py
[2024-11-24T16:50:58.821+0000] {processor.py:914} INFO - Processing file /opt/airflow/dags/script/example/dag_with_python_dependencies.py for tasks to queue
[2024-11-24T16:50:58.822+0000] {logging_mixin.py:190} INFO - [2024-11-24T16:50:58.821+0000] {dagbag.py:588} INFO - Filling up the DagBag from /opt/airflow/dags/script/example/dag_with_python_dependencies.py
[2024-11-24T16:50:58.824+0000] {processor.py:927} WARNING - No viable dags retrieved from /opt/airflow/dags/script/example/dag_with_python_dependencies.py
[2024-11-24T16:50:58.832+0000] {processor.py:208} INFO - Processing /opt/airflow/dags/script/example/dag_with_python_dependencies.py took 0.014 seconds
[2024-11-24T16:51:29.673+0000] {processor.py:186} INFO - Started process (PID=9463) to work on /opt/airflow/dags/script/example/dag_with_python_dependencies.py
[2024-11-24T16:51:29.673+0000] {processor.py:914} INFO - Processing file /opt/airflow/dags/script/example/dag_with_python_dependencies.py for tasks to queue
[2024-11-24T16:51:29.673+0000] {logging_mixin.py:190} INFO - [2024-11-24T16:51:29.673+0000] {dagbag.py:588} INFO - Filling up the DagBag from /opt/airflow/dags/script/example/dag_with_python_dependencies.py
[2024-11-24T16:51:29.675+0000] {processor.py:927} WARNING - No viable dags retrieved from /opt/airflow/dags/script/example/dag_with_python_dependencies.py
[2024-11-24T16:51:29.684+0000] {processor.py:208} INFO - Processing /opt/airflow/dags/script/example/dag_with_python_dependencies.py took 0.014 seconds
[2024-11-24T16:52:00.178+0000] {processor.py:186} INFO - Started process (PID=9819) to work on /opt/airflow/dags/script/example/dag_with_python_dependencies.py
[2024-11-24T16:52:00.179+0000] {processor.py:914} INFO - Processing file /opt/airflow/dags/script/example/dag_with_python_dependencies.py for tasks to queue
[2024-11-24T16:52:00.179+0000] {logging_mixin.py:190} INFO - [2024-11-24T16:52:00.179+0000] {dagbag.py:588} INFO - Filling up the DagBag from /opt/airflow/dags/script/example/dag_with_python_dependencies.py
[2024-11-24T16:52:00.181+0000] {processor.py:927} WARNING - No viable dags retrieved from /opt/airflow/dags/script/example/dag_with_python_dependencies.py
[2024-11-24T16:52:00.188+0000] {processor.py:208} INFO - Processing /opt/airflow/dags/script/example/dag_with_python_dependencies.py took 0.013 seconds
[2024-11-24T16:52:30.549+0000] {processor.py:186} INFO - Started process (PID=10175) to work on /opt/airflow/dags/script/example/dag_with_python_dependencies.py
[2024-11-24T16:52:30.549+0000] {processor.py:914} INFO - Processing file /opt/airflow/dags/script/example/dag_with_python_dependencies.py for tasks to queue
[2024-11-24T16:52:30.550+0000] {logging_mixin.py:190} INFO - [2024-11-24T16:52:30.550+0000] {dagbag.py:588} INFO - Filling up the DagBag from /opt/airflow/dags/script/example/dag_with_python_dependencies.py
[2024-11-24T16:52:30.552+0000] {processor.py:927} WARNING - No viable dags retrieved from /opt/airflow/dags/script/example/dag_with_python_dependencies.py
[2024-11-24T16:52:30.560+0000] {processor.py:208} INFO - Processing /opt/airflow/dags/script/example/dag_with_python_dependencies.py took 0.014 seconds
[2024-11-24T16:53:00.856+0000] {processor.py:186} INFO - Started process (PID=10531) to work on /opt/airflow/dags/script/example/dag_with_python_dependencies.py
[2024-11-24T16:53:00.856+0000] {processor.py:914} INFO - Processing file /opt/airflow/dags/script/example/dag_with_python_dependencies.py for tasks to queue
[2024-11-24T16:53:00.857+0000] {logging_mixin.py:190} INFO - [2024-11-24T16:53:00.856+0000] {dagbag.py:588} INFO - Filling up the DagBag from /opt/airflow/dags/script/example/dag_with_python_dependencies.py
[2024-11-24T16:53:00.859+0000] {processor.py:927} WARNING - No viable dags retrieved from /opt/airflow/dags/script/example/dag_with_python_dependencies.py
[2024-11-24T16:53:00.867+0000] {processor.py:208} INFO - Processing /opt/airflow/dags/script/example/dag_with_python_dependencies.py took 0.014 seconds
[2024-11-24T16:53:31.519+0000] {processor.py:186} INFO - Started process (PID=10907) to work on /opt/airflow/dags/script/example/dag_with_python_dependencies.py
[2024-11-24T16:53:31.520+0000] {processor.py:914} INFO - Processing file /opt/airflow/dags/script/example/dag_with_python_dependencies.py for tasks to queue
[2024-11-24T16:53:31.521+0000] {logging_mixin.py:190} INFO - [2024-11-24T16:53:31.521+0000] {dagbag.py:588} INFO - Filling up the DagBag from /opt/airflow/dags/script/example/dag_with_python_dependencies.py
[2024-11-24T16:53:31.523+0000] {processor.py:927} WARNING - No viable dags retrieved from /opt/airflow/dags/script/example/dag_with_python_dependencies.py
[2024-11-24T16:53:31.532+0000] {processor.py:208} INFO - Processing /opt/airflow/dags/script/example/dag_with_python_dependencies.py took 0.015 seconds
[2024-11-24T16:54:02.023+0000] {processor.py:186} INFO - Started process (PID=11268) to work on /opt/airflow/dags/script/example/dag_with_python_dependencies.py
[2024-11-24T16:54:02.025+0000] {processor.py:914} INFO - Processing file /opt/airflow/dags/script/example/dag_with_python_dependencies.py for tasks to queue
[2024-11-24T16:54:02.026+0000] {logging_mixin.py:190} INFO - [2024-11-24T16:54:02.026+0000] {dagbag.py:588} INFO - Filling up the DagBag from /opt/airflow/dags/script/example/dag_with_python_dependencies.py
[2024-11-24T16:54:02.028+0000] {processor.py:927} WARNING - No viable dags retrieved from /opt/airflow/dags/script/example/dag_with_python_dependencies.py
[2024-11-24T16:54:02.035+0000] {processor.py:208} INFO - Processing /opt/airflow/dags/script/example/dag_with_python_dependencies.py took 0.016 seconds
[2024-11-24T16:54:32.570+0000] {processor.py:186} INFO - Started process (PID=11628) to work on /opt/airflow/dags/script/example/dag_with_python_dependencies.py
[2024-11-24T16:54:32.571+0000] {processor.py:914} INFO - Processing file /opt/airflow/dags/script/example/dag_with_python_dependencies.py for tasks to queue
[2024-11-24T16:54:32.571+0000] {logging_mixin.py:190} INFO - [2024-11-24T16:54:32.571+0000] {dagbag.py:588} INFO - Filling up the DagBag from /opt/airflow/dags/script/example/dag_with_python_dependencies.py
[2024-11-24T16:54:32.573+0000] {processor.py:927} WARNING - No viable dags retrieved from /opt/airflow/dags/script/example/dag_with_python_dependencies.py
[2024-11-24T16:54:32.580+0000] {processor.py:208} INFO - Processing /opt/airflow/dags/script/example/dag_with_python_dependencies.py took 0.013 seconds
[2024-11-24T16:55:03.046+0000] {processor.py:186} INFO - Started process (PID=11984) to work on /opt/airflow/dags/script/example/dag_with_python_dependencies.py
[2024-11-24T16:55:03.046+0000] {processor.py:914} INFO - Processing file /opt/airflow/dags/script/example/dag_with_python_dependencies.py for tasks to queue
[2024-11-24T16:55:03.047+0000] {logging_mixin.py:190} INFO - [2024-11-24T16:55:03.047+0000] {dagbag.py:588} INFO - Filling up the DagBag from /opt/airflow/dags/script/example/dag_with_python_dependencies.py
[2024-11-24T16:55:03.049+0000] {processor.py:927} WARNING - No viable dags retrieved from /opt/airflow/dags/script/example/dag_with_python_dependencies.py
[2024-11-24T16:55:03.057+0000] {processor.py:208} INFO - Processing /opt/airflow/dags/script/example/dag_with_python_dependencies.py took 0.014 seconds
[2024-11-24T16:55:33.402+0000] {processor.py:186} INFO - Started process (PID=12340) to work on /opt/airflow/dags/script/example/dag_with_python_dependencies.py
[2024-11-24T16:55:33.402+0000] {processor.py:914} INFO - Processing file /opt/airflow/dags/script/example/dag_with_python_dependencies.py for tasks to queue
[2024-11-24T16:55:33.403+0000] {logging_mixin.py:190} INFO - [2024-11-24T16:55:33.403+0000] {dagbag.py:588} INFO - Filling up the DagBag from /opt/airflow/dags/script/example/dag_with_python_dependencies.py
[2024-11-24T16:55:33.405+0000] {processor.py:927} WARNING - No viable dags retrieved from /opt/airflow/dags/script/example/dag_with_python_dependencies.py
[2024-11-24T16:55:33.413+0000] {processor.py:208} INFO - Processing /opt/airflow/dags/script/example/dag_with_python_dependencies.py took 0.014 seconds
[2024-11-24T16:56:03.900+0000] {processor.py:186} INFO - Started process (PID=12696) to work on /opt/airflow/dags/script/example/dag_with_python_dependencies.py
[2024-11-24T16:56:03.900+0000] {processor.py:914} INFO - Processing file /opt/airflow/dags/script/example/dag_with_python_dependencies.py for tasks to queue
[2024-11-24T16:56:03.902+0000] {logging_mixin.py:190} INFO - [2024-11-24T16:56:03.902+0000] {dagbag.py:588} INFO - Filling up the DagBag from /opt/airflow/dags/script/example/dag_with_python_dependencies.py
[2024-11-24T16:56:03.904+0000] {processor.py:927} WARNING - No viable dags retrieved from /opt/airflow/dags/script/example/dag_with_python_dependencies.py
[2024-11-24T16:56:03.913+0000] {processor.py:208} INFO - Processing /opt/airflow/dags/script/example/dag_with_python_dependencies.py took 0.016 seconds
[2024-11-24T16:56:34.270+0000] {processor.py:186} INFO - Started process (PID=13052) to work on /opt/airflow/dags/script/example/dag_with_python_dependencies.py
[2024-11-24T16:56:34.270+0000] {processor.py:914} INFO - Processing file /opt/airflow/dags/script/example/dag_with_python_dependencies.py for tasks to queue
[2024-11-24T16:56:34.270+0000] {logging_mixin.py:190} INFO - [2024-11-24T16:56:34.270+0000] {dagbag.py:588} INFO - Filling up the DagBag from /opt/airflow/dags/script/example/dag_with_python_dependencies.py
[2024-11-24T16:56:34.272+0000] {processor.py:927} WARNING - No viable dags retrieved from /opt/airflow/dags/script/example/dag_with_python_dependencies.py
[2024-11-24T16:56:34.279+0000] {processor.py:208} INFO - Processing /opt/airflow/dags/script/example/dag_with_python_dependencies.py took 0.012 seconds
[2024-11-24T16:57:04.669+0000] {processor.py:186} INFO - Started process (PID=13408) to work on /opt/airflow/dags/script/example/dag_with_python_dependencies.py
[2024-11-24T16:57:04.669+0000] {processor.py:914} INFO - Processing file /opt/airflow/dags/script/example/dag_with_python_dependencies.py for tasks to queue
[2024-11-24T16:57:04.669+0000] {logging_mixin.py:190} INFO - [2024-11-24T16:57:04.669+0000] {dagbag.py:588} INFO - Filling up the DagBag from /opt/airflow/dags/script/example/dag_with_python_dependencies.py
[2024-11-24T16:57:04.672+0000] {processor.py:927} WARNING - No viable dags retrieved from /opt/airflow/dags/script/example/dag_with_python_dependencies.py
[2024-11-24T16:57:04.679+0000] {processor.py:208} INFO - Processing /opt/airflow/dags/script/example/dag_with_python_dependencies.py took 0.013 seconds
[2024-11-24T16:57:34.977+0000] {processor.py:186} INFO - Started process (PID=13764) to work on /opt/airflow/dags/script/example/dag_with_python_dependencies.py
[2024-11-24T16:57:34.977+0000] {processor.py:914} INFO - Processing file /opt/airflow/dags/script/example/dag_with_python_dependencies.py for tasks to queue
[2024-11-24T16:57:34.977+0000] {logging_mixin.py:190} INFO - [2024-11-24T16:57:34.977+0000] {dagbag.py:588} INFO - Filling up the DagBag from /opt/airflow/dags/script/example/dag_with_python_dependencies.py
[2024-11-24T16:57:34.979+0000] {processor.py:927} WARNING - No viable dags retrieved from /opt/airflow/dags/script/example/dag_with_python_dependencies.py
[2024-11-24T16:57:34.987+0000] {processor.py:208} INFO - Processing /opt/airflow/dags/script/example/dag_with_python_dependencies.py took 0.013 seconds
[2024-11-24T16:58:05.391+0000] {processor.py:186} INFO - Started process (PID=14135) to work on /opt/airflow/dags/script/example/dag_with_python_dependencies.py
[2024-11-24T16:58:05.392+0000] {processor.py:914} INFO - Processing file /opt/airflow/dags/script/example/dag_with_python_dependencies.py for tasks to queue
[2024-11-24T16:58:05.392+0000] {logging_mixin.py:190} INFO - [2024-11-24T16:58:05.392+0000] {dagbag.py:588} INFO - Filling up the DagBag from /opt/airflow/dags/script/example/dag_with_python_dependencies.py
[2024-11-24T16:58:05.394+0000] {processor.py:927} WARNING - No viable dags retrieved from /opt/airflow/dags/script/example/dag_with_python_dependencies.py
[2024-11-24T16:58:05.401+0000] {processor.py:208} INFO - Processing /opt/airflow/dags/script/example/dag_with_python_dependencies.py took 0.013 seconds
[2024-11-24T16:58:35.693+0000] {processor.py:186} INFO - Started process (PID=14494) to work on /opt/airflow/dags/script/example/dag_with_python_dependencies.py
[2024-11-24T16:58:35.694+0000] {processor.py:914} INFO - Processing file /opt/airflow/dags/script/example/dag_with_python_dependencies.py for tasks to queue
[2024-11-24T16:58:35.694+0000] {logging_mixin.py:190} INFO - [2024-11-24T16:58:35.694+0000] {dagbag.py:588} INFO - Filling up the DagBag from /opt/airflow/dags/script/example/dag_with_python_dependencies.py
[2024-11-24T16:58:35.696+0000] {processor.py:927} WARNING - No viable dags retrieved from /opt/airflow/dags/script/example/dag_with_python_dependencies.py
[2024-11-24T16:58:35.703+0000] {processor.py:208} INFO - Processing /opt/airflow/dags/script/example/dag_with_python_dependencies.py took 0.013 seconds
[2024-11-24T16:59:06.471+0000] {processor.py:186} INFO - Started process (PID=14850) to work on /opt/airflow/dags/script/example/dag_with_python_dependencies.py
[2024-11-24T16:59:06.471+0000] {processor.py:914} INFO - Processing file /opt/airflow/dags/script/example/dag_with_python_dependencies.py for tasks to queue
[2024-11-24T16:59:06.472+0000] {logging_mixin.py:190} INFO - [2024-11-24T16:59:06.471+0000] {dagbag.py:588} INFO - Filling up the DagBag from /opt/airflow/dags/script/example/dag_with_python_dependencies.py
[2024-11-24T16:59:06.474+0000] {processor.py:927} WARNING - No viable dags retrieved from /opt/airflow/dags/script/example/dag_with_python_dependencies.py
[2024-11-24T16:59:06.481+0000] {processor.py:208} INFO - Processing /opt/airflow/dags/script/example/dag_with_python_dependencies.py took 0.014 seconds
[2024-11-24T16:59:37.155+0000] {processor.py:186} INFO - Started process (PID=15220) to work on /opt/airflow/dags/script/example/dag_with_python_dependencies.py
[2024-11-24T16:59:37.156+0000] {processor.py:914} INFO - Processing file /opt/airflow/dags/script/example/dag_with_python_dependencies.py for tasks to queue
[2024-11-24T16:59:37.156+0000] {logging_mixin.py:190} INFO - [2024-11-24T16:59:37.156+0000] {dagbag.py:588} INFO - Filling up the DagBag from /opt/airflow/dags/script/example/dag_with_python_dependencies.py
[2024-11-24T16:59:37.158+0000] {processor.py:927} WARNING - No viable dags retrieved from /opt/airflow/dags/script/example/dag_with_python_dependencies.py
[2024-11-24T16:59:37.166+0000] {processor.py:208} INFO - Processing /opt/airflow/dags/script/example/dag_with_python_dependencies.py took 0.013 seconds
[2024-11-24T17:00:07.818+0000] {processor.py:186} INFO - Started process (PID=15576) to work on /opt/airflow/dags/script/example/dag_with_python_dependencies.py
[2024-11-24T17:00:07.818+0000] {processor.py:914} INFO - Processing file /opt/airflow/dags/script/example/dag_with_python_dependencies.py for tasks to queue
[2024-11-24T17:00:07.818+0000] {logging_mixin.py:190} INFO - [2024-11-24T17:00:07.818+0000] {dagbag.py:588} INFO - Filling up the DagBag from /opt/airflow/dags/script/example/dag_with_python_dependencies.py
[2024-11-24T17:00:07.820+0000] {processor.py:927} WARNING - No viable dags retrieved from /opt/airflow/dags/script/example/dag_with_python_dependencies.py
[2024-11-24T17:00:07.828+0000] {processor.py:208} INFO - Processing /opt/airflow/dags/script/example/dag_with_python_dependencies.py took 0.013 seconds
[2024-11-24T17:00:38.386+0000] {processor.py:186} INFO - Started process (PID=15932) to work on /opt/airflow/dags/script/example/dag_with_python_dependencies.py
[2024-11-24T17:00:38.387+0000] {processor.py:914} INFO - Processing file /opt/airflow/dags/script/example/dag_with_python_dependencies.py for tasks to queue
[2024-11-24T17:00:38.387+0000] {logging_mixin.py:190} INFO - [2024-11-24T17:00:38.387+0000] {dagbag.py:588} INFO - Filling up the DagBag from /opt/airflow/dags/script/example/dag_with_python_dependencies.py
[2024-11-24T17:00:38.389+0000] {processor.py:927} WARNING - No viable dags retrieved from /opt/airflow/dags/script/example/dag_with_python_dependencies.py
[2024-11-24T17:00:38.398+0000] {processor.py:208} INFO - Processing /opt/airflow/dags/script/example/dag_with_python_dependencies.py took 0.015 seconds
[2024-11-24T17:01:08.779+0000] {processor.py:186} INFO - Started process (PID=16288) to work on /opt/airflow/dags/script/example/dag_with_python_dependencies.py
[2024-11-24T17:01:08.779+0000] {processor.py:914} INFO - Processing file /opt/airflow/dags/script/example/dag_with_python_dependencies.py for tasks to queue
[2024-11-24T17:01:08.780+0000] {logging_mixin.py:190} INFO - [2024-11-24T17:01:08.779+0000] {dagbag.py:588} INFO - Filling up the DagBag from /opt/airflow/dags/script/example/dag_with_python_dependencies.py
[2024-11-24T17:01:08.781+0000] {processor.py:927} WARNING - No viable dags retrieved from /opt/airflow/dags/script/example/dag_with_python_dependencies.py
[2024-11-24T17:01:08.789+0000] {processor.py:208} INFO - Processing /opt/airflow/dags/script/example/dag_with_python_dependencies.py took 0.013 seconds
[2024-11-24T17:01:39.061+0000] {processor.py:186} INFO - Started process (PID=16644) to work on /opt/airflow/dags/script/example/dag_with_python_dependencies.py
[2024-11-24T17:01:39.061+0000] {processor.py:914} INFO - Processing file /opt/airflow/dags/script/example/dag_with_python_dependencies.py for tasks to queue
[2024-11-24T17:01:39.061+0000] {logging_mixin.py:190} INFO - [2024-11-24T17:01:39.061+0000] {dagbag.py:588} INFO - Filling up the DagBag from /opt/airflow/dags/script/example/dag_with_python_dependencies.py
[2024-11-24T17:01:39.064+0000] {processor.py:927} WARNING - No viable dags retrieved from /opt/airflow/dags/script/example/dag_with_python_dependencies.py
[2024-11-24T17:01:39.074+0000] {processor.py:208} INFO - Processing /opt/airflow/dags/script/example/dag_with_python_dependencies.py took 0.016 seconds
[2024-11-24T17:02:09.452+0000] {processor.py:186} INFO - Started process (PID=17000) to work on /opt/airflow/dags/script/example/dag_with_python_dependencies.py
[2024-11-24T17:02:09.453+0000] {processor.py:914} INFO - Processing file /opt/airflow/dags/script/example/dag_with_python_dependencies.py for tasks to queue
[2024-11-24T17:02:09.453+0000] {logging_mixin.py:190} INFO - [2024-11-24T17:02:09.453+0000] {dagbag.py:588} INFO - Filling up the DagBag from /opt/airflow/dags/script/example/dag_with_python_dependencies.py
[2024-11-24T17:02:09.455+0000] {processor.py:927} WARNING - No viable dags retrieved from /opt/airflow/dags/script/example/dag_with_python_dependencies.py
[2024-11-24T17:02:09.463+0000] {processor.py:208} INFO - Processing /opt/airflow/dags/script/example/dag_with_python_dependencies.py took 0.014 seconds
[2024-11-24T17:02:40.015+0000] {processor.py:186} INFO - Started process (PID=17356) to work on /opt/airflow/dags/script/example/dag_with_python_dependencies.py
[2024-11-24T17:02:40.015+0000] {processor.py:914} INFO - Processing file /opt/airflow/dags/script/example/dag_with_python_dependencies.py for tasks to queue
[2024-11-24T17:02:40.016+0000] {logging_mixin.py:190} INFO - [2024-11-24T17:02:40.016+0000] {dagbag.py:588} INFO - Filling up the DagBag from /opt/airflow/dags/script/example/dag_with_python_dependencies.py
[2024-11-24T17:02:40.018+0000] {processor.py:927} WARNING - No viable dags retrieved from /opt/airflow/dags/script/example/dag_with_python_dependencies.py
[2024-11-24T17:02:40.027+0000] {processor.py:208} INFO - Processing /opt/airflow/dags/script/example/dag_with_python_dependencies.py took 0.015 seconds
[2024-11-24T17:03:10.452+0000] {processor.py:186} INFO - Started process (PID=17712) to work on /opt/airflow/dags/script/example/dag_with_python_dependencies.py
[2024-11-24T17:03:10.452+0000] {processor.py:914} INFO - Processing file /opt/airflow/dags/script/example/dag_with_python_dependencies.py for tasks to queue
[2024-11-24T17:03:10.453+0000] {logging_mixin.py:190} INFO - [2024-11-24T17:03:10.452+0000] {dagbag.py:588} INFO - Filling up the DagBag from /opt/airflow/dags/script/example/dag_with_python_dependencies.py
[2024-11-24T17:03:10.455+0000] {processor.py:927} WARNING - No viable dags retrieved from /opt/airflow/dags/script/example/dag_with_python_dependencies.py
[2024-11-24T17:03:10.462+0000] {processor.py:208} INFO - Processing /opt/airflow/dags/script/example/dag_with_python_dependencies.py took 0.014 seconds
[2024-11-24T17:03:40.864+0000] {processor.py:186} INFO - Started process (PID=18068) to work on /opt/airflow/dags/script/example/dag_with_python_dependencies.py
[2024-11-24T17:03:40.865+0000] {processor.py:914} INFO - Processing file /opt/airflow/dags/script/example/dag_with_python_dependencies.py for tasks to queue
[2024-11-24T17:03:40.865+0000] {logging_mixin.py:190} INFO - [2024-11-24T17:03:40.865+0000] {dagbag.py:588} INFO - Filling up the DagBag from /opt/airflow/dags/script/example/dag_with_python_dependencies.py
[2024-11-24T17:03:40.867+0000] {processor.py:927} WARNING - No viable dags retrieved from /opt/airflow/dags/script/example/dag_with_python_dependencies.py
[2024-11-24T17:03:40.875+0000] {processor.py:208} INFO - Processing /opt/airflow/dags/script/example/dag_with_python_dependencies.py took 0.014 seconds
[2024-11-24T17:04:11.229+0000] {processor.py:186} INFO - Started process (PID=18424) to work on /opt/airflow/dags/script/example/dag_with_python_dependencies.py
[2024-11-24T17:04:11.230+0000] {processor.py:914} INFO - Processing file /opt/airflow/dags/script/example/dag_with_python_dependencies.py for tasks to queue
[2024-11-24T17:04:11.230+0000] {logging_mixin.py:190} INFO - [2024-11-24T17:04:11.230+0000] {dagbag.py:588} INFO - Filling up the DagBag from /opt/airflow/dags/script/example/dag_with_python_dependencies.py
[2024-11-24T17:04:11.233+0000] {processor.py:927} WARNING - No viable dags retrieved from /opt/airflow/dags/script/example/dag_with_python_dependencies.py
[2024-11-24T17:04:11.241+0000] {processor.py:208} INFO - Processing /opt/airflow/dags/script/example/dag_with_python_dependencies.py took 0.014 seconds
[2024-11-24T17:04:42.146+0000] {processor.py:186} INFO - Started process (PID=18790) to work on /opt/airflow/dags/script/example/dag_with_python_dependencies.py
[2024-11-24T17:04:42.147+0000] {processor.py:914} INFO - Processing file /opt/airflow/dags/script/example/dag_with_python_dependencies.py for tasks to queue
[2024-11-24T17:04:42.147+0000] {logging_mixin.py:190} INFO - [2024-11-24T17:04:42.147+0000] {dagbag.py:588} INFO - Filling up the DagBag from /opt/airflow/dags/script/example/dag_with_python_dependencies.py
[2024-11-24T17:04:42.149+0000] {processor.py:927} WARNING - No viable dags retrieved from /opt/airflow/dags/script/example/dag_with_python_dependencies.py
[2024-11-24T17:04:42.157+0000] {processor.py:208} INFO - Processing /opt/airflow/dags/script/example/dag_with_python_dependencies.py took 0.013 seconds
[2024-11-24T17:05:12.938+0000] {processor.py:186} INFO - Started process (PID=19152) to work on /opt/airflow/dags/script/example/dag_with_python_dependencies.py
[2024-11-24T17:05:12.938+0000] {processor.py:914} INFO - Processing file /opt/airflow/dags/script/example/dag_with_python_dependencies.py for tasks to queue
[2024-11-24T17:05:12.939+0000] {logging_mixin.py:190} INFO - [2024-11-24T17:05:12.939+0000] {dagbag.py:588} INFO - Filling up the DagBag from /opt/airflow/dags/script/example/dag_with_python_dependencies.py
[2024-11-24T17:05:12.941+0000] {processor.py:927} WARNING - No viable dags retrieved from /opt/airflow/dags/script/example/dag_with_python_dependencies.py
[2024-11-24T17:05:12.947+0000] {processor.py:208} INFO - Processing /opt/airflow/dags/script/example/dag_with_python_dependencies.py took 0.012 seconds
[2024-11-24T17:05:42.990+0000] {processor.py:186} INFO - Started process (PID=19508) to work on /opt/airflow/dags/script/example/dag_with_python_dependencies.py
[2024-11-24T17:05:42.990+0000] {processor.py:914} INFO - Processing file /opt/airflow/dags/script/example/dag_with_python_dependencies.py for tasks to queue
[2024-11-24T17:05:42.991+0000] {logging_mixin.py:190} INFO - [2024-11-24T17:05:42.991+0000] {dagbag.py:588} INFO - Filling up the DagBag from /opt/airflow/dags/script/example/dag_with_python_dependencies.py
[2024-11-24T17:05:42.993+0000] {processor.py:927} WARNING - No viable dags retrieved from /opt/airflow/dags/script/example/dag_with_python_dependencies.py
[2024-11-24T17:05:43.000+0000] {processor.py:208} INFO - Processing /opt/airflow/dags/script/example/dag_with_python_dependencies.py took 0.013 seconds
[2024-11-24T17:06:13.762+0000] {processor.py:186} INFO - Started process (PID=19864) to work on /opt/airflow/dags/script/example/dag_with_python_dependencies.py
[2024-11-24T17:06:13.763+0000] {processor.py:914} INFO - Processing file /opt/airflow/dags/script/example/dag_with_python_dependencies.py for tasks to queue
[2024-11-24T17:06:13.764+0000] {logging_mixin.py:190} INFO - [2024-11-24T17:06:13.763+0000] {dagbag.py:588} INFO - Filling up the DagBag from /opt/airflow/dags/script/example/dag_with_python_dependencies.py
[2024-11-24T17:06:13.766+0000] {processor.py:927} WARNING - No viable dags retrieved from /opt/airflow/dags/script/example/dag_with_python_dependencies.py
[2024-11-24T17:06:13.773+0000] {processor.py:208} INFO - Processing /opt/airflow/dags/script/example/dag_with_python_dependencies.py took 0.013 seconds
[2024-11-24T17:06:44.064+0000] {processor.py:186} INFO - Started process (PID=20220) to work on /opt/airflow/dags/script/example/dag_with_python_dependencies.py
[2024-11-24T17:06:44.064+0000] {processor.py:914} INFO - Processing file /opt/airflow/dags/script/example/dag_with_python_dependencies.py for tasks to queue
[2024-11-24T17:06:44.065+0000] {logging_mixin.py:190} INFO - [2024-11-24T17:06:44.064+0000] {dagbag.py:588} INFO - Filling up the DagBag from /opt/airflow/dags/script/example/dag_with_python_dependencies.py
[2024-11-24T17:06:44.066+0000] {processor.py:927} WARNING - No viable dags retrieved from /opt/airflow/dags/script/example/dag_with_python_dependencies.py
[2024-11-24T17:06:44.073+0000] {processor.py:208} INFO - Processing /opt/airflow/dags/script/example/dag_with_python_dependencies.py took 0.012 seconds
[2024-11-24T17:07:14.308+0000] {processor.py:186} INFO - Started process (PID=20576) to work on /opt/airflow/dags/script/example/dag_with_python_dependencies.py
[2024-11-24T17:07:14.309+0000] {processor.py:914} INFO - Processing file /opt/airflow/dags/script/example/dag_with_python_dependencies.py for tasks to queue
[2024-11-24T17:07:14.309+0000] {logging_mixin.py:190} INFO - [2024-11-24T17:07:14.309+0000] {dagbag.py:588} INFO - Filling up the DagBag from /opt/airflow/dags/script/example/dag_with_python_dependencies.py
[2024-11-24T17:07:14.311+0000] {processor.py:927} WARNING - No viable dags retrieved from /opt/airflow/dags/script/example/dag_with_python_dependencies.py
[2024-11-24T17:07:14.319+0000] {processor.py:208} INFO - Processing /opt/airflow/dags/script/example/dag_with_python_dependencies.py took 0.013 seconds
[2024-11-24T17:07:44.565+0000] {processor.py:186} INFO - Started process (PID=20932) to work on /opt/airflow/dags/script/example/dag_with_python_dependencies.py
[2024-11-24T17:07:44.566+0000] {processor.py:914} INFO - Processing file /opt/airflow/dags/script/example/dag_with_python_dependencies.py for tasks to queue
[2024-11-24T17:07:44.567+0000] {logging_mixin.py:190} INFO - [2024-11-24T17:07:44.567+0000] {dagbag.py:588} INFO - Filling up the DagBag from /opt/airflow/dags/script/example/dag_with_python_dependencies.py
[2024-11-24T17:07:44.569+0000] {processor.py:927} WARNING - No viable dags retrieved from /opt/airflow/dags/script/example/dag_with_python_dependencies.py
[2024-11-24T17:07:44.577+0000] {processor.py:208} INFO - Processing /opt/airflow/dags/script/example/dag_with_python_dependencies.py took 0.014 seconds
[2024-11-24T17:08:14.951+0000] {processor.py:186} INFO - Started process (PID=21288) to work on /opt/airflow/dags/script/example/dag_with_python_dependencies.py
[2024-11-24T17:08:14.951+0000] {processor.py:914} INFO - Processing file /opt/airflow/dags/script/example/dag_with_python_dependencies.py for tasks to queue
[2024-11-24T17:08:14.952+0000] {logging_mixin.py:190} INFO - [2024-11-24T17:08:14.952+0000] {dagbag.py:588} INFO - Filling up the DagBag from /opt/airflow/dags/script/example/dag_with_python_dependencies.py
[2024-11-24T17:08:14.954+0000] {processor.py:927} WARNING - No viable dags retrieved from /opt/airflow/dags/script/example/dag_with_python_dependencies.py
[2024-11-24T17:08:14.961+0000] {processor.py:208} INFO - Processing /opt/airflow/dags/script/example/dag_with_python_dependencies.py took 0.012 seconds
[2024-11-24T17:08:45.097+0000] {processor.py:186} INFO - Started process (PID=21644) to work on /opt/airflow/dags/script/example/dag_with_python_dependencies.py
[2024-11-24T17:08:45.098+0000] {processor.py:914} INFO - Processing file /opt/airflow/dags/script/example/dag_with_python_dependencies.py for tasks to queue
[2024-11-24T17:08:45.098+0000] {logging_mixin.py:190} INFO - [2024-11-24T17:08:45.098+0000] {dagbag.py:588} INFO - Filling up the DagBag from /opt/airflow/dags/script/example/dag_with_python_dependencies.py
[2024-11-24T17:08:45.100+0000] {processor.py:927} WARNING - No viable dags retrieved from /opt/airflow/dags/script/example/dag_with_python_dependencies.py
[2024-11-24T17:08:45.107+0000] {processor.py:208} INFO - Processing /opt/airflow/dags/script/example/dag_with_python_dependencies.py took 0.013 seconds
[2024-11-24T17:09:15.188+0000] {processor.py:186} INFO - Started process (PID=21998) to work on /opt/airflow/dags/script/example/dag_with_python_dependencies.py
[2024-11-24T17:09:15.189+0000] {processor.py:914} INFO - Processing file /opt/airflow/dags/script/example/dag_with_python_dependencies.py for tasks to queue
[2024-11-24T17:09:15.189+0000] {logging_mixin.py:190} INFO - [2024-11-24T17:09:15.189+0000] {dagbag.py:588} INFO - Filling up the DagBag from /opt/airflow/dags/script/example/dag_with_python_dependencies.py
[2024-11-24T17:09:15.192+0000] {processor.py:927} WARNING - No viable dags retrieved from /opt/airflow/dags/script/example/dag_with_python_dependencies.py
[2024-11-24T17:09:15.200+0000] {processor.py:208} INFO - Processing /opt/airflow/dags/script/example/dag_with_python_dependencies.py took 0.015 seconds
[2024-11-24T17:09:45.325+0000] {processor.py:186} INFO - Started process (PID=22356) to work on /opt/airflow/dags/script/example/dag_with_python_dependencies.py
[2024-11-24T17:09:45.325+0000] {processor.py:914} INFO - Processing file /opt/airflow/dags/script/example/dag_with_python_dependencies.py for tasks to queue
[2024-11-24T17:09:45.326+0000] {logging_mixin.py:190} INFO - [2024-11-24T17:09:45.326+0000] {dagbag.py:588} INFO - Filling up the DagBag from /opt/airflow/dags/script/example/dag_with_python_dependencies.py
[2024-11-24T17:09:45.328+0000] {processor.py:927} WARNING - No viable dags retrieved from /opt/airflow/dags/script/example/dag_with_python_dependencies.py
[2024-11-24T17:09:45.334+0000] {processor.py:208} INFO - Processing /opt/airflow/dags/script/example/dag_with_python_dependencies.py took 0.012 seconds
[2024-11-24T17:18:30.459+0000] {processor.py:186} INFO - Started process (PID=22706) to work on /opt/airflow/dags/script/example/dag_with_python_dependencies.py
[2024-11-24T17:18:30.460+0000] {processor.py:914} INFO - Processing file /opt/airflow/dags/script/example/dag_with_python_dependencies.py for tasks to queue
[2024-11-24T17:18:30.460+0000] {logging_mixin.py:190} INFO - [2024-11-24T17:18:30.460+0000] {dagbag.py:588} INFO - Filling up the DagBag from /opt/airflow/dags/script/example/dag_with_python_dependencies.py
[2024-11-24T17:18:30.461+0000] {processor.py:927} WARNING - No viable dags retrieved from /opt/airflow/dags/script/example/dag_with_python_dependencies.py
[2024-11-24T17:18:30.466+0000] {processor.py:208} INFO - Processing /opt/airflow/dags/script/example/dag_with_python_dependencies.py took 0.009 seconds
[2024-11-24T17:19:00.584+0000] {processor.py:186} INFO - Started process (PID=23062) to work on /opt/airflow/dags/script/example/dag_with_python_dependencies.py
[2024-11-24T17:19:00.584+0000] {processor.py:914} INFO - Processing file /opt/airflow/dags/script/example/dag_with_python_dependencies.py for tasks to queue
[2024-11-24T17:19:00.585+0000] {logging_mixin.py:190} INFO - [2024-11-24T17:19:00.584+0000] {dagbag.py:588} INFO - Filling up the DagBag from /opt/airflow/dags/script/example/dag_with_python_dependencies.py
[2024-11-24T17:19:00.586+0000] {processor.py:927} WARNING - No viable dags retrieved from /opt/airflow/dags/script/example/dag_with_python_dependencies.py
[2024-11-24T17:19:00.591+0000] {processor.py:208} INFO - Processing /opt/airflow/dags/script/example/dag_with_python_dependencies.py took 0.009 seconds
[2024-11-24T17:19:30.846+0000] {processor.py:186} INFO - Started process (PID=23418) to work on /opt/airflow/dags/script/example/dag_with_python_dependencies.py
[2024-11-24T17:19:30.846+0000] {processor.py:914} INFO - Processing file /opt/airflow/dags/script/example/dag_with_python_dependencies.py for tasks to queue
[2024-11-24T17:19:30.847+0000] {logging_mixin.py:190} INFO - [2024-11-24T17:19:30.847+0000] {dagbag.py:588} INFO - Filling up the DagBag from /opt/airflow/dags/script/example/dag_with_python_dependencies.py
[2024-11-24T17:19:30.847+0000] {processor.py:927} WARNING - No viable dags retrieved from /opt/airflow/dags/script/example/dag_with_python_dependencies.py
[2024-11-24T17:19:30.852+0000] {processor.py:208} INFO - Processing /opt/airflow/dags/script/example/dag_with_python_dependencies.py took 0.008 seconds
[2024-11-24T17:20:01.905+0000] {processor.py:186} INFO - Started process (PID=23774) to work on /opt/airflow/dags/script/example/dag_with_python_dependencies.py
[2024-11-24T17:20:01.905+0000] {processor.py:914} INFO - Processing file /opt/airflow/dags/script/example/dag_with_python_dependencies.py for tasks to queue
[2024-11-24T17:20:01.905+0000] {logging_mixin.py:190} INFO - [2024-11-24T17:20:01.905+0000] {dagbag.py:588} INFO - Filling up the DagBag from /opt/airflow/dags/script/example/dag_with_python_dependencies.py
[2024-11-24T17:20:01.906+0000] {processor.py:927} WARNING - No viable dags retrieved from /opt/airflow/dags/script/example/dag_with_python_dependencies.py
[2024-11-24T17:20:01.911+0000] {processor.py:208} INFO - Processing /opt/airflow/dags/script/example/dag_with_python_dependencies.py took 0.009 seconds
[2024-11-24T17:20:32.046+0000] {processor.py:186} INFO - Started process (PID=24130) to work on /opt/airflow/dags/script/example/dag_with_python_dependencies.py
[2024-11-24T17:20:32.046+0000] {processor.py:914} INFO - Processing file /opt/airflow/dags/script/example/dag_with_python_dependencies.py for tasks to queue
[2024-11-24T17:20:32.047+0000] {logging_mixin.py:190} INFO - [2024-11-24T17:20:32.046+0000] {dagbag.py:588} INFO - Filling up the DagBag from /opt/airflow/dags/script/example/dag_with_python_dependencies.py
[2024-11-24T17:20:32.048+0000] {processor.py:927} WARNING - No viable dags retrieved from /opt/airflow/dags/script/example/dag_with_python_dependencies.py
[2024-11-24T17:20:32.053+0000] {processor.py:208} INFO - Processing /opt/airflow/dags/script/example/dag_with_python_dependencies.py took 0.009 seconds
[2024-11-24T17:21:02.179+0000] {processor.py:186} INFO - Started process (PID=24486) to work on /opt/airflow/dags/script/example/dag_with_python_dependencies.py
[2024-11-24T17:21:02.179+0000] {processor.py:914} INFO - Processing file /opt/airflow/dags/script/example/dag_with_python_dependencies.py for tasks to queue
[2024-11-24T17:21:02.180+0000] {logging_mixin.py:190} INFO - [2024-11-24T17:21:02.179+0000] {dagbag.py:588} INFO - Filling up the DagBag from /opt/airflow/dags/script/example/dag_with_python_dependencies.py
[2024-11-24T17:21:02.181+0000] {processor.py:927} WARNING - No viable dags retrieved from /opt/airflow/dags/script/example/dag_with_python_dependencies.py
[2024-11-24T17:21:02.186+0000] {processor.py:208} INFO - Processing /opt/airflow/dags/script/example/dag_with_python_dependencies.py took 0.009 seconds
[2024-11-24T17:21:32.437+0000] {processor.py:186} INFO - Started process (PID=24842) to work on /opt/airflow/dags/script/example/dag_with_python_dependencies.py
[2024-11-24T17:21:32.437+0000] {processor.py:914} INFO - Processing file /opt/airflow/dags/script/example/dag_with_python_dependencies.py for tasks to queue
[2024-11-24T17:21:32.438+0000] {logging_mixin.py:190} INFO - [2024-11-24T17:21:32.438+0000] {dagbag.py:588} INFO - Filling up the DagBag from /opt/airflow/dags/script/example/dag_with_python_dependencies.py
[2024-11-24T17:21:32.439+0000] {processor.py:927} WARNING - No viable dags retrieved from /opt/airflow/dags/script/example/dag_with_python_dependencies.py
[2024-11-24T17:21:32.444+0000] {processor.py:208} INFO - Processing /opt/airflow/dags/script/example/dag_with_python_dependencies.py took 0.009 seconds
[2024-11-24T17:22:02.710+0000] {processor.py:186} INFO - Started process (PID=25196) to work on /opt/airflow/dags/script/example/dag_with_python_dependencies.py
[2024-11-24T17:22:02.711+0000] {processor.py:914} INFO - Processing file /opt/airflow/dags/script/example/dag_with_python_dependencies.py for tasks to queue
[2024-11-24T17:22:02.711+0000] {logging_mixin.py:190} INFO - [2024-11-24T17:22:02.711+0000] {dagbag.py:588} INFO - Filling up the DagBag from /opt/airflow/dags/script/example/dag_with_python_dependencies.py
[2024-11-24T17:22:02.714+0000] {processor.py:927} WARNING - No viable dags retrieved from /opt/airflow/dags/script/example/dag_with_python_dependencies.py
[2024-11-24T17:22:02.720+0000] {processor.py:208} INFO - Processing /opt/airflow/dags/script/example/dag_with_python_dependencies.py took 0.012 seconds
[2024-11-24T17:22:32.830+0000] {processor.py:186} INFO - Started process (PID=25552) to work on /opt/airflow/dags/script/example/dag_with_python_dependencies.py
[2024-11-24T17:22:32.830+0000] {processor.py:914} INFO - Processing file /opt/airflow/dags/script/example/dag_with_python_dependencies.py for tasks to queue
[2024-11-24T17:22:32.831+0000] {logging_mixin.py:190} INFO - [2024-11-24T17:22:32.831+0000] {dagbag.py:588} INFO - Filling up the DagBag from /opt/airflow/dags/script/example/dag_with_python_dependencies.py
[2024-11-24T17:22:32.833+0000] {processor.py:927} WARNING - No viable dags retrieved from /opt/airflow/dags/script/example/dag_with_python_dependencies.py
[2024-11-24T17:22:32.839+0000] {processor.py:208} INFO - Processing /opt/airflow/dags/script/example/dag_with_python_dependencies.py took 0.012 seconds
[2024-11-24T17:23:03.902+0000] {processor.py:186} INFO - Started process (PID=25910) to work on /opt/airflow/dags/script/example/dag_with_python_dependencies.py
[2024-11-24T17:23:03.902+0000] {processor.py:914} INFO - Processing file /opt/airflow/dags/script/example/dag_with_python_dependencies.py for tasks to queue
[2024-11-24T17:23:03.902+0000] {logging_mixin.py:190} INFO - [2024-11-24T17:23:03.902+0000] {dagbag.py:588} INFO - Filling up the DagBag from /opt/airflow/dags/script/example/dag_with_python_dependencies.py
[2024-11-24T17:23:03.903+0000] {processor.py:927} WARNING - No viable dags retrieved from /opt/airflow/dags/script/example/dag_with_python_dependencies.py
[2024-11-24T17:23:03.908+0000] {processor.py:208} INFO - Processing /opt/airflow/dags/script/example/dag_with_python_dependencies.py took 0.009 seconds
[2024-11-24T17:23:34.049+0000] {processor.py:186} INFO - Started process (PID=26266) to work on /opt/airflow/dags/script/example/dag_with_python_dependencies.py
[2024-11-24T17:23:34.049+0000] {processor.py:914} INFO - Processing file /opt/airflow/dags/script/example/dag_with_python_dependencies.py for tasks to queue
[2024-11-24T17:23:34.050+0000] {logging_mixin.py:190} INFO - [2024-11-24T17:23:34.050+0000] {dagbag.py:588} INFO - Filling up the DagBag from /opt/airflow/dags/script/example/dag_with_python_dependencies.py
[2024-11-24T17:23:34.051+0000] {processor.py:927} WARNING - No viable dags retrieved from /opt/airflow/dags/script/example/dag_with_python_dependencies.py
[2024-11-24T17:23:34.056+0000] {processor.py:208} INFO - Processing /opt/airflow/dags/script/example/dag_with_python_dependencies.py took 0.009 seconds
[2024-11-24T18:04:27.684+0000] {processor.py:186} INFO - Started process (PID=26622) to work on /opt/airflow/dags/script/example/dag_with_python_dependencies.py
[2024-11-24T18:04:27.684+0000] {processor.py:914} INFO - Processing file /opt/airflow/dags/script/example/dag_with_python_dependencies.py for tasks to queue
[2024-11-24T18:04:27.685+0000] {logging_mixin.py:190} INFO - [2024-11-24T18:04:27.685+0000] {dagbag.py:588} INFO - Filling up the DagBag from /opt/airflow/dags/script/example/dag_with_python_dependencies.py
[2024-11-24T18:04:27.686+0000] {processor.py:927} WARNING - No viable dags retrieved from /opt/airflow/dags/script/example/dag_with_python_dependencies.py
[2024-11-24T18:04:27.690+0000] {processor.py:208} INFO - Processing /opt/airflow/dags/script/example/dag_with_python_dependencies.py took 0.008 seconds
