[2024-11-24T15:57:17.222+0000] {processor.py:186} INFO - Started process (PID=198) to work on /opt/airflow/dags/script/example/dag_with_minio_s3.py
[2024-11-24T15:57:17.224+0000] {processor.py:914} INFO - Processing file /opt/airflow/dags/script/example/dag_with_minio_s3.py for tasks to queue
[2024-11-24T15:57:17.226+0000] {logging_mixin.py:190} INFO - [2024-11-24T15:57:17.226+0000] {dagbag.py:588} INFO - Filling up the DagBag from /opt/airflow/dags/script/example/dag_with_minio_s3.py
[2024-11-24T15:57:17.237+0000] {processor.py:925} INFO - DAG(s) 'dag_with_minio_s3_v02' retrieved from /opt/airflow/dags/script/example/dag_with_minio_s3.py
[2024-11-24T15:57:17.253+0000] {logging_mixin.py:190} INFO - [2024-11-24T15:57:17.253+0000] {dag.py:3239} INFO - Sync 1 DAGs
[2024-11-24T15:57:17.268+0000] {logging_mixin.py:190} INFO - [2024-11-24T15:57:17.268+0000] {dag.py:4180} INFO - Setting next_dagrun for dag_with_minio_s3_v02 to 2024-11-19 00:00:00+00:00, run_after=2024-11-20 00:00:00+00:00
[2024-11-24T15:57:17.284+0000] {processor.py:208} INFO - Processing /opt/airflow/dags/script/example/dag_with_minio_s3.py took 0.067 seconds
[2024-11-24T15:57:47.346+0000] {processor.py:186} INFO - Started process (PID=569) to work on /opt/airflow/dags/script/example/dag_with_minio_s3.py
[2024-11-24T15:57:47.346+0000] {processor.py:914} INFO - Processing file /opt/airflow/dags/script/example/dag_with_minio_s3.py for tasks to queue
[2024-11-24T15:57:47.347+0000] {logging_mixin.py:190} INFO - [2024-11-24T15:57:47.347+0000] {dagbag.py:588} INFO - Filling up the DagBag from /opt/airflow/dags/script/example/dag_with_minio_s3.py
[2024-11-24T15:57:47.351+0000] {processor.py:925} INFO - DAG(s) 'dag_with_minio_s3_v02' retrieved from /opt/airflow/dags/script/example/dag_with_minio_s3.py
[2024-11-24T15:57:47.357+0000] {logging_mixin.py:190} INFO - [2024-11-24T15:57:47.357+0000] {dag.py:3239} INFO - Sync 1 DAGs
[2024-11-24T15:57:47.365+0000] {logging_mixin.py:190} INFO - [2024-11-24T15:57:47.365+0000] {dag.py:4180} INFO - Setting next_dagrun for dag_with_minio_s3_v02 to 2024-11-19 00:00:00+00:00, run_after=2024-11-20 00:00:00+00:00
[2024-11-24T15:57:47.369+0000] {processor.py:208} INFO - Processing /opt/airflow/dags/script/example/dag_with_minio_s3.py took 0.026 seconds
[2024-11-24T15:58:17.851+0000] {processor.py:186} INFO - Started process (PID=925) to work on /opt/airflow/dags/script/example/dag_with_minio_s3.py
[2024-11-24T15:58:17.852+0000] {processor.py:914} INFO - Processing file /opt/airflow/dags/script/example/dag_with_minio_s3.py for tasks to queue
[2024-11-24T15:58:17.853+0000] {logging_mixin.py:190} INFO - [2024-11-24T15:58:17.853+0000] {dagbag.py:588} INFO - Filling up the DagBag from /opt/airflow/dags/script/example/dag_with_minio_s3.py
[2024-11-24T15:58:17.858+0000] {processor.py:925} INFO - DAG(s) 'dag_with_minio_s3_v02' retrieved from /opt/airflow/dags/script/example/dag_with_minio_s3.py
[2024-11-24T15:58:17.868+0000] {logging_mixin.py:190} INFO - [2024-11-24T15:58:17.868+0000] {dag.py:3239} INFO - Sync 1 DAGs
[2024-11-24T15:58:17.877+0000] {logging_mixin.py:190} INFO - [2024-11-24T15:58:17.877+0000] {dag.py:4180} INFO - Setting next_dagrun for dag_with_minio_s3_v02 to 2024-11-19 00:00:00+00:00, run_after=2024-11-20 00:00:00+00:00
[2024-11-24T15:58:17.883+0000] {processor.py:208} INFO - Processing /opt/airflow/dags/script/example/dag_with_minio_s3.py took 0.034 seconds
[2024-11-24T15:58:48.513+0000] {processor.py:186} INFO - Started process (PID=1280) to work on /opt/airflow/dags/script/example/dag_with_minio_s3.py
[2024-11-24T15:58:48.513+0000] {processor.py:914} INFO - Processing file /opt/airflow/dags/script/example/dag_with_minio_s3.py for tasks to queue
[2024-11-24T15:58:48.514+0000] {logging_mixin.py:190} INFO - [2024-11-24T15:58:48.514+0000] {dagbag.py:588} INFO - Filling up the DagBag from /opt/airflow/dags/script/example/dag_with_minio_s3.py
[2024-11-24T15:58:48.518+0000] {processor.py:925} INFO - DAG(s) 'dag_with_minio_s3_v02' retrieved from /opt/airflow/dags/script/example/dag_with_minio_s3.py
[2024-11-24T15:58:48.526+0000] {logging_mixin.py:190} INFO - [2024-11-24T15:58:48.526+0000] {dag.py:3239} INFO - Sync 1 DAGs
[2024-11-24T15:58:48.533+0000] {logging_mixin.py:190} INFO - [2024-11-24T15:58:48.533+0000] {dag.py:4180} INFO - Setting next_dagrun for dag_with_minio_s3_v02 to 2024-11-19 00:00:00+00:00, run_after=2024-11-20 00:00:00+00:00
[2024-11-24T15:58:48.538+0000] {processor.py:208} INFO - Processing /opt/airflow/dags/script/example/dag_with_minio_s3.py took 0.027 seconds
[2024-11-24T15:59:19.238+0000] {processor.py:186} INFO - Started process (PID=1636) to work on /opt/airflow/dags/script/example/dag_with_minio_s3.py
[2024-11-24T15:59:19.239+0000] {processor.py:914} INFO - Processing file /opt/airflow/dags/script/example/dag_with_minio_s3.py for tasks to queue
[2024-11-24T15:59:19.240+0000] {logging_mixin.py:190} INFO - [2024-11-24T15:59:19.240+0000] {dagbag.py:588} INFO - Filling up the DagBag from /opt/airflow/dags/script/example/dag_with_minio_s3.py
[2024-11-24T15:59:19.244+0000] {processor.py:925} INFO - DAG(s) 'dag_with_minio_s3_v02' retrieved from /opt/airflow/dags/script/example/dag_with_minio_s3.py
[2024-11-24T15:59:19.252+0000] {logging_mixin.py:190} INFO - [2024-11-24T15:59:19.252+0000] {dag.py:3239} INFO - Sync 1 DAGs
[2024-11-24T15:59:19.265+0000] {logging_mixin.py:190} INFO - [2024-11-24T15:59:19.264+0000] {dag.py:4180} INFO - Setting next_dagrun for dag_with_minio_s3_v02 to 2024-11-19 00:00:00+00:00, run_after=2024-11-20 00:00:00+00:00
[2024-11-24T15:59:19.272+0000] {processor.py:208} INFO - Processing /opt/airflow/dags/script/example/dag_with_minio_s3.py took 0.037 seconds
[2024-11-24T15:59:49.819+0000] {processor.py:186} INFO - Started process (PID=1990) to work on /opt/airflow/dags/script/example/dag_with_minio_s3.py
[2024-11-24T15:59:49.820+0000] {processor.py:914} INFO - Processing file /opt/airflow/dags/script/example/dag_with_minio_s3.py for tasks to queue
[2024-11-24T15:59:49.821+0000] {logging_mixin.py:190} INFO - [2024-11-24T15:59:49.821+0000] {dagbag.py:588} INFO - Filling up the DagBag from /opt/airflow/dags/script/example/dag_with_minio_s3.py
[2024-11-24T15:59:49.827+0000] {processor.py:925} INFO - DAG(s) 'dag_with_minio_s3_v02' retrieved from /opt/airflow/dags/script/example/dag_with_minio_s3.py
[2024-11-24T15:59:49.836+0000] {logging_mixin.py:190} INFO - [2024-11-24T15:59:49.836+0000] {dag.py:3239} INFO - Sync 1 DAGs
[2024-11-24T15:59:49.847+0000] {logging_mixin.py:190} INFO - [2024-11-24T15:59:49.847+0000] {dag.py:4180} INFO - Setting next_dagrun for dag_with_minio_s3_v02 to 2024-11-19 00:00:00+00:00, run_after=2024-11-20 00:00:00+00:00
[2024-11-24T15:59:49.855+0000] {processor.py:208} INFO - Processing /opt/airflow/dags/script/example/dag_with_minio_s3.py took 0.038 seconds
[2024-11-24T16:00:20.276+0000] {processor.py:186} INFO - Started process (PID=2346) to work on /opt/airflow/dags/script/example/dag_with_minio_s3.py
[2024-11-24T16:00:20.276+0000] {processor.py:914} INFO - Processing file /opt/airflow/dags/script/example/dag_with_minio_s3.py for tasks to queue
[2024-11-24T16:00:20.278+0000] {logging_mixin.py:190} INFO - [2024-11-24T16:00:20.277+0000] {dagbag.py:588} INFO - Filling up the DagBag from /opt/airflow/dags/script/example/dag_with_minio_s3.py
[2024-11-24T16:00:20.285+0000] {processor.py:925} INFO - DAG(s) 'dag_with_minio_s3_v02' retrieved from /opt/airflow/dags/script/example/dag_with_minio_s3.py
[2024-11-24T16:00:20.293+0000] {logging_mixin.py:190} INFO - [2024-11-24T16:00:20.293+0000] {dag.py:3239} INFO - Sync 1 DAGs
[2024-11-24T16:00:20.302+0000] {logging_mixin.py:190} INFO - [2024-11-24T16:00:20.302+0000] {dag.py:4180} INFO - Setting next_dagrun for dag_with_minio_s3_v02 to 2024-11-19 00:00:00+00:00, run_after=2024-11-20 00:00:00+00:00
[2024-11-24T16:00:20.310+0000] {processor.py:208} INFO - Processing /opt/airflow/dags/script/example/dag_with_minio_s3.py took 0.036 seconds
[2024-11-24T16:00:50.687+0000] {processor.py:186} INFO - Started process (PID=2703) to work on /opt/airflow/dags/script/example/dag_with_minio_s3.py
[2024-11-24T16:00:50.687+0000] {processor.py:914} INFO - Processing file /opt/airflow/dags/script/example/dag_with_minio_s3.py for tasks to queue
[2024-11-24T16:00:50.689+0000] {logging_mixin.py:190} INFO - [2024-11-24T16:00:50.688+0000] {dagbag.py:588} INFO - Filling up the DagBag from /opt/airflow/dags/script/example/dag_with_minio_s3.py
[2024-11-24T16:00:50.693+0000] {processor.py:925} INFO - DAG(s) 'dag_with_minio_s3_v02' retrieved from /opt/airflow/dags/script/example/dag_with_minio_s3.py
[2024-11-24T16:00:50.701+0000] {logging_mixin.py:190} INFO - [2024-11-24T16:00:50.701+0000] {dag.py:3239} INFO - Sync 1 DAGs
[2024-11-24T16:00:50.711+0000] {logging_mixin.py:190} INFO - [2024-11-24T16:00:50.710+0000] {dag.py:4180} INFO - Setting next_dagrun for dag_with_minio_s3_v02 to 2024-11-19 00:00:00+00:00, run_after=2024-11-20 00:00:00+00:00
[2024-11-24T16:00:50.716+0000] {processor.py:208} INFO - Processing /opt/airflow/dags/script/example/dag_with_minio_s3.py took 0.032 seconds
[2024-11-24T16:01:21.157+0000] {processor.py:186} INFO - Started process (PID=3061) to work on /opt/airflow/dags/script/example/dag_with_minio_s3.py
[2024-11-24T16:01:21.158+0000] {processor.py:914} INFO - Processing file /opt/airflow/dags/script/example/dag_with_minio_s3.py for tasks to queue
[2024-11-24T16:01:21.159+0000] {logging_mixin.py:190} INFO - [2024-11-24T16:01:21.159+0000] {dagbag.py:588} INFO - Filling up the DagBag from /opt/airflow/dags/script/example/dag_with_minio_s3.py
[2024-11-24T16:01:21.164+0000] {processor.py:925} INFO - DAG(s) 'dag_with_minio_s3_v02' retrieved from /opt/airflow/dags/script/example/dag_with_minio_s3.py
[2024-11-24T16:01:21.174+0000] {logging_mixin.py:190} INFO - [2024-11-24T16:01:21.173+0000] {dag.py:3239} INFO - Sync 1 DAGs
[2024-11-24T16:01:21.182+0000] {logging_mixin.py:190} INFO - [2024-11-24T16:01:21.182+0000] {dag.py:4180} INFO - Setting next_dagrun for dag_with_minio_s3_v02 to 2024-11-19 00:00:00+00:00, run_after=2024-11-20 00:00:00+00:00
[2024-11-24T16:01:21.190+0000] {processor.py:208} INFO - Processing /opt/airflow/dags/script/example/dag_with_minio_s3.py took 0.035 seconds
[2024-11-24T16:01:51.580+0000] {processor.py:186} INFO - Started process (PID=3417) to work on /opt/airflow/dags/script/example/dag_with_minio_s3.py
[2024-11-24T16:01:51.581+0000] {processor.py:914} INFO - Processing file /opt/airflow/dags/script/example/dag_with_minio_s3.py for tasks to queue
[2024-11-24T16:01:51.583+0000] {logging_mixin.py:190} INFO - [2024-11-24T16:01:51.583+0000] {dagbag.py:588} INFO - Filling up the DagBag from /opt/airflow/dags/script/example/dag_with_minio_s3.py
[2024-11-24T16:01:51.588+0000] {processor.py:925} INFO - DAG(s) 'dag_with_minio_s3_v02' retrieved from /opt/airflow/dags/script/example/dag_with_minio_s3.py
[2024-11-24T16:01:51.598+0000] {logging_mixin.py:190} INFO - [2024-11-24T16:01:51.598+0000] {dag.py:3239} INFO - Sync 1 DAGs
[2024-11-24T16:01:51.608+0000] {logging_mixin.py:190} INFO - [2024-11-24T16:01:51.608+0000] {dag.py:4180} INFO - Setting next_dagrun for dag_with_minio_s3_v02 to 2024-11-19 00:00:00+00:00, run_after=2024-11-20 00:00:00+00:00
[2024-11-24T16:01:51.619+0000] {processor.py:208} INFO - Processing /opt/airflow/dags/script/example/dag_with_minio_s3.py took 0.041 seconds
[2024-11-24T16:02:22.505+0000] {processor.py:186} INFO - Started process (PID=3783) to work on /opt/airflow/dags/script/example/dag_with_minio_s3.py
[2024-11-24T16:02:22.508+0000] {processor.py:914} INFO - Processing file /opt/airflow/dags/script/example/dag_with_minio_s3.py for tasks to queue
[2024-11-24T16:02:22.510+0000] {logging_mixin.py:190} INFO - [2024-11-24T16:02:22.509+0000] {dagbag.py:588} INFO - Filling up the DagBag from /opt/airflow/dags/script/example/dag_with_minio_s3.py
[2024-11-24T16:02:22.516+0000] {processor.py:925} INFO - DAG(s) 'dag_with_minio_s3_v02' retrieved from /opt/airflow/dags/script/example/dag_with_minio_s3.py
[2024-11-24T16:02:22.530+0000] {logging_mixin.py:190} INFO - [2024-11-24T16:02:22.530+0000] {dag.py:3239} INFO - Sync 1 DAGs
[2024-11-24T16:02:22.544+0000] {logging_mixin.py:190} INFO - [2024-11-24T16:02:22.544+0000] {dag.py:4180} INFO - Setting next_dagrun for dag_with_minio_s3_v02 to 2024-11-19 00:00:00+00:00, run_after=2024-11-20 00:00:00+00:00
[2024-11-24T16:02:22.553+0000] {processor.py:208} INFO - Processing /opt/airflow/dags/script/example/dag_with_minio_s3.py took 0.051 seconds
[2024-11-24T16:02:53.064+0000] {processor.py:186} INFO - Started process (PID=4139) to work on /opt/airflow/dags/script/example/dag_with_minio_s3.py
[2024-11-24T16:02:53.067+0000] {processor.py:914} INFO - Processing file /opt/airflow/dags/script/example/dag_with_minio_s3.py for tasks to queue
[2024-11-24T16:02:53.068+0000] {logging_mixin.py:190} INFO - [2024-11-24T16:02:53.068+0000] {dagbag.py:588} INFO - Filling up the DagBag from /opt/airflow/dags/script/example/dag_with_minio_s3.py
[2024-11-24T16:02:53.072+0000] {processor.py:925} INFO - DAG(s) 'dag_with_minio_s3_v02' retrieved from /opt/airflow/dags/script/example/dag_with_minio_s3.py
[2024-11-24T16:02:53.081+0000] {logging_mixin.py:190} INFO - [2024-11-24T16:02:53.081+0000] {dag.py:3239} INFO - Sync 1 DAGs
[2024-11-24T16:02:53.092+0000] {logging_mixin.py:190} INFO - [2024-11-24T16:02:53.092+0000] {dag.py:4180} INFO - Setting next_dagrun for dag_with_minio_s3_v02 to 2024-11-19 00:00:00+00:00, run_after=2024-11-20 00:00:00+00:00
[2024-11-24T16:02:53.099+0000] {processor.py:208} INFO - Processing /opt/airflow/dags/script/example/dag_with_minio_s3.py took 0.039 seconds
[2024-11-24T16:03:23.410+0000] {processor.py:186} INFO - Started process (PID=4495) to work on /opt/airflow/dags/script/example/dag_with_minio_s3.py
[2024-11-24T16:03:23.412+0000] {processor.py:914} INFO - Processing file /opt/airflow/dags/script/example/dag_with_minio_s3.py for tasks to queue
[2024-11-24T16:03:23.413+0000] {logging_mixin.py:190} INFO - [2024-11-24T16:03:23.413+0000] {dagbag.py:588} INFO - Filling up the DagBag from /opt/airflow/dags/script/example/dag_with_minio_s3.py
[2024-11-24T16:03:23.418+0000] {processor.py:925} INFO - DAG(s) 'dag_with_minio_s3_v02' retrieved from /opt/airflow/dags/script/example/dag_with_minio_s3.py
[2024-11-24T16:03:23.429+0000] {logging_mixin.py:190} INFO - [2024-11-24T16:03:23.429+0000] {dag.py:3239} INFO - Sync 1 DAGs
[2024-11-24T16:03:23.439+0000] {logging_mixin.py:190} INFO - [2024-11-24T16:03:23.439+0000] {dag.py:4180} INFO - Setting next_dagrun for dag_with_minio_s3_v02 to 2024-11-19 00:00:00+00:00, run_after=2024-11-20 00:00:00+00:00
[2024-11-24T16:03:23.448+0000] {processor.py:208} INFO - Processing /opt/airflow/dags/script/example/dag_with_minio_s3.py took 0.041 seconds
[2024-11-24T16:03:54.136+0000] {processor.py:186} INFO - Started process (PID=4856) to work on /opt/airflow/dags/script/example/dag_with_minio_s3.py
[2024-11-24T16:03:54.137+0000] {processor.py:914} INFO - Processing file /opt/airflow/dags/script/example/dag_with_minio_s3.py for tasks to queue
[2024-11-24T16:03:54.138+0000] {logging_mixin.py:190} INFO - [2024-11-24T16:03:54.138+0000] {dagbag.py:588} INFO - Filling up the DagBag from /opt/airflow/dags/script/example/dag_with_minio_s3.py
[2024-11-24T16:03:54.142+0000] {processor.py:925} INFO - DAG(s) 'dag_with_minio_s3_v02' retrieved from /opt/airflow/dags/script/example/dag_with_minio_s3.py
[2024-11-24T16:03:54.150+0000] {logging_mixin.py:190} INFO - [2024-11-24T16:03:54.150+0000] {dag.py:3239} INFO - Sync 1 DAGs
[2024-11-24T16:03:54.160+0000] {logging_mixin.py:190} INFO - [2024-11-24T16:03:54.160+0000] {dag.py:4180} INFO - Setting next_dagrun for dag_with_minio_s3_v02 to 2024-11-19 00:00:00+00:00, run_after=2024-11-20 00:00:00+00:00
[2024-11-24T16:03:54.168+0000] {processor.py:208} INFO - Processing /opt/airflow/dags/script/example/dag_with_minio_s3.py took 0.034 seconds
[2024-11-24T16:04:24.573+0000] {processor.py:186} INFO - Started process (PID=5227) to work on /opt/airflow/dags/script/example/dag_with_minio_s3.py
[2024-11-24T16:04:24.574+0000] {processor.py:914} INFO - Processing file /opt/airflow/dags/script/example/dag_with_minio_s3.py for tasks to queue
[2024-11-24T16:04:24.576+0000] {logging_mixin.py:190} INFO - [2024-11-24T16:04:24.576+0000] {dagbag.py:588} INFO - Filling up the DagBag from /opt/airflow/dags/script/example/dag_with_minio_s3.py
[2024-11-24T16:04:24.583+0000] {processor.py:925} INFO - DAG(s) 'dag_with_minio_s3_v02' retrieved from /opt/airflow/dags/script/example/dag_with_minio_s3.py
[2024-11-24T16:04:24.593+0000] {logging_mixin.py:190} INFO - [2024-11-24T16:04:24.593+0000] {dag.py:3239} INFO - Sync 1 DAGs
[2024-11-24T16:04:24.605+0000] {logging_mixin.py:190} INFO - [2024-11-24T16:04:24.605+0000] {dag.py:4180} INFO - Setting next_dagrun for dag_with_minio_s3_v02 to 2024-11-19 00:00:00+00:00, run_after=2024-11-20 00:00:00+00:00
[2024-11-24T16:04:24.613+0000] {processor.py:208} INFO - Processing /opt/airflow/dags/script/example/dag_with_minio_s3.py took 0.043 seconds
[2024-11-24T16:04:55.250+0000] {processor.py:186} INFO - Started process (PID=5593) to work on /opt/airflow/dags/script/example/dag_with_minio_s3.py
[2024-11-24T16:04:55.250+0000] {processor.py:914} INFO - Processing file /opt/airflow/dags/script/example/dag_with_minio_s3.py for tasks to queue
[2024-11-24T16:04:55.251+0000] {logging_mixin.py:190} INFO - [2024-11-24T16:04:55.251+0000] {dagbag.py:588} INFO - Filling up the DagBag from /opt/airflow/dags/script/example/dag_with_minio_s3.py
[2024-11-24T16:04:55.257+0000] {processor.py:925} INFO - DAG(s) 'dag_with_minio_s3_v02' retrieved from /opt/airflow/dags/script/example/dag_with_minio_s3.py
[2024-11-24T16:04:55.267+0000] {logging_mixin.py:190} INFO - [2024-11-24T16:04:55.267+0000] {dag.py:3239} INFO - Sync 1 DAGs
[2024-11-24T16:04:55.279+0000] {logging_mixin.py:190} INFO - [2024-11-24T16:04:55.279+0000] {dag.py:4180} INFO - Setting next_dagrun for dag_with_minio_s3_v02 to 2024-11-19 00:00:00+00:00, run_after=2024-11-20 00:00:00+00:00
[2024-11-24T16:04:55.289+0000] {processor.py:208} INFO - Processing /opt/airflow/dags/script/example/dag_with_minio_s3.py took 0.042 seconds
[2024-11-24T16:05:25.787+0000] {processor.py:186} INFO - Started process (PID=5949) to work on /opt/airflow/dags/script/example/dag_with_minio_s3.py
[2024-11-24T16:05:25.787+0000] {processor.py:914} INFO - Processing file /opt/airflow/dags/script/example/dag_with_minio_s3.py for tasks to queue
[2024-11-24T16:05:25.788+0000] {logging_mixin.py:190} INFO - [2024-11-24T16:05:25.788+0000] {dagbag.py:588} INFO - Filling up the DagBag from /opt/airflow/dags/script/example/dag_with_minio_s3.py
[2024-11-24T16:05:25.795+0000] {processor.py:925} INFO - DAG(s) 'dag_with_minio_s3_v02' retrieved from /opt/airflow/dags/script/example/dag_with_minio_s3.py
[2024-11-24T16:05:25.805+0000] {logging_mixin.py:190} INFO - [2024-11-24T16:05:25.804+0000] {dag.py:3239} INFO - Sync 1 DAGs
[2024-11-24T16:05:25.813+0000] {logging_mixin.py:190} INFO - [2024-11-24T16:05:25.813+0000] {dag.py:4180} INFO - Setting next_dagrun for dag_with_minio_s3_v02 to 2024-11-19 00:00:00+00:00, run_after=2024-11-20 00:00:00+00:00
[2024-11-24T16:05:25.820+0000] {processor.py:208} INFO - Processing /opt/airflow/dags/script/example/dag_with_minio_s3.py took 0.035 seconds
[2024-11-24T16:05:56.183+0000] {processor.py:186} INFO - Started process (PID=6315) to work on /opt/airflow/dags/script/example/dag_with_minio_s3.py
[2024-11-24T16:05:56.184+0000] {processor.py:914} INFO - Processing file /opt/airflow/dags/script/example/dag_with_minio_s3.py for tasks to queue
[2024-11-24T16:05:56.185+0000] {logging_mixin.py:190} INFO - [2024-11-24T16:05:56.184+0000] {dagbag.py:588} INFO - Filling up the DagBag from /opt/airflow/dags/script/example/dag_with_minio_s3.py
[2024-11-24T16:05:56.190+0000] {processor.py:925} INFO - DAG(s) 'dag_with_minio_s3_v02' retrieved from /opt/airflow/dags/script/example/dag_with_minio_s3.py
[2024-11-24T16:05:56.199+0000] {logging_mixin.py:190} INFO - [2024-11-24T16:05:56.199+0000] {dag.py:3239} INFO - Sync 1 DAGs
[2024-11-24T16:05:56.212+0000] {logging_mixin.py:190} INFO - [2024-11-24T16:05:56.212+0000] {dag.py:4180} INFO - Setting next_dagrun for dag_with_minio_s3_v02 to 2024-11-19 00:00:00+00:00, run_after=2024-11-20 00:00:00+00:00
[2024-11-24T16:05:56.220+0000] {processor.py:208} INFO - Processing /opt/airflow/dags/script/example/dag_with_minio_s3.py took 0.040 seconds
[2024-11-24T16:06:26.591+0000] {processor.py:186} INFO - Started process (PID=6681) to work on /opt/airflow/dags/script/example/dag_with_minio_s3.py
[2024-11-24T16:06:26.592+0000] {processor.py:914} INFO - Processing file /opt/airflow/dags/script/example/dag_with_minio_s3.py for tasks to queue
[2024-11-24T16:06:26.593+0000] {logging_mixin.py:190} INFO - [2024-11-24T16:06:26.593+0000] {dagbag.py:588} INFO - Filling up the DagBag from /opt/airflow/dags/script/example/dag_with_minio_s3.py
[2024-11-24T16:06:26.600+0000] {processor.py:925} INFO - DAG(s) 'dag_with_minio_s3_v02' retrieved from /opt/airflow/dags/script/example/dag_with_minio_s3.py
[2024-11-24T16:06:26.609+0000] {logging_mixin.py:190} INFO - [2024-11-24T16:06:26.609+0000] {dag.py:3239} INFO - Sync 1 DAGs
[2024-11-24T16:06:26.620+0000] {logging_mixin.py:190} INFO - [2024-11-24T16:06:26.620+0000] {dag.py:4180} INFO - Setting next_dagrun for dag_with_minio_s3_v02 to 2024-11-19 00:00:00+00:00, run_after=2024-11-20 00:00:00+00:00
[2024-11-24T16:06:26.629+0000] {processor.py:208} INFO - Processing /opt/airflow/dags/script/example/dag_with_minio_s3.py took 0.042 seconds
[2024-11-24T16:06:31.868+0000] {processor.py:186} INFO - Started process (PID=7013) to work on /opt/airflow/dags/script/example/dag_with_minio_s3.py
[2024-11-24T16:06:31.868+0000] {processor.py:914} INFO - Processing file /opt/airflow/dags/script/example/dag_with_minio_s3.py for tasks to queue
[2024-11-24T16:06:31.869+0000] {logging_mixin.py:190} INFO - [2024-11-24T16:06:31.869+0000] {dagbag.py:588} INFO - Filling up the DagBag from /opt/airflow/dags/script/example/dag_with_minio_s3.py
[2024-11-24T16:06:31.871+0000] {processor.py:927} WARNING - No viable dags retrieved from /opt/airflow/dags/script/example/dag_with_minio_s3.py
[2024-11-24T16:06:31.877+0000] {processor.py:208} INFO - Processing /opt/airflow/dags/script/example/dag_with_minio_s3.py took 0.012 seconds
[2024-11-24T16:07:02.181+0000] {processor.py:186} INFO - Started process (PID=7369) to work on /opt/airflow/dags/script/example/dag_with_minio_s3.py
[2024-11-24T16:07:02.183+0000] {processor.py:914} INFO - Processing file /opt/airflow/dags/script/example/dag_with_minio_s3.py for tasks to queue
[2024-11-24T16:07:02.185+0000] {logging_mixin.py:190} INFO - [2024-11-24T16:07:02.184+0000] {dagbag.py:588} INFO - Filling up the DagBag from /opt/airflow/dags/script/example/dag_with_minio_s3.py
[2024-11-24T16:07:02.187+0000] {processor.py:927} WARNING - No viable dags retrieved from /opt/airflow/dags/script/example/dag_with_minio_s3.py
[2024-11-24T16:07:02.193+0000] {processor.py:208} INFO - Processing /opt/airflow/dags/script/example/dag_with_minio_s3.py took 0.014 seconds
[2024-11-24T16:07:32.429+0000] {processor.py:186} INFO - Started process (PID=7725) to work on /opt/airflow/dags/script/example/dag_with_minio_s3.py
[2024-11-24T16:07:32.430+0000] {processor.py:914} INFO - Processing file /opt/airflow/dags/script/example/dag_with_minio_s3.py for tasks to queue
[2024-11-24T16:07:32.431+0000] {logging_mixin.py:190} INFO - [2024-11-24T16:07:32.430+0000] {dagbag.py:588} INFO - Filling up the DagBag from /opt/airflow/dags/script/example/dag_with_minio_s3.py
[2024-11-24T16:07:32.433+0000] {processor.py:927} WARNING - No viable dags retrieved from /opt/airflow/dags/script/example/dag_with_minio_s3.py
[2024-11-24T16:07:32.441+0000] {processor.py:208} INFO - Processing /opt/airflow/dags/script/example/dag_with_minio_s3.py took 0.017 seconds
[2024-11-24T16:08:02.642+0000] {processor.py:186} INFO - Started process (PID=8081) to work on /opt/airflow/dags/script/example/dag_with_minio_s3.py
[2024-11-24T16:08:02.643+0000] {processor.py:914} INFO - Processing file /opt/airflow/dags/script/example/dag_with_minio_s3.py for tasks to queue
[2024-11-24T16:08:02.643+0000] {logging_mixin.py:190} INFO - [2024-11-24T16:08:02.643+0000] {dagbag.py:588} INFO - Filling up the DagBag from /opt/airflow/dags/script/example/dag_with_minio_s3.py
[2024-11-24T16:08:02.645+0000] {processor.py:927} WARNING - No viable dags retrieved from /opt/airflow/dags/script/example/dag_with_minio_s3.py
[2024-11-24T16:08:02.652+0000] {processor.py:208} INFO - Processing /opt/airflow/dags/script/example/dag_with_minio_s3.py took 0.013 seconds
[2024-11-24T16:08:32.797+0000] {processor.py:186} INFO - Started process (PID=8435) to work on /opt/airflow/dags/script/example/dag_with_minio_s3.py
[2024-11-24T16:08:32.797+0000] {processor.py:914} INFO - Processing file /opt/airflow/dags/script/example/dag_with_minio_s3.py for tasks to queue
[2024-11-24T16:08:32.798+0000] {logging_mixin.py:190} INFO - [2024-11-24T16:08:32.798+0000] {dagbag.py:588} INFO - Filling up the DagBag from /opt/airflow/dags/script/example/dag_with_minio_s3.py
[2024-11-24T16:08:32.801+0000] {processor.py:927} WARNING - No viable dags retrieved from /opt/airflow/dags/script/example/dag_with_minio_s3.py
[2024-11-24T16:08:32.806+0000] {processor.py:208} INFO - Processing /opt/airflow/dags/script/example/dag_with_minio_s3.py took 0.012 seconds
[2024-11-24T16:09:03.027+0000] {processor.py:186} INFO - Started process (PID=8768) to work on /opt/airflow/dags/script/example/dag_with_minio_s3.py
[2024-11-24T16:09:03.027+0000] {processor.py:914} INFO - Processing file /opt/airflow/dags/script/example/dag_with_minio_s3.py for tasks to queue
[2024-11-24T16:09:03.028+0000] {logging_mixin.py:190} INFO - [2024-11-24T16:09:03.028+0000] {dagbag.py:588} INFO - Filling up the DagBag from /opt/airflow/dags/script/example/dag_with_minio_s3.py
[2024-11-24T16:09:03.029+0000] {processor.py:927} WARNING - No viable dags retrieved from /opt/airflow/dags/script/example/dag_with_minio_s3.py
[2024-11-24T16:09:03.033+0000] {processor.py:208} INFO - Processing /opt/airflow/dags/script/example/dag_with_minio_s3.py took 0.008 seconds
[2024-11-24T16:09:33.343+0000] {processor.py:186} INFO - Started process (PID=9004) to work on /opt/airflow/dags/script/example/dag_with_minio_s3.py
[2024-11-24T16:09:33.344+0000] {processor.py:914} INFO - Processing file /opt/airflow/dags/script/example/dag_with_minio_s3.py for tasks to queue
[2024-11-24T16:09:33.345+0000] {logging_mixin.py:190} INFO - [2024-11-24T16:09:33.345+0000] {dagbag.py:588} INFO - Filling up the DagBag from /opt/airflow/dags/script/example/dag_with_minio_s3.py
[2024-11-24T16:09:33.352+0000] {processor.py:927} WARNING - No viable dags retrieved from /opt/airflow/dags/script/example/dag_with_minio_s3.py
[2024-11-24T16:09:33.359+0000] {processor.py:208} INFO - Processing /opt/airflow/dags/script/example/dag_with_minio_s3.py took 0.021 seconds
[2024-11-24T16:10:03.537+0000] {processor.py:186} INFO - Started process (PID=9360) to work on /opt/airflow/dags/script/example/dag_with_minio_s3.py
[2024-11-24T16:10:03.538+0000] {processor.py:914} INFO - Processing file /opt/airflow/dags/script/example/dag_with_minio_s3.py for tasks to queue
[2024-11-24T16:10:03.538+0000] {logging_mixin.py:190} INFO - [2024-11-24T16:10:03.538+0000] {dagbag.py:588} INFO - Filling up the DagBag from /opt/airflow/dags/script/example/dag_with_minio_s3.py
[2024-11-24T16:10:03.540+0000] {processor.py:927} WARNING - No viable dags retrieved from /opt/airflow/dags/script/example/dag_with_minio_s3.py
[2024-11-24T16:10:03.550+0000] {processor.py:208} INFO - Processing /opt/airflow/dags/script/example/dag_with_minio_s3.py took 0.017 seconds
[2024-11-24T16:10:33.737+0000] {processor.py:186} INFO - Started process (PID=9716) to work on /opt/airflow/dags/script/example/dag_with_minio_s3.py
[2024-11-24T16:10:33.738+0000] {processor.py:914} INFO - Processing file /opt/airflow/dags/script/example/dag_with_minio_s3.py for tasks to queue
[2024-11-24T16:10:33.739+0000] {logging_mixin.py:190} INFO - [2024-11-24T16:10:33.738+0000] {dagbag.py:588} INFO - Filling up the DagBag from /opt/airflow/dags/script/example/dag_with_minio_s3.py
[2024-11-24T16:10:33.741+0000] {processor.py:927} WARNING - No viable dags retrieved from /opt/airflow/dags/script/example/dag_with_minio_s3.py
[2024-11-24T16:10:33.749+0000] {processor.py:208} INFO - Processing /opt/airflow/dags/script/example/dag_with_minio_s3.py took 0.016 seconds
[2024-11-24T16:11:03.920+0000] {processor.py:186} INFO - Started process (PID=10072) to work on /opt/airflow/dags/script/example/dag_with_minio_s3.py
[2024-11-24T16:11:03.921+0000] {processor.py:914} INFO - Processing file /opt/airflow/dags/script/example/dag_with_minio_s3.py for tasks to queue
[2024-11-24T16:11:03.921+0000] {logging_mixin.py:190} INFO - [2024-11-24T16:11:03.921+0000] {dagbag.py:588} INFO - Filling up the DagBag from /opt/airflow/dags/script/example/dag_with_minio_s3.py
[2024-11-24T16:11:03.924+0000] {processor.py:927} WARNING - No viable dags retrieved from /opt/airflow/dags/script/example/dag_with_minio_s3.py
[2024-11-24T16:11:03.932+0000] {processor.py:208} INFO - Processing /opt/airflow/dags/script/example/dag_with_minio_s3.py took 0.017 seconds
[2024-11-24T16:11:34.197+0000] {processor.py:186} INFO - Started process (PID=10428) to work on /opt/airflow/dags/script/example/dag_with_minio_s3.py
[2024-11-24T16:11:34.198+0000] {processor.py:914} INFO - Processing file /opt/airflow/dags/script/example/dag_with_minio_s3.py for tasks to queue
[2024-11-24T16:11:34.199+0000] {logging_mixin.py:190} INFO - [2024-11-24T16:11:34.199+0000] {dagbag.py:588} INFO - Filling up the DagBag from /opt/airflow/dags/script/example/dag_with_minio_s3.py
[2024-11-24T16:11:34.201+0000] {processor.py:927} WARNING - No viable dags retrieved from /opt/airflow/dags/script/example/dag_with_minio_s3.py
[2024-11-24T16:11:34.210+0000] {processor.py:208} INFO - Processing /opt/airflow/dags/script/example/dag_with_minio_s3.py took 0.018 seconds
[2024-11-24T16:38:18.430+0000] {processor.py:186} INFO - Started process (PID=206) to work on /opt/airflow/dags/script/example/dag_with_minio_s3.py
[2024-11-24T16:38:18.430+0000] {processor.py:914} INFO - Processing file /opt/airflow/dags/script/example/dag_with_minio_s3.py for tasks to queue
[2024-11-24T16:38:18.431+0000] {logging_mixin.py:190} INFO - [2024-11-24T16:38:18.431+0000] {dagbag.py:588} INFO - Filling up the DagBag from /opt/airflow/dags/script/example/dag_with_minio_s3.py
[2024-11-24T16:38:18.434+0000] {processor.py:927} WARNING - No viable dags retrieved from /opt/airflow/dags/script/example/dag_with_minio_s3.py
[2024-11-24T16:38:18.440+0000] {processor.py:208} INFO - Processing /opt/airflow/dags/script/example/dag_with_minio_s3.py took 0.013 seconds
[2024-11-24T16:38:48.707+0000] {processor.py:186} INFO - Started process (PID=564) to work on /opt/airflow/dags/script/example/dag_with_minio_s3.py
[2024-11-24T16:38:48.707+0000] {processor.py:914} INFO - Processing file /opt/airflow/dags/script/example/dag_with_minio_s3.py for tasks to queue
[2024-11-24T16:38:48.708+0000] {logging_mixin.py:190} INFO - [2024-11-24T16:38:48.708+0000] {dagbag.py:588} INFO - Filling up the DagBag from /opt/airflow/dags/script/example/dag_with_minio_s3.py
[2024-11-24T16:38:48.709+0000] {processor.py:927} WARNING - No viable dags retrieved from /opt/airflow/dags/script/example/dag_with_minio_s3.py
[2024-11-24T16:38:48.713+0000] {processor.py:208} INFO - Processing /opt/airflow/dags/script/example/dag_with_minio_s3.py took 0.009 seconds
[2024-11-24T16:39:19.028+0000] {processor.py:186} INFO - Started process (PID=918) to work on /opt/airflow/dags/script/example/dag_with_minio_s3.py
[2024-11-24T16:39:19.030+0000] {processor.py:914} INFO - Processing file /opt/airflow/dags/script/example/dag_with_minio_s3.py for tasks to queue
[2024-11-24T16:39:19.031+0000] {logging_mixin.py:190} INFO - [2024-11-24T16:39:19.031+0000] {dagbag.py:588} INFO - Filling up the DagBag from /opt/airflow/dags/script/example/dag_with_minio_s3.py
[2024-11-24T16:39:19.032+0000] {processor.py:927} WARNING - No viable dags retrieved from /opt/airflow/dags/script/example/dag_with_minio_s3.py
[2024-11-24T16:39:19.037+0000] {processor.py:208} INFO - Processing /opt/airflow/dags/script/example/dag_with_minio_s3.py took 0.011 seconds
[2024-11-24T16:39:49.471+0000] {processor.py:186} INFO - Started process (PID=1276) to work on /opt/airflow/dags/script/example/dag_with_minio_s3.py
[2024-11-24T16:39:49.472+0000] {processor.py:914} INFO - Processing file /opt/airflow/dags/script/example/dag_with_minio_s3.py for tasks to queue
[2024-11-24T16:39:49.472+0000] {logging_mixin.py:190} INFO - [2024-11-24T16:39:49.472+0000] {dagbag.py:588} INFO - Filling up the DagBag from /opt/airflow/dags/script/example/dag_with_minio_s3.py
[2024-11-24T16:39:49.474+0000] {processor.py:927} WARNING - No viable dags retrieved from /opt/airflow/dags/script/example/dag_with_minio_s3.py
[2024-11-24T16:39:49.479+0000] {processor.py:208} INFO - Processing /opt/airflow/dags/script/example/dag_with_minio_s3.py took 0.010 seconds
[2024-11-24T16:40:19.745+0000] {processor.py:186} INFO - Started process (PID=1630) to work on /opt/airflow/dags/script/example/dag_with_minio_s3.py
[2024-11-24T16:40:19.745+0000] {processor.py:914} INFO - Processing file /opt/airflow/dags/script/example/dag_with_minio_s3.py for tasks to queue
[2024-11-24T16:40:19.746+0000] {logging_mixin.py:190} INFO - [2024-11-24T16:40:19.746+0000] {dagbag.py:588} INFO - Filling up the DagBag from /opt/airflow/dags/script/example/dag_with_minio_s3.py
[2024-11-24T16:40:19.749+0000] {processor.py:927} WARNING - No viable dags retrieved from /opt/airflow/dags/script/example/dag_with_minio_s3.py
[2024-11-24T16:40:19.757+0000] {processor.py:208} INFO - Processing /opt/airflow/dags/script/example/dag_with_minio_s3.py took 0.015 seconds
[2024-11-24T16:40:50.184+0000] {processor.py:186} INFO - Started process (PID=1988) to work on /opt/airflow/dags/script/example/dag_with_minio_s3.py
[2024-11-24T16:40:50.184+0000] {processor.py:914} INFO - Processing file /opt/airflow/dags/script/example/dag_with_minio_s3.py for tasks to queue
[2024-11-24T16:40:50.185+0000] {logging_mixin.py:190} INFO - [2024-11-24T16:40:50.184+0000] {dagbag.py:588} INFO - Filling up the DagBag from /opt/airflow/dags/script/example/dag_with_minio_s3.py
[2024-11-24T16:40:50.186+0000] {processor.py:927} WARNING - No viable dags retrieved from /opt/airflow/dags/script/example/dag_with_minio_s3.py
[2024-11-24T16:40:50.192+0000] {processor.py:208} INFO - Processing /opt/airflow/dags/script/example/dag_with_minio_s3.py took 0.011 seconds
[2024-11-24T16:41:20.331+0000] {processor.py:186} INFO - Started process (PID=2344) to work on /opt/airflow/dags/script/example/dag_with_minio_s3.py
[2024-11-24T16:41:20.331+0000] {processor.py:914} INFO - Processing file /opt/airflow/dags/script/example/dag_with_minio_s3.py for tasks to queue
[2024-11-24T16:41:20.332+0000] {logging_mixin.py:190} INFO - [2024-11-24T16:41:20.332+0000] {dagbag.py:588} INFO - Filling up the DagBag from /opt/airflow/dags/script/example/dag_with_minio_s3.py
[2024-11-24T16:41:20.333+0000] {processor.py:927} WARNING - No viable dags retrieved from /opt/airflow/dags/script/example/dag_with_minio_s3.py
[2024-11-24T16:41:20.341+0000] {processor.py:208} INFO - Processing /opt/airflow/dags/script/example/dag_with_minio_s3.py took 0.012 seconds
[2024-11-24T16:41:50.745+0000] {processor.py:186} INFO - Started process (PID=2705) to work on /opt/airflow/dags/script/example/dag_with_minio_s3.py
[2024-11-24T16:41:50.746+0000] {processor.py:914} INFO - Processing file /opt/airflow/dags/script/example/dag_with_minio_s3.py for tasks to queue
[2024-11-24T16:41:50.746+0000] {logging_mixin.py:190} INFO - [2024-11-24T16:41:50.746+0000] {dagbag.py:588} INFO - Filling up the DagBag from /opt/airflow/dags/script/example/dag_with_minio_s3.py
[2024-11-24T16:41:50.748+0000] {processor.py:927} WARNING - No viable dags retrieved from /opt/airflow/dags/script/example/dag_with_minio_s3.py
[2024-11-24T16:41:50.756+0000] {processor.py:208} INFO - Processing /opt/airflow/dags/script/example/dag_with_minio_s3.py took 0.013 seconds
[2024-11-24T16:42:21.324+0000] {processor.py:186} INFO - Started process (PID=3061) to work on /opt/airflow/dags/script/example/dag_with_minio_s3.py
[2024-11-24T16:42:21.325+0000] {processor.py:914} INFO - Processing file /opt/airflow/dags/script/example/dag_with_minio_s3.py for tasks to queue
[2024-11-24T16:42:21.325+0000] {logging_mixin.py:190} INFO - [2024-11-24T16:42:21.325+0000] {dagbag.py:588} INFO - Filling up the DagBag from /opt/airflow/dags/script/example/dag_with_minio_s3.py
[2024-11-24T16:42:21.328+0000] {processor.py:927} WARNING - No viable dags retrieved from /opt/airflow/dags/script/example/dag_with_minio_s3.py
[2024-11-24T16:42:21.336+0000] {processor.py:208} INFO - Processing /opt/airflow/dags/script/example/dag_with_minio_s3.py took 0.014 seconds
[2024-11-24T16:42:51.449+0000] {processor.py:186} INFO - Started process (PID=3415) to work on /opt/airflow/dags/script/example/dag_with_minio_s3.py
[2024-11-24T16:42:51.450+0000] {processor.py:914} INFO - Processing file /opt/airflow/dags/script/example/dag_with_minio_s3.py for tasks to queue
[2024-11-24T16:42:51.450+0000] {logging_mixin.py:190} INFO - [2024-11-24T16:42:51.450+0000] {dagbag.py:588} INFO - Filling up the DagBag from /opt/airflow/dags/script/example/dag_with_minio_s3.py
[2024-11-24T16:42:51.452+0000] {processor.py:927} WARNING - No viable dags retrieved from /opt/airflow/dags/script/example/dag_with_minio_s3.py
[2024-11-24T16:42:51.456+0000] {processor.py:208} INFO - Processing /opt/airflow/dags/script/example/dag_with_minio_s3.py took 0.010 seconds
[2024-11-24T16:43:21.772+0000] {processor.py:186} INFO - Started process (PID=3773) to work on /opt/airflow/dags/script/example/dag_with_minio_s3.py
[2024-11-24T16:43:21.772+0000] {processor.py:914} INFO - Processing file /opt/airflow/dags/script/example/dag_with_minio_s3.py for tasks to queue
[2024-11-24T16:43:21.773+0000] {logging_mixin.py:190} INFO - [2024-11-24T16:43:21.772+0000] {dagbag.py:588} INFO - Filling up the DagBag from /opt/airflow/dags/script/example/dag_with_minio_s3.py
[2024-11-24T16:43:21.775+0000] {processor.py:927} WARNING - No viable dags retrieved from /opt/airflow/dags/script/example/dag_with_minio_s3.py
[2024-11-24T16:43:21.781+0000] {processor.py:208} INFO - Processing /opt/airflow/dags/script/example/dag_with_minio_s3.py took 0.012 seconds
[2024-11-24T16:43:52.336+0000] {processor.py:186} INFO - Started process (PID=4131) to work on /opt/airflow/dags/script/example/dag_with_minio_s3.py
[2024-11-24T16:43:52.336+0000] {processor.py:914} INFO - Processing file /opt/airflow/dags/script/example/dag_with_minio_s3.py for tasks to queue
[2024-11-24T16:43:52.337+0000] {logging_mixin.py:190} INFO - [2024-11-24T16:43:52.337+0000] {dagbag.py:588} INFO - Filling up the DagBag from /opt/airflow/dags/script/example/dag_with_minio_s3.py
[2024-11-24T16:43:52.339+0000] {processor.py:927} WARNING - No viable dags retrieved from /opt/airflow/dags/script/example/dag_with_minio_s3.py
[2024-11-24T16:43:52.345+0000] {processor.py:208} INFO - Processing /opt/airflow/dags/script/example/dag_with_minio_s3.py took 0.012 seconds
[2024-11-24T16:44:22.788+0000] {processor.py:186} INFO - Started process (PID=4489) to work on /opt/airflow/dags/script/example/dag_with_minio_s3.py
[2024-11-24T16:44:22.788+0000] {processor.py:914} INFO - Processing file /opt/airflow/dags/script/example/dag_with_minio_s3.py for tasks to queue
[2024-11-24T16:44:22.789+0000] {logging_mixin.py:190} INFO - [2024-11-24T16:44:22.788+0000] {dagbag.py:588} INFO - Filling up the DagBag from /opt/airflow/dags/script/example/dag_with_minio_s3.py
[2024-11-24T16:44:22.790+0000] {processor.py:927} WARNING - No viable dags retrieved from /opt/airflow/dags/script/example/dag_with_minio_s3.py
[2024-11-24T16:44:22.798+0000] {processor.py:208} INFO - Processing /opt/airflow/dags/script/example/dag_with_minio_s3.py took 0.013 seconds
[2024-11-24T16:44:53.424+0000] {processor.py:186} INFO - Started process (PID=4845) to work on /opt/airflow/dags/script/example/dag_with_minio_s3.py
[2024-11-24T16:44:53.425+0000] {processor.py:914} INFO - Processing file /opt/airflow/dags/script/example/dag_with_minio_s3.py for tasks to queue
[2024-11-24T16:44:53.425+0000] {logging_mixin.py:190} INFO - [2024-11-24T16:44:53.425+0000] {dagbag.py:588} INFO - Filling up the DagBag from /opt/airflow/dags/script/example/dag_with_minio_s3.py
[2024-11-24T16:44:53.427+0000] {processor.py:927} WARNING - No viable dags retrieved from /opt/airflow/dags/script/example/dag_with_minio_s3.py
[2024-11-24T16:44:53.434+0000] {processor.py:208} INFO - Processing /opt/airflow/dags/script/example/dag_with_minio_s3.py took 0.013 seconds
[2024-11-24T16:45:23.502+0000] {processor.py:186} INFO - Started process (PID=5206) to work on /opt/airflow/dags/script/example/dag_with_minio_s3.py
[2024-11-24T16:45:23.502+0000] {processor.py:914} INFO - Processing file /opt/airflow/dags/script/example/dag_with_minio_s3.py for tasks to queue
[2024-11-24T16:45:23.503+0000] {logging_mixin.py:190} INFO - [2024-11-24T16:45:23.503+0000] {dagbag.py:588} INFO - Filling up the DagBag from /opt/airflow/dags/script/example/dag_with_minio_s3.py
[2024-11-24T16:45:23.504+0000] {processor.py:927} WARNING - No viable dags retrieved from /opt/airflow/dags/script/example/dag_with_minio_s3.py
[2024-11-24T16:45:23.511+0000] {processor.py:208} INFO - Processing /opt/airflow/dags/script/example/dag_with_minio_s3.py took 0.012 seconds
[2024-11-24T16:45:54.002+0000] {processor.py:186} INFO - Started process (PID=5557) to work on /opt/airflow/dags/script/example/dag_with_minio_s3.py
[2024-11-24T16:45:54.002+0000] {processor.py:914} INFO - Processing file /opt/airflow/dags/script/example/dag_with_minio_s3.py for tasks to queue
[2024-11-24T16:45:54.003+0000] {logging_mixin.py:190} INFO - [2024-11-24T16:45:54.003+0000] {dagbag.py:588} INFO - Filling up the DagBag from /opt/airflow/dags/script/example/dag_with_minio_s3.py
[2024-11-24T16:45:54.004+0000] {processor.py:927} WARNING - No viable dags retrieved from /opt/airflow/dags/script/example/dag_with_minio_s3.py
[2024-11-24T16:45:54.012+0000] {processor.py:208} INFO - Processing /opt/airflow/dags/script/example/dag_with_minio_s3.py took 0.013 seconds
[2024-11-24T16:46:24.332+0000] {processor.py:186} INFO - Started process (PID=5913) to work on /opt/airflow/dags/script/example/dag_with_minio_s3.py
[2024-11-24T16:46:24.333+0000] {processor.py:914} INFO - Processing file /opt/airflow/dags/script/example/dag_with_minio_s3.py for tasks to queue
[2024-11-24T16:46:24.333+0000] {logging_mixin.py:190} INFO - [2024-11-24T16:46:24.333+0000] {dagbag.py:588} INFO - Filling up the DagBag from /opt/airflow/dags/script/example/dag_with_minio_s3.py
[2024-11-24T16:46:24.335+0000] {processor.py:927} WARNING - No viable dags retrieved from /opt/airflow/dags/script/example/dag_with_minio_s3.py
[2024-11-24T16:46:24.343+0000] {processor.py:208} INFO - Processing /opt/airflow/dags/script/example/dag_with_minio_s3.py took 0.013 seconds
[2024-11-24T16:46:54.749+0000] {processor.py:186} INFO - Started process (PID=6269) to work on /opt/airflow/dags/script/example/dag_with_minio_s3.py
[2024-11-24T16:46:54.749+0000] {processor.py:914} INFO - Processing file /opt/airflow/dags/script/example/dag_with_minio_s3.py for tasks to queue
[2024-11-24T16:46:54.750+0000] {logging_mixin.py:190} INFO - [2024-11-24T16:46:54.750+0000] {dagbag.py:588} INFO - Filling up the DagBag from /opt/airflow/dags/script/example/dag_with_minio_s3.py
[2024-11-24T16:46:54.752+0000] {processor.py:927} WARNING - No viable dags retrieved from /opt/airflow/dags/script/example/dag_with_minio_s3.py
[2024-11-24T16:46:54.759+0000] {processor.py:208} INFO - Processing /opt/airflow/dags/script/example/dag_with_minio_s3.py took 0.013 seconds
[2024-11-24T16:47:25.355+0000] {processor.py:186} INFO - Started process (PID=6625) to work on /opt/airflow/dags/script/example/dag_with_minio_s3.py
[2024-11-24T16:47:25.355+0000] {processor.py:914} INFO - Processing file /opt/airflow/dags/script/example/dag_with_minio_s3.py for tasks to queue
[2024-11-24T16:47:25.356+0000] {logging_mixin.py:190} INFO - [2024-11-24T16:47:25.356+0000] {dagbag.py:588} INFO - Filling up the DagBag from /opt/airflow/dags/script/example/dag_with_minio_s3.py
[2024-11-24T16:47:25.358+0000] {processor.py:927} WARNING - No viable dags retrieved from /opt/airflow/dags/script/example/dag_with_minio_s3.py
[2024-11-24T16:47:25.366+0000] {processor.py:208} INFO - Processing /opt/airflow/dags/script/example/dag_with_minio_s3.py took 0.014 seconds
[2024-11-24T16:47:55.885+0000] {processor.py:186} INFO - Started process (PID=6981) to work on /opt/airflow/dags/script/example/dag_with_minio_s3.py
[2024-11-24T16:47:55.886+0000] {processor.py:914} INFO - Processing file /opt/airflow/dags/script/example/dag_with_minio_s3.py for tasks to queue
[2024-11-24T16:47:55.886+0000] {logging_mixin.py:190} INFO - [2024-11-24T16:47:55.886+0000] {dagbag.py:588} INFO - Filling up the DagBag from /opt/airflow/dags/script/example/dag_with_minio_s3.py
[2024-11-24T16:47:55.888+0000] {processor.py:927} WARNING - No viable dags retrieved from /opt/airflow/dags/script/example/dag_with_minio_s3.py
[2024-11-24T16:47:55.895+0000] {processor.py:208} INFO - Processing /opt/airflow/dags/script/example/dag_with_minio_s3.py took 0.012 seconds
[2024-11-24T16:48:26.291+0000] {processor.py:186} INFO - Started process (PID=7337) to work on /opt/airflow/dags/script/example/dag_with_minio_s3.py
[2024-11-24T16:48:26.292+0000] {processor.py:914} INFO - Processing file /opt/airflow/dags/script/example/dag_with_minio_s3.py for tasks to queue
[2024-11-24T16:48:26.292+0000] {logging_mixin.py:190} INFO - [2024-11-24T16:48:26.292+0000] {dagbag.py:588} INFO - Filling up the DagBag from /opt/airflow/dags/script/example/dag_with_minio_s3.py
[2024-11-24T16:48:26.294+0000] {processor.py:927} WARNING - No viable dags retrieved from /opt/airflow/dags/script/example/dag_with_minio_s3.py
[2024-11-24T16:48:26.301+0000] {processor.py:208} INFO - Processing /opt/airflow/dags/script/example/dag_with_minio_s3.py took 0.013 seconds
[2024-11-24T16:48:56.713+0000] {processor.py:186} INFO - Started process (PID=7693) to work on /opt/airflow/dags/script/example/dag_with_minio_s3.py
[2024-11-24T16:48:56.713+0000] {processor.py:914} INFO - Processing file /opt/airflow/dags/script/example/dag_with_minio_s3.py for tasks to queue
[2024-11-24T16:48:56.714+0000] {logging_mixin.py:190} INFO - [2024-11-24T16:48:56.714+0000] {dagbag.py:588} INFO - Filling up the DagBag from /opt/airflow/dags/script/example/dag_with_minio_s3.py
[2024-11-24T16:48:56.716+0000] {processor.py:927} WARNING - No viable dags retrieved from /opt/airflow/dags/script/example/dag_with_minio_s3.py
[2024-11-24T16:48:56.724+0000] {processor.py:208} INFO - Processing /opt/airflow/dags/script/example/dag_with_minio_s3.py took 0.014 seconds
[2024-11-24T16:49:27.087+0000] {processor.py:186} INFO - Started process (PID=8049) to work on /opt/airflow/dags/script/example/dag_with_minio_s3.py
[2024-11-24T16:49:27.087+0000] {processor.py:914} INFO - Processing file /opt/airflow/dags/script/example/dag_with_minio_s3.py for tasks to queue
[2024-11-24T16:49:27.088+0000] {logging_mixin.py:190} INFO - [2024-11-24T16:49:27.088+0000] {dagbag.py:588} INFO - Filling up the DagBag from /opt/airflow/dags/script/example/dag_with_minio_s3.py
[2024-11-24T16:49:27.089+0000] {processor.py:927} WARNING - No viable dags retrieved from /opt/airflow/dags/script/example/dag_with_minio_s3.py
[2024-11-24T16:49:27.097+0000] {processor.py:208} INFO - Processing /opt/airflow/dags/script/example/dag_with_minio_s3.py took 0.012 seconds
[2024-11-24T16:49:57.504+0000] {processor.py:186} INFO - Started process (PID=8405) to work on /opt/airflow/dags/script/example/dag_with_minio_s3.py
[2024-11-24T16:49:57.504+0000] {processor.py:914} INFO - Processing file /opt/airflow/dags/script/example/dag_with_minio_s3.py for tasks to queue
[2024-11-24T16:49:57.505+0000] {logging_mixin.py:190} INFO - [2024-11-24T16:49:57.505+0000] {dagbag.py:588} INFO - Filling up the DagBag from /opt/airflow/dags/script/example/dag_with_minio_s3.py
[2024-11-24T16:49:57.507+0000] {processor.py:927} WARNING - No viable dags retrieved from /opt/airflow/dags/script/example/dag_with_minio_s3.py
[2024-11-24T16:49:57.514+0000] {processor.py:208} INFO - Processing /opt/airflow/dags/script/example/dag_with_minio_s3.py took 0.013 seconds
[2024-11-24T16:50:27.841+0000] {processor.py:186} INFO - Started process (PID=8761) to work on /opt/airflow/dags/script/example/dag_with_minio_s3.py
[2024-11-24T16:50:27.841+0000] {processor.py:914} INFO - Processing file /opt/airflow/dags/script/example/dag_with_minio_s3.py for tasks to queue
[2024-11-24T16:50:27.842+0000] {logging_mixin.py:190} INFO - [2024-11-24T16:50:27.842+0000] {dagbag.py:588} INFO - Filling up the DagBag from /opt/airflow/dags/script/example/dag_with_minio_s3.py
[2024-11-24T16:50:27.844+0000] {processor.py:927} WARNING - No viable dags retrieved from /opt/airflow/dags/script/example/dag_with_minio_s3.py
[2024-11-24T16:50:27.851+0000] {processor.py:208} INFO - Processing /opt/airflow/dags/script/example/dag_with_minio_s3.py took 0.013 seconds
[2024-11-24T16:50:58.863+0000] {processor.py:186} INFO - Started process (PID=9122) to work on /opt/airflow/dags/script/example/dag_with_minio_s3.py
[2024-11-24T16:50:58.863+0000] {processor.py:914} INFO - Processing file /opt/airflow/dags/script/example/dag_with_minio_s3.py for tasks to queue
[2024-11-24T16:50:58.864+0000] {logging_mixin.py:190} INFO - [2024-11-24T16:50:58.863+0000] {dagbag.py:588} INFO - Filling up the DagBag from /opt/airflow/dags/script/example/dag_with_minio_s3.py
[2024-11-24T16:50:58.865+0000] {processor.py:927} WARNING - No viable dags retrieved from /opt/airflow/dags/script/example/dag_with_minio_s3.py
[2024-11-24T16:50:58.873+0000] {processor.py:208} INFO - Processing /opt/airflow/dags/script/example/dag_with_minio_s3.py took 0.013 seconds
[2024-11-24T16:51:29.710+0000] {processor.py:186} INFO - Started process (PID=9478) to work on /opt/airflow/dags/script/example/dag_with_minio_s3.py
[2024-11-24T16:51:29.711+0000] {processor.py:914} INFO - Processing file /opt/airflow/dags/script/example/dag_with_minio_s3.py for tasks to queue
[2024-11-24T16:51:29.711+0000] {logging_mixin.py:190} INFO - [2024-11-24T16:51:29.711+0000] {dagbag.py:588} INFO - Filling up the DagBag from /opt/airflow/dags/script/example/dag_with_minio_s3.py
[2024-11-24T16:51:29.713+0000] {processor.py:927} WARNING - No viable dags retrieved from /opt/airflow/dags/script/example/dag_with_minio_s3.py
[2024-11-24T16:51:29.720+0000] {processor.py:208} INFO - Processing /opt/airflow/dags/script/example/dag_with_minio_s3.py took 0.012 seconds
[2024-11-24T16:52:00.218+0000] {processor.py:186} INFO - Started process (PID=9834) to work on /opt/airflow/dags/script/example/dag_with_minio_s3.py
[2024-11-24T16:52:00.218+0000] {processor.py:914} INFO - Processing file /opt/airflow/dags/script/example/dag_with_minio_s3.py for tasks to queue
[2024-11-24T16:52:00.219+0000] {logging_mixin.py:190} INFO - [2024-11-24T16:52:00.219+0000] {dagbag.py:588} INFO - Filling up the DagBag from /opt/airflow/dags/script/example/dag_with_minio_s3.py
[2024-11-24T16:52:00.221+0000] {processor.py:927} WARNING - No viable dags retrieved from /opt/airflow/dags/script/example/dag_with_minio_s3.py
[2024-11-24T16:52:00.228+0000] {processor.py:208} INFO - Processing /opt/airflow/dags/script/example/dag_with_minio_s3.py took 0.014 seconds
[2024-11-24T16:52:30.587+0000] {processor.py:186} INFO - Started process (PID=10190) to work on /opt/airflow/dags/script/example/dag_with_minio_s3.py
[2024-11-24T16:52:30.588+0000] {processor.py:914} INFO - Processing file /opt/airflow/dags/script/example/dag_with_minio_s3.py for tasks to queue
[2024-11-24T16:52:30.588+0000] {logging_mixin.py:190} INFO - [2024-11-24T16:52:30.588+0000] {dagbag.py:588} INFO - Filling up the DagBag from /opt/airflow/dags/script/example/dag_with_minio_s3.py
[2024-11-24T16:52:30.590+0000] {processor.py:927} WARNING - No viable dags retrieved from /opt/airflow/dags/script/example/dag_with_minio_s3.py
[2024-11-24T16:52:30.597+0000] {processor.py:208} INFO - Processing /opt/airflow/dags/script/example/dag_with_minio_s3.py took 0.012 seconds
[2024-11-24T16:53:00.897+0000] {processor.py:186} INFO - Started process (PID=10546) to work on /opt/airflow/dags/script/example/dag_with_minio_s3.py
[2024-11-24T16:53:00.897+0000] {processor.py:914} INFO - Processing file /opt/airflow/dags/script/example/dag_with_minio_s3.py for tasks to queue
[2024-11-24T16:53:00.898+0000] {logging_mixin.py:190} INFO - [2024-11-24T16:53:00.897+0000] {dagbag.py:588} INFO - Filling up the DagBag from /opt/airflow/dags/script/example/dag_with_minio_s3.py
[2024-11-24T16:53:00.900+0000] {processor.py:927} WARNING - No viable dags retrieved from /opt/airflow/dags/script/example/dag_with_minio_s3.py
[2024-11-24T16:53:00.907+0000] {processor.py:208} INFO - Processing /opt/airflow/dags/script/example/dag_with_minio_s3.py took 0.013 seconds
[2024-11-24T16:53:31.565+0000] {processor.py:186} INFO - Started process (PID=10922) to work on /opt/airflow/dags/script/example/dag_with_minio_s3.py
[2024-11-24T16:53:31.566+0000] {processor.py:914} INFO - Processing file /opt/airflow/dags/script/example/dag_with_minio_s3.py for tasks to queue
[2024-11-24T16:53:31.566+0000] {logging_mixin.py:190} INFO - [2024-11-24T16:53:31.566+0000] {dagbag.py:588} INFO - Filling up the DagBag from /opt/airflow/dags/script/example/dag_with_minio_s3.py
[2024-11-24T16:53:31.568+0000] {processor.py:927} WARNING - No viable dags retrieved from /opt/airflow/dags/script/example/dag_with_minio_s3.py
[2024-11-24T16:53:31.575+0000] {processor.py:208} INFO - Processing /opt/airflow/dags/script/example/dag_with_minio_s3.py took 0.013 seconds
[2024-11-24T16:54:02.065+0000] {processor.py:186} INFO - Started process (PID=11283) to work on /opt/airflow/dags/script/example/dag_with_minio_s3.py
[2024-11-24T16:54:02.066+0000] {processor.py:914} INFO - Processing file /opt/airflow/dags/script/example/dag_with_minio_s3.py for tasks to queue
[2024-11-24T16:54:02.066+0000] {logging_mixin.py:190} INFO - [2024-11-24T16:54:02.066+0000] {dagbag.py:588} INFO - Filling up the DagBag from /opt/airflow/dags/script/example/dag_with_minio_s3.py
[2024-11-24T16:54:02.068+0000] {processor.py:927} WARNING - No viable dags retrieved from /opt/airflow/dags/script/example/dag_with_minio_s3.py
[2024-11-24T16:54:02.076+0000] {processor.py:208} INFO - Processing /opt/airflow/dags/script/example/dag_with_minio_s3.py took 0.013 seconds
[2024-11-24T16:54:32.611+0000] {processor.py:186} INFO - Started process (PID=11643) to work on /opt/airflow/dags/script/example/dag_with_minio_s3.py
[2024-11-24T16:54:32.611+0000] {processor.py:914} INFO - Processing file /opt/airflow/dags/script/example/dag_with_minio_s3.py for tasks to queue
[2024-11-24T16:54:32.612+0000] {logging_mixin.py:190} INFO - [2024-11-24T16:54:32.612+0000] {dagbag.py:588} INFO - Filling up the DagBag from /opt/airflow/dags/script/example/dag_with_minio_s3.py
[2024-11-24T16:54:32.613+0000] {processor.py:927} WARNING - No viable dags retrieved from /opt/airflow/dags/script/example/dag_with_minio_s3.py
[2024-11-24T16:54:32.621+0000] {processor.py:208} INFO - Processing /opt/airflow/dags/script/example/dag_with_minio_s3.py took 0.013 seconds
[2024-11-24T16:55:03.089+0000] {processor.py:186} INFO - Started process (PID=11999) to work on /opt/airflow/dags/script/example/dag_with_minio_s3.py
[2024-11-24T16:55:03.090+0000] {processor.py:914} INFO - Processing file /opt/airflow/dags/script/example/dag_with_minio_s3.py for tasks to queue
[2024-11-24T16:55:03.090+0000] {logging_mixin.py:190} INFO - [2024-11-24T16:55:03.090+0000] {dagbag.py:588} INFO - Filling up the DagBag from /opt/airflow/dags/script/example/dag_with_minio_s3.py
[2024-11-24T16:55:03.093+0000] {processor.py:927} WARNING - No viable dags retrieved from /opt/airflow/dags/script/example/dag_with_minio_s3.py
[2024-11-24T16:55:03.100+0000] {processor.py:208} INFO - Processing /opt/airflow/dags/script/example/dag_with_minio_s3.py took 0.013 seconds
[2024-11-24T16:55:33.445+0000] {processor.py:186} INFO - Started process (PID=12355) to work on /opt/airflow/dags/script/example/dag_with_minio_s3.py
[2024-11-24T16:55:33.445+0000] {processor.py:914} INFO - Processing file /opt/airflow/dags/script/example/dag_with_minio_s3.py for tasks to queue
[2024-11-24T16:55:33.446+0000] {logging_mixin.py:190} INFO - [2024-11-24T16:55:33.446+0000] {dagbag.py:588} INFO - Filling up the DagBag from /opt/airflow/dags/script/example/dag_with_minio_s3.py
[2024-11-24T16:55:33.448+0000] {processor.py:927} WARNING - No viable dags retrieved from /opt/airflow/dags/script/example/dag_with_minio_s3.py
[2024-11-24T16:55:33.455+0000] {processor.py:208} INFO - Processing /opt/airflow/dags/script/example/dag_with_minio_s3.py took 0.013 seconds
[2024-11-24T16:56:03.944+0000] {processor.py:186} INFO - Started process (PID=12711) to work on /opt/airflow/dags/script/example/dag_with_minio_s3.py
[2024-11-24T16:56:03.945+0000] {processor.py:914} INFO - Processing file /opt/airflow/dags/script/example/dag_with_minio_s3.py for tasks to queue
[2024-11-24T16:56:03.945+0000] {logging_mixin.py:190} INFO - [2024-11-24T16:56:03.945+0000] {dagbag.py:588} INFO - Filling up the DagBag from /opt/airflow/dags/script/example/dag_with_minio_s3.py
[2024-11-24T16:56:03.947+0000] {processor.py:927} WARNING - No viable dags retrieved from /opt/airflow/dags/script/example/dag_with_minio_s3.py
[2024-11-24T16:56:03.955+0000] {processor.py:208} INFO - Processing /opt/airflow/dags/script/example/dag_with_minio_s3.py took 0.013 seconds
[2024-11-24T16:56:34.307+0000] {processor.py:186} INFO - Started process (PID=13067) to work on /opt/airflow/dags/script/example/dag_with_minio_s3.py
[2024-11-24T16:56:34.307+0000] {processor.py:914} INFO - Processing file /opt/airflow/dags/script/example/dag_with_minio_s3.py for tasks to queue
[2024-11-24T16:56:34.308+0000] {logging_mixin.py:190} INFO - [2024-11-24T16:56:34.308+0000] {dagbag.py:588} INFO - Filling up the DagBag from /opt/airflow/dags/script/example/dag_with_minio_s3.py
[2024-11-24T16:56:34.309+0000] {processor.py:927} WARNING - No viable dags retrieved from /opt/airflow/dags/script/example/dag_with_minio_s3.py
[2024-11-24T16:56:34.317+0000] {processor.py:208} INFO - Processing /opt/airflow/dags/script/example/dag_with_minio_s3.py took 0.012 seconds
[2024-11-24T16:57:04.710+0000] {processor.py:186} INFO - Started process (PID=13423) to work on /opt/airflow/dags/script/example/dag_with_minio_s3.py
[2024-11-24T16:57:04.710+0000] {processor.py:914} INFO - Processing file /opt/airflow/dags/script/example/dag_with_minio_s3.py for tasks to queue
[2024-11-24T16:57:04.710+0000] {logging_mixin.py:190} INFO - [2024-11-24T16:57:04.710+0000] {dagbag.py:588} INFO - Filling up the DagBag from /opt/airflow/dags/script/example/dag_with_minio_s3.py
[2024-11-24T16:57:04.712+0000] {processor.py:927} WARNING - No viable dags retrieved from /opt/airflow/dags/script/example/dag_with_minio_s3.py
[2024-11-24T16:57:04.720+0000] {processor.py:208} INFO - Processing /opt/airflow/dags/script/example/dag_with_minio_s3.py took 0.012 seconds
[2024-11-24T16:57:35.017+0000] {processor.py:186} INFO - Started process (PID=13779) to work on /opt/airflow/dags/script/example/dag_with_minio_s3.py
[2024-11-24T16:57:35.018+0000] {processor.py:914} INFO - Processing file /opt/airflow/dags/script/example/dag_with_minio_s3.py for tasks to queue
[2024-11-24T16:57:35.018+0000] {logging_mixin.py:190} INFO - [2024-11-24T16:57:35.018+0000] {dagbag.py:588} INFO - Filling up the DagBag from /opt/airflow/dags/script/example/dag_with_minio_s3.py
[2024-11-24T16:57:35.021+0000] {processor.py:927} WARNING - No viable dags retrieved from /opt/airflow/dags/script/example/dag_with_minio_s3.py
[2024-11-24T16:57:35.028+0000] {processor.py:208} INFO - Processing /opt/airflow/dags/script/example/dag_with_minio_s3.py took 0.014 seconds
[2024-11-24T16:58:05.429+0000] {processor.py:186} INFO - Started process (PID=14150) to work on /opt/airflow/dags/script/example/dag_with_minio_s3.py
[2024-11-24T16:58:05.429+0000] {processor.py:914} INFO - Processing file /opt/airflow/dags/script/example/dag_with_minio_s3.py for tasks to queue
[2024-11-24T16:58:05.430+0000] {logging_mixin.py:190} INFO - [2024-11-24T16:58:05.430+0000] {dagbag.py:588} INFO - Filling up the DagBag from /opt/airflow/dags/script/example/dag_with_minio_s3.py
[2024-11-24T16:58:05.431+0000] {processor.py:927} WARNING - No viable dags retrieved from /opt/airflow/dags/script/example/dag_with_minio_s3.py
[2024-11-24T16:58:05.439+0000] {processor.py:208} INFO - Processing /opt/airflow/dags/script/example/dag_with_minio_s3.py took 0.012 seconds
[2024-11-24T16:58:35.731+0000] {processor.py:186} INFO - Started process (PID=14509) to work on /opt/airflow/dags/script/example/dag_with_minio_s3.py
[2024-11-24T16:58:35.732+0000] {processor.py:914} INFO - Processing file /opt/airflow/dags/script/example/dag_with_minio_s3.py for tasks to queue
[2024-11-24T16:58:35.732+0000] {logging_mixin.py:190} INFO - [2024-11-24T16:58:35.732+0000] {dagbag.py:588} INFO - Filling up the DagBag from /opt/airflow/dags/script/example/dag_with_minio_s3.py
[2024-11-24T16:58:35.734+0000] {processor.py:927} WARNING - No viable dags retrieved from /opt/airflow/dags/script/example/dag_with_minio_s3.py
[2024-11-24T16:58:35.741+0000] {processor.py:208} INFO - Processing /opt/airflow/dags/script/example/dag_with_minio_s3.py took 0.012 seconds
[2024-11-24T16:59:06.512+0000] {processor.py:186} INFO - Started process (PID=14865) to work on /opt/airflow/dags/script/example/dag_with_minio_s3.py
[2024-11-24T16:59:06.512+0000] {processor.py:914} INFO - Processing file /opt/airflow/dags/script/example/dag_with_minio_s3.py for tasks to queue
[2024-11-24T16:59:06.513+0000] {logging_mixin.py:190} INFO - [2024-11-24T16:59:06.512+0000] {dagbag.py:588} INFO - Filling up the DagBag from /opt/airflow/dags/script/example/dag_with_minio_s3.py
[2024-11-24T16:59:06.515+0000] {processor.py:927} WARNING - No viable dags retrieved from /opt/airflow/dags/script/example/dag_with_minio_s3.py
[2024-11-24T16:59:06.522+0000] {processor.py:208} INFO - Processing /opt/airflow/dags/script/example/dag_with_minio_s3.py took 0.013 seconds
[2024-11-24T16:59:37.195+0000] {processor.py:186} INFO - Started process (PID=15235) to work on /opt/airflow/dags/script/example/dag_with_minio_s3.py
[2024-11-24T16:59:37.196+0000] {processor.py:914} INFO - Processing file /opt/airflow/dags/script/example/dag_with_minio_s3.py for tasks to queue
[2024-11-24T16:59:37.196+0000] {logging_mixin.py:190} INFO - [2024-11-24T16:59:37.196+0000] {dagbag.py:588} INFO - Filling up the DagBag from /opt/airflow/dags/script/example/dag_with_minio_s3.py
[2024-11-24T16:59:37.198+0000] {processor.py:927} WARNING - No viable dags retrieved from /opt/airflow/dags/script/example/dag_with_minio_s3.py
[2024-11-24T16:59:37.205+0000] {processor.py:208} INFO - Processing /opt/airflow/dags/script/example/dag_with_minio_s3.py took 0.013 seconds
[2024-11-24T17:00:07.857+0000] {processor.py:186} INFO - Started process (PID=15591) to work on /opt/airflow/dags/script/example/dag_with_minio_s3.py
[2024-11-24T17:00:07.857+0000] {processor.py:914} INFO - Processing file /opt/airflow/dags/script/example/dag_with_minio_s3.py for tasks to queue
[2024-11-24T17:00:07.858+0000] {logging_mixin.py:190} INFO - [2024-11-24T17:00:07.858+0000] {dagbag.py:588} INFO - Filling up the DagBag from /opt/airflow/dags/script/example/dag_with_minio_s3.py
[2024-11-24T17:00:07.859+0000] {processor.py:927} WARNING - No viable dags retrieved from /opt/airflow/dags/script/example/dag_with_minio_s3.py
[2024-11-24T17:00:07.867+0000] {processor.py:208} INFO - Processing /opt/airflow/dags/script/example/dag_with_minio_s3.py took 0.012 seconds
[2024-11-24T17:00:38.437+0000] {processor.py:186} INFO - Started process (PID=15947) to work on /opt/airflow/dags/script/example/dag_with_minio_s3.py
[2024-11-24T17:00:38.438+0000] {processor.py:914} INFO - Processing file /opt/airflow/dags/script/example/dag_with_minio_s3.py for tasks to queue
[2024-11-24T17:00:38.438+0000] {logging_mixin.py:190} INFO - [2024-11-24T17:00:38.438+0000] {dagbag.py:588} INFO - Filling up the DagBag from /opt/airflow/dags/script/example/dag_with_minio_s3.py
[2024-11-24T17:00:38.441+0000] {processor.py:927} WARNING - No viable dags retrieved from /opt/airflow/dags/script/example/dag_with_minio_s3.py
[2024-11-24T17:00:38.451+0000] {processor.py:208} INFO - Processing /opt/airflow/dags/script/example/dag_with_minio_s3.py took 0.017 seconds
[2024-11-24T17:01:08.817+0000] {processor.py:186} INFO - Started process (PID=16303) to work on /opt/airflow/dags/script/example/dag_with_minio_s3.py
[2024-11-24T17:01:08.817+0000] {processor.py:914} INFO - Processing file /opt/airflow/dags/script/example/dag_with_minio_s3.py for tasks to queue
[2024-11-24T17:01:08.818+0000] {logging_mixin.py:190} INFO - [2024-11-24T17:01:08.818+0000] {dagbag.py:588} INFO - Filling up the DagBag from /opt/airflow/dags/script/example/dag_with_minio_s3.py
[2024-11-24T17:01:08.819+0000] {processor.py:927} WARNING - No viable dags retrieved from /opt/airflow/dags/script/example/dag_with_minio_s3.py
[2024-11-24T17:01:08.826+0000] {processor.py:208} INFO - Processing /opt/airflow/dags/script/example/dag_with_minio_s3.py took 0.012 seconds
[2024-11-24T17:01:39.101+0000] {processor.py:186} INFO - Started process (PID=16659) to work on /opt/airflow/dags/script/example/dag_with_minio_s3.py
[2024-11-24T17:01:39.101+0000] {processor.py:914} INFO - Processing file /opt/airflow/dags/script/example/dag_with_minio_s3.py for tasks to queue
[2024-11-24T17:01:39.101+0000] {logging_mixin.py:190} INFO - [2024-11-24T17:01:39.101+0000] {dagbag.py:588} INFO - Filling up the DagBag from /opt/airflow/dags/script/example/dag_with_minio_s3.py
[2024-11-24T17:01:39.103+0000] {processor.py:927} WARNING - No viable dags retrieved from /opt/airflow/dags/script/example/dag_with_minio_s3.py
[2024-11-24T17:01:39.110+0000] {processor.py:208} INFO - Processing /opt/airflow/dags/script/example/dag_with_minio_s3.py took 0.011 seconds
[2024-11-24T17:02:09.497+0000] {processor.py:186} INFO - Started process (PID=17015) to work on /opt/airflow/dags/script/example/dag_with_minio_s3.py
[2024-11-24T17:02:09.498+0000] {processor.py:914} INFO - Processing file /opt/airflow/dags/script/example/dag_with_minio_s3.py for tasks to queue
[2024-11-24T17:02:09.498+0000] {logging_mixin.py:190} INFO - [2024-11-24T17:02:09.498+0000] {dagbag.py:588} INFO - Filling up the DagBag from /opt/airflow/dags/script/example/dag_with_minio_s3.py
[2024-11-24T17:02:09.501+0000] {processor.py:927} WARNING - No viable dags retrieved from /opt/airflow/dags/script/example/dag_with_minio_s3.py
[2024-11-24T17:02:09.508+0000] {processor.py:208} INFO - Processing /opt/airflow/dags/script/example/dag_with_minio_s3.py took 0.013 seconds
[2024-11-24T17:02:40.057+0000] {processor.py:186} INFO - Started process (PID=17371) to work on /opt/airflow/dags/script/example/dag_with_minio_s3.py
[2024-11-24T17:02:40.057+0000] {processor.py:914} INFO - Processing file /opt/airflow/dags/script/example/dag_with_minio_s3.py for tasks to queue
[2024-11-24T17:02:40.059+0000] {logging_mixin.py:190} INFO - [2024-11-24T17:02:40.058+0000] {dagbag.py:588} INFO - Filling up the DagBag from /opt/airflow/dags/script/example/dag_with_minio_s3.py
[2024-11-24T17:02:40.061+0000] {processor.py:927} WARNING - No viable dags retrieved from /opt/airflow/dags/script/example/dag_with_minio_s3.py
[2024-11-24T17:02:40.069+0000] {processor.py:208} INFO - Processing /opt/airflow/dags/script/example/dag_with_minio_s3.py took 0.014 seconds
[2024-11-24T17:03:10.493+0000] {processor.py:186} INFO - Started process (PID=17727) to work on /opt/airflow/dags/script/example/dag_with_minio_s3.py
[2024-11-24T17:03:10.494+0000] {processor.py:914} INFO - Processing file /opt/airflow/dags/script/example/dag_with_minio_s3.py for tasks to queue
[2024-11-24T17:03:10.494+0000] {logging_mixin.py:190} INFO - [2024-11-24T17:03:10.494+0000] {dagbag.py:588} INFO - Filling up the DagBag from /opt/airflow/dags/script/example/dag_with_minio_s3.py
[2024-11-24T17:03:10.496+0000] {processor.py:927} WARNING - No viable dags retrieved from /opt/airflow/dags/script/example/dag_with_minio_s3.py
[2024-11-24T17:03:10.504+0000] {processor.py:208} INFO - Processing /opt/airflow/dags/script/example/dag_with_minio_s3.py took 0.013 seconds
[2024-11-24T17:03:40.913+0000] {processor.py:186} INFO - Started process (PID=18083) to work on /opt/airflow/dags/script/example/dag_with_minio_s3.py
[2024-11-24T17:03:40.914+0000] {processor.py:914} INFO - Processing file /opt/airflow/dags/script/example/dag_with_minio_s3.py for tasks to queue
[2024-11-24T17:03:40.914+0000] {logging_mixin.py:190} INFO - [2024-11-24T17:03:40.914+0000] {dagbag.py:588} INFO - Filling up the DagBag from /opt/airflow/dags/script/example/dag_with_minio_s3.py
[2024-11-24T17:03:40.916+0000] {processor.py:927} WARNING - No viable dags retrieved from /opt/airflow/dags/script/example/dag_with_minio_s3.py
[2024-11-24T17:03:40.923+0000] {processor.py:208} INFO - Processing /opt/airflow/dags/script/example/dag_with_minio_s3.py took 0.012 seconds
[2024-11-24T17:04:11.272+0000] {processor.py:186} INFO - Started process (PID=18439) to work on /opt/airflow/dags/script/example/dag_with_minio_s3.py
[2024-11-24T17:04:11.272+0000] {processor.py:914} INFO - Processing file /opt/airflow/dags/script/example/dag_with_minio_s3.py for tasks to queue
[2024-11-24T17:04:11.272+0000] {logging_mixin.py:190} INFO - [2024-11-24T17:04:11.272+0000] {dagbag.py:588} INFO - Filling up the DagBag from /opt/airflow/dags/script/example/dag_with_minio_s3.py
[2024-11-24T17:04:11.274+0000] {processor.py:927} WARNING - No viable dags retrieved from /opt/airflow/dags/script/example/dag_with_minio_s3.py
[2024-11-24T17:04:11.282+0000] {processor.py:208} INFO - Processing /opt/airflow/dags/script/example/dag_with_minio_s3.py took 0.013 seconds
[2024-11-24T17:04:42.184+0000] {processor.py:186} INFO - Started process (PID=18805) to work on /opt/airflow/dags/script/example/dag_with_minio_s3.py
[2024-11-24T17:04:42.185+0000] {processor.py:914} INFO - Processing file /opt/airflow/dags/script/example/dag_with_minio_s3.py for tasks to queue
[2024-11-24T17:04:42.185+0000] {logging_mixin.py:190} INFO - [2024-11-24T17:04:42.185+0000] {dagbag.py:588} INFO - Filling up the DagBag from /opt/airflow/dags/script/example/dag_with_minio_s3.py
[2024-11-24T17:04:42.187+0000] {processor.py:927} WARNING - No viable dags retrieved from /opt/airflow/dags/script/example/dag_with_minio_s3.py
[2024-11-24T17:04:42.194+0000] {processor.py:208} INFO - Processing /opt/airflow/dags/script/example/dag_with_minio_s3.py took 0.012 seconds
[2024-11-24T17:05:12.988+0000] {processor.py:186} INFO - Started process (PID=19167) to work on /opt/airflow/dags/script/example/dag_with_minio_s3.py
[2024-11-24T17:05:12.988+0000] {processor.py:914} INFO - Processing file /opt/airflow/dags/script/example/dag_with_minio_s3.py for tasks to queue
[2024-11-24T17:05:12.988+0000] {logging_mixin.py:190} INFO - [2024-11-24T17:05:12.988+0000] {dagbag.py:588} INFO - Filling up the DagBag from /opt/airflow/dags/script/example/dag_with_minio_s3.py
[2024-11-24T17:05:12.990+0000] {processor.py:927} WARNING - No viable dags retrieved from /opt/airflow/dags/script/example/dag_with_minio_s3.py
[2024-11-24T17:05:13.014+0000] {processor.py:208} INFO - Processing /opt/airflow/dags/script/example/dag_with_minio_s3.py took 0.030 seconds
[2024-11-24T17:05:43.028+0000] {processor.py:186} INFO - Started process (PID=19523) to work on /opt/airflow/dags/script/example/dag_with_minio_s3.py
[2024-11-24T17:05:43.029+0000] {processor.py:914} INFO - Processing file /opt/airflow/dags/script/example/dag_with_minio_s3.py for tasks to queue
[2024-11-24T17:05:43.029+0000] {logging_mixin.py:190} INFO - [2024-11-24T17:05:43.029+0000] {dagbag.py:588} INFO - Filling up the DagBag from /opt/airflow/dags/script/example/dag_with_minio_s3.py
[2024-11-24T17:05:43.030+0000] {processor.py:927} WARNING - No viable dags retrieved from /opt/airflow/dags/script/example/dag_with_minio_s3.py
[2024-11-24T17:05:43.036+0000] {processor.py:208} INFO - Processing /opt/airflow/dags/script/example/dag_with_minio_s3.py took 0.009 seconds
[2024-11-24T17:06:13.802+0000] {processor.py:186} INFO - Started process (PID=19879) to work on /opt/airflow/dags/script/example/dag_with_minio_s3.py
[2024-11-24T17:06:13.802+0000] {processor.py:914} INFO - Processing file /opt/airflow/dags/script/example/dag_with_minio_s3.py for tasks to queue
[2024-11-24T17:06:13.803+0000] {logging_mixin.py:190} INFO - [2024-11-24T17:06:13.803+0000] {dagbag.py:588} INFO - Filling up the DagBag from /opt/airflow/dags/script/example/dag_with_minio_s3.py
[2024-11-24T17:06:13.805+0000] {processor.py:927} WARNING - No viable dags retrieved from /opt/airflow/dags/script/example/dag_with_minio_s3.py
[2024-11-24T17:06:13.812+0000] {processor.py:208} INFO - Processing /opt/airflow/dags/script/example/dag_with_minio_s3.py took 0.013 seconds
[2024-11-24T17:06:44.103+0000] {processor.py:186} INFO - Started process (PID=20235) to work on /opt/airflow/dags/script/example/dag_with_minio_s3.py
[2024-11-24T17:06:44.103+0000] {processor.py:914} INFO - Processing file /opt/airflow/dags/script/example/dag_with_minio_s3.py for tasks to queue
[2024-11-24T17:06:44.104+0000] {logging_mixin.py:190} INFO - [2024-11-24T17:06:44.104+0000] {dagbag.py:588} INFO - Filling up the DagBag from /opt/airflow/dags/script/example/dag_with_minio_s3.py
[2024-11-24T17:06:44.105+0000] {processor.py:927} WARNING - No viable dags retrieved from /opt/airflow/dags/script/example/dag_with_minio_s3.py
[2024-11-24T17:06:44.112+0000] {processor.py:208} INFO - Processing /opt/airflow/dags/script/example/dag_with_minio_s3.py took 0.012 seconds
[2024-11-24T17:07:14.347+0000] {processor.py:186} INFO - Started process (PID=20591) to work on /opt/airflow/dags/script/example/dag_with_minio_s3.py
[2024-11-24T17:07:14.348+0000] {processor.py:914} INFO - Processing file /opt/airflow/dags/script/example/dag_with_minio_s3.py for tasks to queue
[2024-11-24T17:07:14.348+0000] {logging_mixin.py:190} INFO - [2024-11-24T17:07:14.348+0000] {dagbag.py:588} INFO - Filling up the DagBag from /opt/airflow/dags/script/example/dag_with_minio_s3.py
[2024-11-24T17:07:14.350+0000] {processor.py:927} WARNING - No viable dags retrieved from /opt/airflow/dags/script/example/dag_with_minio_s3.py
[2024-11-24T17:07:14.357+0000] {processor.py:208} INFO - Processing /opt/airflow/dags/script/example/dag_with_minio_s3.py took 0.012 seconds
[2024-11-24T17:07:44.605+0000] {processor.py:186} INFO - Started process (PID=20947) to work on /opt/airflow/dags/script/example/dag_with_minio_s3.py
[2024-11-24T17:07:44.605+0000] {processor.py:914} INFO - Processing file /opt/airflow/dags/script/example/dag_with_minio_s3.py for tasks to queue
[2024-11-24T17:07:44.606+0000] {logging_mixin.py:190} INFO - [2024-11-24T17:07:44.605+0000] {dagbag.py:588} INFO - Filling up the DagBag from /opt/airflow/dags/script/example/dag_with_minio_s3.py
[2024-11-24T17:07:44.607+0000] {processor.py:927} WARNING - No viable dags retrieved from /opt/airflow/dags/script/example/dag_with_minio_s3.py
[2024-11-24T17:07:44.615+0000] {processor.py:208} INFO - Processing /opt/airflow/dags/script/example/dag_with_minio_s3.py took 0.012 seconds
[2024-11-24T17:08:14.989+0000] {processor.py:186} INFO - Started process (PID=21303) to work on /opt/airflow/dags/script/example/dag_with_minio_s3.py
[2024-11-24T17:08:14.990+0000] {processor.py:914} INFO - Processing file /opt/airflow/dags/script/example/dag_with_minio_s3.py for tasks to queue
[2024-11-24T17:08:14.990+0000] {logging_mixin.py:190} INFO - [2024-11-24T17:08:14.990+0000] {dagbag.py:588} INFO - Filling up the DagBag from /opt/airflow/dags/script/example/dag_with_minio_s3.py
[2024-11-24T17:08:14.992+0000] {processor.py:927} WARNING - No viable dags retrieved from /opt/airflow/dags/script/example/dag_with_minio_s3.py
[2024-11-24T17:08:14.999+0000] {processor.py:208} INFO - Processing /opt/airflow/dags/script/example/dag_with_minio_s3.py took 0.012 seconds
[2024-11-24T17:08:45.136+0000] {processor.py:186} INFO - Started process (PID=21659) to work on /opt/airflow/dags/script/example/dag_with_minio_s3.py
[2024-11-24T17:08:45.137+0000] {processor.py:914} INFO - Processing file /opt/airflow/dags/script/example/dag_with_minio_s3.py for tasks to queue
[2024-11-24T17:08:45.137+0000] {logging_mixin.py:190} INFO - [2024-11-24T17:08:45.137+0000] {dagbag.py:588} INFO - Filling up the DagBag from /opt/airflow/dags/script/example/dag_with_minio_s3.py
[2024-11-24T17:08:45.139+0000] {processor.py:927} WARNING - No viable dags retrieved from /opt/airflow/dags/script/example/dag_with_minio_s3.py
[2024-11-24T17:08:45.146+0000] {processor.py:208} INFO - Processing /opt/airflow/dags/script/example/dag_with_minio_s3.py took 0.012 seconds
[2024-11-24T17:09:15.245+0000] {processor.py:186} INFO - Started process (PID=22015) to work on /opt/airflow/dags/script/example/dag_with_minio_s3.py
[2024-11-24T17:09:15.245+0000] {processor.py:914} INFO - Processing file /opt/airflow/dags/script/example/dag_with_minio_s3.py for tasks to queue
[2024-11-24T17:09:15.246+0000] {logging_mixin.py:190} INFO - [2024-11-24T17:09:15.246+0000] {dagbag.py:588} INFO - Filling up the DagBag from /opt/airflow/dags/script/example/dag_with_minio_s3.py
[2024-11-24T17:09:15.247+0000] {processor.py:927} WARNING - No viable dags retrieved from /opt/airflow/dags/script/example/dag_with_minio_s3.py
[2024-11-24T17:09:15.254+0000] {processor.py:208} INFO - Processing /opt/airflow/dags/script/example/dag_with_minio_s3.py took 0.011 seconds
[2024-11-24T17:09:45.363+0000] {processor.py:186} INFO - Started process (PID=22371) to work on /opt/airflow/dags/script/example/dag_with_minio_s3.py
[2024-11-24T17:09:45.363+0000] {processor.py:914} INFO - Processing file /opt/airflow/dags/script/example/dag_with_minio_s3.py for tasks to queue
[2024-11-24T17:09:45.364+0000] {logging_mixin.py:190} INFO - [2024-11-24T17:09:45.364+0000] {dagbag.py:588} INFO - Filling up the DagBag from /opt/airflow/dags/script/example/dag_with_minio_s3.py
[2024-11-24T17:09:45.365+0000] {processor.py:927} WARNING - No viable dags retrieved from /opt/airflow/dags/script/example/dag_with_minio_s3.py
[2024-11-24T17:09:45.372+0000] {processor.py:208} INFO - Processing /opt/airflow/dags/script/example/dag_with_minio_s3.py took 0.012 seconds
[2024-11-24T17:18:30.495+0000] {processor.py:186} INFO - Started process (PID=22721) to work on /opt/airflow/dags/script/example/dag_with_minio_s3.py
[2024-11-24T17:18:30.495+0000] {processor.py:914} INFO - Processing file /opt/airflow/dags/script/example/dag_with_minio_s3.py for tasks to queue
[2024-11-24T17:18:30.495+0000] {logging_mixin.py:190} INFO - [2024-11-24T17:18:30.495+0000] {dagbag.py:588} INFO - Filling up the DagBag from /opt/airflow/dags/script/example/dag_with_minio_s3.py
[2024-11-24T17:18:30.496+0000] {processor.py:927} WARNING - No viable dags retrieved from /opt/airflow/dags/script/example/dag_with_minio_s3.py
[2024-11-24T17:18:30.501+0000] {processor.py:208} INFO - Processing /opt/airflow/dags/script/example/dag_with_minio_s3.py took 0.008 seconds
[2024-11-24T17:19:00.623+0000] {processor.py:186} INFO - Started process (PID=23077) to work on /opt/airflow/dags/script/example/dag_with_minio_s3.py
[2024-11-24T17:19:00.624+0000] {processor.py:914} INFO - Processing file /opt/airflow/dags/script/example/dag_with_minio_s3.py for tasks to queue
[2024-11-24T17:19:00.624+0000] {logging_mixin.py:190} INFO - [2024-11-24T17:19:00.624+0000] {dagbag.py:588} INFO - Filling up the DagBag from /opt/airflow/dags/script/example/dag_with_minio_s3.py
[2024-11-24T17:19:00.625+0000] {processor.py:927} WARNING - No viable dags retrieved from /opt/airflow/dags/script/example/dag_with_minio_s3.py
[2024-11-24T17:19:00.630+0000] {processor.py:208} INFO - Processing /opt/airflow/dags/script/example/dag_with_minio_s3.py took 0.009 seconds
[2024-11-24T17:19:30.881+0000] {processor.py:186} INFO - Started process (PID=23433) to work on /opt/airflow/dags/script/example/dag_with_minio_s3.py
[2024-11-24T17:19:30.881+0000] {processor.py:914} INFO - Processing file /opt/airflow/dags/script/example/dag_with_minio_s3.py for tasks to queue
[2024-11-24T17:19:30.882+0000] {logging_mixin.py:190} INFO - [2024-11-24T17:19:30.881+0000] {dagbag.py:588} INFO - Filling up the DagBag from /opt/airflow/dags/script/example/dag_with_minio_s3.py
[2024-11-24T17:19:30.882+0000] {processor.py:927} WARNING - No viable dags retrieved from /opt/airflow/dags/script/example/dag_with_minio_s3.py
[2024-11-24T17:19:30.887+0000] {processor.py:208} INFO - Processing /opt/airflow/dags/script/example/dag_with_minio_s3.py took 0.008 seconds
[2024-11-24T17:20:01.942+0000] {processor.py:186} INFO - Started process (PID=23789) to work on /opt/airflow/dags/script/example/dag_with_minio_s3.py
[2024-11-24T17:20:01.942+0000] {processor.py:914} INFO - Processing file /opt/airflow/dags/script/example/dag_with_minio_s3.py for tasks to queue
[2024-11-24T17:20:01.943+0000] {logging_mixin.py:190} INFO - [2024-11-24T17:20:01.942+0000] {dagbag.py:588} INFO - Filling up the DagBag from /opt/airflow/dags/script/example/dag_with_minio_s3.py
[2024-11-24T17:20:01.943+0000] {processor.py:927} WARNING - No viable dags retrieved from /opt/airflow/dags/script/example/dag_with_minio_s3.py
[2024-11-24T17:20:01.948+0000] {processor.py:208} INFO - Processing /opt/airflow/dags/script/example/dag_with_minio_s3.py took 0.009 seconds
[2024-11-24T17:20:32.083+0000] {processor.py:186} INFO - Started process (PID=24145) to work on /opt/airflow/dags/script/example/dag_with_minio_s3.py
[2024-11-24T17:20:32.083+0000] {processor.py:914} INFO - Processing file /opt/airflow/dags/script/example/dag_with_minio_s3.py for tasks to queue
[2024-11-24T17:20:32.084+0000] {logging_mixin.py:190} INFO - [2024-11-24T17:20:32.083+0000] {dagbag.py:588} INFO - Filling up the DagBag from /opt/airflow/dags/script/example/dag_with_minio_s3.py
[2024-11-24T17:20:32.084+0000] {processor.py:927} WARNING - No viable dags retrieved from /opt/airflow/dags/script/example/dag_with_minio_s3.py
[2024-11-24T17:20:32.089+0000] {processor.py:208} INFO - Processing /opt/airflow/dags/script/example/dag_with_minio_s3.py took 0.008 seconds
[2024-11-24T17:21:02.217+0000] {processor.py:186} INFO - Started process (PID=24501) to work on /opt/airflow/dags/script/example/dag_with_minio_s3.py
[2024-11-24T17:21:02.217+0000] {processor.py:914} INFO - Processing file /opt/airflow/dags/script/example/dag_with_minio_s3.py for tasks to queue
[2024-11-24T17:21:02.218+0000] {logging_mixin.py:190} INFO - [2024-11-24T17:21:02.218+0000] {dagbag.py:588} INFO - Filling up the DagBag from /opt/airflow/dags/script/example/dag_with_minio_s3.py
[2024-11-24T17:21:02.219+0000] {processor.py:927} WARNING - No viable dags retrieved from /opt/airflow/dags/script/example/dag_with_minio_s3.py
[2024-11-24T17:21:02.224+0000] {processor.py:208} INFO - Processing /opt/airflow/dags/script/example/dag_with_minio_s3.py took 0.009 seconds
[2024-11-24T17:21:32.475+0000] {processor.py:186} INFO - Started process (PID=24857) to work on /opt/airflow/dags/script/example/dag_with_minio_s3.py
[2024-11-24T17:21:32.475+0000] {processor.py:914} INFO - Processing file /opt/airflow/dags/script/example/dag_with_minio_s3.py for tasks to queue
[2024-11-24T17:21:32.476+0000] {logging_mixin.py:190} INFO - [2024-11-24T17:21:32.476+0000] {dagbag.py:588} INFO - Filling up the DagBag from /opt/airflow/dags/script/example/dag_with_minio_s3.py
[2024-11-24T17:21:32.477+0000] {processor.py:927} WARNING - No viable dags retrieved from /opt/airflow/dags/script/example/dag_with_minio_s3.py
[2024-11-24T17:21:32.481+0000] {processor.py:208} INFO - Processing /opt/airflow/dags/script/example/dag_with_minio_s3.py took 0.008 seconds
[2024-11-24T17:22:02.748+0000] {processor.py:186} INFO - Started process (PID=25211) to work on /opt/airflow/dags/script/example/dag_with_minio_s3.py
[2024-11-24T17:22:02.750+0000] {processor.py:914} INFO - Processing file /opt/airflow/dags/script/example/dag_with_minio_s3.py for tasks to queue
[2024-11-24T17:22:02.751+0000] {logging_mixin.py:190} INFO - [2024-11-24T17:22:02.750+0000] {dagbag.py:588} INFO - Filling up the DagBag from /opt/airflow/dags/script/example/dag_with_minio_s3.py
[2024-11-24T17:22:02.752+0000] {processor.py:927} WARNING - No viable dags retrieved from /opt/airflow/dags/script/example/dag_with_minio_s3.py
[2024-11-24T17:22:02.757+0000] {processor.py:208} INFO - Processing /opt/airflow/dags/script/example/dag_with_minio_s3.py took 0.011 seconds
[2024-11-24T17:22:32.866+0000] {processor.py:186} INFO - Started process (PID=25567) to work on /opt/airflow/dags/script/example/dag_with_minio_s3.py
[2024-11-24T17:22:32.867+0000] {processor.py:914} INFO - Processing file /opt/airflow/dags/script/example/dag_with_minio_s3.py for tasks to queue
[2024-11-24T17:22:32.867+0000] {logging_mixin.py:190} INFO - [2024-11-24T17:22:32.867+0000] {dagbag.py:588} INFO - Filling up the DagBag from /opt/airflow/dags/script/example/dag_with_minio_s3.py
[2024-11-24T17:22:32.870+0000] {processor.py:927} WARNING - No viable dags retrieved from /opt/airflow/dags/script/example/dag_with_minio_s3.py
[2024-11-24T17:22:32.876+0000] {processor.py:208} INFO - Processing /opt/airflow/dags/script/example/dag_with_minio_s3.py took 0.011 seconds
[2024-11-24T17:23:03.939+0000] {processor.py:186} INFO - Started process (PID=25925) to work on /opt/airflow/dags/script/example/dag_with_minio_s3.py
[2024-11-24T17:23:03.940+0000] {processor.py:914} INFO - Processing file /opt/airflow/dags/script/example/dag_with_minio_s3.py for tasks to queue
[2024-11-24T17:23:03.940+0000] {logging_mixin.py:190} INFO - [2024-11-24T17:23:03.940+0000] {dagbag.py:588} INFO - Filling up the DagBag from /opt/airflow/dags/script/example/dag_with_minio_s3.py
[2024-11-24T17:23:03.941+0000] {processor.py:927} WARNING - No viable dags retrieved from /opt/airflow/dags/script/example/dag_with_minio_s3.py
[2024-11-24T17:23:03.946+0000] {processor.py:208} INFO - Processing /opt/airflow/dags/script/example/dag_with_minio_s3.py took 0.008 seconds
[2024-11-24T17:23:34.087+0000] {processor.py:186} INFO - Started process (PID=26281) to work on /opt/airflow/dags/script/example/dag_with_minio_s3.py
[2024-11-24T17:23:34.087+0000] {processor.py:914} INFO - Processing file /opt/airflow/dags/script/example/dag_with_minio_s3.py for tasks to queue
[2024-11-24T17:23:34.088+0000] {logging_mixin.py:190} INFO - [2024-11-24T17:23:34.088+0000] {dagbag.py:588} INFO - Filling up the DagBag from /opt/airflow/dags/script/example/dag_with_minio_s3.py
[2024-11-24T17:23:34.089+0000] {processor.py:927} WARNING - No viable dags retrieved from /opt/airflow/dags/script/example/dag_with_minio_s3.py
[2024-11-24T17:23:34.094+0000] {processor.py:208} INFO - Processing /opt/airflow/dags/script/example/dag_with_minio_s3.py took 0.009 seconds
[2024-11-24T18:04:27.720+0000] {processor.py:186} INFO - Started process (PID=26637) to work on /opt/airflow/dags/script/example/dag_with_minio_s3.py
[2024-11-24T18:04:27.720+0000] {processor.py:914} INFO - Processing file /opt/airflow/dags/script/example/dag_with_minio_s3.py for tasks to queue
[2024-11-24T18:04:27.721+0000] {logging_mixin.py:190} INFO - [2024-11-24T18:04:27.721+0000] {dagbag.py:588} INFO - Filling up the DagBag from /opt/airflow/dags/script/example/dag_with_minio_s3.py
[2024-11-24T18:04:27.722+0000] {processor.py:927} WARNING - No viable dags retrieved from /opt/airflow/dags/script/example/dag_with_minio_s3.py
[2024-11-24T18:04:27.726+0000] {processor.py:208} INFO - Processing /opt/airflow/dags/script/example/dag_with_minio_s3.py took 0.008 seconds
