[2024-11-24T15:57:17.380+0000] {processor.py:186} INFO - Started process (PID=216) to work on /opt/airflow/dags/script/example/dag_with_catchup_and_backfill.py
[2024-11-24T15:57:17.384+0000] {processor.py:914} INFO - Processing file /opt/airflow/dags/script/example/dag_with_catchup_and_backfill.py for tasks to queue
[2024-11-24T15:57:17.386+0000] {logging_mixin.py:190} INFO - [2024-11-24T15:57:17.386+0000] {dagbag.py:588} INFO - Filling up the DagBag from /opt/airflow/dags/script/example/dag_with_catchup_and_backfill.py
[2024-11-24T15:57:17.394+0000] {processor.py:925} INFO - DAG(s) 'dag_with_catchup_backfill_v02' retrieved from /opt/airflow/dags/script/example/dag_with_catchup_and_backfill.py
[2024-11-24T15:57:17.409+0000] {logging_mixin.py:190} INFO - [2024-11-24T15:57:17.409+0000] {dag.py:3239} INFO - Sync 1 DAGs
[2024-11-24T15:57:17.431+0000] {logging_mixin.py:190} INFO - [2024-11-24T15:57:17.430+0000] {dag.py:4180} INFO - Setting next_dagrun for dag_with_catchup_backfill_v02 to 2024-11-01 00:00:00+00:00, run_after=2024-11-02 00:00:00+00:00
[2024-11-24T15:57:17.447+0000] {processor.py:208} INFO - Processing /opt/airflow/dags/script/example/dag_with_catchup_and_backfill.py took 0.070 seconds
[2024-11-24T15:57:47.476+0000] {processor.py:186} INFO - Started process (PID=589) to work on /opt/airflow/dags/script/example/dag_with_catchup_and_backfill.py
[2024-11-24T15:57:47.476+0000] {processor.py:914} INFO - Processing file /opt/airflow/dags/script/example/dag_with_catchup_and_backfill.py for tasks to queue
[2024-11-24T15:57:47.477+0000] {logging_mixin.py:190} INFO - [2024-11-24T15:57:47.477+0000] {dagbag.py:588} INFO - Filling up the DagBag from /opt/airflow/dags/script/example/dag_with_catchup_and_backfill.py
[2024-11-24T15:57:47.481+0000] {processor.py:925} INFO - DAG(s) 'dag_with_catchup_backfill_v02' retrieved from /opt/airflow/dags/script/example/dag_with_catchup_and_backfill.py
[2024-11-24T15:57:47.487+0000] {logging_mixin.py:190} INFO - [2024-11-24T15:57:47.487+0000] {dag.py:3239} INFO - Sync 1 DAGs
[2024-11-24T15:57:47.494+0000] {logging_mixin.py:190} INFO - [2024-11-24T15:57:47.494+0000] {dag.py:4180} INFO - Setting next_dagrun for dag_with_catchup_backfill_v02 to 2024-11-01 00:00:00+00:00, run_after=2024-11-02 00:00:00+00:00
[2024-11-24T15:57:47.498+0000] {processor.py:208} INFO - Processing /opt/airflow/dags/script/example/dag_with_catchup_and_backfill.py took 0.025 seconds
[2024-11-24T15:58:18.000+0000] {processor.py:186} INFO - Started process (PID=945) to work on /opt/airflow/dags/script/example/dag_with_catchup_and_backfill.py
[2024-11-24T15:58:18.001+0000] {processor.py:914} INFO - Processing file /opt/airflow/dags/script/example/dag_with_catchup_and_backfill.py for tasks to queue
[2024-11-24T15:58:18.001+0000] {logging_mixin.py:190} INFO - [2024-11-24T15:58:18.001+0000] {dagbag.py:588} INFO - Filling up the DagBag from /opt/airflow/dags/script/example/dag_with_catchup_and_backfill.py
[2024-11-24T15:58:18.006+0000] {processor.py:925} INFO - DAG(s) 'dag_with_catchup_backfill_v02' retrieved from /opt/airflow/dags/script/example/dag_with_catchup_and_backfill.py
[2024-11-24T15:58:18.013+0000] {logging_mixin.py:190} INFO - [2024-11-24T15:58:18.013+0000] {dag.py:3239} INFO - Sync 1 DAGs
[2024-11-24T15:58:18.022+0000] {logging_mixin.py:190} INFO - [2024-11-24T15:58:18.022+0000] {dag.py:4180} INFO - Setting next_dagrun for dag_with_catchup_backfill_v02 to 2024-11-01 00:00:00+00:00, run_after=2024-11-02 00:00:00+00:00
[2024-11-24T15:58:18.027+0000] {processor.py:208} INFO - Processing /opt/airflow/dags/script/example/dag_with_catchup_and_backfill.py took 0.029 seconds
[2024-11-24T15:58:48.624+0000] {processor.py:186} INFO - Started process (PID=1300) to work on /opt/airflow/dags/script/example/dag_with_catchup_and_backfill.py
[2024-11-24T15:58:48.624+0000] {processor.py:914} INFO - Processing file /opt/airflow/dags/script/example/dag_with_catchup_and_backfill.py for tasks to queue
[2024-11-24T15:58:48.625+0000] {logging_mixin.py:190} INFO - [2024-11-24T15:58:48.625+0000] {dagbag.py:588} INFO - Filling up the DagBag from /opt/airflow/dags/script/example/dag_with_catchup_and_backfill.py
[2024-11-24T15:58:48.629+0000] {processor.py:925} INFO - DAG(s) 'dag_with_catchup_backfill_v02' retrieved from /opt/airflow/dags/script/example/dag_with_catchup_and_backfill.py
[2024-11-24T15:58:48.635+0000] {logging_mixin.py:190} INFO - [2024-11-24T15:58:48.635+0000] {dag.py:3239} INFO - Sync 1 DAGs
[2024-11-24T15:58:48.643+0000] {logging_mixin.py:190} INFO - [2024-11-24T15:58:48.642+0000] {dag.py:4180} INFO - Setting next_dagrun for dag_with_catchup_backfill_v02 to 2024-11-01 00:00:00+00:00, run_after=2024-11-02 00:00:00+00:00
[2024-11-24T15:58:48.648+0000] {processor.py:208} INFO - Processing /opt/airflow/dags/script/example/dag_with_catchup_and_backfill.py took 0.026 seconds
[2024-11-24T15:59:19.392+0000] {processor.py:186} INFO - Started process (PID=1656) to work on /opt/airflow/dags/script/example/dag_with_catchup_and_backfill.py
[2024-11-24T15:59:19.392+0000] {processor.py:914} INFO - Processing file /opt/airflow/dags/script/example/dag_with_catchup_and_backfill.py for tasks to queue
[2024-11-24T15:59:19.393+0000] {logging_mixin.py:190} INFO - [2024-11-24T15:59:19.393+0000] {dagbag.py:588} INFO - Filling up the DagBag from /opt/airflow/dags/script/example/dag_with_catchup_and_backfill.py
[2024-11-24T15:59:19.399+0000] {processor.py:925} INFO - DAG(s) 'dag_with_catchup_backfill_v02' retrieved from /opt/airflow/dags/script/example/dag_with_catchup_and_backfill.py
[2024-11-24T15:59:19.409+0000] {logging_mixin.py:190} INFO - [2024-11-24T15:59:19.409+0000] {dag.py:3239} INFO - Sync 1 DAGs
[2024-11-24T15:59:19.421+0000] {logging_mixin.py:190} INFO - [2024-11-24T15:59:19.421+0000] {dag.py:4180} INFO - Setting next_dagrun for dag_with_catchup_backfill_v02 to 2024-11-01 00:00:00+00:00, run_after=2024-11-02 00:00:00+00:00
[2024-11-24T15:59:19.428+0000] {processor.py:208} INFO - Processing /opt/airflow/dags/script/example/dag_with_catchup_and_backfill.py took 0.039 seconds
[2024-11-24T15:59:49.946+0000] {processor.py:186} INFO - Started process (PID=2010) to work on /opt/airflow/dags/script/example/dag_with_catchup_and_backfill.py
[2024-11-24T15:59:49.946+0000] {processor.py:914} INFO - Processing file /opt/airflow/dags/script/example/dag_with_catchup_and_backfill.py for tasks to queue
[2024-11-24T15:59:49.947+0000] {logging_mixin.py:190} INFO - [2024-11-24T15:59:49.947+0000] {dagbag.py:588} INFO - Filling up the DagBag from /opt/airflow/dags/script/example/dag_with_catchup_and_backfill.py
[2024-11-24T15:59:49.950+0000] {processor.py:925} INFO - DAG(s) 'dag_with_catchup_backfill_v02' retrieved from /opt/airflow/dags/script/example/dag_with_catchup_and_backfill.py
[2024-11-24T15:59:49.956+0000] {logging_mixin.py:190} INFO - [2024-11-24T15:59:49.956+0000] {dag.py:3239} INFO - Sync 1 DAGs
[2024-11-24T15:59:49.963+0000] {logging_mixin.py:190} INFO - [2024-11-24T15:59:49.963+0000] {dag.py:4180} INFO - Setting next_dagrun for dag_with_catchup_backfill_v02 to 2024-11-01 00:00:00+00:00, run_after=2024-11-02 00:00:00+00:00
[2024-11-24T15:59:49.968+0000] {processor.py:208} INFO - Processing /opt/airflow/dags/script/example/dag_with_catchup_and_backfill.py took 0.025 seconds
[2024-11-24T16:00:20.391+0000] {processor.py:186} INFO - Started process (PID=2368) to work on /opt/airflow/dags/script/example/dag_with_catchup_and_backfill.py
[2024-11-24T16:00:20.391+0000] {processor.py:914} INFO - Processing file /opt/airflow/dags/script/example/dag_with_catchup_and_backfill.py for tasks to queue
[2024-11-24T16:00:20.392+0000] {logging_mixin.py:190} INFO - [2024-11-24T16:00:20.392+0000] {dagbag.py:588} INFO - Filling up the DagBag from /opt/airflow/dags/script/example/dag_with_catchup_and_backfill.py
[2024-11-24T16:00:20.395+0000] {processor.py:925} INFO - DAG(s) 'dag_with_catchup_backfill_v02' retrieved from /opt/airflow/dags/script/example/dag_with_catchup_and_backfill.py
[2024-11-24T16:00:20.402+0000] {logging_mixin.py:190} INFO - [2024-11-24T16:00:20.402+0000] {dag.py:3239} INFO - Sync 1 DAGs
[2024-11-24T16:00:20.409+0000] {logging_mixin.py:190} INFO - [2024-11-24T16:00:20.409+0000] {dag.py:4180} INFO - Setting next_dagrun for dag_with_catchup_backfill_v02 to 2024-11-01 00:00:00+00:00, run_after=2024-11-02 00:00:00+00:00
[2024-11-24T16:00:20.413+0000] {processor.py:208} INFO - Processing /opt/airflow/dags/script/example/dag_with_catchup_and_backfill.py took 0.024 seconds
[2024-11-24T16:00:50.777+0000] {processor.py:186} INFO - Started process (PID=2721) to work on /opt/airflow/dags/script/example/dag_with_catchup_and_backfill.py
[2024-11-24T16:00:50.778+0000] {processor.py:914} INFO - Processing file /opt/airflow/dags/script/example/dag_with_catchup_and_backfill.py for tasks to queue
[2024-11-24T16:00:50.780+0000] {logging_mixin.py:190} INFO - [2024-11-24T16:00:50.780+0000] {dagbag.py:588} INFO - Filling up the DagBag from /opt/airflow/dags/script/example/dag_with_catchup_and_backfill.py
[2024-11-24T16:00:50.784+0000] {processor.py:925} INFO - DAG(s) 'dag_with_catchup_backfill_v02' retrieved from /opt/airflow/dags/script/example/dag_with_catchup_and_backfill.py
[2024-11-24T16:00:50.792+0000] {logging_mixin.py:190} INFO - [2024-11-24T16:00:50.792+0000] {dag.py:3239} INFO - Sync 1 DAGs
[2024-11-24T16:00:50.800+0000] {logging_mixin.py:190} INFO - [2024-11-24T16:00:50.800+0000] {dag.py:4180} INFO - Setting next_dagrun for dag_with_catchup_backfill_v02 to 2024-11-01 00:00:00+00:00, run_after=2024-11-02 00:00:00+00:00
[2024-11-24T16:00:50.806+0000] {processor.py:208} INFO - Processing /opt/airflow/dags/script/example/dag_with_catchup_and_backfill.py took 0.031 seconds
[2024-11-24T16:01:21.254+0000] {processor.py:186} INFO - Started process (PID=3081) to work on /opt/airflow/dags/script/example/dag_with_catchup_and_backfill.py
[2024-11-24T16:01:21.255+0000] {processor.py:914} INFO - Processing file /opt/airflow/dags/script/example/dag_with_catchup_and_backfill.py for tasks to queue
[2024-11-24T16:01:21.256+0000] {logging_mixin.py:190} INFO - [2024-11-24T16:01:21.256+0000] {dagbag.py:588} INFO - Filling up the DagBag from /opt/airflow/dags/script/example/dag_with_catchup_and_backfill.py
[2024-11-24T16:01:21.260+0000] {processor.py:925} INFO - DAG(s) 'dag_with_catchup_backfill_v02' retrieved from /opt/airflow/dags/script/example/dag_with_catchup_and_backfill.py
[2024-11-24T16:01:21.266+0000] {logging_mixin.py:190} INFO - [2024-11-24T16:01:21.266+0000] {dag.py:3239} INFO - Sync 1 DAGs
[2024-11-24T16:01:21.273+0000] {logging_mixin.py:190} INFO - [2024-11-24T16:01:21.273+0000] {dag.py:4180} INFO - Setting next_dagrun for dag_with_catchup_backfill_v02 to 2024-11-01 00:00:00+00:00, run_after=2024-11-02 00:00:00+00:00
[2024-11-24T16:01:21.278+0000] {processor.py:208} INFO - Processing /opt/airflow/dags/script/example/dag_with_catchup_and_backfill.py took 0.026 seconds
[2024-11-24T16:01:51.678+0000] {processor.py:186} INFO - Started process (PID=3437) to work on /opt/airflow/dags/script/example/dag_with_catchup_and_backfill.py
[2024-11-24T16:01:51.679+0000] {processor.py:914} INFO - Processing file /opt/airflow/dags/script/example/dag_with_catchup_and_backfill.py for tasks to queue
[2024-11-24T16:01:51.680+0000] {logging_mixin.py:190} INFO - [2024-11-24T16:01:51.680+0000] {dagbag.py:588} INFO - Filling up the DagBag from /opt/airflow/dags/script/example/dag_with_catchup_and_backfill.py
[2024-11-24T16:01:51.685+0000] {processor.py:925} INFO - DAG(s) 'dag_with_catchup_backfill_v02' retrieved from /opt/airflow/dags/script/example/dag_with_catchup_and_backfill.py
[2024-11-24T16:01:51.694+0000] {logging_mixin.py:190} INFO - [2024-11-24T16:01:51.694+0000] {dag.py:3239} INFO - Sync 1 DAGs
[2024-11-24T16:01:51.701+0000] {logging_mixin.py:190} INFO - [2024-11-24T16:01:51.700+0000] {dag.py:4180} INFO - Setting next_dagrun for dag_with_catchup_backfill_v02 to 2024-11-01 00:00:00+00:00, run_after=2024-11-02 00:00:00+00:00
[2024-11-24T16:01:51.706+0000] {processor.py:208} INFO - Processing /opt/airflow/dags/script/example/dag_with_catchup_and_backfill.py took 0.030 seconds
[2024-11-24T16:02:22.633+0000] {processor.py:186} INFO - Started process (PID=3803) to work on /opt/airflow/dags/script/example/dag_with_catchup_and_backfill.py
[2024-11-24T16:02:22.634+0000] {processor.py:914} INFO - Processing file /opt/airflow/dags/script/example/dag_with_catchup_and_backfill.py for tasks to queue
[2024-11-24T16:02:22.635+0000] {logging_mixin.py:190} INFO - [2024-11-24T16:02:22.635+0000] {dagbag.py:588} INFO - Filling up the DagBag from /opt/airflow/dags/script/example/dag_with_catchup_and_backfill.py
[2024-11-24T16:02:22.644+0000] {processor.py:925} INFO - DAG(s) 'dag_with_catchup_backfill_v02' retrieved from /opt/airflow/dags/script/example/dag_with_catchup_and_backfill.py
[2024-11-24T16:02:22.654+0000] {logging_mixin.py:190} INFO - [2024-11-24T16:02:22.654+0000] {dag.py:3239} INFO - Sync 1 DAGs
[2024-11-24T16:02:22.678+0000] {logging_mixin.py:190} INFO - [2024-11-24T16:02:22.678+0000] {dag.py:4180} INFO - Setting next_dagrun for dag_with_catchup_backfill_v02 to 2024-11-01 00:00:00+00:00, run_after=2024-11-02 00:00:00+00:00
[2024-11-24T16:02:22.693+0000] {processor.py:208} INFO - Processing /opt/airflow/dags/script/example/dag_with_catchup_and_backfill.py took 0.063 seconds
[2024-11-24T16:02:53.164+0000] {processor.py:186} INFO - Started process (PID=4159) to work on /opt/airflow/dags/script/example/dag_with_catchup_and_backfill.py
[2024-11-24T16:02:53.164+0000] {processor.py:914} INFO - Processing file /opt/airflow/dags/script/example/dag_with_catchup_and_backfill.py for tasks to queue
[2024-11-24T16:02:53.165+0000] {logging_mixin.py:190} INFO - [2024-11-24T16:02:53.165+0000] {dagbag.py:588} INFO - Filling up the DagBag from /opt/airflow/dags/script/example/dag_with_catchup_and_backfill.py
[2024-11-24T16:02:53.172+0000] {processor.py:925} INFO - DAG(s) 'dag_with_catchup_backfill_v02' retrieved from /opt/airflow/dags/script/example/dag_with_catchup_and_backfill.py
[2024-11-24T16:02:53.178+0000] {logging_mixin.py:190} INFO - [2024-11-24T16:02:53.178+0000] {dag.py:3239} INFO - Sync 1 DAGs
[2024-11-24T16:02:53.185+0000] {logging_mixin.py:190} INFO - [2024-11-24T16:02:53.185+0000] {dag.py:4180} INFO - Setting next_dagrun for dag_with_catchup_backfill_v02 to 2024-11-01 00:00:00+00:00, run_after=2024-11-02 00:00:00+00:00
[2024-11-24T16:02:53.190+0000] {processor.py:208} INFO - Processing /opt/airflow/dags/script/example/dag_with_catchup_and_backfill.py took 0.028 seconds
[2024-11-24T16:03:23.520+0000] {processor.py:186} INFO - Started process (PID=4515) to work on /opt/airflow/dags/script/example/dag_with_catchup_and_backfill.py
[2024-11-24T16:03:23.521+0000] {processor.py:914} INFO - Processing file /opt/airflow/dags/script/example/dag_with_catchup_and_backfill.py for tasks to queue
[2024-11-24T16:03:23.524+0000] {logging_mixin.py:190} INFO - [2024-11-24T16:03:23.524+0000] {dagbag.py:588} INFO - Filling up the DagBag from /opt/airflow/dags/script/example/dag_with_catchup_and_backfill.py
[2024-11-24T16:03:23.530+0000] {processor.py:925} INFO - DAG(s) 'dag_with_catchup_backfill_v02' retrieved from /opt/airflow/dags/script/example/dag_with_catchup_and_backfill.py
[2024-11-24T16:03:23.539+0000] {logging_mixin.py:190} INFO - [2024-11-24T16:03:23.539+0000] {dag.py:3239} INFO - Sync 1 DAGs
[2024-11-24T16:03:23.564+0000] {logging_mixin.py:190} INFO - [2024-11-24T16:03:23.564+0000] {dag.py:4180} INFO - Setting next_dagrun for dag_with_catchup_backfill_v02 to 2024-11-01 00:00:00+00:00, run_after=2024-11-02 00:00:00+00:00
[2024-11-24T16:03:23.573+0000] {processor.py:208} INFO - Processing /opt/airflow/dags/script/example/dag_with_catchup_and_backfill.py took 0.056 seconds
[2024-11-24T16:03:54.234+0000] {processor.py:186} INFO - Started process (PID=4876) to work on /opt/airflow/dags/script/example/dag_with_catchup_and_backfill.py
[2024-11-24T16:03:54.237+0000] {processor.py:914} INFO - Processing file /opt/airflow/dags/script/example/dag_with_catchup_and_backfill.py for tasks to queue
[2024-11-24T16:03:54.238+0000] {logging_mixin.py:190} INFO - [2024-11-24T16:03:54.238+0000] {dagbag.py:588} INFO - Filling up the DagBag from /opt/airflow/dags/script/example/dag_with_catchup_and_backfill.py
[2024-11-24T16:03:54.247+0000] {processor.py:925} INFO - DAG(s) 'dag_with_catchup_backfill_v02' retrieved from /opt/airflow/dags/script/example/dag_with_catchup_and_backfill.py
[2024-11-24T16:03:54.255+0000] {logging_mixin.py:190} INFO - [2024-11-24T16:03:54.255+0000] {dag.py:3239} INFO - Sync 1 DAGs
[2024-11-24T16:03:54.264+0000] {logging_mixin.py:190} INFO - [2024-11-24T16:03:54.263+0000] {dag.py:4180} INFO - Setting next_dagrun for dag_with_catchup_backfill_v02 to 2024-11-01 00:00:00+00:00, run_after=2024-11-02 00:00:00+00:00
[2024-11-24T16:03:54.269+0000] {processor.py:208} INFO - Processing /opt/airflow/dags/script/example/dag_with_catchup_and_backfill.py took 0.037 seconds
[2024-11-24T16:04:24.681+0000] {processor.py:186} INFO - Started process (PID=5247) to work on /opt/airflow/dags/script/example/dag_with_catchup_and_backfill.py
[2024-11-24T16:04:24.682+0000] {processor.py:914} INFO - Processing file /opt/airflow/dags/script/example/dag_with_catchup_and_backfill.py for tasks to queue
[2024-11-24T16:04:24.684+0000] {logging_mixin.py:190} INFO - [2024-11-24T16:04:24.683+0000] {dagbag.py:588} INFO - Filling up the DagBag from /opt/airflow/dags/script/example/dag_with_catchup_and_backfill.py
[2024-11-24T16:04:24.688+0000] {processor.py:925} INFO - DAG(s) 'dag_with_catchup_backfill_v02' retrieved from /opt/airflow/dags/script/example/dag_with_catchup_and_backfill.py
[2024-11-24T16:04:24.696+0000] {logging_mixin.py:190} INFO - [2024-11-24T16:04:24.696+0000] {dag.py:3239} INFO - Sync 1 DAGs
[2024-11-24T16:04:24.704+0000] {logging_mixin.py:190} INFO - [2024-11-24T16:04:24.704+0000] {dag.py:4180} INFO - Setting next_dagrun for dag_with_catchup_backfill_v02 to 2024-11-01 00:00:00+00:00, run_after=2024-11-02 00:00:00+00:00
[2024-11-24T16:04:24.709+0000] {processor.py:208} INFO - Processing /opt/airflow/dags/script/example/dag_with_catchup_and_backfill.py took 0.030 seconds
[2024-11-24T16:04:55.353+0000] {processor.py:186} INFO - Started process (PID=5613) to work on /opt/airflow/dags/script/example/dag_with_catchup_and_backfill.py
[2024-11-24T16:04:55.355+0000] {processor.py:914} INFO - Processing file /opt/airflow/dags/script/example/dag_with_catchup_and_backfill.py for tasks to queue
[2024-11-24T16:04:55.355+0000] {logging_mixin.py:190} INFO - [2024-11-24T16:04:55.355+0000] {dagbag.py:588} INFO - Filling up the DagBag from /opt/airflow/dags/script/example/dag_with_catchup_and_backfill.py
[2024-11-24T16:04:55.360+0000] {processor.py:925} INFO - DAG(s) 'dag_with_catchup_backfill_v02' retrieved from /opt/airflow/dags/script/example/dag_with_catchup_and_backfill.py
[2024-11-24T16:04:55.368+0000] {logging_mixin.py:190} INFO - [2024-11-24T16:04:55.368+0000] {dag.py:3239} INFO - Sync 1 DAGs
[2024-11-24T16:04:55.377+0000] {logging_mixin.py:190} INFO - [2024-11-24T16:04:55.377+0000] {dag.py:4180} INFO - Setting next_dagrun for dag_with_catchup_backfill_v02 to 2024-11-01 00:00:00+00:00, run_after=2024-11-02 00:00:00+00:00
[2024-11-24T16:04:55.382+0000] {processor.py:208} INFO - Processing /opt/airflow/dags/script/example/dag_with_catchup_and_backfill.py took 0.031 seconds
[2024-11-24T16:05:25.878+0000] {processor.py:186} INFO - Started process (PID=5969) to work on /opt/airflow/dags/script/example/dag_with_catchup_and_backfill.py
[2024-11-24T16:05:25.879+0000] {processor.py:914} INFO - Processing file /opt/airflow/dags/script/example/dag_with_catchup_and_backfill.py for tasks to queue
[2024-11-24T16:05:25.881+0000] {logging_mixin.py:190} INFO - [2024-11-24T16:05:25.880+0000] {dagbag.py:588} INFO - Filling up the DagBag from /opt/airflow/dags/script/example/dag_with_catchup_and_backfill.py
[2024-11-24T16:05:25.885+0000] {processor.py:925} INFO - DAG(s) 'dag_with_catchup_backfill_v02' retrieved from /opt/airflow/dags/script/example/dag_with_catchup_and_backfill.py
[2024-11-24T16:05:25.894+0000] {logging_mixin.py:190} INFO - [2024-11-24T16:05:25.894+0000] {dag.py:3239} INFO - Sync 1 DAGs
[2024-11-24T16:05:25.903+0000] {logging_mixin.py:190} INFO - [2024-11-24T16:05:25.903+0000] {dag.py:4180} INFO - Setting next_dagrun for dag_with_catchup_backfill_v02 to 2024-11-01 00:00:00+00:00, run_after=2024-11-02 00:00:00+00:00
[2024-11-24T16:05:25.908+0000] {processor.py:208} INFO - Processing /opt/airflow/dags/script/example/dag_with_catchup_and_backfill.py took 0.032 seconds
[2024-11-24T16:05:56.279+0000] {processor.py:186} INFO - Started process (PID=6335) to work on /opt/airflow/dags/script/example/dag_with_catchup_and_backfill.py
[2024-11-24T16:05:56.280+0000] {processor.py:914} INFO - Processing file /opt/airflow/dags/script/example/dag_with_catchup_and_backfill.py for tasks to queue
[2024-11-24T16:05:56.281+0000] {logging_mixin.py:190} INFO - [2024-11-24T16:05:56.281+0000] {dagbag.py:588} INFO - Filling up the DagBag from /opt/airflow/dags/script/example/dag_with_catchup_and_backfill.py
[2024-11-24T16:05:56.287+0000] {processor.py:925} INFO - DAG(s) 'dag_with_catchup_backfill_v02' retrieved from /opt/airflow/dags/script/example/dag_with_catchup_and_backfill.py
[2024-11-24T16:05:56.296+0000] {logging_mixin.py:190} INFO - [2024-11-24T16:05:56.295+0000] {dag.py:3239} INFO - Sync 1 DAGs
[2024-11-24T16:05:56.304+0000] {logging_mixin.py:190} INFO - [2024-11-24T16:05:56.304+0000] {dag.py:4180} INFO - Setting next_dagrun for dag_with_catchup_backfill_v02 to 2024-11-01 00:00:00+00:00, run_after=2024-11-02 00:00:00+00:00
[2024-11-24T16:05:56.308+0000] {processor.py:208} INFO - Processing /opt/airflow/dags/script/example/dag_with_catchup_and_backfill.py took 0.032 seconds
[2024-11-24T16:06:24.479+0000] {processor.py:186} INFO - Started process (PID=6663) to work on /opt/airflow/dags/script/example/dag_with_catchup_and_backfill.py
[2024-11-24T16:06:24.480+0000] {processor.py:914} INFO - Processing file /opt/airflow/dags/script/example/dag_with_catchup_and_backfill.py for tasks to queue
[2024-11-24T16:06:24.481+0000] {logging_mixin.py:190} INFO - [2024-11-24T16:06:24.481+0000] {dagbag.py:588} INFO - Filling up the DagBag from /opt/airflow/dags/script/example/dag_with_catchup_and_backfill.py
[2024-11-24T16:06:24.485+0000] {processor.py:927} WARNING - No viable dags retrieved from /opt/airflow/dags/script/example/dag_with_catchup_and_backfill.py
[2024-11-24T16:06:24.494+0000] {processor.py:208} INFO - Processing /opt/airflow/dags/script/example/dag_with_catchup_and_backfill.py took 0.021 seconds
[2024-11-24T16:06:55.230+0000] {processor.py:186} INFO - Started process (PID=7059) to work on /opt/airflow/dags/script/example/dag_with_catchup_and_backfill.py
[2024-11-24T16:06:55.231+0000] {processor.py:914} INFO - Processing file /opt/airflow/dags/script/example/dag_with_catchup_and_backfill.py for tasks to queue
[2024-11-24T16:06:55.232+0000] {logging_mixin.py:190} INFO - [2024-11-24T16:06:55.231+0000] {dagbag.py:588} INFO - Filling up the DagBag from /opt/airflow/dags/script/example/dag_with_catchup_and_backfill.py
[2024-11-24T16:06:55.233+0000] {processor.py:927} WARNING - No viable dags retrieved from /opt/airflow/dags/script/example/dag_with_catchup_and_backfill.py
[2024-11-24T16:06:55.240+0000] {processor.py:208} INFO - Processing /opt/airflow/dags/script/example/dag_with_catchup_and_backfill.py took 0.014 seconds
[2024-11-24T16:07:25.596+0000] {processor.py:186} INFO - Started process (PID=7415) to work on /opt/airflow/dags/script/example/dag_with_catchup_and_backfill.py
[2024-11-24T16:07:25.597+0000] {processor.py:914} INFO - Processing file /opt/airflow/dags/script/example/dag_with_catchup_and_backfill.py for tasks to queue
[2024-11-24T16:07:25.599+0000] {logging_mixin.py:190} INFO - [2024-11-24T16:07:25.598+0000] {dagbag.py:588} INFO - Filling up the DagBag from /opt/airflow/dags/script/example/dag_with_catchup_and_backfill.py
[2024-11-24T16:07:25.601+0000] {processor.py:927} WARNING - No viable dags retrieved from /opt/airflow/dags/script/example/dag_with_catchup_and_backfill.py
[2024-11-24T16:07:25.609+0000] {processor.py:208} INFO - Processing /opt/airflow/dags/script/example/dag_with_catchup_and_backfill.py took 0.018 seconds
[2024-11-24T16:07:55.737+0000] {processor.py:186} INFO - Started process (PID=7771) to work on /opt/airflow/dags/script/example/dag_with_catchup_and_backfill.py
[2024-11-24T16:07:55.738+0000] {processor.py:914} INFO - Processing file /opt/airflow/dags/script/example/dag_with_catchup_and_backfill.py for tasks to queue
[2024-11-24T16:07:55.739+0000] {logging_mixin.py:190} INFO - [2024-11-24T16:07:55.739+0000] {dagbag.py:588} INFO - Filling up the DagBag from /opt/airflow/dags/script/example/dag_with_catchup_and_backfill.py
[2024-11-24T16:07:55.740+0000] {processor.py:927} WARNING - No viable dags retrieved from /opt/airflow/dags/script/example/dag_with_catchup_and_backfill.py
[2024-11-24T16:07:55.747+0000] {processor.py:208} INFO - Processing /opt/airflow/dags/script/example/dag_with_catchup_and_backfill.py took 0.014 seconds
[2024-11-24T16:08:25.971+0000] {processor.py:186} INFO - Started process (PID=8127) to work on /opt/airflow/dags/script/example/dag_with_catchup_and_backfill.py
[2024-11-24T16:08:25.972+0000] {processor.py:914} INFO - Processing file /opt/airflow/dags/script/example/dag_with_catchup_and_backfill.py for tasks to queue
[2024-11-24T16:08:25.973+0000] {logging_mixin.py:190} INFO - [2024-11-24T16:08:25.972+0000] {dagbag.py:588} INFO - Filling up the DagBag from /opt/airflow/dags/script/example/dag_with_catchup_and_backfill.py
[2024-11-24T16:08:25.975+0000] {processor.py:927} WARNING - No viable dags retrieved from /opt/airflow/dags/script/example/dag_with_catchup_and_backfill.py
[2024-11-24T16:08:25.985+0000] {processor.py:208} INFO - Processing /opt/airflow/dags/script/example/dag_with_catchup_and_backfill.py took 0.018 seconds
[2024-11-24T16:08:56.174+0000] {processor.py:186} INFO - Started process (PID=8483) to work on /opt/airflow/dags/script/example/dag_with_catchup_and_backfill.py
[2024-11-24T16:08:56.175+0000] {processor.py:914} INFO - Processing file /opt/airflow/dags/script/example/dag_with_catchup_and_backfill.py for tasks to queue
[2024-11-24T16:08:56.176+0000] {logging_mixin.py:190} INFO - [2024-11-24T16:08:56.175+0000] {dagbag.py:588} INFO - Filling up the DagBag from /opt/airflow/dags/script/example/dag_with_catchup_and_backfill.py
[2024-11-24T16:08:56.178+0000] {processor.py:927} WARNING - No viable dags retrieved from /opt/airflow/dags/script/example/dag_with_catchup_and_backfill.py
[2024-11-24T16:08:56.187+0000] {processor.py:208} INFO - Processing /opt/airflow/dags/script/example/dag_with_catchup_and_backfill.py took 0.018 seconds
[2024-11-24T16:09:26.415+0000] {processor.py:186} INFO - Started process (PID=8839) to work on /opt/airflow/dags/script/example/dag_with_catchup_and_backfill.py
[2024-11-24T16:09:26.416+0000] {processor.py:914} INFO - Processing file /opt/airflow/dags/script/example/dag_with_catchup_and_backfill.py for tasks to queue
[2024-11-24T16:09:26.417+0000] {logging_mixin.py:190} INFO - [2024-11-24T16:09:26.416+0000] {dagbag.py:588} INFO - Filling up the DagBag from /opt/airflow/dags/script/example/dag_with_catchup_and_backfill.py
[2024-11-24T16:09:26.419+0000] {processor.py:927} WARNING - No viable dags retrieved from /opt/airflow/dags/script/example/dag_with_catchup_and_backfill.py
[2024-11-24T16:09:26.427+0000] {processor.py:208} INFO - Processing /opt/airflow/dags/script/example/dag_with_catchup_and_backfill.py took 0.017 seconds
[2024-11-24T16:09:56.554+0000] {processor.py:186} INFO - Started process (PID=9195) to work on /opt/airflow/dags/script/example/dag_with_catchup_and_backfill.py
[2024-11-24T16:09:56.555+0000] {processor.py:914} INFO - Processing file /opt/airflow/dags/script/example/dag_with_catchup_and_backfill.py for tasks to queue
[2024-11-24T16:09:56.556+0000] {logging_mixin.py:190} INFO - [2024-11-24T16:09:56.555+0000] {dagbag.py:588} INFO - Filling up the DagBag from /opt/airflow/dags/script/example/dag_with_catchup_and_backfill.py
[2024-11-24T16:09:56.558+0000] {processor.py:927} WARNING - No viable dags retrieved from /opt/airflow/dags/script/example/dag_with_catchup_and_backfill.py
[2024-11-24T16:09:56.566+0000] {processor.py:208} INFO - Processing /opt/airflow/dags/script/example/dag_with_catchup_and_backfill.py took 0.017 seconds
[2024-11-24T16:10:26.775+0000] {processor.py:186} INFO - Started process (PID=9551) to work on /opt/airflow/dags/script/example/dag_with_catchup_and_backfill.py
[2024-11-24T16:10:26.776+0000] {processor.py:914} INFO - Processing file /opt/airflow/dags/script/example/dag_with_catchup_and_backfill.py for tasks to queue
[2024-11-24T16:10:26.778+0000] {logging_mixin.py:190} INFO - [2024-11-24T16:10:26.777+0000] {dagbag.py:588} INFO - Filling up the DagBag from /opt/airflow/dags/script/example/dag_with_catchup_and_backfill.py
[2024-11-24T16:10:26.780+0000] {processor.py:927} WARNING - No viable dags retrieved from /opt/airflow/dags/script/example/dag_with_catchup_and_backfill.py
[2024-11-24T16:10:26.788+0000] {processor.py:208} INFO - Processing /opt/airflow/dags/script/example/dag_with_catchup_and_backfill.py took 0.018 seconds
[2024-11-24T16:10:56.943+0000] {processor.py:186} INFO - Started process (PID=9907) to work on /opt/airflow/dags/script/example/dag_with_catchup_and_backfill.py
[2024-11-24T16:10:56.944+0000] {processor.py:914} INFO - Processing file /opt/airflow/dags/script/example/dag_with_catchup_and_backfill.py for tasks to queue
[2024-11-24T16:10:56.945+0000] {logging_mixin.py:190} INFO - [2024-11-24T16:10:56.945+0000] {dagbag.py:588} INFO - Filling up the DagBag from /opt/airflow/dags/script/example/dag_with_catchup_and_backfill.py
[2024-11-24T16:10:56.947+0000] {processor.py:927} WARNING - No viable dags retrieved from /opt/airflow/dags/script/example/dag_with_catchup_and_backfill.py
[2024-11-24T16:10:56.956+0000] {processor.py:208} INFO - Processing /opt/airflow/dags/script/example/dag_with_catchup_and_backfill.py took 0.017 seconds
[2024-11-24T16:11:27.192+0000] {processor.py:186} INFO - Started process (PID=10263) to work on /opt/airflow/dags/script/example/dag_with_catchup_and_backfill.py
[2024-11-24T16:11:27.192+0000] {processor.py:914} INFO - Processing file /opt/airflow/dags/script/example/dag_with_catchup_and_backfill.py for tasks to queue
[2024-11-24T16:11:27.193+0000] {logging_mixin.py:190} INFO - [2024-11-24T16:11:27.193+0000] {dagbag.py:588} INFO - Filling up the DagBag from /opt/airflow/dags/script/example/dag_with_catchup_and_backfill.py
[2024-11-24T16:11:27.195+0000] {processor.py:927} WARNING - No viable dags retrieved from /opt/airflow/dags/script/example/dag_with_catchup_and_backfill.py
[2024-11-24T16:11:27.204+0000] {processor.py:208} INFO - Processing /opt/airflow/dags/script/example/dag_with_catchup_and_backfill.py took 0.017 seconds
[2024-11-24T16:38:18.476+0000] {processor.py:186} INFO - Started process (PID=221) to work on /opt/airflow/dags/script/example/dag_with_catchup_and_backfill.py
[2024-11-24T16:38:18.477+0000] {processor.py:914} INFO - Processing file /opt/airflow/dags/script/example/dag_with_catchup_and_backfill.py for tasks to queue
[2024-11-24T16:38:18.478+0000] {logging_mixin.py:190} INFO - [2024-11-24T16:38:18.478+0000] {dagbag.py:588} INFO - Filling up the DagBag from /opt/airflow/dags/script/example/dag_with_catchup_and_backfill.py
[2024-11-24T16:38:18.481+0000] {processor.py:927} WARNING - No viable dags retrieved from /opt/airflow/dags/script/example/dag_with_catchup_and_backfill.py
[2024-11-24T16:38:18.486+0000] {processor.py:208} INFO - Processing /opt/airflow/dags/script/example/dag_with_catchup_and_backfill.py took 0.012 seconds
[2024-11-24T16:38:48.744+0000] {processor.py:186} INFO - Started process (PID=579) to work on /opt/airflow/dags/script/example/dag_with_catchup_and_backfill.py
[2024-11-24T16:38:48.744+0000] {processor.py:914} INFO - Processing file /opt/airflow/dags/script/example/dag_with_catchup_and_backfill.py for tasks to queue
[2024-11-24T16:38:48.745+0000] {logging_mixin.py:190} INFO - [2024-11-24T16:38:48.745+0000] {dagbag.py:588} INFO - Filling up the DagBag from /opt/airflow/dags/script/example/dag_with_catchup_and_backfill.py
[2024-11-24T16:38:48.746+0000] {processor.py:927} WARNING - No viable dags retrieved from /opt/airflow/dags/script/example/dag_with_catchup_and_backfill.py
[2024-11-24T16:38:48.750+0000] {processor.py:208} INFO - Processing /opt/airflow/dags/script/example/dag_with_catchup_and_backfill.py took 0.009 seconds
[2024-11-24T16:39:19.063+0000] {processor.py:186} INFO - Started process (PID=933) to work on /opt/airflow/dags/script/example/dag_with_catchup_and_backfill.py
[2024-11-24T16:39:19.071+0000] {processor.py:914} INFO - Processing file /opt/airflow/dags/script/example/dag_with_catchup_and_backfill.py for tasks to queue
[2024-11-24T16:39:19.073+0000] {logging_mixin.py:190} INFO - [2024-11-24T16:39:19.073+0000] {dagbag.py:588} INFO - Filling up the DagBag from /opt/airflow/dags/script/example/dag_with_catchup_and_backfill.py
[2024-11-24T16:39:19.075+0000] {processor.py:927} WARNING - No viable dags retrieved from /opt/airflow/dags/script/example/dag_with_catchup_and_backfill.py
[2024-11-24T16:39:19.080+0000] {processor.py:208} INFO - Processing /opt/airflow/dags/script/example/dag_with_catchup_and_backfill.py took 0.020 seconds
[2024-11-24T16:39:49.505+0000] {processor.py:186} INFO - Started process (PID=1291) to work on /opt/airflow/dags/script/example/dag_with_catchup_and_backfill.py
[2024-11-24T16:39:49.505+0000] {processor.py:914} INFO - Processing file /opt/airflow/dags/script/example/dag_with_catchup_and_backfill.py for tasks to queue
[2024-11-24T16:39:49.506+0000] {logging_mixin.py:190} INFO - [2024-11-24T16:39:49.505+0000] {dagbag.py:588} INFO - Filling up the DagBag from /opt/airflow/dags/script/example/dag_with_catchup_and_backfill.py
[2024-11-24T16:39:49.507+0000] {processor.py:927} WARNING - No viable dags retrieved from /opt/airflow/dags/script/example/dag_with_catchup_and_backfill.py
[2024-11-24T16:39:49.514+0000] {processor.py:208} INFO - Processing /opt/airflow/dags/script/example/dag_with_catchup_and_backfill.py took 0.011 seconds
[2024-11-24T16:40:19.775+0000] {processor.py:186} INFO - Started process (PID=1645) to work on /opt/airflow/dags/script/example/dag_with_catchup_and_backfill.py
[2024-11-24T16:40:19.776+0000] {processor.py:914} INFO - Processing file /opt/airflow/dags/script/example/dag_with_catchup_and_backfill.py for tasks to queue
[2024-11-24T16:40:19.776+0000] {logging_mixin.py:190} INFO - [2024-11-24T16:40:19.776+0000] {dagbag.py:588} INFO - Filling up the DagBag from /opt/airflow/dags/script/example/dag_with_catchup_and_backfill.py
[2024-11-24T16:40:19.778+0000] {processor.py:927} WARNING - No viable dags retrieved from /opt/airflow/dags/script/example/dag_with_catchup_and_backfill.py
[2024-11-24T16:40:19.785+0000] {processor.py:208} INFO - Processing /opt/airflow/dags/script/example/dag_with_catchup_and_backfill.py took 0.013 seconds
[2024-11-24T16:40:50.219+0000] {processor.py:186} INFO - Started process (PID=2003) to work on /opt/airflow/dags/script/example/dag_with_catchup_and_backfill.py
[2024-11-24T16:40:50.219+0000] {processor.py:914} INFO - Processing file /opt/airflow/dags/script/example/dag_with_catchup_and_backfill.py for tasks to queue
[2024-11-24T16:40:50.220+0000] {logging_mixin.py:190} INFO - [2024-11-24T16:40:50.220+0000] {dagbag.py:588} INFO - Filling up the DagBag from /opt/airflow/dags/script/example/dag_with_catchup_and_backfill.py
[2024-11-24T16:40:50.221+0000] {processor.py:927} WARNING - No viable dags retrieved from /opt/airflow/dags/script/example/dag_with_catchup_and_backfill.py
[2024-11-24T16:40:50.227+0000] {processor.py:208} INFO - Processing /opt/airflow/dags/script/example/dag_with_catchup_and_backfill.py took 0.010 seconds
[2024-11-24T16:41:20.369+0000] {processor.py:186} INFO - Started process (PID=2359) to work on /opt/airflow/dags/script/example/dag_with_catchup_and_backfill.py
[2024-11-24T16:41:20.369+0000] {processor.py:914} INFO - Processing file /opt/airflow/dags/script/example/dag_with_catchup_and_backfill.py for tasks to queue
[2024-11-24T16:41:20.370+0000] {logging_mixin.py:190} INFO - [2024-11-24T16:41:20.370+0000] {dagbag.py:588} INFO - Filling up the DagBag from /opt/airflow/dags/script/example/dag_with_catchup_and_backfill.py
[2024-11-24T16:41:20.372+0000] {processor.py:927} WARNING - No viable dags retrieved from /opt/airflow/dags/script/example/dag_with_catchup_and_backfill.py
[2024-11-24T16:41:20.379+0000] {processor.py:208} INFO - Processing /opt/airflow/dags/script/example/dag_with_catchup_and_backfill.py took 0.012 seconds
[2024-11-24T16:41:50.784+0000] {processor.py:186} INFO - Started process (PID=2720) to work on /opt/airflow/dags/script/example/dag_with_catchup_and_backfill.py
[2024-11-24T16:41:50.785+0000] {processor.py:914} INFO - Processing file /opt/airflow/dags/script/example/dag_with_catchup_and_backfill.py for tasks to queue
[2024-11-24T16:41:50.785+0000] {logging_mixin.py:190} INFO - [2024-11-24T16:41:50.785+0000] {dagbag.py:588} INFO - Filling up the DagBag from /opt/airflow/dags/script/example/dag_with_catchup_and_backfill.py
[2024-11-24T16:41:50.787+0000] {processor.py:927} WARNING - No viable dags retrieved from /opt/airflow/dags/script/example/dag_with_catchup_and_backfill.py
[2024-11-24T16:41:50.793+0000] {processor.py:208} INFO - Processing /opt/airflow/dags/script/example/dag_with_catchup_and_backfill.py took 0.011 seconds
[2024-11-24T16:42:21.365+0000] {processor.py:186} INFO - Started process (PID=3076) to work on /opt/airflow/dags/script/example/dag_with_catchup_and_backfill.py
[2024-11-24T16:42:21.366+0000] {processor.py:914} INFO - Processing file /opt/airflow/dags/script/example/dag_with_catchup_and_backfill.py for tasks to queue
[2024-11-24T16:42:21.366+0000] {logging_mixin.py:190} INFO - [2024-11-24T16:42:21.366+0000] {dagbag.py:588} INFO - Filling up the DagBag from /opt/airflow/dags/script/example/dag_with_catchup_and_backfill.py
[2024-11-24T16:42:21.368+0000] {processor.py:927} WARNING - No viable dags retrieved from /opt/airflow/dags/script/example/dag_with_catchup_and_backfill.py
[2024-11-24T16:42:21.375+0000] {processor.py:208} INFO - Processing /opt/airflow/dags/script/example/dag_with_catchup_and_backfill.py took 0.012 seconds
[2024-11-24T16:42:51.483+0000] {processor.py:186} INFO - Started process (PID=3430) to work on /opt/airflow/dags/script/example/dag_with_catchup_and_backfill.py
[2024-11-24T16:42:51.483+0000] {processor.py:914} INFO - Processing file /opt/airflow/dags/script/example/dag_with_catchup_and_backfill.py for tasks to queue
[2024-11-24T16:42:51.484+0000] {logging_mixin.py:190} INFO - [2024-11-24T16:42:51.484+0000] {dagbag.py:588} INFO - Filling up the DagBag from /opt/airflow/dags/script/example/dag_with_catchup_and_backfill.py
[2024-11-24T16:42:51.486+0000] {processor.py:927} WARNING - No viable dags retrieved from /opt/airflow/dags/script/example/dag_with_catchup_and_backfill.py
[2024-11-24T16:42:51.492+0000] {processor.py:208} INFO - Processing /opt/airflow/dags/script/example/dag_with_catchup_and_backfill.py took 0.011 seconds
[2024-11-24T16:43:21.810+0000] {processor.py:186} INFO - Started process (PID=3788) to work on /opt/airflow/dags/script/example/dag_with_catchup_and_backfill.py
[2024-11-24T16:43:21.811+0000] {processor.py:914} INFO - Processing file /opt/airflow/dags/script/example/dag_with_catchup_and_backfill.py for tasks to queue
[2024-11-24T16:43:21.811+0000] {logging_mixin.py:190} INFO - [2024-11-24T16:43:21.811+0000] {dagbag.py:588} INFO - Filling up the DagBag from /opt/airflow/dags/script/example/dag_with_catchup_and_backfill.py
[2024-11-24T16:43:21.813+0000] {processor.py:927} WARNING - No viable dags retrieved from /opt/airflow/dags/script/example/dag_with_catchup_and_backfill.py
[2024-11-24T16:43:21.820+0000] {processor.py:208} INFO - Processing /opt/airflow/dags/script/example/dag_with_catchup_and_backfill.py took 0.012 seconds
[2024-11-24T16:43:52.372+0000] {processor.py:186} INFO - Started process (PID=4146) to work on /opt/airflow/dags/script/example/dag_with_catchup_and_backfill.py
[2024-11-24T16:43:52.373+0000] {processor.py:914} INFO - Processing file /opt/airflow/dags/script/example/dag_with_catchup_and_backfill.py for tasks to queue
[2024-11-24T16:43:52.373+0000] {logging_mixin.py:190} INFO - [2024-11-24T16:43:52.373+0000] {dagbag.py:588} INFO - Filling up the DagBag from /opt/airflow/dags/script/example/dag_with_catchup_and_backfill.py
[2024-11-24T16:43:52.376+0000] {processor.py:927} WARNING - No viable dags retrieved from /opt/airflow/dags/script/example/dag_with_catchup_and_backfill.py
[2024-11-24T16:43:52.384+0000] {processor.py:208} INFO - Processing /opt/airflow/dags/script/example/dag_with_catchup_and_backfill.py took 0.013 seconds
[2024-11-24T16:44:22.827+0000] {processor.py:186} INFO - Started process (PID=4504) to work on /opt/airflow/dags/script/example/dag_with_catchup_and_backfill.py
[2024-11-24T16:44:22.827+0000] {processor.py:914} INFO - Processing file /opt/airflow/dags/script/example/dag_with_catchup_and_backfill.py for tasks to queue
[2024-11-24T16:44:22.828+0000] {logging_mixin.py:190} INFO - [2024-11-24T16:44:22.828+0000] {dagbag.py:588} INFO - Filling up the DagBag from /opt/airflow/dags/script/example/dag_with_catchup_and_backfill.py
[2024-11-24T16:44:22.829+0000] {processor.py:927} WARNING - No viable dags retrieved from /opt/airflow/dags/script/example/dag_with_catchup_and_backfill.py
[2024-11-24T16:44:22.836+0000] {processor.py:208} INFO - Processing /opt/airflow/dags/script/example/dag_with_catchup_and_backfill.py took 0.011 seconds
[2024-11-24T16:44:53.465+0000] {processor.py:186} INFO - Started process (PID=4860) to work on /opt/airflow/dags/script/example/dag_with_catchup_and_backfill.py
[2024-11-24T16:44:53.465+0000] {processor.py:914} INFO - Processing file /opt/airflow/dags/script/example/dag_with_catchup_and_backfill.py for tasks to queue
[2024-11-24T16:44:53.466+0000] {logging_mixin.py:190} INFO - [2024-11-24T16:44:53.466+0000] {dagbag.py:588} INFO - Filling up the DagBag from /opt/airflow/dags/script/example/dag_with_catchup_and_backfill.py
[2024-11-24T16:44:53.468+0000] {processor.py:927} WARNING - No viable dags retrieved from /opt/airflow/dags/script/example/dag_with_catchup_and_backfill.py
[2024-11-24T16:44:53.476+0000] {processor.py:208} INFO - Processing /opt/airflow/dags/script/example/dag_with_catchup_and_backfill.py took 0.014 seconds
[2024-11-24T16:45:23.521+0000] {processor.py:186} INFO - Started process (PID=5216) to work on /opt/airflow/dags/script/example/dag_with_catchup_and_backfill.py
[2024-11-24T16:45:23.522+0000] {processor.py:914} INFO - Processing file /opt/airflow/dags/script/example/dag_with_catchup_and_backfill.py for tasks to queue
[2024-11-24T16:45:23.522+0000] {logging_mixin.py:190} INFO - [2024-11-24T16:45:23.522+0000] {dagbag.py:588} INFO - Filling up the DagBag from /opt/airflow/dags/script/example/dag_with_catchup_and_backfill.py
[2024-11-24T16:45:23.523+0000] {processor.py:927} WARNING - No viable dags retrieved from /opt/airflow/dags/script/example/dag_with_catchup_and_backfill.py
[2024-11-24T16:45:23.528+0000] {processor.py:208} INFO - Processing /opt/airflow/dags/script/example/dag_with_catchup_and_backfill.py took 0.008 seconds
[2024-11-24T16:45:54.039+0000] {processor.py:186} INFO - Started process (PID=5572) to work on /opt/airflow/dags/script/example/dag_with_catchup_and_backfill.py
[2024-11-24T16:45:54.039+0000] {processor.py:914} INFO - Processing file /opt/airflow/dags/script/example/dag_with_catchup_and_backfill.py for tasks to queue
[2024-11-24T16:45:54.039+0000] {logging_mixin.py:190} INFO - [2024-11-24T16:45:54.039+0000] {dagbag.py:588} INFO - Filling up the DagBag from /opt/airflow/dags/script/example/dag_with_catchup_and_backfill.py
[2024-11-24T16:45:54.041+0000] {processor.py:927} WARNING - No viable dags retrieved from /opt/airflow/dags/script/example/dag_with_catchup_and_backfill.py
[2024-11-24T16:45:54.048+0000] {processor.py:208} INFO - Processing /opt/airflow/dags/script/example/dag_with_catchup_and_backfill.py took 0.012 seconds
[2024-11-24T16:46:24.375+0000] {processor.py:186} INFO - Started process (PID=5928) to work on /opt/airflow/dags/script/example/dag_with_catchup_and_backfill.py
[2024-11-24T16:46:24.376+0000] {processor.py:914} INFO - Processing file /opt/airflow/dags/script/example/dag_with_catchup_and_backfill.py for tasks to queue
[2024-11-24T16:46:24.376+0000] {logging_mixin.py:190} INFO - [2024-11-24T16:46:24.376+0000] {dagbag.py:588} INFO - Filling up the DagBag from /opt/airflow/dags/script/example/dag_with_catchup_and_backfill.py
[2024-11-24T16:46:24.378+0000] {processor.py:927} WARNING - No viable dags retrieved from /opt/airflow/dags/script/example/dag_with_catchup_and_backfill.py
[2024-11-24T16:46:24.386+0000] {processor.py:208} INFO - Processing /opt/airflow/dags/script/example/dag_with_catchup_and_backfill.py took 0.013 seconds
[2024-11-24T16:46:54.788+0000] {processor.py:186} INFO - Started process (PID=6284) to work on /opt/airflow/dags/script/example/dag_with_catchup_and_backfill.py
[2024-11-24T16:46:54.789+0000] {processor.py:914} INFO - Processing file /opt/airflow/dags/script/example/dag_with_catchup_and_backfill.py for tasks to queue
[2024-11-24T16:46:54.789+0000] {logging_mixin.py:190} INFO - [2024-11-24T16:46:54.789+0000] {dagbag.py:588} INFO - Filling up the DagBag from /opt/airflow/dags/script/example/dag_with_catchup_and_backfill.py
[2024-11-24T16:46:54.791+0000] {processor.py:927} WARNING - No viable dags retrieved from /opt/airflow/dags/script/example/dag_with_catchup_and_backfill.py
[2024-11-24T16:46:54.798+0000] {processor.py:208} INFO - Processing /opt/airflow/dags/script/example/dag_with_catchup_and_backfill.py took 0.012 seconds
[2024-11-24T16:47:25.398+0000] {processor.py:186} INFO - Started process (PID=6640) to work on /opt/airflow/dags/script/example/dag_with_catchup_and_backfill.py
[2024-11-24T16:47:25.398+0000] {processor.py:914} INFO - Processing file /opt/airflow/dags/script/example/dag_with_catchup_and_backfill.py for tasks to queue
[2024-11-24T16:47:25.399+0000] {logging_mixin.py:190} INFO - [2024-11-24T16:47:25.399+0000] {dagbag.py:588} INFO - Filling up the DagBag from /opt/airflow/dags/script/example/dag_with_catchup_and_backfill.py
[2024-11-24T16:47:25.401+0000] {processor.py:927} WARNING - No viable dags retrieved from /opt/airflow/dags/script/example/dag_with_catchup_and_backfill.py
[2024-11-24T16:47:25.408+0000] {processor.py:208} INFO - Processing /opt/airflow/dags/script/example/dag_with_catchup_and_backfill.py took 0.013 seconds
[2024-11-24T16:47:55.922+0000] {processor.py:186} INFO - Started process (PID=6996) to work on /opt/airflow/dags/script/example/dag_with_catchup_and_backfill.py
[2024-11-24T16:47:55.923+0000] {processor.py:914} INFO - Processing file /opt/airflow/dags/script/example/dag_with_catchup_and_backfill.py for tasks to queue
[2024-11-24T16:47:55.923+0000] {logging_mixin.py:190} INFO - [2024-11-24T16:47:55.923+0000] {dagbag.py:588} INFO - Filling up the DagBag from /opt/airflow/dags/script/example/dag_with_catchup_and_backfill.py
[2024-11-24T16:47:55.925+0000] {processor.py:927} WARNING - No viable dags retrieved from /opt/airflow/dags/script/example/dag_with_catchup_and_backfill.py
[2024-11-24T16:47:55.931+0000] {processor.py:208} INFO - Processing /opt/airflow/dags/script/example/dag_with_catchup_and_backfill.py took 0.011 seconds
[2024-11-24T16:48:26.330+0000] {processor.py:186} INFO - Started process (PID=7352) to work on /opt/airflow/dags/script/example/dag_with_catchup_and_backfill.py
[2024-11-24T16:48:26.330+0000] {processor.py:914} INFO - Processing file /opt/airflow/dags/script/example/dag_with_catchup_and_backfill.py for tasks to queue
[2024-11-24T16:48:26.331+0000] {logging_mixin.py:190} INFO - [2024-11-24T16:48:26.330+0000] {dagbag.py:588} INFO - Filling up the DagBag from /opt/airflow/dags/script/example/dag_with_catchup_and_backfill.py
[2024-11-24T16:48:26.332+0000] {processor.py:927} WARNING - No viable dags retrieved from /opt/airflow/dags/script/example/dag_with_catchup_and_backfill.py
[2024-11-24T16:48:26.339+0000] {processor.py:208} INFO - Processing /opt/airflow/dags/script/example/dag_with_catchup_and_backfill.py took 0.012 seconds
[2024-11-24T16:48:56.765+0000] {processor.py:186} INFO - Started process (PID=7708) to work on /opt/airflow/dags/script/example/dag_with_catchup_and_backfill.py
[2024-11-24T16:48:56.765+0000] {processor.py:914} INFO - Processing file /opt/airflow/dags/script/example/dag_with_catchup_and_backfill.py for tasks to queue
[2024-11-24T16:48:56.766+0000] {logging_mixin.py:190} INFO - [2024-11-24T16:48:56.766+0000] {dagbag.py:588} INFO - Filling up the DagBag from /opt/airflow/dags/script/example/dag_with_catchup_and_backfill.py
[2024-11-24T16:48:56.768+0000] {processor.py:927} WARNING - No viable dags retrieved from /opt/airflow/dags/script/example/dag_with_catchup_and_backfill.py
[2024-11-24T16:48:56.776+0000] {processor.py:208} INFO - Processing /opt/airflow/dags/script/example/dag_with_catchup_and_backfill.py took 0.014 seconds
[2024-11-24T16:49:27.124+0000] {processor.py:186} INFO - Started process (PID=8064) to work on /opt/airflow/dags/script/example/dag_with_catchup_and_backfill.py
[2024-11-24T16:49:27.124+0000] {processor.py:914} INFO - Processing file /opt/airflow/dags/script/example/dag_with_catchup_and_backfill.py for tasks to queue
[2024-11-24T16:49:27.125+0000] {logging_mixin.py:190} INFO - [2024-11-24T16:49:27.125+0000] {dagbag.py:588} INFO - Filling up the DagBag from /opt/airflow/dags/script/example/dag_with_catchup_and_backfill.py
[2024-11-24T16:49:27.127+0000] {processor.py:927} WARNING - No viable dags retrieved from /opt/airflow/dags/script/example/dag_with_catchup_and_backfill.py
[2024-11-24T16:49:27.134+0000] {processor.py:208} INFO - Processing /opt/airflow/dags/script/example/dag_with_catchup_and_backfill.py took 0.012 seconds
[2024-11-24T16:49:57.542+0000] {processor.py:186} INFO - Started process (PID=8420) to work on /opt/airflow/dags/script/example/dag_with_catchup_and_backfill.py
[2024-11-24T16:49:57.543+0000] {processor.py:914} INFO - Processing file /opt/airflow/dags/script/example/dag_with_catchup_and_backfill.py for tasks to queue
[2024-11-24T16:49:57.543+0000] {logging_mixin.py:190} INFO - [2024-11-24T16:49:57.543+0000] {dagbag.py:588} INFO - Filling up the DagBag from /opt/airflow/dags/script/example/dag_with_catchup_and_backfill.py
[2024-11-24T16:49:57.545+0000] {processor.py:927} WARNING - No viable dags retrieved from /opt/airflow/dags/script/example/dag_with_catchup_and_backfill.py
[2024-11-24T16:49:57.552+0000] {processor.py:208} INFO - Processing /opt/airflow/dags/script/example/dag_with_catchup_and_backfill.py took 0.013 seconds
[2024-11-24T16:50:27.881+0000] {processor.py:186} INFO - Started process (PID=8776) to work on /opt/airflow/dags/script/example/dag_with_catchup_and_backfill.py
[2024-11-24T16:50:27.881+0000] {processor.py:914} INFO - Processing file /opt/airflow/dags/script/example/dag_with_catchup_and_backfill.py for tasks to queue
[2024-11-24T16:50:27.882+0000] {logging_mixin.py:190} INFO - [2024-11-24T16:50:27.882+0000] {dagbag.py:588} INFO - Filling up the DagBag from /opt/airflow/dags/script/example/dag_with_catchup_and_backfill.py
[2024-11-24T16:50:27.885+0000] {processor.py:927} WARNING - No viable dags retrieved from /opt/airflow/dags/script/example/dag_with_catchup_and_backfill.py
[2024-11-24T16:50:27.892+0000] {processor.py:208} INFO - Processing /opt/airflow/dags/script/example/dag_with_catchup_and_backfill.py took 0.014 seconds
[2024-11-24T16:50:58.901+0000] {processor.py:186} INFO - Started process (PID=9137) to work on /opt/airflow/dags/script/example/dag_with_catchup_and_backfill.py
[2024-11-24T16:50:58.902+0000] {processor.py:914} INFO - Processing file /opt/airflow/dags/script/example/dag_with_catchup_and_backfill.py for tasks to queue
[2024-11-24T16:50:58.902+0000] {logging_mixin.py:190} INFO - [2024-11-24T16:50:58.902+0000] {dagbag.py:588} INFO - Filling up the DagBag from /opt/airflow/dags/script/example/dag_with_catchup_and_backfill.py
[2024-11-24T16:50:58.904+0000] {processor.py:927} WARNING - No viable dags retrieved from /opt/airflow/dags/script/example/dag_with_catchup_and_backfill.py
[2024-11-24T16:50:58.910+0000] {processor.py:208} INFO - Processing /opt/airflow/dags/script/example/dag_with_catchup_and_backfill.py took 0.012 seconds
[2024-11-24T16:51:29.747+0000] {processor.py:186} INFO - Started process (PID=9493) to work on /opt/airflow/dags/script/example/dag_with_catchup_and_backfill.py
[2024-11-24T16:51:29.747+0000] {processor.py:914} INFO - Processing file /opt/airflow/dags/script/example/dag_with_catchup_and_backfill.py for tasks to queue
[2024-11-24T16:51:29.747+0000] {logging_mixin.py:190} INFO - [2024-11-24T16:51:29.747+0000] {dagbag.py:588} INFO - Filling up the DagBag from /opt/airflow/dags/script/example/dag_with_catchup_and_backfill.py
[2024-11-24T16:51:29.749+0000] {processor.py:927} WARNING - No viable dags retrieved from /opt/airflow/dags/script/example/dag_with_catchup_and_backfill.py
[2024-11-24T16:51:29.755+0000] {processor.py:208} INFO - Processing /opt/airflow/dags/script/example/dag_with_catchup_and_backfill.py took 0.010 seconds
[2024-11-24T16:52:00.257+0000] {processor.py:186} INFO - Started process (PID=9849) to work on /opt/airflow/dags/script/example/dag_with_catchup_and_backfill.py
[2024-11-24T16:52:00.258+0000] {processor.py:914} INFO - Processing file /opt/airflow/dags/script/example/dag_with_catchup_and_backfill.py for tasks to queue
[2024-11-24T16:52:00.259+0000] {logging_mixin.py:190} INFO - [2024-11-24T16:52:00.259+0000] {dagbag.py:588} INFO - Filling up the DagBag from /opt/airflow/dags/script/example/dag_with_catchup_and_backfill.py
[2024-11-24T16:52:00.261+0000] {processor.py:927} WARNING - No viable dags retrieved from /opt/airflow/dags/script/example/dag_with_catchup_and_backfill.py
[2024-11-24T16:52:00.267+0000] {processor.py:208} INFO - Processing /opt/airflow/dags/script/example/dag_with_catchup_and_backfill.py took 0.013 seconds
[2024-11-24T16:52:30.624+0000] {processor.py:186} INFO - Started process (PID=10205) to work on /opt/airflow/dags/script/example/dag_with_catchup_and_backfill.py
[2024-11-24T16:52:30.625+0000] {processor.py:914} INFO - Processing file /opt/airflow/dags/script/example/dag_with_catchup_and_backfill.py for tasks to queue
[2024-11-24T16:52:30.625+0000] {logging_mixin.py:190} INFO - [2024-11-24T16:52:30.625+0000] {dagbag.py:588} INFO - Filling up the DagBag from /opt/airflow/dags/script/example/dag_with_catchup_and_backfill.py
[2024-11-24T16:52:30.627+0000] {processor.py:927} WARNING - No viable dags retrieved from /opt/airflow/dags/script/example/dag_with_catchup_and_backfill.py
[2024-11-24T16:52:30.633+0000] {processor.py:208} INFO - Processing /opt/airflow/dags/script/example/dag_with_catchup_and_backfill.py took 0.011 seconds
[2024-11-24T16:53:00.939+0000] {processor.py:186} INFO - Started process (PID=10561) to work on /opt/airflow/dags/script/example/dag_with_catchup_and_backfill.py
[2024-11-24T16:53:00.940+0000] {processor.py:914} INFO - Processing file /opt/airflow/dags/script/example/dag_with_catchup_and_backfill.py for tasks to queue
[2024-11-24T16:53:00.940+0000] {logging_mixin.py:190} INFO - [2024-11-24T16:53:00.940+0000] {dagbag.py:588} INFO - Filling up the DagBag from /opt/airflow/dags/script/example/dag_with_catchup_and_backfill.py
[2024-11-24T16:53:00.942+0000] {processor.py:927} WARNING - No viable dags retrieved from /opt/airflow/dags/script/example/dag_with_catchup_and_backfill.py
[2024-11-24T16:53:00.949+0000] {processor.py:208} INFO - Processing /opt/airflow/dags/script/example/dag_with_catchup_and_backfill.py took 0.012 seconds
[2024-11-24T16:53:31.605+0000] {processor.py:186} INFO - Started process (PID=10937) to work on /opt/airflow/dags/script/example/dag_with_catchup_and_backfill.py
[2024-11-24T16:53:31.606+0000] {processor.py:914} INFO - Processing file /opt/airflow/dags/script/example/dag_with_catchup_and_backfill.py for tasks to queue
[2024-11-24T16:53:31.606+0000] {logging_mixin.py:190} INFO - [2024-11-24T16:53:31.606+0000] {dagbag.py:588} INFO - Filling up the DagBag from /opt/airflow/dags/script/example/dag_with_catchup_and_backfill.py
[2024-11-24T16:53:31.608+0000] {processor.py:927} WARNING - No viable dags retrieved from /opt/airflow/dags/script/example/dag_with_catchup_and_backfill.py
[2024-11-24T16:53:31.616+0000] {processor.py:208} INFO - Processing /opt/airflow/dags/script/example/dag_with_catchup_and_backfill.py took 0.013 seconds
[2024-11-24T16:54:02.096+0000] {processor.py:186} INFO - Started process (PID=11296) to work on /opt/airflow/dags/script/example/dag_with_catchup_and_backfill.py
[2024-11-24T16:54:02.097+0000] {processor.py:914} INFO - Processing file /opt/airflow/dags/script/example/dag_with_catchup_and_backfill.py for tasks to queue
[2024-11-24T16:54:02.097+0000] {logging_mixin.py:190} INFO - [2024-11-24T16:54:02.097+0000] {dagbag.py:588} INFO - Filling up the DagBag from /opt/airflow/dags/script/example/dag_with_catchup_and_backfill.py
[2024-11-24T16:54:02.100+0000] {processor.py:927} WARNING - No viable dags retrieved from /opt/airflow/dags/script/example/dag_with_catchup_and_backfill.py
[2024-11-24T16:54:02.108+0000] {processor.py:208} INFO - Processing /opt/airflow/dags/script/example/dag_with_catchup_and_backfill.py took 0.014 seconds
[2024-11-24T16:54:32.651+0000] {processor.py:186} INFO - Started process (PID=11658) to work on /opt/airflow/dags/script/example/dag_with_catchup_and_backfill.py
[2024-11-24T16:54:32.652+0000] {processor.py:914} INFO - Processing file /opt/airflow/dags/script/example/dag_with_catchup_and_backfill.py for tasks to queue
[2024-11-24T16:54:32.652+0000] {logging_mixin.py:190} INFO - [2024-11-24T16:54:32.652+0000] {dagbag.py:588} INFO - Filling up the DagBag from /opt/airflow/dags/script/example/dag_with_catchup_and_backfill.py
[2024-11-24T16:54:32.655+0000] {processor.py:927} WARNING - No viable dags retrieved from /opt/airflow/dags/script/example/dag_with_catchup_and_backfill.py
[2024-11-24T16:54:32.663+0000] {processor.py:208} INFO - Processing /opt/airflow/dags/script/example/dag_with_catchup_and_backfill.py took 0.014 seconds
[2024-11-24T16:55:03.130+0000] {processor.py:186} INFO - Started process (PID=12014) to work on /opt/airflow/dags/script/example/dag_with_catchup_and_backfill.py
[2024-11-24T16:55:03.131+0000] {processor.py:914} INFO - Processing file /opt/airflow/dags/script/example/dag_with_catchup_and_backfill.py for tasks to queue
[2024-11-24T16:55:03.131+0000] {logging_mixin.py:190} INFO - [2024-11-24T16:55:03.131+0000] {dagbag.py:588} INFO - Filling up the DagBag from /opt/airflow/dags/script/example/dag_with_catchup_and_backfill.py
[2024-11-24T16:55:03.133+0000] {processor.py:927} WARNING - No viable dags retrieved from /opt/airflow/dags/script/example/dag_with_catchup_and_backfill.py
[2024-11-24T16:55:03.141+0000] {processor.py:208} INFO - Processing /opt/airflow/dags/script/example/dag_with_catchup_and_backfill.py took 0.013 seconds
[2024-11-24T16:55:33.484+0000] {processor.py:186} INFO - Started process (PID=12370) to work on /opt/airflow/dags/script/example/dag_with_catchup_and_backfill.py
[2024-11-24T16:55:33.485+0000] {processor.py:914} INFO - Processing file /opt/airflow/dags/script/example/dag_with_catchup_and_backfill.py for tasks to queue
[2024-11-24T16:55:33.485+0000] {logging_mixin.py:190} INFO - [2024-11-24T16:55:33.485+0000] {dagbag.py:588} INFO - Filling up the DagBag from /opt/airflow/dags/script/example/dag_with_catchup_and_backfill.py
[2024-11-24T16:55:33.487+0000] {processor.py:927} WARNING - No viable dags retrieved from /opt/airflow/dags/script/example/dag_with_catchup_and_backfill.py
[2024-11-24T16:55:33.494+0000] {processor.py:208} INFO - Processing /opt/airflow/dags/script/example/dag_with_catchup_and_backfill.py took 0.012 seconds
[2024-11-24T16:56:03.984+0000] {processor.py:186} INFO - Started process (PID=12726) to work on /opt/airflow/dags/script/example/dag_with_catchup_and_backfill.py
[2024-11-24T16:56:03.984+0000] {processor.py:914} INFO - Processing file /opt/airflow/dags/script/example/dag_with_catchup_and_backfill.py for tasks to queue
[2024-11-24T16:56:03.985+0000] {logging_mixin.py:190} INFO - [2024-11-24T16:56:03.985+0000] {dagbag.py:588} INFO - Filling up the DagBag from /opt/airflow/dags/script/example/dag_with_catchup_and_backfill.py
[2024-11-24T16:56:03.987+0000] {processor.py:927} WARNING - No viable dags retrieved from /opt/airflow/dags/script/example/dag_with_catchup_and_backfill.py
[2024-11-24T16:56:03.993+0000] {processor.py:208} INFO - Processing /opt/airflow/dags/script/example/dag_with_catchup_and_backfill.py took 0.011 seconds
[2024-11-24T16:56:34.343+0000] {processor.py:186} INFO - Started process (PID=13082) to work on /opt/airflow/dags/script/example/dag_with_catchup_and_backfill.py
[2024-11-24T16:56:34.344+0000] {processor.py:914} INFO - Processing file /opt/airflow/dags/script/example/dag_with_catchup_and_backfill.py for tasks to queue
[2024-11-24T16:56:34.344+0000] {logging_mixin.py:190} INFO - [2024-11-24T16:56:34.344+0000] {dagbag.py:588} INFO - Filling up the DagBag from /opt/airflow/dags/script/example/dag_with_catchup_and_backfill.py
[2024-11-24T16:56:34.346+0000] {processor.py:927} WARNING - No viable dags retrieved from /opt/airflow/dags/script/example/dag_with_catchup_and_backfill.py
[2024-11-24T16:56:34.352+0000] {processor.py:208} INFO - Processing /opt/airflow/dags/script/example/dag_with_catchup_and_backfill.py took 0.011 seconds
[2024-11-24T16:57:04.746+0000] {processor.py:186} INFO - Started process (PID=13438) to work on /opt/airflow/dags/script/example/dag_with_catchup_and_backfill.py
[2024-11-24T16:57:04.747+0000] {processor.py:914} INFO - Processing file /opt/airflow/dags/script/example/dag_with_catchup_and_backfill.py for tasks to queue
[2024-11-24T16:57:04.747+0000] {logging_mixin.py:190} INFO - [2024-11-24T16:57:04.747+0000] {dagbag.py:588} INFO - Filling up the DagBag from /opt/airflow/dags/script/example/dag_with_catchup_and_backfill.py
[2024-11-24T16:57:04.749+0000] {processor.py:927} WARNING - No viable dags retrieved from /opt/airflow/dags/script/example/dag_with_catchup_and_backfill.py
[2024-11-24T16:57:04.755+0000] {processor.py:208} INFO - Processing /opt/airflow/dags/script/example/dag_with_catchup_and_backfill.py took 0.012 seconds
[2024-11-24T16:57:35.057+0000] {processor.py:186} INFO - Started process (PID=13794) to work on /opt/airflow/dags/script/example/dag_with_catchup_and_backfill.py
[2024-11-24T16:57:35.057+0000] {processor.py:914} INFO - Processing file /opt/airflow/dags/script/example/dag_with_catchup_and_backfill.py for tasks to queue
[2024-11-24T16:57:35.057+0000] {logging_mixin.py:190} INFO - [2024-11-24T16:57:35.057+0000] {dagbag.py:588} INFO - Filling up the DagBag from /opt/airflow/dags/script/example/dag_with_catchup_and_backfill.py
[2024-11-24T16:57:35.059+0000] {processor.py:927} WARNING - No viable dags retrieved from /opt/airflow/dags/script/example/dag_with_catchup_and_backfill.py
[2024-11-24T16:57:35.066+0000] {processor.py:208} INFO - Processing /opt/airflow/dags/script/example/dag_with_catchup_and_backfill.py took 0.012 seconds
[2024-11-24T16:58:05.468+0000] {processor.py:186} INFO - Started process (PID=14165) to work on /opt/airflow/dags/script/example/dag_with_catchup_and_backfill.py
[2024-11-24T16:58:05.469+0000] {processor.py:914} INFO - Processing file /opt/airflow/dags/script/example/dag_with_catchup_and_backfill.py for tasks to queue
[2024-11-24T16:58:05.469+0000] {logging_mixin.py:190} INFO - [2024-11-24T16:58:05.469+0000] {dagbag.py:588} INFO - Filling up the DagBag from /opt/airflow/dags/script/example/dag_with_catchup_and_backfill.py
[2024-11-24T16:58:05.471+0000] {processor.py:927} WARNING - No viable dags retrieved from /opt/airflow/dags/script/example/dag_with_catchup_and_backfill.py
[2024-11-24T16:58:05.478+0000] {processor.py:208} INFO - Processing /opt/airflow/dags/script/example/dag_with_catchup_and_backfill.py took 0.012 seconds
[2024-11-24T16:58:35.768+0000] {processor.py:186} INFO - Started process (PID=14524) to work on /opt/airflow/dags/script/example/dag_with_catchup_and_backfill.py
[2024-11-24T16:58:35.769+0000] {processor.py:914} INFO - Processing file /opt/airflow/dags/script/example/dag_with_catchup_and_backfill.py for tasks to queue
[2024-11-24T16:58:35.770+0000] {logging_mixin.py:190} INFO - [2024-11-24T16:58:35.770+0000] {dagbag.py:588} INFO - Filling up the DagBag from /opt/airflow/dags/script/example/dag_with_catchup_and_backfill.py
[2024-11-24T16:58:35.771+0000] {processor.py:927} WARNING - No viable dags retrieved from /opt/airflow/dags/script/example/dag_with_catchup_and_backfill.py
[2024-11-24T16:58:35.778+0000] {processor.py:208} INFO - Processing /opt/airflow/dags/script/example/dag_with_catchup_and_backfill.py took 0.012 seconds
[2024-11-24T16:59:06.552+0000] {processor.py:186} INFO - Started process (PID=14880) to work on /opt/airflow/dags/script/example/dag_with_catchup_and_backfill.py
[2024-11-24T16:59:06.552+0000] {processor.py:914} INFO - Processing file /opt/airflow/dags/script/example/dag_with_catchup_and_backfill.py for tasks to queue
[2024-11-24T16:59:06.553+0000] {logging_mixin.py:190} INFO - [2024-11-24T16:59:06.552+0000] {dagbag.py:588} INFO - Filling up the DagBag from /opt/airflow/dags/script/example/dag_with_catchup_and_backfill.py
[2024-11-24T16:59:06.554+0000] {processor.py:927} WARNING - No viable dags retrieved from /opt/airflow/dags/script/example/dag_with_catchup_and_backfill.py
[2024-11-24T16:59:06.562+0000] {processor.py:208} INFO - Processing /opt/airflow/dags/script/example/dag_with_catchup_and_backfill.py took 0.013 seconds
[2024-11-24T16:59:37.233+0000] {processor.py:186} INFO - Started process (PID=15250) to work on /opt/airflow/dags/script/example/dag_with_catchup_and_backfill.py
[2024-11-24T16:59:37.234+0000] {processor.py:914} INFO - Processing file /opt/airflow/dags/script/example/dag_with_catchup_and_backfill.py for tasks to queue
[2024-11-24T16:59:37.234+0000] {logging_mixin.py:190} INFO - [2024-11-24T16:59:37.234+0000] {dagbag.py:588} INFO - Filling up the DagBag from /opt/airflow/dags/script/example/dag_with_catchup_and_backfill.py
[2024-11-24T16:59:37.236+0000] {processor.py:927} WARNING - No viable dags retrieved from /opt/airflow/dags/script/example/dag_with_catchup_and_backfill.py
[2024-11-24T16:59:37.243+0000] {processor.py:208} INFO - Processing /opt/airflow/dags/script/example/dag_with_catchup_and_backfill.py took 0.012 seconds
[2024-11-24T17:00:07.893+0000] {processor.py:186} INFO - Started process (PID=15606) to work on /opt/airflow/dags/script/example/dag_with_catchup_and_backfill.py
[2024-11-24T17:00:07.893+0000] {processor.py:914} INFO - Processing file /opt/airflow/dags/script/example/dag_with_catchup_and_backfill.py for tasks to queue
[2024-11-24T17:00:07.894+0000] {logging_mixin.py:190} INFO - [2024-11-24T17:00:07.894+0000] {dagbag.py:588} INFO - Filling up the DagBag from /opt/airflow/dags/script/example/dag_with_catchup_and_backfill.py
[2024-11-24T17:00:07.895+0000] {processor.py:927} WARNING - No viable dags retrieved from /opt/airflow/dags/script/example/dag_with_catchup_and_backfill.py
[2024-11-24T17:00:07.902+0000] {processor.py:208} INFO - Processing /opt/airflow/dags/script/example/dag_with_catchup_and_backfill.py took 0.012 seconds
[2024-11-24T17:00:38.488+0000] {processor.py:186} INFO - Started process (PID=15962) to work on /opt/airflow/dags/script/example/dag_with_catchup_and_backfill.py
[2024-11-24T17:00:38.489+0000] {processor.py:914} INFO - Processing file /opt/airflow/dags/script/example/dag_with_catchup_and_backfill.py for tasks to queue
[2024-11-24T17:00:38.489+0000] {logging_mixin.py:190} INFO - [2024-11-24T17:00:38.489+0000] {dagbag.py:588} INFO - Filling up the DagBag from /opt/airflow/dags/script/example/dag_with_catchup_and_backfill.py
[2024-11-24T17:00:38.492+0000] {processor.py:927} WARNING - No viable dags retrieved from /opt/airflow/dags/script/example/dag_with_catchup_and_backfill.py
[2024-11-24T17:00:38.501+0000] {processor.py:208} INFO - Processing /opt/airflow/dags/script/example/dag_with_catchup_and_backfill.py took 0.016 seconds
[2024-11-24T17:01:08.855+0000] {processor.py:186} INFO - Started process (PID=16318) to work on /opt/airflow/dags/script/example/dag_with_catchup_and_backfill.py
[2024-11-24T17:01:08.856+0000] {processor.py:914} INFO - Processing file /opt/airflow/dags/script/example/dag_with_catchup_and_backfill.py for tasks to queue
[2024-11-24T17:01:08.856+0000] {logging_mixin.py:190} INFO - [2024-11-24T17:01:08.856+0000] {dagbag.py:588} INFO - Filling up the DagBag from /opt/airflow/dags/script/example/dag_with_catchup_and_backfill.py
[2024-11-24T17:01:08.858+0000] {processor.py:927} WARNING - No viable dags retrieved from /opt/airflow/dags/script/example/dag_with_catchup_and_backfill.py
[2024-11-24T17:01:08.865+0000] {processor.py:208} INFO - Processing /opt/airflow/dags/script/example/dag_with_catchup_and_backfill.py took 0.012 seconds
[2024-11-24T17:01:39.137+0000] {processor.py:186} INFO - Started process (PID=16674) to work on /opt/airflow/dags/script/example/dag_with_catchup_and_backfill.py
[2024-11-24T17:01:39.137+0000] {processor.py:914} INFO - Processing file /opt/airflow/dags/script/example/dag_with_catchup_and_backfill.py for tasks to queue
[2024-11-24T17:01:39.137+0000] {logging_mixin.py:190} INFO - [2024-11-24T17:01:39.137+0000] {dagbag.py:588} INFO - Filling up the DagBag from /opt/airflow/dags/script/example/dag_with_catchup_and_backfill.py
[2024-11-24T17:01:39.139+0000] {processor.py:927} WARNING - No viable dags retrieved from /opt/airflow/dags/script/example/dag_with_catchup_and_backfill.py
[2024-11-24T17:01:39.147+0000] {processor.py:208} INFO - Processing /opt/airflow/dags/script/example/dag_with_catchup_and_backfill.py took 0.013 seconds
[2024-11-24T17:02:09.539+0000] {processor.py:186} INFO - Started process (PID=17030) to work on /opt/airflow/dags/script/example/dag_with_catchup_and_backfill.py
[2024-11-24T17:02:09.539+0000] {processor.py:914} INFO - Processing file /opt/airflow/dags/script/example/dag_with_catchup_and_backfill.py for tasks to queue
[2024-11-24T17:02:09.539+0000] {logging_mixin.py:190} INFO - [2024-11-24T17:02:09.539+0000] {dagbag.py:588} INFO - Filling up the DagBag from /opt/airflow/dags/script/example/dag_with_catchup_and_backfill.py
[2024-11-24T17:02:09.541+0000] {processor.py:927} WARNING - No viable dags retrieved from /opt/airflow/dags/script/example/dag_with_catchup_and_backfill.py
[2024-11-24T17:02:09.548+0000] {processor.py:208} INFO - Processing /opt/airflow/dags/script/example/dag_with_catchup_and_backfill.py took 0.012 seconds
[2024-11-24T17:02:40.099+0000] {processor.py:186} INFO - Started process (PID=17386) to work on /opt/airflow/dags/script/example/dag_with_catchup_and_backfill.py
[2024-11-24T17:02:40.100+0000] {processor.py:914} INFO - Processing file /opt/airflow/dags/script/example/dag_with_catchup_and_backfill.py for tasks to queue
[2024-11-24T17:02:40.100+0000] {logging_mixin.py:190} INFO - [2024-11-24T17:02:40.100+0000] {dagbag.py:588} INFO - Filling up the DagBag from /opt/airflow/dags/script/example/dag_with_catchup_and_backfill.py
[2024-11-24T17:02:40.102+0000] {processor.py:927} WARNING - No viable dags retrieved from /opt/airflow/dags/script/example/dag_with_catchup_and_backfill.py
[2024-11-24T17:02:40.109+0000] {processor.py:208} INFO - Processing /opt/airflow/dags/script/example/dag_with_catchup_and_backfill.py took 0.013 seconds
[2024-11-24T17:03:10.534+0000] {processor.py:186} INFO - Started process (PID=17742) to work on /opt/airflow/dags/script/example/dag_with_catchup_and_backfill.py
[2024-11-24T17:03:10.534+0000] {processor.py:914} INFO - Processing file /opt/airflow/dags/script/example/dag_with_catchup_and_backfill.py for tasks to queue
[2024-11-24T17:03:10.535+0000] {logging_mixin.py:190} INFO - [2024-11-24T17:03:10.535+0000] {dagbag.py:588} INFO - Filling up the DagBag from /opt/airflow/dags/script/example/dag_with_catchup_and_backfill.py
[2024-11-24T17:03:10.537+0000] {processor.py:927} WARNING - No viable dags retrieved from /opt/airflow/dags/script/example/dag_with_catchup_and_backfill.py
[2024-11-24T17:03:10.545+0000] {processor.py:208} INFO - Processing /opt/airflow/dags/script/example/dag_with_catchup_and_backfill.py took 0.014 seconds
[2024-11-24T17:03:40.952+0000] {processor.py:186} INFO - Started process (PID=18098) to work on /opt/airflow/dags/script/example/dag_with_catchup_and_backfill.py
[2024-11-24T17:03:40.952+0000] {processor.py:914} INFO - Processing file /opt/airflow/dags/script/example/dag_with_catchup_and_backfill.py for tasks to queue
[2024-11-24T17:03:40.953+0000] {logging_mixin.py:190} INFO - [2024-11-24T17:03:40.953+0000] {dagbag.py:588} INFO - Filling up the DagBag from /opt/airflow/dags/script/example/dag_with_catchup_and_backfill.py
[2024-11-24T17:03:40.955+0000] {processor.py:927} WARNING - No viable dags retrieved from /opt/airflow/dags/script/example/dag_with_catchup_and_backfill.py
[2024-11-24T17:03:40.962+0000] {processor.py:208} INFO - Processing /opt/airflow/dags/script/example/dag_with_catchup_and_backfill.py took 0.012 seconds
[2024-11-24T17:04:11.309+0000] {processor.py:186} INFO - Started process (PID=18454) to work on /opt/airflow/dags/script/example/dag_with_catchup_and_backfill.py
[2024-11-24T17:04:11.310+0000] {processor.py:914} INFO - Processing file /opt/airflow/dags/script/example/dag_with_catchup_and_backfill.py for tasks to queue
[2024-11-24T17:04:11.310+0000] {logging_mixin.py:190} INFO - [2024-11-24T17:04:11.310+0000] {dagbag.py:588} INFO - Filling up the DagBag from /opt/airflow/dags/script/example/dag_with_catchup_and_backfill.py
[2024-11-24T17:04:11.312+0000] {processor.py:927} WARNING - No viable dags retrieved from /opt/airflow/dags/script/example/dag_with_catchup_and_backfill.py
[2024-11-24T17:04:11.318+0000] {processor.py:208} INFO - Processing /opt/airflow/dags/script/example/dag_with_catchup_and_backfill.py took 0.011 seconds
[2024-11-24T17:04:42.221+0000] {processor.py:186} INFO - Started process (PID=18820) to work on /opt/airflow/dags/script/example/dag_with_catchup_and_backfill.py
[2024-11-24T17:04:42.222+0000] {processor.py:914} INFO - Processing file /opt/airflow/dags/script/example/dag_with_catchup_and_backfill.py for tasks to queue
[2024-11-24T17:04:42.222+0000] {logging_mixin.py:190} INFO - [2024-11-24T17:04:42.222+0000] {dagbag.py:588} INFO - Filling up the DagBag from /opt/airflow/dags/script/example/dag_with_catchup_and_backfill.py
[2024-11-24T17:04:42.224+0000] {processor.py:927} WARNING - No viable dags retrieved from /opt/airflow/dags/script/example/dag_with_catchup_and_backfill.py
[2024-11-24T17:04:42.231+0000] {processor.py:208} INFO - Processing /opt/airflow/dags/script/example/dag_with_catchup_and_backfill.py took 0.012 seconds
[2024-11-24T17:05:13.045+0000] {processor.py:186} INFO - Started process (PID=19182) to work on /opt/airflow/dags/script/example/dag_with_catchup_and_backfill.py
[2024-11-24T17:05:13.045+0000] {processor.py:914} INFO - Processing file /opt/airflow/dags/script/example/dag_with_catchup_and_backfill.py for tasks to queue
[2024-11-24T17:05:13.045+0000] {logging_mixin.py:190} INFO - [2024-11-24T17:05:13.045+0000] {dagbag.py:588} INFO - Filling up the DagBag from /opt/airflow/dags/script/example/dag_with_catchup_and_backfill.py
[2024-11-24T17:05:13.047+0000] {processor.py:927} WARNING - No viable dags retrieved from /opt/airflow/dags/script/example/dag_with_catchup_and_backfill.py
[2024-11-24T17:05:13.059+0000] {processor.py:208} INFO - Processing /opt/airflow/dags/script/example/dag_with_catchup_and_backfill.py took 0.016 seconds
[2024-11-24T17:05:44.076+0000] {processor.py:186} INFO - Started process (PID=19538) to work on /opt/airflow/dags/script/example/dag_with_catchup_and_backfill.py
[2024-11-24T17:05:44.077+0000] {processor.py:914} INFO - Processing file /opt/airflow/dags/script/example/dag_with_catchup_and_backfill.py for tasks to queue
[2024-11-24T17:05:44.078+0000] {logging_mixin.py:190} INFO - [2024-11-24T17:05:44.078+0000] {dagbag.py:588} INFO - Filling up the DagBag from /opt/airflow/dags/script/example/dag_with_catchup_and_backfill.py
[2024-11-24T17:05:44.080+0000] {processor.py:927} WARNING - No viable dags retrieved from /opt/airflow/dags/script/example/dag_with_catchup_and_backfill.py
[2024-11-24T17:05:44.089+0000] {processor.py:208} INFO - Processing /opt/airflow/dags/script/example/dag_with_catchup_and_backfill.py took 0.019 seconds
[2024-11-24T17:06:14.852+0000] {processor.py:186} INFO - Started process (PID=19894) to work on /opt/airflow/dags/script/example/dag_with_catchup_and_backfill.py
[2024-11-24T17:06:14.853+0000] {processor.py:914} INFO - Processing file /opt/airflow/dags/script/example/dag_with_catchup_and_backfill.py for tasks to queue
[2024-11-24T17:06:14.854+0000] {logging_mixin.py:190} INFO - [2024-11-24T17:06:14.853+0000] {dagbag.py:588} INFO - Filling up the DagBag from /opt/airflow/dags/script/example/dag_with_catchup_and_backfill.py
[2024-11-24T17:06:14.856+0000] {processor.py:927} WARNING - No viable dags retrieved from /opt/airflow/dags/script/example/dag_with_catchup_and_backfill.py
[2024-11-24T17:06:14.865+0000] {processor.py:208} INFO - Processing /opt/airflow/dags/script/example/dag_with_catchup_and_backfill.py took 0.018 seconds
[2024-11-24T17:06:45.155+0000] {processor.py:186} INFO - Started process (PID=20250) to work on /opt/airflow/dags/script/example/dag_with_catchup_and_backfill.py
[2024-11-24T17:06:45.156+0000] {processor.py:914} INFO - Processing file /opt/airflow/dags/script/example/dag_with_catchup_and_backfill.py for tasks to queue
[2024-11-24T17:06:45.157+0000] {logging_mixin.py:190} INFO - [2024-11-24T17:06:45.156+0000] {dagbag.py:588} INFO - Filling up the DagBag from /opt/airflow/dags/script/example/dag_with_catchup_and_backfill.py
[2024-11-24T17:06:45.159+0000] {processor.py:927} WARNING - No viable dags retrieved from /opt/airflow/dags/script/example/dag_with_catchup_and_backfill.py
[2024-11-24T17:06:45.169+0000] {processor.py:208} INFO - Processing /opt/airflow/dags/script/example/dag_with_catchup_and_backfill.py took 0.020 seconds
[2024-11-24T17:07:15.394+0000] {processor.py:186} INFO - Started process (PID=20606) to work on /opt/airflow/dags/script/example/dag_with_catchup_and_backfill.py
[2024-11-24T17:07:15.395+0000] {processor.py:914} INFO - Processing file /opt/airflow/dags/script/example/dag_with_catchup_and_backfill.py for tasks to queue
[2024-11-24T17:07:15.396+0000] {logging_mixin.py:190} INFO - [2024-11-24T17:07:15.396+0000] {dagbag.py:588} INFO - Filling up the DagBag from /opt/airflow/dags/script/example/dag_with_catchup_and_backfill.py
[2024-11-24T17:07:15.398+0000] {processor.py:927} WARNING - No viable dags retrieved from /opt/airflow/dags/script/example/dag_with_catchup_and_backfill.py
[2024-11-24T17:07:15.409+0000] {processor.py:208} INFO - Processing /opt/airflow/dags/script/example/dag_with_catchup_and_backfill.py took 0.020 seconds
[2024-11-24T17:07:45.652+0000] {processor.py:186} INFO - Started process (PID=20962) to work on /opt/airflow/dags/script/example/dag_with_catchup_and_backfill.py
[2024-11-24T17:07:45.653+0000] {processor.py:914} INFO - Processing file /opt/airflow/dags/script/example/dag_with_catchup_and_backfill.py for tasks to queue
[2024-11-24T17:07:45.654+0000] {logging_mixin.py:190} INFO - [2024-11-24T17:07:45.654+0000] {dagbag.py:588} INFO - Filling up the DagBag from /opt/airflow/dags/script/example/dag_with_catchup_and_backfill.py
[2024-11-24T17:07:45.656+0000] {processor.py:927} WARNING - No viable dags retrieved from /opt/airflow/dags/script/example/dag_with_catchup_and_backfill.py
[2024-11-24T17:07:45.666+0000] {processor.py:208} INFO - Processing /opt/airflow/dags/script/example/dag_with_catchup_and_backfill.py took 0.020 seconds
[2024-11-24T17:08:16.042+0000] {processor.py:186} INFO - Started process (PID=21318) to work on /opt/airflow/dags/script/example/dag_with_catchup_and_backfill.py
[2024-11-24T17:08:16.042+0000] {processor.py:914} INFO - Processing file /opt/airflow/dags/script/example/dag_with_catchup_and_backfill.py for tasks to queue
[2024-11-24T17:08:16.043+0000] {logging_mixin.py:190} INFO - [2024-11-24T17:08:16.043+0000] {dagbag.py:588} INFO - Filling up the DagBag from /opt/airflow/dags/script/example/dag_with_catchup_and_backfill.py
[2024-11-24T17:08:16.047+0000] {processor.py:927} WARNING - No viable dags retrieved from /opt/airflow/dags/script/example/dag_with_catchup_and_backfill.py
[2024-11-24T17:08:16.056+0000] {processor.py:208} INFO - Processing /opt/airflow/dags/script/example/dag_with_catchup_and_backfill.py took 0.019 seconds
[2024-11-24T17:08:46.189+0000] {processor.py:186} INFO - Started process (PID=21674) to work on /opt/airflow/dags/script/example/dag_with_catchup_and_backfill.py
[2024-11-24T17:08:46.190+0000] {processor.py:914} INFO - Processing file /opt/airflow/dags/script/example/dag_with_catchup_and_backfill.py for tasks to queue
[2024-11-24T17:08:46.192+0000] {logging_mixin.py:190} INFO - [2024-11-24T17:08:46.192+0000] {dagbag.py:588} INFO - Filling up the DagBag from /opt/airflow/dags/script/example/dag_with_catchup_and_backfill.py
[2024-11-24T17:08:46.195+0000] {processor.py:927} WARNING - No viable dags retrieved from /opt/airflow/dags/script/example/dag_with_catchup_and_backfill.py
[2024-11-24T17:08:46.204+0000] {processor.py:208} INFO - Processing /opt/airflow/dags/script/example/dag_with_catchup_and_backfill.py took 0.020 seconds
[2024-11-24T17:09:16.300+0000] {processor.py:186} INFO - Started process (PID=22030) to work on /opt/airflow/dags/script/example/dag_with_catchup_and_backfill.py
[2024-11-24T17:09:16.301+0000] {processor.py:914} INFO - Processing file /opt/airflow/dags/script/example/dag_with_catchup_and_backfill.py for tasks to queue
[2024-11-24T17:09:16.302+0000] {logging_mixin.py:190} INFO - [2024-11-24T17:09:16.302+0000] {dagbag.py:588} INFO - Filling up the DagBag from /opt/airflow/dags/script/example/dag_with_catchup_and_backfill.py
[2024-11-24T17:09:16.304+0000] {processor.py:927} WARNING - No viable dags retrieved from /opt/airflow/dags/script/example/dag_with_catchup_and_backfill.py
[2024-11-24T17:09:16.314+0000] {processor.py:208} INFO - Processing /opt/airflow/dags/script/example/dag_with_catchup_and_backfill.py took 0.019 seconds
[2024-11-24T17:09:46.412+0000] {processor.py:186} INFO - Started process (PID=22386) to work on /opt/airflow/dags/script/example/dag_with_catchup_and_backfill.py
[2024-11-24T17:09:46.413+0000] {processor.py:914} INFO - Processing file /opt/airflow/dags/script/example/dag_with_catchup_and_backfill.py for tasks to queue
[2024-11-24T17:09:46.414+0000] {logging_mixin.py:190} INFO - [2024-11-24T17:09:46.414+0000] {dagbag.py:588} INFO - Filling up the DagBag from /opt/airflow/dags/script/example/dag_with_catchup_and_backfill.py
[2024-11-24T17:09:46.416+0000] {processor.py:927} WARNING - No viable dags retrieved from /opt/airflow/dags/script/example/dag_with_catchup_and_backfill.py
[2024-11-24T17:09:46.425+0000] {processor.py:208} INFO - Processing /opt/airflow/dags/script/example/dag_with_catchup_and_backfill.py took 0.017 seconds
[2024-11-24T17:18:30.530+0000] {processor.py:186} INFO - Started process (PID=22736) to work on /opt/airflow/dags/script/example/dag_with_catchup_and_backfill.py
[2024-11-24T17:18:30.530+0000] {processor.py:914} INFO - Processing file /opt/airflow/dags/script/example/dag_with_catchup_and_backfill.py for tasks to queue
[2024-11-24T17:18:30.530+0000] {logging_mixin.py:190} INFO - [2024-11-24T17:18:30.530+0000] {dagbag.py:588} INFO - Filling up the DagBag from /opt/airflow/dags/script/example/dag_with_catchup_and_backfill.py
[2024-11-24T17:18:30.531+0000] {processor.py:927} WARNING - No viable dags retrieved from /opt/airflow/dags/script/example/dag_with_catchup_and_backfill.py
[2024-11-24T17:18:30.536+0000] {processor.py:208} INFO - Processing /opt/airflow/dags/script/example/dag_with_catchup_and_backfill.py took 0.009 seconds
[2024-11-24T17:19:00.662+0000] {processor.py:186} INFO - Started process (PID=23092) to work on /opt/airflow/dags/script/example/dag_with_catchup_and_backfill.py
[2024-11-24T17:19:00.662+0000] {processor.py:914} INFO - Processing file /opt/airflow/dags/script/example/dag_with_catchup_and_backfill.py for tasks to queue
[2024-11-24T17:19:00.662+0000] {logging_mixin.py:190} INFO - [2024-11-24T17:19:00.662+0000] {dagbag.py:588} INFO - Filling up the DagBag from /opt/airflow/dags/script/example/dag_with_catchup_and_backfill.py
[2024-11-24T17:19:00.663+0000] {processor.py:927} WARNING - No viable dags retrieved from /opt/airflow/dags/script/example/dag_with_catchup_and_backfill.py
[2024-11-24T17:19:00.669+0000] {processor.py:208} INFO - Processing /opt/airflow/dags/script/example/dag_with_catchup_and_backfill.py took 0.009 seconds
[2024-11-24T17:19:30.918+0000] {processor.py:186} INFO - Started process (PID=23448) to work on /opt/airflow/dags/script/example/dag_with_catchup_and_backfill.py
[2024-11-24T17:19:30.918+0000] {processor.py:914} INFO - Processing file /opt/airflow/dags/script/example/dag_with_catchup_and_backfill.py for tasks to queue
[2024-11-24T17:19:30.919+0000] {logging_mixin.py:190} INFO - [2024-11-24T17:19:30.919+0000] {dagbag.py:588} INFO - Filling up the DagBag from /opt/airflow/dags/script/example/dag_with_catchup_and_backfill.py
[2024-11-24T17:19:30.920+0000] {processor.py:927} WARNING - No viable dags retrieved from /opt/airflow/dags/script/example/dag_with_catchup_and_backfill.py
[2024-11-24T17:19:30.925+0000] {processor.py:208} INFO - Processing /opt/airflow/dags/script/example/dag_with_catchup_and_backfill.py took 0.009 seconds
[2024-11-24T17:20:01.978+0000] {processor.py:186} INFO - Started process (PID=23804) to work on /opt/airflow/dags/script/example/dag_with_catchup_and_backfill.py
[2024-11-24T17:20:01.978+0000] {processor.py:914} INFO - Processing file /opt/airflow/dags/script/example/dag_with_catchup_and_backfill.py for tasks to queue
[2024-11-24T17:20:01.979+0000] {logging_mixin.py:190} INFO - [2024-11-24T17:20:01.978+0000] {dagbag.py:588} INFO - Filling up the DagBag from /opt/airflow/dags/script/example/dag_with_catchup_and_backfill.py
[2024-11-24T17:20:01.979+0000] {processor.py:927} WARNING - No viable dags retrieved from /opt/airflow/dags/script/example/dag_with_catchup_and_backfill.py
[2024-11-24T17:20:01.984+0000] {processor.py:208} INFO - Processing /opt/airflow/dags/script/example/dag_with_catchup_and_backfill.py took 0.008 seconds
[2024-11-24T17:20:32.118+0000] {processor.py:186} INFO - Started process (PID=24160) to work on /opt/airflow/dags/script/example/dag_with_catchup_and_backfill.py
[2024-11-24T17:20:32.118+0000] {processor.py:914} INFO - Processing file /opt/airflow/dags/script/example/dag_with_catchup_and_backfill.py for tasks to queue
[2024-11-24T17:20:32.119+0000] {logging_mixin.py:190} INFO - [2024-11-24T17:20:32.119+0000] {dagbag.py:588} INFO - Filling up the DagBag from /opt/airflow/dags/script/example/dag_with_catchup_and_backfill.py
[2024-11-24T17:20:32.120+0000] {processor.py:927} WARNING - No viable dags retrieved from /opt/airflow/dags/script/example/dag_with_catchup_and_backfill.py
[2024-11-24T17:20:32.124+0000] {processor.py:208} INFO - Processing /opt/airflow/dags/script/example/dag_with_catchup_and_backfill.py took 0.008 seconds
[2024-11-24T17:21:02.255+0000] {processor.py:186} INFO - Started process (PID=24516) to work on /opt/airflow/dags/script/example/dag_with_catchup_and_backfill.py
[2024-11-24T17:21:02.256+0000] {processor.py:914} INFO - Processing file /opt/airflow/dags/script/example/dag_with_catchup_and_backfill.py for tasks to queue
[2024-11-24T17:21:02.256+0000] {logging_mixin.py:190} INFO - [2024-11-24T17:21:02.256+0000] {dagbag.py:588} INFO - Filling up the DagBag from /opt/airflow/dags/script/example/dag_with_catchup_and_backfill.py
[2024-11-24T17:21:02.258+0000] {processor.py:927} WARNING - No viable dags retrieved from /opt/airflow/dags/script/example/dag_with_catchup_and_backfill.py
[2024-11-24T17:21:02.265+0000] {processor.py:208} INFO - Processing /opt/airflow/dags/script/example/dag_with_catchup_and_backfill.py took 0.012 seconds
[2024-11-24T17:21:32.511+0000] {processor.py:186} INFO - Started process (PID=24872) to work on /opt/airflow/dags/script/example/dag_with_catchup_and_backfill.py
[2024-11-24T17:21:32.512+0000] {processor.py:914} INFO - Processing file /opt/airflow/dags/script/example/dag_with_catchup_and_backfill.py for tasks to queue
[2024-11-24T17:21:32.512+0000] {logging_mixin.py:190} INFO - [2024-11-24T17:21:32.512+0000] {dagbag.py:588} INFO - Filling up the DagBag from /opt/airflow/dags/script/example/dag_with_catchup_and_backfill.py
[2024-11-24T17:21:32.514+0000] {processor.py:927} WARNING - No viable dags retrieved from /opt/airflow/dags/script/example/dag_with_catchup_and_backfill.py
[2024-11-24T17:21:32.520+0000] {processor.py:208} INFO - Processing /opt/airflow/dags/script/example/dag_with_catchup_and_backfill.py took 0.011 seconds
[2024-11-24T17:22:02.774+0000] {processor.py:186} INFO - Started process (PID=25226) to work on /opt/airflow/dags/script/example/dag_with_catchup_and_backfill.py
[2024-11-24T17:22:02.774+0000] {processor.py:914} INFO - Processing file /opt/airflow/dags/script/example/dag_with_catchup_and_backfill.py for tasks to queue
[2024-11-24T17:22:02.775+0000] {logging_mixin.py:190} INFO - [2024-11-24T17:22:02.774+0000] {dagbag.py:588} INFO - Filling up the DagBag from /opt/airflow/dags/script/example/dag_with_catchup_and_backfill.py
[2024-11-24T17:22:02.777+0000] {processor.py:927} WARNING - No viable dags retrieved from /opt/airflow/dags/script/example/dag_with_catchup_and_backfill.py
[2024-11-24T17:22:02.783+0000] {processor.py:208} INFO - Processing /opt/airflow/dags/script/example/dag_with_catchup_and_backfill.py took 0.011 seconds
[2024-11-24T17:22:32.906+0000] {processor.py:186} INFO - Started process (PID=25584) to work on /opt/airflow/dags/script/example/dag_with_catchup_and_backfill.py
[2024-11-24T17:22:32.906+0000] {processor.py:914} INFO - Processing file /opt/airflow/dags/script/example/dag_with_catchup_and_backfill.py for tasks to queue
[2024-11-24T17:22:32.906+0000] {logging_mixin.py:190} INFO - [2024-11-24T17:22:32.906+0000] {dagbag.py:588} INFO - Filling up the DagBag from /opt/airflow/dags/script/example/dag_with_catchup_and_backfill.py
[2024-11-24T17:22:32.907+0000] {processor.py:927} WARNING - No viable dags retrieved from /opt/airflow/dags/script/example/dag_with_catchup_and_backfill.py
[2024-11-24T17:22:32.912+0000] {processor.py:208} INFO - Processing /opt/airflow/dags/script/example/dag_with_catchup_and_backfill.py took 0.008 seconds
[2024-11-24T17:23:03.975+0000] {processor.py:186} INFO - Started process (PID=25940) to work on /opt/airflow/dags/script/example/dag_with_catchup_and_backfill.py
[2024-11-24T17:23:03.976+0000] {processor.py:914} INFO - Processing file /opt/airflow/dags/script/example/dag_with_catchup_and_backfill.py for tasks to queue
[2024-11-24T17:23:03.976+0000] {logging_mixin.py:190} INFO - [2024-11-24T17:23:03.976+0000] {dagbag.py:588} INFO - Filling up the DagBag from /opt/airflow/dags/script/example/dag_with_catchup_and_backfill.py
[2024-11-24T17:23:03.977+0000] {processor.py:927} WARNING - No viable dags retrieved from /opt/airflow/dags/script/example/dag_with_catchup_and_backfill.py
[2024-11-24T17:23:03.981+0000] {processor.py:208} INFO - Processing /opt/airflow/dags/script/example/dag_with_catchup_and_backfill.py took 0.008 seconds
[2024-11-24T17:23:34.124+0000] {processor.py:186} INFO - Started process (PID=26296) to work on /opt/airflow/dags/script/example/dag_with_catchup_and_backfill.py
[2024-11-24T17:23:34.124+0000] {processor.py:914} INFO - Processing file /opt/airflow/dags/script/example/dag_with_catchup_and_backfill.py for tasks to queue
[2024-11-24T17:23:34.125+0000] {logging_mixin.py:190} INFO - [2024-11-24T17:23:34.125+0000] {dagbag.py:588} INFO - Filling up the DagBag from /opt/airflow/dags/script/example/dag_with_catchup_and_backfill.py
[2024-11-24T17:23:34.125+0000] {processor.py:927} WARNING - No viable dags retrieved from /opt/airflow/dags/script/example/dag_with_catchup_and_backfill.py
[2024-11-24T17:23:34.130+0000] {processor.py:208} INFO - Processing /opt/airflow/dags/script/example/dag_with_catchup_and_backfill.py took 0.008 seconds
[2024-11-24T18:04:27.754+0000] {processor.py:186} INFO - Started process (PID=26652) to work on /opt/airflow/dags/script/example/dag_with_catchup_and_backfill.py
[2024-11-24T18:04:27.754+0000] {processor.py:914} INFO - Processing file /opt/airflow/dags/script/example/dag_with_catchup_and_backfill.py for tasks to queue
[2024-11-24T18:04:27.755+0000] {logging_mixin.py:190} INFO - [2024-11-24T18:04:27.755+0000] {dagbag.py:588} INFO - Filling up the DagBag from /opt/airflow/dags/script/example/dag_with_catchup_and_backfill.py
[2024-11-24T18:04:27.756+0000] {processor.py:927} WARNING - No viable dags retrieved from /opt/airflow/dags/script/example/dag_with_catchup_and_backfill.py
[2024-11-24T18:04:27.760+0000] {processor.py:208} INFO - Processing /opt/airflow/dags/script/example/dag_with_catchup_and_backfill.py took 0.008 seconds
