[2024-11-24T15:57:17.460+0000] {processor.py:186} INFO - Started process (PID=222) to work on /opt/airflow/dags/script/example/dag_with_taskflow_api.py
[2024-11-24T15:57:17.461+0000] {processor.py:914} INFO - Processing file /opt/airflow/dags/script/example/dag_with_taskflow_api.py for tasks to queue
[2024-11-24T15:57:17.463+0000] {logging_mixin.py:190} INFO - [2024-11-24T15:57:17.462+0000] {dagbag.py:588} INFO - Filling up the DagBag from /opt/airflow/dags/script/example/dag_with_taskflow_api.py
[2024-11-24T15:57:17.474+0000] {processor.py:925} INFO - DAG(s) 'dag_with_taskflow_api_v02' retrieved from /opt/airflow/dags/script/example/dag_with_taskflow_api.py
[2024-11-24T15:57:17.506+0000] {logging_mixin.py:190} INFO - [2024-11-24T15:57:17.506+0000] {dag.py:3239} INFO - Sync 1 DAGs
[2024-11-24T15:57:17.522+0000] {logging_mixin.py:190} INFO - [2024-11-24T15:57:17.522+0000] {dag.py:4180} INFO - Setting next_dagrun for dag_with_taskflow_api_v02 to 2024-11-09 00:00:00+00:00, run_after=2024-11-10 00:00:00+00:00
[2024-11-24T15:57:17.538+0000] {processor.py:208} INFO - Processing /opt/airflow/dags/script/example/dag_with_taskflow_api.py took 0.081 seconds
[2024-11-24T15:57:48.500+0000] {processor.py:186} INFO - Started process (PID=594) to work on /opt/airflow/dags/script/example/dag_with_taskflow_api.py
[2024-11-24T15:57:48.503+0000] {processor.py:914} INFO - Processing file /opt/airflow/dags/script/example/dag_with_taskflow_api.py for tasks to queue
[2024-11-24T15:57:48.505+0000] {logging_mixin.py:190} INFO - [2024-11-24T15:57:48.504+0000] {dagbag.py:588} INFO - Filling up the DagBag from /opt/airflow/dags/script/example/dag_with_taskflow_api.py
[2024-11-24T15:57:48.513+0000] {processor.py:925} INFO - DAG(s) 'dag_with_taskflow_api_v02' retrieved from /opt/airflow/dags/script/example/dag_with_taskflow_api.py
[2024-11-24T15:57:48.524+0000] {logging_mixin.py:190} INFO - [2024-11-24T15:57:48.524+0000] {dag.py:3239} INFO - Sync 1 DAGs
[2024-11-24T15:57:48.535+0000] {logging_mixin.py:190} INFO - [2024-11-24T15:57:48.535+0000] {dag.py:4180} INFO - Setting next_dagrun for dag_with_taskflow_api_v02 to 2024-11-09 00:00:00+00:00, run_after=2024-11-10 00:00:00+00:00
[2024-11-24T15:57:48.545+0000] {processor.py:208} INFO - Processing /opt/airflow/dags/script/example/dag_with_taskflow_api.py took 0.050 seconds
[2024-11-24T15:58:19.022+0000] {processor.py:186} INFO - Started process (PID=950) to work on /opt/airflow/dags/script/example/dag_with_taskflow_api.py
[2024-11-24T15:58:19.023+0000] {processor.py:914} INFO - Processing file /opt/airflow/dags/script/example/dag_with_taskflow_api.py for tasks to queue
[2024-11-24T15:58:19.025+0000] {logging_mixin.py:190} INFO - [2024-11-24T15:58:19.024+0000] {dagbag.py:588} INFO - Filling up the DagBag from /opt/airflow/dags/script/example/dag_with_taskflow_api.py
[2024-11-24T15:58:19.034+0000] {processor.py:925} INFO - DAG(s) 'dag_with_taskflow_api_v02' retrieved from /opt/airflow/dags/script/example/dag_with_taskflow_api.py
[2024-11-24T15:58:19.046+0000] {logging_mixin.py:190} INFO - [2024-11-24T15:58:19.046+0000] {dag.py:3239} INFO - Sync 1 DAGs
[2024-11-24T15:58:19.058+0000] {logging_mixin.py:190} INFO - [2024-11-24T15:58:19.058+0000] {dag.py:4180} INFO - Setting next_dagrun for dag_with_taskflow_api_v02 to 2024-11-09 00:00:00+00:00, run_after=2024-11-10 00:00:00+00:00
[2024-11-24T15:58:19.066+0000] {processor.py:208} INFO - Processing /opt/airflow/dags/script/example/dag_with_taskflow_api.py took 0.048 seconds
[2024-11-24T15:58:49.647+0000] {processor.py:186} INFO - Started process (PID=1305) to work on /opt/airflow/dags/script/example/dag_with_taskflow_api.py
[2024-11-24T15:58:49.650+0000] {processor.py:914} INFO - Processing file /opt/airflow/dags/script/example/dag_with_taskflow_api.py for tasks to queue
[2024-11-24T15:58:49.653+0000] {logging_mixin.py:190} INFO - [2024-11-24T15:58:49.652+0000] {dagbag.py:588} INFO - Filling up the DagBag from /opt/airflow/dags/script/example/dag_with_taskflow_api.py
[2024-11-24T15:58:49.662+0000] {processor.py:925} INFO - DAG(s) 'dag_with_taskflow_api_v02' retrieved from /opt/airflow/dags/script/example/dag_with_taskflow_api.py
[2024-11-24T15:58:49.675+0000] {logging_mixin.py:190} INFO - [2024-11-24T15:58:49.675+0000] {dag.py:3239} INFO - Sync 1 DAGs
[2024-11-24T15:58:49.689+0000] {logging_mixin.py:190} INFO - [2024-11-24T15:58:49.689+0000] {dag.py:4180} INFO - Setting next_dagrun for dag_with_taskflow_api_v02 to 2024-11-09 00:00:00+00:00, run_after=2024-11-10 00:00:00+00:00
[2024-11-24T15:58:49.698+0000] {processor.py:208} INFO - Processing /opt/airflow/dags/script/example/dag_with_taskflow_api.py took 0.055 seconds
[2024-11-24T15:59:20.422+0000] {processor.py:186} INFO - Started process (PID=1661) to work on /opt/airflow/dags/script/example/dag_with_taskflow_api.py
[2024-11-24T15:59:20.423+0000] {processor.py:914} INFO - Processing file /opt/airflow/dags/script/example/dag_with_taskflow_api.py for tasks to queue
[2024-11-24T15:59:20.425+0000] {logging_mixin.py:190} INFO - [2024-11-24T15:59:20.425+0000] {dagbag.py:588} INFO - Filling up the DagBag from /opt/airflow/dags/script/example/dag_with_taskflow_api.py
[2024-11-24T15:59:20.436+0000] {processor.py:925} INFO - DAG(s) 'dag_with_taskflow_api_v02' retrieved from /opt/airflow/dags/script/example/dag_with_taskflow_api.py
[2024-11-24T15:59:20.449+0000] {logging_mixin.py:190} INFO - [2024-11-24T15:59:20.449+0000] {dag.py:3239} INFO - Sync 1 DAGs
[2024-11-24T15:59:20.460+0000] {logging_mixin.py:190} INFO - [2024-11-24T15:59:20.460+0000] {dag.py:4180} INFO - Setting next_dagrun for dag_with_taskflow_api_v02 to 2024-11-09 00:00:00+00:00, run_after=2024-11-10 00:00:00+00:00
[2024-11-24T15:59:20.469+0000] {processor.py:208} INFO - Processing /opt/airflow/dags/script/example/dag_with_taskflow_api.py took 0.052 seconds
[2024-11-24T15:59:50.965+0000] {processor.py:186} INFO - Started process (PID=2017) to work on /opt/airflow/dags/script/example/dag_with_taskflow_api.py
[2024-11-24T15:59:50.968+0000] {processor.py:914} INFO - Processing file /opt/airflow/dags/script/example/dag_with_taskflow_api.py for tasks to queue
[2024-11-24T15:59:50.969+0000] {logging_mixin.py:190} INFO - [2024-11-24T15:59:50.969+0000] {dagbag.py:588} INFO - Filling up the DagBag from /opt/airflow/dags/script/example/dag_with_taskflow_api.py
[2024-11-24T15:59:50.978+0000] {processor.py:925} INFO - DAG(s) 'dag_with_taskflow_api_v02' retrieved from /opt/airflow/dags/script/example/dag_with_taskflow_api.py
[2024-11-24T15:59:50.987+0000] {logging_mixin.py:190} INFO - [2024-11-24T15:59:50.987+0000] {dag.py:3239} INFO - Sync 1 DAGs
[2024-11-24T15:59:50.998+0000] {logging_mixin.py:190} INFO - [2024-11-24T15:59:50.998+0000] {dag.py:4180} INFO - Setting next_dagrun for dag_with_taskflow_api_v02 to 2024-11-09 00:00:00+00:00, run_after=2024-11-10 00:00:00+00:00
[2024-11-24T15:59:51.010+0000] {processor.py:208} INFO - Processing /opt/airflow/dags/script/example/dag_with_taskflow_api.py took 0.049 seconds
[2024-11-24T16:00:21.420+0000] {processor.py:186} INFO - Started process (PID=2373) to work on /opt/airflow/dags/script/example/dag_with_taskflow_api.py
[2024-11-24T16:00:21.423+0000] {processor.py:914} INFO - Processing file /opt/airflow/dags/script/example/dag_with_taskflow_api.py for tasks to queue
[2024-11-24T16:00:21.425+0000] {logging_mixin.py:190} INFO - [2024-11-24T16:00:21.425+0000] {dagbag.py:588} INFO - Filling up the DagBag from /opt/airflow/dags/script/example/dag_with_taskflow_api.py
[2024-11-24T16:00:21.433+0000] {processor.py:925} INFO - DAG(s) 'dag_with_taskflow_api_v02' retrieved from /opt/airflow/dags/script/example/dag_with_taskflow_api.py
[2024-11-24T16:00:21.445+0000] {logging_mixin.py:190} INFO - [2024-11-24T16:00:21.444+0000] {dag.py:3239} INFO - Sync 1 DAGs
[2024-11-24T16:00:21.457+0000] {logging_mixin.py:190} INFO - [2024-11-24T16:00:21.457+0000] {dag.py:4180} INFO - Setting next_dagrun for dag_with_taskflow_api_v02 to 2024-11-09 00:00:00+00:00, run_after=2024-11-10 00:00:00+00:00
[2024-11-24T16:00:21.466+0000] {processor.py:208} INFO - Processing /opt/airflow/dags/script/example/dag_with_taskflow_api.py took 0.052 seconds
[2024-11-24T16:00:51.840+0000] {processor.py:186} INFO - Started process (PID=2728) to work on /opt/airflow/dags/script/example/dag_with_taskflow_api.py
[2024-11-24T16:00:51.841+0000] {processor.py:914} INFO - Processing file /opt/airflow/dags/script/example/dag_with_taskflow_api.py for tasks to queue
[2024-11-24T16:00:51.843+0000] {logging_mixin.py:190} INFO - [2024-11-24T16:00:51.843+0000] {dagbag.py:588} INFO - Filling up the DagBag from /opt/airflow/dags/script/example/dag_with_taskflow_api.py
[2024-11-24T16:00:51.853+0000] {processor.py:925} INFO - DAG(s) 'dag_with_taskflow_api_v02' retrieved from /opt/airflow/dags/script/example/dag_with_taskflow_api.py
[2024-11-24T16:00:51.865+0000] {logging_mixin.py:190} INFO - [2024-11-24T16:00:51.865+0000] {dag.py:3239} INFO - Sync 1 DAGs
[2024-11-24T16:00:51.875+0000] {logging_mixin.py:190} INFO - [2024-11-24T16:00:51.875+0000] {dag.py:4180} INFO - Setting next_dagrun for dag_with_taskflow_api_v02 to 2024-11-09 00:00:00+00:00, run_after=2024-11-10 00:00:00+00:00
[2024-11-24T16:00:51.883+0000] {processor.py:208} INFO - Processing /opt/airflow/dags/script/example/dag_with_taskflow_api.py took 0.049 seconds
[2024-11-24T16:01:22.293+0000] {processor.py:186} INFO - Started process (PID=3088) to work on /opt/airflow/dags/script/example/dag_with_taskflow_api.py
[2024-11-24T16:01:22.294+0000] {processor.py:914} INFO - Processing file /opt/airflow/dags/script/example/dag_with_taskflow_api.py for tasks to queue
[2024-11-24T16:01:22.296+0000] {logging_mixin.py:190} INFO - [2024-11-24T16:01:22.295+0000] {dagbag.py:588} INFO - Filling up the DagBag from /opt/airflow/dags/script/example/dag_with_taskflow_api.py
[2024-11-24T16:01:22.303+0000] {processor.py:925} INFO - DAG(s) 'dag_with_taskflow_api_v02' retrieved from /opt/airflow/dags/script/example/dag_with_taskflow_api.py
[2024-11-24T16:01:22.316+0000] {logging_mixin.py:190} INFO - [2024-11-24T16:01:22.316+0000] {dag.py:3239} INFO - Sync 1 DAGs
[2024-11-24T16:01:22.329+0000] {logging_mixin.py:190} INFO - [2024-11-24T16:01:22.329+0000] {dag.py:4180} INFO - Setting next_dagrun for dag_with_taskflow_api_v02 to 2024-11-09 00:00:00+00:00, run_after=2024-11-10 00:00:00+00:00
[2024-11-24T16:01:22.339+0000] {processor.py:208} INFO - Processing /opt/airflow/dags/script/example/dag_with_taskflow_api.py took 0.051 seconds
[2024-11-24T16:01:52.737+0000] {processor.py:186} INFO - Started process (PID=3447) to work on /opt/airflow/dags/script/example/dag_with_taskflow_api.py
[2024-11-24T16:01:52.739+0000] {processor.py:914} INFO - Processing file /opt/airflow/dags/script/example/dag_with_taskflow_api.py for tasks to queue
[2024-11-24T16:01:52.741+0000] {logging_mixin.py:190} INFO - [2024-11-24T16:01:52.740+0000] {dagbag.py:588} INFO - Filling up the DagBag from /opt/airflow/dags/script/example/dag_with_taskflow_api.py
[2024-11-24T16:01:52.755+0000] {processor.py:925} INFO - DAG(s) 'dag_with_taskflow_api_v02' retrieved from /opt/airflow/dags/script/example/dag_with_taskflow_api.py
[2024-11-24T16:01:52.768+0000] {logging_mixin.py:190} INFO - [2024-11-24T16:01:52.767+0000] {dag.py:3239} INFO - Sync 1 DAGs
[2024-11-24T16:01:52.779+0000] {logging_mixin.py:190} INFO - [2024-11-24T16:01:52.779+0000] {dag.py:4180} INFO - Setting next_dagrun for dag_with_taskflow_api_v02 to 2024-11-09 00:00:00+00:00, run_after=2024-11-10 00:00:00+00:00
[2024-11-24T16:01:52.789+0000] {processor.py:208} INFO - Processing /opt/airflow/dags/script/example/dag_with_taskflow_api.py took 0.062 seconds
[2024-11-24T16:02:23.696+0000] {processor.py:186} INFO - Started process (PID=3810) to work on /opt/airflow/dags/script/example/dag_with_taskflow_api.py
[2024-11-24T16:02:23.697+0000] {processor.py:914} INFO - Processing file /opt/airflow/dags/script/example/dag_with_taskflow_api.py for tasks to queue
[2024-11-24T16:02:23.698+0000] {logging_mixin.py:190} INFO - [2024-11-24T16:02:23.698+0000] {dagbag.py:588} INFO - Filling up the DagBag from /opt/airflow/dags/script/example/dag_with_taskflow_api.py
[2024-11-24T16:02:23.707+0000] {processor.py:925} INFO - DAG(s) 'dag_with_taskflow_api_v02' retrieved from /opt/airflow/dags/script/example/dag_with_taskflow_api.py
[2024-11-24T16:02:23.721+0000] {logging_mixin.py:190} INFO - [2024-11-24T16:02:23.721+0000] {dag.py:3239} INFO - Sync 1 DAGs
[2024-11-24T16:02:23.734+0000] {logging_mixin.py:190} INFO - [2024-11-24T16:02:23.733+0000] {dag.py:4180} INFO - Setting next_dagrun for dag_with_taskflow_api_v02 to 2024-11-09 00:00:00+00:00, run_after=2024-11-10 00:00:00+00:00
[2024-11-24T16:02:23.744+0000] {processor.py:208} INFO - Processing /opt/airflow/dags/script/example/dag_with_taskflow_api.py took 0.051 seconds
[2024-11-24T16:02:54.206+0000] {processor.py:186} INFO - Started process (PID=4166) to work on /opt/airflow/dags/script/example/dag_with_taskflow_api.py
[2024-11-24T16:02:54.207+0000] {processor.py:914} INFO - Processing file /opt/airflow/dags/script/example/dag_with_taskflow_api.py for tasks to queue
[2024-11-24T16:02:54.209+0000] {logging_mixin.py:190} INFO - [2024-11-24T16:02:54.208+0000] {dagbag.py:588} INFO - Filling up the DagBag from /opt/airflow/dags/script/example/dag_with_taskflow_api.py
[2024-11-24T16:02:54.217+0000] {processor.py:925} INFO - DAG(s) 'dag_with_taskflow_api_v02' retrieved from /opt/airflow/dags/script/example/dag_with_taskflow_api.py
[2024-11-24T16:02:54.227+0000] {logging_mixin.py:190} INFO - [2024-11-24T16:02:54.227+0000] {dag.py:3239} INFO - Sync 1 DAGs
[2024-11-24T16:02:54.237+0000] {logging_mixin.py:190} INFO - [2024-11-24T16:02:54.237+0000] {dag.py:4180} INFO - Setting next_dagrun for dag_with_taskflow_api_v02 to 2024-11-09 00:00:00+00:00, run_after=2024-11-10 00:00:00+00:00
[2024-11-24T16:02:54.244+0000] {processor.py:208} INFO - Processing /opt/airflow/dags/script/example/dag_with_taskflow_api.py took 0.043 seconds
[2024-11-24T16:03:24.576+0000] {processor.py:186} INFO - Started process (PID=4522) to work on /opt/airflow/dags/script/example/dag_with_taskflow_api.py
[2024-11-24T16:03:24.577+0000] {processor.py:914} INFO - Processing file /opt/airflow/dags/script/example/dag_with_taskflow_api.py for tasks to queue
[2024-11-24T16:03:24.579+0000] {logging_mixin.py:190} INFO - [2024-11-24T16:03:24.579+0000] {dagbag.py:588} INFO - Filling up the DagBag from /opt/airflow/dags/script/example/dag_with_taskflow_api.py
[2024-11-24T16:03:24.592+0000] {processor.py:925} INFO - DAG(s) 'dag_with_taskflow_api_v02' retrieved from /opt/airflow/dags/script/example/dag_with_taskflow_api.py
[2024-11-24T16:03:24.606+0000] {logging_mixin.py:190} INFO - [2024-11-24T16:03:24.606+0000] {dag.py:3239} INFO - Sync 1 DAGs
[2024-11-24T16:03:24.619+0000] {logging_mixin.py:190} INFO - [2024-11-24T16:03:24.619+0000] {dag.py:4180} INFO - Setting next_dagrun for dag_with_taskflow_api_v02 to 2024-11-09 00:00:00+00:00, run_after=2024-11-10 00:00:00+00:00
[2024-11-24T16:03:24.627+0000] {processor.py:208} INFO - Processing /opt/airflow/dags/script/example/dag_with_taskflow_api.py took 0.054 seconds
[2024-11-24T16:03:55.286+0000] {processor.py:186} INFO - Started process (PID=4883) to work on /opt/airflow/dags/script/example/dag_with_taskflow_api.py
[2024-11-24T16:03:55.288+0000] {processor.py:914} INFO - Processing file /opt/airflow/dags/script/example/dag_with_taskflow_api.py for tasks to queue
[2024-11-24T16:03:55.289+0000] {logging_mixin.py:190} INFO - [2024-11-24T16:03:55.289+0000] {dagbag.py:588} INFO - Filling up the DagBag from /opt/airflow/dags/script/example/dag_with_taskflow_api.py
[2024-11-24T16:03:55.296+0000] {processor.py:925} INFO - DAG(s) 'dag_with_taskflow_api_v02' retrieved from /opt/airflow/dags/script/example/dag_with_taskflow_api.py
[2024-11-24T16:03:55.306+0000] {logging_mixin.py:190} INFO - [2024-11-24T16:03:55.306+0000] {dag.py:3239} INFO - Sync 1 DAGs
[2024-11-24T16:03:55.318+0000] {logging_mixin.py:190} INFO - [2024-11-24T16:03:55.318+0000] {dag.py:4180} INFO - Setting next_dagrun for dag_with_taskflow_api_v02 to 2024-11-09 00:00:00+00:00, run_after=2024-11-10 00:00:00+00:00
[2024-11-24T16:03:55.325+0000] {processor.py:208} INFO - Processing /opt/airflow/dags/script/example/dag_with_taskflow_api.py took 0.042 seconds
[2024-11-24T16:04:25.707+0000] {processor.py:186} INFO - Started process (PID=5257) to work on /opt/airflow/dags/script/example/dag_with_taskflow_api.py
[2024-11-24T16:04:25.708+0000] {processor.py:914} INFO - Processing file /opt/airflow/dags/script/example/dag_with_taskflow_api.py for tasks to queue
[2024-11-24T16:04:25.710+0000] {logging_mixin.py:190} INFO - [2024-11-24T16:04:25.709+0000] {dagbag.py:588} INFO - Filling up the DagBag from /opt/airflow/dags/script/example/dag_with_taskflow_api.py
[2024-11-24T16:04:25.716+0000] {processor.py:925} INFO - DAG(s) 'dag_with_taskflow_api_v02' retrieved from /opt/airflow/dags/script/example/dag_with_taskflow_api.py
[2024-11-24T16:04:25.724+0000] {logging_mixin.py:190} INFO - [2024-11-24T16:04:25.724+0000] {dag.py:3239} INFO - Sync 1 DAGs
[2024-11-24T16:04:25.733+0000] {logging_mixin.py:190} INFO - [2024-11-24T16:04:25.733+0000] {dag.py:4180} INFO - Setting next_dagrun for dag_with_taskflow_api_v02 to 2024-11-09 00:00:00+00:00, run_after=2024-11-10 00:00:00+00:00
[2024-11-24T16:04:25.742+0000] {processor.py:208} INFO - Processing /opt/airflow/dags/script/example/dag_with_taskflow_api.py took 0.037 seconds
[2024-11-24T16:04:56.388+0000] {processor.py:186} INFO - Started process (PID=5620) to work on /opt/airflow/dags/script/example/dag_with_taskflow_api.py
[2024-11-24T16:04:56.391+0000] {processor.py:914} INFO - Processing file /opt/airflow/dags/script/example/dag_with_taskflow_api.py for tasks to queue
[2024-11-24T16:04:56.393+0000] {logging_mixin.py:190} INFO - [2024-11-24T16:04:56.393+0000] {dagbag.py:588} INFO - Filling up the DagBag from /opt/airflow/dags/script/example/dag_with_taskflow_api.py
[2024-11-24T16:04:56.401+0000] {processor.py:925} INFO - DAG(s) 'dag_with_taskflow_api_v02' retrieved from /opt/airflow/dags/script/example/dag_with_taskflow_api.py
[2024-11-24T16:04:56.412+0000] {logging_mixin.py:190} INFO - [2024-11-24T16:04:56.412+0000] {dag.py:3239} INFO - Sync 1 DAGs
[2024-11-24T16:04:56.426+0000] {logging_mixin.py:190} INFO - [2024-11-24T16:04:56.426+0000] {dag.py:4180} INFO - Setting next_dagrun for dag_with_taskflow_api_v02 to 2024-11-09 00:00:00+00:00, run_after=2024-11-10 00:00:00+00:00
[2024-11-24T16:04:56.437+0000] {processor.py:208} INFO - Processing /opt/airflow/dags/script/example/dag_with_taskflow_api.py took 0.055 seconds
[2024-11-24T16:05:26.938+0000] {processor.py:186} INFO - Started process (PID=5976) to work on /opt/airflow/dags/script/example/dag_with_taskflow_api.py
[2024-11-24T16:05:26.939+0000] {processor.py:914} INFO - Processing file /opt/airflow/dags/script/example/dag_with_taskflow_api.py for tasks to queue
[2024-11-24T16:05:26.941+0000] {logging_mixin.py:190} INFO - [2024-11-24T16:05:26.941+0000] {dagbag.py:588} INFO - Filling up the DagBag from /opt/airflow/dags/script/example/dag_with_taskflow_api.py
[2024-11-24T16:05:26.950+0000] {processor.py:925} INFO - DAG(s) 'dag_with_taskflow_api_v02' retrieved from /opt/airflow/dags/script/example/dag_with_taskflow_api.py
[2024-11-24T16:05:26.963+0000] {logging_mixin.py:190} INFO - [2024-11-24T16:05:26.963+0000] {dag.py:3239} INFO - Sync 1 DAGs
[2024-11-24T16:05:26.973+0000] {logging_mixin.py:190} INFO - [2024-11-24T16:05:26.973+0000] {dag.py:4180} INFO - Setting next_dagrun for dag_with_taskflow_api_v02 to 2024-11-09 00:00:00+00:00, run_after=2024-11-10 00:00:00+00:00
[2024-11-24T16:05:26.984+0000] {processor.py:208} INFO - Processing /opt/airflow/dags/script/example/dag_with_taskflow_api.py took 0.051 seconds
[2024-11-24T16:05:57.338+0000] {processor.py:186} INFO - Started process (PID=6345) to work on /opt/airflow/dags/script/example/dag_with_taskflow_api.py
[2024-11-24T16:05:57.339+0000] {processor.py:914} INFO - Processing file /opt/airflow/dags/script/example/dag_with_taskflow_api.py for tasks to queue
[2024-11-24T16:05:57.342+0000] {logging_mixin.py:190} INFO - [2024-11-24T16:05:57.342+0000] {dagbag.py:588} INFO - Filling up the DagBag from /opt/airflow/dags/script/example/dag_with_taskflow_api.py
[2024-11-24T16:05:57.349+0000] {processor.py:925} INFO - DAG(s) 'dag_with_taskflow_api_v02' retrieved from /opt/airflow/dags/script/example/dag_with_taskflow_api.py
[2024-11-24T16:05:57.364+0000] {logging_mixin.py:190} INFO - [2024-11-24T16:05:57.364+0000] {dag.py:3239} INFO - Sync 1 DAGs
[2024-11-24T16:05:57.375+0000] {logging_mixin.py:190} INFO - [2024-11-24T16:05:57.374+0000] {dag.py:4180} INFO - Setting next_dagrun for dag_with_taskflow_api_v02 to 2024-11-09 00:00:00+00:00, run_after=2024-11-10 00:00:00+00:00
[2024-11-24T16:05:57.388+0000] {processor.py:208} INFO - Processing /opt/airflow/dags/script/example/dag_with_taskflow_api.py took 0.053 seconds
[2024-11-24T16:06:27.752+0000] {processor.py:186} INFO - Started process (PID=6713) to work on /opt/airflow/dags/script/example/dag_with_taskflow_api.py
[2024-11-24T16:06:27.753+0000] {processor.py:914} INFO - Processing file /opt/airflow/dags/script/example/dag_with_taskflow_api.py for tasks to queue
[2024-11-24T16:06:27.754+0000] {logging_mixin.py:190} INFO - [2024-11-24T16:06:27.754+0000] {dagbag.py:588} INFO - Filling up the DagBag from /opt/airflow/dags/script/example/dag_with_taskflow_api.py
[2024-11-24T16:06:27.759+0000] {processor.py:925} INFO - DAG(s) 'dag_with_taskflow_api_v02' retrieved from /opt/airflow/dags/script/example/dag_with_taskflow_api.py
[2024-11-24T16:06:27.768+0000] {logging_mixin.py:190} INFO - [2024-11-24T16:06:27.768+0000] {dag.py:3239} INFO - Sync 1 DAGs
[2024-11-24T16:06:27.776+0000] {logging_mixin.py:190} INFO - [2024-11-24T16:06:27.776+0000] {dag.py:4180} INFO - Setting next_dagrun for dag_with_taskflow_api_v02 to 2024-11-09 00:00:00+00:00, run_after=2024-11-10 00:00:00+00:00
[2024-11-24T16:06:27.782+0000] {processor.py:208} INFO - Processing /opt/airflow/dags/script/example/dag_with_taskflow_api.py took 0.032 seconds
[2024-11-24T16:06:41.035+0000] {processor.py:186} INFO - Started process (PID=7039) to work on /opt/airflow/dags/script/example/dag_with_taskflow_api.py
[2024-11-24T16:06:41.035+0000] {processor.py:914} INFO - Processing file /opt/airflow/dags/script/example/dag_with_taskflow_api.py for tasks to queue
[2024-11-24T16:06:41.037+0000] {logging_mixin.py:190} INFO - [2024-11-24T16:06:41.037+0000] {dagbag.py:588} INFO - Filling up the DagBag from /opt/airflow/dags/script/example/dag_with_taskflow_api.py
[2024-11-24T16:06:41.043+0000] {processor.py:927} WARNING - No viable dags retrieved from /opt/airflow/dags/script/example/dag_with_taskflow_api.py
[2024-11-24T16:06:41.051+0000] {processor.py:208} INFO - Processing /opt/airflow/dags/script/example/dag_with_taskflow_api.py took 0.021 seconds
[2024-11-24T16:07:11.330+0000] {processor.py:186} INFO - Started process (PID=7395) to work on /opt/airflow/dags/script/example/dag_with_taskflow_api.py
[2024-11-24T16:07:11.331+0000] {processor.py:914} INFO - Processing file /opt/airflow/dags/script/example/dag_with_taskflow_api.py for tasks to queue
[2024-11-24T16:07:11.333+0000] {logging_mixin.py:190} INFO - [2024-11-24T16:07:11.333+0000] {dagbag.py:588} INFO - Filling up the DagBag from /opt/airflow/dags/script/example/dag_with_taskflow_api.py
[2024-11-24T16:07:11.336+0000] {processor.py:927} WARNING - No viable dags retrieved from /opt/airflow/dags/script/example/dag_with_taskflow_api.py
[2024-11-24T16:07:11.345+0000] {processor.py:208} INFO - Processing /opt/airflow/dags/script/example/dag_with_taskflow_api.py took 0.019 seconds
[2024-11-24T16:07:41.561+0000] {processor.py:186} INFO - Started process (PID=7751) to work on /opt/airflow/dags/script/example/dag_with_taskflow_api.py
[2024-11-24T16:07:41.562+0000] {processor.py:914} INFO - Processing file /opt/airflow/dags/script/example/dag_with_taskflow_api.py for tasks to queue
[2024-11-24T16:07:41.564+0000] {logging_mixin.py:190} INFO - [2024-11-24T16:07:41.563+0000] {dagbag.py:588} INFO - Filling up the DagBag from /opt/airflow/dags/script/example/dag_with_taskflow_api.py
[2024-11-24T16:07:41.567+0000] {processor.py:927} WARNING - No viable dags retrieved from /opt/airflow/dags/script/example/dag_with_taskflow_api.py
[2024-11-24T16:07:41.575+0000] {processor.py:208} INFO - Processing /opt/airflow/dags/script/example/dag_with_taskflow_api.py took 0.018 seconds
[2024-11-24T16:08:11.787+0000] {processor.py:186} INFO - Started process (PID=8107) to work on /opt/airflow/dags/script/example/dag_with_taskflow_api.py
[2024-11-24T16:08:11.788+0000] {processor.py:914} INFO - Processing file /opt/airflow/dags/script/example/dag_with_taskflow_api.py for tasks to queue
[2024-11-24T16:08:11.789+0000] {logging_mixin.py:190} INFO - [2024-11-24T16:08:11.788+0000] {dagbag.py:588} INFO - Filling up the DagBag from /opt/airflow/dags/script/example/dag_with_taskflow_api.py
[2024-11-24T16:08:11.791+0000] {processor.py:927} WARNING - No viable dags retrieved from /opt/airflow/dags/script/example/dag_with_taskflow_api.py
[2024-11-24T16:08:11.799+0000] {processor.py:208} INFO - Processing /opt/airflow/dags/script/example/dag_with_taskflow_api.py took 0.018 seconds
[2024-11-24T16:08:41.961+0000] {processor.py:186} INFO - Started process (PID=8463) to work on /opt/airflow/dags/script/example/dag_with_taskflow_api.py
[2024-11-24T16:08:41.962+0000] {processor.py:914} INFO - Processing file /opt/airflow/dags/script/example/dag_with_taskflow_api.py for tasks to queue
[2024-11-24T16:08:41.963+0000] {logging_mixin.py:190} INFO - [2024-11-24T16:08:41.963+0000] {dagbag.py:588} INFO - Filling up the DagBag from /opt/airflow/dags/script/example/dag_with_taskflow_api.py
[2024-11-24T16:08:41.966+0000] {processor.py:927} WARNING - No viable dags retrieved from /opt/airflow/dags/script/example/dag_with_taskflow_api.py
[2024-11-24T16:08:41.979+0000] {processor.py:208} INFO - Processing /opt/airflow/dags/script/example/dag_with_taskflow_api.py took 0.023 seconds
[2024-11-24T16:09:12.212+0000] {processor.py:186} INFO - Started process (PID=8819) to work on /opt/airflow/dags/script/example/dag_with_taskflow_api.py
[2024-11-24T16:09:12.212+0000] {processor.py:914} INFO - Processing file /opt/airflow/dags/script/example/dag_with_taskflow_api.py for tasks to queue
[2024-11-24T16:09:12.213+0000] {logging_mixin.py:190} INFO - [2024-11-24T16:09:12.213+0000] {dagbag.py:588} INFO - Filling up the DagBag from /opt/airflow/dags/script/example/dag_with_taskflow_api.py
[2024-11-24T16:09:12.215+0000] {processor.py:927} WARNING - No viable dags retrieved from /opt/airflow/dags/script/example/dag_with_taskflow_api.py
[2024-11-24T16:09:12.222+0000] {processor.py:208} INFO - Processing /opt/airflow/dags/script/example/dag_with_taskflow_api.py took 0.015 seconds
[2024-11-24T16:09:42.350+0000] {processor.py:186} INFO - Started process (PID=9175) to work on /opt/airflow/dags/script/example/dag_with_taskflow_api.py
[2024-11-24T16:09:42.351+0000] {processor.py:914} INFO - Processing file /opt/airflow/dags/script/example/dag_with_taskflow_api.py for tasks to queue
[2024-11-24T16:09:42.352+0000] {logging_mixin.py:190} INFO - [2024-11-24T16:09:42.352+0000] {dagbag.py:588} INFO - Filling up the DagBag from /opt/airflow/dags/script/example/dag_with_taskflow_api.py
[2024-11-24T16:09:42.354+0000] {processor.py:927} WARNING - No viable dags retrieved from /opt/airflow/dags/script/example/dag_with_taskflow_api.py
[2024-11-24T16:09:42.362+0000] {processor.py:208} INFO - Processing /opt/airflow/dags/script/example/dag_with_taskflow_api.py took 0.016 seconds
[2024-11-24T16:10:12.573+0000] {processor.py:186} INFO - Started process (PID=9531) to work on /opt/airflow/dags/script/example/dag_with_taskflow_api.py
[2024-11-24T16:10:12.574+0000] {processor.py:914} INFO - Processing file /opt/airflow/dags/script/example/dag_with_taskflow_api.py for tasks to queue
[2024-11-24T16:10:12.575+0000] {logging_mixin.py:190} INFO - [2024-11-24T16:10:12.575+0000] {dagbag.py:588} INFO - Filling up the DagBag from /opt/airflow/dags/script/example/dag_with_taskflow_api.py
[2024-11-24T16:10:12.577+0000] {processor.py:927} WARNING - No viable dags retrieved from /opt/airflow/dags/script/example/dag_with_taskflow_api.py
[2024-11-24T16:10:12.586+0000] {processor.py:208} INFO - Processing /opt/airflow/dags/script/example/dag_with_taskflow_api.py took 0.017 seconds
[2024-11-24T16:10:42.732+0000] {processor.py:186} INFO - Started process (PID=9887) to work on /opt/airflow/dags/script/example/dag_with_taskflow_api.py
[2024-11-24T16:10:42.733+0000] {processor.py:914} INFO - Processing file /opt/airflow/dags/script/example/dag_with_taskflow_api.py for tasks to queue
[2024-11-24T16:10:42.734+0000] {logging_mixin.py:190} INFO - [2024-11-24T16:10:42.734+0000] {dagbag.py:588} INFO - Filling up the DagBag from /opt/airflow/dags/script/example/dag_with_taskflow_api.py
[2024-11-24T16:10:42.736+0000] {processor.py:927} WARNING - No viable dags retrieved from /opt/airflow/dags/script/example/dag_with_taskflow_api.py
[2024-11-24T16:10:42.745+0000] {processor.py:208} INFO - Processing /opt/airflow/dags/script/example/dag_with_taskflow_api.py took 0.018 seconds
[2024-11-24T16:11:12.975+0000] {processor.py:186} INFO - Started process (PID=10243) to work on /opt/airflow/dags/script/example/dag_with_taskflow_api.py
[2024-11-24T16:11:12.976+0000] {processor.py:914} INFO - Processing file /opt/airflow/dags/script/example/dag_with_taskflow_api.py for tasks to queue
[2024-11-24T16:11:12.977+0000] {logging_mixin.py:190} INFO - [2024-11-24T16:11:12.976+0000] {dagbag.py:588} INFO - Filling up the DagBag from /opt/airflow/dags/script/example/dag_with_taskflow_api.py
[2024-11-24T16:11:12.979+0000] {processor.py:927} WARNING - No viable dags retrieved from /opt/airflow/dags/script/example/dag_with_taskflow_api.py
[2024-11-24T16:11:12.988+0000] {processor.py:208} INFO - Processing /opt/airflow/dags/script/example/dag_with_taskflow_api.py took 0.018 seconds
[2024-11-24T16:11:43.243+0000] {processor.py:186} INFO - Started process (PID=10599) to work on /opt/airflow/dags/script/example/dag_with_taskflow_api.py
[2024-11-24T16:11:43.243+0000] {processor.py:914} INFO - Processing file /opt/airflow/dags/script/example/dag_with_taskflow_api.py for tasks to queue
[2024-11-24T16:11:43.243+0000] {logging_mixin.py:190} INFO - [2024-11-24T16:11:43.243+0000] {dagbag.py:588} INFO - Filling up the DagBag from /opt/airflow/dags/script/example/dag_with_taskflow_api.py
[2024-11-24T16:11:43.244+0000] {processor.py:927} WARNING - No viable dags retrieved from /opt/airflow/dags/script/example/dag_with_taskflow_api.py
[2024-11-24T16:11:43.250+0000] {processor.py:208} INFO - Processing /opt/airflow/dags/script/example/dag_with_taskflow_api.py took 0.009 seconds
[2024-11-24T16:38:18.337+0000] {processor.py:186} INFO - Started process (PID=186) to work on /opt/airflow/dags/script/example/dag_with_taskflow_api.py
[2024-11-24T16:38:18.338+0000] {processor.py:914} INFO - Processing file /opt/airflow/dags/script/example/dag_with_taskflow_api.py for tasks to queue
[2024-11-24T16:38:18.339+0000] {logging_mixin.py:190} INFO - [2024-11-24T16:38:18.339+0000] {dagbag.py:588} INFO - Filling up the DagBag from /opt/airflow/dags/script/example/dag_with_taskflow_api.py
[2024-11-24T16:38:18.341+0000] {processor.py:927} WARNING - No viable dags retrieved from /opt/airflow/dags/script/example/dag_with_taskflow_api.py
[2024-11-24T16:38:18.347+0000] {processor.py:208} INFO - Processing /opt/airflow/dags/script/example/dag_with_taskflow_api.py took 0.014 seconds
[2024-11-24T16:38:48.664+0000] {processor.py:186} INFO - Started process (PID=544) to work on /opt/airflow/dags/script/example/dag_with_taskflow_api.py
[2024-11-24T16:38:48.665+0000] {processor.py:914} INFO - Processing file /opt/airflow/dags/script/example/dag_with_taskflow_api.py for tasks to queue
[2024-11-24T16:38:48.666+0000] {logging_mixin.py:190} INFO - [2024-11-24T16:38:48.666+0000] {dagbag.py:588} INFO - Filling up the DagBag from /opt/airflow/dags/script/example/dag_with_taskflow_api.py
[2024-11-24T16:38:48.667+0000] {processor.py:927} WARNING - No viable dags retrieved from /opt/airflow/dags/script/example/dag_with_taskflow_api.py
[2024-11-24T16:38:48.675+0000] {processor.py:208} INFO - Processing /opt/airflow/dags/script/example/dag_with_taskflow_api.py took 0.013 seconds
[2024-11-24T16:39:18.983+0000] {processor.py:186} INFO - Started process (PID=899) to work on /opt/airflow/dags/script/example/dag_with_taskflow_api.py
[2024-11-24T16:39:18.985+0000] {processor.py:914} INFO - Processing file /opt/airflow/dags/script/example/dag_with_taskflow_api.py for tasks to queue
[2024-11-24T16:39:18.985+0000] {logging_mixin.py:190} INFO - [2024-11-24T16:39:18.985+0000] {dagbag.py:588} INFO - Filling up the DagBag from /opt/airflow/dags/script/example/dag_with_taskflow_api.py
[2024-11-24T16:39:18.987+0000] {processor.py:927} WARNING - No viable dags retrieved from /opt/airflow/dags/script/example/dag_with_taskflow_api.py
[2024-11-24T16:39:18.992+0000] {processor.py:208} INFO - Processing /opt/airflow/dags/script/example/dag_with_taskflow_api.py took 0.012 seconds
[2024-11-24T16:39:49.418+0000] {processor.py:186} INFO - Started process (PID=1256) to work on /opt/airflow/dags/script/example/dag_with_taskflow_api.py
[2024-11-24T16:39:49.419+0000] {processor.py:914} INFO - Processing file /opt/airflow/dags/script/example/dag_with_taskflow_api.py for tasks to queue
[2024-11-24T16:39:49.419+0000] {logging_mixin.py:190} INFO - [2024-11-24T16:39:49.419+0000] {dagbag.py:588} INFO - Filling up the DagBag from /opt/airflow/dags/script/example/dag_with_taskflow_api.py
[2024-11-24T16:39:49.420+0000] {processor.py:927} WARNING - No viable dags retrieved from /opt/airflow/dags/script/example/dag_with_taskflow_api.py
[2024-11-24T16:39:49.425+0000] {processor.py:208} INFO - Processing /opt/airflow/dags/script/example/dag_with_taskflow_api.py took 0.009 seconds
[2024-11-24T16:40:19.702+0000] {processor.py:186} INFO - Started process (PID=1610) to work on /opt/airflow/dags/script/example/dag_with_taskflow_api.py
[2024-11-24T16:40:19.703+0000] {processor.py:914} INFO - Processing file /opt/airflow/dags/script/example/dag_with_taskflow_api.py for tasks to queue
[2024-11-24T16:40:19.704+0000] {logging_mixin.py:190} INFO - [2024-11-24T16:40:19.704+0000] {dagbag.py:588} INFO - Filling up the DagBag from /opt/airflow/dags/script/example/dag_with_taskflow_api.py
[2024-11-24T16:40:19.705+0000] {processor.py:927} WARNING - No viable dags retrieved from /opt/airflow/dags/script/example/dag_with_taskflow_api.py
[2024-11-24T16:40:19.711+0000] {processor.py:208} INFO - Processing /opt/airflow/dags/script/example/dag_with_taskflow_api.py took 0.012 seconds
[2024-11-24T16:40:50.128+0000] {processor.py:186} INFO - Started process (PID=1968) to work on /opt/airflow/dags/script/example/dag_with_taskflow_api.py
[2024-11-24T16:40:50.129+0000] {processor.py:914} INFO - Processing file /opt/airflow/dags/script/example/dag_with_taskflow_api.py for tasks to queue
[2024-11-24T16:40:50.129+0000] {logging_mixin.py:190} INFO - [2024-11-24T16:40:50.129+0000] {dagbag.py:588} INFO - Filling up the DagBag from /opt/airflow/dags/script/example/dag_with_taskflow_api.py
[2024-11-24T16:40:50.130+0000] {processor.py:927} WARNING - No viable dags retrieved from /opt/airflow/dags/script/example/dag_with_taskflow_api.py
[2024-11-24T16:40:50.135+0000] {processor.py:208} INFO - Processing /opt/airflow/dags/script/example/dag_with_taskflow_api.py took 0.009 seconds
[2024-11-24T16:41:20.270+0000] {processor.py:186} INFO - Started process (PID=2324) to work on /opt/airflow/dags/script/example/dag_with_taskflow_api.py
[2024-11-24T16:41:20.271+0000] {processor.py:914} INFO - Processing file /opt/airflow/dags/script/example/dag_with_taskflow_api.py for tasks to queue
[2024-11-24T16:41:20.271+0000] {logging_mixin.py:190} INFO - [2024-11-24T16:41:20.271+0000] {dagbag.py:588} INFO - Filling up the DagBag from /opt/airflow/dags/script/example/dag_with_taskflow_api.py
[2024-11-24T16:41:20.273+0000] {processor.py:927} WARNING - No viable dags retrieved from /opt/airflow/dags/script/example/dag_with_taskflow_api.py
[2024-11-24T16:41:20.279+0000] {processor.py:208} INFO - Processing /opt/airflow/dags/script/example/dag_with_taskflow_api.py took 0.011 seconds
[2024-11-24T16:41:50.689+0000] {processor.py:186} INFO - Started process (PID=2685) to work on /opt/airflow/dags/script/example/dag_with_taskflow_api.py
[2024-11-24T16:41:50.689+0000] {processor.py:914} INFO - Processing file /opt/airflow/dags/script/example/dag_with_taskflow_api.py for tasks to queue
[2024-11-24T16:41:50.690+0000] {logging_mixin.py:190} INFO - [2024-11-24T16:41:50.690+0000] {dagbag.py:588} INFO - Filling up the DagBag from /opt/airflow/dags/script/example/dag_with_taskflow_api.py
[2024-11-24T16:41:50.691+0000] {processor.py:927} WARNING - No viable dags retrieved from /opt/airflow/dags/script/example/dag_with_taskflow_api.py
[2024-11-24T16:41:50.696+0000] {processor.py:208} INFO - Processing /opt/airflow/dags/script/example/dag_with_taskflow_api.py took 0.009 seconds
[2024-11-24T16:42:21.256+0000] {processor.py:186} INFO - Started process (PID=3041) to work on /opt/airflow/dags/script/example/dag_with_taskflow_api.py
[2024-11-24T16:42:21.257+0000] {processor.py:914} INFO - Processing file /opt/airflow/dags/script/example/dag_with_taskflow_api.py for tasks to queue
[2024-11-24T16:42:21.257+0000] {logging_mixin.py:190} INFO - [2024-11-24T16:42:21.257+0000] {dagbag.py:588} INFO - Filling up the DagBag from /opt/airflow/dags/script/example/dag_with_taskflow_api.py
[2024-11-24T16:42:21.259+0000] {processor.py:927} WARNING - No viable dags retrieved from /opt/airflow/dags/script/example/dag_with_taskflow_api.py
[2024-11-24T16:42:21.265+0000] {processor.py:208} INFO - Processing /opt/airflow/dags/script/example/dag_with_taskflow_api.py took 0.011 seconds
[2024-11-24T16:42:51.410+0000] {processor.py:186} INFO - Started process (PID=3395) to work on /opt/airflow/dags/script/example/dag_with_taskflow_api.py
[2024-11-24T16:42:51.411+0000] {processor.py:914} INFO - Processing file /opt/airflow/dags/script/example/dag_with_taskflow_api.py for tasks to queue
[2024-11-24T16:42:51.411+0000] {logging_mixin.py:190} INFO - [2024-11-24T16:42:51.411+0000] {dagbag.py:588} INFO - Filling up the DagBag from /opt/airflow/dags/script/example/dag_with_taskflow_api.py
[2024-11-24T16:42:51.412+0000] {processor.py:927} WARNING - No viable dags retrieved from /opt/airflow/dags/script/example/dag_with_taskflow_api.py
[2024-11-24T16:42:51.417+0000] {processor.py:208} INFO - Processing /opt/airflow/dags/script/example/dag_with_taskflow_api.py took 0.010 seconds
[2024-11-24T16:43:21.712+0000] {processor.py:186} INFO - Started process (PID=3753) to work on /opt/airflow/dags/script/example/dag_with_taskflow_api.py
[2024-11-24T16:43:21.712+0000] {processor.py:914} INFO - Processing file /opt/airflow/dags/script/example/dag_with_taskflow_api.py for tasks to queue
[2024-11-24T16:43:21.713+0000] {logging_mixin.py:190} INFO - [2024-11-24T16:43:21.713+0000] {dagbag.py:588} INFO - Filling up the DagBag from /opt/airflow/dags/script/example/dag_with_taskflow_api.py
[2024-11-24T16:43:21.714+0000] {processor.py:927} WARNING - No viable dags retrieved from /opt/airflow/dags/script/example/dag_with_taskflow_api.py
[2024-11-24T16:43:21.720+0000] {processor.py:208} INFO - Processing /opt/airflow/dags/script/example/dag_with_taskflow_api.py took 0.010 seconds
[2024-11-24T16:43:52.295+0000] {processor.py:186} INFO - Started process (PID=4113) to work on /opt/airflow/dags/script/example/dag_with_taskflow_api.py
[2024-11-24T16:43:52.295+0000] {processor.py:914} INFO - Processing file /opt/airflow/dags/script/example/dag_with_taskflow_api.py for tasks to queue
[2024-11-24T16:43:52.296+0000] {logging_mixin.py:190} INFO - [2024-11-24T16:43:52.296+0000] {dagbag.py:588} INFO - Filling up the DagBag from /opt/airflow/dags/script/example/dag_with_taskflow_api.py
[2024-11-24T16:43:52.298+0000] {processor.py:927} WARNING - No viable dags retrieved from /opt/airflow/dags/script/example/dag_with_taskflow_api.py
[2024-11-24T16:43:52.306+0000] {processor.py:208} INFO - Processing /opt/airflow/dags/script/example/dag_with_taskflow_api.py took 0.014 seconds
[2024-11-24T16:44:22.728+0000] {processor.py:186} INFO - Started process (PID=4469) to work on /opt/airflow/dags/script/example/dag_with_taskflow_api.py
[2024-11-24T16:44:22.729+0000] {processor.py:914} INFO - Processing file /opt/airflow/dags/script/example/dag_with_taskflow_api.py for tasks to queue
[2024-11-24T16:44:22.729+0000] {logging_mixin.py:190} INFO - [2024-11-24T16:44:22.729+0000] {dagbag.py:588} INFO - Filling up the DagBag from /opt/airflow/dags/script/example/dag_with_taskflow_api.py
[2024-11-24T16:44:22.731+0000] {processor.py:927} WARNING - No viable dags retrieved from /opt/airflow/dags/script/example/dag_with_taskflow_api.py
[2024-11-24T16:44:22.737+0000] {processor.py:208} INFO - Processing /opt/airflow/dags/script/example/dag_with_taskflow_api.py took 0.011 seconds
[2024-11-24T16:44:53.364+0000] {processor.py:186} INFO - Started process (PID=4825) to work on /opt/airflow/dags/script/example/dag_with_taskflow_api.py
[2024-11-24T16:44:53.365+0000] {processor.py:914} INFO - Processing file /opt/airflow/dags/script/example/dag_with_taskflow_api.py for tasks to queue
[2024-11-24T16:44:53.365+0000] {logging_mixin.py:190} INFO - [2024-11-24T16:44:53.365+0000] {dagbag.py:588} INFO - Filling up the DagBag from /opt/airflow/dags/script/example/dag_with_taskflow_api.py
[2024-11-24T16:44:53.366+0000] {processor.py:927} WARNING - No viable dags retrieved from /opt/airflow/dags/script/example/dag_with_taskflow_api.py
[2024-11-24T16:44:53.372+0000] {processor.py:208} INFO - Processing /opt/airflow/dags/script/example/dag_with_taskflow_api.py took 0.011 seconds
[2024-11-24T16:45:23.430+0000] {processor.py:186} INFO - Started process (PID=5181) to work on /opt/airflow/dags/script/example/dag_with_taskflow_api.py
[2024-11-24T16:45:23.430+0000] {processor.py:914} INFO - Processing file /opt/airflow/dags/script/example/dag_with_taskflow_api.py for tasks to queue
[2024-11-24T16:45:23.431+0000] {logging_mixin.py:190} INFO - [2024-11-24T16:45:23.431+0000] {dagbag.py:588} INFO - Filling up the DagBag from /opt/airflow/dags/script/example/dag_with_taskflow_api.py
[2024-11-24T16:45:23.432+0000] {processor.py:927} WARNING - No viable dags retrieved from /opt/airflow/dags/script/example/dag_with_taskflow_api.py
[2024-11-24T16:45:23.437+0000] {processor.py:208} INFO - Processing /opt/airflow/dags/script/example/dag_with_taskflow_api.py took 0.010 seconds
[2024-11-24T16:45:53.947+0000] {processor.py:186} INFO - Started process (PID=5537) to work on /opt/airflow/dags/script/example/dag_with_taskflow_api.py
[2024-11-24T16:45:53.947+0000] {processor.py:914} INFO - Processing file /opt/airflow/dags/script/example/dag_with_taskflow_api.py for tasks to queue
[2024-11-24T16:45:53.948+0000] {logging_mixin.py:190} INFO - [2024-11-24T16:45:53.947+0000] {dagbag.py:588} INFO - Filling up the DagBag from /opt/airflow/dags/script/example/dag_with_taskflow_api.py
[2024-11-24T16:45:53.949+0000] {processor.py:927} WARNING - No viable dags retrieved from /opt/airflow/dags/script/example/dag_with_taskflow_api.py
[2024-11-24T16:45:53.954+0000] {processor.py:208} INFO - Processing /opt/airflow/dags/script/example/dag_with_taskflow_api.py took 0.010 seconds
[2024-11-24T16:46:24.266+0000] {processor.py:186} INFO - Started process (PID=5893) to work on /opt/airflow/dags/script/example/dag_with_taskflow_api.py
[2024-11-24T16:46:24.267+0000] {processor.py:914} INFO - Processing file /opt/airflow/dags/script/example/dag_with_taskflow_api.py for tasks to queue
[2024-11-24T16:46:24.268+0000] {logging_mixin.py:190} INFO - [2024-11-24T16:46:24.268+0000] {dagbag.py:588} INFO - Filling up the DagBag from /opt/airflow/dags/script/example/dag_with_taskflow_api.py
[2024-11-24T16:46:24.269+0000] {processor.py:927} WARNING - No viable dags retrieved from /opt/airflow/dags/script/example/dag_with_taskflow_api.py
[2024-11-24T16:46:24.277+0000] {processor.py:208} INFO - Processing /opt/airflow/dags/script/example/dag_with_taskflow_api.py took 0.014 seconds
[2024-11-24T16:46:54.690+0000] {processor.py:186} INFO - Started process (PID=6249) to work on /opt/airflow/dags/script/example/dag_with_taskflow_api.py
[2024-11-24T16:46:54.691+0000] {processor.py:914} INFO - Processing file /opt/airflow/dags/script/example/dag_with_taskflow_api.py for tasks to queue
[2024-11-24T16:46:54.691+0000] {logging_mixin.py:190} INFO - [2024-11-24T16:46:54.691+0000] {dagbag.py:588} INFO - Filling up the DagBag from /opt/airflow/dags/script/example/dag_with_taskflow_api.py
[2024-11-24T16:46:54.692+0000] {processor.py:927} WARNING - No viable dags retrieved from /opt/airflow/dags/script/example/dag_with_taskflow_api.py
[2024-11-24T16:46:54.698+0000] {processor.py:208} INFO - Processing /opt/airflow/dags/script/example/dag_with_taskflow_api.py took 0.010 seconds
[2024-11-24T16:47:25.289+0000] {processor.py:186} INFO - Started process (PID=6605) to work on /opt/airflow/dags/script/example/dag_with_taskflow_api.py
[2024-11-24T16:47:25.289+0000] {processor.py:914} INFO - Processing file /opt/airflow/dags/script/example/dag_with_taskflow_api.py for tasks to queue
[2024-11-24T16:47:25.290+0000] {logging_mixin.py:190} INFO - [2024-11-24T16:47:25.290+0000] {dagbag.py:588} INFO - Filling up the DagBag from /opt/airflow/dags/script/example/dag_with_taskflow_api.py
[2024-11-24T16:47:25.291+0000] {processor.py:927} WARNING - No viable dags retrieved from /opt/airflow/dags/script/example/dag_with_taskflow_api.py
[2024-11-24T16:47:25.296+0000] {processor.py:208} INFO - Processing /opt/airflow/dags/script/example/dag_with_taskflow_api.py took 0.011 seconds
[2024-11-24T16:47:55.829+0000] {processor.py:186} INFO - Started process (PID=6961) to work on /opt/airflow/dags/script/example/dag_with_taskflow_api.py
[2024-11-24T16:47:55.829+0000] {processor.py:914} INFO - Processing file /opt/airflow/dags/script/example/dag_with_taskflow_api.py for tasks to queue
[2024-11-24T16:47:55.830+0000] {logging_mixin.py:190} INFO - [2024-11-24T16:47:55.829+0000] {dagbag.py:588} INFO - Filling up the DagBag from /opt/airflow/dags/script/example/dag_with_taskflow_api.py
[2024-11-24T16:47:55.831+0000] {processor.py:927} WARNING - No viable dags retrieved from /opt/airflow/dags/script/example/dag_with_taskflow_api.py
[2024-11-24T16:47:55.837+0000] {processor.py:208} INFO - Processing /opt/airflow/dags/script/example/dag_with_taskflow_api.py took 0.011 seconds
[2024-11-24T16:48:26.231+0000] {processor.py:186} INFO - Started process (PID=7317) to work on /opt/airflow/dags/script/example/dag_with_taskflow_api.py
[2024-11-24T16:48:26.232+0000] {processor.py:914} INFO - Processing file /opt/airflow/dags/script/example/dag_with_taskflow_api.py for tasks to queue
[2024-11-24T16:48:26.233+0000] {logging_mixin.py:190} INFO - [2024-11-24T16:48:26.232+0000] {dagbag.py:588} INFO - Filling up the DagBag from /opt/airflow/dags/script/example/dag_with_taskflow_api.py
[2024-11-24T16:48:26.234+0000] {processor.py:927} WARNING - No viable dags retrieved from /opt/airflow/dags/script/example/dag_with_taskflow_api.py
[2024-11-24T16:48:26.240+0000] {processor.py:208} INFO - Processing /opt/airflow/dags/script/example/dag_with_taskflow_api.py took 0.011 seconds
[2024-11-24T16:48:56.637+0000] {processor.py:186} INFO - Started process (PID=7673) to work on /opt/airflow/dags/script/example/dag_with_taskflow_api.py
[2024-11-24T16:48:56.637+0000] {processor.py:914} INFO - Processing file /opt/airflow/dags/script/example/dag_with_taskflow_api.py for tasks to queue
[2024-11-24T16:48:56.638+0000] {logging_mixin.py:190} INFO - [2024-11-24T16:48:56.638+0000] {dagbag.py:588} INFO - Filling up the DagBag from /opt/airflow/dags/script/example/dag_with_taskflow_api.py
[2024-11-24T16:48:56.640+0000] {processor.py:927} WARNING - No viable dags retrieved from /opt/airflow/dags/script/example/dag_with_taskflow_api.py
[2024-11-24T16:48:56.647+0000] {processor.py:208} INFO - Processing /opt/airflow/dags/script/example/dag_with_taskflow_api.py took 0.013 seconds
[2024-11-24T16:49:27.030+0000] {processor.py:186} INFO - Started process (PID=8029) to work on /opt/airflow/dags/script/example/dag_with_taskflow_api.py
[2024-11-24T16:49:27.030+0000] {processor.py:914} INFO - Processing file /opt/airflow/dags/script/example/dag_with_taskflow_api.py for tasks to queue
[2024-11-24T16:49:27.031+0000] {logging_mixin.py:190} INFO - [2024-11-24T16:49:27.031+0000] {dagbag.py:588} INFO - Filling up the DagBag from /opt/airflow/dags/script/example/dag_with_taskflow_api.py
[2024-11-24T16:49:27.032+0000] {processor.py:927} WARNING - No viable dags retrieved from /opt/airflow/dags/script/example/dag_with_taskflow_api.py
[2024-11-24T16:49:27.038+0000] {processor.py:208} INFO - Processing /opt/airflow/dags/script/example/dag_with_taskflow_api.py took 0.010 seconds
[2024-11-24T16:49:57.444+0000] {processor.py:186} INFO - Started process (PID=8385) to work on /opt/airflow/dags/script/example/dag_with_taskflow_api.py
[2024-11-24T16:49:57.445+0000] {processor.py:914} INFO - Processing file /opt/airflow/dags/script/example/dag_with_taskflow_api.py for tasks to queue
[2024-11-24T16:49:57.445+0000] {logging_mixin.py:190} INFO - [2024-11-24T16:49:57.445+0000] {dagbag.py:588} INFO - Filling up the DagBag from /opt/airflow/dags/script/example/dag_with_taskflow_api.py
[2024-11-24T16:49:57.447+0000] {processor.py:927} WARNING - No viable dags retrieved from /opt/airflow/dags/script/example/dag_with_taskflow_api.py
[2024-11-24T16:49:57.452+0000] {processor.py:208} INFO - Processing /opt/airflow/dags/script/example/dag_with_taskflow_api.py took 0.011 seconds
[2024-11-24T16:50:27.775+0000] {processor.py:186} INFO - Started process (PID=8741) to work on /opt/airflow/dags/script/example/dag_with_taskflow_api.py
[2024-11-24T16:50:27.775+0000] {processor.py:914} INFO - Processing file /opt/airflow/dags/script/example/dag_with_taskflow_api.py for tasks to queue
[2024-11-24T16:50:27.776+0000] {logging_mixin.py:190} INFO - [2024-11-24T16:50:27.776+0000] {dagbag.py:588} INFO - Filling up the DagBag from /opt/airflow/dags/script/example/dag_with_taskflow_api.py
[2024-11-24T16:50:27.777+0000] {processor.py:927} WARNING - No viable dags retrieved from /opt/airflow/dags/script/example/dag_with_taskflow_api.py
[2024-11-24T16:50:27.783+0000] {processor.py:208} INFO - Processing /opt/airflow/dags/script/example/dag_with_taskflow_api.py took 0.011 seconds
[2024-11-24T16:50:58.798+0000] {processor.py:186} INFO - Started process (PID=9102) to work on /opt/airflow/dags/script/example/dag_with_taskflow_api.py
[2024-11-24T16:50:58.799+0000] {processor.py:914} INFO - Processing file /opt/airflow/dags/script/example/dag_with_taskflow_api.py for tasks to queue
[2024-11-24T16:50:58.799+0000] {logging_mixin.py:190} INFO - [2024-11-24T16:50:58.799+0000] {dagbag.py:588} INFO - Filling up the DagBag from /opt/airflow/dags/script/example/dag_with_taskflow_api.py
[2024-11-24T16:50:58.800+0000] {processor.py:927} WARNING - No viable dags retrieved from /opt/airflow/dags/script/example/dag_with_taskflow_api.py
[2024-11-24T16:50:58.806+0000] {processor.py:208} INFO - Processing /opt/airflow/dags/script/example/dag_with_taskflow_api.py took 0.011 seconds
[2024-11-24T16:51:29.655+0000] {processor.py:186} INFO - Started process (PID=9458) to work on /opt/airflow/dags/script/example/dag_with_taskflow_api.py
[2024-11-24T16:51:29.655+0000] {processor.py:914} INFO - Processing file /opt/airflow/dags/script/example/dag_with_taskflow_api.py for tasks to queue
[2024-11-24T16:51:29.656+0000] {logging_mixin.py:190} INFO - [2024-11-24T16:51:29.656+0000] {dagbag.py:588} INFO - Filling up the DagBag from /opt/airflow/dags/script/example/dag_with_taskflow_api.py
[2024-11-24T16:51:29.657+0000] {processor.py:927} WARNING - No viable dags retrieved from /opt/airflow/dags/script/example/dag_with_taskflow_api.py
[2024-11-24T16:51:29.662+0000] {processor.py:208} INFO - Processing /opt/airflow/dags/script/example/dag_with_taskflow_api.py took 0.010 seconds
[2024-11-24T16:52:00.159+0000] {processor.py:186} INFO - Started process (PID=9814) to work on /opt/airflow/dags/script/example/dag_with_taskflow_api.py
[2024-11-24T16:52:00.159+0000] {processor.py:914} INFO - Processing file /opt/airflow/dags/script/example/dag_with_taskflow_api.py for tasks to queue
[2024-11-24T16:52:00.160+0000] {logging_mixin.py:190} INFO - [2024-11-24T16:52:00.159+0000] {dagbag.py:588} INFO - Filling up the DagBag from /opt/airflow/dags/script/example/dag_with_taskflow_api.py
[2024-11-24T16:52:00.161+0000] {processor.py:927} WARNING - No viable dags retrieved from /opt/airflow/dags/script/example/dag_with_taskflow_api.py
[2024-11-24T16:52:00.167+0000] {processor.py:208} INFO - Processing /opt/airflow/dags/script/example/dag_with_taskflow_api.py took 0.011 seconds
[2024-11-24T16:52:30.529+0000] {processor.py:186} INFO - Started process (PID=10170) to work on /opt/airflow/dags/script/example/dag_with_taskflow_api.py
[2024-11-24T16:52:30.530+0000] {processor.py:914} INFO - Processing file /opt/airflow/dags/script/example/dag_with_taskflow_api.py for tasks to queue
[2024-11-24T16:52:30.530+0000] {logging_mixin.py:190} INFO - [2024-11-24T16:52:30.530+0000] {dagbag.py:588} INFO - Filling up the DagBag from /opt/airflow/dags/script/example/dag_with_taskflow_api.py
[2024-11-24T16:52:30.531+0000] {processor.py:927} WARNING - No viable dags retrieved from /opt/airflow/dags/script/example/dag_with_taskflow_api.py
[2024-11-24T16:52:30.537+0000] {processor.py:208} INFO - Processing /opt/airflow/dags/script/example/dag_with_taskflow_api.py took 0.011 seconds
[2024-11-24T16:53:00.834+0000] {processor.py:186} INFO - Started process (PID=10526) to work on /opt/airflow/dags/script/example/dag_with_taskflow_api.py
[2024-11-24T16:53:00.834+0000] {processor.py:914} INFO - Processing file /opt/airflow/dags/script/example/dag_with_taskflow_api.py for tasks to queue
[2024-11-24T16:53:00.835+0000] {logging_mixin.py:190} INFO - [2024-11-24T16:53:00.835+0000] {dagbag.py:588} INFO - Filling up the DagBag from /opt/airflow/dags/script/example/dag_with_taskflow_api.py
[2024-11-24T16:53:00.837+0000] {processor.py:927} WARNING - No viable dags retrieved from /opt/airflow/dags/script/example/dag_with_taskflow_api.py
[2024-11-24T16:53:00.843+0000] {processor.py:208} INFO - Processing /opt/airflow/dags/script/example/dag_with_taskflow_api.py took 0.013 seconds
[2024-11-24T16:53:31.497+0000] {processor.py:186} INFO - Started process (PID=10902) to work on /opt/airflow/dags/script/example/dag_with_taskflow_api.py
[2024-11-24T16:53:31.498+0000] {processor.py:914} INFO - Processing file /opt/airflow/dags/script/example/dag_with_taskflow_api.py for tasks to queue
[2024-11-24T16:53:31.498+0000] {logging_mixin.py:190} INFO - [2024-11-24T16:53:31.498+0000] {dagbag.py:588} INFO - Filling up the DagBag from /opt/airflow/dags/script/example/dag_with_taskflow_api.py
[2024-11-24T16:53:31.500+0000] {processor.py:927} WARNING - No viable dags retrieved from /opt/airflow/dags/script/example/dag_with_taskflow_api.py
[2024-11-24T16:53:31.506+0000] {processor.py:208} INFO - Processing /opt/airflow/dags/script/example/dag_with_taskflow_api.py took 0.012 seconds
[2024-11-24T16:54:01.995+0000] {processor.py:186} INFO - Started process (PID=11263) to work on /opt/airflow/dags/script/example/dag_with_taskflow_api.py
[2024-11-24T16:54:01.996+0000] {processor.py:914} INFO - Processing file /opt/airflow/dags/script/example/dag_with_taskflow_api.py for tasks to queue
[2024-11-24T16:54:01.998+0000] {logging_mixin.py:190} INFO - [2024-11-24T16:54:01.997+0000] {dagbag.py:588} INFO - Filling up the DagBag from /opt/airflow/dags/script/example/dag_with_taskflow_api.py
[2024-11-24T16:54:02.000+0000] {processor.py:927} WARNING - No viable dags retrieved from /opt/airflow/dags/script/example/dag_with_taskflow_api.py
[2024-11-24T16:54:02.007+0000] {processor.py:208} INFO - Processing /opt/airflow/dags/script/example/dag_with_taskflow_api.py took 0.017 seconds
[2024-11-24T16:54:32.551+0000] {processor.py:186} INFO - Started process (PID=11623) to work on /opt/airflow/dags/script/example/dag_with_taskflow_api.py
[2024-11-24T16:54:32.551+0000] {processor.py:914} INFO - Processing file /opt/airflow/dags/script/example/dag_with_taskflow_api.py for tasks to queue
[2024-11-24T16:54:32.552+0000] {logging_mixin.py:190} INFO - [2024-11-24T16:54:32.551+0000] {dagbag.py:588} INFO - Filling up the DagBag from /opt/airflow/dags/script/example/dag_with_taskflow_api.py
[2024-11-24T16:54:32.553+0000] {processor.py:927} WARNING - No viable dags retrieved from /opt/airflow/dags/script/example/dag_with_taskflow_api.py
[2024-11-24T16:54:32.559+0000] {processor.py:208} INFO - Processing /opt/airflow/dags/script/example/dag_with_taskflow_api.py took 0.011 seconds
[2024-11-24T16:55:03.025+0000] {processor.py:186} INFO - Started process (PID=11979) to work on /opt/airflow/dags/script/example/dag_with_taskflow_api.py
[2024-11-24T16:55:03.026+0000] {processor.py:914} INFO - Processing file /opt/airflow/dags/script/example/dag_with_taskflow_api.py for tasks to queue
[2024-11-24T16:55:03.026+0000] {logging_mixin.py:190} INFO - [2024-11-24T16:55:03.026+0000] {dagbag.py:588} INFO - Filling up the DagBag from /opt/airflow/dags/script/example/dag_with_taskflow_api.py
[2024-11-24T16:55:03.028+0000] {processor.py:927} WARNING - No viable dags retrieved from /opt/airflow/dags/script/example/dag_with_taskflow_api.py
[2024-11-24T16:55:03.034+0000] {processor.py:208} INFO - Processing /opt/airflow/dags/script/example/dag_with_taskflow_api.py took 0.012 seconds
[2024-11-24T16:55:33.380+0000] {processor.py:186} INFO - Started process (PID=12335) to work on /opt/airflow/dags/script/example/dag_with_taskflow_api.py
[2024-11-24T16:55:33.380+0000] {processor.py:914} INFO - Processing file /opt/airflow/dags/script/example/dag_with_taskflow_api.py for tasks to queue
[2024-11-24T16:55:33.381+0000] {logging_mixin.py:190} INFO - [2024-11-24T16:55:33.381+0000] {dagbag.py:588} INFO - Filling up the DagBag from /opt/airflow/dags/script/example/dag_with_taskflow_api.py
[2024-11-24T16:55:33.383+0000] {processor.py:927} WARNING - No viable dags retrieved from /opt/airflow/dags/script/example/dag_with_taskflow_api.py
[2024-11-24T16:55:33.389+0000] {processor.py:208} INFO - Processing /opt/airflow/dags/script/example/dag_with_taskflow_api.py took 0.012 seconds
[2024-11-24T16:56:03.877+0000] {processor.py:186} INFO - Started process (PID=12691) to work on /opt/airflow/dags/script/example/dag_with_taskflow_api.py
[2024-11-24T16:56:03.877+0000] {processor.py:914} INFO - Processing file /opt/airflow/dags/script/example/dag_with_taskflow_api.py for tasks to queue
[2024-11-24T16:56:03.878+0000] {logging_mixin.py:190} INFO - [2024-11-24T16:56:03.878+0000] {dagbag.py:588} INFO - Filling up the DagBag from /opt/airflow/dags/script/example/dag_with_taskflow_api.py
[2024-11-24T16:56:03.880+0000] {processor.py:927} WARNING - No viable dags retrieved from /opt/airflow/dags/script/example/dag_with_taskflow_api.py
[2024-11-24T16:56:03.886+0000] {processor.py:208} INFO - Processing /opt/airflow/dags/script/example/dag_with_taskflow_api.py took 0.013 seconds
[2024-11-24T16:56:34.251+0000] {processor.py:186} INFO - Started process (PID=13047) to work on /opt/airflow/dags/script/example/dag_with_taskflow_api.py
[2024-11-24T16:56:34.251+0000] {processor.py:914} INFO - Processing file /opt/airflow/dags/script/example/dag_with_taskflow_api.py for tasks to queue
[2024-11-24T16:56:34.252+0000] {logging_mixin.py:190} INFO - [2024-11-24T16:56:34.252+0000] {dagbag.py:588} INFO - Filling up the DagBag from /opt/airflow/dags/script/example/dag_with_taskflow_api.py
[2024-11-24T16:56:34.253+0000] {processor.py:927} WARNING - No viable dags retrieved from /opt/airflow/dags/script/example/dag_with_taskflow_api.py
[2024-11-24T16:56:34.259+0000] {processor.py:208} INFO - Processing /opt/airflow/dags/script/example/dag_with_taskflow_api.py took 0.010 seconds
[2024-11-24T16:57:04.648+0000] {processor.py:186} INFO - Started process (PID=13403) to work on /opt/airflow/dags/script/example/dag_with_taskflow_api.py
[2024-11-24T16:57:04.648+0000] {processor.py:914} INFO - Processing file /opt/airflow/dags/script/example/dag_with_taskflow_api.py for tasks to queue
[2024-11-24T16:57:04.649+0000] {logging_mixin.py:190} INFO - [2024-11-24T16:57:04.649+0000] {dagbag.py:588} INFO - Filling up the DagBag from /opt/airflow/dags/script/example/dag_with_taskflow_api.py
[2024-11-24T16:57:04.650+0000] {processor.py:927} WARNING - No viable dags retrieved from /opt/airflow/dags/script/example/dag_with_taskflow_api.py
[2024-11-24T16:57:04.657+0000] {processor.py:208} INFO - Processing /opt/airflow/dags/script/example/dag_with_taskflow_api.py took 0.012 seconds
[2024-11-24T16:57:34.958+0000] {processor.py:186} INFO - Started process (PID=13759) to work on /opt/airflow/dags/script/example/dag_with_taskflow_api.py
[2024-11-24T16:57:34.959+0000] {processor.py:914} INFO - Processing file /opt/airflow/dags/script/example/dag_with_taskflow_api.py for tasks to queue
[2024-11-24T16:57:34.959+0000] {logging_mixin.py:190} INFO - [2024-11-24T16:57:34.959+0000] {dagbag.py:588} INFO - Filling up the DagBag from /opt/airflow/dags/script/example/dag_with_taskflow_api.py
[2024-11-24T16:57:34.960+0000] {processor.py:927} WARNING - No viable dags retrieved from /opt/airflow/dags/script/example/dag_with_taskflow_api.py
[2024-11-24T16:57:34.966+0000] {processor.py:208} INFO - Processing /opt/airflow/dags/script/example/dag_with_taskflow_api.py took 0.010 seconds
[2024-11-24T16:58:05.372+0000] {processor.py:186} INFO - Started process (PID=14130) to work on /opt/airflow/dags/script/example/dag_with_taskflow_api.py
[2024-11-24T16:58:05.373+0000] {processor.py:914} INFO - Processing file /opt/airflow/dags/script/example/dag_with_taskflow_api.py for tasks to queue
[2024-11-24T16:58:05.373+0000] {logging_mixin.py:190} INFO - [2024-11-24T16:58:05.373+0000] {dagbag.py:588} INFO - Filling up the DagBag from /opt/airflow/dags/script/example/dag_with_taskflow_api.py
[2024-11-24T16:58:05.374+0000] {processor.py:927} WARNING - No viable dags retrieved from /opt/airflow/dags/script/example/dag_with_taskflow_api.py
[2024-11-24T16:58:05.380+0000] {processor.py:208} INFO - Processing /opt/airflow/dags/script/example/dag_with_taskflow_api.py took 0.011 seconds
[2024-11-24T16:58:35.672+0000] {processor.py:186} INFO - Started process (PID=14489) to work on /opt/airflow/dags/script/example/dag_with_taskflow_api.py
[2024-11-24T16:58:35.673+0000] {processor.py:914} INFO - Processing file /opt/airflow/dags/script/example/dag_with_taskflow_api.py for tasks to queue
[2024-11-24T16:58:35.673+0000] {logging_mixin.py:190} INFO - [2024-11-24T16:58:35.673+0000] {dagbag.py:588} INFO - Filling up the DagBag from /opt/airflow/dags/script/example/dag_with_taskflow_api.py
[2024-11-24T16:58:35.675+0000] {processor.py:927} WARNING - No viable dags retrieved from /opt/airflow/dags/script/example/dag_with_taskflow_api.py
[2024-11-24T16:58:35.681+0000] {processor.py:208} INFO - Processing /opt/airflow/dags/script/example/dag_with_taskflow_api.py took 0.011 seconds
[2024-11-24T16:59:06.449+0000] {processor.py:186} INFO - Started process (PID=14845) to work on /opt/airflow/dags/script/example/dag_with_taskflow_api.py
[2024-11-24T16:59:06.450+0000] {processor.py:914} INFO - Processing file /opt/airflow/dags/script/example/dag_with_taskflow_api.py for tasks to queue
[2024-11-24T16:59:06.450+0000] {logging_mixin.py:190} INFO - [2024-11-24T16:59:06.450+0000] {dagbag.py:588} INFO - Filling up the DagBag from /opt/airflow/dags/script/example/dag_with_taskflow_api.py
[2024-11-24T16:59:06.452+0000] {processor.py:927} WARNING - No viable dags retrieved from /opt/airflow/dags/script/example/dag_with_taskflow_api.py
[2024-11-24T16:59:06.458+0000] {processor.py:208} INFO - Processing /opt/airflow/dags/script/example/dag_with_taskflow_api.py took 0.015 seconds
[2024-11-24T16:59:37.136+0000] {processor.py:186} INFO - Started process (PID=15215) to work on /opt/airflow/dags/script/example/dag_with_taskflow_api.py
[2024-11-24T16:59:37.136+0000] {processor.py:914} INFO - Processing file /opt/airflow/dags/script/example/dag_with_taskflow_api.py for tasks to queue
[2024-11-24T16:59:37.137+0000] {logging_mixin.py:190} INFO - [2024-11-24T16:59:37.137+0000] {dagbag.py:588} INFO - Filling up the DagBag from /opt/airflow/dags/script/example/dag_with_taskflow_api.py
[2024-11-24T16:59:37.138+0000] {processor.py:927} WARNING - No viable dags retrieved from /opt/airflow/dags/script/example/dag_with_taskflow_api.py
[2024-11-24T16:59:37.144+0000] {processor.py:208} INFO - Processing /opt/airflow/dags/script/example/dag_with_taskflow_api.py took 0.010 seconds
[2024-11-24T17:00:07.798+0000] {processor.py:186} INFO - Started process (PID=15571) to work on /opt/airflow/dags/script/example/dag_with_taskflow_api.py
[2024-11-24T17:00:07.799+0000] {processor.py:914} INFO - Processing file /opt/airflow/dags/script/example/dag_with_taskflow_api.py for tasks to queue
[2024-11-24T17:00:07.799+0000] {logging_mixin.py:190} INFO - [2024-11-24T17:00:07.799+0000] {dagbag.py:588} INFO - Filling up the DagBag from /opt/airflow/dags/script/example/dag_with_taskflow_api.py
[2024-11-24T17:00:07.800+0000] {processor.py:927} WARNING - No viable dags retrieved from /opt/airflow/dags/script/example/dag_with_taskflow_api.py
[2024-11-24T17:00:07.806+0000] {processor.py:208} INFO - Processing /opt/airflow/dags/script/example/dag_with_taskflow_api.py took 0.010 seconds
[2024-11-24T17:00:38.360+0000] {processor.py:186} INFO - Started process (PID=15927) to work on /opt/airflow/dags/script/example/dag_with_taskflow_api.py
[2024-11-24T17:00:38.360+0000] {processor.py:914} INFO - Processing file /opt/airflow/dags/script/example/dag_with_taskflow_api.py for tasks to queue
[2024-11-24T17:00:38.361+0000] {logging_mixin.py:190} INFO - [2024-11-24T17:00:38.361+0000] {dagbag.py:588} INFO - Filling up the DagBag from /opt/airflow/dags/script/example/dag_with_taskflow_api.py
[2024-11-24T17:00:38.362+0000] {processor.py:927} WARNING - No viable dags retrieved from /opt/airflow/dags/script/example/dag_with_taskflow_api.py
[2024-11-24T17:00:38.370+0000] {processor.py:208} INFO - Processing /opt/airflow/dags/script/example/dag_with_taskflow_api.py took 0.013 seconds
[2024-11-24T17:01:08.760+0000] {processor.py:186} INFO - Started process (PID=16283) to work on /opt/airflow/dags/script/example/dag_with_taskflow_api.py
[2024-11-24T17:01:08.760+0000] {processor.py:914} INFO - Processing file /opt/airflow/dags/script/example/dag_with_taskflow_api.py for tasks to queue
[2024-11-24T17:01:08.760+0000] {logging_mixin.py:190} INFO - [2024-11-24T17:01:08.760+0000] {dagbag.py:588} INFO - Filling up the DagBag from /opt/airflow/dags/script/example/dag_with_taskflow_api.py
[2024-11-24T17:01:08.762+0000] {processor.py:927} WARNING - No viable dags retrieved from /opt/airflow/dags/script/example/dag_with_taskflow_api.py
[2024-11-24T17:01:08.768+0000] {processor.py:208} INFO - Processing /opt/airflow/dags/script/example/dag_with_taskflow_api.py took 0.011 seconds
[2024-11-24T17:01:39.042+0000] {processor.py:186} INFO - Started process (PID=16639) to work on /opt/airflow/dags/script/example/dag_with_taskflow_api.py
[2024-11-24T17:01:39.042+0000] {processor.py:914} INFO - Processing file /opt/airflow/dags/script/example/dag_with_taskflow_api.py for tasks to queue
[2024-11-24T17:01:39.043+0000] {logging_mixin.py:190} INFO - [2024-11-24T17:01:39.043+0000] {dagbag.py:588} INFO - Filling up the DagBag from /opt/airflow/dags/script/example/dag_with_taskflow_api.py
[2024-11-24T17:01:39.044+0000] {processor.py:927} WARNING - No viable dags retrieved from /opt/airflow/dags/script/example/dag_with_taskflow_api.py
[2024-11-24T17:01:39.050+0000] {processor.py:208} INFO - Processing /opt/airflow/dags/script/example/dag_with_taskflow_api.py took 0.011 seconds
[2024-11-24T17:02:09.431+0000] {processor.py:186} INFO - Started process (PID=16995) to work on /opt/airflow/dags/script/example/dag_with_taskflow_api.py
[2024-11-24T17:02:09.432+0000] {processor.py:914} INFO - Processing file /opt/airflow/dags/script/example/dag_with_taskflow_api.py for tasks to queue
[2024-11-24T17:02:09.432+0000] {logging_mixin.py:190} INFO - [2024-11-24T17:02:09.432+0000] {dagbag.py:588} INFO - Filling up the DagBag from /opt/airflow/dags/script/example/dag_with_taskflow_api.py
[2024-11-24T17:02:09.433+0000] {processor.py:927} WARNING - No viable dags retrieved from /opt/airflow/dags/script/example/dag_with_taskflow_api.py
[2024-11-24T17:02:09.440+0000] {processor.py:208} INFO - Processing /opt/airflow/dags/script/example/dag_with_taskflow_api.py took 0.011 seconds
[2024-11-24T17:02:39.993+0000] {processor.py:186} INFO - Started process (PID=17351) to work on /opt/airflow/dags/script/example/dag_with_taskflow_api.py
[2024-11-24T17:02:39.993+0000] {processor.py:914} INFO - Processing file /opt/airflow/dags/script/example/dag_with_taskflow_api.py for tasks to queue
[2024-11-24T17:02:39.994+0000] {logging_mixin.py:190} INFO - [2024-11-24T17:02:39.994+0000] {dagbag.py:588} INFO - Filling up the DagBag from /opt/airflow/dags/script/example/dag_with_taskflow_api.py
[2024-11-24T17:02:39.995+0000] {processor.py:927} WARNING - No viable dags retrieved from /opt/airflow/dags/script/example/dag_with_taskflow_api.py
[2024-11-24T17:02:40.001+0000] {processor.py:208} INFO - Processing /opt/airflow/dags/script/example/dag_with_taskflow_api.py took 0.011 seconds
[2024-11-24T17:03:10.433+0000] {processor.py:186} INFO - Started process (PID=17707) to work on /opt/airflow/dags/script/example/dag_with_taskflow_api.py
[2024-11-24T17:03:10.433+0000] {processor.py:914} INFO - Processing file /opt/airflow/dags/script/example/dag_with_taskflow_api.py for tasks to queue
[2024-11-24T17:03:10.434+0000] {logging_mixin.py:190} INFO - [2024-11-24T17:03:10.433+0000] {dagbag.py:588} INFO - Filling up the DagBag from /opt/airflow/dags/script/example/dag_with_taskflow_api.py
[2024-11-24T17:03:10.435+0000] {processor.py:927} WARNING - No viable dags retrieved from /opt/airflow/dags/script/example/dag_with_taskflow_api.py
[2024-11-24T17:03:10.440+0000] {processor.py:208} INFO - Processing /opt/airflow/dags/script/example/dag_with_taskflow_api.py took 0.010 seconds
[2024-11-24T17:03:40.846+0000] {processor.py:186} INFO - Started process (PID=18063) to work on /opt/airflow/dags/script/example/dag_with_taskflow_api.py
[2024-11-24T17:03:40.847+0000] {processor.py:914} INFO - Processing file /opt/airflow/dags/script/example/dag_with_taskflow_api.py for tasks to queue
[2024-11-24T17:03:40.847+0000] {logging_mixin.py:190} INFO - [2024-11-24T17:03:40.847+0000] {dagbag.py:588} INFO - Filling up the DagBag from /opt/airflow/dags/script/example/dag_with_taskflow_api.py
[2024-11-24T17:03:40.848+0000] {processor.py:927} WARNING - No viable dags retrieved from /opt/airflow/dags/script/example/dag_with_taskflow_api.py
[2024-11-24T17:03:40.853+0000] {processor.py:208} INFO - Processing /opt/airflow/dags/script/example/dag_with_taskflow_api.py took 0.009 seconds
[2024-11-24T17:04:11.209+0000] {processor.py:186} INFO - Started process (PID=18419) to work on /opt/airflow/dags/script/example/dag_with_taskflow_api.py
[2024-11-24T17:04:11.209+0000] {processor.py:914} INFO - Processing file /opt/airflow/dags/script/example/dag_with_taskflow_api.py for tasks to queue
[2024-11-24T17:04:11.210+0000] {logging_mixin.py:190} INFO - [2024-11-24T17:04:11.210+0000] {dagbag.py:588} INFO - Filling up the DagBag from /opt/airflow/dags/script/example/dag_with_taskflow_api.py
[2024-11-24T17:04:11.211+0000] {processor.py:927} WARNING - No viable dags retrieved from /opt/airflow/dags/script/example/dag_with_taskflow_api.py
[2024-11-24T17:04:11.217+0000] {processor.py:208} INFO - Processing /opt/airflow/dags/script/example/dag_with_taskflow_api.py took 0.011 seconds
[2024-11-24T17:04:42.127+0000] {processor.py:186} INFO - Started process (PID=18785) to work on /opt/airflow/dags/script/example/dag_with_taskflow_api.py
[2024-11-24T17:04:42.127+0000] {processor.py:914} INFO - Processing file /opt/airflow/dags/script/example/dag_with_taskflow_api.py for tasks to queue
[2024-11-24T17:04:42.128+0000] {logging_mixin.py:190} INFO - [2024-11-24T17:04:42.127+0000] {dagbag.py:588} INFO - Filling up the DagBag from /opt/airflow/dags/script/example/dag_with_taskflow_api.py
[2024-11-24T17:04:42.129+0000] {processor.py:927} WARNING - No viable dags retrieved from /opt/airflow/dags/script/example/dag_with_taskflow_api.py
[2024-11-24T17:04:42.134+0000] {processor.py:208} INFO - Processing /opt/airflow/dags/script/example/dag_with_taskflow_api.py took 0.010 seconds
[2024-11-24T17:05:12.909+0000] {processor.py:186} INFO - Started process (PID=19147) to work on /opt/airflow/dags/script/example/dag_with_taskflow_api.py
[2024-11-24T17:05:12.910+0000] {processor.py:914} INFO - Processing file /opt/airflow/dags/script/example/dag_with_taskflow_api.py for tasks to queue
[2024-11-24T17:05:12.910+0000] {logging_mixin.py:190} INFO - [2024-11-24T17:05:12.910+0000] {dagbag.py:588} INFO - Filling up the DagBag from /opt/airflow/dags/script/example/dag_with_taskflow_api.py
[2024-11-24T17:05:12.911+0000] {processor.py:927} WARNING - No viable dags retrieved from /opt/airflow/dags/script/example/dag_with_taskflow_api.py
[2024-11-24T17:05:12.925+0000] {processor.py:208} INFO - Processing /opt/airflow/dags/script/example/dag_with_taskflow_api.py took 0.017 seconds
[2024-11-24T17:05:42.971+0000] {processor.py:186} INFO - Started process (PID=19503) to work on /opt/airflow/dags/script/example/dag_with_taskflow_api.py
[2024-11-24T17:05:42.972+0000] {processor.py:914} INFO - Processing file /opt/airflow/dags/script/example/dag_with_taskflow_api.py for tasks to queue
[2024-11-24T17:05:42.972+0000] {logging_mixin.py:190} INFO - [2024-11-24T17:05:42.972+0000] {dagbag.py:588} INFO - Filling up the DagBag from /opt/airflow/dags/script/example/dag_with_taskflow_api.py
[2024-11-24T17:05:42.973+0000] {processor.py:927} WARNING - No viable dags retrieved from /opt/airflow/dags/script/example/dag_with_taskflow_api.py
[2024-11-24T17:05:42.979+0000] {processor.py:208} INFO - Processing /opt/airflow/dags/script/example/dag_with_taskflow_api.py took 0.011 seconds
[2024-11-24T17:06:13.743+0000] {processor.py:186} INFO - Started process (PID=19859) to work on /opt/airflow/dags/script/example/dag_with_taskflow_api.py
[2024-11-24T17:06:13.743+0000] {processor.py:914} INFO - Processing file /opt/airflow/dags/script/example/dag_with_taskflow_api.py for tasks to queue
[2024-11-24T17:06:13.744+0000] {logging_mixin.py:190} INFO - [2024-11-24T17:06:13.744+0000] {dagbag.py:588} INFO - Filling up the DagBag from /opt/airflow/dags/script/example/dag_with_taskflow_api.py
[2024-11-24T17:06:13.745+0000] {processor.py:927} WARNING - No viable dags retrieved from /opt/airflow/dags/script/example/dag_with_taskflow_api.py
[2024-11-24T17:06:13.751+0000] {processor.py:208} INFO - Processing /opt/airflow/dags/script/example/dag_with_taskflow_api.py took 0.011 seconds
[2024-11-24T17:06:44.044+0000] {processor.py:186} INFO - Started process (PID=20215) to work on /opt/airflow/dags/script/example/dag_with_taskflow_api.py
[2024-11-24T17:06:44.045+0000] {processor.py:914} INFO - Processing file /opt/airflow/dags/script/example/dag_with_taskflow_api.py for tasks to queue
[2024-11-24T17:06:44.045+0000] {logging_mixin.py:190} INFO - [2024-11-24T17:06:44.045+0000] {dagbag.py:588} INFO - Filling up the DagBag from /opt/airflow/dags/script/example/dag_with_taskflow_api.py
[2024-11-24T17:06:44.046+0000] {processor.py:927} WARNING - No viable dags retrieved from /opt/airflow/dags/script/example/dag_with_taskflow_api.py
[2024-11-24T17:06:44.052+0000] {processor.py:208} INFO - Processing /opt/airflow/dags/script/example/dag_with_taskflow_api.py took 0.011 seconds
[2024-11-24T17:07:14.289+0000] {processor.py:186} INFO - Started process (PID=20571) to work on /opt/airflow/dags/script/example/dag_with_taskflow_api.py
[2024-11-24T17:07:14.289+0000] {processor.py:914} INFO - Processing file /opt/airflow/dags/script/example/dag_with_taskflow_api.py for tasks to queue
[2024-11-24T17:07:14.290+0000] {logging_mixin.py:190} INFO - [2024-11-24T17:07:14.289+0000] {dagbag.py:588} INFO - Filling up the DagBag from /opt/airflow/dags/script/example/dag_with_taskflow_api.py
[2024-11-24T17:07:14.291+0000] {processor.py:927} WARNING - No viable dags retrieved from /opt/airflow/dags/script/example/dag_with_taskflow_api.py
[2024-11-24T17:07:14.296+0000] {processor.py:208} INFO - Processing /opt/airflow/dags/script/example/dag_with_taskflow_api.py took 0.010 seconds
[2024-11-24T17:07:44.546+0000] {processor.py:186} INFO - Started process (PID=20927) to work on /opt/airflow/dags/script/example/dag_with_taskflow_api.py
[2024-11-24T17:07:44.546+0000] {processor.py:914} INFO - Processing file /opt/airflow/dags/script/example/dag_with_taskflow_api.py for tasks to queue
[2024-11-24T17:07:44.547+0000] {logging_mixin.py:190} INFO - [2024-11-24T17:07:44.547+0000] {dagbag.py:588} INFO - Filling up the DagBag from /opt/airflow/dags/script/example/dag_with_taskflow_api.py
[2024-11-24T17:07:44.548+0000] {processor.py:927} WARNING - No viable dags retrieved from /opt/airflow/dags/script/example/dag_with_taskflow_api.py
[2024-11-24T17:07:44.554+0000] {processor.py:208} INFO - Processing /opt/airflow/dags/script/example/dag_with_taskflow_api.py took 0.011 seconds
[2024-11-24T17:08:14.931+0000] {processor.py:186} INFO - Started process (PID=21283) to work on /opt/airflow/dags/script/example/dag_with_taskflow_api.py
[2024-11-24T17:08:14.931+0000] {processor.py:914} INFO - Processing file /opt/airflow/dags/script/example/dag_with_taskflow_api.py for tasks to queue
[2024-11-24T17:08:14.932+0000] {logging_mixin.py:190} INFO - [2024-11-24T17:08:14.932+0000] {dagbag.py:588} INFO - Filling up the DagBag from /opt/airflow/dags/script/example/dag_with_taskflow_api.py
[2024-11-24T17:08:14.933+0000] {processor.py:927} WARNING - No viable dags retrieved from /opt/airflow/dags/script/example/dag_with_taskflow_api.py
[2024-11-24T17:08:14.939+0000] {processor.py:208} INFO - Processing /opt/airflow/dags/script/example/dag_with_taskflow_api.py took 0.011 seconds
[2024-11-24T17:08:45.078+0000] {processor.py:186} INFO - Started process (PID=21639) to work on /opt/airflow/dags/script/example/dag_with_taskflow_api.py
[2024-11-24T17:08:45.079+0000] {processor.py:914} INFO - Processing file /opt/airflow/dags/script/example/dag_with_taskflow_api.py for tasks to queue
[2024-11-24T17:08:45.079+0000] {logging_mixin.py:190} INFO - [2024-11-24T17:08:45.079+0000] {dagbag.py:588} INFO - Filling up the DagBag from /opt/airflow/dags/script/example/dag_with_taskflow_api.py
[2024-11-24T17:08:45.080+0000] {processor.py:927} WARNING - No viable dags retrieved from /opt/airflow/dags/script/example/dag_with_taskflow_api.py
[2024-11-24T17:08:45.086+0000] {processor.py:208} INFO - Processing /opt/airflow/dags/script/example/dag_with_taskflow_api.py took 0.010 seconds
[2024-11-24T17:09:15.187+0000] {processor.py:186} INFO - Started process (PID=21995) to work on /opt/airflow/dags/script/example/dag_with_taskflow_api.py
[2024-11-24T17:09:15.188+0000] {processor.py:914} INFO - Processing file /opt/airflow/dags/script/example/dag_with_taskflow_api.py for tasks to queue
[2024-11-24T17:09:15.188+0000] {logging_mixin.py:190} INFO - [2024-11-24T17:09:15.188+0000] {dagbag.py:588} INFO - Filling up the DagBag from /opt/airflow/dags/script/example/dag_with_taskflow_api.py
[2024-11-24T17:09:15.190+0000] {processor.py:927} WARNING - No viable dags retrieved from /opt/airflow/dags/script/example/dag_with_taskflow_api.py
[2024-11-24T17:09:15.197+0000] {processor.py:208} INFO - Processing /opt/airflow/dags/script/example/dag_with_taskflow_api.py took 0.012 seconds
[2024-11-24T17:09:45.307+0000] {processor.py:186} INFO - Started process (PID=22351) to work on /opt/airflow/dags/script/example/dag_with_taskflow_api.py
[2024-11-24T17:09:45.307+0000] {processor.py:914} INFO - Processing file /opt/airflow/dags/script/example/dag_with_taskflow_api.py for tasks to queue
[2024-11-24T17:09:45.307+0000] {logging_mixin.py:190} INFO - [2024-11-24T17:09:45.307+0000] {dagbag.py:588} INFO - Filling up the DagBag from /opt/airflow/dags/script/example/dag_with_taskflow_api.py
[2024-11-24T17:09:45.309+0000] {processor.py:927} WARNING - No viable dags retrieved from /opt/airflow/dags/script/example/dag_with_taskflow_api.py
[2024-11-24T17:09:45.314+0000] {processor.py:208} INFO - Processing /opt/airflow/dags/script/example/dag_with_taskflow_api.py took 0.010 seconds
[2024-11-24T17:18:30.440+0000] {processor.py:186} INFO - Started process (PID=22699) to work on /opt/airflow/dags/script/example/dag_with_taskflow_api.py
[2024-11-24T17:18:30.441+0000] {processor.py:914} INFO - Processing file /opt/airflow/dags/script/example/dag_with_taskflow_api.py for tasks to queue
[2024-11-24T17:18:30.442+0000] {logging_mixin.py:190} INFO - [2024-11-24T17:18:30.441+0000] {dagbag.py:588} INFO - Filling up the DagBag from /opt/airflow/dags/script/example/dag_with_taskflow_api.py
[2024-11-24T17:18:30.443+0000] {processor.py:927} WARNING - No viable dags retrieved from /opt/airflow/dags/script/example/dag_with_taskflow_api.py
[2024-11-24T17:18:30.450+0000] {processor.py:208} INFO - Processing /opt/airflow/dags/script/example/dag_with_taskflow_api.py took 0.011 seconds
[2024-11-24T17:19:00.563+0000] {processor.py:186} INFO - Started process (PID=23055) to work on /opt/airflow/dags/script/example/dag_with_taskflow_api.py
[2024-11-24T17:19:00.563+0000] {processor.py:914} INFO - Processing file /opt/airflow/dags/script/example/dag_with_taskflow_api.py for tasks to queue
[2024-11-24T17:19:00.564+0000] {logging_mixin.py:190} INFO - [2024-11-24T17:19:00.564+0000] {dagbag.py:588} INFO - Filling up the DagBag from /opt/airflow/dags/script/example/dag_with_taskflow_api.py
[2024-11-24T17:19:00.567+0000] {processor.py:927} WARNING - No viable dags retrieved from /opt/airflow/dags/script/example/dag_with_taskflow_api.py
[2024-11-24T17:19:00.573+0000] {processor.py:208} INFO - Processing /opt/airflow/dags/script/example/dag_with_taskflow_api.py took 0.012 seconds
[2024-11-24T17:19:30.826+0000] {processor.py:186} INFO - Started process (PID=23411) to work on /opt/airflow/dags/script/example/dag_with_taskflow_api.py
[2024-11-24T17:19:30.826+0000] {processor.py:914} INFO - Processing file /opt/airflow/dags/script/example/dag_with_taskflow_api.py for tasks to queue
[2024-11-24T17:19:30.827+0000] {logging_mixin.py:190} INFO - [2024-11-24T17:19:30.827+0000] {dagbag.py:588} INFO - Filling up the DagBag from /opt/airflow/dags/script/example/dag_with_taskflow_api.py
[2024-11-24T17:19:30.829+0000] {processor.py:927} WARNING - No viable dags retrieved from /opt/airflow/dags/script/example/dag_with_taskflow_api.py
[2024-11-24T17:19:30.835+0000] {processor.py:208} INFO - Processing /opt/airflow/dags/script/example/dag_with_taskflow_api.py took 0.012 seconds
[2024-11-24T17:20:01.884+0000] {processor.py:186} INFO - Started process (PID=23767) to work on /opt/airflow/dags/script/example/dag_with_taskflow_api.py
[2024-11-24T17:20:01.885+0000] {processor.py:914} INFO - Processing file /opt/airflow/dags/script/example/dag_with_taskflow_api.py for tasks to queue
[2024-11-24T17:20:01.886+0000] {logging_mixin.py:190} INFO - [2024-11-24T17:20:01.886+0000] {dagbag.py:588} INFO - Filling up the DagBag from /opt/airflow/dags/script/example/dag_with_taskflow_api.py
[2024-11-24T17:20:01.888+0000] {processor.py:927} WARNING - No viable dags retrieved from /opt/airflow/dags/script/example/dag_with_taskflow_api.py
[2024-11-24T17:20:01.894+0000] {processor.py:208} INFO - Processing /opt/airflow/dags/script/example/dag_with_taskflow_api.py took 0.012 seconds
[2024-11-24T17:20:32.025+0000] {processor.py:186} INFO - Started process (PID=24123) to work on /opt/airflow/dags/script/example/dag_with_taskflow_api.py
[2024-11-24T17:20:32.026+0000] {processor.py:914} INFO - Processing file /opt/airflow/dags/script/example/dag_with_taskflow_api.py for tasks to queue
[2024-11-24T17:20:32.026+0000] {logging_mixin.py:190} INFO - [2024-11-24T17:20:32.026+0000] {dagbag.py:588} INFO - Filling up the DagBag from /opt/airflow/dags/script/example/dag_with_taskflow_api.py
[2024-11-24T17:20:32.029+0000] {processor.py:927} WARNING - No viable dags retrieved from /opt/airflow/dags/script/example/dag_with_taskflow_api.py
[2024-11-24T17:20:32.035+0000] {processor.py:208} INFO - Processing /opt/airflow/dags/script/example/dag_with_taskflow_api.py took 0.012 seconds
[2024-11-24T17:21:02.158+0000] {processor.py:186} INFO - Started process (PID=24479) to work on /opt/airflow/dags/script/example/dag_with_taskflow_api.py
[2024-11-24T17:21:02.158+0000] {processor.py:914} INFO - Processing file /opt/airflow/dags/script/example/dag_with_taskflow_api.py for tasks to queue
[2024-11-24T17:21:02.159+0000] {logging_mixin.py:190} INFO - [2024-11-24T17:21:02.159+0000] {dagbag.py:588} INFO - Filling up the DagBag from /opt/airflow/dags/script/example/dag_with_taskflow_api.py
[2024-11-24T17:21:02.162+0000] {processor.py:927} WARNING - No viable dags retrieved from /opt/airflow/dags/script/example/dag_with_taskflow_api.py
[2024-11-24T17:21:02.168+0000] {processor.py:208} INFO - Processing /opt/airflow/dags/script/example/dag_with_taskflow_api.py took 0.012 seconds
[2024-11-24T17:21:32.417+0000] {processor.py:186} INFO - Started process (PID=24835) to work on /opt/airflow/dags/script/example/dag_with_taskflow_api.py
[2024-11-24T17:21:32.418+0000] {processor.py:914} INFO - Processing file /opt/airflow/dags/script/example/dag_with_taskflow_api.py for tasks to queue
[2024-11-24T17:21:32.419+0000] {logging_mixin.py:190} INFO - [2024-11-24T17:21:32.419+0000] {dagbag.py:588} INFO - Filling up the DagBag from /opt/airflow/dags/script/example/dag_with_taskflow_api.py
[2024-11-24T17:21:32.421+0000] {processor.py:927} WARNING - No viable dags retrieved from /opt/airflow/dags/script/example/dag_with_taskflow_api.py
[2024-11-24T17:21:32.426+0000] {processor.py:208} INFO - Processing /opt/airflow/dags/script/example/dag_with_taskflow_api.py took 0.012 seconds
[2024-11-24T17:22:02.703+0000] {processor.py:186} INFO - Started process (PID=25191) to work on /opt/airflow/dags/script/example/dag_with_taskflow_api.py
[2024-11-24T17:22:02.703+0000] {processor.py:914} INFO - Processing file /opt/airflow/dags/script/example/dag_with_taskflow_api.py for tasks to queue
[2024-11-24T17:22:02.705+0000] {logging_mixin.py:190} INFO - [2024-11-24T17:22:02.705+0000] {dagbag.py:588} INFO - Filling up the DagBag from /opt/airflow/dags/script/example/dag_with_taskflow_api.py
[2024-11-24T17:22:02.707+0000] {processor.py:927} WARNING - No viable dags retrieved from /opt/airflow/dags/script/example/dag_with_taskflow_api.py
[2024-11-24T17:22:02.713+0000] {processor.py:208} INFO - Processing /opt/airflow/dags/script/example/dag_with_taskflow_api.py took 0.012 seconds
[2024-11-24T17:22:32.829+0000] {processor.py:186} INFO - Started process (PID=25549) to work on /opt/airflow/dags/script/example/dag_with_taskflow_api.py
[2024-11-24T17:22:32.829+0000] {processor.py:914} INFO - Processing file /opt/airflow/dags/script/example/dag_with_taskflow_api.py for tasks to queue
[2024-11-24T17:22:32.830+0000] {logging_mixin.py:190} INFO - [2024-11-24T17:22:32.830+0000] {dagbag.py:588} INFO - Filling up the DagBag from /opt/airflow/dags/script/example/dag_with_taskflow_api.py
[2024-11-24T17:22:32.832+0000] {processor.py:927} WARNING - No viable dags retrieved from /opt/airflow/dags/script/example/dag_with_taskflow_api.py
[2024-11-24T17:22:32.839+0000] {processor.py:208} INFO - Processing /opt/airflow/dags/script/example/dag_with_taskflow_api.py took 0.012 seconds
[2024-11-24T17:23:03.881+0000] {processor.py:186} INFO - Started process (PID=25903) to work on /opt/airflow/dags/script/example/dag_with_taskflow_api.py
[2024-11-24T17:23:03.882+0000] {processor.py:914} INFO - Processing file /opt/airflow/dags/script/example/dag_with_taskflow_api.py for tasks to queue
[2024-11-24T17:23:03.883+0000] {logging_mixin.py:190} INFO - [2024-11-24T17:23:03.883+0000] {dagbag.py:588} INFO - Filling up the DagBag from /opt/airflow/dags/script/example/dag_with_taskflow_api.py
[2024-11-24T17:23:03.886+0000] {processor.py:927} WARNING - No viable dags retrieved from /opt/airflow/dags/script/example/dag_with_taskflow_api.py
[2024-11-24T17:23:03.893+0000] {processor.py:208} INFO - Processing /opt/airflow/dags/script/example/dag_with_taskflow_api.py took 0.013 seconds
[2024-11-24T17:23:34.028+0000] {processor.py:186} INFO - Started process (PID=26259) to work on /opt/airflow/dags/script/example/dag_with_taskflow_api.py
[2024-11-24T17:23:34.029+0000] {processor.py:914} INFO - Processing file /opt/airflow/dags/script/example/dag_with_taskflow_api.py for tasks to queue
[2024-11-24T17:23:34.029+0000] {logging_mixin.py:190} INFO - [2024-11-24T17:23:34.029+0000] {dagbag.py:588} INFO - Filling up the DagBag from /opt/airflow/dags/script/example/dag_with_taskflow_api.py
[2024-11-24T17:23:34.032+0000] {processor.py:927} WARNING - No viable dags retrieved from /opt/airflow/dags/script/example/dag_with_taskflow_api.py
[2024-11-24T17:23:34.038+0000] {processor.py:208} INFO - Processing /opt/airflow/dags/script/example/dag_with_taskflow_api.py took 0.012 seconds
[2024-11-24T18:04:27.666+0000] {processor.py:186} INFO - Started process (PID=26615) to work on /opt/airflow/dags/script/example/dag_with_taskflow_api.py
[2024-11-24T18:04:27.667+0000] {processor.py:914} INFO - Processing file /opt/airflow/dags/script/example/dag_with_taskflow_api.py for tasks to queue
[2024-11-24T18:04:27.667+0000] {logging_mixin.py:190} INFO - [2024-11-24T18:04:27.667+0000] {dagbag.py:588} INFO - Filling up the DagBag from /opt/airflow/dags/script/example/dag_with_taskflow_api.py
[2024-11-24T18:04:27.669+0000] {processor.py:927} WARNING - No viable dags retrieved from /opt/airflow/dags/script/example/dag_with_taskflow_api.py
[2024-11-24T18:04:27.675+0000] {processor.py:208} INFO - Processing /opt/airflow/dags/script/example/dag_with_taskflow_api.py took 0.011 seconds
