[2024-11-24T15:57:17.376+0000] {processor.py:186} INFO - Started process (PID=213) to work on /opt/airflow/dags/script/example/dag_with_cron_expression.py
[2024-11-24T15:57:17.376+0000] {processor.py:914} INFO - Processing file /opt/airflow/dags/script/example/dag_with_cron_expression.py for tasks to queue
[2024-11-24T15:57:17.377+0000] {logging_mixin.py:190} INFO - [2024-11-24T15:57:17.377+0000] {dagbag.py:588} INFO - Filling up the DagBag from /opt/airflow/dags/script/example/dag_with_cron_expression.py
[2024-11-24T15:57:17.384+0000] {processor.py:925} INFO - DAG(s) 'dag_with_cron_expression_v06' retrieved from /opt/airflow/dags/script/example/dag_with_cron_expression.py
[2024-11-24T15:57:17.397+0000] {logging_mixin.py:190} INFO - [2024-11-24T15:57:17.397+0000] {dag.py:3239} INFO - Sync 1 DAGs
[2024-11-24T15:57:17.410+0000] {logging_mixin.py:190} INFO - [2024-11-24T15:57:17.409+0000] {dag.py:4180} INFO - Setting next_dagrun for dag_with_cron_expression_v06 to 2024-11-01 03:00:00+00:00, run_after=2024-11-05 03:00:00+00:00
[2024-11-24T15:57:17.421+0000] {processor.py:208} INFO - Processing /opt/airflow/dags/script/example/dag_with_cron_expression.py took 0.049 seconds
[2024-11-24T15:57:47.444+0000] {processor.py:186} INFO - Started process (PID=584) to work on /opt/airflow/dags/script/example/dag_with_cron_expression.py
[2024-11-24T15:57:47.444+0000] {processor.py:914} INFO - Processing file /opt/airflow/dags/script/example/dag_with_cron_expression.py for tasks to queue
[2024-11-24T15:57:47.445+0000] {logging_mixin.py:190} INFO - [2024-11-24T15:57:47.445+0000] {dagbag.py:588} INFO - Filling up the DagBag from /opt/airflow/dags/script/example/dag_with_cron_expression.py
[2024-11-24T15:57:47.449+0000] {processor.py:925} INFO - DAG(s) 'dag_with_cron_expression_v06' retrieved from /opt/airflow/dags/script/example/dag_with_cron_expression.py
[2024-11-24T15:57:47.455+0000] {logging_mixin.py:190} INFO - [2024-11-24T15:57:47.455+0000] {dag.py:3239} INFO - Sync 1 DAGs
[2024-11-24T15:57:47.462+0000] {logging_mixin.py:190} INFO - [2024-11-24T15:57:47.462+0000] {dag.py:4180} INFO - Setting next_dagrun for dag_with_cron_expression_v06 to 2024-11-01 03:00:00+00:00, run_after=2024-11-05 03:00:00+00:00
[2024-11-24T15:57:47.467+0000] {processor.py:208} INFO - Processing /opt/airflow/dags/script/example/dag_with_cron_expression.py took 0.025 seconds
[2024-11-24T15:58:17.948+0000] {processor.py:186} INFO - Started process (PID=940) to work on /opt/airflow/dags/script/example/dag_with_cron_expression.py
[2024-11-24T15:58:17.949+0000] {processor.py:914} INFO - Processing file /opt/airflow/dags/script/example/dag_with_cron_expression.py for tasks to queue
[2024-11-24T15:58:17.950+0000] {logging_mixin.py:190} INFO - [2024-11-24T15:58:17.950+0000] {dagbag.py:588} INFO - Filling up the DagBag from /opt/airflow/dags/script/example/dag_with_cron_expression.py
[2024-11-24T15:58:17.955+0000] {processor.py:925} INFO - DAG(s) 'dag_with_cron_expression_v06' retrieved from /opt/airflow/dags/script/example/dag_with_cron_expression.py
[2024-11-24T15:58:17.963+0000] {logging_mixin.py:190} INFO - [2024-11-24T15:58:17.962+0000] {dag.py:3239} INFO - Sync 1 DAGs
[2024-11-24T15:58:17.971+0000] {logging_mixin.py:190} INFO - [2024-11-24T15:58:17.971+0000] {dag.py:4180} INFO - Setting next_dagrun for dag_with_cron_expression_v06 to 2024-11-01 03:00:00+00:00, run_after=2024-11-05 03:00:00+00:00
[2024-11-24T15:58:17.977+0000] {processor.py:208} INFO - Processing /opt/airflow/dags/script/example/dag_with_cron_expression.py took 0.031 seconds
[2024-11-24T15:58:48.590+0000] {processor.py:186} INFO - Started process (PID=1295) to work on /opt/airflow/dags/script/example/dag_with_cron_expression.py
[2024-11-24T15:58:48.591+0000] {processor.py:914} INFO - Processing file /opt/airflow/dags/script/example/dag_with_cron_expression.py for tasks to queue
[2024-11-24T15:58:48.591+0000] {logging_mixin.py:190} INFO - [2024-11-24T15:58:48.591+0000] {dagbag.py:588} INFO - Filling up the DagBag from /opt/airflow/dags/script/example/dag_with_cron_expression.py
[2024-11-24T15:58:48.595+0000] {processor.py:925} INFO - DAG(s) 'dag_with_cron_expression_v06' retrieved from /opt/airflow/dags/script/example/dag_with_cron_expression.py
[2024-11-24T15:58:48.602+0000] {logging_mixin.py:190} INFO - [2024-11-24T15:58:48.602+0000] {dag.py:3239} INFO - Sync 1 DAGs
[2024-11-24T15:58:48.609+0000] {logging_mixin.py:190} INFO - [2024-11-24T15:58:48.609+0000] {dag.py:4180} INFO - Setting next_dagrun for dag_with_cron_expression_v06 to 2024-11-01 03:00:00+00:00, run_after=2024-11-05 03:00:00+00:00
[2024-11-24T15:58:48.614+0000] {processor.py:208} INFO - Processing /opt/airflow/dags/script/example/dag_with_cron_expression.py took 0.026 seconds
[2024-11-24T15:59:19.345+0000] {processor.py:186} INFO - Started process (PID=1651) to work on /opt/airflow/dags/script/example/dag_with_cron_expression.py
[2024-11-24T15:59:19.345+0000] {processor.py:914} INFO - Processing file /opt/airflow/dags/script/example/dag_with_cron_expression.py for tasks to queue
[2024-11-24T15:59:19.346+0000] {logging_mixin.py:190} INFO - [2024-11-24T15:59:19.346+0000] {dagbag.py:588} INFO - Filling up the DagBag from /opt/airflow/dags/script/example/dag_with_cron_expression.py
[2024-11-24T15:59:19.351+0000] {processor.py:925} INFO - DAG(s) 'dag_with_cron_expression_v06' retrieved from /opt/airflow/dags/script/example/dag_with_cron_expression.py
[2024-11-24T15:59:19.360+0000] {logging_mixin.py:190} INFO - [2024-11-24T15:59:19.360+0000] {dag.py:3239} INFO - Sync 1 DAGs
[2024-11-24T15:59:19.371+0000] {logging_mixin.py:190} INFO - [2024-11-24T15:59:19.371+0000] {dag.py:4180} INFO - Setting next_dagrun for dag_with_cron_expression_v06 to 2024-11-01 03:00:00+00:00, run_after=2024-11-05 03:00:00+00:00
[2024-11-24T15:59:19.379+0000] {processor.py:208} INFO - Processing /opt/airflow/dags/script/example/dag_with_cron_expression.py took 0.037 seconds
[2024-11-24T15:59:49.907+0000] {processor.py:186} INFO - Started process (PID=2005) to work on /opt/airflow/dags/script/example/dag_with_cron_expression.py
[2024-11-24T15:59:49.907+0000] {processor.py:914} INFO - Processing file /opt/airflow/dags/script/example/dag_with_cron_expression.py for tasks to queue
[2024-11-24T15:59:49.909+0000] {logging_mixin.py:190} INFO - [2024-11-24T15:59:49.909+0000] {dagbag.py:588} INFO - Filling up the DagBag from /opt/airflow/dags/script/example/dag_with_cron_expression.py
[2024-11-24T15:59:49.916+0000] {processor.py:925} INFO - DAG(s) 'dag_with_cron_expression_v06' retrieved from /opt/airflow/dags/script/example/dag_with_cron_expression.py
[2024-11-24T15:59:49.924+0000] {logging_mixin.py:190} INFO - [2024-11-24T15:59:49.924+0000] {dag.py:3239} INFO - Sync 1 DAGs
[2024-11-24T15:59:49.933+0000] {logging_mixin.py:190} INFO - [2024-11-24T15:59:49.933+0000] {dag.py:4180} INFO - Setting next_dagrun for dag_with_cron_expression_v06 to 2024-11-01 03:00:00+00:00, run_after=2024-11-05 03:00:00+00:00
[2024-11-24T15:59:49.941+0000] {processor.py:208} INFO - Processing /opt/airflow/dags/script/example/dag_with_cron_expression.py took 0.037 seconds
[2024-11-24T16:00:20.352+0000] {processor.py:186} INFO - Started process (PID=2361) to work on /opt/airflow/dags/script/example/dag_with_cron_expression.py
[2024-11-24T16:00:20.353+0000] {processor.py:914} INFO - Processing file /opt/airflow/dags/script/example/dag_with_cron_expression.py for tasks to queue
[2024-11-24T16:00:20.354+0000] {logging_mixin.py:190} INFO - [2024-11-24T16:00:20.354+0000] {dagbag.py:588} INFO - Filling up the DagBag from /opt/airflow/dags/script/example/dag_with_cron_expression.py
[2024-11-24T16:00:20.360+0000] {processor.py:925} INFO - DAG(s) 'dag_with_cron_expression_v06' retrieved from /opt/airflow/dags/script/example/dag_with_cron_expression.py
[2024-11-24T16:00:20.367+0000] {logging_mixin.py:190} INFO - [2024-11-24T16:00:20.367+0000] {dag.py:3239} INFO - Sync 1 DAGs
[2024-11-24T16:00:20.375+0000] {logging_mixin.py:190} INFO - [2024-11-24T16:00:20.374+0000] {dag.py:4180} INFO - Setting next_dagrun for dag_with_cron_expression_v06 to 2024-11-01 03:00:00+00:00, run_after=2024-11-05 03:00:00+00:00
[2024-11-24T16:00:20.381+0000] {processor.py:208} INFO - Processing /opt/airflow/dags/script/example/dag_with_cron_expression.py took 0.031 seconds
[2024-11-24T16:00:50.772+0000] {processor.py:186} INFO - Started process (PID=2716) to work on /opt/airflow/dags/script/example/dag_with_cron_expression.py
[2024-11-24T16:00:50.773+0000] {processor.py:914} INFO - Processing file /opt/airflow/dags/script/example/dag_with_cron_expression.py for tasks to queue
[2024-11-24T16:00:50.774+0000] {logging_mixin.py:190} INFO - [2024-11-24T16:00:50.774+0000] {dagbag.py:588} INFO - Filling up the DagBag from /opt/airflow/dags/script/example/dag_with_cron_expression.py
[2024-11-24T16:00:50.778+0000] {processor.py:925} INFO - DAG(s) 'dag_with_cron_expression_v06' retrieved from /opt/airflow/dags/script/example/dag_with_cron_expression.py
[2024-11-24T16:00:50.786+0000] {logging_mixin.py:190} INFO - [2024-11-24T16:00:50.786+0000] {dag.py:3239} INFO - Sync 1 DAGs
[2024-11-24T16:00:50.795+0000] {logging_mixin.py:190} INFO - [2024-11-24T16:00:50.795+0000] {dag.py:4180} INFO - Setting next_dagrun for dag_with_cron_expression_v06 to 2024-11-01 03:00:00+00:00, run_after=2024-11-05 03:00:00+00:00
[2024-11-24T16:00:50.801+0000] {processor.py:208} INFO - Processing /opt/airflow/dags/script/example/dag_with_cron_expression.py took 0.032 seconds
[2024-11-24T16:01:21.221+0000] {processor.py:186} INFO - Started process (PID=3076) to work on /opt/airflow/dags/script/example/dag_with_cron_expression.py
[2024-11-24T16:01:21.222+0000] {processor.py:914} INFO - Processing file /opt/airflow/dags/script/example/dag_with_cron_expression.py for tasks to queue
[2024-11-24T16:01:21.223+0000] {logging_mixin.py:190} INFO - [2024-11-24T16:01:21.223+0000] {dagbag.py:588} INFO - Filling up the DagBag from /opt/airflow/dags/script/example/dag_with_cron_expression.py
[2024-11-24T16:01:21.230+0000] {processor.py:925} INFO - DAG(s) 'dag_with_cron_expression_v06' retrieved from /opt/airflow/dags/script/example/dag_with_cron_expression.py
[2024-11-24T16:01:21.238+0000] {logging_mixin.py:190} INFO - [2024-11-24T16:01:21.238+0000] {dag.py:3239} INFO - Sync 1 DAGs
[2024-11-24T16:01:21.246+0000] {logging_mixin.py:190} INFO - [2024-11-24T16:01:21.246+0000] {dag.py:4180} INFO - Setting next_dagrun for dag_with_cron_expression_v06 to 2024-11-01 03:00:00+00:00, run_after=2024-11-05 03:00:00+00:00
[2024-11-24T16:01:21.252+0000] {processor.py:208} INFO - Processing /opt/airflow/dags/script/example/dag_with_cron_expression.py took 0.032 seconds
[2024-11-24T16:01:51.651+0000] {processor.py:186} INFO - Started process (PID=3432) to work on /opt/airflow/dags/script/example/dag_with_cron_expression.py
[2024-11-24T16:01:51.652+0000] {processor.py:914} INFO - Processing file /opt/airflow/dags/script/example/dag_with_cron_expression.py for tasks to queue
[2024-11-24T16:01:51.654+0000] {logging_mixin.py:190} INFO - [2024-11-24T16:01:51.654+0000] {dagbag.py:588} INFO - Filling up the DagBag from /opt/airflow/dags/script/example/dag_with_cron_expression.py
[2024-11-24T16:01:51.660+0000] {processor.py:925} INFO - DAG(s) 'dag_with_cron_expression_v06' retrieved from /opt/airflow/dags/script/example/dag_with_cron_expression.py
[2024-11-24T16:01:51.668+0000] {logging_mixin.py:190} INFO - [2024-11-24T16:01:51.668+0000] {dag.py:3239} INFO - Sync 1 DAGs
[2024-11-24T16:01:51.678+0000] {logging_mixin.py:190} INFO - [2024-11-24T16:01:51.678+0000] {dag.py:4180} INFO - Setting next_dagrun for dag_with_cron_expression_v06 to 2024-11-01 03:00:00+00:00, run_after=2024-11-05 03:00:00+00:00
[2024-11-24T16:01:51.688+0000] {processor.py:208} INFO - Processing /opt/airflow/dags/script/example/dag_with_cron_expression.py took 0.039 seconds
[2024-11-24T16:02:22.613+0000] {processor.py:186} INFO - Started process (PID=3798) to work on /opt/airflow/dags/script/example/dag_with_cron_expression.py
[2024-11-24T16:02:22.613+0000] {processor.py:914} INFO - Processing file /opt/airflow/dags/script/example/dag_with_cron_expression.py for tasks to queue
[2024-11-24T16:02:22.615+0000] {logging_mixin.py:190} INFO - [2024-11-24T16:02:22.615+0000] {dagbag.py:588} INFO - Filling up the DagBag from /opt/airflow/dags/script/example/dag_with_cron_expression.py
[2024-11-24T16:02:22.620+0000] {processor.py:925} INFO - DAG(s) 'dag_with_cron_expression_v06' retrieved from /opt/airflow/dags/script/example/dag_with_cron_expression.py
[2024-11-24T16:02:22.631+0000] {logging_mixin.py:190} INFO - [2024-11-24T16:02:22.631+0000] {dag.py:3239} INFO - Sync 1 DAGs
[2024-11-24T16:02:22.642+0000] {logging_mixin.py:190} INFO - [2024-11-24T16:02:22.642+0000] {dag.py:4180} INFO - Setting next_dagrun for dag_with_cron_expression_v06 to 2024-11-01 03:00:00+00:00, run_after=2024-11-05 03:00:00+00:00
[2024-11-24T16:02:22.658+0000] {processor.py:208} INFO - Processing /opt/airflow/dags/script/example/dag_with_cron_expression.py took 0.048 seconds
[2024-11-24T16:02:53.137+0000] {processor.py:186} INFO - Started process (PID=4154) to work on /opt/airflow/dags/script/example/dag_with_cron_expression.py
[2024-11-24T16:02:53.138+0000] {processor.py:914} INFO - Processing file /opt/airflow/dags/script/example/dag_with_cron_expression.py for tasks to queue
[2024-11-24T16:02:53.138+0000] {logging_mixin.py:190} INFO - [2024-11-24T16:02:53.138+0000] {dagbag.py:588} INFO - Filling up the DagBag from /opt/airflow/dags/script/example/dag_with_cron_expression.py
[2024-11-24T16:02:53.143+0000] {processor.py:925} INFO - DAG(s) 'dag_with_cron_expression_v06' retrieved from /opt/airflow/dags/script/example/dag_with_cron_expression.py
[2024-11-24T16:02:53.151+0000] {logging_mixin.py:190} INFO - [2024-11-24T16:02:53.151+0000] {dag.py:3239} INFO - Sync 1 DAGs
[2024-11-24T16:02:53.158+0000] {logging_mixin.py:190} INFO - [2024-11-24T16:02:53.158+0000] {dag.py:4180} INFO - Setting next_dagrun for dag_with_cron_expression_v06 to 2024-11-01 03:00:00+00:00, run_after=2024-11-05 03:00:00+00:00
[2024-11-24T16:02:53.165+0000] {processor.py:208} INFO - Processing /opt/airflow/dags/script/example/dag_with_cron_expression.py took 0.031 seconds
[2024-11-24T16:03:23.498+0000] {processor.py:186} INFO - Started process (PID=4510) to work on /opt/airflow/dags/script/example/dag_with_cron_expression.py
[2024-11-24T16:03:23.499+0000] {processor.py:914} INFO - Processing file /opt/airflow/dags/script/example/dag_with_cron_expression.py for tasks to queue
[2024-11-24T16:03:23.501+0000] {logging_mixin.py:190} INFO - [2024-11-24T16:03:23.500+0000] {dagbag.py:588} INFO - Filling up the DagBag from /opt/airflow/dags/script/example/dag_with_cron_expression.py
[2024-11-24T16:03:23.505+0000] {processor.py:925} INFO - DAG(s) 'dag_with_cron_expression_v06' retrieved from /opt/airflow/dags/script/example/dag_with_cron_expression.py
[2024-11-24T16:03:23.514+0000] {logging_mixin.py:190} INFO - [2024-11-24T16:03:23.514+0000] {dag.py:3239} INFO - Sync 1 DAGs
[2024-11-24T16:03:23.526+0000] {logging_mixin.py:190} INFO - [2024-11-24T16:03:23.526+0000] {dag.py:4180} INFO - Setting next_dagrun for dag_with_cron_expression_v06 to 2024-11-01 03:00:00+00:00, run_after=2024-11-05 03:00:00+00:00
[2024-11-24T16:03:23.535+0000] {processor.py:208} INFO - Processing /opt/airflow/dags/script/example/dag_with_cron_expression.py took 0.040 seconds
[2024-11-24T16:03:54.220+0000] {processor.py:186} INFO - Started process (PID=4871) to work on /opt/airflow/dags/script/example/dag_with_cron_expression.py
[2024-11-24T16:03:54.221+0000] {processor.py:914} INFO - Processing file /opt/airflow/dags/script/example/dag_with_cron_expression.py for tasks to queue
[2024-11-24T16:03:54.222+0000] {logging_mixin.py:190} INFO - [2024-11-24T16:03:54.222+0000] {dagbag.py:588} INFO - Filling up the DagBag from /opt/airflow/dags/script/example/dag_with_cron_expression.py
[2024-11-24T16:03:54.226+0000] {processor.py:925} INFO - DAG(s) 'dag_with_cron_expression_v06' retrieved from /opt/airflow/dags/script/example/dag_with_cron_expression.py
[2024-11-24T16:03:54.234+0000] {logging_mixin.py:190} INFO - [2024-11-24T16:03:54.234+0000] {dag.py:3239} INFO - Sync 1 DAGs
[2024-11-24T16:03:54.242+0000] {logging_mixin.py:190} INFO - [2024-11-24T16:03:54.242+0000] {dag.py:4180} INFO - Setting next_dagrun for dag_with_cron_expression_v06 to 2024-11-01 03:00:00+00:00, run_after=2024-11-05 03:00:00+00:00
[2024-11-24T16:03:54.252+0000] {processor.py:208} INFO - Processing /opt/airflow/dags/script/example/dag_with_cron_expression.py took 0.035 seconds
[2024-11-24T16:04:24.649+0000] {processor.py:186} INFO - Started process (PID=5242) to work on /opt/airflow/dags/script/example/dag_with_cron_expression.py
[2024-11-24T16:04:24.651+0000] {processor.py:914} INFO - Processing file /opt/airflow/dags/script/example/dag_with_cron_expression.py for tasks to queue
[2024-11-24T16:04:24.653+0000] {logging_mixin.py:190} INFO - [2024-11-24T16:04:24.653+0000] {dagbag.py:588} INFO - Filling up the DagBag from /opt/airflow/dags/script/example/dag_with_cron_expression.py
[2024-11-24T16:04:24.659+0000] {processor.py:925} INFO - DAG(s) 'dag_with_cron_expression_v06' retrieved from /opt/airflow/dags/script/example/dag_with_cron_expression.py
[2024-11-24T16:04:24.671+0000] {logging_mixin.py:190} INFO - [2024-11-24T16:04:24.669+0000] {dag.py:3239} INFO - Sync 1 DAGs
[2024-11-24T16:04:24.680+0000] {logging_mixin.py:190} INFO - [2024-11-24T16:04:24.680+0000] {dag.py:4180} INFO - Setting next_dagrun for dag_with_cron_expression_v06 to 2024-11-01 03:00:00+00:00, run_after=2024-11-05 03:00:00+00:00
[2024-11-24T16:04:24.687+0000] {processor.py:208} INFO - Processing /opt/airflow/dags/script/example/dag_with_cron_expression.py took 0.040 seconds
[2024-11-24T16:04:55.320+0000] {processor.py:186} INFO - Started process (PID=5608) to work on /opt/airflow/dags/script/example/dag_with_cron_expression.py
[2024-11-24T16:04:55.322+0000] {processor.py:914} INFO - Processing file /opt/airflow/dags/script/example/dag_with_cron_expression.py for tasks to queue
[2024-11-24T16:04:55.324+0000] {logging_mixin.py:190} INFO - [2024-11-24T16:04:55.324+0000] {dagbag.py:588} INFO - Filling up the DagBag from /opt/airflow/dags/script/example/dag_with_cron_expression.py
[2024-11-24T16:04:55.328+0000] {processor.py:925} INFO - DAG(s) 'dag_with_cron_expression_v06' retrieved from /opt/airflow/dags/script/example/dag_with_cron_expression.py
[2024-11-24T16:04:55.337+0000] {logging_mixin.py:190} INFO - [2024-11-24T16:04:55.337+0000] {dag.py:3239} INFO - Sync 1 DAGs
[2024-11-24T16:04:55.346+0000] {logging_mixin.py:190} INFO - [2024-11-24T16:04:55.346+0000] {dag.py:4180} INFO - Setting next_dagrun for dag_with_cron_expression_v06 to 2024-11-01 03:00:00+00:00, run_after=2024-11-05 03:00:00+00:00
[2024-11-24T16:04:55.351+0000] {processor.py:208} INFO - Processing /opt/airflow/dags/script/example/dag_with_cron_expression.py took 0.034 seconds
[2024-11-24T16:05:25.850+0000] {processor.py:186} INFO - Started process (PID=5964) to work on /opt/airflow/dags/script/example/dag_with_cron_expression.py
[2024-11-24T16:05:25.853+0000] {processor.py:914} INFO - Processing file /opt/airflow/dags/script/example/dag_with_cron_expression.py for tasks to queue
[2024-11-24T16:05:25.854+0000] {logging_mixin.py:190} INFO - [2024-11-24T16:05:25.854+0000] {dagbag.py:588} INFO - Filling up the DagBag from /opt/airflow/dags/script/example/dag_with_cron_expression.py
[2024-11-24T16:05:25.862+0000] {processor.py:925} INFO - DAG(s) 'dag_with_cron_expression_v06' retrieved from /opt/airflow/dags/script/example/dag_with_cron_expression.py
[2024-11-24T16:05:25.873+0000] {logging_mixin.py:190} INFO - [2024-11-24T16:05:25.872+0000] {dag.py:3239} INFO - Sync 1 DAGs
[2024-11-24T16:05:25.884+0000] {logging_mixin.py:190} INFO - [2024-11-24T16:05:25.884+0000] {dag.py:4180} INFO - Setting next_dagrun for dag_with_cron_expression_v06 to 2024-11-01 03:00:00+00:00, run_after=2024-11-05 03:00:00+00:00
[2024-11-24T16:05:25.894+0000] {processor.py:208} INFO - Processing /opt/airflow/dags/script/example/dag_with_cron_expression.py took 0.047 seconds
[2024-11-24T16:05:56.266+0000] {processor.py:186} INFO - Started process (PID=6330) to work on /opt/airflow/dags/script/example/dag_with_cron_expression.py
[2024-11-24T16:05:56.267+0000] {processor.py:914} INFO - Processing file /opt/airflow/dags/script/example/dag_with_cron_expression.py for tasks to queue
[2024-11-24T16:05:56.268+0000] {logging_mixin.py:190} INFO - [2024-11-24T16:05:56.268+0000] {dagbag.py:588} INFO - Filling up the DagBag from /opt/airflow/dags/script/example/dag_with_cron_expression.py
[2024-11-24T16:05:56.272+0000] {processor.py:925} INFO - DAG(s) 'dag_with_cron_expression_v06' retrieved from /opt/airflow/dags/script/example/dag_with_cron_expression.py
[2024-11-24T16:05:56.279+0000] {logging_mixin.py:190} INFO - [2024-11-24T16:05:56.279+0000] {dag.py:3239} INFO - Sync 1 DAGs
[2024-11-24T16:05:56.289+0000] {logging_mixin.py:190} INFO - [2024-11-24T16:05:56.288+0000] {dag.py:4180} INFO - Setting next_dagrun for dag_with_cron_expression_v06 to 2024-11-01 03:00:00+00:00, run_after=2024-11-05 03:00:00+00:00
[2024-11-24T16:05:56.299+0000] {processor.py:208} INFO - Processing /opt/airflow/dags/script/example/dag_with_cron_expression.py took 0.036 seconds
[2024-11-24T16:06:26.667+0000] {processor.py:186} INFO - Started process (PID=6696) to work on /opt/airflow/dags/script/example/dag_with_cron_expression.py
[2024-11-24T16:06:26.668+0000] {processor.py:914} INFO - Processing file /opt/airflow/dags/script/example/dag_with_cron_expression.py for tasks to queue
[2024-11-24T16:06:26.669+0000] {logging_mixin.py:190} INFO - [2024-11-24T16:06:26.669+0000] {dagbag.py:588} INFO - Filling up the DagBag from /opt/airflow/dags/script/example/dag_with_cron_expression.py
[2024-11-24T16:06:26.673+0000] {processor.py:925} INFO - DAG(s) 'dag_with_cron_expression_v06' retrieved from /opt/airflow/dags/script/example/dag_with_cron_expression.py
[2024-11-24T16:06:26.681+0000] {logging_mixin.py:190} INFO - [2024-11-24T16:06:26.681+0000] {dag.py:3239} INFO - Sync 1 DAGs
[2024-11-24T16:06:26.689+0000] {logging_mixin.py:190} INFO - [2024-11-24T16:06:26.689+0000] {dag.py:4180} INFO - Setting next_dagrun for dag_with_cron_expression_v06 to 2024-11-01 03:00:00+00:00, run_after=2024-11-05 03:00:00+00:00
[2024-11-24T16:06:26.694+0000] {processor.py:208} INFO - Processing /opt/airflow/dags/script/example/dag_with_cron_expression.py took 0.029 seconds
[2024-11-24T16:06:27.718+0000] {processor.py:186} INFO - Started process (PID=6703) to work on /opt/airflow/dags/script/example/dag_with_cron_expression.py
[2024-11-24T16:06:27.719+0000] {processor.py:914} INFO - Processing file /opt/airflow/dags/script/example/dag_with_cron_expression.py for tasks to queue
[2024-11-24T16:06:27.721+0000] {logging_mixin.py:190} INFO - [2024-11-24T16:06:27.720+0000] {dagbag.py:588} INFO - Filling up the DagBag from /opt/airflow/dags/script/example/dag_with_cron_expression.py
[2024-11-24T16:06:27.726+0000] {processor.py:927} WARNING - No viable dags retrieved from /opt/airflow/dags/script/example/dag_with_cron_expression.py
[2024-11-24T16:06:27.737+0000] {processor.py:208} INFO - Processing /opt/airflow/dags/script/example/dag_with_cron_expression.py took 0.023 seconds
[2024-11-24T16:06:58.301+0000] {processor.py:186} INFO - Started process (PID=7069) to work on /opt/airflow/dags/script/example/dag_with_cron_expression.py
[2024-11-24T16:06:58.301+0000] {processor.py:914} INFO - Processing file /opt/airflow/dags/script/example/dag_with_cron_expression.py for tasks to queue
[2024-11-24T16:06:58.303+0000] {logging_mixin.py:190} INFO - [2024-11-24T16:06:58.303+0000] {dagbag.py:588} INFO - Filling up the DagBag from /opt/airflow/dags/script/example/dag_with_cron_expression.py
[2024-11-24T16:06:58.307+0000] {processor.py:927} WARNING - No viable dags retrieved from /opt/airflow/dags/script/example/dag_with_cron_expression.py
[2024-11-24T16:06:58.317+0000] {processor.py:208} INFO - Processing /opt/airflow/dags/script/example/dag_with_cron_expression.py took 0.021 seconds
[2024-11-24T16:07:28.681+0000] {processor.py:186} INFO - Started process (PID=7425) to work on /opt/airflow/dags/script/example/dag_with_cron_expression.py
[2024-11-24T16:07:28.682+0000] {processor.py:914} INFO - Processing file /opt/airflow/dags/script/example/dag_with_cron_expression.py for tasks to queue
[2024-11-24T16:07:28.683+0000] {logging_mixin.py:190} INFO - [2024-11-24T16:07:28.683+0000] {dagbag.py:588} INFO - Filling up the DagBag from /opt/airflow/dags/script/example/dag_with_cron_expression.py
[2024-11-24T16:07:28.686+0000] {processor.py:927} WARNING - No viable dags retrieved from /opt/airflow/dags/script/example/dag_with_cron_expression.py
[2024-11-24T16:07:28.695+0000] {processor.py:208} INFO - Processing /opt/airflow/dags/script/example/dag_with_cron_expression.py took 0.019 seconds
[2024-11-24T16:07:58.825+0000] {processor.py:186} INFO - Started process (PID=7781) to work on /opt/airflow/dags/script/example/dag_with_cron_expression.py
[2024-11-24T16:07:58.826+0000] {processor.py:914} INFO - Processing file /opt/airflow/dags/script/example/dag_with_cron_expression.py for tasks to queue
[2024-11-24T16:07:58.826+0000] {logging_mixin.py:190} INFO - [2024-11-24T16:07:58.826+0000] {dagbag.py:588} INFO - Filling up the DagBag from /opt/airflow/dags/script/example/dag_with_cron_expression.py
[2024-11-24T16:07:58.830+0000] {processor.py:927} WARNING - No viable dags retrieved from /opt/airflow/dags/script/example/dag_with_cron_expression.py
[2024-11-24T16:07:58.840+0000] {processor.py:208} INFO - Processing /opt/airflow/dags/script/example/dag_with_cron_expression.py took 0.020 seconds
[2024-11-24T16:08:29.036+0000] {processor.py:186} INFO - Started process (PID=8137) to work on /opt/airflow/dags/script/example/dag_with_cron_expression.py
[2024-11-24T16:08:29.037+0000] {processor.py:914} INFO - Processing file /opt/airflow/dags/script/example/dag_with_cron_expression.py for tasks to queue
[2024-11-24T16:08:29.037+0000] {logging_mixin.py:190} INFO - [2024-11-24T16:08:29.037+0000] {dagbag.py:588} INFO - Filling up the DagBag from /opt/airflow/dags/script/example/dag_with_cron_expression.py
[2024-11-24T16:08:29.040+0000] {processor.py:927} WARNING - No viable dags retrieved from /opt/airflow/dags/script/example/dag_with_cron_expression.py
[2024-11-24T16:08:29.051+0000] {processor.py:208} INFO - Processing /opt/airflow/dags/script/example/dag_with_cron_expression.py took 0.020 seconds
[2024-11-24T16:08:59.240+0000] {processor.py:186} INFO - Started process (PID=8493) to work on /opt/airflow/dags/script/example/dag_with_cron_expression.py
[2024-11-24T16:08:59.241+0000] {processor.py:914} INFO - Processing file /opt/airflow/dags/script/example/dag_with_cron_expression.py for tasks to queue
[2024-11-24T16:08:59.241+0000] {logging_mixin.py:190} INFO - [2024-11-24T16:08:59.241+0000] {dagbag.py:588} INFO - Filling up the DagBag from /opt/airflow/dags/script/example/dag_with_cron_expression.py
[2024-11-24T16:08:59.244+0000] {processor.py:927} WARNING - No viable dags retrieved from /opt/airflow/dags/script/example/dag_with_cron_expression.py
[2024-11-24T16:08:59.253+0000] {processor.py:208} INFO - Processing /opt/airflow/dags/script/example/dag_with_cron_expression.py took 0.018 seconds
[2024-11-24T16:09:29.493+0000] {processor.py:186} INFO - Started process (PID=8849) to work on /opt/airflow/dags/script/example/dag_with_cron_expression.py
[2024-11-24T16:09:29.494+0000] {processor.py:914} INFO - Processing file /opt/airflow/dags/script/example/dag_with_cron_expression.py for tasks to queue
[2024-11-24T16:09:29.494+0000] {logging_mixin.py:190} INFO - [2024-11-24T16:09:29.494+0000] {dagbag.py:588} INFO - Filling up the DagBag from /opt/airflow/dags/script/example/dag_with_cron_expression.py
[2024-11-24T16:09:29.498+0000] {processor.py:927} WARNING - No viable dags retrieved from /opt/airflow/dags/script/example/dag_with_cron_expression.py
[2024-11-24T16:09:29.507+0000] {processor.py:208} INFO - Processing /opt/airflow/dags/script/example/dag_with_cron_expression.py took 0.020 seconds
[2024-11-24T16:09:59.615+0000] {processor.py:186} INFO - Started process (PID=9205) to work on /opt/airflow/dags/script/example/dag_with_cron_expression.py
[2024-11-24T16:09:59.617+0000] {processor.py:914} INFO - Processing file /opt/airflow/dags/script/example/dag_with_cron_expression.py for tasks to queue
[2024-11-24T16:09:59.619+0000] {logging_mixin.py:190} INFO - [2024-11-24T16:09:59.619+0000] {dagbag.py:588} INFO - Filling up the DagBag from /opt/airflow/dags/script/example/dag_with_cron_expression.py
[2024-11-24T16:09:59.622+0000] {processor.py:927} WARNING - No viable dags retrieved from /opt/airflow/dags/script/example/dag_with_cron_expression.py
[2024-11-24T16:09:59.632+0000] {processor.py:208} INFO - Processing /opt/airflow/dags/script/example/dag_with_cron_expression.py took 0.023 seconds
[2024-11-24T16:10:29.843+0000] {processor.py:186} INFO - Started process (PID=9561) to work on /opt/airflow/dags/script/example/dag_with_cron_expression.py
[2024-11-24T16:10:29.844+0000] {processor.py:914} INFO - Processing file /opt/airflow/dags/script/example/dag_with_cron_expression.py for tasks to queue
[2024-11-24T16:10:29.845+0000] {logging_mixin.py:190} INFO - [2024-11-24T16:10:29.845+0000] {dagbag.py:588} INFO - Filling up the DagBag from /opt/airflow/dags/script/example/dag_with_cron_expression.py
[2024-11-24T16:10:29.848+0000] {processor.py:927} WARNING - No viable dags retrieved from /opt/airflow/dags/script/example/dag_with_cron_expression.py
[2024-11-24T16:10:29.857+0000] {processor.py:208} INFO - Processing /opt/airflow/dags/script/example/dag_with_cron_expression.py took 0.019 seconds
[2024-11-24T16:11:00.009+0000] {processor.py:186} INFO - Started process (PID=9917) to work on /opt/airflow/dags/script/example/dag_with_cron_expression.py
[2024-11-24T16:11:00.010+0000] {processor.py:914} INFO - Processing file /opt/airflow/dags/script/example/dag_with_cron_expression.py for tasks to queue
[2024-11-24T16:11:00.011+0000] {logging_mixin.py:190} INFO - [2024-11-24T16:11:00.010+0000] {dagbag.py:588} INFO - Filling up the DagBag from /opt/airflow/dags/script/example/dag_with_cron_expression.py
[2024-11-24T16:11:00.013+0000] {processor.py:927} WARNING - No viable dags retrieved from /opt/airflow/dags/script/example/dag_with_cron_expression.py
[2024-11-24T16:11:00.022+0000] {processor.py:208} INFO - Processing /opt/airflow/dags/script/example/dag_with_cron_expression.py took 0.018 seconds
[2024-11-24T16:11:30.258+0000] {processor.py:186} INFO - Started process (PID=10273) to work on /opt/airflow/dags/script/example/dag_with_cron_expression.py
[2024-11-24T16:11:30.259+0000] {processor.py:914} INFO - Processing file /opt/airflow/dags/script/example/dag_with_cron_expression.py for tasks to queue
[2024-11-24T16:11:30.260+0000] {logging_mixin.py:190} INFO - [2024-11-24T16:11:30.260+0000] {dagbag.py:588} INFO - Filling up the DagBag from /opt/airflow/dags/script/example/dag_with_cron_expression.py
[2024-11-24T16:11:30.263+0000] {processor.py:927} WARNING - No viable dags retrieved from /opt/airflow/dags/script/example/dag_with_cron_expression.py
[2024-11-24T16:11:30.270+0000] {processor.py:208} INFO - Processing /opt/airflow/dags/script/example/dag_with_cron_expression.py took 0.016 seconds
[2024-11-24T16:38:18.467+0000] {processor.py:186} INFO - Started process (PID=216) to work on /opt/airflow/dags/script/example/dag_with_cron_expression.py
[2024-11-24T16:38:18.467+0000] {processor.py:914} INFO - Processing file /opt/airflow/dags/script/example/dag_with_cron_expression.py for tasks to queue
[2024-11-24T16:38:18.469+0000] {logging_mixin.py:190} INFO - [2024-11-24T16:38:18.469+0000] {dagbag.py:588} INFO - Filling up the DagBag from /opt/airflow/dags/script/example/dag_with_cron_expression.py
[2024-11-24T16:38:18.472+0000] {processor.py:927} WARNING - No viable dags retrieved from /opt/airflow/dags/script/example/dag_with_cron_expression.py
[2024-11-24T16:38:18.478+0000] {processor.py:208} INFO - Processing /opt/airflow/dags/script/example/dag_with_cron_expression.py took 0.013 seconds
[2024-11-24T16:38:48.724+0000] {processor.py:186} INFO - Started process (PID=572) to work on /opt/airflow/dags/script/example/dag_with_cron_expression.py
[2024-11-24T16:38:48.725+0000] {processor.py:914} INFO - Processing file /opt/airflow/dags/script/example/dag_with_cron_expression.py for tasks to queue
[2024-11-24T16:38:48.726+0000] {logging_mixin.py:190} INFO - [2024-11-24T16:38:48.726+0000] {dagbag.py:588} INFO - Filling up the DagBag from /opt/airflow/dags/script/example/dag_with_cron_expression.py
[2024-11-24T16:38:48.728+0000] {processor.py:927} WARNING - No viable dags retrieved from /opt/airflow/dags/script/example/dag_with_cron_expression.py
[2024-11-24T16:38:48.734+0000] {processor.py:208} INFO - Processing /opt/airflow/dags/script/example/dag_with_cron_expression.py took 0.011 seconds
[2024-11-24T16:39:19.051+0000] {processor.py:186} INFO - Started process (PID=928) to work on /opt/airflow/dags/script/example/dag_with_cron_expression.py
[2024-11-24T16:39:19.052+0000] {processor.py:914} INFO - Processing file /opt/airflow/dags/script/example/dag_with_cron_expression.py for tasks to queue
[2024-11-24T16:39:19.053+0000] {logging_mixin.py:190} INFO - [2024-11-24T16:39:19.052+0000] {dagbag.py:588} INFO - Filling up the DagBag from /opt/airflow/dags/script/example/dag_with_cron_expression.py
[2024-11-24T16:39:19.055+0000] {processor.py:927} WARNING - No viable dags retrieved from /opt/airflow/dags/script/example/dag_with_cron_expression.py
[2024-11-24T16:39:19.062+0000] {processor.py:208} INFO - Processing /opt/airflow/dags/script/example/dag_with_cron_expression.py took 0.015 seconds
[2024-11-24T16:39:49.490+0000] {processor.py:186} INFO - Started process (PID=1286) to work on /opt/airflow/dags/script/example/dag_with_cron_expression.py
[2024-11-24T16:39:49.490+0000] {processor.py:914} INFO - Processing file /opt/airflow/dags/script/example/dag_with_cron_expression.py for tasks to queue
[2024-11-24T16:39:49.490+0000] {logging_mixin.py:190} INFO - [2024-11-24T16:39:49.490+0000] {dagbag.py:588} INFO - Filling up the DagBag from /opt/airflow/dags/script/example/dag_with_cron_expression.py
[2024-11-24T16:39:49.491+0000] {processor.py:927} WARNING - No viable dags retrieved from /opt/airflow/dags/script/example/dag_with_cron_expression.py
[2024-11-24T16:39:49.496+0000] {processor.py:208} INFO - Processing /opt/airflow/dags/script/example/dag_with_cron_expression.py took 0.008 seconds
[2024-11-24T16:40:19.770+0000] {processor.py:186} INFO - Started process (PID=1640) to work on /opt/airflow/dags/script/example/dag_with_cron_expression.py
[2024-11-24T16:40:19.771+0000] {processor.py:914} INFO - Processing file /opt/airflow/dags/script/example/dag_with_cron_expression.py for tasks to queue
[2024-11-24T16:40:19.771+0000] {logging_mixin.py:190} INFO - [2024-11-24T16:40:19.771+0000] {dagbag.py:588} INFO - Filling up the DagBag from /opt/airflow/dags/script/example/dag_with_cron_expression.py
[2024-11-24T16:40:19.772+0000] {processor.py:927} WARNING - No viable dags retrieved from /opt/airflow/dags/script/example/dag_with_cron_expression.py
[2024-11-24T16:40:19.778+0000] {processor.py:208} INFO - Processing /opt/airflow/dags/script/example/dag_with_cron_expression.py took 0.011 seconds
[2024-11-24T16:40:50.203+0000] {processor.py:186} INFO - Started process (PID=1998) to work on /opt/airflow/dags/script/example/dag_with_cron_expression.py
[2024-11-24T16:40:50.203+0000] {processor.py:914} INFO - Processing file /opt/airflow/dags/script/example/dag_with_cron_expression.py for tasks to queue
[2024-11-24T16:40:50.204+0000] {logging_mixin.py:190} INFO - [2024-11-24T16:40:50.204+0000] {dagbag.py:588} INFO - Filling up the DagBag from /opt/airflow/dags/script/example/dag_with_cron_expression.py
[2024-11-24T16:40:50.205+0000] {processor.py:927} WARNING - No viable dags retrieved from /opt/airflow/dags/script/example/dag_with_cron_expression.py
[2024-11-24T16:40:50.209+0000] {processor.py:208} INFO - Processing /opt/airflow/dags/script/example/dag_with_cron_expression.py took 0.008 seconds
[2024-11-24T16:41:20.352+0000] {processor.py:186} INFO - Started process (PID=2354) to work on /opt/airflow/dags/script/example/dag_with_cron_expression.py
[2024-11-24T16:41:20.352+0000] {processor.py:914} INFO - Processing file /opt/airflow/dags/script/example/dag_with_cron_expression.py for tasks to queue
[2024-11-24T16:41:20.353+0000] {logging_mixin.py:190} INFO - [2024-11-24T16:41:20.352+0000] {dagbag.py:588} INFO - Filling up the DagBag from /opt/airflow/dags/script/example/dag_with_cron_expression.py
[2024-11-24T16:41:20.354+0000] {processor.py:927} WARNING - No viable dags retrieved from /opt/airflow/dags/script/example/dag_with_cron_expression.py
[2024-11-24T16:41:20.359+0000] {processor.py:208} INFO - Processing /opt/airflow/dags/script/example/dag_with_cron_expression.py took 0.009 seconds
[2024-11-24T16:41:50.767+0000] {processor.py:186} INFO - Started process (PID=2715) to work on /opt/airflow/dags/script/example/dag_with_cron_expression.py
[2024-11-24T16:41:50.768+0000] {processor.py:914} INFO - Processing file /opt/airflow/dags/script/example/dag_with_cron_expression.py for tasks to queue
[2024-11-24T16:41:50.768+0000] {logging_mixin.py:190} INFO - [2024-11-24T16:41:50.768+0000] {dagbag.py:588} INFO - Filling up the DagBag from /opt/airflow/dags/script/example/dag_with_cron_expression.py
[2024-11-24T16:41:50.769+0000] {processor.py:927} WARNING - No viable dags retrieved from /opt/airflow/dags/script/example/dag_with_cron_expression.py
[2024-11-24T16:41:50.774+0000] {processor.py:208} INFO - Processing /opt/airflow/dags/script/example/dag_with_cron_expression.py took 0.009 seconds
[2024-11-24T16:42:21.347+0000] {processor.py:186} INFO - Started process (PID=3071) to work on /opt/airflow/dags/script/example/dag_with_cron_expression.py
[2024-11-24T16:42:21.348+0000] {processor.py:914} INFO - Processing file /opt/airflow/dags/script/example/dag_with_cron_expression.py for tasks to queue
[2024-11-24T16:42:21.348+0000] {logging_mixin.py:190} INFO - [2024-11-24T16:42:21.348+0000] {dagbag.py:588} INFO - Filling up the DagBag from /opt/airflow/dags/script/example/dag_with_cron_expression.py
[2024-11-24T16:42:21.349+0000] {processor.py:927} WARNING - No viable dags retrieved from /opt/airflow/dags/script/example/dag_with_cron_expression.py
[2024-11-24T16:42:21.354+0000] {processor.py:208} INFO - Processing /opt/airflow/dags/script/example/dag_with_cron_expression.py took 0.009 seconds
[2024-11-24T16:42:51.468+0000] {processor.py:186} INFO - Started process (PID=3425) to work on /opt/airflow/dags/script/example/dag_with_cron_expression.py
[2024-11-24T16:42:51.468+0000] {processor.py:914} INFO - Processing file /opt/airflow/dags/script/example/dag_with_cron_expression.py for tasks to queue
[2024-11-24T16:42:51.469+0000] {logging_mixin.py:190} INFO - [2024-11-24T16:42:51.469+0000] {dagbag.py:588} INFO - Filling up the DagBag from /opt/airflow/dags/script/example/dag_with_cron_expression.py
[2024-11-24T16:42:51.471+0000] {processor.py:927} WARNING - No viable dags retrieved from /opt/airflow/dags/script/example/dag_with_cron_expression.py
[2024-11-24T16:42:51.476+0000] {processor.py:208} INFO - Processing /opt/airflow/dags/script/example/dag_with_cron_expression.py took 0.011 seconds
[2024-11-24T16:43:21.793+0000] {processor.py:186} INFO - Started process (PID=3783) to work on /opt/airflow/dags/script/example/dag_with_cron_expression.py
[2024-11-24T16:43:21.793+0000] {processor.py:914} INFO - Processing file /opt/airflow/dags/script/example/dag_with_cron_expression.py for tasks to queue
[2024-11-24T16:43:21.793+0000] {logging_mixin.py:190} INFO - [2024-11-24T16:43:21.793+0000] {dagbag.py:588} INFO - Filling up the DagBag from /opt/airflow/dags/script/example/dag_with_cron_expression.py
[2024-11-24T16:43:21.794+0000] {processor.py:927} WARNING - No viable dags retrieved from /opt/airflow/dags/script/example/dag_with_cron_expression.py
[2024-11-24T16:43:21.800+0000] {processor.py:208} INFO - Processing /opt/airflow/dags/script/example/dag_with_cron_expression.py took 0.009 seconds
[2024-11-24T16:43:52.372+0000] {processor.py:186} INFO - Started process (PID=4143) to work on /opt/airflow/dags/script/example/dag_with_cron_expression.py
[2024-11-24T16:43:52.372+0000] {processor.py:914} INFO - Processing file /opt/airflow/dags/script/example/dag_with_cron_expression.py for tasks to queue
[2024-11-24T16:43:52.372+0000] {logging_mixin.py:190} INFO - [2024-11-24T16:43:52.372+0000] {dagbag.py:588} INFO - Filling up the DagBag from /opt/airflow/dags/script/example/dag_with_cron_expression.py
[2024-11-24T16:43:52.374+0000] {processor.py:927} WARNING - No viable dags retrieved from /opt/airflow/dags/script/example/dag_with_cron_expression.py
[2024-11-24T16:43:52.380+0000] {processor.py:208} INFO - Processing /opt/airflow/dags/script/example/dag_with_cron_expression.py took 0.011 seconds
[2024-11-24T16:44:22.810+0000] {processor.py:186} INFO - Started process (PID=4499) to work on /opt/airflow/dags/script/example/dag_with_cron_expression.py
[2024-11-24T16:44:22.810+0000] {processor.py:914} INFO - Processing file /opt/airflow/dags/script/example/dag_with_cron_expression.py for tasks to queue
[2024-11-24T16:44:22.810+0000] {logging_mixin.py:190} INFO - [2024-11-24T16:44:22.810+0000] {dagbag.py:588} INFO - Filling up the DagBag from /opt/airflow/dags/script/example/dag_with_cron_expression.py
[2024-11-24T16:44:22.812+0000] {processor.py:927} WARNING - No viable dags retrieved from /opt/airflow/dags/script/example/dag_with_cron_expression.py
[2024-11-24T16:44:22.817+0000] {processor.py:208} INFO - Processing /opt/airflow/dags/script/example/dag_with_cron_expression.py took 0.009 seconds
[2024-11-24T16:44:53.446+0000] {processor.py:186} INFO - Started process (PID=4855) to work on /opt/airflow/dags/script/example/dag_with_cron_expression.py
[2024-11-24T16:44:53.446+0000] {processor.py:914} INFO - Processing file /opt/airflow/dags/script/example/dag_with_cron_expression.py for tasks to queue
[2024-11-24T16:44:53.447+0000] {logging_mixin.py:190} INFO - [2024-11-24T16:44:53.446+0000] {dagbag.py:588} INFO - Filling up the DagBag from /opt/airflow/dags/script/example/dag_with_cron_expression.py
[2024-11-24T16:44:53.448+0000] {processor.py:927} WARNING - No viable dags retrieved from /opt/airflow/dags/script/example/dag_with_cron_expression.py
[2024-11-24T16:44:53.453+0000] {processor.py:208} INFO - Processing /opt/airflow/dags/script/example/dag_with_cron_expression.py took 0.010 seconds
[2024-11-24T16:45:23.503+0000] {processor.py:186} INFO - Started process (PID=5209) to work on /opt/airflow/dags/script/example/dag_with_cron_expression.py
[2024-11-24T16:45:23.503+0000] {processor.py:914} INFO - Processing file /opt/airflow/dags/script/example/dag_with_cron_expression.py for tasks to queue
[2024-11-24T16:45:23.504+0000] {logging_mixin.py:190} INFO - [2024-11-24T16:45:23.503+0000] {dagbag.py:588} INFO - Filling up the DagBag from /opt/airflow/dags/script/example/dag_with_cron_expression.py
[2024-11-24T16:45:23.506+0000] {processor.py:927} WARNING - No viable dags retrieved from /opt/airflow/dags/script/example/dag_with_cron_expression.py
[2024-11-24T16:45:23.512+0000] {processor.py:208} INFO - Processing /opt/airflow/dags/script/example/dag_with_cron_expression.py took 0.011 seconds
[2024-11-24T16:45:54.022+0000] {processor.py:186} INFO - Started process (PID=5567) to work on /opt/airflow/dags/script/example/dag_with_cron_expression.py
[2024-11-24T16:45:54.023+0000] {processor.py:914} INFO - Processing file /opt/airflow/dags/script/example/dag_with_cron_expression.py for tasks to queue
[2024-11-24T16:45:54.023+0000] {logging_mixin.py:190} INFO - [2024-11-24T16:45:54.023+0000] {dagbag.py:588} INFO - Filling up the DagBag from /opt/airflow/dags/script/example/dag_with_cron_expression.py
[2024-11-24T16:45:54.024+0000] {processor.py:927} WARNING - No viable dags retrieved from /opt/airflow/dags/script/example/dag_with_cron_expression.py
[2024-11-24T16:45:54.029+0000] {processor.py:208} INFO - Processing /opt/airflow/dags/script/example/dag_with_cron_expression.py took 0.009 seconds
[2024-11-24T16:46:24.356+0000] {processor.py:186} INFO - Started process (PID=5923) to work on /opt/airflow/dags/script/example/dag_with_cron_expression.py
[2024-11-24T16:46:24.356+0000] {processor.py:914} INFO - Processing file /opt/airflow/dags/script/example/dag_with_cron_expression.py for tasks to queue
[2024-11-24T16:46:24.356+0000] {logging_mixin.py:190} INFO - [2024-11-24T16:46:24.356+0000] {dagbag.py:588} INFO - Filling up the DagBag from /opt/airflow/dags/script/example/dag_with_cron_expression.py
[2024-11-24T16:46:24.357+0000] {processor.py:927} WARNING - No viable dags retrieved from /opt/airflow/dags/script/example/dag_with_cron_expression.py
[2024-11-24T16:46:24.363+0000] {processor.py:208} INFO - Processing /opt/airflow/dags/script/example/dag_with_cron_expression.py took 0.010 seconds
[2024-11-24T16:46:54.771+0000] {processor.py:186} INFO - Started process (PID=6279) to work on /opt/airflow/dags/script/example/dag_with_cron_expression.py
[2024-11-24T16:46:54.771+0000] {processor.py:914} INFO - Processing file /opt/airflow/dags/script/example/dag_with_cron_expression.py for tasks to queue
[2024-11-24T16:46:54.772+0000] {logging_mixin.py:190} INFO - [2024-11-24T16:46:54.772+0000] {dagbag.py:588} INFO - Filling up the DagBag from /opt/airflow/dags/script/example/dag_with_cron_expression.py
[2024-11-24T16:46:54.773+0000] {processor.py:927} WARNING - No viable dags retrieved from /opt/airflow/dags/script/example/dag_with_cron_expression.py
[2024-11-24T16:46:54.778+0000] {processor.py:208} INFO - Processing /opt/airflow/dags/script/example/dag_with_cron_expression.py took 0.009 seconds
[2024-11-24T16:47:25.379+0000] {processor.py:186} INFO - Started process (PID=6635) to work on /opt/airflow/dags/script/example/dag_with_cron_expression.py
[2024-11-24T16:47:25.379+0000] {processor.py:914} INFO - Processing file /opt/airflow/dags/script/example/dag_with_cron_expression.py for tasks to queue
[2024-11-24T16:47:25.379+0000] {logging_mixin.py:190} INFO - [2024-11-24T16:47:25.379+0000] {dagbag.py:588} INFO - Filling up the DagBag from /opt/airflow/dags/script/example/dag_with_cron_expression.py
[2024-11-24T16:47:25.381+0000] {processor.py:927} WARNING - No viable dags retrieved from /opt/airflow/dags/script/example/dag_with_cron_expression.py
[2024-11-24T16:47:25.386+0000] {processor.py:208} INFO - Processing /opt/airflow/dags/script/example/dag_with_cron_expression.py took 0.011 seconds
[2024-11-24T16:47:55.906+0000] {processor.py:186} INFO - Started process (PID=6991) to work on /opt/airflow/dags/script/example/dag_with_cron_expression.py
[2024-11-24T16:47:55.906+0000] {processor.py:914} INFO - Processing file /opt/airflow/dags/script/example/dag_with_cron_expression.py for tasks to queue
[2024-11-24T16:47:55.906+0000] {logging_mixin.py:190} INFO - [2024-11-24T16:47:55.906+0000] {dagbag.py:588} INFO - Filling up the DagBag from /opt/airflow/dags/script/example/dag_with_cron_expression.py
[2024-11-24T16:47:55.907+0000] {processor.py:927} WARNING - No viable dags retrieved from /opt/airflow/dags/script/example/dag_with_cron_expression.py
[2024-11-24T16:47:55.912+0000] {processor.py:208} INFO - Processing /opt/airflow/dags/script/example/dag_with_cron_expression.py took 0.009 seconds
[2024-11-24T16:48:26.312+0000] {processor.py:186} INFO - Started process (PID=7347) to work on /opt/airflow/dags/script/example/dag_with_cron_expression.py
[2024-11-24T16:48:26.312+0000] {processor.py:914} INFO - Processing file /opt/airflow/dags/script/example/dag_with_cron_expression.py for tasks to queue
[2024-11-24T16:48:26.313+0000] {logging_mixin.py:190} INFO - [2024-11-24T16:48:26.313+0000] {dagbag.py:588} INFO - Filling up the DagBag from /opt/airflow/dags/script/example/dag_with_cron_expression.py
[2024-11-24T16:48:26.314+0000] {processor.py:927} WARNING - No viable dags retrieved from /opt/airflow/dags/script/example/dag_with_cron_expression.py
[2024-11-24T16:48:26.319+0000] {processor.py:208} INFO - Processing /opt/airflow/dags/script/example/dag_with_cron_expression.py took 0.009 seconds
[2024-11-24T16:48:56.745+0000] {processor.py:186} INFO - Started process (PID=7703) to work on /opt/airflow/dags/script/example/dag_with_cron_expression.py
[2024-11-24T16:48:56.745+0000] {processor.py:914} INFO - Processing file /opt/airflow/dags/script/example/dag_with_cron_expression.py for tasks to queue
[2024-11-24T16:48:56.746+0000] {logging_mixin.py:190} INFO - [2024-11-24T16:48:56.746+0000] {dagbag.py:588} INFO - Filling up the DagBag from /opt/airflow/dags/script/example/dag_with_cron_expression.py
[2024-11-24T16:48:56.747+0000] {processor.py:927} WARNING - No viable dags retrieved from /opt/airflow/dags/script/example/dag_with_cron_expression.py
[2024-11-24T16:48:56.752+0000] {processor.py:208} INFO - Processing /opt/airflow/dags/script/example/dag_with_cron_expression.py took 0.010 seconds
[2024-11-24T16:49:27.107+0000] {processor.py:186} INFO - Started process (PID=8059) to work on /opt/airflow/dags/script/example/dag_with_cron_expression.py
[2024-11-24T16:49:27.107+0000] {processor.py:914} INFO - Processing file /opt/airflow/dags/script/example/dag_with_cron_expression.py for tasks to queue
[2024-11-24T16:49:27.108+0000] {logging_mixin.py:190} INFO - [2024-11-24T16:49:27.108+0000] {dagbag.py:588} INFO - Filling up the DagBag from /opt/airflow/dags/script/example/dag_with_cron_expression.py
[2024-11-24T16:49:27.109+0000] {processor.py:927} WARNING - No viable dags retrieved from /opt/airflow/dags/script/example/dag_with_cron_expression.py
[2024-11-24T16:49:27.114+0000] {processor.py:208} INFO - Processing /opt/airflow/dags/script/example/dag_with_cron_expression.py took 0.009 seconds
[2024-11-24T16:49:57.525+0000] {processor.py:186} INFO - Started process (PID=8415) to work on /opt/airflow/dags/script/example/dag_with_cron_expression.py
[2024-11-24T16:49:57.526+0000] {processor.py:914} INFO - Processing file /opt/airflow/dags/script/example/dag_with_cron_expression.py for tasks to queue
[2024-11-24T16:49:57.526+0000] {logging_mixin.py:190} INFO - [2024-11-24T16:49:57.526+0000] {dagbag.py:588} INFO - Filling up the DagBag from /opt/airflow/dags/script/example/dag_with_cron_expression.py
[2024-11-24T16:49:57.527+0000] {processor.py:927} WARNING - No viable dags retrieved from /opt/airflow/dags/script/example/dag_with_cron_expression.py
[2024-11-24T16:49:57.532+0000] {processor.py:208} INFO - Processing /opt/airflow/dags/script/example/dag_with_cron_expression.py took 0.009 seconds
[2024-11-24T16:50:27.862+0000] {processor.py:186} INFO - Started process (PID=8771) to work on /opt/airflow/dags/script/example/dag_with_cron_expression.py
[2024-11-24T16:50:27.862+0000] {processor.py:914} INFO - Processing file /opt/airflow/dags/script/example/dag_with_cron_expression.py for tasks to queue
[2024-11-24T16:50:27.862+0000] {logging_mixin.py:190} INFO - [2024-11-24T16:50:27.862+0000] {dagbag.py:588} INFO - Filling up the DagBag from /opt/airflow/dags/script/example/dag_with_cron_expression.py
[2024-11-24T16:50:27.863+0000] {processor.py:927} WARNING - No viable dags retrieved from /opt/airflow/dags/script/example/dag_with_cron_expression.py
[2024-11-24T16:50:27.869+0000] {processor.py:208} INFO - Processing /opt/airflow/dags/script/example/dag_with_cron_expression.py took 0.010 seconds
[2024-11-24T16:50:58.884+0000] {processor.py:186} INFO - Started process (PID=9132) to work on /opt/airflow/dags/script/example/dag_with_cron_expression.py
[2024-11-24T16:50:58.884+0000] {processor.py:914} INFO - Processing file /opt/airflow/dags/script/example/dag_with_cron_expression.py for tasks to queue
[2024-11-24T16:50:58.885+0000] {logging_mixin.py:190} INFO - [2024-11-24T16:50:58.885+0000] {dagbag.py:588} INFO - Filling up the DagBag from /opt/airflow/dags/script/example/dag_with_cron_expression.py
[2024-11-24T16:50:58.886+0000] {processor.py:927} WARNING - No viable dags retrieved from /opt/airflow/dags/script/example/dag_with_cron_expression.py
[2024-11-24T16:50:58.891+0000] {processor.py:208} INFO - Processing /opt/airflow/dags/script/example/dag_with_cron_expression.py took 0.009 seconds
[2024-11-24T16:51:29.730+0000] {processor.py:186} INFO - Started process (PID=9488) to work on /opt/airflow/dags/script/example/dag_with_cron_expression.py
[2024-11-24T16:51:29.731+0000] {processor.py:914} INFO - Processing file /opt/airflow/dags/script/example/dag_with_cron_expression.py for tasks to queue
[2024-11-24T16:51:29.731+0000] {logging_mixin.py:190} INFO - [2024-11-24T16:51:29.731+0000] {dagbag.py:588} INFO - Filling up the DagBag from /opt/airflow/dags/script/example/dag_with_cron_expression.py
[2024-11-24T16:51:29.732+0000] {processor.py:927} WARNING - No viable dags retrieved from /opt/airflow/dags/script/example/dag_with_cron_expression.py
[2024-11-24T16:51:29.737+0000] {processor.py:208} INFO - Processing /opt/airflow/dags/script/example/dag_with_cron_expression.py took 0.008 seconds
[2024-11-24T16:52:00.239+0000] {processor.py:186} INFO - Started process (PID=9844) to work on /opt/airflow/dags/script/example/dag_with_cron_expression.py
[2024-11-24T16:52:00.240+0000] {processor.py:914} INFO - Processing file /opt/airflow/dags/script/example/dag_with_cron_expression.py for tasks to queue
[2024-11-24T16:52:00.240+0000] {logging_mixin.py:190} INFO - [2024-11-24T16:52:00.240+0000] {dagbag.py:588} INFO - Filling up the DagBag from /opt/airflow/dags/script/example/dag_with_cron_expression.py
[2024-11-24T16:52:00.241+0000] {processor.py:927} WARNING - No viable dags retrieved from /opt/airflow/dags/script/example/dag_with_cron_expression.py
[2024-11-24T16:52:00.247+0000] {processor.py:208} INFO - Processing /opt/airflow/dags/script/example/dag_with_cron_expression.py took 0.009 seconds
[2024-11-24T16:52:30.608+0000] {processor.py:186} INFO - Started process (PID=10200) to work on /opt/airflow/dags/script/example/dag_with_cron_expression.py
[2024-11-24T16:52:30.608+0000] {processor.py:914} INFO - Processing file /opt/airflow/dags/script/example/dag_with_cron_expression.py for tasks to queue
[2024-11-24T16:52:30.608+0000] {logging_mixin.py:190} INFO - [2024-11-24T16:52:30.608+0000] {dagbag.py:588} INFO - Filling up the DagBag from /opt/airflow/dags/script/example/dag_with_cron_expression.py
[2024-11-24T16:52:30.609+0000] {processor.py:927} WARNING - No viable dags retrieved from /opt/airflow/dags/script/example/dag_with_cron_expression.py
[2024-11-24T16:52:30.614+0000] {processor.py:208} INFO - Processing /opt/airflow/dags/script/example/dag_with_cron_expression.py took 0.009 seconds
[2024-11-24T16:53:00.920+0000] {processor.py:186} INFO - Started process (PID=10556) to work on /opt/airflow/dags/script/example/dag_with_cron_expression.py
[2024-11-24T16:53:00.920+0000] {processor.py:914} INFO - Processing file /opt/airflow/dags/script/example/dag_with_cron_expression.py for tasks to queue
[2024-11-24T16:53:00.921+0000] {logging_mixin.py:190} INFO - [2024-11-24T16:53:00.921+0000] {dagbag.py:588} INFO - Filling up the DagBag from /opt/airflow/dags/script/example/dag_with_cron_expression.py
[2024-11-24T16:53:00.922+0000] {processor.py:927} WARNING - No viable dags retrieved from /opt/airflow/dags/script/example/dag_with_cron_expression.py
[2024-11-24T16:53:00.928+0000] {processor.py:208} INFO - Processing /opt/airflow/dags/script/example/dag_with_cron_expression.py took 0.010 seconds
[2024-11-24T16:53:31.587+0000] {processor.py:186} INFO - Started process (PID=10932) to work on /opt/airflow/dags/script/example/dag_with_cron_expression.py
[2024-11-24T16:53:31.588+0000] {processor.py:914} INFO - Processing file /opt/airflow/dags/script/example/dag_with_cron_expression.py for tasks to queue
[2024-11-24T16:53:31.588+0000] {logging_mixin.py:190} INFO - [2024-11-24T16:53:31.588+0000] {dagbag.py:588} INFO - Filling up the DagBag from /opt/airflow/dags/script/example/dag_with_cron_expression.py
[2024-11-24T16:53:31.589+0000] {processor.py:927} WARNING - No viable dags retrieved from /opt/airflow/dags/script/example/dag_with_cron_expression.py
[2024-11-24T16:53:31.594+0000] {processor.py:208} INFO - Processing /opt/airflow/dags/script/example/dag_with_cron_expression.py took 0.009 seconds
[2024-11-24T16:54:02.089+0000] {processor.py:186} INFO - Started process (PID=11293) to work on /opt/airflow/dags/script/example/dag_with_cron_expression.py
[2024-11-24T16:54:02.091+0000] {processor.py:914} INFO - Processing file /opt/airflow/dags/script/example/dag_with_cron_expression.py for tasks to queue
[2024-11-24T16:54:02.092+0000] {logging_mixin.py:190} INFO - [2024-11-24T16:54:02.091+0000] {dagbag.py:588} INFO - Filling up the DagBag from /opt/airflow/dags/script/example/dag_with_cron_expression.py
[2024-11-24T16:54:02.093+0000] {processor.py:927} WARNING - No viable dags retrieved from /opt/airflow/dags/script/example/dag_with_cron_expression.py
[2024-11-24T16:54:02.099+0000] {processor.py:208} INFO - Processing /opt/airflow/dags/script/example/dag_with_cron_expression.py took 0.013 seconds
[2024-11-24T16:54:32.632+0000] {processor.py:186} INFO - Started process (PID=11653) to work on /opt/airflow/dags/script/example/dag_with_cron_expression.py
[2024-11-24T16:54:32.633+0000] {processor.py:914} INFO - Processing file /opt/airflow/dags/script/example/dag_with_cron_expression.py for tasks to queue
[2024-11-24T16:54:32.633+0000] {logging_mixin.py:190} INFO - [2024-11-24T16:54:32.633+0000] {dagbag.py:588} INFO - Filling up the DagBag from /opt/airflow/dags/script/example/dag_with_cron_expression.py
[2024-11-24T16:54:32.634+0000] {processor.py:927} WARNING - No viable dags retrieved from /opt/airflow/dags/script/example/dag_with_cron_expression.py
[2024-11-24T16:54:32.640+0000] {processor.py:208} INFO - Processing /opt/airflow/dags/script/example/dag_with_cron_expression.py took 0.010 seconds
[2024-11-24T16:55:03.112+0000] {processor.py:186} INFO - Started process (PID=12009) to work on /opt/airflow/dags/script/example/dag_with_cron_expression.py
[2024-11-24T16:55:03.112+0000] {processor.py:914} INFO - Processing file /opt/airflow/dags/script/example/dag_with_cron_expression.py for tasks to queue
[2024-11-24T16:55:03.113+0000] {logging_mixin.py:190} INFO - [2024-11-24T16:55:03.112+0000] {dagbag.py:588} INFO - Filling up the DagBag from /opt/airflow/dags/script/example/dag_with_cron_expression.py
[2024-11-24T16:55:03.114+0000] {processor.py:927} WARNING - No viable dags retrieved from /opt/airflow/dags/script/example/dag_with_cron_expression.py
[2024-11-24T16:55:03.119+0000] {processor.py:208} INFO - Processing /opt/airflow/dags/script/example/dag_with_cron_expression.py took 0.010 seconds
[2024-11-24T16:55:33.466+0000] {processor.py:186} INFO - Started process (PID=12365) to work on /opt/airflow/dags/script/example/dag_with_cron_expression.py
[2024-11-24T16:55:33.466+0000] {processor.py:914} INFO - Processing file /opt/airflow/dags/script/example/dag_with_cron_expression.py for tasks to queue
[2024-11-24T16:55:33.467+0000] {logging_mixin.py:190} INFO - [2024-11-24T16:55:33.467+0000] {dagbag.py:588} INFO - Filling up the DagBag from /opt/airflow/dags/script/example/dag_with_cron_expression.py
[2024-11-24T16:55:33.468+0000] {processor.py:927} WARNING - No viable dags retrieved from /opt/airflow/dags/script/example/dag_with_cron_expression.py
[2024-11-24T16:55:33.473+0000] {processor.py:208} INFO - Processing /opt/airflow/dags/script/example/dag_with_cron_expression.py took 0.010 seconds
[2024-11-24T16:56:03.967+0000] {processor.py:186} INFO - Started process (PID=12721) to work on /opt/airflow/dags/script/example/dag_with_cron_expression.py
[2024-11-24T16:56:03.967+0000] {processor.py:914} INFO - Processing file /opt/airflow/dags/script/example/dag_with_cron_expression.py for tasks to queue
[2024-11-24T16:56:03.968+0000] {logging_mixin.py:190} INFO - [2024-11-24T16:56:03.968+0000] {dagbag.py:588} INFO - Filling up the DagBag from /opt/airflow/dags/script/example/dag_with_cron_expression.py
[2024-11-24T16:56:03.969+0000] {processor.py:927} WARNING - No viable dags retrieved from /opt/airflow/dags/script/example/dag_with_cron_expression.py
[2024-11-24T16:56:03.974+0000] {processor.py:208} INFO - Processing /opt/airflow/dags/script/example/dag_with_cron_expression.py took 0.009 seconds
[2024-11-24T16:56:34.326+0000] {processor.py:186} INFO - Started process (PID=13077) to work on /opt/airflow/dags/script/example/dag_with_cron_expression.py
[2024-11-24T16:56:34.327+0000] {processor.py:914} INFO - Processing file /opt/airflow/dags/script/example/dag_with_cron_expression.py for tasks to queue
[2024-11-24T16:56:34.327+0000] {logging_mixin.py:190} INFO - [2024-11-24T16:56:34.327+0000] {dagbag.py:588} INFO - Filling up the DagBag from /opt/airflow/dags/script/example/dag_with_cron_expression.py
[2024-11-24T16:56:34.328+0000] {processor.py:927} WARNING - No viable dags retrieved from /opt/airflow/dags/script/example/dag_with_cron_expression.py
[2024-11-24T16:56:34.333+0000] {processor.py:208} INFO - Processing /opt/airflow/dags/script/example/dag_with_cron_expression.py took 0.009 seconds
[2024-11-24T16:57:04.730+0000] {processor.py:186} INFO - Started process (PID=13433) to work on /opt/airflow/dags/script/example/dag_with_cron_expression.py
[2024-11-24T16:57:04.730+0000] {processor.py:914} INFO - Processing file /opt/airflow/dags/script/example/dag_with_cron_expression.py for tasks to queue
[2024-11-24T16:57:04.730+0000] {logging_mixin.py:190} INFO - [2024-11-24T16:57:04.730+0000] {dagbag.py:588} INFO - Filling up the DagBag from /opt/airflow/dags/script/example/dag_with_cron_expression.py
[2024-11-24T16:57:04.731+0000] {processor.py:927} WARNING - No viable dags retrieved from /opt/airflow/dags/script/example/dag_with_cron_expression.py
[2024-11-24T16:57:04.736+0000] {processor.py:208} INFO - Processing /opt/airflow/dags/script/example/dag_with_cron_expression.py took 0.009 seconds
[2024-11-24T16:57:35.039+0000] {processor.py:186} INFO - Started process (PID=13789) to work on /opt/airflow/dags/script/example/dag_with_cron_expression.py
[2024-11-24T16:57:35.040+0000] {processor.py:914} INFO - Processing file /opt/airflow/dags/script/example/dag_with_cron_expression.py for tasks to queue
[2024-11-24T16:57:35.040+0000] {logging_mixin.py:190} INFO - [2024-11-24T16:57:35.040+0000] {dagbag.py:588} INFO - Filling up the DagBag from /opt/airflow/dags/script/example/dag_with_cron_expression.py
[2024-11-24T16:57:35.041+0000] {processor.py:927} WARNING - No viable dags retrieved from /opt/airflow/dags/script/example/dag_with_cron_expression.py
[2024-11-24T16:57:35.047+0000] {processor.py:208} INFO - Processing /opt/airflow/dags/script/example/dag_with_cron_expression.py took 0.009 seconds
[2024-11-24T16:58:05.450+0000] {processor.py:186} INFO - Started process (PID=14160) to work on /opt/airflow/dags/script/example/dag_with_cron_expression.py
[2024-11-24T16:58:05.451+0000] {processor.py:914} INFO - Processing file /opt/airflow/dags/script/example/dag_with_cron_expression.py for tasks to queue
[2024-11-24T16:58:05.451+0000] {logging_mixin.py:190} INFO - [2024-11-24T16:58:05.451+0000] {dagbag.py:588} INFO - Filling up the DagBag from /opt/airflow/dags/script/example/dag_with_cron_expression.py
[2024-11-24T16:58:05.454+0000] {processor.py:927} WARNING - No viable dags retrieved from /opt/airflow/dags/script/example/dag_with_cron_expression.py
[2024-11-24T16:58:05.459+0000] {processor.py:208} INFO - Processing /opt/airflow/dags/script/example/dag_with_cron_expression.py took 0.011 seconds
[2024-11-24T16:58:35.752+0000] {processor.py:186} INFO - Started process (PID=14519) to work on /opt/airflow/dags/script/example/dag_with_cron_expression.py
[2024-11-24T16:58:35.752+0000] {processor.py:914} INFO - Processing file /opt/airflow/dags/script/example/dag_with_cron_expression.py for tasks to queue
[2024-11-24T16:58:35.753+0000] {logging_mixin.py:190} INFO - [2024-11-24T16:58:35.752+0000] {dagbag.py:588} INFO - Filling up the DagBag from /opt/airflow/dags/script/example/dag_with_cron_expression.py
[2024-11-24T16:58:35.754+0000] {processor.py:927} WARNING - No viable dags retrieved from /opt/airflow/dags/script/example/dag_with_cron_expression.py
[2024-11-24T16:58:35.758+0000] {processor.py:208} INFO - Processing /opt/airflow/dags/script/example/dag_with_cron_expression.py took 0.009 seconds
[2024-11-24T16:59:06.533+0000] {processor.py:186} INFO - Started process (PID=14875) to work on /opt/airflow/dags/script/example/dag_with_cron_expression.py
[2024-11-24T16:59:06.534+0000] {processor.py:914} INFO - Processing file /opt/airflow/dags/script/example/dag_with_cron_expression.py for tasks to queue
[2024-11-24T16:59:06.534+0000] {logging_mixin.py:190} INFO - [2024-11-24T16:59:06.534+0000] {dagbag.py:588} INFO - Filling up the DagBag from /opt/airflow/dags/script/example/dag_with_cron_expression.py
[2024-11-24T16:59:06.535+0000] {processor.py:927} WARNING - No viable dags retrieved from /opt/airflow/dags/script/example/dag_with_cron_expression.py
[2024-11-24T16:59:06.540+0000] {processor.py:208} INFO - Processing /opt/airflow/dags/script/example/dag_with_cron_expression.py took 0.009 seconds
[2024-11-24T16:59:37.216+0000] {processor.py:186} INFO - Started process (PID=15245) to work on /opt/airflow/dags/script/example/dag_with_cron_expression.py
[2024-11-24T16:59:37.217+0000] {processor.py:914} INFO - Processing file /opt/airflow/dags/script/example/dag_with_cron_expression.py for tasks to queue
[2024-11-24T16:59:37.217+0000] {logging_mixin.py:190} INFO - [2024-11-24T16:59:37.217+0000] {dagbag.py:588} INFO - Filling up the DagBag from /opt/airflow/dags/script/example/dag_with_cron_expression.py
[2024-11-24T16:59:37.218+0000] {processor.py:927} WARNING - No viable dags retrieved from /opt/airflow/dags/script/example/dag_with_cron_expression.py
[2024-11-24T16:59:37.223+0000] {processor.py:208} INFO - Processing /opt/airflow/dags/script/example/dag_with_cron_expression.py took 0.009 seconds
[2024-11-24T17:00:07.877+0000] {processor.py:186} INFO - Started process (PID=15601) to work on /opt/airflow/dags/script/example/dag_with_cron_expression.py
[2024-11-24T17:00:07.877+0000] {processor.py:914} INFO - Processing file /opt/airflow/dags/script/example/dag_with_cron_expression.py for tasks to queue
[2024-11-24T17:00:07.877+0000] {logging_mixin.py:190} INFO - [2024-11-24T17:00:07.877+0000] {dagbag.py:588} INFO - Filling up the DagBag from /opt/airflow/dags/script/example/dag_with_cron_expression.py
[2024-11-24T17:00:07.878+0000] {processor.py:927} WARNING - No viable dags retrieved from /opt/airflow/dags/script/example/dag_with_cron_expression.py
[2024-11-24T17:00:07.883+0000] {processor.py:208} INFO - Processing /opt/airflow/dags/script/example/dag_with_cron_expression.py took 0.008 seconds
[2024-11-24T17:00:38.465+0000] {processor.py:186} INFO - Started process (PID=15957) to work on /opt/airflow/dags/script/example/dag_with_cron_expression.py
[2024-11-24T17:00:38.465+0000] {processor.py:914} INFO - Processing file /opt/airflow/dags/script/example/dag_with_cron_expression.py for tasks to queue
[2024-11-24T17:00:38.466+0000] {logging_mixin.py:190} INFO - [2024-11-24T17:00:38.466+0000] {dagbag.py:588} INFO - Filling up the DagBag from /opt/airflow/dags/script/example/dag_with_cron_expression.py
[2024-11-24T17:00:38.467+0000] {processor.py:927} WARNING - No viable dags retrieved from /opt/airflow/dags/script/example/dag_with_cron_expression.py
[2024-11-24T17:00:38.474+0000] {processor.py:208} INFO - Processing /opt/airflow/dags/script/example/dag_with_cron_expression.py took 0.012 seconds
[2024-11-24T17:01:08.838+0000] {processor.py:186} INFO - Started process (PID=16313) to work on /opt/airflow/dags/script/example/dag_with_cron_expression.py
[2024-11-24T17:01:08.838+0000] {processor.py:914} INFO - Processing file /opt/airflow/dags/script/example/dag_with_cron_expression.py for tasks to queue
[2024-11-24T17:01:08.839+0000] {logging_mixin.py:190} INFO - [2024-11-24T17:01:08.839+0000] {dagbag.py:588} INFO - Filling up the DagBag from /opt/airflow/dags/script/example/dag_with_cron_expression.py
[2024-11-24T17:01:08.840+0000] {processor.py:927} WARNING - No viable dags retrieved from /opt/airflow/dags/script/example/dag_with_cron_expression.py
[2024-11-24T17:01:08.845+0000] {processor.py:208} INFO - Processing /opt/airflow/dags/script/example/dag_with_cron_expression.py took 0.009 seconds
[2024-11-24T17:01:39.120+0000] {processor.py:186} INFO - Started process (PID=16669) to work on /opt/airflow/dags/script/example/dag_with_cron_expression.py
[2024-11-24T17:01:39.120+0000] {processor.py:914} INFO - Processing file /opt/airflow/dags/script/example/dag_with_cron_expression.py for tasks to queue
[2024-11-24T17:01:39.121+0000] {logging_mixin.py:190} INFO - [2024-11-24T17:01:39.121+0000] {dagbag.py:588} INFO - Filling up the DagBag from /opt/airflow/dags/script/example/dag_with_cron_expression.py
[2024-11-24T17:01:39.122+0000] {processor.py:927} WARNING - No viable dags retrieved from /opt/airflow/dags/script/example/dag_with_cron_expression.py
[2024-11-24T17:01:39.127+0000] {processor.py:208} INFO - Processing /opt/airflow/dags/script/example/dag_with_cron_expression.py took 0.009 seconds
[2024-11-24T17:02:09.520+0000] {processor.py:186} INFO - Started process (PID=17025) to work on /opt/airflow/dags/script/example/dag_with_cron_expression.py
[2024-11-24T17:02:09.521+0000] {processor.py:914} INFO - Processing file /opt/airflow/dags/script/example/dag_with_cron_expression.py for tasks to queue
[2024-11-24T17:02:09.521+0000] {logging_mixin.py:190} INFO - [2024-11-24T17:02:09.521+0000] {dagbag.py:588} INFO - Filling up the DagBag from /opt/airflow/dags/script/example/dag_with_cron_expression.py
[2024-11-24T17:02:09.522+0000] {processor.py:927} WARNING - No viable dags retrieved from /opt/airflow/dags/script/example/dag_with_cron_expression.py
[2024-11-24T17:02:09.528+0000] {processor.py:208} INFO - Processing /opt/airflow/dags/script/example/dag_with_cron_expression.py took 0.010 seconds
[2024-11-24T17:02:40.081+0000] {processor.py:186} INFO - Started process (PID=17381) to work on /opt/airflow/dags/script/example/dag_with_cron_expression.py
[2024-11-24T17:02:40.081+0000] {processor.py:914} INFO - Processing file /opt/airflow/dags/script/example/dag_with_cron_expression.py for tasks to queue
[2024-11-24T17:02:40.081+0000] {logging_mixin.py:190} INFO - [2024-11-24T17:02:40.081+0000] {dagbag.py:588} INFO - Filling up the DagBag from /opt/airflow/dags/script/example/dag_with_cron_expression.py
[2024-11-24T17:02:40.082+0000] {processor.py:927} WARNING - No viable dags retrieved from /opt/airflow/dags/script/example/dag_with_cron_expression.py
[2024-11-24T17:02:40.087+0000] {processor.py:208} INFO - Processing /opt/airflow/dags/script/example/dag_with_cron_expression.py took 0.009 seconds
[2024-11-24T17:03:10.515+0000] {processor.py:186} INFO - Started process (PID=17737) to work on /opt/airflow/dags/script/example/dag_with_cron_expression.py
[2024-11-24T17:03:10.515+0000] {processor.py:914} INFO - Processing file /opt/airflow/dags/script/example/dag_with_cron_expression.py for tasks to queue
[2024-11-24T17:03:10.516+0000] {logging_mixin.py:190} INFO - [2024-11-24T17:03:10.516+0000] {dagbag.py:588} INFO - Filling up the DagBag from /opt/airflow/dags/script/example/dag_with_cron_expression.py
[2024-11-24T17:03:10.517+0000] {processor.py:927} WARNING - No viable dags retrieved from /opt/airflow/dags/script/example/dag_with_cron_expression.py
[2024-11-24T17:03:10.522+0000] {processor.py:208} INFO - Processing /opt/airflow/dags/script/example/dag_with_cron_expression.py took 0.010 seconds
[2024-11-24T17:03:40.934+0000] {processor.py:186} INFO - Started process (PID=18093) to work on /opt/airflow/dags/script/example/dag_with_cron_expression.py
[2024-11-24T17:03:40.935+0000] {processor.py:914} INFO - Processing file /opt/airflow/dags/script/example/dag_with_cron_expression.py for tasks to queue
[2024-11-24T17:03:40.935+0000] {logging_mixin.py:190} INFO - [2024-11-24T17:03:40.935+0000] {dagbag.py:588} INFO - Filling up the DagBag from /opt/airflow/dags/script/example/dag_with_cron_expression.py
[2024-11-24T17:03:40.936+0000] {processor.py:927} WARNING - No viable dags retrieved from /opt/airflow/dags/script/example/dag_with_cron_expression.py
[2024-11-24T17:03:40.941+0000] {processor.py:208} INFO - Processing /opt/airflow/dags/script/example/dag_with_cron_expression.py took 0.009 seconds
[2024-11-24T17:04:11.292+0000] {processor.py:186} INFO - Started process (PID=18449) to work on /opt/airflow/dags/script/example/dag_with_cron_expression.py
[2024-11-24T17:04:11.293+0000] {processor.py:914} INFO - Processing file /opt/airflow/dags/script/example/dag_with_cron_expression.py for tasks to queue
[2024-11-24T17:04:11.293+0000] {logging_mixin.py:190} INFO - [2024-11-24T17:04:11.293+0000] {dagbag.py:588} INFO - Filling up the DagBag from /opt/airflow/dags/script/example/dag_with_cron_expression.py
[2024-11-24T17:04:11.294+0000] {processor.py:927} WARNING - No viable dags retrieved from /opt/airflow/dags/script/example/dag_with_cron_expression.py
[2024-11-24T17:04:11.299+0000] {processor.py:208} INFO - Processing /opt/airflow/dags/script/example/dag_with_cron_expression.py took 0.009 seconds
[2024-11-24T17:04:42.205+0000] {processor.py:186} INFO - Started process (PID=18815) to work on /opt/airflow/dags/script/example/dag_with_cron_expression.py
[2024-11-24T17:04:42.205+0000] {processor.py:914} INFO - Processing file /opt/airflow/dags/script/example/dag_with_cron_expression.py for tasks to queue
[2024-11-24T17:04:42.205+0000] {logging_mixin.py:190} INFO - [2024-11-24T17:04:42.205+0000] {dagbag.py:588} INFO - Filling up the DagBag from /opt/airflow/dags/script/example/dag_with_cron_expression.py
[2024-11-24T17:04:42.206+0000] {processor.py:927} WARNING - No viable dags retrieved from /opt/airflow/dags/script/example/dag_with_cron_expression.py
[2024-11-24T17:04:42.211+0000] {processor.py:208} INFO - Processing /opt/airflow/dags/script/example/dag_with_cron_expression.py took 0.009 seconds
[2024-11-24T17:05:13.027+0000] {processor.py:186} INFO - Started process (PID=19177) to work on /opt/airflow/dags/script/example/dag_with_cron_expression.py
[2024-11-24T17:05:13.027+0000] {processor.py:914} INFO - Processing file /opt/airflow/dags/script/example/dag_with_cron_expression.py for tasks to queue
[2024-11-24T17:05:13.028+0000] {logging_mixin.py:190} INFO - [2024-11-24T17:05:13.028+0000] {dagbag.py:588} INFO - Filling up the DagBag from /opt/airflow/dags/script/example/dag_with_cron_expression.py
[2024-11-24T17:05:13.029+0000] {processor.py:927} WARNING - No viable dags retrieved from /opt/airflow/dags/script/example/dag_with_cron_expression.py
[2024-11-24T17:05:13.034+0000] {processor.py:208} INFO - Processing /opt/airflow/dags/script/example/dag_with_cron_expression.py took 0.010 seconds
[2024-11-24T17:05:43.047+0000] {processor.py:186} INFO - Started process (PID=19531) to work on /opt/airflow/dags/script/example/dag_with_cron_expression.py
[2024-11-24T17:05:43.048+0000] {processor.py:914} INFO - Processing file /opt/airflow/dags/script/example/dag_with_cron_expression.py for tasks to queue
[2024-11-24T17:05:43.048+0000] {logging_mixin.py:190} INFO - [2024-11-24T17:05:43.048+0000] {dagbag.py:588} INFO - Filling up the DagBag from /opt/airflow/dags/script/example/dag_with_cron_expression.py
[2024-11-24T17:05:43.051+0000] {processor.py:927} WARNING - No viable dags retrieved from /opt/airflow/dags/script/example/dag_with_cron_expression.py
[2024-11-24T17:05:43.057+0000] {processor.py:208} INFO - Processing /opt/airflow/dags/script/example/dag_with_cron_expression.py took 0.012 seconds
[2024-11-24T17:06:13.824+0000] {processor.py:186} INFO - Started process (PID=19889) to work on /opt/airflow/dags/script/example/dag_with_cron_expression.py
[2024-11-24T17:06:13.824+0000] {processor.py:914} INFO - Processing file /opt/airflow/dags/script/example/dag_with_cron_expression.py for tasks to queue
[2024-11-24T17:06:13.824+0000] {logging_mixin.py:190} INFO - [2024-11-24T17:06:13.824+0000] {dagbag.py:588} INFO - Filling up the DagBag from /opt/airflow/dags/script/example/dag_with_cron_expression.py
[2024-11-24T17:06:13.825+0000] {processor.py:927} WARNING - No viable dags retrieved from /opt/airflow/dags/script/example/dag_with_cron_expression.py
[2024-11-24T17:06:13.830+0000] {processor.py:208} INFO - Processing /opt/airflow/dags/script/example/dag_with_cron_expression.py took 0.009 seconds
[2024-11-24T17:06:44.124+0000] {processor.py:186} INFO - Started process (PID=20245) to work on /opt/airflow/dags/script/example/dag_with_cron_expression.py
[2024-11-24T17:06:44.125+0000] {processor.py:914} INFO - Processing file /opt/airflow/dags/script/example/dag_with_cron_expression.py for tasks to queue
[2024-11-24T17:06:44.125+0000] {logging_mixin.py:190} INFO - [2024-11-24T17:06:44.125+0000] {dagbag.py:588} INFO - Filling up the DagBag from /opt/airflow/dags/script/example/dag_with_cron_expression.py
[2024-11-24T17:06:44.126+0000] {processor.py:927} WARNING - No viable dags retrieved from /opt/airflow/dags/script/example/dag_with_cron_expression.py
[2024-11-24T17:06:44.131+0000] {processor.py:208} INFO - Processing /opt/airflow/dags/script/example/dag_with_cron_expression.py took 0.009 seconds
[2024-11-24T17:07:14.367+0000] {processor.py:186} INFO - Started process (PID=20601) to work on /opt/airflow/dags/script/example/dag_with_cron_expression.py
[2024-11-24T17:07:14.368+0000] {processor.py:914} INFO - Processing file /opt/airflow/dags/script/example/dag_with_cron_expression.py for tasks to queue
[2024-11-24T17:07:14.368+0000] {logging_mixin.py:190} INFO - [2024-11-24T17:07:14.368+0000] {dagbag.py:588} INFO - Filling up the DagBag from /opt/airflow/dags/script/example/dag_with_cron_expression.py
[2024-11-24T17:07:14.369+0000] {processor.py:927} WARNING - No viable dags retrieved from /opt/airflow/dags/script/example/dag_with_cron_expression.py
[2024-11-24T17:07:14.374+0000] {processor.py:208} INFO - Processing /opt/airflow/dags/script/example/dag_with_cron_expression.py took 0.009 seconds
[2024-11-24T17:07:44.625+0000] {processor.py:186} INFO - Started process (PID=20957) to work on /opt/airflow/dags/script/example/dag_with_cron_expression.py
[2024-11-24T17:07:44.625+0000] {processor.py:914} INFO - Processing file /opt/airflow/dags/script/example/dag_with_cron_expression.py for tasks to queue
[2024-11-24T17:07:44.626+0000] {logging_mixin.py:190} INFO - [2024-11-24T17:07:44.626+0000] {dagbag.py:588} INFO - Filling up the DagBag from /opt/airflow/dags/script/example/dag_with_cron_expression.py
[2024-11-24T17:07:44.627+0000] {processor.py:927} WARNING - No viable dags retrieved from /opt/airflow/dags/script/example/dag_with_cron_expression.py
[2024-11-24T17:07:44.632+0000] {processor.py:208} INFO - Processing /opt/airflow/dags/script/example/dag_with_cron_expression.py took 0.009 seconds
[2024-11-24T17:08:15.010+0000] {processor.py:186} INFO - Started process (PID=21313) to work on /opt/airflow/dags/script/example/dag_with_cron_expression.py
[2024-11-24T17:08:15.010+0000] {processor.py:914} INFO - Processing file /opt/airflow/dags/script/example/dag_with_cron_expression.py for tasks to queue
[2024-11-24T17:08:15.011+0000] {logging_mixin.py:190} INFO - [2024-11-24T17:08:15.011+0000] {dagbag.py:588} INFO - Filling up the DagBag from /opt/airflow/dags/script/example/dag_with_cron_expression.py
[2024-11-24T17:08:15.012+0000] {processor.py:927} WARNING - No viable dags retrieved from /opt/airflow/dags/script/example/dag_with_cron_expression.py
[2024-11-24T17:08:15.016+0000] {processor.py:208} INFO - Processing /opt/airflow/dags/script/example/dag_with_cron_expression.py took 0.009 seconds
[2024-11-24T17:08:45.157+0000] {processor.py:186} INFO - Started process (PID=21669) to work on /opt/airflow/dags/script/example/dag_with_cron_expression.py
[2024-11-24T17:08:45.157+0000] {processor.py:914} INFO - Processing file /opt/airflow/dags/script/example/dag_with_cron_expression.py for tasks to queue
[2024-11-24T17:08:45.157+0000] {logging_mixin.py:190} INFO - [2024-11-24T17:08:45.157+0000] {dagbag.py:588} INFO - Filling up the DagBag from /opt/airflow/dags/script/example/dag_with_cron_expression.py
[2024-11-24T17:08:45.158+0000] {processor.py:927} WARNING - No viable dags retrieved from /opt/airflow/dags/script/example/dag_with_cron_expression.py
[2024-11-24T17:08:45.164+0000] {processor.py:208} INFO - Processing /opt/airflow/dags/script/example/dag_with_cron_expression.py took 0.009 seconds
[2024-11-24T17:09:15.265+0000] {processor.py:186} INFO - Started process (PID=22025) to work on /opt/airflow/dags/script/example/dag_with_cron_expression.py
[2024-11-24T17:09:15.265+0000] {processor.py:914} INFO - Processing file /opt/airflow/dags/script/example/dag_with_cron_expression.py for tasks to queue
[2024-11-24T17:09:15.266+0000] {logging_mixin.py:190} INFO - [2024-11-24T17:09:15.266+0000] {dagbag.py:588} INFO - Filling up the DagBag from /opt/airflow/dags/script/example/dag_with_cron_expression.py
[2024-11-24T17:09:15.267+0000] {processor.py:927} WARNING - No viable dags retrieved from /opt/airflow/dags/script/example/dag_with_cron_expression.py
[2024-11-24T17:09:15.272+0000] {processor.py:208} INFO - Processing /opt/airflow/dags/script/example/dag_with_cron_expression.py took 0.009 seconds
[2024-11-24T17:09:45.384+0000] {processor.py:186} INFO - Started process (PID=22381) to work on /opt/airflow/dags/script/example/dag_with_cron_expression.py
[2024-11-24T17:09:45.385+0000] {processor.py:914} INFO - Processing file /opt/airflow/dags/script/example/dag_with_cron_expression.py for tasks to queue
[2024-11-24T17:09:45.385+0000] {logging_mixin.py:190} INFO - [2024-11-24T17:09:45.385+0000] {dagbag.py:588} INFO - Filling up the DagBag from /opt/airflow/dags/script/example/dag_with_cron_expression.py
[2024-11-24T17:09:45.386+0000] {processor.py:927} WARNING - No viable dags retrieved from /opt/airflow/dags/script/example/dag_with_cron_expression.py
[2024-11-24T17:09:45.391+0000] {processor.py:208} INFO - Processing /opt/airflow/dags/script/example/dag_with_cron_expression.py took 0.009 seconds
[2024-11-24T17:18:30.511+0000] {processor.py:186} INFO - Started process (PID=22729) to work on /opt/airflow/dags/script/example/dag_with_cron_expression.py
[2024-11-24T17:18:30.512+0000] {processor.py:914} INFO - Processing file /opt/airflow/dags/script/example/dag_with_cron_expression.py for tasks to queue
[2024-11-24T17:18:30.513+0000] {logging_mixin.py:190} INFO - [2024-11-24T17:18:30.512+0000] {dagbag.py:588} INFO - Filling up the DagBag from /opt/airflow/dags/script/example/dag_with_cron_expression.py
[2024-11-24T17:18:30.514+0000] {processor.py:927} WARNING - No viable dags retrieved from /opt/airflow/dags/script/example/dag_with_cron_expression.py
[2024-11-24T17:18:30.519+0000] {processor.py:208} INFO - Processing /opt/airflow/dags/script/example/dag_with_cron_expression.py took 0.010 seconds
[2024-11-24T17:19:00.642+0000] {processor.py:186} INFO - Started process (PID=23085) to work on /opt/airflow/dags/script/example/dag_with_cron_expression.py
[2024-11-24T17:19:00.642+0000] {processor.py:914} INFO - Processing file /opt/airflow/dags/script/example/dag_with_cron_expression.py for tasks to queue
[2024-11-24T17:19:00.643+0000] {logging_mixin.py:190} INFO - [2024-11-24T17:19:00.643+0000] {dagbag.py:588} INFO - Filling up the DagBag from /opt/airflow/dags/script/example/dag_with_cron_expression.py
[2024-11-24T17:19:00.645+0000] {processor.py:927} WARNING - No viable dags retrieved from /opt/airflow/dags/script/example/dag_with_cron_expression.py
[2024-11-24T17:19:00.651+0000] {processor.py:208} INFO - Processing /opt/airflow/dags/script/example/dag_with_cron_expression.py took 0.011 seconds
[2024-11-24T17:19:30.898+0000] {processor.py:186} INFO - Started process (PID=23441) to work on /opt/airflow/dags/script/example/dag_with_cron_expression.py
[2024-11-24T17:19:30.898+0000] {processor.py:914} INFO - Processing file /opt/airflow/dags/script/example/dag_with_cron_expression.py for tasks to queue
[2024-11-24T17:19:30.899+0000] {logging_mixin.py:190} INFO - [2024-11-24T17:19:30.899+0000] {dagbag.py:588} INFO - Filling up the DagBag from /opt/airflow/dags/script/example/dag_with_cron_expression.py
[2024-11-24T17:19:30.901+0000] {processor.py:927} WARNING - No viable dags retrieved from /opt/airflow/dags/script/example/dag_with_cron_expression.py
[2024-11-24T17:19:30.907+0000] {processor.py:208} INFO - Processing /opt/airflow/dags/script/example/dag_with_cron_expression.py took 0.011 seconds
[2024-11-24T17:20:01.959+0000] {processor.py:186} INFO - Started process (PID=23797) to work on /opt/airflow/dags/script/example/dag_with_cron_expression.py
[2024-11-24T17:20:01.960+0000] {processor.py:914} INFO - Processing file /opt/airflow/dags/script/example/dag_with_cron_expression.py for tasks to queue
[2024-11-24T17:20:01.960+0000] {logging_mixin.py:190} INFO - [2024-11-24T17:20:01.960+0000] {dagbag.py:588} INFO - Filling up the DagBag from /opt/airflow/dags/script/example/dag_with_cron_expression.py
[2024-11-24T17:20:01.962+0000] {processor.py:927} WARNING - No viable dags retrieved from /opt/airflow/dags/script/example/dag_with_cron_expression.py
[2024-11-24T17:20:01.968+0000] {processor.py:208} INFO - Processing /opt/airflow/dags/script/example/dag_with_cron_expression.py took 0.011 seconds
[2024-11-24T17:20:32.100+0000] {processor.py:186} INFO - Started process (PID=24153) to work on /opt/airflow/dags/script/example/dag_with_cron_expression.py
[2024-11-24T17:20:32.100+0000] {processor.py:914} INFO - Processing file /opt/airflow/dags/script/example/dag_with_cron_expression.py for tasks to queue
[2024-11-24T17:20:32.101+0000] {logging_mixin.py:190} INFO - [2024-11-24T17:20:32.101+0000] {dagbag.py:588} INFO - Filling up the DagBag from /opt/airflow/dags/script/example/dag_with_cron_expression.py
[2024-11-24T17:20:32.103+0000] {processor.py:927} WARNING - No viable dags retrieved from /opt/airflow/dags/script/example/dag_with_cron_expression.py
[2024-11-24T17:20:32.109+0000] {processor.py:208} INFO - Processing /opt/airflow/dags/script/example/dag_with_cron_expression.py took 0.011 seconds
[2024-11-24T17:21:02.235+0000] {processor.py:186} INFO - Started process (PID=24509) to work on /opt/airflow/dags/script/example/dag_with_cron_expression.py
[2024-11-24T17:21:02.235+0000] {processor.py:914} INFO - Processing file /opt/airflow/dags/script/example/dag_with_cron_expression.py for tasks to queue
[2024-11-24T17:21:02.236+0000] {logging_mixin.py:190} INFO - [2024-11-24T17:21:02.236+0000] {dagbag.py:588} INFO - Filling up the DagBag from /opt/airflow/dags/script/example/dag_with_cron_expression.py
[2024-11-24T17:21:02.238+0000] {processor.py:927} WARNING - No viable dags retrieved from /opt/airflow/dags/script/example/dag_with_cron_expression.py
[2024-11-24T17:21:02.244+0000] {processor.py:208} INFO - Processing /opt/airflow/dags/script/example/dag_with_cron_expression.py took 0.011 seconds
[2024-11-24T17:21:32.492+0000] {processor.py:186} INFO - Started process (PID=24865) to work on /opt/airflow/dags/script/example/dag_with_cron_expression.py
[2024-11-24T17:21:32.492+0000] {processor.py:914} INFO - Processing file /opt/airflow/dags/script/example/dag_with_cron_expression.py for tasks to queue
[2024-11-24T17:21:32.493+0000] {logging_mixin.py:190} INFO - [2024-11-24T17:21:32.493+0000] {dagbag.py:588} INFO - Filling up the DagBag from /opt/airflow/dags/script/example/dag_with_cron_expression.py
[2024-11-24T17:21:32.495+0000] {processor.py:927} WARNING - No viable dags retrieved from /opt/airflow/dags/script/example/dag_with_cron_expression.py
[2024-11-24T17:21:32.500+0000] {processor.py:208} INFO - Processing /opt/airflow/dags/script/example/dag_with_cron_expression.py took 0.010 seconds
[2024-11-24T17:22:02.769+0000] {processor.py:186} INFO - Started process (PID=25223) to work on /opt/airflow/dags/script/example/dag_with_cron_expression.py
[2024-11-24T17:22:02.770+0000] {processor.py:914} INFO - Processing file /opt/airflow/dags/script/example/dag_with_cron_expression.py for tasks to queue
[2024-11-24T17:22:02.770+0000] {logging_mixin.py:190} INFO - [2024-11-24T17:22:02.770+0000] {dagbag.py:588} INFO - Filling up the DagBag from /opt/airflow/dags/script/example/dag_with_cron_expression.py
[2024-11-24T17:22:02.771+0000] {processor.py:927} WARNING - No viable dags retrieved from /opt/airflow/dags/script/example/dag_with_cron_expression.py
[2024-11-24T17:22:02.777+0000] {processor.py:208} INFO - Processing /opt/airflow/dags/script/example/dag_with_cron_expression.py took 0.010 seconds
[2024-11-24T17:22:32.887+0000] {processor.py:186} INFO - Started process (PID=25577) to work on /opt/airflow/dags/script/example/dag_with_cron_expression.py
[2024-11-24T17:22:32.887+0000] {processor.py:914} INFO - Processing file /opt/airflow/dags/script/example/dag_with_cron_expression.py for tasks to queue
[2024-11-24T17:22:32.888+0000] {logging_mixin.py:190} INFO - [2024-11-24T17:22:32.888+0000] {dagbag.py:588} INFO - Filling up the DagBag from /opt/airflow/dags/script/example/dag_with_cron_expression.py
[2024-11-24T17:22:32.890+0000] {processor.py:927} WARNING - No viable dags retrieved from /opt/airflow/dags/script/example/dag_with_cron_expression.py
[2024-11-24T17:22:32.896+0000] {processor.py:208} INFO - Processing /opt/airflow/dags/script/example/dag_with_cron_expression.py took 0.011 seconds
[2024-11-24T17:23:03.957+0000] {processor.py:186} INFO - Started process (PID=25933) to work on /opt/airflow/dags/script/example/dag_with_cron_expression.py
[2024-11-24T17:23:03.957+0000] {processor.py:914} INFO - Processing file /opt/airflow/dags/script/example/dag_with_cron_expression.py for tasks to queue
[2024-11-24T17:23:03.958+0000] {logging_mixin.py:190} INFO - [2024-11-24T17:23:03.958+0000] {dagbag.py:588} INFO - Filling up the DagBag from /opt/airflow/dags/script/example/dag_with_cron_expression.py
[2024-11-24T17:23:03.961+0000] {processor.py:927} WARNING - No viable dags retrieved from /opt/airflow/dags/script/example/dag_with_cron_expression.py
[2024-11-24T17:23:03.966+0000] {processor.py:208} INFO - Processing /opt/airflow/dags/script/example/dag_with_cron_expression.py took 0.011 seconds
[2024-11-24T17:23:34.105+0000] {processor.py:186} INFO - Started process (PID=26289) to work on /opt/airflow/dags/script/example/dag_with_cron_expression.py
[2024-11-24T17:23:34.106+0000] {processor.py:914} INFO - Processing file /opt/airflow/dags/script/example/dag_with_cron_expression.py for tasks to queue
[2024-11-24T17:23:34.106+0000] {logging_mixin.py:190} INFO - [2024-11-24T17:23:34.106+0000] {dagbag.py:588} INFO - Filling up the DagBag from /opt/airflow/dags/script/example/dag_with_cron_expression.py
[2024-11-24T17:23:34.109+0000] {processor.py:927} WARNING - No viable dags retrieved from /opt/airflow/dags/script/example/dag_with_cron_expression.py
[2024-11-24T17:23:34.115+0000] {processor.py:208} INFO - Processing /opt/airflow/dags/script/example/dag_with_cron_expression.py took 0.012 seconds
[2024-11-24T18:04:27.737+0000] {processor.py:186} INFO - Started process (PID=26645) to work on /opt/airflow/dags/script/example/dag_with_cron_expression.py
[2024-11-24T18:04:27.737+0000] {processor.py:914} INFO - Processing file /opt/airflow/dags/script/example/dag_with_cron_expression.py for tasks to queue
[2024-11-24T18:04:27.738+0000] {logging_mixin.py:190} INFO - [2024-11-24T18:04:27.737+0000] {dagbag.py:588} INFO - Filling up the DagBag from /opt/airflow/dags/script/example/dag_with_cron_expression.py
[2024-11-24T18:04:27.740+0000] {processor.py:927} WARNING - No viable dags retrieved from /opt/airflow/dags/script/example/dag_with_cron_expression.py
[2024-11-24T18:04:27.745+0000] {processor.py:208} INFO - Processing /opt/airflow/dags/script/example/dag_with_cron_expression.py took 0.011 seconds
