[2024-11-24T15:57:17.132+0000] {processor.py:186} INFO - Started process (PID=193) to work on /opt/airflow/dags/script/example/dag_with_postgres_hook.py
[2024-11-24T15:57:17.133+0000] {processor.py:914} INFO - Processing file /opt/airflow/dags/script/example/dag_with_postgres_hook.py for tasks to queue
[2024-11-24T15:57:17.134+0000] {logging_mixin.py:190} INFO - [2024-11-24T15:57:17.134+0000] {dagbag.py:588} INFO - Filling up the DagBag from /opt/airflow/dags/script/example/dag_with_postgres_hook.py
[2024-11-24T15:57:17.142+0000] {processor.py:925} INFO - DAG(s) 'dag_with_postgres_hook_v05' retrieved from /opt/airflow/dags/script/example/dag_with_postgres_hook.py
[2024-11-24T15:57:17.158+0000] {logging_mixin.py:190} INFO - [2024-11-24T15:57:17.158+0000] {dag.py:3239} INFO - Sync 1 DAGs
[2024-11-24T15:57:17.175+0000] {logging_mixin.py:190} INFO - [2024-11-24T15:57:17.175+0000] {dag.py:4180} INFO - Setting next_dagrun for dag_with_postgres_hook_v05 to 2024-11-01 00:00:00+00:00, run_after=2024-11-02 00:00:00+00:00
[2024-11-24T15:57:17.189+0000] {processor.py:208} INFO - Processing /opt/airflow/dags/script/example/dag_with_postgres_hook.py took 0.060 seconds
[2024-11-24T15:57:47.305+0000] {processor.py:186} INFO - Started process (PID=562) to work on /opt/airflow/dags/script/example/dag_with_postgres_hook.py
[2024-11-24T15:57:47.307+0000] {processor.py:914} INFO - Processing file /opt/airflow/dags/script/example/dag_with_postgres_hook.py for tasks to queue
[2024-11-24T15:57:47.308+0000] {logging_mixin.py:190} INFO - [2024-11-24T15:57:47.308+0000] {dagbag.py:588} INFO - Filling up the DagBag from /opt/airflow/dags/script/example/dag_with_postgres_hook.py
[2024-11-24T15:57:47.312+0000] {processor.py:925} INFO - DAG(s) 'dag_with_postgres_hook_v05' retrieved from /opt/airflow/dags/script/example/dag_with_postgres_hook.py
[2024-11-24T15:57:47.321+0000] {logging_mixin.py:190} INFO - [2024-11-24T15:57:47.321+0000] {dag.py:3239} INFO - Sync 1 DAGs
[2024-11-24T15:57:47.330+0000] {logging_mixin.py:190} INFO - [2024-11-24T15:57:47.330+0000] {dag.py:4180} INFO - Setting next_dagrun for dag_with_postgres_hook_v05 to 2024-11-01 00:00:00+00:00, run_after=2024-11-02 00:00:00+00:00
[2024-11-24T15:57:47.337+0000] {processor.py:208} INFO - Processing /opt/airflow/dags/script/example/dag_with_postgres_hook.py took 0.034 seconds
[2024-11-24T15:58:17.807+0000] {processor.py:186} INFO - Started process (PID=918) to work on /opt/airflow/dags/script/example/dag_with_postgres_hook.py
[2024-11-24T15:58:17.808+0000] {processor.py:914} INFO - Processing file /opt/airflow/dags/script/example/dag_with_postgres_hook.py for tasks to queue
[2024-11-24T15:58:17.809+0000] {logging_mixin.py:190} INFO - [2024-11-24T15:58:17.809+0000] {dagbag.py:588} INFO - Filling up the DagBag from /opt/airflow/dags/script/example/dag_with_postgres_hook.py
[2024-11-24T15:58:17.814+0000] {processor.py:925} INFO - DAG(s) 'dag_with_postgres_hook_v05' retrieved from /opt/airflow/dags/script/example/dag_with_postgres_hook.py
[2024-11-24T15:58:17.823+0000] {logging_mixin.py:190} INFO - [2024-11-24T15:58:17.823+0000] {dag.py:3239} INFO - Sync 1 DAGs
[2024-11-24T15:58:17.832+0000] {logging_mixin.py:190} INFO - [2024-11-24T15:58:17.832+0000] {dag.py:4180} INFO - Setting next_dagrun for dag_with_postgres_hook_v05 to 2024-11-01 00:00:00+00:00, run_after=2024-11-02 00:00:00+00:00
[2024-11-24T15:58:17.841+0000] {processor.py:208} INFO - Processing /opt/airflow/dags/script/example/dag_with_postgres_hook.py took 0.037 seconds
[2024-11-24T15:58:48.472+0000] {processor.py:186} INFO - Started process (PID=1273) to work on /opt/airflow/dags/script/example/dag_with_postgres_hook.py
[2024-11-24T15:58:48.473+0000] {processor.py:914} INFO - Processing file /opt/airflow/dags/script/example/dag_with_postgres_hook.py for tasks to queue
[2024-11-24T15:58:48.475+0000] {logging_mixin.py:190} INFO - [2024-11-24T15:58:48.475+0000] {dagbag.py:588} INFO - Filling up the DagBag from /opt/airflow/dags/script/example/dag_with_postgres_hook.py
[2024-11-24T15:58:48.479+0000] {processor.py:925} INFO - DAG(s) 'dag_with_postgres_hook_v05' retrieved from /opt/airflow/dags/script/example/dag_with_postgres_hook.py
[2024-11-24T15:58:48.487+0000] {logging_mixin.py:190} INFO - [2024-11-24T15:58:48.487+0000] {dag.py:3239} INFO - Sync 1 DAGs
[2024-11-24T15:58:48.496+0000] {logging_mixin.py:190} INFO - [2024-11-24T15:58:48.496+0000] {dag.py:4180} INFO - Setting next_dagrun for dag_with_postgres_hook_v05 to 2024-11-01 00:00:00+00:00, run_after=2024-11-02 00:00:00+00:00
[2024-11-24T15:58:48.506+0000] {processor.py:208} INFO - Processing /opt/airflow/dags/script/example/dag_with_postgres_hook.py took 0.036 seconds
[2024-11-24T15:59:19.165+0000] {processor.py:186} INFO - Started process (PID=1629) to work on /opt/airflow/dags/script/example/dag_with_postgres_hook.py
[2024-11-24T15:59:19.166+0000] {processor.py:914} INFO - Processing file /opt/airflow/dags/script/example/dag_with_postgres_hook.py for tasks to queue
[2024-11-24T15:59:19.168+0000] {logging_mixin.py:190} INFO - [2024-11-24T15:59:19.168+0000] {dagbag.py:588} INFO - Filling up the DagBag from /opt/airflow/dags/script/example/dag_with_postgres_hook.py
[2024-11-24T15:59:19.173+0000] {processor.py:925} INFO - DAG(s) 'dag_with_postgres_hook_v05' retrieved from /opt/airflow/dags/script/example/dag_with_postgres_hook.py
[2024-11-24T15:59:19.187+0000] {logging_mixin.py:190} INFO - [2024-11-24T15:59:19.187+0000] {dag.py:3239} INFO - Sync 1 DAGs
[2024-11-24T15:59:19.213+0000] {logging_mixin.py:190} INFO - [2024-11-24T15:59:19.213+0000] {dag.py:4180} INFO - Setting next_dagrun for dag_with_postgres_hook_v05 to 2024-11-01 00:00:00+00:00, run_after=2024-11-02 00:00:00+00:00
[2024-11-24T15:59:19.226+0000] {processor.py:208} INFO - Processing /opt/airflow/dags/script/example/dag_with_postgres_hook.py took 0.064 seconds
[2024-11-24T15:59:49.819+0000] {processor.py:186} INFO - Started process (PID=1987) to work on /opt/airflow/dags/script/example/dag_with_postgres_hook.py
[2024-11-24T15:59:49.819+0000] {processor.py:914} INFO - Processing file /opt/airflow/dags/script/example/dag_with_postgres_hook.py for tasks to queue
[2024-11-24T15:59:49.820+0000] {logging_mixin.py:190} INFO - [2024-11-24T15:59:49.820+0000] {dagbag.py:588} INFO - Filling up the DagBag from /opt/airflow/dags/script/example/dag_with_postgres_hook.py
[2024-11-24T15:59:49.826+0000] {processor.py:925} INFO - DAG(s) 'dag_with_postgres_hook_v05' retrieved from /opt/airflow/dags/script/example/dag_with_postgres_hook.py
[2024-11-24T15:59:49.835+0000] {logging_mixin.py:190} INFO - [2024-11-24T15:59:49.835+0000] {dag.py:3239} INFO - Sync 1 DAGs
[2024-11-24T15:59:49.843+0000] {logging_mixin.py:190} INFO - [2024-11-24T15:59:49.843+0000] {dag.py:4180} INFO - Setting next_dagrun for dag_with_postgres_hook_v05 to 2024-11-01 00:00:00+00:00, run_after=2024-11-02 00:00:00+00:00
[2024-11-24T15:59:49.851+0000] {processor.py:208} INFO - Processing /opt/airflow/dags/script/example/dag_with_postgres_hook.py took 0.035 seconds
[2024-11-24T16:00:20.275+0000] {processor.py:186} INFO - Started process (PID=2343) to work on /opt/airflow/dags/script/example/dag_with_postgres_hook.py
[2024-11-24T16:00:20.276+0000] {processor.py:914} INFO - Processing file /opt/airflow/dags/script/example/dag_with_postgres_hook.py for tasks to queue
[2024-11-24T16:00:20.277+0000] {logging_mixin.py:190} INFO - [2024-11-24T16:00:20.277+0000] {dagbag.py:588} INFO - Filling up the DagBag from /opt/airflow/dags/script/example/dag_with_postgres_hook.py
[2024-11-24T16:00:20.281+0000] {processor.py:925} INFO - DAG(s) 'dag_with_postgres_hook_v05' retrieved from /opt/airflow/dags/script/example/dag_with_postgres_hook.py
[2024-11-24T16:00:20.291+0000] {logging_mixin.py:190} INFO - [2024-11-24T16:00:20.290+0000] {dag.py:3239} INFO - Sync 1 DAGs
[2024-11-24T16:00:20.298+0000] {logging_mixin.py:190} INFO - [2024-11-24T16:00:20.298+0000] {dag.py:4180} INFO - Setting next_dagrun for dag_with_postgres_hook_v05 to 2024-11-01 00:00:00+00:00, run_after=2024-11-02 00:00:00+00:00
[2024-11-24T16:00:20.306+0000] {processor.py:208} INFO - Processing /opt/airflow/dags/script/example/dag_with_postgres_hook.py took 0.033 seconds
[2024-11-24T16:00:50.636+0000] {processor.py:186} INFO - Started process (PID=2696) to work on /opt/airflow/dags/script/example/dag_with_postgres_hook.py
[2024-11-24T16:00:50.637+0000] {processor.py:914} INFO - Processing file /opt/airflow/dags/script/example/dag_with_postgres_hook.py for tasks to queue
[2024-11-24T16:00:50.638+0000] {logging_mixin.py:190} INFO - [2024-11-24T16:00:50.638+0000] {dagbag.py:588} INFO - Filling up the DagBag from /opt/airflow/dags/script/example/dag_with_postgres_hook.py
[2024-11-24T16:00:50.644+0000] {processor.py:925} INFO - DAG(s) 'dag_with_postgres_hook_v05' retrieved from /opt/airflow/dags/script/example/dag_with_postgres_hook.py
[2024-11-24T16:00:50.655+0000] {logging_mixin.py:190} INFO - [2024-11-24T16:00:50.655+0000] {dag.py:3239} INFO - Sync 1 DAGs
[2024-11-24T16:00:50.666+0000] {logging_mixin.py:190} INFO - [2024-11-24T16:00:50.666+0000] {dag.py:4180} INFO - Setting next_dagrun for dag_with_postgres_hook_v05 to 2024-11-01 00:00:00+00:00, run_after=2024-11-02 00:00:00+00:00
[2024-11-24T16:00:50.675+0000] {processor.py:208} INFO - Processing /opt/airflow/dags/script/example/dag_with_postgres_hook.py took 0.042 seconds
[2024-11-24T16:01:21.120+0000] {processor.py:186} INFO - Started process (PID=3056) to work on /opt/airflow/dags/script/example/dag_with_postgres_hook.py
[2024-11-24T16:01:21.120+0000] {processor.py:914} INFO - Processing file /opt/airflow/dags/script/example/dag_with_postgres_hook.py for tasks to queue
[2024-11-24T16:01:21.121+0000] {logging_mixin.py:190} INFO - [2024-11-24T16:01:21.121+0000] {dagbag.py:588} INFO - Filling up the DagBag from /opt/airflow/dags/script/example/dag_with_postgres_hook.py
[2024-11-24T16:01:21.134+0000] {processor.py:925} INFO - DAG(s) 'dag_with_postgres_hook_v05' retrieved from /opt/airflow/dags/script/example/dag_with_postgres_hook.py
[2024-11-24T16:01:21.144+0000] {logging_mixin.py:190} INFO - [2024-11-24T16:01:21.144+0000] {dag.py:3239} INFO - Sync 1 DAGs
[2024-11-24T16:01:21.153+0000] {logging_mixin.py:190} INFO - [2024-11-24T16:01:21.153+0000] {dag.py:4180} INFO - Setting next_dagrun for dag_with_postgres_hook_v05 to 2024-11-01 00:00:00+00:00, run_after=2024-11-02 00:00:00+00:00
[2024-11-24T16:01:21.160+0000] {processor.py:208} INFO - Processing /opt/airflow/dags/script/example/dag_with_postgres_hook.py took 0.043 seconds
[2024-11-24T16:01:51.546+0000] {processor.py:186} INFO - Started process (PID=3412) to work on /opt/airflow/dags/script/example/dag_with_postgres_hook.py
[2024-11-24T16:01:51.548+0000] {processor.py:914} INFO - Processing file /opt/airflow/dags/script/example/dag_with_postgres_hook.py for tasks to queue
[2024-11-24T16:01:51.549+0000] {logging_mixin.py:190} INFO - [2024-11-24T16:01:51.549+0000] {dagbag.py:588} INFO - Filling up the DagBag from /opt/airflow/dags/script/example/dag_with_postgres_hook.py
[2024-11-24T16:01:51.553+0000] {processor.py:925} INFO - DAG(s) 'dag_with_postgres_hook_v05' retrieved from /opt/airflow/dags/script/example/dag_with_postgres_hook.py
[2024-11-24T16:01:51.562+0000] {logging_mixin.py:190} INFO - [2024-11-24T16:01:51.562+0000] {dag.py:3239} INFO - Sync 1 DAGs
[2024-11-24T16:01:51.573+0000] {logging_mixin.py:190} INFO - [2024-11-24T16:01:51.573+0000] {dag.py:4180} INFO - Setting next_dagrun for dag_with_postgres_hook_v05 to 2024-11-01 00:00:00+00:00, run_after=2024-11-02 00:00:00+00:00
[2024-11-24T16:01:51.584+0000] {processor.py:208} INFO - Processing /opt/airflow/dags/script/example/dag_with_postgres_hook.py took 0.040 seconds
[2024-11-24T16:02:22.483+0000] {processor.py:186} INFO - Started process (PID=3778) to work on /opt/airflow/dags/script/example/dag_with_postgres_hook.py
[2024-11-24T16:02:22.486+0000] {processor.py:914} INFO - Processing file /opt/airflow/dags/script/example/dag_with_postgres_hook.py for tasks to queue
[2024-11-24T16:02:22.487+0000] {logging_mixin.py:190} INFO - [2024-11-24T16:02:22.487+0000] {dagbag.py:588} INFO - Filling up the DagBag from /opt/airflow/dags/script/example/dag_with_postgres_hook.py
[2024-11-24T16:02:22.493+0000] {processor.py:925} INFO - DAG(s) 'dag_with_postgres_hook_v05' retrieved from /opt/airflow/dags/script/example/dag_with_postgres_hook.py
[2024-11-24T16:02:22.502+0000] {logging_mixin.py:190} INFO - [2024-11-24T16:02:22.502+0000] {dag.py:3239} INFO - Sync 1 DAGs
[2024-11-24T16:02:22.515+0000] {logging_mixin.py:190} INFO - [2024-11-24T16:02:22.515+0000] {dag.py:4180} INFO - Setting next_dagrun for dag_with_postgres_hook_v05 to 2024-11-01 00:00:00+00:00, run_after=2024-11-02 00:00:00+00:00
[2024-11-24T16:02:22.526+0000] {processor.py:208} INFO - Processing /opt/airflow/dags/script/example/dag_with_postgres_hook.py took 0.045 seconds
[2024-11-24T16:02:53.048+0000] {processor.py:186} INFO - Started process (PID=4134) to work on /opt/airflow/dags/script/example/dag_with_postgres_hook.py
[2024-11-24T16:02:53.050+0000] {processor.py:914} INFO - Processing file /opt/airflow/dags/script/example/dag_with_postgres_hook.py for tasks to queue
[2024-11-24T16:02:53.051+0000] {logging_mixin.py:190} INFO - [2024-11-24T16:02:53.051+0000] {dagbag.py:588} INFO - Filling up the DagBag from /opt/airflow/dags/script/example/dag_with_postgres_hook.py
[2024-11-24T16:02:53.055+0000] {processor.py:925} INFO - DAG(s) 'dag_with_postgres_hook_v05' retrieved from /opt/airflow/dags/script/example/dag_with_postgres_hook.py
[2024-11-24T16:02:53.063+0000] {logging_mixin.py:190} INFO - [2024-11-24T16:02:53.063+0000] {dag.py:3239} INFO - Sync 1 DAGs
[2024-11-24T16:02:53.072+0000] {logging_mixin.py:190} INFO - [2024-11-24T16:02:53.072+0000] {dag.py:4180} INFO - Setting next_dagrun for dag_with_postgres_hook_v05 to 2024-11-01 00:00:00+00:00, run_after=2024-11-02 00:00:00+00:00
[2024-11-24T16:02:53.080+0000] {processor.py:208} INFO - Processing /opt/airflow/dags/script/example/dag_with_postgres_hook.py took 0.035 seconds
[2024-11-24T16:03:23.391+0000] {processor.py:186} INFO - Started process (PID=4490) to work on /opt/airflow/dags/script/example/dag_with_postgres_hook.py
[2024-11-24T16:03:23.392+0000] {processor.py:914} INFO - Processing file /opt/airflow/dags/script/example/dag_with_postgres_hook.py for tasks to queue
[2024-11-24T16:03:23.394+0000] {logging_mixin.py:190} INFO - [2024-11-24T16:03:23.394+0000] {dagbag.py:588} INFO - Filling up the DagBag from /opt/airflow/dags/script/example/dag_with_postgres_hook.py
[2024-11-24T16:03:23.400+0000] {processor.py:925} INFO - DAG(s) 'dag_with_postgres_hook_v05' retrieved from /opt/airflow/dags/script/example/dag_with_postgres_hook.py
[2024-11-24T16:03:23.408+0000] {logging_mixin.py:190} INFO - [2024-11-24T16:03:23.408+0000] {dag.py:3239} INFO - Sync 1 DAGs
[2024-11-24T16:03:23.418+0000] {logging_mixin.py:190} INFO - [2024-11-24T16:03:23.417+0000] {dag.py:4180} INFO - Setting next_dagrun for dag_with_postgres_hook_v05 to 2024-11-01 00:00:00+00:00, run_after=2024-11-02 00:00:00+00:00
[2024-11-24T16:03:23.429+0000] {processor.py:208} INFO - Processing /opt/airflow/dags/script/example/dag_with_postgres_hook.py took 0.042 seconds
[2024-11-24T16:03:54.121+0000] {processor.py:186} INFO - Started process (PID=4851) to work on /opt/airflow/dags/script/example/dag_with_postgres_hook.py
[2024-11-24T16:03:54.122+0000] {processor.py:914} INFO - Processing file /opt/airflow/dags/script/example/dag_with_postgres_hook.py for tasks to queue
[2024-11-24T16:03:54.123+0000] {logging_mixin.py:190} INFO - [2024-11-24T16:03:54.123+0000] {dagbag.py:588} INFO - Filling up the DagBag from /opt/airflow/dags/script/example/dag_with_postgres_hook.py
[2024-11-24T16:03:54.129+0000] {processor.py:925} INFO - DAG(s) 'dag_with_postgres_hook_v05' retrieved from /opt/airflow/dags/script/example/dag_with_postgres_hook.py
[2024-11-24T16:03:54.136+0000] {logging_mixin.py:190} INFO - [2024-11-24T16:03:54.136+0000] {dag.py:3239} INFO - Sync 1 DAGs
[2024-11-24T16:03:54.147+0000] {logging_mixin.py:190} INFO - [2024-11-24T16:03:54.146+0000] {dag.py:4180} INFO - Setting next_dagrun for dag_with_postgres_hook_v05 to 2024-11-01 00:00:00+00:00, run_after=2024-11-02 00:00:00+00:00
[2024-11-24T16:03:54.154+0000] {processor.py:208} INFO - Processing /opt/airflow/dags/script/example/dag_with_postgres_hook.py took 0.035 seconds
[2024-11-24T16:04:24.544+0000] {processor.py:186} INFO - Started process (PID=5222) to work on /opt/airflow/dags/script/example/dag_with_postgres_hook.py
[2024-11-24T16:04:24.545+0000] {processor.py:914} INFO - Processing file /opt/airflow/dags/script/example/dag_with_postgres_hook.py for tasks to queue
[2024-11-24T16:04:24.547+0000] {logging_mixin.py:190} INFO - [2024-11-24T16:04:24.547+0000] {dagbag.py:588} INFO - Filling up the DagBag from /opt/airflow/dags/script/example/dag_with_postgres_hook.py
[2024-11-24T16:04:24.554+0000] {processor.py:925} INFO - DAG(s) 'dag_with_postgres_hook_v05' retrieved from /opt/airflow/dags/script/example/dag_with_postgres_hook.py
[2024-11-24T16:04:24.564+0000] {logging_mixin.py:190} INFO - [2024-11-24T16:04:24.564+0000] {dag.py:3239} INFO - Sync 1 DAGs
[2024-11-24T16:04:24.574+0000] {logging_mixin.py:190} INFO - [2024-11-24T16:04:24.574+0000] {dag.py:4180} INFO - Setting next_dagrun for dag_with_postgres_hook_v05 to 2024-11-01 00:00:00+00:00, run_after=2024-11-02 00:00:00+00:00
[2024-11-24T16:04:24.583+0000] {processor.py:208} INFO - Processing /opt/airflow/dags/script/example/dag_with_postgres_hook.py took 0.042 seconds
[2024-11-24T16:04:55.219+0000] {processor.py:186} INFO - Started process (PID=5588) to work on /opt/airflow/dags/script/example/dag_with_postgres_hook.py
[2024-11-24T16:04:55.220+0000] {processor.py:914} INFO - Processing file /opt/airflow/dags/script/example/dag_with_postgres_hook.py for tasks to queue
[2024-11-24T16:04:55.223+0000] {logging_mixin.py:190} INFO - [2024-11-24T16:04:55.223+0000] {dagbag.py:588} INFO - Filling up the DagBag from /opt/airflow/dags/script/example/dag_with_postgres_hook.py
[2024-11-24T16:04:55.229+0000] {processor.py:925} INFO - DAG(s) 'dag_with_postgres_hook_v05' retrieved from /opt/airflow/dags/script/example/dag_with_postgres_hook.py
[2024-11-24T16:04:55.239+0000] {logging_mixin.py:190} INFO - [2024-11-24T16:04:55.239+0000] {dag.py:3239} INFO - Sync 1 DAGs
[2024-11-24T16:04:55.248+0000] {logging_mixin.py:190} INFO - [2024-11-24T16:04:55.248+0000] {dag.py:4180} INFO - Setting next_dagrun for dag_with_postgres_hook_v05 to 2024-11-01 00:00:00+00:00, run_after=2024-11-02 00:00:00+00:00
[2024-11-24T16:04:55.259+0000] {processor.py:208} INFO - Processing /opt/airflow/dags/script/example/dag_with_postgres_hook.py took 0.042 seconds
[2024-11-24T16:05:25.754+0000] {processor.py:186} INFO - Started process (PID=5944) to work on /opt/airflow/dags/script/example/dag_with_postgres_hook.py
[2024-11-24T16:05:25.755+0000] {processor.py:914} INFO - Processing file /opt/airflow/dags/script/example/dag_with_postgres_hook.py for tasks to queue
[2024-11-24T16:05:25.756+0000] {logging_mixin.py:190} INFO - [2024-11-24T16:05:25.756+0000] {dagbag.py:588} INFO - Filling up the DagBag from /opt/airflow/dags/script/example/dag_with_postgres_hook.py
[2024-11-24T16:05:25.763+0000] {processor.py:925} INFO - DAG(s) 'dag_with_postgres_hook_v05' retrieved from /opt/airflow/dags/script/example/dag_with_postgres_hook.py
[2024-11-24T16:05:25.773+0000] {logging_mixin.py:190} INFO - [2024-11-24T16:05:25.772+0000] {dag.py:3239} INFO - Sync 1 DAGs
[2024-11-24T16:05:25.782+0000] {logging_mixin.py:190} INFO - [2024-11-24T16:05:25.782+0000] {dag.py:4180} INFO - Setting next_dagrun for dag_with_postgres_hook_v05 to 2024-11-01 00:00:00+00:00, run_after=2024-11-02 00:00:00+00:00
[2024-11-24T16:05:25.789+0000] {processor.py:208} INFO - Processing /opt/airflow/dags/script/example/dag_with_postgres_hook.py took 0.039 seconds
[2024-11-24T16:05:56.148+0000] {processor.py:186} INFO - Started process (PID=6310) to work on /opt/airflow/dags/script/example/dag_with_postgres_hook.py
[2024-11-24T16:05:56.150+0000] {processor.py:914} INFO - Processing file /opt/airflow/dags/script/example/dag_with_postgres_hook.py for tasks to queue
[2024-11-24T16:05:56.151+0000] {logging_mixin.py:190} INFO - [2024-11-24T16:05:56.151+0000] {dagbag.py:588} INFO - Filling up the DagBag from /opt/airflow/dags/script/example/dag_with_postgres_hook.py
[2024-11-24T16:05:56.162+0000] {processor.py:925} INFO - DAG(s) 'dag_with_postgres_hook_v05' retrieved from /opt/airflow/dags/script/example/dag_with_postgres_hook.py
[2024-11-24T16:05:56.174+0000] {logging_mixin.py:190} INFO - [2024-11-24T16:05:56.174+0000] {dag.py:3239} INFO - Sync 1 DAGs
[2024-11-24T16:05:56.184+0000] {logging_mixin.py:190} INFO - [2024-11-24T16:05:56.184+0000] {dag.py:4180} INFO - Setting next_dagrun for dag_with_postgres_hook_v05 to 2024-11-01 00:00:00+00:00, run_after=2024-11-02 00:00:00+00:00
[2024-11-24T16:05:56.195+0000] {processor.py:208} INFO - Processing /opt/airflow/dags/script/example/dag_with_postgres_hook.py took 0.050 seconds
[2024-11-24T16:06:26.544+0000] {processor.py:186} INFO - Started process (PID=6676) to work on /opt/airflow/dags/script/example/dag_with_postgres_hook.py
[2024-11-24T16:06:26.548+0000] {processor.py:914} INFO - Processing file /opt/airflow/dags/script/example/dag_with_postgres_hook.py for tasks to queue
[2024-11-24T16:06:26.550+0000] {logging_mixin.py:190} INFO - [2024-11-24T16:06:26.550+0000] {dagbag.py:588} INFO - Filling up the DagBag from /opt/airflow/dags/script/example/dag_with_postgres_hook.py
[2024-11-24T16:06:26.558+0000] {processor.py:925} INFO - DAG(s) 'dag_with_postgres_hook_v05' retrieved from /opt/airflow/dags/script/example/dag_with_postgres_hook.py
[2024-11-24T16:06:26.572+0000] {logging_mixin.py:190} INFO - [2024-11-24T16:06:26.572+0000] {dag.py:3239} INFO - Sync 1 DAGs
[2024-11-24T16:06:26.585+0000] {logging_mixin.py:190} INFO - [2024-11-24T16:06:26.585+0000] {dag.py:4180} INFO - Setting next_dagrun for dag_with_postgres_hook_v05 to 2024-11-01 00:00:00+00:00, run_after=2024-11-02 00:00:00+00:00
[2024-11-24T16:06:26.594+0000] {processor.py:208} INFO - Processing /opt/airflow/dags/script/example/dag_with_postgres_hook.py took 0.054 seconds
[2024-11-24T16:06:33.909+0000] {processor.py:186} INFO - Started process (PID=7018) to work on /opt/airflow/dags/script/example/dag_with_postgres_hook.py
[2024-11-24T16:06:33.910+0000] {processor.py:914} INFO - Processing file /opt/airflow/dags/script/example/dag_with_postgres_hook.py for tasks to queue
[2024-11-24T16:06:33.912+0000] {logging_mixin.py:190} INFO - [2024-11-24T16:06:33.912+0000] {dagbag.py:588} INFO - Filling up the DagBag from /opt/airflow/dags/script/example/dag_with_postgres_hook.py
[2024-11-24T16:06:33.916+0000] {processor.py:927} WARNING - No viable dags retrieved from /opt/airflow/dags/script/example/dag_with_postgres_hook.py
[2024-11-24T16:06:33.926+0000] {processor.py:208} INFO - Processing /opt/airflow/dags/script/example/dag_with_postgres_hook.py took 0.021 seconds
[2024-11-24T16:07:04.226+0000] {processor.py:186} INFO - Started process (PID=7374) to work on /opt/airflow/dags/script/example/dag_with_postgres_hook.py
[2024-11-24T16:07:04.227+0000] {processor.py:914} INFO - Processing file /opt/airflow/dags/script/example/dag_with_postgres_hook.py for tasks to queue
[2024-11-24T16:07:04.229+0000] {logging_mixin.py:190} INFO - [2024-11-24T16:07:04.229+0000] {dagbag.py:588} INFO - Filling up the DagBag from /opt/airflow/dags/script/example/dag_with_postgres_hook.py
[2024-11-24T16:07:04.233+0000] {processor.py:927} WARNING - No viable dags retrieved from /opt/airflow/dags/script/example/dag_with_postgres_hook.py
[2024-11-24T16:07:04.241+0000] {processor.py:208} INFO - Processing /opt/airflow/dags/script/example/dag_with_postgres_hook.py took 0.020 seconds
[2024-11-24T16:07:34.456+0000] {processor.py:186} INFO - Started process (PID=7730) to work on /opt/airflow/dags/script/example/dag_with_postgres_hook.py
[2024-11-24T16:07:34.457+0000] {processor.py:914} INFO - Processing file /opt/airflow/dags/script/example/dag_with_postgres_hook.py for tasks to queue
[2024-11-24T16:07:34.458+0000] {logging_mixin.py:190} INFO - [2024-11-24T16:07:34.457+0000] {dagbag.py:588} INFO - Filling up the DagBag from /opt/airflow/dags/script/example/dag_with_postgres_hook.py
[2024-11-24T16:07:34.460+0000] {processor.py:927} WARNING - No viable dags retrieved from /opt/airflow/dags/script/example/dag_with_postgres_hook.py
[2024-11-24T16:07:34.469+0000] {processor.py:208} INFO - Processing /opt/airflow/dags/script/example/dag_with_postgres_hook.py took 0.019 seconds
[2024-11-24T16:08:04.660+0000] {processor.py:186} INFO - Started process (PID=8086) to work on /opt/airflow/dags/script/example/dag_with_postgres_hook.py
[2024-11-24T16:08:04.661+0000] {processor.py:914} INFO - Processing file /opt/airflow/dags/script/example/dag_with_postgres_hook.py for tasks to queue
[2024-11-24T16:08:04.663+0000] {logging_mixin.py:190} INFO - [2024-11-24T16:08:04.663+0000] {dagbag.py:588} INFO - Filling up the DagBag from /opt/airflow/dags/script/example/dag_with_postgres_hook.py
[2024-11-24T16:08:04.667+0000] {processor.py:927} WARNING - No viable dags retrieved from /opt/airflow/dags/script/example/dag_with_postgres_hook.py
[2024-11-24T16:08:04.672+0000] {processor.py:208} INFO - Processing /opt/airflow/dags/script/example/dag_with_postgres_hook.py took 0.014 seconds
[2024-11-24T16:08:34.849+0000] {processor.py:186} INFO - Started process (PID=8442) to work on /opt/airflow/dags/script/example/dag_with_postgres_hook.py
[2024-11-24T16:08:34.850+0000] {processor.py:914} INFO - Processing file /opt/airflow/dags/script/example/dag_with_postgres_hook.py for tasks to queue
[2024-11-24T16:08:34.851+0000] {logging_mixin.py:190} INFO - [2024-11-24T16:08:34.851+0000] {dagbag.py:588} INFO - Filling up the DagBag from /opt/airflow/dags/script/example/dag_with_postgres_hook.py
[2024-11-24T16:08:34.853+0000] {processor.py:927} WARNING - No viable dags retrieved from /opt/airflow/dags/script/example/dag_with_postgres_hook.py
[2024-11-24T16:08:34.862+0000] {processor.py:208} INFO - Processing /opt/airflow/dags/script/example/dag_with_postgres_hook.py took 0.018 seconds
[2024-11-24T16:09:05.145+0000] {processor.py:186} INFO - Started process (PID=8798) to work on /opt/airflow/dags/script/example/dag_with_postgres_hook.py
[2024-11-24T16:09:05.145+0000] {processor.py:914} INFO - Processing file /opt/airflow/dags/script/example/dag_with_postgres_hook.py for tasks to queue
[2024-11-24T16:09:05.146+0000] {logging_mixin.py:190} INFO - [2024-11-24T16:09:05.146+0000] {dagbag.py:588} INFO - Filling up the DagBag from /opt/airflow/dags/script/example/dag_with_postgres_hook.py
[2024-11-24T16:09:05.148+0000] {processor.py:927} WARNING - No viable dags retrieved from /opt/airflow/dags/script/example/dag_with_postgres_hook.py
[2024-11-24T16:09:05.157+0000] {processor.py:208} INFO - Processing /opt/airflow/dags/script/example/dag_with_postgres_hook.py took 0.017 seconds
[2024-11-24T16:09:35.245+0000] {processor.py:186} INFO - Started process (PID=9154) to work on /opt/airflow/dags/script/example/dag_with_postgres_hook.py
[2024-11-24T16:09:35.246+0000] {processor.py:914} INFO - Processing file /opt/airflow/dags/script/example/dag_with_postgres_hook.py for tasks to queue
[2024-11-24T16:09:35.246+0000] {logging_mixin.py:190} INFO - [2024-11-24T16:09:35.246+0000] {dagbag.py:588} INFO - Filling up the DagBag from /opt/airflow/dags/script/example/dag_with_postgres_hook.py
[2024-11-24T16:09:35.248+0000] {processor.py:927} WARNING - No viable dags retrieved from /opt/airflow/dags/script/example/dag_with_postgres_hook.py
[2024-11-24T16:09:35.254+0000] {processor.py:208} INFO - Processing /opt/airflow/dags/script/example/dag_with_postgres_hook.py took 0.012 seconds
[2024-11-24T16:10:05.464+0000] {processor.py:186} INFO - Started process (PID=9510) to work on /opt/airflow/dags/script/example/dag_with_postgres_hook.py
[2024-11-24T16:10:05.464+0000] {processor.py:914} INFO - Processing file /opt/airflow/dags/script/example/dag_with_postgres_hook.py for tasks to queue
[2024-11-24T16:10:05.464+0000] {logging_mixin.py:190} INFO - [2024-11-24T16:10:05.464+0000] {dagbag.py:588} INFO - Filling up the DagBag from /opt/airflow/dags/script/example/dag_with_postgres_hook.py
[2024-11-24T16:10:05.465+0000] {processor.py:927} WARNING - No viable dags retrieved from /opt/airflow/dags/script/example/dag_with_postgres_hook.py
[2024-11-24T16:10:05.470+0000] {processor.py:208} INFO - Processing /opt/airflow/dags/script/example/dag_with_postgres_hook.py took 0.008 seconds
[2024-11-24T16:10:35.770+0000] {processor.py:186} INFO - Started process (PID=9721) to work on /opt/airflow/dags/script/example/dag_with_postgres_hook.py
[2024-11-24T16:10:35.770+0000] {processor.py:914} INFO - Processing file /opt/airflow/dags/script/example/dag_with_postgres_hook.py for tasks to queue
[2024-11-24T16:10:35.772+0000] {logging_mixin.py:190} INFO - [2024-11-24T16:10:35.771+0000] {dagbag.py:588} INFO - Filling up the DagBag from /opt/airflow/dags/script/example/dag_with_postgres_hook.py
[2024-11-24T16:10:35.776+0000] {processor.py:927} WARNING - No viable dags retrieved from /opt/airflow/dags/script/example/dag_with_postgres_hook.py
[2024-11-24T16:10:35.783+0000] {processor.py:208} INFO - Processing /opt/airflow/dags/script/example/dag_with_postgres_hook.py took 0.018 seconds
[2024-11-24T16:11:05.949+0000] {processor.py:186} INFO - Started process (PID=10077) to work on /opt/airflow/dags/script/example/dag_with_postgres_hook.py
[2024-11-24T16:11:05.950+0000] {processor.py:914} INFO - Processing file /opt/airflow/dags/script/example/dag_with_postgres_hook.py for tasks to queue
[2024-11-24T16:11:05.951+0000] {logging_mixin.py:190} INFO - [2024-11-24T16:11:05.951+0000] {dagbag.py:588} INFO - Filling up the DagBag from /opt/airflow/dags/script/example/dag_with_postgres_hook.py
[2024-11-24T16:11:05.953+0000] {processor.py:927} WARNING - No viable dags retrieved from /opt/airflow/dags/script/example/dag_with_postgres_hook.py
[2024-11-24T16:11:05.963+0000] {processor.py:208} INFO - Processing /opt/airflow/dags/script/example/dag_with_postgres_hook.py took 0.020 seconds
[2024-11-24T16:11:36.223+0000] {processor.py:186} INFO - Started process (PID=10433) to work on /opt/airflow/dags/script/example/dag_with_postgres_hook.py
[2024-11-24T16:11:36.224+0000] {processor.py:914} INFO - Processing file /opt/airflow/dags/script/example/dag_with_postgres_hook.py for tasks to queue
[2024-11-24T16:11:36.224+0000] {logging_mixin.py:190} INFO - [2024-11-24T16:11:36.224+0000] {dagbag.py:588} INFO - Filling up the DagBag from /opt/airflow/dags/script/example/dag_with_postgres_hook.py
[2024-11-24T16:11:36.226+0000] {processor.py:927} WARNING - No viable dags retrieved from /opt/airflow/dags/script/example/dag_with_postgres_hook.py
[2024-11-24T16:11:36.236+0000] {processor.py:208} INFO - Processing /opt/airflow/dags/script/example/dag_with_postgres_hook.py took 0.018 seconds
[2024-11-24T16:38:18.402+0000] {processor.py:186} INFO - Started process (PID=201) to work on /opt/airflow/dags/script/example/dag_with_postgres_hook.py
[2024-11-24T16:38:18.403+0000] {processor.py:914} INFO - Processing file /opt/airflow/dags/script/example/dag_with_postgres_hook.py for tasks to queue
[2024-11-24T16:38:18.405+0000] {logging_mixin.py:190} INFO - [2024-11-24T16:38:18.405+0000] {dagbag.py:588} INFO - Filling up the DagBag from /opt/airflow/dags/script/example/dag_with_postgres_hook.py
[2024-11-24T16:38:18.407+0000] {processor.py:927} WARNING - No viable dags retrieved from /opt/airflow/dags/script/example/dag_with_postgres_hook.py
[2024-11-24T16:38:18.417+0000] {processor.py:208} INFO - Processing /opt/airflow/dags/script/example/dag_with_postgres_hook.py took 0.016 seconds
[2024-11-24T16:38:48.690+0000] {processor.py:186} INFO - Started process (PID=557) to work on /opt/airflow/dags/script/example/dag_with_postgres_hook.py
[2024-11-24T16:38:48.691+0000] {processor.py:914} INFO - Processing file /opt/airflow/dags/script/example/dag_with_postgres_hook.py for tasks to queue
[2024-11-24T16:38:48.691+0000] {logging_mixin.py:190} INFO - [2024-11-24T16:38:48.691+0000] {dagbag.py:588} INFO - Filling up the DagBag from /opt/airflow/dags/script/example/dag_with_postgres_hook.py
[2024-11-24T16:38:48.693+0000] {processor.py:927} WARNING - No viable dags retrieved from /opt/airflow/dags/script/example/dag_with_postgres_hook.py
[2024-11-24T16:38:48.700+0000] {processor.py:208} INFO - Processing /opt/airflow/dags/script/example/dag_with_postgres_hook.py took 0.012 seconds
[2024-11-24T16:39:19.013+0000] {processor.py:186} INFO - Started process (PID=913) to work on /opt/airflow/dags/script/example/dag_with_postgres_hook.py
[2024-11-24T16:39:19.014+0000] {processor.py:914} INFO - Processing file /opt/airflow/dags/script/example/dag_with_postgres_hook.py for tasks to queue
[2024-11-24T16:39:19.015+0000] {logging_mixin.py:190} INFO - [2024-11-24T16:39:19.015+0000] {dagbag.py:588} INFO - Filling up the DagBag from /opt/airflow/dags/script/example/dag_with_postgres_hook.py
[2024-11-24T16:39:19.018+0000] {processor.py:927} WARNING - No viable dags retrieved from /opt/airflow/dags/script/example/dag_with_postgres_hook.py
[2024-11-24T16:39:19.023+0000] {processor.py:208} INFO - Processing /opt/airflow/dags/script/example/dag_with_postgres_hook.py took 0.012 seconds
[2024-11-24T16:39:49.455+0000] {processor.py:186} INFO - Started process (PID=1271) to work on /opt/airflow/dags/script/example/dag_with_postgres_hook.py
[2024-11-24T16:39:49.455+0000] {processor.py:914} INFO - Processing file /opt/airflow/dags/script/example/dag_with_postgres_hook.py for tasks to queue
[2024-11-24T16:39:49.456+0000] {logging_mixin.py:190} INFO - [2024-11-24T16:39:49.455+0000] {dagbag.py:588} INFO - Filling up the DagBag from /opt/airflow/dags/script/example/dag_with_postgres_hook.py
[2024-11-24T16:39:49.456+0000] {processor.py:927} WARNING - No viable dags retrieved from /opt/airflow/dags/script/example/dag_with_postgres_hook.py
[2024-11-24T16:39:49.462+0000] {processor.py:208} INFO - Processing /opt/airflow/dags/script/example/dag_with_postgres_hook.py took 0.009 seconds
[2024-11-24T16:40:19.730+0000] {processor.py:186} INFO - Started process (PID=1625) to work on /opt/airflow/dags/script/example/dag_with_postgres_hook.py
[2024-11-24T16:40:19.731+0000] {processor.py:914} INFO - Processing file /opt/airflow/dags/script/example/dag_with_postgres_hook.py for tasks to queue
[2024-11-24T16:40:19.731+0000] {logging_mixin.py:190} INFO - [2024-11-24T16:40:19.731+0000] {dagbag.py:588} INFO - Filling up the DagBag from /opt/airflow/dags/script/example/dag_with_postgres_hook.py
[2024-11-24T16:40:19.733+0000] {processor.py:927} WARNING - No viable dags retrieved from /opt/airflow/dags/script/example/dag_with_postgres_hook.py
[2024-11-24T16:40:19.739+0000] {processor.py:208} INFO - Processing /opt/airflow/dags/script/example/dag_with_postgres_hook.py took 0.011 seconds
[2024-11-24T16:40:50.167+0000] {processor.py:186} INFO - Started process (PID=1983) to work on /opt/airflow/dags/script/example/dag_with_postgres_hook.py
[2024-11-24T16:40:50.167+0000] {processor.py:914} INFO - Processing file /opt/airflow/dags/script/example/dag_with_postgres_hook.py for tasks to queue
[2024-11-24T16:40:50.167+0000] {logging_mixin.py:190} INFO - [2024-11-24T16:40:50.167+0000] {dagbag.py:588} INFO - Filling up the DagBag from /opt/airflow/dags/script/example/dag_with_postgres_hook.py
[2024-11-24T16:40:50.169+0000] {processor.py:927} WARNING - No viable dags retrieved from /opt/airflow/dags/script/example/dag_with_postgres_hook.py
[2024-11-24T16:40:50.174+0000] {processor.py:208} INFO - Processing /opt/airflow/dags/script/example/dag_with_postgres_hook.py took 0.009 seconds
[2024-11-24T16:41:20.312+0000] {processor.py:186} INFO - Started process (PID=2339) to work on /opt/airflow/dags/script/example/dag_with_postgres_hook.py
[2024-11-24T16:41:20.313+0000] {processor.py:914} INFO - Processing file /opt/airflow/dags/script/example/dag_with_postgres_hook.py for tasks to queue
[2024-11-24T16:41:20.313+0000] {logging_mixin.py:190} INFO - [2024-11-24T16:41:20.313+0000] {dagbag.py:588} INFO - Filling up the DagBag from /opt/airflow/dags/script/example/dag_with_postgres_hook.py
[2024-11-24T16:41:20.314+0000] {processor.py:927} WARNING - No viable dags retrieved from /opt/airflow/dags/script/example/dag_with_postgres_hook.py
[2024-11-24T16:41:20.320+0000] {processor.py:208} INFO - Processing /opt/airflow/dags/script/example/dag_with_postgres_hook.py took 0.010 seconds
[2024-11-24T16:41:50.728+0000] {processor.py:186} INFO - Started process (PID=2700) to work on /opt/airflow/dags/script/example/dag_with_postgres_hook.py
[2024-11-24T16:41:50.728+0000] {processor.py:914} INFO - Processing file /opt/airflow/dags/script/example/dag_with_postgres_hook.py for tasks to queue
[2024-11-24T16:41:50.729+0000] {logging_mixin.py:190} INFO - [2024-11-24T16:41:50.728+0000] {dagbag.py:588} INFO - Filling up the DagBag from /opt/airflow/dags/script/example/dag_with_postgres_hook.py
[2024-11-24T16:41:50.730+0000] {processor.py:927} WARNING - No viable dags retrieved from /opt/airflow/dags/script/example/dag_with_postgres_hook.py
[2024-11-24T16:41:50.735+0000] {processor.py:208} INFO - Processing /opt/airflow/dags/script/example/dag_with_postgres_hook.py took 0.009 seconds
[2024-11-24T16:42:21.303+0000] {processor.py:186} INFO - Started process (PID=3056) to work on /opt/airflow/dags/script/example/dag_with_postgres_hook.py
[2024-11-24T16:42:21.303+0000] {processor.py:914} INFO - Processing file /opt/airflow/dags/script/example/dag_with_postgres_hook.py for tasks to queue
[2024-11-24T16:42:21.304+0000] {logging_mixin.py:190} INFO - [2024-11-24T16:42:21.304+0000] {dagbag.py:588} INFO - Filling up the DagBag from /opt/airflow/dags/script/example/dag_with_postgres_hook.py
[2024-11-24T16:42:21.305+0000] {processor.py:927} WARNING - No viable dags retrieved from /opt/airflow/dags/script/example/dag_with_postgres_hook.py
[2024-11-24T16:42:21.311+0000] {processor.py:208} INFO - Processing /opt/airflow/dags/script/example/dag_with_postgres_hook.py took 0.011 seconds
[2024-11-24T16:42:51.440+0000] {processor.py:186} INFO - Started process (PID=3410) to work on /opt/airflow/dags/script/example/dag_with_postgres_hook.py
[2024-11-24T16:42:51.440+0000] {processor.py:914} INFO - Processing file /opt/airflow/dags/script/example/dag_with_postgres_hook.py for tasks to queue
[2024-11-24T16:42:51.441+0000] {logging_mixin.py:190} INFO - [2024-11-24T16:42:51.440+0000] {dagbag.py:588} INFO - Filling up the DagBag from /opt/airflow/dags/script/example/dag_with_postgres_hook.py
[2024-11-24T16:42:51.442+0000] {processor.py:927} WARNING - No viable dags retrieved from /opt/airflow/dags/script/example/dag_with_postgres_hook.py
[2024-11-24T16:42:51.447+0000] {processor.py:208} INFO - Processing /opt/airflow/dags/script/example/dag_with_postgres_hook.py took 0.010 seconds
[2024-11-24T16:43:21.753+0000] {processor.py:186} INFO - Started process (PID=3768) to work on /opt/airflow/dags/script/example/dag_with_postgres_hook.py
[2024-11-24T16:43:21.753+0000] {processor.py:914} INFO - Processing file /opt/airflow/dags/script/example/dag_with_postgres_hook.py for tasks to queue
[2024-11-24T16:43:21.754+0000] {logging_mixin.py:190} INFO - [2024-11-24T16:43:21.753+0000] {dagbag.py:588} INFO - Filling up the DagBag from /opt/airflow/dags/script/example/dag_with_postgres_hook.py
[2024-11-24T16:43:21.755+0000] {processor.py:927} WARNING - No viable dags retrieved from /opt/airflow/dags/script/example/dag_with_postgres_hook.py
[2024-11-24T16:43:21.760+0000] {processor.py:208} INFO - Processing /opt/airflow/dags/script/example/dag_with_postgres_hook.py took 0.010 seconds
[2024-11-24T16:43:52.335+0000] {processor.py:186} INFO - Started process (PID=4128) to work on /opt/airflow/dags/script/example/dag_with_postgres_hook.py
[2024-11-24T16:43:52.335+0000] {processor.py:914} INFO - Processing file /opt/airflow/dags/script/example/dag_with_postgres_hook.py for tasks to queue
[2024-11-24T16:43:52.336+0000] {logging_mixin.py:190} INFO - [2024-11-24T16:43:52.336+0000] {dagbag.py:588} INFO - Filling up the DagBag from /opt/airflow/dags/script/example/dag_with_postgres_hook.py
[2024-11-24T16:43:52.337+0000] {processor.py:927} WARNING - No viable dags retrieved from /opt/airflow/dags/script/example/dag_with_postgres_hook.py
[2024-11-24T16:43:52.345+0000] {processor.py:208} INFO - Processing /opt/airflow/dags/script/example/dag_with_postgres_hook.py took 0.012 seconds
[2024-11-24T16:44:22.770+0000] {processor.py:186} INFO - Started process (PID=4484) to work on /opt/airflow/dags/script/example/dag_with_postgres_hook.py
[2024-11-24T16:44:22.770+0000] {processor.py:914} INFO - Processing file /opt/airflow/dags/script/example/dag_with_postgres_hook.py for tasks to queue
[2024-11-24T16:44:22.771+0000] {logging_mixin.py:190} INFO - [2024-11-24T16:44:22.770+0000] {dagbag.py:588} INFO - Filling up the DagBag from /opt/airflow/dags/script/example/dag_with_postgres_hook.py
[2024-11-24T16:44:22.772+0000] {processor.py:927} WARNING - No viable dags retrieved from /opt/airflow/dags/script/example/dag_with_postgres_hook.py
[2024-11-24T16:44:22.777+0000] {processor.py:208} INFO - Processing /opt/airflow/dags/script/example/dag_with_postgres_hook.py took 0.009 seconds
[2024-11-24T16:44:53.406+0000] {processor.py:186} INFO - Started process (PID=4840) to work on /opt/airflow/dags/script/example/dag_with_postgres_hook.py
[2024-11-24T16:44:53.406+0000] {processor.py:914} INFO - Processing file /opt/airflow/dags/script/example/dag_with_postgres_hook.py for tasks to queue
[2024-11-24T16:44:53.407+0000] {logging_mixin.py:190} INFO - [2024-11-24T16:44:53.407+0000] {dagbag.py:588} INFO - Filling up the DagBag from /opt/airflow/dags/script/example/dag_with_postgres_hook.py
[2024-11-24T16:44:53.408+0000] {processor.py:927} WARNING - No viable dags retrieved from /opt/airflow/dags/script/example/dag_with_postgres_hook.py
[2024-11-24T16:44:53.413+0000] {processor.py:208} INFO - Processing /opt/airflow/dags/script/example/dag_with_postgres_hook.py took 0.010 seconds
[2024-11-24T16:45:23.468+0000] {processor.py:186} INFO - Started process (PID=5196) to work on /opt/airflow/dags/script/example/dag_with_postgres_hook.py
[2024-11-24T16:45:23.469+0000] {processor.py:914} INFO - Processing file /opt/airflow/dags/script/example/dag_with_postgres_hook.py for tasks to queue
[2024-11-24T16:45:23.469+0000] {logging_mixin.py:190} INFO - [2024-11-24T16:45:23.469+0000] {dagbag.py:588} INFO - Filling up the DagBag from /opt/airflow/dags/script/example/dag_with_postgres_hook.py
[2024-11-24T16:45:23.470+0000] {processor.py:927} WARNING - No viable dags retrieved from /opt/airflow/dags/script/example/dag_with_postgres_hook.py
[2024-11-24T16:45:23.475+0000] {processor.py:208} INFO - Processing /opt/airflow/dags/script/example/dag_with_postgres_hook.py took 0.009 seconds
[2024-11-24T16:45:53.985+0000] {processor.py:186} INFO - Started process (PID=5552) to work on /opt/airflow/dags/script/example/dag_with_postgres_hook.py
[2024-11-24T16:45:53.985+0000] {processor.py:914} INFO - Processing file /opt/airflow/dags/script/example/dag_with_postgres_hook.py for tasks to queue
[2024-11-24T16:45:53.986+0000] {logging_mixin.py:190} INFO - [2024-11-24T16:45:53.986+0000] {dagbag.py:588} INFO - Filling up the DagBag from /opt/airflow/dags/script/example/dag_with_postgres_hook.py
[2024-11-24T16:45:53.987+0000] {processor.py:927} WARNING - No viable dags retrieved from /opt/airflow/dags/script/example/dag_with_postgres_hook.py
[2024-11-24T16:45:53.992+0000] {processor.py:208} INFO - Processing /opt/airflow/dags/script/example/dag_with_postgres_hook.py took 0.009 seconds
[2024-11-24T16:46:24.314+0000] {processor.py:186} INFO - Started process (PID=5908) to work on /opt/airflow/dags/script/example/dag_with_postgres_hook.py
[2024-11-24T16:46:24.314+0000] {processor.py:914} INFO - Processing file /opt/airflow/dags/script/example/dag_with_postgres_hook.py for tasks to queue
[2024-11-24T16:46:24.314+0000] {logging_mixin.py:190} INFO - [2024-11-24T16:46:24.314+0000] {dagbag.py:588} INFO - Filling up the DagBag from /opt/airflow/dags/script/example/dag_with_postgres_hook.py
[2024-11-24T16:46:24.315+0000] {processor.py:927} WARNING - No viable dags retrieved from /opt/airflow/dags/script/example/dag_with_postgres_hook.py
[2024-11-24T16:46:24.321+0000] {processor.py:208} INFO - Processing /opt/airflow/dags/script/example/dag_with_postgres_hook.py took 0.010 seconds
[2024-11-24T16:46:54.731+0000] {processor.py:186} INFO - Started process (PID=6264) to work on /opt/airflow/dags/script/example/dag_with_postgres_hook.py
[2024-11-24T16:46:54.731+0000] {processor.py:914} INFO - Processing file /opt/airflow/dags/script/example/dag_with_postgres_hook.py for tasks to queue
[2024-11-24T16:46:54.732+0000] {logging_mixin.py:190} INFO - [2024-11-24T16:46:54.732+0000] {dagbag.py:588} INFO - Filling up the DagBag from /opt/airflow/dags/script/example/dag_with_postgres_hook.py
[2024-11-24T16:46:54.733+0000] {processor.py:927} WARNING - No viable dags retrieved from /opt/airflow/dags/script/example/dag_with_postgres_hook.py
[2024-11-24T16:46:54.738+0000] {processor.py:208} INFO - Processing /opt/airflow/dags/script/example/dag_with_postgres_hook.py took 0.010 seconds
[2024-11-24T16:47:25.334+0000] {processor.py:186} INFO - Started process (PID=6620) to work on /opt/airflow/dags/script/example/dag_with_postgres_hook.py
[2024-11-24T16:47:25.334+0000] {processor.py:914} INFO - Processing file /opt/airflow/dags/script/example/dag_with_postgres_hook.py for tasks to queue
[2024-11-24T16:47:25.335+0000] {logging_mixin.py:190} INFO - [2024-11-24T16:47:25.335+0000] {dagbag.py:588} INFO - Filling up the DagBag from /opt/airflow/dags/script/example/dag_with_postgres_hook.py
[2024-11-24T16:47:25.336+0000] {processor.py:927} WARNING - No viable dags retrieved from /opt/airflow/dags/script/example/dag_with_postgres_hook.py
[2024-11-24T16:47:25.343+0000] {processor.py:208} INFO - Processing /opt/airflow/dags/script/example/dag_with_postgres_hook.py took 0.011 seconds
[2024-11-24T16:47:55.868+0000] {processor.py:186} INFO - Started process (PID=6976) to work on /opt/airflow/dags/script/example/dag_with_postgres_hook.py
[2024-11-24T16:47:55.869+0000] {processor.py:914} INFO - Processing file /opt/airflow/dags/script/example/dag_with_postgres_hook.py for tasks to queue
[2024-11-24T16:47:55.869+0000] {logging_mixin.py:190} INFO - [2024-11-24T16:47:55.869+0000] {dagbag.py:588} INFO - Filling up the DagBag from /opt/airflow/dags/script/example/dag_with_postgres_hook.py
[2024-11-24T16:47:55.870+0000] {processor.py:927} WARNING - No viable dags retrieved from /opt/airflow/dags/script/example/dag_with_postgres_hook.py
[2024-11-24T16:47:55.875+0000] {processor.py:208} INFO - Processing /opt/airflow/dags/script/example/dag_with_postgres_hook.py took 0.009 seconds
[2024-11-24T16:48:26.273+0000] {processor.py:186} INFO - Started process (PID=7332) to work on /opt/airflow/dags/script/example/dag_with_postgres_hook.py
[2024-11-24T16:48:26.274+0000] {processor.py:914} INFO - Processing file /opt/airflow/dags/script/example/dag_with_postgres_hook.py for tasks to queue
[2024-11-24T16:48:26.274+0000] {logging_mixin.py:190} INFO - [2024-11-24T16:48:26.274+0000] {dagbag.py:588} INFO - Filling up the DagBag from /opt/airflow/dags/script/example/dag_with_postgres_hook.py
[2024-11-24T16:48:26.275+0000] {processor.py:927} WARNING - No viable dags retrieved from /opt/airflow/dags/script/example/dag_with_postgres_hook.py
[2024-11-24T16:48:26.280+0000] {processor.py:208} INFO - Processing /opt/airflow/dags/script/example/dag_with_postgres_hook.py took 0.009 seconds
[2024-11-24T16:48:56.693+0000] {processor.py:186} INFO - Started process (PID=7688) to work on /opt/airflow/dags/script/example/dag_with_postgres_hook.py
[2024-11-24T16:48:56.693+0000] {processor.py:914} INFO - Processing file /opt/airflow/dags/script/example/dag_with_postgres_hook.py for tasks to queue
[2024-11-24T16:48:56.694+0000] {logging_mixin.py:190} INFO - [2024-11-24T16:48:56.693+0000] {dagbag.py:588} INFO - Filling up the DagBag from /opt/airflow/dags/script/example/dag_with_postgres_hook.py
[2024-11-24T16:48:56.695+0000] {processor.py:927} WARNING - No viable dags retrieved from /opt/airflow/dags/script/example/dag_with_postgres_hook.py
[2024-11-24T16:48:56.700+0000] {processor.py:208} INFO - Processing /opt/airflow/dags/script/example/dag_with_postgres_hook.py took 0.011 seconds
[2024-11-24T16:49:27.070+0000] {processor.py:186} INFO - Started process (PID=8044) to work on /opt/airflow/dags/script/example/dag_with_postgres_hook.py
[2024-11-24T16:49:27.070+0000] {processor.py:914} INFO - Processing file /opt/airflow/dags/script/example/dag_with_postgres_hook.py for tasks to queue
[2024-11-24T16:49:27.071+0000] {logging_mixin.py:190} INFO - [2024-11-24T16:49:27.071+0000] {dagbag.py:588} INFO - Filling up the DagBag from /opt/airflow/dags/script/example/dag_with_postgres_hook.py
[2024-11-24T16:49:27.072+0000] {processor.py:927} WARNING - No viable dags retrieved from /opt/airflow/dags/script/example/dag_with_postgres_hook.py
[2024-11-24T16:49:27.077+0000] {processor.py:208} INFO - Processing /opt/airflow/dags/script/example/dag_with_postgres_hook.py took 0.009 seconds
[2024-11-24T16:49:57.486+0000] {processor.py:186} INFO - Started process (PID=8400) to work on /opt/airflow/dags/script/example/dag_with_postgres_hook.py
[2024-11-24T16:49:57.486+0000] {processor.py:914} INFO - Processing file /opt/airflow/dags/script/example/dag_with_postgres_hook.py for tasks to queue
[2024-11-24T16:49:57.487+0000] {logging_mixin.py:190} INFO - [2024-11-24T16:49:57.487+0000] {dagbag.py:588} INFO - Filling up the DagBag from /opt/airflow/dags/script/example/dag_with_postgres_hook.py
[2024-11-24T16:49:57.488+0000] {processor.py:927} WARNING - No viable dags retrieved from /opt/airflow/dags/script/example/dag_with_postgres_hook.py
[2024-11-24T16:49:57.493+0000] {processor.py:208} INFO - Processing /opt/airflow/dags/script/example/dag_with_postgres_hook.py took 0.009 seconds
[2024-11-24T16:50:27.822+0000] {processor.py:186} INFO - Started process (PID=8756) to work on /opt/airflow/dags/script/example/dag_with_postgres_hook.py
[2024-11-24T16:50:27.822+0000] {processor.py:914} INFO - Processing file /opt/airflow/dags/script/example/dag_with_postgres_hook.py for tasks to queue
[2024-11-24T16:50:27.823+0000] {logging_mixin.py:190} INFO - [2024-11-24T16:50:27.823+0000] {dagbag.py:588} INFO - Filling up the DagBag from /opt/airflow/dags/script/example/dag_with_postgres_hook.py
[2024-11-24T16:50:27.824+0000] {processor.py:927} WARNING - No viable dags retrieved from /opt/airflow/dags/script/example/dag_with_postgres_hook.py
[2024-11-24T16:50:27.829+0000] {processor.py:208} INFO - Processing /opt/airflow/dags/script/example/dag_with_postgres_hook.py took 0.010 seconds
[2024-11-24T16:50:58.844+0000] {processor.py:186} INFO - Started process (PID=9117) to work on /opt/airflow/dags/script/example/dag_with_postgres_hook.py
[2024-11-24T16:50:58.845+0000] {processor.py:914} INFO - Processing file /opt/airflow/dags/script/example/dag_with_postgres_hook.py for tasks to queue
[2024-11-24T16:50:58.845+0000] {logging_mixin.py:190} INFO - [2024-11-24T16:50:58.845+0000] {dagbag.py:588} INFO - Filling up the DagBag from /opt/airflow/dags/script/example/dag_with_postgres_hook.py
[2024-11-24T16:50:58.846+0000] {processor.py:927} WARNING - No viable dags retrieved from /opt/airflow/dags/script/example/dag_with_postgres_hook.py
[2024-11-24T16:50:58.851+0000] {processor.py:208} INFO - Processing /opt/airflow/dags/script/example/dag_with_postgres_hook.py took 0.010 seconds
[2024-11-24T16:51:29.694+0000] {processor.py:186} INFO - Started process (PID=9473) to work on /opt/airflow/dags/script/example/dag_with_postgres_hook.py
[2024-11-24T16:51:29.694+0000] {processor.py:914} INFO - Processing file /opt/airflow/dags/script/example/dag_with_postgres_hook.py for tasks to queue
[2024-11-24T16:51:29.695+0000] {logging_mixin.py:190} INFO - [2024-11-24T16:51:29.695+0000] {dagbag.py:588} INFO - Filling up the DagBag from /opt/airflow/dags/script/example/dag_with_postgres_hook.py
[2024-11-24T16:51:29.696+0000] {processor.py:927} WARNING - No viable dags retrieved from /opt/airflow/dags/script/example/dag_with_postgres_hook.py
[2024-11-24T16:51:29.701+0000] {processor.py:208} INFO - Processing /opt/airflow/dags/script/example/dag_with_postgres_hook.py took 0.009 seconds
[2024-11-24T16:52:00.199+0000] {processor.py:186} INFO - Started process (PID=9829) to work on /opt/airflow/dags/script/example/dag_with_postgres_hook.py
[2024-11-24T16:52:00.199+0000] {processor.py:914} INFO - Processing file /opt/airflow/dags/script/example/dag_with_postgres_hook.py for tasks to queue
[2024-11-24T16:52:00.200+0000] {logging_mixin.py:190} INFO - [2024-11-24T16:52:00.200+0000] {dagbag.py:588} INFO - Filling up the DagBag from /opt/airflow/dags/script/example/dag_with_postgres_hook.py
[2024-11-24T16:52:00.201+0000] {processor.py:927} WARNING - No viable dags retrieved from /opt/airflow/dags/script/example/dag_with_postgres_hook.py
[2024-11-24T16:52:00.206+0000] {processor.py:208} INFO - Processing /opt/airflow/dags/script/example/dag_with_postgres_hook.py took 0.009 seconds
[2024-11-24T16:52:30.570+0000] {processor.py:186} INFO - Started process (PID=10185) to work on /opt/airflow/dags/script/example/dag_with_postgres_hook.py
[2024-11-24T16:52:30.570+0000] {processor.py:914} INFO - Processing file /opt/airflow/dags/script/example/dag_with_postgres_hook.py for tasks to queue
[2024-11-24T16:52:30.571+0000] {logging_mixin.py:190} INFO - [2024-11-24T16:52:30.571+0000] {dagbag.py:588} INFO - Filling up the DagBag from /opt/airflow/dags/script/example/dag_with_postgres_hook.py
[2024-11-24T16:52:30.572+0000] {processor.py:927} WARNING - No viable dags retrieved from /opt/airflow/dags/script/example/dag_with_postgres_hook.py
[2024-11-24T16:52:30.577+0000] {processor.py:208} INFO - Processing /opt/airflow/dags/script/example/dag_with_postgres_hook.py took 0.009 seconds
[2024-11-24T16:53:00.879+0000] {processor.py:186} INFO - Started process (PID=10541) to work on /opt/airflow/dags/script/example/dag_with_postgres_hook.py
[2024-11-24T16:53:00.879+0000] {processor.py:914} INFO - Processing file /opt/airflow/dags/script/example/dag_with_postgres_hook.py for tasks to queue
[2024-11-24T16:53:00.880+0000] {logging_mixin.py:190} INFO - [2024-11-24T16:53:00.880+0000] {dagbag.py:588} INFO - Filling up the DagBag from /opt/airflow/dags/script/example/dag_with_postgres_hook.py
[2024-11-24T16:53:00.881+0000] {processor.py:927} WARNING - No viable dags retrieved from /opt/airflow/dags/script/example/dag_with_postgres_hook.py
[2024-11-24T16:53:00.886+0000] {processor.py:208} INFO - Processing /opt/airflow/dags/script/example/dag_with_postgres_hook.py took 0.010 seconds
[2024-11-24T16:53:31.545+0000] {processor.py:186} INFO - Started process (PID=10917) to work on /opt/airflow/dags/script/example/dag_with_postgres_hook.py
[2024-11-24T16:53:31.545+0000] {processor.py:914} INFO - Processing file /opt/airflow/dags/script/example/dag_with_postgres_hook.py for tasks to queue
[2024-11-24T16:53:31.546+0000] {logging_mixin.py:190} INFO - [2024-11-24T16:53:31.546+0000] {dagbag.py:588} INFO - Filling up the DagBag from /opt/airflow/dags/script/example/dag_with_postgres_hook.py
[2024-11-24T16:53:31.547+0000] {processor.py:927} WARNING - No viable dags retrieved from /opt/airflow/dags/script/example/dag_with_postgres_hook.py
[2024-11-24T16:53:31.553+0000] {processor.py:208} INFO - Processing /opt/airflow/dags/script/example/dag_with_postgres_hook.py took 0.012 seconds
[2024-11-24T16:54:02.046+0000] {processor.py:186} INFO - Started process (PID=11278) to work on /opt/airflow/dags/script/example/dag_with_postgres_hook.py
[2024-11-24T16:54:02.046+0000] {processor.py:914} INFO - Processing file /opt/airflow/dags/script/example/dag_with_postgres_hook.py for tasks to queue
[2024-11-24T16:54:02.047+0000] {logging_mixin.py:190} INFO - [2024-11-24T16:54:02.047+0000] {dagbag.py:588} INFO - Filling up the DagBag from /opt/airflow/dags/script/example/dag_with_postgres_hook.py
[2024-11-24T16:54:02.048+0000] {processor.py:927} WARNING - No viable dags retrieved from /opt/airflow/dags/script/example/dag_with_postgres_hook.py
[2024-11-24T16:54:02.054+0000] {processor.py:208} INFO - Processing /opt/airflow/dags/script/example/dag_with_postgres_hook.py took 0.010 seconds
[2024-11-24T16:54:32.592+0000] {processor.py:186} INFO - Started process (PID=11638) to work on /opt/airflow/dags/script/example/dag_with_postgres_hook.py
[2024-11-24T16:54:32.593+0000] {processor.py:914} INFO - Processing file /opt/airflow/dags/script/example/dag_with_postgres_hook.py for tasks to queue
[2024-11-24T16:54:32.593+0000] {logging_mixin.py:190} INFO - [2024-11-24T16:54:32.593+0000] {dagbag.py:588} INFO - Filling up the DagBag from /opt/airflow/dags/script/example/dag_with_postgres_hook.py
[2024-11-24T16:54:32.594+0000] {processor.py:927} WARNING - No viable dags retrieved from /opt/airflow/dags/script/example/dag_with_postgres_hook.py
[2024-11-24T16:54:32.600+0000] {processor.py:208} INFO - Processing /opt/airflow/dags/script/example/dag_with_postgres_hook.py took 0.010 seconds
[2024-11-24T16:55:03.069+0000] {processor.py:186} INFO - Started process (PID=11994) to work on /opt/airflow/dags/script/example/dag_with_postgres_hook.py
[2024-11-24T16:55:03.070+0000] {processor.py:914} INFO - Processing file /opt/airflow/dags/script/example/dag_with_postgres_hook.py for tasks to queue
[2024-11-24T16:55:03.070+0000] {logging_mixin.py:190} INFO - [2024-11-24T16:55:03.070+0000] {dagbag.py:588} INFO - Filling up the DagBag from /opt/airflow/dags/script/example/dag_with_postgres_hook.py
[2024-11-24T16:55:03.071+0000] {processor.py:927} WARNING - No viable dags retrieved from /opt/airflow/dags/script/example/dag_with_postgres_hook.py
[2024-11-24T16:55:03.077+0000] {processor.py:208} INFO - Processing /opt/airflow/dags/script/example/dag_with_postgres_hook.py took 0.010 seconds
[2024-11-24T16:55:33.425+0000] {processor.py:186} INFO - Started process (PID=12350) to work on /opt/airflow/dags/script/example/dag_with_postgres_hook.py
[2024-11-24T16:55:33.425+0000] {processor.py:914} INFO - Processing file /opt/airflow/dags/script/example/dag_with_postgres_hook.py for tasks to queue
[2024-11-24T16:55:33.426+0000] {logging_mixin.py:190} INFO - [2024-11-24T16:55:33.426+0000] {dagbag.py:588} INFO - Filling up the DagBag from /opt/airflow/dags/script/example/dag_with_postgres_hook.py
[2024-11-24T16:55:33.427+0000] {processor.py:927} WARNING - No viable dags retrieved from /opt/airflow/dags/script/example/dag_with_postgres_hook.py
[2024-11-24T16:55:33.433+0000] {processor.py:208} INFO - Processing /opt/airflow/dags/script/example/dag_with_postgres_hook.py took 0.010 seconds
[2024-11-24T16:56:03.926+0000] {processor.py:186} INFO - Started process (PID=12706) to work on /opt/airflow/dags/script/example/dag_with_postgres_hook.py
[2024-11-24T16:56:03.927+0000] {processor.py:914} INFO - Processing file /opt/airflow/dags/script/example/dag_with_postgres_hook.py for tasks to queue
[2024-11-24T16:56:03.927+0000] {logging_mixin.py:190} INFO - [2024-11-24T16:56:03.927+0000] {dagbag.py:588} INFO - Filling up the DagBag from /opt/airflow/dags/script/example/dag_with_postgres_hook.py
[2024-11-24T16:56:03.929+0000] {processor.py:927} WARNING - No viable dags retrieved from /opt/airflow/dags/script/example/dag_with_postgres_hook.py
[2024-11-24T16:56:03.934+0000] {processor.py:208} INFO - Processing /opt/airflow/dags/script/example/dag_with_postgres_hook.py took 0.010 seconds
[2024-11-24T16:56:34.290+0000] {processor.py:186} INFO - Started process (PID=13062) to work on /opt/airflow/dags/script/example/dag_with_postgres_hook.py
[2024-11-24T16:56:34.290+0000] {processor.py:914} INFO - Processing file /opt/airflow/dags/script/example/dag_with_postgres_hook.py for tasks to queue
[2024-11-24T16:56:34.290+0000] {logging_mixin.py:190} INFO - [2024-11-24T16:56:34.290+0000] {dagbag.py:588} INFO - Filling up the DagBag from /opt/airflow/dags/script/example/dag_with_postgres_hook.py
[2024-11-24T16:56:34.291+0000] {processor.py:927} WARNING - No viable dags retrieved from /opt/airflow/dags/script/example/dag_with_postgres_hook.py
[2024-11-24T16:56:34.297+0000] {processor.py:208} INFO - Processing /opt/airflow/dags/script/example/dag_with_postgres_hook.py took 0.009 seconds
[2024-11-24T16:57:04.692+0000] {processor.py:186} INFO - Started process (PID=13418) to work on /opt/airflow/dags/script/example/dag_with_postgres_hook.py
[2024-11-24T16:57:04.692+0000] {processor.py:914} INFO - Processing file /opt/airflow/dags/script/example/dag_with_postgres_hook.py for tasks to queue
[2024-11-24T16:57:04.693+0000] {logging_mixin.py:190} INFO - [2024-11-24T16:57:04.693+0000] {dagbag.py:588} INFO - Filling up the DagBag from /opt/airflow/dags/script/example/dag_with_postgres_hook.py
[2024-11-24T16:57:04.694+0000] {processor.py:927} WARNING - No viable dags retrieved from /opt/airflow/dags/script/example/dag_with_postgres_hook.py
[2024-11-24T16:57:04.699+0000] {processor.py:208} INFO - Processing /opt/airflow/dags/script/example/dag_with_postgres_hook.py took 0.009 seconds
[2024-11-24T16:57:34.998+0000] {processor.py:186} INFO - Started process (PID=13774) to work on /opt/airflow/dags/script/example/dag_with_postgres_hook.py
[2024-11-24T16:57:34.998+0000] {processor.py:914} INFO - Processing file /opt/airflow/dags/script/example/dag_with_postgres_hook.py for tasks to queue
[2024-11-24T16:57:34.999+0000] {logging_mixin.py:190} INFO - [2024-11-24T16:57:34.998+0000] {dagbag.py:588} INFO - Filling up the DagBag from /opt/airflow/dags/script/example/dag_with_postgres_hook.py
[2024-11-24T16:57:35.000+0000] {processor.py:927} WARNING - No viable dags retrieved from /opt/airflow/dags/script/example/dag_with_postgres_hook.py
[2024-11-24T16:57:35.006+0000] {processor.py:208} INFO - Processing /opt/airflow/dags/script/example/dag_with_postgres_hook.py took 0.011 seconds
[2024-11-24T16:58:05.412+0000] {processor.py:186} INFO - Started process (PID=14145) to work on /opt/airflow/dags/script/example/dag_with_postgres_hook.py
[2024-11-24T16:58:05.412+0000] {processor.py:914} INFO - Processing file /opt/airflow/dags/script/example/dag_with_postgres_hook.py for tasks to queue
[2024-11-24T16:58:05.413+0000] {logging_mixin.py:190} INFO - [2024-11-24T16:58:05.413+0000] {dagbag.py:588} INFO - Filling up the DagBag from /opt/airflow/dags/script/example/dag_with_postgres_hook.py
[2024-11-24T16:58:05.414+0000] {processor.py:927} WARNING - No viable dags retrieved from /opt/airflow/dags/script/example/dag_with_postgres_hook.py
[2024-11-24T16:58:05.419+0000] {processor.py:208} INFO - Processing /opt/airflow/dags/script/example/dag_with_postgres_hook.py took 0.009 seconds
[2024-11-24T16:58:35.714+0000] {processor.py:186} INFO - Started process (PID=14504) to work on /opt/airflow/dags/script/example/dag_with_postgres_hook.py
[2024-11-24T16:58:35.715+0000] {processor.py:914} INFO - Processing file /opt/airflow/dags/script/example/dag_with_postgres_hook.py for tasks to queue
[2024-11-24T16:58:35.715+0000] {logging_mixin.py:190} INFO - [2024-11-24T16:58:35.715+0000] {dagbag.py:588} INFO - Filling up the DagBag from /opt/airflow/dags/script/example/dag_with_postgres_hook.py
[2024-11-24T16:58:35.716+0000] {processor.py:927} WARNING - No viable dags retrieved from /opt/airflow/dags/script/example/dag_with_postgres_hook.py
[2024-11-24T16:58:35.721+0000] {processor.py:208} INFO - Processing /opt/airflow/dags/script/example/dag_with_postgres_hook.py took 0.009 seconds
[2024-11-24T16:59:06.493+0000] {processor.py:186} INFO - Started process (PID=14860) to work on /opt/airflow/dags/script/example/dag_with_postgres_hook.py
[2024-11-24T16:59:06.493+0000] {processor.py:914} INFO - Processing file /opt/airflow/dags/script/example/dag_with_postgres_hook.py for tasks to queue
[2024-11-24T16:59:06.494+0000] {logging_mixin.py:190} INFO - [2024-11-24T16:59:06.493+0000] {dagbag.py:588} INFO - Filling up the DagBag from /opt/airflow/dags/script/example/dag_with_postgres_hook.py
[2024-11-24T16:59:06.495+0000] {processor.py:927} WARNING - No viable dags retrieved from /opt/airflow/dags/script/example/dag_with_postgres_hook.py
[2024-11-24T16:59:06.500+0000] {processor.py:208} INFO - Processing /opt/airflow/dags/script/example/dag_with_postgres_hook.py took 0.010 seconds
[2024-11-24T16:59:37.177+0000] {processor.py:186} INFO - Started process (PID=15230) to work on /opt/airflow/dags/script/example/dag_with_postgres_hook.py
[2024-11-24T16:59:37.178+0000] {processor.py:914} INFO - Processing file /opt/airflow/dags/script/example/dag_with_postgres_hook.py for tasks to queue
[2024-11-24T16:59:37.178+0000] {logging_mixin.py:190} INFO - [2024-11-24T16:59:37.178+0000] {dagbag.py:588} INFO - Filling up the DagBag from /opt/airflow/dags/script/example/dag_with_postgres_hook.py
[2024-11-24T16:59:37.179+0000] {processor.py:927} WARNING - No viable dags retrieved from /opt/airflow/dags/script/example/dag_with_postgres_hook.py
[2024-11-24T16:59:37.184+0000] {processor.py:208} INFO - Processing /opt/airflow/dags/script/example/dag_with_postgres_hook.py took 0.010 seconds
[2024-11-24T17:00:07.840+0000] {processor.py:186} INFO - Started process (PID=15586) to work on /opt/airflow/dags/script/example/dag_with_postgres_hook.py
[2024-11-24T17:00:07.840+0000] {processor.py:914} INFO - Processing file /opt/airflow/dags/script/example/dag_with_postgres_hook.py for tasks to queue
[2024-11-24T17:00:07.841+0000] {logging_mixin.py:190} INFO - [2024-11-24T17:00:07.841+0000] {dagbag.py:588} INFO - Filling up the DagBag from /opt/airflow/dags/script/example/dag_with_postgres_hook.py
[2024-11-24T17:00:07.842+0000] {processor.py:927} WARNING - No viable dags retrieved from /opt/airflow/dags/script/example/dag_with_postgres_hook.py
[2024-11-24T17:00:07.847+0000] {processor.py:208} INFO - Processing /opt/airflow/dags/script/example/dag_with_postgres_hook.py took 0.009 seconds
[2024-11-24T17:00:38.413+0000] {processor.py:186} INFO - Started process (PID=15942) to work on /opt/airflow/dags/script/example/dag_with_postgres_hook.py
[2024-11-24T17:00:38.414+0000] {processor.py:914} INFO - Processing file /opt/airflow/dags/script/example/dag_with_postgres_hook.py for tasks to queue
[2024-11-24T17:00:38.415+0000] {logging_mixin.py:190} INFO - [2024-11-24T17:00:38.414+0000] {dagbag.py:588} INFO - Filling up the DagBag from /opt/airflow/dags/script/example/dag_with_postgres_hook.py
[2024-11-24T17:00:38.416+0000] {processor.py:927} WARNING - No viable dags retrieved from /opt/airflow/dags/script/example/dag_with_postgres_hook.py
[2024-11-24T17:00:38.422+0000] {processor.py:208} INFO - Processing /opt/airflow/dags/script/example/dag_with_postgres_hook.py took 0.012 seconds
[2024-11-24T17:01:08.800+0000] {processor.py:186} INFO - Started process (PID=16298) to work on /opt/airflow/dags/script/example/dag_with_postgres_hook.py
[2024-11-24T17:01:08.800+0000] {processor.py:914} INFO - Processing file /opt/airflow/dags/script/example/dag_with_postgres_hook.py for tasks to queue
[2024-11-24T17:01:08.801+0000] {logging_mixin.py:190} INFO - [2024-11-24T17:01:08.801+0000] {dagbag.py:588} INFO - Filling up the DagBag from /opt/airflow/dags/script/example/dag_with_postgres_hook.py
[2024-11-24T17:01:08.802+0000] {processor.py:927} WARNING - No viable dags retrieved from /opt/airflow/dags/script/example/dag_with_postgres_hook.py
[2024-11-24T17:01:08.807+0000] {processor.py:208} INFO - Processing /opt/airflow/dags/script/example/dag_with_postgres_hook.py took 0.009 seconds
[2024-11-24T17:01:39.084+0000] {processor.py:186} INFO - Started process (PID=16654) to work on /opt/airflow/dags/script/example/dag_with_postgres_hook.py
[2024-11-24T17:01:39.084+0000] {processor.py:914} INFO - Processing file /opt/airflow/dags/script/example/dag_with_postgres_hook.py for tasks to queue
[2024-11-24T17:01:39.085+0000] {logging_mixin.py:190} INFO - [2024-11-24T17:01:39.085+0000] {dagbag.py:588} INFO - Filling up the DagBag from /opt/airflow/dags/script/example/dag_with_postgres_hook.py
[2024-11-24T17:01:39.086+0000] {processor.py:927} WARNING - No viable dags retrieved from /opt/airflow/dags/script/example/dag_with_postgres_hook.py
[2024-11-24T17:01:39.091+0000] {processor.py:208} INFO - Processing /opt/airflow/dags/script/example/dag_with_postgres_hook.py took 0.009 seconds
[2024-11-24T17:02:09.476+0000] {processor.py:186} INFO - Started process (PID=17010) to work on /opt/airflow/dags/script/example/dag_with_postgres_hook.py
[2024-11-24T17:02:09.476+0000] {processor.py:914} INFO - Processing file /opt/airflow/dags/script/example/dag_with_postgres_hook.py for tasks to queue
[2024-11-24T17:02:09.477+0000] {logging_mixin.py:190} INFO - [2024-11-24T17:02:09.477+0000] {dagbag.py:588} INFO - Filling up the DagBag from /opt/airflow/dags/script/example/dag_with_postgres_hook.py
[2024-11-24T17:02:09.478+0000] {processor.py:927} WARNING - No viable dags retrieved from /opt/airflow/dags/script/example/dag_with_postgres_hook.py
[2024-11-24T17:02:09.484+0000] {processor.py:208} INFO - Processing /opt/airflow/dags/script/example/dag_with_postgres_hook.py took 0.010 seconds
[2024-11-24T17:02:40.038+0000] {processor.py:186} INFO - Started process (PID=17366) to work on /opt/airflow/dags/script/example/dag_with_postgres_hook.py
[2024-11-24T17:02:40.039+0000] {processor.py:914} INFO - Processing file /opt/airflow/dags/script/example/dag_with_postgres_hook.py for tasks to queue
[2024-11-24T17:02:40.039+0000] {logging_mixin.py:190} INFO - [2024-11-24T17:02:40.039+0000] {dagbag.py:588} INFO - Filling up the DagBag from /opt/airflow/dags/script/example/dag_with_postgres_hook.py
[2024-11-24T17:02:40.040+0000] {processor.py:927} WARNING - No viable dags retrieved from /opt/airflow/dags/script/example/dag_with_postgres_hook.py
[2024-11-24T17:02:40.046+0000] {processor.py:208} INFO - Processing /opt/airflow/dags/script/example/dag_with_postgres_hook.py took 0.010 seconds
[2024-11-24T17:03:10.475+0000] {processor.py:186} INFO - Started process (PID=17722) to work on /opt/airflow/dags/script/example/dag_with_postgres_hook.py
[2024-11-24T17:03:10.475+0000] {processor.py:914} INFO - Processing file /opt/airflow/dags/script/example/dag_with_postgres_hook.py for tasks to queue
[2024-11-24T17:03:10.476+0000] {logging_mixin.py:190} INFO - [2024-11-24T17:03:10.475+0000] {dagbag.py:588} INFO - Filling up the DagBag from /opt/airflow/dags/script/example/dag_with_postgres_hook.py
[2024-11-24T17:03:10.477+0000] {processor.py:927} WARNING - No viable dags retrieved from /opt/airflow/dags/script/example/dag_with_postgres_hook.py
[2024-11-24T17:03:10.482+0000] {processor.py:208} INFO - Processing /opt/airflow/dags/script/example/dag_with_postgres_hook.py took 0.010 seconds
[2024-11-24T17:03:40.889+0000] {processor.py:186} INFO - Started process (PID=18078) to work on /opt/airflow/dags/script/example/dag_with_postgres_hook.py
[2024-11-24T17:03:40.889+0000] {processor.py:914} INFO - Processing file /opt/airflow/dags/script/example/dag_with_postgres_hook.py for tasks to queue
[2024-11-24T17:03:40.895+0000] {logging_mixin.py:190} INFO - [2024-11-24T17:03:40.894+0000] {dagbag.py:588} INFO - Filling up the DagBag from /opt/airflow/dags/script/example/dag_with_postgres_hook.py
[2024-11-24T17:03:40.897+0000] {processor.py:927} WARNING - No viable dags retrieved from /opt/airflow/dags/script/example/dag_with_postgres_hook.py
[2024-11-24T17:03:40.902+0000] {processor.py:208} INFO - Processing /opt/airflow/dags/script/example/dag_with_postgres_hook.py took 0.016 seconds
[2024-11-24T17:04:11.253+0000] {processor.py:186} INFO - Started process (PID=18434) to work on /opt/airflow/dags/script/example/dag_with_postgres_hook.py
[2024-11-24T17:04:11.253+0000] {processor.py:914} INFO - Processing file /opt/airflow/dags/script/example/dag_with_postgres_hook.py for tasks to queue
[2024-11-24T17:04:11.254+0000] {logging_mixin.py:190} INFO - [2024-11-24T17:04:11.254+0000] {dagbag.py:588} INFO - Filling up the DagBag from /opt/airflow/dags/script/example/dag_with_postgres_hook.py
[2024-11-24T17:04:11.255+0000] {processor.py:927} WARNING - No viable dags retrieved from /opt/airflow/dags/script/example/dag_with_postgres_hook.py
[2024-11-24T17:04:11.260+0000] {processor.py:208} INFO - Processing /opt/airflow/dags/script/example/dag_with_postgres_hook.py took 0.010 seconds
[2024-11-24T17:04:42.167+0000] {processor.py:186} INFO - Started process (PID=18800) to work on /opt/airflow/dags/script/example/dag_with_postgres_hook.py
[2024-11-24T17:04:42.168+0000] {processor.py:914} INFO - Processing file /opt/airflow/dags/script/example/dag_with_postgres_hook.py for tasks to queue
[2024-11-24T17:04:42.168+0000] {logging_mixin.py:190} INFO - [2024-11-24T17:04:42.168+0000] {dagbag.py:588} INFO - Filling up the DagBag from /opt/airflow/dags/script/example/dag_with_postgres_hook.py
[2024-11-24T17:04:42.169+0000] {processor.py:927} WARNING - No viable dags retrieved from /opt/airflow/dags/script/example/dag_with_postgres_hook.py
[2024-11-24T17:04:42.174+0000] {processor.py:208} INFO - Processing /opt/airflow/dags/script/example/dag_with_postgres_hook.py took 0.009 seconds
[2024-11-24T17:05:12.968+0000] {processor.py:186} INFO - Started process (PID=19162) to work on /opt/airflow/dags/script/example/dag_with_postgres_hook.py
[2024-11-24T17:05:12.969+0000] {processor.py:914} INFO - Processing file /opt/airflow/dags/script/example/dag_with_postgres_hook.py for tasks to queue
[2024-11-24T17:05:12.969+0000] {logging_mixin.py:190} INFO - [2024-11-24T17:05:12.969+0000] {dagbag.py:588} INFO - Filling up the DagBag from /opt/airflow/dags/script/example/dag_with_postgres_hook.py
[2024-11-24T17:05:12.970+0000] {processor.py:927} WARNING - No viable dags retrieved from /opt/airflow/dags/script/example/dag_with_postgres_hook.py
[2024-11-24T17:05:12.976+0000] {processor.py:208} INFO - Processing /opt/airflow/dags/script/example/dag_with_postgres_hook.py took 0.010 seconds
[2024-11-24T17:05:43.012+0000] {processor.py:186} INFO - Started process (PID=19518) to work on /opt/airflow/dags/script/example/dag_with_postgres_hook.py
[2024-11-24T17:05:43.012+0000] {processor.py:914} INFO - Processing file /opt/airflow/dags/script/example/dag_with_postgres_hook.py for tasks to queue
[2024-11-24T17:05:43.012+0000] {logging_mixin.py:190} INFO - [2024-11-24T17:05:43.012+0000] {dagbag.py:588} INFO - Filling up the DagBag from /opt/airflow/dags/script/example/dag_with_postgres_hook.py
[2024-11-24T17:05:43.013+0000] {processor.py:927} WARNING - No viable dags retrieved from /opt/airflow/dags/script/example/dag_with_postgres_hook.py
[2024-11-24T17:05:43.018+0000] {processor.py:208} INFO - Processing /opt/airflow/dags/script/example/dag_with_postgres_hook.py took 0.009 seconds
[2024-11-24T17:06:13.784+0000] {processor.py:186} INFO - Started process (PID=19874) to work on /opt/airflow/dags/script/example/dag_with_postgres_hook.py
[2024-11-24T17:06:13.785+0000] {processor.py:914} INFO - Processing file /opt/airflow/dags/script/example/dag_with_postgres_hook.py for tasks to queue
[2024-11-24T17:06:13.785+0000] {logging_mixin.py:190} INFO - [2024-11-24T17:06:13.785+0000] {dagbag.py:588} INFO - Filling up the DagBag from /opt/airflow/dags/script/example/dag_with_postgres_hook.py
[2024-11-24T17:06:13.786+0000] {processor.py:927} WARNING - No viable dags retrieved from /opt/airflow/dags/script/example/dag_with_postgres_hook.py
[2024-11-24T17:06:13.791+0000] {processor.py:208} INFO - Processing /opt/airflow/dags/script/example/dag_with_postgres_hook.py took 0.009 seconds
[2024-11-24T17:06:44.085+0000] {processor.py:186} INFO - Started process (PID=20230) to work on /opt/airflow/dags/script/example/dag_with_postgres_hook.py
[2024-11-24T17:06:44.085+0000] {processor.py:914} INFO - Processing file /opt/airflow/dags/script/example/dag_with_postgres_hook.py for tasks to queue
[2024-11-24T17:06:44.086+0000] {logging_mixin.py:190} INFO - [2024-11-24T17:06:44.086+0000] {dagbag.py:588} INFO - Filling up the DagBag from /opt/airflow/dags/script/example/dag_with_postgres_hook.py
[2024-11-24T17:06:44.087+0000] {processor.py:927} WARNING - No viable dags retrieved from /opt/airflow/dags/script/example/dag_with_postgres_hook.py
[2024-11-24T17:06:44.092+0000] {processor.py:208} INFO - Processing /opt/airflow/dags/script/example/dag_with_postgres_hook.py took 0.009 seconds
[2024-11-24T17:07:14.330+0000] {processor.py:186} INFO - Started process (PID=20586) to work on /opt/airflow/dags/script/example/dag_with_postgres_hook.py
[2024-11-24T17:07:14.331+0000] {processor.py:914} INFO - Processing file /opt/airflow/dags/script/example/dag_with_postgres_hook.py for tasks to queue
[2024-11-24T17:07:14.331+0000] {logging_mixin.py:190} INFO - [2024-11-24T17:07:14.331+0000] {dagbag.py:588} INFO - Filling up the DagBag from /opt/airflow/dags/script/example/dag_with_postgres_hook.py
[2024-11-24T17:07:14.332+0000] {processor.py:927} WARNING - No viable dags retrieved from /opt/airflow/dags/script/example/dag_with_postgres_hook.py
[2024-11-24T17:07:14.337+0000] {processor.py:208} INFO - Processing /opt/airflow/dags/script/example/dag_with_postgres_hook.py took 0.009 seconds
[2024-11-24T17:07:44.587+0000] {processor.py:186} INFO - Started process (PID=20942) to work on /opt/airflow/dags/script/example/dag_with_postgres_hook.py
[2024-11-24T17:07:44.588+0000] {processor.py:914} INFO - Processing file /opt/airflow/dags/script/example/dag_with_postgres_hook.py for tasks to queue
[2024-11-24T17:07:44.588+0000] {logging_mixin.py:190} INFO - [2024-11-24T17:07:44.588+0000] {dagbag.py:588} INFO - Filling up the DagBag from /opt/airflow/dags/script/example/dag_with_postgres_hook.py
[2024-11-24T17:07:44.589+0000] {processor.py:927} WARNING - No viable dags retrieved from /opt/airflow/dags/script/example/dag_with_postgres_hook.py
[2024-11-24T17:07:44.594+0000] {processor.py:208} INFO - Processing /opt/airflow/dags/script/example/dag_with_postgres_hook.py took 0.009 seconds
[2024-11-24T17:08:14.972+0000] {processor.py:186} INFO - Started process (PID=21298) to work on /opt/airflow/dags/script/example/dag_with_postgres_hook.py
[2024-11-24T17:08:14.972+0000] {processor.py:914} INFO - Processing file /opt/airflow/dags/script/example/dag_with_postgres_hook.py for tasks to queue
[2024-11-24T17:08:14.972+0000] {logging_mixin.py:190} INFO - [2024-11-24T17:08:14.972+0000] {dagbag.py:588} INFO - Filling up the DagBag from /opt/airflow/dags/script/example/dag_with_postgres_hook.py
[2024-11-24T17:08:14.974+0000] {processor.py:927} WARNING - No viable dags retrieved from /opt/airflow/dags/script/example/dag_with_postgres_hook.py
[2024-11-24T17:08:14.979+0000] {processor.py:208} INFO - Processing /opt/airflow/dags/script/example/dag_with_postgres_hook.py took 0.009 seconds
[2024-11-24T17:08:45.118+0000] {processor.py:186} INFO - Started process (PID=21654) to work on /opt/airflow/dags/script/example/dag_with_postgres_hook.py
[2024-11-24T17:08:45.119+0000] {processor.py:914} INFO - Processing file /opt/airflow/dags/script/example/dag_with_postgres_hook.py for tasks to queue
[2024-11-24T17:08:45.119+0000] {logging_mixin.py:190} INFO - [2024-11-24T17:08:45.119+0000] {dagbag.py:588} INFO - Filling up the DagBag from /opt/airflow/dags/script/example/dag_with_postgres_hook.py
[2024-11-24T17:08:45.120+0000] {processor.py:927} WARNING - No viable dags retrieved from /opt/airflow/dags/script/example/dag_with_postgres_hook.py
[2024-11-24T17:08:45.125+0000] {processor.py:208} INFO - Processing /opt/airflow/dags/script/example/dag_with_postgres_hook.py took 0.009 seconds
[2024-11-24T17:09:15.227+0000] {processor.py:186} INFO - Started process (PID=22010) to work on /opt/airflow/dags/script/example/dag_with_postgres_hook.py
[2024-11-24T17:09:15.227+0000] {processor.py:914} INFO - Processing file /opt/airflow/dags/script/example/dag_with_postgres_hook.py for tasks to queue
[2024-11-24T17:09:15.227+0000] {logging_mixin.py:190} INFO - [2024-11-24T17:09:15.227+0000] {dagbag.py:588} INFO - Filling up the DagBag from /opt/airflow/dags/script/example/dag_with_postgres_hook.py
[2024-11-24T17:09:15.229+0000] {processor.py:927} WARNING - No viable dags retrieved from /opt/airflow/dags/script/example/dag_with_postgres_hook.py
[2024-11-24T17:09:15.234+0000] {processor.py:208} INFO - Processing /opt/airflow/dags/script/example/dag_with_postgres_hook.py took 0.009 seconds
[2024-11-24T17:09:45.345+0000] {processor.py:186} INFO - Started process (PID=22366) to work on /opt/airflow/dags/script/example/dag_with_postgres_hook.py
[2024-11-24T17:09:45.346+0000] {processor.py:914} INFO - Processing file /opt/airflow/dags/script/example/dag_with_postgres_hook.py for tasks to queue
[2024-11-24T17:09:45.346+0000] {logging_mixin.py:190} INFO - [2024-11-24T17:09:45.346+0000] {dagbag.py:588} INFO - Filling up the DagBag from /opt/airflow/dags/script/example/dag_with_postgres_hook.py
[2024-11-24T17:09:45.347+0000] {processor.py:927} WARNING - No viable dags retrieved from /opt/airflow/dags/script/example/dag_with_postgres_hook.py
[2024-11-24T17:09:45.352+0000] {processor.py:208} INFO - Processing /opt/airflow/dags/script/example/dag_with_postgres_hook.py took 0.009 seconds
[2024-11-24T17:18:30.476+0000] {processor.py:186} INFO - Started process (PID=22714) to work on /opt/airflow/dags/script/example/dag_with_postgres_hook.py
[2024-11-24T17:18:30.476+0000] {processor.py:914} INFO - Processing file /opt/airflow/dags/script/example/dag_with_postgres_hook.py for tasks to queue
[2024-11-24T17:18:30.477+0000] {logging_mixin.py:190} INFO - [2024-11-24T17:18:30.477+0000] {dagbag.py:588} INFO - Filling up the DagBag from /opt/airflow/dags/script/example/dag_with_postgres_hook.py
[2024-11-24T17:18:30.479+0000] {processor.py:927} WARNING - No viable dags retrieved from /opt/airflow/dags/script/example/dag_with_postgres_hook.py
[2024-11-24T17:18:30.487+0000] {processor.py:208} INFO - Processing /opt/airflow/dags/script/example/dag_with_postgres_hook.py took 0.013 seconds
[2024-11-24T17:19:00.603+0000] {processor.py:186} INFO - Started process (PID=23070) to work on /opt/airflow/dags/script/example/dag_with_postgres_hook.py
[2024-11-24T17:19:00.603+0000] {processor.py:914} INFO - Processing file /opt/airflow/dags/script/example/dag_with_postgres_hook.py for tasks to queue
[2024-11-24T17:19:00.604+0000] {logging_mixin.py:190} INFO - [2024-11-24T17:19:00.604+0000] {dagbag.py:588} INFO - Filling up the DagBag from /opt/airflow/dags/script/example/dag_with_postgres_hook.py
[2024-11-24T17:19:00.605+0000] {processor.py:927} WARNING - No viable dags retrieved from /opt/airflow/dags/script/example/dag_with_postgres_hook.py
[2024-11-24T17:19:00.613+0000] {processor.py:208} INFO - Processing /opt/airflow/dags/script/example/dag_with_postgres_hook.py took 0.013 seconds
[2024-11-24T17:19:30.862+0000] {processor.py:186} INFO - Started process (PID=23426) to work on /opt/airflow/dags/script/example/dag_with_postgres_hook.py
[2024-11-24T17:19:30.863+0000] {processor.py:914} INFO - Processing file /opt/airflow/dags/script/example/dag_with_postgres_hook.py for tasks to queue
[2024-11-24T17:19:30.864+0000] {logging_mixin.py:190} INFO - [2024-11-24T17:19:30.864+0000] {dagbag.py:588} INFO - Filling up the DagBag from /opt/airflow/dags/script/example/dag_with_postgres_hook.py
[2024-11-24T17:19:30.866+0000] {processor.py:927} WARNING - No viable dags retrieved from /opt/airflow/dags/script/example/dag_with_postgres_hook.py
[2024-11-24T17:19:30.873+0000] {processor.py:208} INFO - Processing /opt/airflow/dags/script/example/dag_with_postgres_hook.py took 0.013 seconds
[2024-11-24T17:20:01.923+0000] {processor.py:186} INFO - Started process (PID=23782) to work on /opt/airflow/dags/script/example/dag_with_postgres_hook.py
[2024-11-24T17:20:01.923+0000] {processor.py:914} INFO - Processing file /opt/airflow/dags/script/example/dag_with_postgres_hook.py for tasks to queue
[2024-11-24T17:20:01.924+0000] {logging_mixin.py:190} INFO - [2024-11-24T17:20:01.924+0000] {dagbag.py:588} INFO - Filling up the DagBag from /opt/airflow/dags/script/example/dag_with_postgres_hook.py
[2024-11-24T17:20:01.927+0000] {processor.py:927} WARNING - No viable dags retrieved from /opt/airflow/dags/script/example/dag_with_postgres_hook.py
[2024-11-24T17:20:01.932+0000] {processor.py:208} INFO - Processing /opt/airflow/dags/script/example/dag_with_postgres_hook.py took 0.011 seconds
[2024-11-24T17:20:32.064+0000] {processor.py:186} INFO - Started process (PID=24138) to work on /opt/airflow/dags/script/example/dag_with_postgres_hook.py
[2024-11-24T17:20:32.064+0000] {processor.py:914} INFO - Processing file /opt/airflow/dags/script/example/dag_with_postgres_hook.py for tasks to queue
[2024-11-24T17:20:32.065+0000] {logging_mixin.py:190} INFO - [2024-11-24T17:20:32.065+0000] {dagbag.py:588} INFO - Filling up the DagBag from /opt/airflow/dags/script/example/dag_with_postgres_hook.py
[2024-11-24T17:20:32.068+0000] {processor.py:927} WARNING - No viable dags retrieved from /opt/airflow/dags/script/example/dag_with_postgres_hook.py
[2024-11-24T17:20:32.073+0000] {processor.py:208} INFO - Processing /opt/airflow/dags/script/example/dag_with_postgres_hook.py took 0.012 seconds
[2024-11-24T17:21:02.198+0000] {processor.py:186} INFO - Started process (PID=24494) to work on /opt/airflow/dags/script/example/dag_with_postgres_hook.py
[2024-11-24T17:21:02.198+0000] {processor.py:914} INFO - Processing file /opt/airflow/dags/script/example/dag_with_postgres_hook.py for tasks to queue
[2024-11-24T17:21:02.199+0000] {logging_mixin.py:190} INFO - [2024-11-24T17:21:02.199+0000] {dagbag.py:588} INFO - Filling up the DagBag from /opt/airflow/dags/script/example/dag_with_postgres_hook.py
[2024-11-24T17:21:02.201+0000] {processor.py:927} WARNING - No viable dags retrieved from /opt/airflow/dags/script/example/dag_with_postgres_hook.py
[2024-11-24T17:21:02.209+0000] {processor.py:208} INFO - Processing /opt/airflow/dags/script/example/dag_with_postgres_hook.py took 0.014 seconds
[2024-11-24T17:21:32.455+0000] {processor.py:186} INFO - Started process (PID=24850) to work on /opt/airflow/dags/script/example/dag_with_postgres_hook.py
[2024-11-24T17:21:32.456+0000] {processor.py:914} INFO - Processing file /opt/airflow/dags/script/example/dag_with_postgres_hook.py for tasks to queue
[2024-11-24T17:21:32.456+0000] {logging_mixin.py:190} INFO - [2024-11-24T17:21:32.456+0000] {dagbag.py:588} INFO - Filling up the DagBag from /opt/airflow/dags/script/example/dag_with_postgres_hook.py
[2024-11-24T17:21:32.459+0000] {processor.py:927} WARNING - No viable dags retrieved from /opt/airflow/dags/script/example/dag_with_postgres_hook.py
[2024-11-24T17:21:32.465+0000] {processor.py:208} INFO - Processing /opt/airflow/dags/script/example/dag_with_postgres_hook.py took 0.012 seconds
[2024-11-24T17:22:02.733+0000] {processor.py:186} INFO - Started process (PID=25206) to work on /opt/airflow/dags/script/example/dag_with_postgres_hook.py
[2024-11-24T17:22:02.734+0000] {processor.py:914} INFO - Processing file /opt/airflow/dags/script/example/dag_with_postgres_hook.py for tasks to queue
[2024-11-24T17:22:02.735+0000] {logging_mixin.py:190} INFO - [2024-11-24T17:22:02.735+0000] {dagbag.py:588} INFO - Filling up the DagBag from /opt/airflow/dags/script/example/dag_with_postgres_hook.py
[2024-11-24T17:22:02.738+0000] {processor.py:927} WARNING - No viable dags retrieved from /opt/airflow/dags/script/example/dag_with_postgres_hook.py
[2024-11-24T17:22:02.743+0000] {processor.py:208} INFO - Processing /opt/airflow/dags/script/example/dag_with_postgres_hook.py took 0.012 seconds
[2024-11-24T17:22:32.866+0000] {processor.py:186} INFO - Started process (PID=25564) to work on /opt/airflow/dags/script/example/dag_with_postgres_hook.py
[2024-11-24T17:22:32.866+0000] {processor.py:914} INFO - Processing file /opt/airflow/dags/script/example/dag_with_postgres_hook.py for tasks to queue
[2024-11-24T17:22:32.867+0000] {logging_mixin.py:190} INFO - [2024-11-24T17:22:32.866+0000] {dagbag.py:588} INFO - Filling up the DagBag from /opt/airflow/dags/script/example/dag_with_postgres_hook.py
[2024-11-24T17:22:32.868+0000] {processor.py:927} WARNING - No viable dags retrieved from /opt/airflow/dags/script/example/dag_with_postgres_hook.py
[2024-11-24T17:22:32.875+0000] {processor.py:208} INFO - Processing /opt/airflow/dags/script/example/dag_with_postgres_hook.py took 0.012 seconds
[2024-11-24T17:23:03.920+0000] {processor.py:186} INFO - Started process (PID=25918) to work on /opt/airflow/dags/script/example/dag_with_postgres_hook.py
[2024-11-24T17:23:03.920+0000] {processor.py:914} INFO - Processing file /opt/airflow/dags/script/example/dag_with_postgres_hook.py for tasks to queue
[2024-11-24T17:23:03.921+0000] {logging_mixin.py:190} INFO - [2024-11-24T17:23:03.921+0000] {dagbag.py:588} INFO - Filling up the DagBag from /opt/airflow/dags/script/example/dag_with_postgres_hook.py
[2024-11-24T17:23:03.924+0000] {processor.py:927} WARNING - No viable dags retrieved from /opt/airflow/dags/script/example/dag_with_postgres_hook.py
[2024-11-24T17:23:03.930+0000] {processor.py:208} INFO - Processing /opt/airflow/dags/script/example/dag_with_postgres_hook.py took 0.012 seconds
[2024-11-24T17:23:34.068+0000] {processor.py:186} INFO - Started process (PID=26274) to work on /opt/airflow/dags/script/example/dag_with_postgres_hook.py
[2024-11-24T17:23:34.068+0000] {processor.py:914} INFO - Processing file /opt/airflow/dags/script/example/dag_with_postgres_hook.py for tasks to queue
[2024-11-24T17:23:34.069+0000] {logging_mixin.py:190} INFO - [2024-11-24T17:23:34.069+0000] {dagbag.py:588} INFO - Filling up the DagBag from /opt/airflow/dags/script/example/dag_with_postgres_hook.py
[2024-11-24T17:23:34.070+0000] {processor.py:927} WARNING - No viable dags retrieved from /opt/airflow/dags/script/example/dag_with_postgres_hook.py
[2024-11-24T17:23:34.077+0000] {processor.py:208} INFO - Processing /opt/airflow/dags/script/example/dag_with_postgres_hook.py took 0.011 seconds
[2024-11-24T18:04:27.701+0000] {processor.py:186} INFO - Started process (PID=26630) to work on /opt/airflow/dags/script/example/dag_with_postgres_hook.py
[2024-11-24T18:04:27.702+0000] {processor.py:914} INFO - Processing file /opt/airflow/dags/script/example/dag_with_postgres_hook.py for tasks to queue
[2024-11-24T18:04:27.703+0000] {logging_mixin.py:190} INFO - [2024-11-24T18:04:27.703+0000] {dagbag.py:588} INFO - Filling up the DagBag from /opt/airflow/dags/script/example/dag_with_postgres_hook.py
[2024-11-24T18:04:27.705+0000] {processor.py:927} WARNING - No viable dags retrieved from /opt/airflow/dags/script/example/dag_with_postgres_hook.py
[2024-11-24T18:04:27.711+0000] {processor.py:208} INFO - Processing /opt/airflow/dags/script/example/dag_with_postgres_hook.py took 0.012 seconds
