[2024-12-02T14:19:22.116+0000] {processor.py:186} INFO - Started process (PID=189) to work on /opt/airflow/dags/framework/dwh.py
[2024-12-02T14:19:22.117+0000] {processor.py:914} INFO - Processing file /opt/airflow/dags/framework/dwh.py for tasks to queue
[2024-12-02T14:19:22.118+0000] {logging_mixin.py:190} INFO - [2024-12-02T14:19:22.118+0000] {dagbag.py:588} INFO - Filling up the DagBag from /opt/airflow/dags/framework/dwh.py
[2024-12-02T14:19:22.121+0000] {processor.py:927} WARNING - No viable dags retrieved from /opt/airflow/dags/framework/dwh.py
[2024-12-02T14:19:22.131+0000] {processor.py:208} INFO - Processing /opt/airflow/dags/framework/dwh.py took 0.019 seconds
[2024-12-02T14:19:53.049+0000] {processor.py:186} INFO - Started process (PID=303) to work on /opt/airflow/dags/framework/dwh.py
[2024-12-02T14:19:53.050+0000] {processor.py:914} INFO - Processing file /opt/airflow/dags/framework/dwh.py for tasks to queue
[2024-12-02T14:19:53.051+0000] {logging_mixin.py:190} INFO - [2024-12-02T14:19:53.051+0000] {dagbag.py:588} INFO - Filling up the DagBag from /opt/airflow/dags/framework/dwh.py
[2024-12-02T14:19:53.054+0000] {processor.py:927} WARNING - No viable dags retrieved from /opt/airflow/dags/framework/dwh.py
[2024-12-02T14:19:53.060+0000] {processor.py:208} INFO - Processing /opt/airflow/dags/framework/dwh.py took 0.013 seconds
[2024-12-02T14:20:23.708+0000] {processor.py:186} INFO - Started process (PID=404) to work on /opt/airflow/dags/framework/dwh.py
[2024-12-02T14:20:23.709+0000] {processor.py:914} INFO - Processing file /opt/airflow/dags/framework/dwh.py for tasks to queue
[2024-12-02T14:20:23.711+0000] {logging_mixin.py:190} INFO - [2024-12-02T14:20:23.711+0000] {dagbag.py:588} INFO - Filling up the DagBag from /opt/airflow/dags/framework/dwh.py
[2024-12-02T14:20:23.713+0000] {processor.py:927} WARNING - No viable dags retrieved from /opt/airflow/dags/framework/dwh.py
[2024-12-02T14:20:23.724+0000] {processor.py:208} INFO - Processing /opt/airflow/dags/framework/dwh.py took 0.018 seconds
[2024-12-02T14:20:54.430+0000] {processor.py:186} INFO - Started process (PID=505) to work on /opt/airflow/dags/framework/dwh.py
[2024-12-02T14:20:54.431+0000] {processor.py:914} INFO - Processing file /opt/airflow/dags/framework/dwh.py for tasks to queue
[2024-12-02T14:20:54.433+0000] {logging_mixin.py:190} INFO - [2024-12-02T14:20:54.433+0000] {dagbag.py:588} INFO - Filling up the DagBag from /opt/airflow/dags/framework/dwh.py
[2024-12-02T14:20:54.435+0000] {processor.py:927} WARNING - No viable dags retrieved from /opt/airflow/dags/framework/dwh.py
[2024-12-02T14:20:54.445+0000] {processor.py:208} INFO - Processing /opt/airflow/dags/framework/dwh.py took 0.018 seconds
[2024-12-02T14:21:25.135+0000] {processor.py:186} INFO - Started process (PID=606) to work on /opt/airflow/dags/framework/dwh.py
[2024-12-02T14:21:25.136+0000] {processor.py:914} INFO - Processing file /opt/airflow/dags/framework/dwh.py for tasks to queue
[2024-12-02T14:21:25.138+0000] {logging_mixin.py:190} INFO - [2024-12-02T14:21:25.137+0000] {dagbag.py:588} INFO - Filling up the DagBag from /opt/airflow/dags/framework/dwh.py
[2024-12-02T14:21:25.139+0000] {processor.py:927} WARNING - No viable dags retrieved from /opt/airflow/dags/framework/dwh.py
[2024-12-02T14:21:25.148+0000] {processor.py:208} INFO - Processing /opt/airflow/dags/framework/dwh.py took 0.015 seconds
[2024-12-02T14:21:55.895+0000] {processor.py:186} INFO - Started process (PID=707) to work on /opt/airflow/dags/framework/dwh.py
[2024-12-02T14:21:55.896+0000] {processor.py:914} INFO - Processing file /opt/airflow/dags/framework/dwh.py for tasks to queue
[2024-12-02T14:21:55.897+0000] {logging_mixin.py:190} INFO - [2024-12-02T14:21:55.897+0000] {dagbag.py:588} INFO - Filling up the DagBag from /opt/airflow/dags/framework/dwh.py
[2024-12-02T14:21:55.899+0000] {processor.py:927} WARNING - No viable dags retrieved from /opt/airflow/dags/framework/dwh.py
[2024-12-02T14:21:55.908+0000] {processor.py:208} INFO - Processing /opt/airflow/dags/framework/dwh.py took 0.015 seconds
[2024-12-02T14:22:26.525+0000] {processor.py:186} INFO - Started process (PID=808) to work on /opt/airflow/dags/framework/dwh.py
[2024-12-02T14:22:26.526+0000] {processor.py:914} INFO - Processing file /opt/airflow/dags/framework/dwh.py for tasks to queue
[2024-12-02T14:22:26.527+0000] {logging_mixin.py:190} INFO - [2024-12-02T14:22:26.527+0000] {dagbag.py:588} INFO - Filling up the DagBag from /opt/airflow/dags/framework/dwh.py
[2024-12-02T14:22:26.529+0000] {processor.py:927} WARNING - No viable dags retrieved from /opt/airflow/dags/framework/dwh.py
[2024-12-02T14:22:26.535+0000] {processor.py:208} INFO - Processing /opt/airflow/dags/framework/dwh.py took 0.012 seconds
[2024-12-02T14:22:57.181+0000] {processor.py:186} INFO - Started process (PID=909) to work on /opt/airflow/dags/framework/dwh.py
[2024-12-02T14:22:57.182+0000] {processor.py:914} INFO - Processing file /opt/airflow/dags/framework/dwh.py for tasks to queue
[2024-12-02T14:22:57.183+0000] {logging_mixin.py:190} INFO - [2024-12-02T14:22:57.183+0000] {dagbag.py:588} INFO - Filling up the DagBag from /opt/airflow/dags/framework/dwh.py
[2024-12-02T14:22:57.185+0000] {processor.py:927} WARNING - No viable dags retrieved from /opt/airflow/dags/framework/dwh.py
[2024-12-02T14:22:57.193+0000] {processor.py:208} INFO - Processing /opt/airflow/dags/framework/dwh.py took 0.014 seconds
[2024-12-02T14:23:27.858+0000] {processor.py:186} INFO - Started process (PID=1010) to work on /opt/airflow/dags/framework/dwh.py
[2024-12-02T14:23:27.858+0000] {processor.py:914} INFO - Processing file /opt/airflow/dags/framework/dwh.py for tasks to queue
[2024-12-02T14:23:27.860+0000] {logging_mixin.py:190} INFO - [2024-12-02T14:23:27.860+0000] {dagbag.py:588} INFO - Filling up the DagBag from /opt/airflow/dags/framework/dwh.py
[2024-12-02T14:23:27.861+0000] {processor.py:927} WARNING - No viable dags retrieved from /opt/airflow/dags/framework/dwh.py
[2024-12-02T14:23:27.868+0000] {processor.py:208} INFO - Processing /opt/airflow/dags/framework/dwh.py took 0.014 seconds
[2024-12-02T14:23:58.758+0000] {processor.py:186} INFO - Started process (PID=1111) to work on /opt/airflow/dags/framework/dwh.py
[2024-12-02T14:23:58.758+0000] {processor.py:914} INFO - Processing file /opt/airflow/dags/framework/dwh.py for tasks to queue
[2024-12-02T14:23:58.760+0000] {logging_mixin.py:190} INFO - [2024-12-02T14:23:58.760+0000] {dagbag.py:588} INFO - Filling up the DagBag from /opt/airflow/dags/framework/dwh.py
[2024-12-02T14:23:58.762+0000] {processor.py:927} WARNING - No viable dags retrieved from /opt/airflow/dags/framework/dwh.py
[2024-12-02T14:23:58.769+0000] {processor.py:208} INFO - Processing /opt/airflow/dags/framework/dwh.py took 0.013 seconds
[2024-12-02T14:24:29.864+0000] {processor.py:186} INFO - Started process (PID=1212) to work on /opt/airflow/dags/framework/dwh.py
[2024-12-02T14:24:29.865+0000] {processor.py:914} INFO - Processing file /opt/airflow/dags/framework/dwh.py for tasks to queue
[2024-12-02T14:24:29.866+0000] {logging_mixin.py:190} INFO - [2024-12-02T14:24:29.866+0000] {dagbag.py:588} INFO - Filling up the DagBag from /opt/airflow/dags/framework/dwh.py
[2024-12-02T14:24:29.868+0000] {processor.py:927} WARNING - No viable dags retrieved from /opt/airflow/dags/framework/dwh.py
[2024-12-02T14:24:29.879+0000] {processor.py:208} INFO - Processing /opt/airflow/dags/framework/dwh.py took 0.017 seconds
[2024-12-02T14:25:00.153+0000] {processor.py:186} INFO - Started process (PID=1313) to work on /opt/airflow/dags/framework/dwh.py
[2024-12-02T14:25:00.153+0000] {processor.py:914} INFO - Processing file /opt/airflow/dags/framework/dwh.py for tasks to queue
[2024-12-02T14:25:00.155+0000] {logging_mixin.py:190} INFO - [2024-12-02T14:25:00.155+0000] {dagbag.py:588} INFO - Filling up the DagBag from /opt/airflow/dags/framework/dwh.py
[2024-12-02T14:25:00.157+0000] {processor.py:927} WARNING - No viable dags retrieved from /opt/airflow/dags/framework/dwh.py
[2024-12-02T14:25:00.169+0000] {processor.py:208} INFO - Processing /opt/airflow/dags/framework/dwh.py took 0.019 seconds
[2024-12-02T14:25:30.890+0000] {processor.py:186} INFO - Started process (PID=1414) to work on /opt/airflow/dags/framework/dwh.py
[2024-12-02T14:25:30.891+0000] {processor.py:914} INFO - Processing file /opt/airflow/dags/framework/dwh.py for tasks to queue
[2024-12-02T14:25:30.892+0000] {logging_mixin.py:190} INFO - [2024-12-02T14:25:30.892+0000] {dagbag.py:588} INFO - Filling up the DagBag from /opt/airflow/dags/framework/dwh.py
[2024-12-02T14:25:30.893+0000] {processor.py:927} WARNING - No viable dags retrieved from /opt/airflow/dags/framework/dwh.py
[2024-12-02T14:25:30.903+0000] {processor.py:208} INFO - Processing /opt/airflow/dags/framework/dwh.py took 0.016 seconds
[2024-12-02T14:26:01.632+0000] {processor.py:186} INFO - Started process (PID=1515) to work on /opt/airflow/dags/framework/dwh.py
[2024-12-02T14:26:01.632+0000] {processor.py:914} INFO - Processing file /opt/airflow/dags/framework/dwh.py for tasks to queue
[2024-12-02T14:26:01.634+0000] {logging_mixin.py:190} INFO - [2024-12-02T14:26:01.633+0000] {dagbag.py:588} INFO - Filling up the DagBag from /opt/airflow/dags/framework/dwh.py
[2024-12-02T14:26:01.636+0000] {processor.py:927} WARNING - No viable dags retrieved from /opt/airflow/dags/framework/dwh.py
[2024-12-02T14:26:01.644+0000] {processor.py:208} INFO - Processing /opt/airflow/dags/framework/dwh.py took 0.016 seconds
[2024-12-02T14:26:32.353+0000] {processor.py:186} INFO - Started process (PID=1616) to work on /opt/airflow/dags/framework/dwh.py
[2024-12-02T14:26:32.354+0000] {processor.py:914} INFO - Processing file /opt/airflow/dags/framework/dwh.py for tasks to queue
[2024-12-02T14:26:32.355+0000] {logging_mixin.py:190} INFO - [2024-12-02T14:26:32.354+0000] {dagbag.py:588} INFO - Filling up the DagBag from /opt/airflow/dags/framework/dwh.py
[2024-12-02T14:26:32.357+0000] {processor.py:927} WARNING - No viable dags retrieved from /opt/airflow/dags/framework/dwh.py
[2024-12-02T14:26:32.365+0000] {processor.py:208} INFO - Processing /opt/airflow/dags/framework/dwh.py took 0.015 seconds
[2024-12-02T14:27:03.121+0000] {processor.py:186} INFO - Started process (PID=1717) to work on /opt/airflow/dags/framework/dwh.py
[2024-12-02T14:27:03.126+0000] {processor.py:914} INFO - Processing file /opt/airflow/dags/framework/dwh.py for tasks to queue
[2024-12-02T14:27:03.130+0000] {logging_mixin.py:190} INFO - [2024-12-02T14:27:03.130+0000] {dagbag.py:588} INFO - Filling up the DagBag from /opt/airflow/dags/framework/dwh.py
[2024-12-02T14:27:03.134+0000] {processor.py:927} WARNING - No viable dags retrieved from /opt/airflow/dags/framework/dwh.py
[2024-12-02T14:27:03.150+0000] {processor.py:208} INFO - Processing /opt/airflow/dags/framework/dwh.py took 0.036 seconds
[2024-12-02T14:27:33.940+0000] {processor.py:186} INFO - Started process (PID=1818) to work on /opt/airflow/dags/framework/dwh.py
[2024-12-02T14:27:33.941+0000] {processor.py:914} INFO - Processing file /opt/airflow/dags/framework/dwh.py for tasks to queue
[2024-12-02T14:27:33.942+0000] {logging_mixin.py:190} INFO - [2024-12-02T14:27:33.942+0000] {dagbag.py:588} INFO - Filling up the DagBag from /opt/airflow/dags/framework/dwh.py
[2024-12-02T14:27:33.944+0000] {processor.py:927} WARNING - No viable dags retrieved from /opt/airflow/dags/framework/dwh.py
[2024-12-02T14:27:33.952+0000] {processor.py:208} INFO - Processing /opt/airflow/dags/framework/dwh.py took 0.014 seconds
[2024-12-02T14:28:04.649+0000] {processor.py:186} INFO - Started process (PID=1919) to work on /opt/airflow/dags/framework/dwh.py
[2024-12-02T14:28:04.650+0000] {processor.py:914} INFO - Processing file /opt/airflow/dags/framework/dwh.py for tasks to queue
[2024-12-02T14:28:04.651+0000] {logging_mixin.py:190} INFO - [2024-12-02T14:28:04.651+0000] {dagbag.py:588} INFO - Filling up the DagBag from /opt/airflow/dags/framework/dwh.py
[2024-12-02T14:28:04.653+0000] {processor.py:927} WARNING - No viable dags retrieved from /opt/airflow/dags/framework/dwh.py
[2024-12-02T14:28:04.662+0000] {processor.py:208} INFO - Processing /opt/airflow/dags/framework/dwh.py took 0.016 seconds
[2024-12-02T14:28:35.379+0000] {processor.py:186} INFO - Started process (PID=2020) to work on /opt/airflow/dags/framework/dwh.py
[2024-12-02T14:28:35.379+0000] {processor.py:914} INFO - Processing file /opt/airflow/dags/framework/dwh.py for tasks to queue
[2024-12-02T14:28:35.381+0000] {logging_mixin.py:190} INFO - [2024-12-02T14:28:35.381+0000] {dagbag.py:588} INFO - Filling up the DagBag from /opt/airflow/dags/framework/dwh.py
[2024-12-02T14:28:35.386+0000] {processor.py:927} WARNING - No viable dags retrieved from /opt/airflow/dags/framework/dwh.py
[2024-12-02T14:28:35.394+0000] {processor.py:208} INFO - Processing /opt/airflow/dags/framework/dwh.py took 0.018 seconds
[2024-12-02T14:29:06.215+0000] {processor.py:186} INFO - Started process (PID=2121) to work on /opt/airflow/dags/framework/dwh.py
[2024-12-02T14:29:06.216+0000] {processor.py:914} INFO - Processing file /opt/airflow/dags/framework/dwh.py for tasks to queue
[2024-12-02T14:29:06.217+0000] {logging_mixin.py:190} INFO - [2024-12-02T14:29:06.216+0000] {dagbag.py:588} INFO - Filling up the DagBag from /opt/airflow/dags/framework/dwh.py
[2024-12-02T14:29:06.219+0000] {processor.py:927} WARNING - No viable dags retrieved from /opt/airflow/dags/framework/dwh.py
[2024-12-02T14:29:06.228+0000] {processor.py:208} INFO - Processing /opt/airflow/dags/framework/dwh.py took 0.016 seconds
[2024-12-02T14:29:36.953+0000] {processor.py:186} INFO - Started process (PID=2222) to work on /opt/airflow/dags/framework/dwh.py
[2024-12-02T14:29:36.954+0000] {processor.py:914} INFO - Processing file /opt/airflow/dags/framework/dwh.py for tasks to queue
[2024-12-02T14:29:36.955+0000] {logging_mixin.py:190} INFO - [2024-12-02T14:29:36.955+0000] {dagbag.py:588} INFO - Filling up the DagBag from /opt/airflow/dags/framework/dwh.py
[2024-12-02T14:29:36.957+0000] {processor.py:927} WARNING - No viable dags retrieved from /opt/airflow/dags/framework/dwh.py
[2024-12-02T14:29:36.967+0000] {processor.py:208} INFO - Processing /opt/airflow/dags/framework/dwh.py took 0.017 seconds
[2024-12-02T14:30:07.697+0000] {processor.py:186} INFO - Started process (PID=2323) to work on /opt/airflow/dags/framework/dwh.py
[2024-12-02T14:30:07.697+0000] {processor.py:914} INFO - Processing file /opt/airflow/dags/framework/dwh.py for tasks to queue
[2024-12-02T14:30:07.699+0000] {logging_mixin.py:190} INFO - [2024-12-02T14:30:07.699+0000] {dagbag.py:588} INFO - Filling up the DagBag from /opt/airflow/dags/framework/dwh.py
[2024-12-02T14:30:07.700+0000] {processor.py:927} WARNING - No viable dags retrieved from /opt/airflow/dags/framework/dwh.py
[2024-12-02T14:30:07.709+0000] {processor.py:208} INFO - Processing /opt/airflow/dags/framework/dwh.py took 0.015 seconds
[2024-12-02T14:30:38.485+0000] {processor.py:186} INFO - Started process (PID=2424) to work on /opt/airflow/dags/framework/dwh.py
[2024-12-02T14:30:38.485+0000] {processor.py:914} INFO - Processing file /opt/airflow/dags/framework/dwh.py for tasks to queue
[2024-12-02T14:30:38.487+0000] {logging_mixin.py:190} INFO - [2024-12-02T14:30:38.487+0000] {dagbag.py:588} INFO - Filling up the DagBag from /opt/airflow/dags/framework/dwh.py
[2024-12-02T14:30:38.489+0000] {processor.py:927} WARNING - No viable dags retrieved from /opt/airflow/dags/framework/dwh.py
[2024-12-02T14:30:38.497+0000] {processor.py:208} INFO - Processing /opt/airflow/dags/framework/dwh.py took 0.015 seconds
[2024-12-02T14:31:09.198+0000] {processor.py:186} INFO - Started process (PID=2525) to work on /opt/airflow/dags/framework/dwh.py
[2024-12-02T14:31:09.198+0000] {processor.py:914} INFO - Processing file /opt/airflow/dags/framework/dwh.py for tasks to queue
[2024-12-02T14:31:09.199+0000] {logging_mixin.py:190} INFO - [2024-12-02T14:31:09.199+0000] {dagbag.py:588} INFO - Filling up the DagBag from /opt/airflow/dags/framework/dwh.py
[2024-12-02T14:31:09.204+0000] {processor.py:927} WARNING - No viable dags retrieved from /opt/airflow/dags/framework/dwh.py
[2024-12-02T14:31:09.211+0000] {processor.py:208} INFO - Processing /opt/airflow/dags/framework/dwh.py took 0.018 seconds
[2024-12-02T14:31:39.951+0000] {processor.py:186} INFO - Started process (PID=2626) to work on /opt/airflow/dags/framework/dwh.py
[2024-12-02T14:31:39.952+0000] {processor.py:914} INFO - Processing file /opt/airflow/dags/framework/dwh.py for tasks to queue
[2024-12-02T14:31:39.953+0000] {logging_mixin.py:190} INFO - [2024-12-02T14:31:39.953+0000] {dagbag.py:588} INFO - Filling up the DagBag from /opt/airflow/dags/framework/dwh.py
[2024-12-02T14:31:39.955+0000] {processor.py:927} WARNING - No viable dags retrieved from /opt/airflow/dags/framework/dwh.py
[2024-12-02T14:31:39.962+0000] {processor.py:208} INFO - Processing /opt/airflow/dags/framework/dwh.py took 0.013 seconds
[2024-12-02T14:32:10.703+0000] {processor.py:186} INFO - Started process (PID=2727) to work on /opt/airflow/dags/framework/dwh.py
[2024-12-02T14:32:10.703+0000] {processor.py:914} INFO - Processing file /opt/airflow/dags/framework/dwh.py for tasks to queue
[2024-12-02T14:32:10.705+0000] {logging_mixin.py:190} INFO - [2024-12-02T14:32:10.705+0000] {dagbag.py:588} INFO - Filling up the DagBag from /opt/airflow/dags/framework/dwh.py
[2024-12-02T14:32:10.707+0000] {processor.py:927} WARNING - No viable dags retrieved from /opt/airflow/dags/framework/dwh.py
[2024-12-02T14:32:10.715+0000] {processor.py:208} INFO - Processing /opt/airflow/dags/framework/dwh.py took 0.015 seconds
[2024-12-02T14:32:41.380+0000] {processor.py:186} INFO - Started process (PID=2828) to work on /opt/airflow/dags/framework/dwh.py
[2024-12-02T14:32:41.381+0000] {processor.py:914} INFO - Processing file /opt/airflow/dags/framework/dwh.py for tasks to queue
[2024-12-02T14:32:41.382+0000] {logging_mixin.py:190} INFO - [2024-12-02T14:32:41.382+0000] {dagbag.py:588} INFO - Filling up the DagBag from /opt/airflow/dags/framework/dwh.py
[2024-12-02T14:32:41.384+0000] {processor.py:927} WARNING - No viable dags retrieved from /opt/airflow/dags/framework/dwh.py
[2024-12-02T14:32:41.392+0000] {processor.py:208} INFO - Processing /opt/airflow/dags/framework/dwh.py took 0.014 seconds
[2024-12-02T14:33:12.088+0000] {processor.py:186} INFO - Started process (PID=2929) to work on /opt/airflow/dags/framework/dwh.py
[2024-12-02T14:33:12.089+0000] {processor.py:914} INFO - Processing file /opt/airflow/dags/framework/dwh.py for tasks to queue
[2024-12-02T14:33:12.090+0000] {logging_mixin.py:190} INFO - [2024-12-02T14:33:12.090+0000] {dagbag.py:588} INFO - Filling up the DagBag from /opt/airflow/dags/framework/dwh.py
[2024-12-02T14:33:12.092+0000] {processor.py:927} WARNING - No viable dags retrieved from /opt/airflow/dags/framework/dwh.py
[2024-12-02T14:33:12.099+0000] {processor.py:208} INFO - Processing /opt/airflow/dags/framework/dwh.py took 0.013 seconds
[2024-12-02T14:33:43.433+0000] {processor.py:186} INFO - Started process (PID=3030) to work on /opt/airflow/dags/framework/dwh.py
[2024-12-02T14:33:43.434+0000] {processor.py:914} INFO - Processing file /opt/airflow/dags/framework/dwh.py for tasks to queue
[2024-12-02T14:33:43.436+0000] {logging_mixin.py:190} INFO - [2024-12-02T14:33:43.436+0000] {dagbag.py:588} INFO - Filling up the DagBag from /opt/airflow/dags/framework/dwh.py
[2024-12-02T14:33:43.438+0000] {processor.py:927} WARNING - No viable dags retrieved from /opt/airflow/dags/framework/dwh.py
[2024-12-02T14:33:43.445+0000] {processor.py:208} INFO - Processing /opt/airflow/dags/framework/dwh.py took 0.015 seconds
[2024-12-02T14:34:14.694+0000] {processor.py:186} INFO - Started process (PID=3131) to work on /opt/airflow/dags/framework/dwh.py
[2024-12-02T14:34:14.698+0000] {processor.py:914} INFO - Processing file /opt/airflow/dags/framework/dwh.py for tasks to queue
[2024-12-02T14:34:14.701+0000] {logging_mixin.py:190} INFO - [2024-12-02T14:34:14.700+0000] {dagbag.py:588} INFO - Filling up the DagBag from /opt/airflow/dags/framework/dwh.py
[2024-12-02T14:34:14.704+0000] {processor.py:927} WARNING - No viable dags retrieved from /opt/airflow/dags/framework/dwh.py
[2024-12-02T14:34:14.716+0000] {processor.py:208} INFO - Processing /opt/airflow/dags/framework/dwh.py took 0.028 seconds
[2024-12-02T14:34:45.633+0000] {processor.py:186} INFO - Started process (PID=3239) to work on /opt/airflow/dags/framework/dwh.py
[2024-12-02T14:34:45.634+0000] {processor.py:914} INFO - Processing file /opt/airflow/dags/framework/dwh.py for tasks to queue
[2024-12-02T14:34:45.635+0000] {logging_mixin.py:190} INFO - [2024-12-02T14:34:45.635+0000] {dagbag.py:588} INFO - Filling up the DagBag from /opt/airflow/dags/framework/dwh.py
[2024-12-02T14:34:45.636+0000] {processor.py:927} WARNING - No viable dags retrieved from /opt/airflow/dags/framework/dwh.py
[2024-12-02T14:34:45.642+0000] {processor.py:208} INFO - Processing /opt/airflow/dags/framework/dwh.py took 0.011 seconds
[2024-12-02T14:35:16.548+0000] {processor.py:186} INFO - Started process (PID=3338) to work on /opt/airflow/dags/framework/dwh.py
[2024-12-02T14:35:16.549+0000] {processor.py:914} INFO - Processing file /opt/airflow/dags/framework/dwh.py for tasks to queue
[2024-12-02T14:35:16.550+0000] {logging_mixin.py:190} INFO - [2024-12-02T14:35:16.550+0000] {dagbag.py:588} INFO - Filling up the DagBag from /opt/airflow/dags/framework/dwh.py
[2024-12-02T14:35:16.553+0000] {processor.py:927} WARNING - No viable dags retrieved from /opt/airflow/dags/framework/dwh.py
[2024-12-02T14:35:16.561+0000] {processor.py:208} INFO - Processing /opt/airflow/dags/framework/dwh.py took 0.016 seconds
[2024-12-02T14:35:47.322+0000] {processor.py:186} INFO - Started process (PID=3439) to work on /opt/airflow/dags/framework/dwh.py
[2024-12-02T14:35:47.323+0000] {processor.py:914} INFO - Processing file /opt/airflow/dags/framework/dwh.py for tasks to queue
[2024-12-02T14:35:47.324+0000] {logging_mixin.py:190} INFO - [2024-12-02T14:35:47.324+0000] {dagbag.py:588} INFO - Filling up the DagBag from /opt/airflow/dags/framework/dwh.py
[2024-12-02T14:35:47.328+0000] {processor.py:927} WARNING - No viable dags retrieved from /opt/airflow/dags/framework/dwh.py
[2024-12-02T14:35:47.333+0000] {processor.py:208} INFO - Processing /opt/airflow/dags/framework/dwh.py took 0.014 seconds
[2024-12-02T14:36:18.144+0000] {processor.py:186} INFO - Started process (PID=3540) to work on /opt/airflow/dags/framework/dwh.py
[2024-12-02T14:36:18.146+0000] {processor.py:914} INFO - Processing file /opt/airflow/dags/framework/dwh.py for tasks to queue
[2024-12-02T14:36:18.151+0000] {logging_mixin.py:190} INFO - [2024-12-02T14:36:18.151+0000] {dagbag.py:588} INFO - Filling up the DagBag from /opt/airflow/dags/framework/dwh.py
[2024-12-02T14:36:18.174+0000] {processor.py:927} WARNING - No viable dags retrieved from /opt/airflow/dags/framework/dwh.py
[2024-12-02T14:36:18.209+0000] {processor.py:208} INFO - Processing /opt/airflow/dags/framework/dwh.py took 0.071 seconds
[2024-12-02T14:36:49.152+0000] {processor.py:186} INFO - Started process (PID=3640) to work on /opt/airflow/dags/framework/dwh.py
[2024-12-02T14:36:49.153+0000] {processor.py:914} INFO - Processing file /opt/airflow/dags/framework/dwh.py for tasks to queue
[2024-12-02T14:36:49.154+0000] {logging_mixin.py:190} INFO - [2024-12-02T14:36:49.154+0000] {dagbag.py:588} INFO - Filling up the DagBag from /opt/airflow/dags/framework/dwh.py
[2024-12-02T14:36:49.156+0000] {processor.py:927} WARNING - No viable dags retrieved from /opt/airflow/dags/framework/dwh.py
[2024-12-02T14:36:49.166+0000] {processor.py:208} INFO - Processing /opt/airflow/dags/framework/dwh.py took 0.016 seconds
[2024-12-02T14:37:19.901+0000] {processor.py:186} INFO - Started process (PID=3741) to work on /opt/airflow/dags/framework/dwh.py
[2024-12-02T14:37:19.902+0000] {processor.py:914} INFO - Processing file /opt/airflow/dags/framework/dwh.py for tasks to queue
[2024-12-02T14:37:19.903+0000] {logging_mixin.py:190} INFO - [2024-12-02T14:37:19.903+0000] {dagbag.py:588} INFO - Filling up the DagBag from /opt/airflow/dags/framework/dwh.py
[2024-12-02T14:37:19.905+0000] {processor.py:927} WARNING - No viable dags retrieved from /opt/airflow/dags/framework/dwh.py
[2024-12-02T14:37:19.913+0000] {processor.py:208} INFO - Processing /opt/airflow/dags/framework/dwh.py took 0.016 seconds
[2024-12-02T14:37:50.596+0000] {processor.py:186} INFO - Started process (PID=3842) to work on /opt/airflow/dags/framework/dwh.py
[2024-12-02T14:37:50.596+0000] {processor.py:914} INFO - Processing file /opt/airflow/dags/framework/dwh.py for tasks to queue
[2024-12-02T14:37:50.597+0000] {logging_mixin.py:190} INFO - [2024-12-02T14:37:50.597+0000] {dagbag.py:588} INFO - Filling up the DagBag from /opt/airflow/dags/framework/dwh.py
[2024-12-02T14:37:50.603+0000] {processor.py:927} WARNING - No viable dags retrieved from /opt/airflow/dags/framework/dwh.py
[2024-12-02T14:37:50.616+0000] {processor.py:208} INFO - Processing /opt/airflow/dags/framework/dwh.py took 0.023 seconds
[2024-12-02T14:38:21.332+0000] {processor.py:186} INFO - Started process (PID=3942) to work on /opt/airflow/dags/framework/dwh.py
[2024-12-02T14:38:21.332+0000] {processor.py:914} INFO - Processing file /opt/airflow/dags/framework/dwh.py for tasks to queue
[2024-12-02T14:38:21.334+0000] {logging_mixin.py:190} INFO - [2024-12-02T14:38:21.334+0000] {dagbag.py:588} INFO - Filling up the DagBag from /opt/airflow/dags/framework/dwh.py
[2024-12-02T14:38:21.336+0000] {processor.py:927} WARNING - No viable dags retrieved from /opt/airflow/dags/framework/dwh.py
[2024-12-02T14:38:21.347+0000] {processor.py:208} INFO - Processing /opt/airflow/dags/framework/dwh.py took 0.019 seconds
[2024-12-02T14:38:52.093+0000] {processor.py:186} INFO - Started process (PID=4043) to work on /opt/airflow/dags/framework/dwh.py
[2024-12-02T14:38:52.093+0000] {processor.py:914} INFO - Processing file /opt/airflow/dags/framework/dwh.py for tasks to queue
[2024-12-02T14:38:52.095+0000] {logging_mixin.py:190} INFO - [2024-12-02T14:38:52.095+0000] {dagbag.py:588} INFO - Filling up the DagBag from /opt/airflow/dags/framework/dwh.py
[2024-12-02T14:38:52.098+0000] {processor.py:927} WARNING - No viable dags retrieved from /opt/airflow/dags/framework/dwh.py
[2024-12-02T14:38:52.106+0000] {processor.py:208} INFO - Processing /opt/airflow/dags/framework/dwh.py took 0.016 seconds
[2024-12-02T14:39:22.845+0000] {processor.py:186} INFO - Started process (PID=4144) to work on /opt/airflow/dags/framework/dwh.py
[2024-12-02T14:39:22.845+0000] {processor.py:914} INFO - Processing file /opt/airflow/dags/framework/dwh.py for tasks to queue
[2024-12-02T14:39:22.847+0000] {logging_mixin.py:190} INFO - [2024-12-02T14:39:22.847+0000] {dagbag.py:588} INFO - Filling up the DagBag from /opt/airflow/dags/framework/dwh.py
[2024-12-02T14:39:22.848+0000] {processor.py:927} WARNING - No viable dags retrieved from /opt/airflow/dags/framework/dwh.py
[2024-12-02T14:39:22.857+0000] {processor.py:208} INFO - Processing /opt/airflow/dags/framework/dwh.py took 0.015 seconds
[2024-12-02T14:39:53.630+0000] {processor.py:186} INFO - Started process (PID=4245) to work on /opt/airflow/dags/framework/dwh.py
[2024-12-02T14:39:53.631+0000] {processor.py:914} INFO - Processing file /opt/airflow/dags/framework/dwh.py for tasks to queue
[2024-12-02T14:39:53.632+0000] {logging_mixin.py:190} INFO - [2024-12-02T14:39:53.632+0000] {dagbag.py:588} INFO - Filling up the DagBag from /opt/airflow/dags/framework/dwh.py
[2024-12-02T14:39:53.635+0000] {processor.py:927} WARNING - No viable dags retrieved from /opt/airflow/dags/framework/dwh.py
[2024-12-02T14:39:53.645+0000] {processor.py:208} INFO - Processing /opt/airflow/dags/framework/dwh.py took 0.020 seconds
[2024-12-02T14:40:24.378+0000] {processor.py:186} INFO - Started process (PID=4345) to work on /opt/airflow/dags/framework/dwh.py
[2024-12-02T14:40:24.380+0000] {processor.py:914} INFO - Processing file /opt/airflow/dags/framework/dwh.py for tasks to queue
[2024-12-02T14:40:24.381+0000] {logging_mixin.py:190} INFO - [2024-12-02T14:40:24.381+0000] {dagbag.py:588} INFO - Filling up the DagBag from /opt/airflow/dags/framework/dwh.py
[2024-12-02T14:40:24.382+0000] {processor.py:927} WARNING - No viable dags retrieved from /opt/airflow/dags/framework/dwh.py
[2024-12-02T14:40:24.389+0000] {processor.py:208} INFO - Processing /opt/airflow/dags/framework/dwh.py took 0.013 seconds
[2024-12-02T14:40:55.116+0000] {processor.py:186} INFO - Started process (PID=4446) to work on /opt/airflow/dags/framework/dwh.py
[2024-12-02T14:40:55.117+0000] {processor.py:914} INFO - Processing file /opt/airflow/dags/framework/dwh.py for tasks to queue
[2024-12-02T14:40:55.118+0000] {logging_mixin.py:190} INFO - [2024-12-02T14:40:55.118+0000] {dagbag.py:588} INFO - Filling up the DagBag from /opt/airflow/dags/framework/dwh.py
[2024-12-02T14:40:55.119+0000] {processor.py:927} WARNING - No viable dags retrieved from /opt/airflow/dags/framework/dwh.py
[2024-12-02T14:40:55.128+0000] {processor.py:208} INFO - Processing /opt/airflow/dags/framework/dwh.py took 0.015 seconds
[2024-12-02T14:41:25.917+0000] {processor.py:186} INFO - Started process (PID=4547) to work on /opt/airflow/dags/framework/dwh.py
[2024-12-02T14:41:25.918+0000] {processor.py:914} INFO - Processing file /opt/airflow/dags/framework/dwh.py for tasks to queue
[2024-12-02T14:41:25.919+0000] {logging_mixin.py:190} INFO - [2024-12-02T14:41:25.919+0000] {dagbag.py:588} INFO - Filling up the DagBag from /opt/airflow/dags/framework/dwh.py
[2024-12-02T14:41:25.921+0000] {processor.py:927} WARNING - No viable dags retrieved from /opt/airflow/dags/framework/dwh.py
[2024-12-02T14:41:25.929+0000] {processor.py:208} INFO - Processing /opt/airflow/dags/framework/dwh.py took 0.015 seconds
[2024-12-02T14:41:56.787+0000] {processor.py:186} INFO - Started process (PID=4648) to work on /opt/airflow/dags/framework/dwh.py
[2024-12-02T14:41:56.788+0000] {processor.py:914} INFO - Processing file /opt/airflow/dags/framework/dwh.py for tasks to queue
[2024-12-02T14:41:56.789+0000] {logging_mixin.py:190} INFO - [2024-12-02T14:41:56.789+0000] {dagbag.py:588} INFO - Filling up the DagBag from /opt/airflow/dags/framework/dwh.py
[2024-12-02T14:41:56.792+0000] {processor.py:927} WARNING - No viable dags retrieved from /opt/airflow/dags/framework/dwh.py
[2024-12-02T14:41:56.800+0000] {processor.py:208} INFO - Processing /opt/airflow/dags/framework/dwh.py took 0.016 seconds
[2024-12-02T14:42:27.563+0000] {processor.py:186} INFO - Started process (PID=4751) to work on /opt/airflow/dags/framework/dwh.py
[2024-12-02T14:42:27.563+0000] {processor.py:914} INFO - Processing file /opt/airflow/dags/framework/dwh.py for tasks to queue
[2024-12-02T14:42:27.565+0000] {logging_mixin.py:190} INFO - [2024-12-02T14:42:27.564+0000] {dagbag.py:588} INFO - Filling up the DagBag from /opt/airflow/dags/framework/dwh.py
[2024-12-02T14:42:27.566+0000] {processor.py:927} WARNING - No viable dags retrieved from /opt/airflow/dags/framework/dwh.py
[2024-12-02T14:42:27.572+0000] {processor.py:208} INFO - Processing /opt/airflow/dags/framework/dwh.py took 0.013 seconds
[2024-12-02T14:42:58.414+0000] {processor.py:186} INFO - Started process (PID=4850) to work on /opt/airflow/dags/framework/dwh.py
[2024-12-02T14:42:58.415+0000] {processor.py:914} INFO - Processing file /opt/airflow/dags/framework/dwh.py for tasks to queue
[2024-12-02T14:42:58.415+0000] {logging_mixin.py:190} INFO - [2024-12-02T14:42:58.415+0000] {dagbag.py:588} INFO - Filling up the DagBag from /opt/airflow/dags/framework/dwh.py
[2024-12-02T14:42:58.419+0000] {processor.py:927} WARNING - No viable dags retrieved from /opt/airflow/dags/framework/dwh.py
[2024-12-02T14:42:58.428+0000] {processor.py:208} INFO - Processing /opt/airflow/dags/framework/dwh.py took 0.019 seconds
[2024-12-02T14:43:29.141+0000] {processor.py:186} INFO - Started process (PID=4951) to work on /opt/airflow/dags/framework/dwh.py
[2024-12-02T14:43:29.142+0000] {processor.py:914} INFO - Processing file /opt/airflow/dags/framework/dwh.py for tasks to queue
[2024-12-02T14:43:29.142+0000] {logging_mixin.py:190} INFO - [2024-12-02T14:43:29.142+0000] {dagbag.py:588} INFO - Filling up the DagBag from /opt/airflow/dags/framework/dwh.py
[2024-12-02T14:43:29.144+0000] {processor.py:927} WARNING - No viable dags retrieved from /opt/airflow/dags/framework/dwh.py
[2024-12-02T14:43:29.151+0000] {processor.py:208} INFO - Processing /opt/airflow/dags/framework/dwh.py took 0.013 seconds
[2024-12-02T14:43:59.823+0000] {processor.py:186} INFO - Started process (PID=5052) to work on /opt/airflow/dags/framework/dwh.py
[2024-12-02T14:43:59.824+0000] {processor.py:914} INFO - Processing file /opt/airflow/dags/framework/dwh.py for tasks to queue
[2024-12-02T14:43:59.826+0000] {logging_mixin.py:190} INFO - [2024-12-02T14:43:59.826+0000] {dagbag.py:588} INFO - Filling up the DagBag from /opt/airflow/dags/framework/dwh.py
[2024-12-02T14:43:59.827+0000] {processor.py:927} WARNING - No viable dags retrieved from /opt/airflow/dags/framework/dwh.py
[2024-12-02T14:43:59.835+0000] {processor.py:208} INFO - Processing /opt/airflow/dags/framework/dwh.py took 0.014 seconds
[2024-12-02T14:44:30.602+0000] {processor.py:186} INFO - Started process (PID=5153) to work on /opt/airflow/dags/framework/dwh.py
[2024-12-02T14:44:30.603+0000] {processor.py:914} INFO - Processing file /opt/airflow/dags/framework/dwh.py for tasks to queue
[2024-12-02T14:44:30.604+0000] {logging_mixin.py:190} INFO - [2024-12-02T14:44:30.604+0000] {dagbag.py:588} INFO - Filling up the DagBag from /opt/airflow/dags/framework/dwh.py
[2024-12-02T14:44:30.606+0000] {processor.py:927} WARNING - No viable dags retrieved from /opt/airflow/dags/framework/dwh.py
[2024-12-02T14:44:30.615+0000] {processor.py:208} INFO - Processing /opt/airflow/dags/framework/dwh.py took 0.015 seconds
[2024-12-02T14:45:01.311+0000] {processor.py:186} INFO - Started process (PID=5254) to work on /opt/airflow/dags/framework/dwh.py
[2024-12-02T14:45:01.312+0000] {processor.py:914} INFO - Processing file /opt/airflow/dags/framework/dwh.py for tasks to queue
[2024-12-02T14:45:01.312+0000] {logging_mixin.py:190} INFO - [2024-12-02T14:45:01.312+0000] {dagbag.py:588} INFO - Filling up the DagBag from /opt/airflow/dags/framework/dwh.py
[2024-12-02T14:45:01.314+0000] {processor.py:927} WARNING - No viable dags retrieved from /opt/airflow/dags/framework/dwh.py
[2024-12-02T14:45:01.323+0000] {processor.py:208} INFO - Processing /opt/airflow/dags/framework/dwh.py took 0.014 seconds
[2024-12-02T14:45:32.007+0000] {processor.py:186} INFO - Started process (PID=5357) to work on /opt/airflow/dags/framework/dwh.py
[2024-12-02T14:45:32.007+0000] {processor.py:914} INFO - Processing file /opt/airflow/dags/framework/dwh.py for tasks to queue
[2024-12-02T14:45:32.008+0000] {logging_mixin.py:190} INFO - [2024-12-02T14:45:32.008+0000] {dagbag.py:588} INFO - Filling up the DagBag from /opt/airflow/dags/framework/dwh.py
[2024-12-02T14:45:32.010+0000] {processor.py:927} WARNING - No viable dags retrieved from /opt/airflow/dags/framework/dwh.py
[2024-12-02T14:45:32.016+0000] {processor.py:208} INFO - Processing /opt/airflow/dags/framework/dwh.py took 0.011 seconds
[2024-12-02T14:46:02.746+0000] {processor.py:186} INFO - Started process (PID=5455) to work on /opt/airflow/dags/framework/dwh.py
[2024-12-02T14:46:02.747+0000] {processor.py:914} INFO - Processing file /opt/airflow/dags/framework/dwh.py for tasks to queue
[2024-12-02T14:46:02.749+0000] {logging_mixin.py:190} INFO - [2024-12-02T14:46:02.749+0000] {dagbag.py:588} INFO - Filling up the DagBag from /opt/airflow/dags/framework/dwh.py
[2024-12-02T14:46:02.751+0000] {processor.py:927} WARNING - No viable dags retrieved from /opt/airflow/dags/framework/dwh.py
[2024-12-02T14:46:02.758+0000] {processor.py:208} INFO - Processing /opt/airflow/dags/framework/dwh.py took 0.015 seconds
[2024-12-02T14:46:33.471+0000] {processor.py:186} INFO - Started process (PID=5556) to work on /opt/airflow/dags/framework/dwh.py
[2024-12-02T14:46:33.471+0000] {processor.py:914} INFO - Processing file /opt/airflow/dags/framework/dwh.py for tasks to queue
[2024-12-02T14:46:33.473+0000] {logging_mixin.py:190} INFO - [2024-12-02T14:46:33.473+0000] {dagbag.py:588} INFO - Filling up the DagBag from /opt/airflow/dags/framework/dwh.py
[2024-12-02T14:46:33.474+0000] {processor.py:927} WARNING - No viable dags retrieved from /opt/airflow/dags/framework/dwh.py
[2024-12-02T14:46:33.483+0000] {processor.py:208} INFO - Processing /opt/airflow/dags/framework/dwh.py took 0.016 seconds
[2024-12-02T14:47:04.314+0000] {processor.py:186} INFO - Started process (PID=5657) to work on /opt/airflow/dags/framework/dwh.py
[2024-12-02T14:47:04.315+0000] {processor.py:914} INFO - Processing file /opt/airflow/dags/framework/dwh.py for tasks to queue
[2024-12-02T14:47:04.317+0000] {logging_mixin.py:190} INFO - [2024-12-02T14:47:04.316+0000] {dagbag.py:588} INFO - Filling up the DagBag from /opt/airflow/dags/framework/dwh.py
[2024-12-02T14:47:04.322+0000] {processor.py:927} WARNING - No viable dags retrieved from /opt/airflow/dags/framework/dwh.py
[2024-12-02T14:47:04.331+0000] {processor.py:208} INFO - Processing /opt/airflow/dags/framework/dwh.py took 0.020 seconds
[2024-12-02T14:47:35.176+0000] {processor.py:186} INFO - Started process (PID=5758) to work on /opt/airflow/dags/framework/dwh.py
[2024-12-02T14:47:35.181+0000] {processor.py:914} INFO - Processing file /opt/airflow/dags/framework/dwh.py for tasks to queue
[2024-12-02T14:47:35.185+0000] {logging_mixin.py:190} INFO - [2024-12-02T14:47:35.184+0000] {dagbag.py:588} INFO - Filling up the DagBag from /opt/airflow/dags/framework/dwh.py
[2024-12-02T14:47:35.188+0000] {processor.py:927} WARNING - No viable dags retrieved from /opt/airflow/dags/framework/dwh.py
[2024-12-02T14:47:35.200+0000] {processor.py:208} INFO - Processing /opt/airflow/dags/framework/dwh.py took 0.028 seconds
[2024-12-02T14:48:05.960+0000] {processor.py:186} INFO - Started process (PID=5859) to work on /opt/airflow/dags/framework/dwh.py
[2024-12-02T14:48:05.960+0000] {processor.py:914} INFO - Processing file /opt/airflow/dags/framework/dwh.py for tasks to queue
[2024-12-02T14:48:05.961+0000] {logging_mixin.py:190} INFO - [2024-12-02T14:48:05.961+0000] {dagbag.py:588} INFO - Filling up the DagBag from /opt/airflow/dags/framework/dwh.py
[2024-12-02T14:48:05.963+0000] {processor.py:927} WARNING - No viable dags retrieved from /opt/airflow/dags/framework/dwh.py
[2024-12-02T14:48:05.972+0000] {processor.py:208} INFO - Processing /opt/airflow/dags/framework/dwh.py took 0.015 seconds
[2024-12-02T14:48:36.702+0000] {processor.py:186} INFO - Started process (PID=5960) to work on /opt/airflow/dags/framework/dwh.py
[2024-12-02T14:48:36.703+0000] {processor.py:914} INFO - Processing file /opt/airflow/dags/framework/dwh.py for tasks to queue
[2024-12-02T14:48:36.704+0000] {logging_mixin.py:190} INFO - [2024-12-02T14:48:36.704+0000] {dagbag.py:588} INFO - Filling up the DagBag from /opt/airflow/dags/framework/dwh.py
[2024-12-02T14:48:36.706+0000] {processor.py:927} WARNING - No viable dags retrieved from /opt/airflow/dags/framework/dwh.py
[2024-12-02T14:48:36.715+0000] {processor.py:208} INFO - Processing /opt/airflow/dags/framework/dwh.py took 0.016 seconds
[2024-12-02T14:49:07.474+0000] {processor.py:186} INFO - Started process (PID=6061) to work on /opt/airflow/dags/framework/dwh.py
[2024-12-02T14:49:07.475+0000] {processor.py:914} INFO - Processing file /opt/airflow/dags/framework/dwh.py for tasks to queue
[2024-12-02T14:49:07.476+0000] {logging_mixin.py:190} INFO - [2024-12-02T14:49:07.476+0000] {dagbag.py:588} INFO - Filling up the DagBag from /opt/airflow/dags/framework/dwh.py
[2024-12-02T14:49:07.478+0000] {processor.py:927} WARNING - No viable dags retrieved from /opt/airflow/dags/framework/dwh.py
[2024-12-02T14:49:07.491+0000] {processor.py:208} INFO - Processing /opt/airflow/dags/framework/dwh.py took 0.022 seconds
[2024-12-02T14:49:38.405+0000] {processor.py:186} INFO - Started process (PID=6162) to work on /opt/airflow/dags/framework/dwh.py
[2024-12-02T14:49:38.406+0000] {processor.py:914} INFO - Processing file /opt/airflow/dags/framework/dwh.py for tasks to queue
[2024-12-02T14:49:38.407+0000] {logging_mixin.py:190} INFO - [2024-12-02T14:49:38.407+0000] {dagbag.py:588} INFO - Filling up the DagBag from /opt/airflow/dags/framework/dwh.py
[2024-12-02T14:49:38.411+0000] {processor.py:927} WARNING - No viable dags retrieved from /opt/airflow/dags/framework/dwh.py
[2024-12-02T14:49:38.418+0000] {processor.py:208} INFO - Processing /opt/airflow/dags/framework/dwh.py took 0.017 seconds
[2024-12-02T14:50:09.138+0000] {processor.py:186} INFO - Started process (PID=6263) to work on /opt/airflow/dags/framework/dwh.py
[2024-12-02T14:50:09.138+0000] {processor.py:914} INFO - Processing file /opt/airflow/dags/framework/dwh.py for tasks to queue
[2024-12-02T14:50:09.139+0000] {logging_mixin.py:190} INFO - [2024-12-02T14:50:09.139+0000] {dagbag.py:588} INFO - Filling up the DagBag from /opt/airflow/dags/framework/dwh.py
[2024-12-02T14:50:09.141+0000] {processor.py:927} WARNING - No viable dags retrieved from /opt/airflow/dags/framework/dwh.py
[2024-12-02T14:50:09.149+0000] {processor.py:208} INFO - Processing /opt/airflow/dags/framework/dwh.py took 0.014 seconds
[2024-12-02T14:50:39.922+0000] {processor.py:186} INFO - Started process (PID=6364) to work on /opt/airflow/dags/framework/dwh.py
[2024-12-02T14:50:39.923+0000] {processor.py:914} INFO - Processing file /opt/airflow/dags/framework/dwh.py for tasks to queue
[2024-12-02T14:50:39.925+0000] {logging_mixin.py:190} INFO - [2024-12-02T14:50:39.924+0000] {dagbag.py:588} INFO - Filling up the DagBag from /opt/airflow/dags/framework/dwh.py
[2024-12-02T14:50:39.928+0000] {processor.py:927} WARNING - No viable dags retrieved from /opt/airflow/dags/framework/dwh.py
[2024-12-02T14:50:39.934+0000] {processor.py:208} INFO - Processing /opt/airflow/dags/framework/dwh.py took 0.014 seconds
[2024-12-02T14:51:10.590+0000] {processor.py:186} INFO - Started process (PID=6465) to work on /opt/airflow/dags/framework/dwh.py
[2024-12-02T14:51:10.591+0000] {processor.py:914} INFO - Processing file /opt/airflow/dags/framework/dwh.py for tasks to queue
[2024-12-02T14:51:10.592+0000] {logging_mixin.py:190} INFO - [2024-12-02T14:51:10.592+0000] {dagbag.py:588} INFO - Filling up the DagBag from /opt/airflow/dags/framework/dwh.py
[2024-12-02T14:51:10.594+0000] {processor.py:927} WARNING - No viable dags retrieved from /opt/airflow/dags/framework/dwh.py
[2024-12-02T14:51:10.603+0000] {processor.py:208} INFO - Processing /opt/airflow/dags/framework/dwh.py took 0.015 seconds
[2024-12-02T14:51:41.383+0000] {processor.py:186} INFO - Started process (PID=6566) to work on /opt/airflow/dags/framework/dwh.py
[2024-12-02T14:51:41.384+0000] {processor.py:914} INFO - Processing file /opt/airflow/dags/framework/dwh.py for tasks to queue
[2024-12-02T14:51:41.385+0000] {logging_mixin.py:190} INFO - [2024-12-02T14:51:41.385+0000] {dagbag.py:588} INFO - Filling up the DagBag from /opt/airflow/dags/framework/dwh.py
[2024-12-02T14:51:41.387+0000] {processor.py:927} WARNING - No viable dags retrieved from /opt/airflow/dags/framework/dwh.py
[2024-12-02T14:51:41.393+0000] {processor.py:208} INFO - Processing /opt/airflow/dags/framework/dwh.py took 0.012 seconds
[2024-12-02T14:52:12.125+0000] {processor.py:186} INFO - Started process (PID=6667) to work on /opt/airflow/dags/framework/dwh.py
[2024-12-02T14:52:12.128+0000] {processor.py:914} INFO - Processing file /opt/airflow/dags/framework/dwh.py for tasks to queue
[2024-12-02T14:52:12.129+0000] {logging_mixin.py:190} INFO - [2024-12-02T14:52:12.129+0000] {dagbag.py:588} INFO - Filling up the DagBag from /opt/airflow/dags/framework/dwh.py
[2024-12-02T14:52:12.131+0000] {processor.py:927} WARNING - No viable dags retrieved from /opt/airflow/dags/framework/dwh.py
[2024-12-02T14:52:12.139+0000] {processor.py:208} INFO - Processing /opt/airflow/dags/framework/dwh.py took 0.017 seconds
[2024-12-02T14:52:42.899+0000] {processor.py:186} INFO - Started process (PID=6768) to work on /opt/airflow/dags/framework/dwh.py
[2024-12-02T14:52:42.900+0000] {processor.py:914} INFO - Processing file /opt/airflow/dags/framework/dwh.py for tasks to queue
[2024-12-02T14:52:42.902+0000] {logging_mixin.py:190} INFO - [2024-12-02T14:52:42.902+0000] {dagbag.py:588} INFO - Filling up the DagBag from /opt/airflow/dags/framework/dwh.py
[2024-12-02T14:52:42.904+0000] {processor.py:927} WARNING - No viable dags retrieved from /opt/airflow/dags/framework/dwh.py
[2024-12-02T14:52:42.911+0000] {processor.py:208} INFO - Processing /opt/airflow/dags/framework/dwh.py took 0.014 seconds
[2024-12-02T14:53:13.736+0000] {processor.py:186} INFO - Started process (PID=6869) to work on /opt/airflow/dags/framework/dwh.py
[2024-12-02T14:53:13.737+0000] {processor.py:914} INFO - Processing file /opt/airflow/dags/framework/dwh.py for tasks to queue
[2024-12-02T14:53:13.739+0000] {logging_mixin.py:190} INFO - [2024-12-02T14:53:13.739+0000] {dagbag.py:588} INFO - Filling up the DagBag from /opt/airflow/dags/framework/dwh.py
[2024-12-02T14:53:13.744+0000] {processor.py:927} WARNING - No viable dags retrieved from /opt/airflow/dags/framework/dwh.py
[2024-12-02T14:53:13.750+0000] {processor.py:208} INFO - Processing /opt/airflow/dags/framework/dwh.py took 0.018 seconds
[2024-12-02T14:53:44.510+0000] {processor.py:186} INFO - Started process (PID=6970) to work on /opt/airflow/dags/framework/dwh.py
[2024-12-02T14:53:44.511+0000] {processor.py:914} INFO - Processing file /opt/airflow/dags/framework/dwh.py for tasks to queue
[2024-12-02T14:53:44.512+0000] {logging_mixin.py:190} INFO - [2024-12-02T14:53:44.512+0000] {dagbag.py:588} INFO - Filling up the DagBag from /opt/airflow/dags/framework/dwh.py
[2024-12-02T14:53:44.514+0000] {processor.py:927} WARNING - No viable dags retrieved from /opt/airflow/dags/framework/dwh.py
[2024-12-02T14:53:44.525+0000] {processor.py:208} INFO - Processing /opt/airflow/dags/framework/dwh.py took 0.017 seconds
[2024-12-02T14:54:15.232+0000] {processor.py:186} INFO - Started process (PID=7071) to work on /opt/airflow/dags/framework/dwh.py
[2024-12-02T14:54:15.233+0000] {processor.py:914} INFO - Processing file /opt/airflow/dags/framework/dwh.py for tasks to queue
[2024-12-02T14:54:15.234+0000] {logging_mixin.py:190} INFO - [2024-12-02T14:54:15.234+0000] {dagbag.py:588} INFO - Filling up the DagBag from /opt/airflow/dags/framework/dwh.py
[2024-12-02T14:54:15.236+0000] {processor.py:927} WARNING - No viable dags retrieved from /opt/airflow/dags/framework/dwh.py
[2024-12-02T14:54:15.244+0000] {processor.py:208} INFO - Processing /opt/airflow/dags/framework/dwh.py took 0.014 seconds
[2024-12-02T14:54:46.025+0000] {processor.py:186} INFO - Started process (PID=7172) to work on /opt/airflow/dags/framework/dwh.py
[2024-12-02T14:54:46.025+0000] {processor.py:914} INFO - Processing file /opt/airflow/dags/framework/dwh.py for tasks to queue
[2024-12-02T14:54:46.026+0000] {logging_mixin.py:190} INFO - [2024-12-02T14:54:46.026+0000] {dagbag.py:588} INFO - Filling up the DagBag from /opt/airflow/dags/framework/dwh.py
[2024-12-02T14:54:46.029+0000] {processor.py:927} WARNING - No viable dags retrieved from /opt/airflow/dags/framework/dwh.py
[2024-12-02T14:54:46.036+0000] {processor.py:208} INFO - Processing /opt/airflow/dags/framework/dwh.py took 0.015 seconds
[2024-12-02T14:55:16.726+0000] {processor.py:186} INFO - Started process (PID=7273) to work on /opt/airflow/dags/framework/dwh.py
[2024-12-02T14:55:16.727+0000] {processor.py:914} INFO - Processing file /opt/airflow/dags/framework/dwh.py for tasks to queue
[2024-12-02T14:55:16.728+0000] {logging_mixin.py:190} INFO - [2024-12-02T14:55:16.728+0000] {dagbag.py:588} INFO - Filling up the DagBag from /opt/airflow/dags/framework/dwh.py
[2024-12-02T14:55:16.729+0000] {processor.py:927} WARNING - No viable dags retrieved from /opt/airflow/dags/framework/dwh.py
[2024-12-02T14:55:16.738+0000] {processor.py:208} INFO - Processing /opt/airflow/dags/framework/dwh.py took 0.014 seconds
[2024-12-02T14:55:47.471+0000] {processor.py:186} INFO - Started process (PID=7381) to work on /opt/airflow/dags/framework/dwh.py
[2024-12-02T14:55:47.472+0000] {processor.py:914} INFO - Processing file /opt/airflow/dags/framework/dwh.py for tasks to queue
[2024-12-02T14:55:47.473+0000] {logging_mixin.py:190} INFO - [2024-12-02T14:55:47.473+0000] {dagbag.py:588} INFO - Filling up the DagBag from /opt/airflow/dags/framework/dwh.py
[2024-12-02T14:55:47.476+0000] {processor.py:927} WARNING - No viable dags retrieved from /opt/airflow/dags/framework/dwh.py
[2024-12-02T14:55:47.485+0000] {processor.py:208} INFO - Processing /opt/airflow/dags/framework/dwh.py took 0.017 seconds
[2024-12-02T14:56:18.264+0000] {processor.py:186} INFO - Started process (PID=7482) to work on /opt/airflow/dags/framework/dwh.py
[2024-12-02T14:56:18.265+0000] {processor.py:914} INFO - Processing file /opt/airflow/dags/framework/dwh.py for tasks to queue
[2024-12-02T14:56:18.266+0000] {logging_mixin.py:190} INFO - [2024-12-02T14:56:18.266+0000] {dagbag.py:588} INFO - Filling up the DagBag from /opt/airflow/dags/framework/dwh.py
[2024-12-02T14:56:18.269+0000] {processor.py:927} WARNING - No viable dags retrieved from /opt/airflow/dags/framework/dwh.py
[2024-12-02T14:56:18.282+0000] {processor.py:208} INFO - Processing /opt/airflow/dags/framework/dwh.py took 0.023 seconds
[2024-12-02T14:56:49.020+0000] {processor.py:186} INFO - Started process (PID=7583) to work on /opt/airflow/dags/framework/dwh.py
[2024-12-02T14:56:49.020+0000] {processor.py:914} INFO - Processing file /opt/airflow/dags/framework/dwh.py for tasks to queue
[2024-12-02T14:56:49.022+0000] {logging_mixin.py:190} INFO - [2024-12-02T14:56:49.022+0000] {dagbag.py:588} INFO - Filling up the DagBag from /opt/airflow/dags/framework/dwh.py
[2024-12-02T14:56:49.024+0000] {processor.py:927} WARNING - No viable dags retrieved from /opt/airflow/dags/framework/dwh.py
[2024-12-02T14:56:49.032+0000] {processor.py:208} INFO - Processing /opt/airflow/dags/framework/dwh.py took 0.014 seconds
[2024-12-02T14:57:19.823+0000] {processor.py:186} INFO - Started process (PID=7684) to work on /opt/airflow/dags/framework/dwh.py
[2024-12-02T14:57:19.824+0000] {processor.py:914} INFO - Processing file /opt/airflow/dags/framework/dwh.py for tasks to queue
[2024-12-02T14:57:19.825+0000] {logging_mixin.py:190} INFO - [2024-12-02T14:57:19.825+0000] {dagbag.py:588} INFO - Filling up the DagBag from /opt/airflow/dags/framework/dwh.py
[2024-12-02T14:57:19.831+0000] {processor.py:927} WARNING - No viable dags retrieved from /opt/airflow/dags/framework/dwh.py
[2024-12-02T14:57:19.838+0000] {processor.py:208} INFO - Processing /opt/airflow/dags/framework/dwh.py took 0.018 seconds
[2024-12-02T14:57:50.553+0000] {processor.py:186} INFO - Started process (PID=7785) to work on /opt/airflow/dags/framework/dwh.py
[2024-12-02T14:57:50.554+0000] {processor.py:914} INFO - Processing file /opt/airflow/dags/framework/dwh.py for tasks to queue
[2024-12-02T14:57:50.555+0000] {logging_mixin.py:190} INFO - [2024-12-02T14:57:50.555+0000] {dagbag.py:588} INFO - Filling up the DagBag from /opt/airflow/dags/framework/dwh.py
[2024-12-02T14:57:50.557+0000] {processor.py:927} WARNING - No viable dags retrieved from /opt/airflow/dags/framework/dwh.py
[2024-12-02T14:57:50.566+0000] {processor.py:208} INFO - Processing /opt/airflow/dags/framework/dwh.py took 0.015 seconds
[2024-12-02T14:58:21.251+0000] {processor.py:186} INFO - Started process (PID=7886) to work on /opt/airflow/dags/framework/dwh.py
[2024-12-02T14:58:21.251+0000] {processor.py:914} INFO - Processing file /opt/airflow/dags/framework/dwh.py for tasks to queue
[2024-12-02T14:58:21.253+0000] {logging_mixin.py:190} INFO - [2024-12-02T14:58:21.253+0000] {dagbag.py:588} INFO - Filling up the DagBag from /opt/airflow/dags/framework/dwh.py
[2024-12-02T14:58:21.255+0000] {processor.py:927} WARNING - No viable dags retrieved from /opt/airflow/dags/framework/dwh.py
[2024-12-02T14:58:21.264+0000] {processor.py:208} INFO - Processing /opt/airflow/dags/framework/dwh.py took 0.016 seconds
[2024-12-02T14:58:52.007+0000] {processor.py:186} INFO - Started process (PID=7987) to work on /opt/airflow/dags/framework/dwh.py
[2024-12-02T14:58:52.007+0000] {processor.py:914} INFO - Processing file /opt/airflow/dags/framework/dwh.py for tasks to queue
[2024-12-02T14:58:52.008+0000] {logging_mixin.py:190} INFO - [2024-12-02T14:58:52.008+0000] {dagbag.py:588} INFO - Filling up the DagBag from /opt/airflow/dags/framework/dwh.py
[2024-12-02T14:58:52.010+0000] {processor.py:927} WARNING - No viable dags retrieved from /opt/airflow/dags/framework/dwh.py
[2024-12-02T14:58:52.019+0000] {processor.py:208} INFO - Processing /opt/airflow/dags/framework/dwh.py took 0.015 seconds
[2024-12-02T14:59:22.769+0000] {processor.py:186} INFO - Started process (PID=8088) to work on /opt/airflow/dags/framework/dwh.py
[2024-12-02T14:59:22.770+0000] {processor.py:914} INFO - Processing file /opt/airflow/dags/framework/dwh.py for tasks to queue
[2024-12-02T14:59:22.772+0000] {logging_mixin.py:190} INFO - [2024-12-02T14:59:22.772+0000] {dagbag.py:588} INFO - Filling up the DagBag from /opt/airflow/dags/framework/dwh.py
[2024-12-02T14:59:22.774+0000] {processor.py:927} WARNING - No viable dags retrieved from /opt/airflow/dags/framework/dwh.py
[2024-12-02T14:59:22.784+0000] {processor.py:208} INFO - Processing /opt/airflow/dags/framework/dwh.py took 0.018 seconds
[2024-12-02T14:59:53.627+0000] {processor.py:186} INFO - Started process (PID=8189) to work on /opt/airflow/dags/framework/dwh.py
[2024-12-02T14:59:53.628+0000] {processor.py:914} INFO - Processing file /opt/airflow/dags/framework/dwh.py for tasks to queue
[2024-12-02T14:59:53.629+0000] {logging_mixin.py:190} INFO - [2024-12-02T14:59:53.629+0000] {dagbag.py:588} INFO - Filling up the DagBag from /opt/airflow/dags/framework/dwh.py
[2024-12-02T14:59:53.631+0000] {processor.py:927} WARNING - No viable dags retrieved from /opt/airflow/dags/framework/dwh.py
[2024-12-02T14:59:53.641+0000] {processor.py:208} INFO - Processing /opt/airflow/dags/framework/dwh.py took 0.017 seconds
[2024-12-02T15:00:24.355+0000] {processor.py:186} INFO - Started process (PID=8290) to work on /opt/airflow/dags/framework/dwh.py
[2024-12-02T15:00:24.356+0000] {processor.py:914} INFO - Processing file /opt/airflow/dags/framework/dwh.py for tasks to queue
[2024-12-02T15:00:24.357+0000] {logging_mixin.py:190} INFO - [2024-12-02T15:00:24.357+0000] {dagbag.py:588} INFO - Filling up the DagBag from /opt/airflow/dags/framework/dwh.py
[2024-12-02T15:00:24.359+0000] {processor.py:927} WARNING - No viable dags retrieved from /opt/airflow/dags/framework/dwh.py
[2024-12-02T15:00:24.366+0000] {processor.py:208} INFO - Processing /opt/airflow/dags/framework/dwh.py took 0.014 seconds
[2024-12-02T15:00:55.138+0000] {processor.py:186} INFO - Started process (PID=8391) to work on /opt/airflow/dags/framework/dwh.py
[2024-12-02T15:00:55.138+0000] {processor.py:914} INFO - Processing file /opt/airflow/dags/framework/dwh.py for tasks to queue
[2024-12-02T15:00:55.140+0000] {logging_mixin.py:190} INFO - [2024-12-02T15:00:55.140+0000] {dagbag.py:588} INFO - Filling up the DagBag from /opt/airflow/dags/framework/dwh.py
[2024-12-02T15:00:55.141+0000] {processor.py:927} WARNING - No viable dags retrieved from /opt/airflow/dags/framework/dwh.py
[2024-12-02T15:00:55.151+0000] {processor.py:208} INFO - Processing /opt/airflow/dags/framework/dwh.py took 0.017 seconds
[2024-12-02T15:01:25.942+0000] {processor.py:186} INFO - Started process (PID=8494) to work on /opt/airflow/dags/framework/dwh.py
[2024-12-02T15:01:25.942+0000] {processor.py:914} INFO - Processing file /opt/airflow/dags/framework/dwh.py for tasks to queue
[2024-12-02T15:01:25.943+0000] {logging_mixin.py:190} INFO - [2024-12-02T15:01:25.943+0000] {dagbag.py:588} INFO - Filling up the DagBag from /opt/airflow/dags/framework/dwh.py
[2024-12-02T15:01:25.945+0000] {processor.py:927} WARNING - No viable dags retrieved from /opt/airflow/dags/framework/dwh.py
[2024-12-02T15:01:25.950+0000] {processor.py:208} INFO - Processing /opt/airflow/dags/framework/dwh.py took 0.012 seconds
[2024-12-02T15:01:56.691+0000] {processor.py:186} INFO - Started process (PID=8593) to work on /opt/airflow/dags/framework/dwh.py
[2024-12-02T15:01:56.691+0000] {processor.py:914} INFO - Processing file /opt/airflow/dags/framework/dwh.py for tasks to queue
[2024-12-02T15:01:56.693+0000] {logging_mixin.py:190} INFO - [2024-12-02T15:01:56.693+0000] {dagbag.py:588} INFO - Filling up the DagBag from /opt/airflow/dags/framework/dwh.py
[2024-12-02T15:01:56.697+0000] {processor.py:927} WARNING - No viable dags retrieved from /opt/airflow/dags/framework/dwh.py
[2024-12-02T15:01:56.705+0000] {processor.py:208} INFO - Processing /opt/airflow/dags/framework/dwh.py took 0.018 seconds
[2024-12-02T15:02:27.548+0000] {processor.py:186} INFO - Started process (PID=8694) to work on /opt/airflow/dags/framework/dwh.py
[2024-12-02T15:02:27.549+0000] {processor.py:914} INFO - Processing file /opt/airflow/dags/framework/dwh.py for tasks to queue
[2024-12-02T15:02:27.550+0000] {logging_mixin.py:190} INFO - [2024-12-02T15:02:27.550+0000] {dagbag.py:588} INFO - Filling up the DagBag from /opt/airflow/dags/framework/dwh.py
[2024-12-02T15:02:27.553+0000] {processor.py:927} WARNING - No viable dags retrieved from /opt/airflow/dags/framework/dwh.py
[2024-12-02T15:02:27.561+0000] {processor.py:208} INFO - Processing /opt/airflow/dags/framework/dwh.py took 0.017 seconds
[2024-12-02T15:02:58.342+0000] {processor.py:186} INFO - Started process (PID=8795) to work on /opt/airflow/dags/framework/dwh.py
[2024-12-02T15:02:58.342+0000] {processor.py:914} INFO - Processing file /opt/airflow/dags/framework/dwh.py for tasks to queue
[2024-12-02T15:02:58.345+0000] {logging_mixin.py:190} INFO - [2024-12-02T15:02:58.344+0000] {dagbag.py:588} INFO - Filling up the DagBag from /opt/airflow/dags/framework/dwh.py
[2024-12-02T15:02:58.348+0000] {processor.py:927} WARNING - No viable dags retrieved from /opt/airflow/dags/framework/dwh.py
[2024-12-02T15:02:58.357+0000] {processor.py:208} INFO - Processing /opt/airflow/dags/framework/dwh.py took 0.017 seconds
[2024-12-02T15:03:29.088+0000] {processor.py:186} INFO - Started process (PID=8896) to work on /opt/airflow/dags/framework/dwh.py
[2024-12-02T15:03:29.089+0000] {processor.py:914} INFO - Processing file /opt/airflow/dags/framework/dwh.py for tasks to queue
[2024-12-02T15:03:29.091+0000] {logging_mixin.py:190} INFO - [2024-12-02T15:03:29.091+0000] {dagbag.py:588} INFO - Filling up the DagBag from /opt/airflow/dags/framework/dwh.py
[2024-12-02T15:03:29.092+0000] {processor.py:927} WARNING - No viable dags retrieved from /opt/airflow/dags/framework/dwh.py
[2024-12-02T15:03:29.101+0000] {processor.py:208} INFO - Processing /opt/airflow/dags/framework/dwh.py took 0.015 seconds
[2024-12-02T15:03:59.833+0000] {processor.py:186} INFO - Started process (PID=8997) to work on /opt/airflow/dags/framework/dwh.py
[2024-12-02T15:03:59.833+0000] {processor.py:914} INFO - Processing file /opt/airflow/dags/framework/dwh.py for tasks to queue
[2024-12-02T15:03:59.834+0000] {logging_mixin.py:190} INFO - [2024-12-02T15:03:59.834+0000] {dagbag.py:588} INFO - Filling up the DagBag from /opt/airflow/dags/framework/dwh.py
[2024-12-02T15:03:59.839+0000] {processor.py:927} WARNING - No viable dags retrieved from /opt/airflow/dags/framework/dwh.py
[2024-12-02T15:03:59.844+0000] {processor.py:208} INFO - Processing /opt/airflow/dags/framework/dwh.py took 0.014 seconds
[2024-12-02T15:04:30.580+0000] {processor.py:186} INFO - Started process (PID=9098) to work on /opt/airflow/dags/framework/dwh.py
[2024-12-02T15:04:30.581+0000] {processor.py:914} INFO - Processing file /opt/airflow/dags/framework/dwh.py for tasks to queue
[2024-12-02T15:04:30.582+0000] {logging_mixin.py:190} INFO - [2024-12-02T15:04:30.582+0000] {dagbag.py:588} INFO - Filling up the DagBag from /opt/airflow/dags/framework/dwh.py
[2024-12-02T15:04:30.584+0000] {processor.py:927} WARNING - No viable dags retrieved from /opt/airflow/dags/framework/dwh.py
[2024-12-02T15:04:30.592+0000] {processor.py:208} INFO - Processing /opt/airflow/dags/framework/dwh.py took 0.014 seconds
