[2024-11-24T15:57:16.874+0000] {processor.py:186} INFO - Started process (PID=179) to work on /opt/airflow/dags/framework/dwh.py
[2024-11-24T15:57:16.875+0000] {processor.py:914} INFO - Processing file /opt/airflow/dags/framework/dwh.py for tasks to queue
[2024-11-24T15:57:16.881+0000] {logging_mixin.py:190} INFO - [2024-11-24T15:57:16.880+0000] {dagbag.py:588} INFO - Filling up the DagBag from /opt/airflow/dags/framework/dwh.py
[2024-11-24T15:57:16.887+0000] {processor.py:927} WARNING - No viable dags retrieved from /opt/airflow/dags/framework/dwh.py
[2024-11-24T15:57:16.900+0000] {processor.py:208} INFO - Processing /opt/airflow/dags/framework/dwh.py took 0.030 seconds
[2024-11-24T15:57:47.272+0000] {processor.py:186} INFO - Started process (PID=552) to work on /opt/airflow/dags/framework/dwh.py
[2024-11-24T15:57:47.272+0000] {processor.py:914} INFO - Processing file /opt/airflow/dags/framework/dwh.py for tasks to queue
[2024-11-24T15:57:47.275+0000] {logging_mixin.py:190} INFO - [2024-11-24T15:57:47.275+0000] {dagbag.py:588} INFO - Filling up the DagBag from /opt/airflow/dags/framework/dwh.py
[2024-11-24T15:57:47.278+0000] {processor.py:927} WARNING - No viable dags retrieved from /opt/airflow/dags/framework/dwh.py
[2024-11-24T15:57:47.287+0000] {processor.py:208} INFO - Processing /opt/airflow/dags/framework/dwh.py took 0.018 seconds
[2024-11-24T15:58:17.767+0000] {processor.py:186} INFO - Started process (PID=908) to work on /opt/airflow/dags/framework/dwh.py
[2024-11-24T15:58:17.769+0000] {processor.py:914} INFO - Processing file /opt/airflow/dags/framework/dwh.py for tasks to queue
[2024-11-24T15:58:17.771+0000] {logging_mixin.py:190} INFO - [2024-11-24T15:58:17.771+0000] {dagbag.py:588} INFO - Filling up the DagBag from /opt/airflow/dags/framework/dwh.py
[2024-11-24T15:58:17.775+0000] {processor.py:927} WARNING - No viable dags retrieved from /opt/airflow/dags/framework/dwh.py
[2024-11-24T15:58:17.781+0000] {processor.py:208} INFO - Processing /opt/airflow/dags/framework/dwh.py took 0.017 seconds
[2024-11-24T15:58:48.435+0000] {processor.py:186} INFO - Started process (PID=1263) to work on /opt/airflow/dags/framework/dwh.py
[2024-11-24T15:58:48.435+0000] {processor.py:914} INFO - Processing file /opt/airflow/dags/framework/dwh.py for tasks to queue
[2024-11-24T15:58:48.438+0000] {logging_mixin.py:190} INFO - [2024-11-24T15:58:48.438+0000] {dagbag.py:588} INFO - Filling up the DagBag from /opt/airflow/dags/framework/dwh.py
[2024-11-24T15:58:48.444+0000] {processor.py:927} WARNING - No viable dags retrieved from /opt/airflow/dags/framework/dwh.py
[2024-11-24T15:58:48.450+0000] {processor.py:208} INFO - Processing /opt/airflow/dags/framework/dwh.py took 0.019 seconds
[2024-11-24T15:59:19.126+0000] {processor.py:186} INFO - Started process (PID=1619) to work on /opt/airflow/dags/framework/dwh.py
[2024-11-24T15:59:19.127+0000] {processor.py:914} INFO - Processing file /opt/airflow/dags/framework/dwh.py for tasks to queue
[2024-11-24T15:59:19.129+0000] {logging_mixin.py:190} INFO - [2024-11-24T15:59:19.129+0000] {dagbag.py:588} INFO - Filling up the DagBag from /opt/airflow/dags/framework/dwh.py
[2024-11-24T15:59:19.133+0000] {processor.py:927} WARNING - No viable dags retrieved from /opt/airflow/dags/framework/dwh.py
[2024-11-24T15:59:19.140+0000] {processor.py:208} INFO - Processing /opt/airflow/dags/framework/dwh.py took 0.016 seconds
[2024-11-24T15:59:49.753+0000] {processor.py:186} INFO - Started process (PID=1975) to work on /opt/airflow/dags/framework/dwh.py
[2024-11-24T15:59:49.753+0000] {processor.py:914} INFO - Processing file /opt/airflow/dags/framework/dwh.py for tasks to queue
[2024-11-24T15:59:49.755+0000] {logging_mixin.py:190} INFO - [2024-11-24T15:59:49.754+0000] {dagbag.py:588} INFO - Filling up the DagBag from /opt/airflow/dags/framework/dwh.py
[2024-11-24T15:59:49.760+0000] {processor.py:927} WARNING - No viable dags retrieved from /opt/airflow/dags/framework/dwh.py
[2024-11-24T15:59:49.768+0000] {processor.py:208} INFO - Processing /opt/airflow/dags/framework/dwh.py took 0.018 seconds
[2024-11-24T16:00:20.215+0000] {processor.py:186} INFO - Started process (PID=2331) to work on /opt/airflow/dags/framework/dwh.py
[2024-11-24T16:00:20.216+0000] {processor.py:914} INFO - Processing file /opt/airflow/dags/framework/dwh.py for tasks to queue
[2024-11-24T16:00:20.217+0000] {logging_mixin.py:190} INFO - [2024-11-24T16:00:20.217+0000] {dagbag.py:588} INFO - Filling up the DagBag from /opt/airflow/dags/framework/dwh.py
[2024-11-24T16:00:20.219+0000] {processor.py:927} WARNING - No viable dags retrieved from /opt/airflow/dags/framework/dwh.py
[2024-11-24T16:00:20.227+0000] {processor.py:208} INFO - Processing /opt/airflow/dags/framework/dwh.py took 0.014 seconds
[2024-11-24T16:00:50.591+0000] {processor.py:186} INFO - Started process (PID=2686) to work on /opt/airflow/dags/framework/dwh.py
[2024-11-24T16:00:50.593+0000] {processor.py:914} INFO - Processing file /opt/airflow/dags/framework/dwh.py for tasks to queue
[2024-11-24T16:00:50.596+0000] {logging_mixin.py:190} INFO - [2024-11-24T16:00:50.596+0000] {dagbag.py:588} INFO - Filling up the DagBag from /opt/airflow/dags/framework/dwh.py
[2024-11-24T16:00:50.600+0000] {processor.py:927} WARNING - No viable dags retrieved from /opt/airflow/dags/framework/dwh.py
[2024-11-24T16:00:50.608+0000] {processor.py:208} INFO - Processing /opt/airflow/dags/framework/dwh.py took 0.021 seconds
[2024-11-24T16:01:21.081+0000] {processor.py:186} INFO - Started process (PID=3046) to work on /opt/airflow/dags/framework/dwh.py
[2024-11-24T16:01:21.082+0000] {processor.py:914} INFO - Processing file /opt/airflow/dags/framework/dwh.py for tasks to queue
[2024-11-24T16:01:21.084+0000] {logging_mixin.py:190} INFO - [2024-11-24T16:01:21.083+0000] {dagbag.py:588} INFO - Filling up the DagBag from /opt/airflow/dags/framework/dwh.py
[2024-11-24T16:01:21.085+0000] {processor.py:927} WARNING - No viable dags retrieved from /opt/airflow/dags/framework/dwh.py
[2024-11-24T16:01:21.091+0000] {processor.py:208} INFO - Processing /opt/airflow/dags/framework/dwh.py took 0.014 seconds
[2024-11-24T16:01:51.503+0000] {processor.py:186} INFO - Started process (PID=3402) to work on /opt/airflow/dags/framework/dwh.py
[2024-11-24T16:01:51.504+0000] {processor.py:914} INFO - Processing file /opt/airflow/dags/framework/dwh.py for tasks to queue
[2024-11-24T16:01:51.505+0000] {logging_mixin.py:190} INFO - [2024-11-24T16:01:51.505+0000] {dagbag.py:588} INFO - Filling up the DagBag from /opt/airflow/dags/framework/dwh.py
[2024-11-24T16:01:51.510+0000] {processor.py:927} WARNING - No viable dags retrieved from /opt/airflow/dags/framework/dwh.py
[2024-11-24T16:01:51.515+0000] {processor.py:208} INFO - Processing /opt/airflow/dags/framework/dwh.py took 0.016 seconds
[2024-11-24T16:02:22.392+0000] {processor.py:186} INFO - Started process (PID=3768) to work on /opt/airflow/dags/framework/dwh.py
[2024-11-24T16:02:22.393+0000] {processor.py:914} INFO - Processing file /opt/airflow/dags/framework/dwh.py for tasks to queue
[2024-11-24T16:02:22.395+0000] {logging_mixin.py:190} INFO - [2024-11-24T16:02:22.394+0000] {dagbag.py:588} INFO - Filling up the DagBag from /opt/airflow/dags/framework/dwh.py
[2024-11-24T16:02:22.398+0000] {processor.py:927} WARNING - No viable dags retrieved from /opt/airflow/dags/framework/dwh.py
[2024-11-24T16:02:22.409+0000] {processor.py:208} INFO - Processing /opt/airflow/dags/framework/dwh.py took 0.021 seconds
[2024-11-24T16:02:52.977+0000] {processor.py:186} INFO - Started process (PID=4124) to work on /opt/airflow/dags/framework/dwh.py
[2024-11-24T16:02:52.977+0000] {processor.py:914} INFO - Processing file /opt/airflow/dags/framework/dwh.py for tasks to queue
[2024-11-24T16:02:52.979+0000] {logging_mixin.py:190} INFO - [2024-11-24T16:02:52.978+0000] {dagbag.py:588} INFO - Filling up the DagBag from /opt/airflow/dags/framework/dwh.py
[2024-11-24T16:02:52.985+0000] {processor.py:927} WARNING - No viable dags retrieved from /opt/airflow/dags/framework/dwh.py
[2024-11-24T16:02:52.993+0000] {processor.py:208} INFO - Processing /opt/airflow/dags/framework/dwh.py took 0.020 seconds
[2024-11-24T16:03:23.304+0000] {processor.py:186} INFO - Started process (PID=4480) to work on /opt/airflow/dags/framework/dwh.py
[2024-11-24T16:03:23.305+0000] {processor.py:914} INFO - Processing file /opt/airflow/dags/framework/dwh.py for tasks to queue
[2024-11-24T16:03:23.306+0000] {logging_mixin.py:190} INFO - [2024-11-24T16:03:23.306+0000] {dagbag.py:588} INFO - Filling up the DagBag from /opt/airflow/dags/framework/dwh.py
[2024-11-24T16:03:23.309+0000] {processor.py:927} WARNING - No viable dags retrieved from /opt/airflow/dags/framework/dwh.py
[2024-11-24T16:03:23.317+0000] {processor.py:208} INFO - Processing /opt/airflow/dags/framework/dwh.py took 0.016 seconds
[2024-11-24T16:03:54.089+0000] {processor.py:186} INFO - Started process (PID=4843) to work on /opt/airflow/dags/framework/dwh.py
[2024-11-24T16:03:54.089+0000] {processor.py:914} INFO - Processing file /opt/airflow/dags/framework/dwh.py for tasks to queue
[2024-11-24T16:03:54.090+0000] {logging_mixin.py:190} INFO - [2024-11-24T16:03:54.090+0000] {dagbag.py:588} INFO - Filling up the DagBag from /opt/airflow/dags/framework/dwh.py
[2024-11-24T16:03:54.093+0000] {processor.py:927} WARNING - No viable dags retrieved from /opt/airflow/dags/framework/dwh.py
[2024-11-24T16:03:54.103+0000] {processor.py:208} INFO - Processing /opt/airflow/dags/framework/dwh.py took 0.017 seconds
[2024-11-24T16:04:24.507+0000] {processor.py:186} INFO - Started process (PID=5214) to work on /opt/airflow/dags/framework/dwh.py
[2024-11-24T16:04:24.508+0000] {processor.py:914} INFO - Processing file /opt/airflow/dags/framework/dwh.py for tasks to queue
[2024-11-24T16:04:24.512+0000] {logging_mixin.py:190} INFO - [2024-11-24T16:04:24.512+0000] {dagbag.py:588} INFO - Filling up the DagBag from /opt/airflow/dags/framework/dwh.py
[2024-11-24T16:04:24.515+0000] {processor.py:927} WARNING - No viable dags retrieved from /opt/airflow/dags/framework/dwh.py
[2024-11-24T16:04:24.526+0000] {processor.py:208} INFO - Processing /opt/airflow/dags/framework/dwh.py took 0.027 seconds
[2024-11-24T16:04:55.188+0000] {processor.py:186} INFO - Started process (PID=5580) to work on /opt/airflow/dags/framework/dwh.py
[2024-11-24T16:04:55.191+0000] {processor.py:914} INFO - Processing file /opt/airflow/dags/framework/dwh.py for tasks to queue
[2024-11-24T16:04:55.192+0000] {logging_mixin.py:190} INFO - [2024-11-24T16:04:55.192+0000] {dagbag.py:588} INFO - Filling up the DagBag from /opt/airflow/dags/framework/dwh.py
[2024-11-24T16:04:55.194+0000] {processor.py:927} WARNING - No viable dags retrieved from /opt/airflow/dags/framework/dwh.py
[2024-11-24T16:04:55.205+0000] {processor.py:208} INFO - Processing /opt/airflow/dags/framework/dwh.py took 0.021 seconds
[2024-11-24T16:05:25.721+0000] {processor.py:186} INFO - Started process (PID=5936) to work on /opt/airflow/dags/framework/dwh.py
[2024-11-24T16:05:25.722+0000] {processor.py:914} INFO - Processing file /opt/airflow/dags/framework/dwh.py for tasks to queue
[2024-11-24T16:05:25.723+0000] {logging_mixin.py:190} INFO - [2024-11-24T16:05:25.723+0000] {dagbag.py:588} INFO - Filling up the DagBag from /opt/airflow/dags/framework/dwh.py
[2024-11-24T16:05:25.728+0000] {processor.py:927} WARNING - No viable dags retrieved from /opt/airflow/dags/framework/dwh.py
[2024-11-24T16:05:25.740+0000] {processor.py:208} INFO - Processing /opt/airflow/dags/framework/dwh.py took 0.024 seconds
[2024-11-24T16:05:56.117+0000] {processor.py:186} INFO - Started process (PID=6302) to work on /opt/airflow/dags/framework/dwh.py
[2024-11-24T16:05:56.118+0000] {processor.py:914} INFO - Processing file /opt/airflow/dags/framework/dwh.py for tasks to queue
[2024-11-24T16:05:56.120+0000] {logging_mixin.py:190} INFO - [2024-11-24T16:05:56.119+0000] {dagbag.py:588} INFO - Filling up the DagBag from /opt/airflow/dags/framework/dwh.py
[2024-11-24T16:05:56.125+0000] {processor.py:927} WARNING - No viable dags retrieved from /opt/airflow/dags/framework/dwh.py
[2024-11-24T16:05:56.136+0000] {processor.py:208} INFO - Processing /opt/airflow/dags/framework/dwh.py took 0.024 seconds
[2024-11-24T16:06:26.504+0000] {processor.py:186} INFO - Started process (PID=6668) to work on /opt/airflow/dags/framework/dwh.py
[2024-11-24T16:06:26.505+0000] {processor.py:914} INFO - Processing file /opt/airflow/dags/framework/dwh.py for tasks to queue
[2024-11-24T16:06:26.507+0000] {logging_mixin.py:190} INFO - [2024-11-24T16:06:26.507+0000] {dagbag.py:588} INFO - Filling up the DagBag from /opt/airflow/dags/framework/dwh.py
[2024-11-24T16:06:26.511+0000] {processor.py:927} WARNING - No viable dags retrieved from /opt/airflow/dags/framework/dwh.py
[2024-11-24T16:06:26.523+0000] {processor.py:208} INFO - Processing /opt/airflow/dags/framework/dwh.py took 0.025 seconds
[2024-11-24T16:06:57.261+0000] {processor.py:186} INFO - Started process (PID=7064) to work on /opt/airflow/dags/framework/dwh.py
[2024-11-24T16:06:57.262+0000] {processor.py:914} INFO - Processing file /opt/airflow/dags/framework/dwh.py for tasks to queue
[2024-11-24T16:06:57.263+0000] {logging_mixin.py:190} INFO - [2024-11-24T16:06:57.263+0000] {dagbag.py:588} INFO - Filling up the DagBag from /opt/airflow/dags/framework/dwh.py
[2024-11-24T16:06:57.266+0000] {processor.py:927} WARNING - No viable dags retrieved from /opt/airflow/dags/framework/dwh.py
[2024-11-24T16:06:57.272+0000] {processor.py:208} INFO - Processing /opt/airflow/dags/framework/dwh.py took 0.015 seconds
[2024-11-24T16:07:27.639+0000] {processor.py:186} INFO - Started process (PID=7420) to work on /opt/airflow/dags/framework/dwh.py
[2024-11-24T16:07:27.640+0000] {processor.py:914} INFO - Processing file /opt/airflow/dags/framework/dwh.py for tasks to queue
[2024-11-24T16:07:27.641+0000] {logging_mixin.py:190} INFO - [2024-11-24T16:07:27.641+0000] {dagbag.py:588} INFO - Filling up the DagBag from /opt/airflow/dags/framework/dwh.py
[2024-11-24T16:07:27.646+0000] {processor.py:927} WARNING - No viable dags retrieved from /opt/airflow/dags/framework/dwh.py
[2024-11-24T16:07:27.652+0000] {processor.py:208} INFO - Processing /opt/airflow/dags/framework/dwh.py took 0.017 seconds
[2024-11-24T16:07:57.789+0000] {processor.py:186} INFO - Started process (PID=7776) to work on /opt/airflow/dags/framework/dwh.py
[2024-11-24T16:07:57.789+0000] {processor.py:914} INFO - Processing file /opt/airflow/dags/framework/dwh.py for tasks to queue
[2024-11-24T16:07:57.790+0000] {logging_mixin.py:190} INFO - [2024-11-24T16:07:57.790+0000] {dagbag.py:588} INFO - Filling up the DagBag from /opt/airflow/dags/framework/dwh.py
[2024-11-24T16:07:57.792+0000] {processor.py:927} WARNING - No viable dags retrieved from /opt/airflow/dags/framework/dwh.py
[2024-11-24T16:07:57.797+0000] {processor.py:208} INFO - Processing /opt/airflow/dags/framework/dwh.py took 0.011 seconds
[2024-11-24T16:08:28.011+0000] {processor.py:186} INFO - Started process (PID=8132) to work on /opt/airflow/dags/framework/dwh.py
[2024-11-24T16:08:28.011+0000] {processor.py:914} INFO - Processing file /opt/airflow/dags/framework/dwh.py for tasks to queue
[2024-11-24T16:08:28.012+0000] {logging_mixin.py:190} INFO - [2024-11-24T16:08:28.012+0000] {dagbag.py:588} INFO - Filling up the DagBag from /opt/airflow/dags/framework/dwh.py
[2024-11-24T16:08:28.014+0000] {processor.py:927} WARNING - No viable dags retrieved from /opt/airflow/dags/framework/dwh.py
[2024-11-24T16:08:28.021+0000] {processor.py:208} INFO - Processing /opt/airflow/dags/framework/dwh.py took 0.014 seconds
[2024-11-24T16:08:58.201+0000] {processor.py:186} INFO - Started process (PID=8488) to work on /opt/airflow/dags/framework/dwh.py
[2024-11-24T16:08:58.202+0000] {processor.py:914} INFO - Processing file /opt/airflow/dags/framework/dwh.py for tasks to queue
[2024-11-24T16:08:58.203+0000] {logging_mixin.py:190} INFO - [2024-11-24T16:08:58.203+0000] {dagbag.py:588} INFO - Filling up the DagBag from /opt/airflow/dags/framework/dwh.py
[2024-11-24T16:08:58.206+0000] {processor.py:927} WARNING - No viable dags retrieved from /opt/airflow/dags/framework/dwh.py
[2024-11-24T16:08:58.212+0000] {processor.py:208} INFO - Processing /opt/airflow/dags/framework/dwh.py took 0.015 seconds
[2024-11-24T16:09:28.454+0000] {processor.py:186} INFO - Started process (PID=8844) to work on /opt/airflow/dags/framework/dwh.py
[2024-11-24T16:09:28.456+0000] {processor.py:914} INFO - Processing file /opt/airflow/dags/framework/dwh.py for tasks to queue
[2024-11-24T16:09:28.457+0000] {logging_mixin.py:190} INFO - [2024-11-24T16:09:28.457+0000] {dagbag.py:588} INFO - Filling up the DagBag from /opt/airflow/dags/framework/dwh.py
[2024-11-24T16:09:28.460+0000] {processor.py:927} WARNING - No viable dags retrieved from /opt/airflow/dags/framework/dwh.py
[2024-11-24T16:09:28.467+0000] {processor.py:208} INFO - Processing /opt/airflow/dags/framework/dwh.py took 0.018 seconds
[2024-11-24T16:09:58.582+0000] {processor.py:186} INFO - Started process (PID=9200) to work on /opt/airflow/dags/framework/dwh.py
[2024-11-24T16:09:58.583+0000] {processor.py:914} INFO - Processing file /opt/airflow/dags/framework/dwh.py for tasks to queue
[2024-11-24T16:09:58.584+0000] {logging_mixin.py:190} INFO - [2024-11-24T16:09:58.583+0000] {dagbag.py:588} INFO - Filling up the DagBag from /opt/airflow/dags/framework/dwh.py
[2024-11-24T16:09:58.585+0000] {processor.py:927} WARNING - No viable dags retrieved from /opt/airflow/dags/framework/dwh.py
[2024-11-24T16:09:58.591+0000] {processor.py:208} INFO - Processing /opt/airflow/dags/framework/dwh.py took 0.013 seconds
[2024-11-24T16:10:28.803+0000] {processor.py:186} INFO - Started process (PID=9556) to work on /opt/airflow/dags/framework/dwh.py
[2024-11-24T16:10:28.804+0000] {processor.py:914} INFO - Processing file /opt/airflow/dags/framework/dwh.py for tasks to queue
[2024-11-24T16:10:28.805+0000] {logging_mixin.py:190} INFO - [2024-11-24T16:10:28.804+0000] {dagbag.py:588} INFO - Filling up the DagBag from /opt/airflow/dags/framework/dwh.py
[2024-11-24T16:10:28.807+0000] {processor.py:927} WARNING - No viable dags retrieved from /opt/airflow/dags/framework/dwh.py
[2024-11-24T16:10:28.813+0000] {processor.py:208} INFO - Processing /opt/airflow/dags/framework/dwh.py took 0.014 seconds
[2024-11-24T16:10:58.974+0000] {processor.py:186} INFO - Started process (PID=9912) to work on /opt/airflow/dags/framework/dwh.py
[2024-11-24T16:10:58.975+0000] {processor.py:914} INFO - Processing file /opt/airflow/dags/framework/dwh.py for tasks to queue
[2024-11-24T16:10:58.976+0000] {logging_mixin.py:190} INFO - [2024-11-24T16:10:58.976+0000] {dagbag.py:588} INFO - Filling up the DagBag from /opt/airflow/dags/framework/dwh.py
[2024-11-24T16:10:58.978+0000] {processor.py:927} WARNING - No viable dags retrieved from /opt/airflow/dags/framework/dwh.py
[2024-11-24T16:10:58.985+0000] {processor.py:208} INFO - Processing /opt/airflow/dags/framework/dwh.py took 0.015 seconds
[2024-11-24T16:11:29.235+0000] {processor.py:186} INFO - Started process (PID=10268) to work on /opt/airflow/dags/framework/dwh.py
[2024-11-24T16:11:29.236+0000] {processor.py:914} INFO - Processing file /opt/airflow/dags/framework/dwh.py for tasks to queue
[2024-11-24T16:11:29.236+0000] {logging_mixin.py:190} INFO - [2024-11-24T16:11:29.236+0000] {dagbag.py:588} INFO - Filling up the DagBag from /opt/airflow/dags/framework/dwh.py
[2024-11-24T16:11:29.239+0000] {processor.py:927} WARNING - No viable dags retrieved from /opt/airflow/dags/framework/dwh.py
[2024-11-24T16:11:29.247+0000] {processor.py:208} INFO - Processing /opt/airflow/dags/framework/dwh.py took 0.016 seconds
[2024-11-24T16:38:18.261+0000] {processor.py:186} INFO - Started process (PID=171) to work on /opt/airflow/dags/framework/dwh.py
[2024-11-24T16:38:18.262+0000] {processor.py:914} INFO - Processing file /opt/airflow/dags/framework/dwh.py for tasks to queue
[2024-11-24T16:38:18.263+0000] {logging_mixin.py:190} INFO - [2024-11-24T16:38:18.263+0000] {dagbag.py:588} INFO - Filling up the DagBag from /opt/airflow/dags/framework/dwh.py
[2024-11-24T16:38:18.266+0000] {processor.py:927} WARNING - No viable dags retrieved from /opt/airflow/dags/framework/dwh.py
[2024-11-24T16:38:18.276+0000] {processor.py:208} INFO - Processing /opt/airflow/dags/framework/dwh.py took 0.018 seconds
[2024-11-24T16:38:48.597+0000] {processor.py:186} INFO - Started process (PID=527) to work on /opt/airflow/dags/framework/dwh.py
[2024-11-24T16:38:48.598+0000] {processor.py:914} INFO - Processing file /opt/airflow/dags/framework/dwh.py for tasks to queue
[2024-11-24T16:38:48.599+0000] {logging_mixin.py:190} INFO - [2024-11-24T16:38:48.599+0000] {dagbag.py:588} INFO - Filling up the DagBag from /opt/airflow/dags/framework/dwh.py
[2024-11-24T16:38:48.602+0000] {processor.py:927} WARNING - No viable dags retrieved from /opt/airflow/dags/framework/dwh.py
[2024-11-24T16:38:48.611+0000] {processor.py:208} INFO - Processing /opt/airflow/dags/framework/dwh.py took 0.017 seconds
[2024-11-24T16:39:18.902+0000] {processor.py:186} INFO - Started process (PID=883) to work on /opt/airflow/dags/framework/dwh.py
[2024-11-24T16:39:18.902+0000] {processor.py:914} INFO - Processing file /opt/airflow/dags/framework/dwh.py for tasks to queue
[2024-11-24T16:39:18.903+0000] {logging_mixin.py:190} INFO - [2024-11-24T16:39:18.903+0000] {dagbag.py:588} INFO - Filling up the DagBag from /opt/airflow/dags/framework/dwh.py
[2024-11-24T16:39:18.907+0000] {processor.py:927} WARNING - No viable dags retrieved from /opt/airflow/dags/framework/dwh.py
[2024-11-24T16:39:18.916+0000] {processor.py:208} INFO - Processing /opt/airflow/dags/framework/dwh.py took 0.018 seconds
[2024-11-24T16:39:49.347+0000] {processor.py:186} INFO - Started process (PID=1239) to work on /opt/airflow/dags/framework/dwh.py
[2024-11-24T16:39:49.347+0000] {processor.py:914} INFO - Processing file /opt/airflow/dags/framework/dwh.py for tasks to queue
[2024-11-24T16:39:49.348+0000] {logging_mixin.py:190} INFO - [2024-11-24T16:39:49.348+0000] {dagbag.py:588} INFO - Filling up the DagBag from /opt/airflow/dags/framework/dwh.py
[2024-11-24T16:39:49.352+0000] {processor.py:927} WARNING - No viable dags retrieved from /opt/airflow/dags/framework/dwh.py
[2024-11-24T16:39:49.362+0000] {processor.py:208} INFO - Processing /opt/airflow/dags/framework/dwh.py took 0.019 seconds
[2024-11-24T16:40:19.649+0000] {processor.py:186} INFO - Started process (PID=1597) to work on /opt/airflow/dags/framework/dwh.py
[2024-11-24T16:40:19.649+0000] {processor.py:914} INFO - Processing file /opt/airflow/dags/framework/dwh.py for tasks to queue
[2024-11-24T16:40:19.650+0000] {logging_mixin.py:190} INFO - [2024-11-24T16:40:19.650+0000] {dagbag.py:588} INFO - Filling up the DagBag from /opt/airflow/dags/framework/dwh.py
[2024-11-24T16:40:19.654+0000] {processor.py:927} WARNING - No viable dags retrieved from /opt/airflow/dags/framework/dwh.py
[2024-11-24T16:40:19.663+0000] {processor.py:208} INFO - Processing /opt/airflow/dags/framework/dwh.py took 0.020 seconds
[2024-11-24T16:40:50.077+0000] {processor.py:186} INFO - Started process (PID=1953) to work on /opt/airflow/dags/framework/dwh.py
[2024-11-24T16:40:50.078+0000] {processor.py:914} INFO - Processing file /opt/airflow/dags/framework/dwh.py for tasks to queue
[2024-11-24T16:40:50.079+0000] {logging_mixin.py:190} INFO - [2024-11-24T16:40:50.079+0000] {dagbag.py:588} INFO - Filling up the DagBag from /opt/airflow/dags/framework/dwh.py
[2024-11-24T16:40:50.082+0000] {processor.py:927} WARNING - No viable dags retrieved from /opt/airflow/dags/framework/dwh.py
[2024-11-24T16:40:50.091+0000] {processor.py:208} INFO - Processing /opt/airflow/dags/framework/dwh.py took 0.019 seconds
[2024-11-24T16:41:20.240+0000] {processor.py:186} INFO - Started process (PID=2314) to work on /opt/airflow/dags/framework/dwh.py
[2024-11-24T16:41:20.241+0000] {processor.py:914} INFO - Processing file /opt/airflow/dags/framework/dwh.py for tasks to queue
[2024-11-24T16:41:20.243+0000] {logging_mixin.py:190} INFO - [2024-11-24T16:41:20.242+0000] {dagbag.py:588} INFO - Filling up the DagBag from /opt/airflow/dags/framework/dwh.py
[2024-11-24T16:41:20.246+0000] {processor.py:927} WARNING - No viable dags retrieved from /opt/airflow/dags/framework/dwh.py
[2024-11-24T16:41:20.257+0000] {processor.py:208} INFO - Processing /opt/airflow/dags/framework/dwh.py took 0.022 seconds
[2024-11-24T16:41:50.633+0000] {processor.py:186} INFO - Started process (PID=2673) to work on /opt/airflow/dags/framework/dwh.py
[2024-11-24T16:41:50.633+0000] {processor.py:914} INFO - Processing file /opt/airflow/dags/framework/dwh.py for tasks to queue
[2024-11-24T16:41:50.634+0000] {logging_mixin.py:190} INFO - [2024-11-24T16:41:50.634+0000] {dagbag.py:588} INFO - Filling up the DagBag from /opt/airflow/dags/framework/dwh.py
[2024-11-24T16:41:50.638+0000] {processor.py:927} WARNING - No viable dags retrieved from /opt/airflow/dags/framework/dwh.py
[2024-11-24T16:41:50.648+0000] {processor.py:208} INFO - Processing /opt/airflow/dags/framework/dwh.py took 0.019 seconds
[2024-11-24T16:42:21.194+0000] {processor.py:186} INFO - Started process (PID=3029) to work on /opt/airflow/dags/framework/dwh.py
[2024-11-24T16:42:21.195+0000] {processor.py:914} INFO - Processing file /opt/airflow/dags/framework/dwh.py for tasks to queue
[2024-11-24T16:42:21.196+0000] {logging_mixin.py:190} INFO - [2024-11-24T16:42:21.196+0000] {dagbag.py:588} INFO - Filling up the DagBag from /opt/airflow/dags/framework/dwh.py
[2024-11-24T16:42:21.201+0000] {processor.py:927} WARNING - No viable dags retrieved from /opt/airflow/dags/framework/dwh.py
[2024-11-24T16:42:21.210+0000] {processor.py:208} INFO - Processing /opt/airflow/dags/framework/dwh.py took 0.019 seconds
[2024-11-24T16:42:51.372+0000] {processor.py:186} INFO - Started process (PID=3384) to work on /opt/airflow/dags/framework/dwh.py
[2024-11-24T16:42:51.374+0000] {processor.py:914} INFO - Processing file /opt/airflow/dags/framework/dwh.py for tasks to queue
[2024-11-24T16:42:51.375+0000] {logging_mixin.py:190} INFO - [2024-11-24T16:42:51.375+0000] {dagbag.py:588} INFO - Filling up the DagBag from /opt/airflow/dags/framework/dwh.py
[2024-11-24T16:42:51.377+0000] {processor.py:927} WARNING - No viable dags retrieved from /opt/airflow/dags/framework/dwh.py
[2024-11-24T16:42:51.387+0000] {processor.py:208} INFO - Processing /opt/airflow/dags/framework/dwh.py took 0.017 seconds
[2024-11-24T16:43:21.657+0000] {processor.py:186} INFO - Started process (PID=3741) to work on /opt/airflow/dags/framework/dwh.py
[2024-11-24T16:43:21.657+0000] {processor.py:914} INFO - Processing file /opt/airflow/dags/framework/dwh.py for tasks to queue
[2024-11-24T16:43:21.659+0000] {logging_mixin.py:190} INFO - [2024-11-24T16:43:21.658+0000] {dagbag.py:588} INFO - Filling up the DagBag from /opt/airflow/dags/framework/dwh.py
[2024-11-24T16:43:21.661+0000] {processor.py:927} WARNING - No viable dags retrieved from /opt/airflow/dags/framework/dwh.py
[2024-11-24T16:43:21.670+0000] {processor.py:208} INFO - Processing /opt/airflow/dags/framework/dwh.py took 0.017 seconds
[2024-11-24T16:43:52.267+0000] {processor.py:186} INFO - Started process (PID=4103) to work on /opt/airflow/dags/framework/dwh.py
[2024-11-24T16:43:52.267+0000] {processor.py:914} INFO - Processing file /opt/airflow/dags/framework/dwh.py for tasks to queue
[2024-11-24T16:43:52.268+0000] {logging_mixin.py:190} INFO - [2024-11-24T16:43:52.268+0000] {dagbag.py:588} INFO - Filling up the DagBag from /opt/airflow/dags/framework/dwh.py
[2024-11-24T16:43:52.271+0000] {processor.py:927} WARNING - No viable dags retrieved from /opt/airflow/dags/framework/dwh.py
[2024-11-24T16:43:52.281+0000] {processor.py:208} INFO - Processing /opt/airflow/dags/framework/dwh.py took 0.017 seconds
[2024-11-24T16:44:22.699+0000] {processor.py:186} INFO - Started process (PID=4459) to work on /opt/airflow/dags/framework/dwh.py
[2024-11-24T16:44:22.700+0000] {processor.py:914} INFO - Processing file /opt/airflow/dags/framework/dwh.py for tasks to queue
[2024-11-24T16:44:22.701+0000] {logging_mixin.py:190} INFO - [2024-11-24T16:44:22.701+0000] {dagbag.py:588} INFO - Filling up the DagBag from /opt/airflow/dags/framework/dwh.py
[2024-11-24T16:44:22.706+0000] {processor.py:927} WARNING - No viable dags retrieved from /opt/airflow/dags/framework/dwh.py
[2024-11-24T16:44:22.717+0000] {processor.py:208} INFO - Processing /opt/airflow/dags/framework/dwh.py took 0.024 seconds
[2024-11-24T16:44:53.335+0000] {processor.py:186} INFO - Started process (PID=4815) to work on /opt/airflow/dags/framework/dwh.py
[2024-11-24T16:44:53.335+0000] {processor.py:914} INFO - Processing file /opt/airflow/dags/framework/dwh.py for tasks to queue
[2024-11-24T16:44:53.336+0000] {logging_mixin.py:190} INFO - [2024-11-24T16:44:53.336+0000] {dagbag.py:588} INFO - Filling up the DagBag from /opt/airflow/dags/framework/dwh.py
[2024-11-24T16:44:53.340+0000] {processor.py:927} WARNING - No viable dags retrieved from /opt/airflow/dags/framework/dwh.py
[2024-11-24T16:44:53.351+0000] {processor.py:208} INFO - Processing /opt/airflow/dags/framework/dwh.py took 0.021 seconds
[2024-11-24T16:45:23.404+0000] {processor.py:186} INFO - Started process (PID=5171) to work on /opt/airflow/dags/framework/dwh.py
[2024-11-24T16:45:23.405+0000] {processor.py:914} INFO - Processing file /opt/airflow/dags/framework/dwh.py for tasks to queue
[2024-11-24T16:45:23.406+0000] {logging_mixin.py:190} INFO - [2024-11-24T16:45:23.406+0000] {dagbag.py:588} INFO - Filling up the DagBag from /opt/airflow/dags/framework/dwh.py
[2024-11-24T16:45:23.408+0000] {processor.py:927} WARNING - No viable dags retrieved from /opt/airflow/dags/framework/dwh.py
[2024-11-24T16:45:23.418+0000] {processor.py:208} INFO - Processing /opt/airflow/dags/framework/dwh.py took 0.019 seconds
[2024-11-24T16:45:53.919+0000] {processor.py:186} INFO - Started process (PID=5527) to work on /opt/airflow/dags/framework/dwh.py
[2024-11-24T16:45:53.920+0000] {processor.py:914} INFO - Processing file /opt/airflow/dags/framework/dwh.py for tasks to queue
[2024-11-24T16:45:53.921+0000] {logging_mixin.py:190} INFO - [2024-11-24T16:45:53.920+0000] {dagbag.py:588} INFO - Filling up the DagBag from /opt/airflow/dags/framework/dwh.py
[2024-11-24T16:45:53.925+0000] {processor.py:927} WARNING - No viable dags retrieved from /opt/airflow/dags/framework/dwh.py
[2024-11-24T16:45:53.936+0000] {processor.py:208} INFO - Processing /opt/airflow/dags/framework/dwh.py took 0.021 seconds
[2024-11-24T16:46:24.233+0000] {processor.py:186} INFO - Started process (PID=5883) to work on /opt/airflow/dags/framework/dwh.py
[2024-11-24T16:46:24.234+0000] {processor.py:914} INFO - Processing file /opt/airflow/dags/framework/dwh.py for tasks to queue
[2024-11-24T16:46:24.235+0000] {logging_mixin.py:190} INFO - [2024-11-24T16:46:24.235+0000] {dagbag.py:588} INFO - Filling up the DagBag from /opt/airflow/dags/framework/dwh.py
[2024-11-24T16:46:24.239+0000] {processor.py:927} WARNING - No viable dags retrieved from /opt/airflow/dags/framework/dwh.py
[2024-11-24T16:46:24.249+0000] {processor.py:208} INFO - Processing /opt/airflow/dags/framework/dwh.py took 0.020 seconds
[2024-11-24T16:46:54.660+0000] {processor.py:186} INFO - Started process (PID=6239) to work on /opt/airflow/dags/framework/dwh.py
[2024-11-24T16:46:54.661+0000] {processor.py:914} INFO - Processing file /opt/airflow/dags/framework/dwh.py for tasks to queue
[2024-11-24T16:46:54.662+0000] {logging_mixin.py:190} INFO - [2024-11-24T16:46:54.662+0000] {dagbag.py:588} INFO - Filling up the DagBag from /opt/airflow/dags/framework/dwh.py
[2024-11-24T16:46:54.668+0000] {processor.py:927} WARNING - No viable dags retrieved from /opt/airflow/dags/framework/dwh.py
[2024-11-24T16:46:54.678+0000] {processor.py:208} INFO - Processing /opt/airflow/dags/framework/dwh.py took 0.023 seconds
[2024-11-24T16:47:25.263+0000] {processor.py:186} INFO - Started process (PID=6595) to work on /opt/airflow/dags/framework/dwh.py
[2024-11-24T16:47:25.264+0000] {processor.py:914} INFO - Processing file /opt/airflow/dags/framework/dwh.py for tasks to queue
[2024-11-24T16:47:25.265+0000] {logging_mixin.py:190} INFO - [2024-11-24T16:47:25.264+0000] {dagbag.py:588} INFO - Filling up the DagBag from /opt/airflow/dags/framework/dwh.py
[2024-11-24T16:47:25.268+0000] {processor.py:927} WARNING - No viable dags retrieved from /opt/airflow/dags/framework/dwh.py
[2024-11-24T16:47:25.277+0000] {processor.py:208} INFO - Processing /opt/airflow/dags/framework/dwh.py took 0.017 seconds
[2024-11-24T16:47:55.802+0000] {processor.py:186} INFO - Started process (PID=6951) to work on /opt/airflow/dags/framework/dwh.py
[2024-11-24T16:47:55.802+0000] {processor.py:914} INFO - Processing file /opt/airflow/dags/framework/dwh.py for tasks to queue
[2024-11-24T16:47:55.803+0000] {logging_mixin.py:190} INFO - [2024-11-24T16:47:55.803+0000] {dagbag.py:588} INFO - Filling up the DagBag from /opt/airflow/dags/framework/dwh.py
[2024-11-24T16:47:55.807+0000] {processor.py:927} WARNING - No viable dags retrieved from /opt/airflow/dags/framework/dwh.py
[2024-11-24T16:47:55.816+0000] {processor.py:208} INFO - Processing /opt/airflow/dags/framework/dwh.py took 0.021 seconds
[2024-11-24T16:48:26.203+0000] {processor.py:186} INFO - Started process (PID=7307) to work on /opt/airflow/dags/framework/dwh.py
[2024-11-24T16:48:26.203+0000] {processor.py:914} INFO - Processing file /opt/airflow/dags/framework/dwh.py for tasks to queue
[2024-11-24T16:48:26.204+0000] {logging_mixin.py:190} INFO - [2024-11-24T16:48:26.204+0000] {dagbag.py:588} INFO - Filling up the DagBag from /opt/airflow/dags/framework/dwh.py
[2024-11-24T16:48:26.208+0000] {processor.py:927} WARNING - No viable dags retrieved from /opt/airflow/dags/framework/dwh.py
[2024-11-24T16:48:26.217+0000] {processor.py:208} INFO - Processing /opt/airflow/dags/framework/dwh.py took 0.020 seconds
[2024-11-24T16:48:56.606+0000] {processor.py:186} INFO - Started process (PID=7663) to work on /opt/airflow/dags/framework/dwh.py
[2024-11-24T16:48:56.607+0000] {processor.py:914} INFO - Processing file /opt/airflow/dags/framework/dwh.py for tasks to queue
[2024-11-24T16:48:56.608+0000] {logging_mixin.py:190} INFO - [2024-11-24T16:48:56.608+0000] {dagbag.py:588} INFO - Filling up the DagBag from /opt/airflow/dags/framework/dwh.py
[2024-11-24T16:48:56.611+0000] {processor.py:927} WARNING - No viable dags retrieved from /opt/airflow/dags/framework/dwh.py
[2024-11-24T16:48:56.622+0000] {processor.py:208} INFO - Processing /opt/airflow/dags/framework/dwh.py took 0.020 seconds
[2024-11-24T16:49:27.004+0000] {processor.py:186} INFO - Started process (PID=8019) to work on /opt/airflow/dags/framework/dwh.py
[2024-11-24T16:49:27.004+0000] {processor.py:914} INFO - Processing file /opt/airflow/dags/framework/dwh.py for tasks to queue
[2024-11-24T16:49:27.006+0000] {logging_mixin.py:190} INFO - [2024-11-24T16:49:27.006+0000] {dagbag.py:588} INFO - Filling up the DagBag from /opt/airflow/dags/framework/dwh.py
[2024-11-24T16:49:27.008+0000] {processor.py:927} WARNING - No viable dags retrieved from /opt/airflow/dags/framework/dwh.py
[2024-11-24T16:49:27.017+0000] {processor.py:208} INFO - Processing /opt/airflow/dags/framework/dwh.py took 0.018 seconds
[2024-11-24T16:49:57.412+0000] {processor.py:186} INFO - Started process (PID=8375) to work on /opt/airflow/dags/framework/dwh.py
[2024-11-24T16:49:57.413+0000] {processor.py:914} INFO - Processing file /opt/airflow/dags/framework/dwh.py for tasks to queue
[2024-11-24T16:49:57.414+0000] {logging_mixin.py:190} INFO - [2024-11-24T16:49:57.414+0000] {dagbag.py:588} INFO - Filling up the DagBag from /opt/airflow/dags/framework/dwh.py
[2024-11-24T16:49:57.418+0000] {processor.py:927} WARNING - No viable dags retrieved from /opt/airflow/dags/framework/dwh.py
[2024-11-24T16:49:57.430+0000] {processor.py:208} INFO - Processing /opt/airflow/dags/framework/dwh.py took 0.024 seconds
[2024-11-24T16:50:27.751+0000] {processor.py:186} INFO - Started process (PID=8731) to work on /opt/airflow/dags/framework/dwh.py
[2024-11-24T16:50:27.751+0000] {processor.py:914} INFO - Processing file /opt/airflow/dags/framework/dwh.py for tasks to queue
[2024-11-24T16:50:27.752+0000] {logging_mixin.py:190} INFO - [2024-11-24T16:50:27.752+0000] {dagbag.py:588} INFO - Filling up the DagBag from /opt/airflow/dags/framework/dwh.py
[2024-11-24T16:50:27.754+0000] {processor.py:927} WARNING - No viable dags retrieved from /opt/airflow/dags/framework/dwh.py
[2024-11-24T16:50:27.762+0000] {processor.py:208} INFO - Processing /opt/airflow/dags/framework/dwh.py took 0.015 seconds
[2024-11-24T16:50:58.769+0000] {processor.py:186} INFO - Started process (PID=9092) to work on /opt/airflow/dags/framework/dwh.py
[2024-11-24T16:50:58.770+0000] {processor.py:914} INFO - Processing file /opt/airflow/dags/framework/dwh.py for tasks to queue
[2024-11-24T16:50:58.771+0000] {logging_mixin.py:190} INFO - [2024-11-24T16:50:58.770+0000] {dagbag.py:588} INFO - Filling up the DagBag from /opt/airflow/dags/framework/dwh.py
[2024-11-24T16:50:58.774+0000] {processor.py:927} WARNING - No viable dags retrieved from /opt/airflow/dags/framework/dwh.py
[2024-11-24T16:50:58.784+0000] {processor.py:208} INFO - Processing /opt/airflow/dags/framework/dwh.py took 0.020 seconds
[2024-11-24T16:51:29.628+0000] {processor.py:186} INFO - Started process (PID=9448) to work on /opt/airflow/dags/framework/dwh.py
[2024-11-24T16:51:29.629+0000] {processor.py:914} INFO - Processing file /opt/airflow/dags/framework/dwh.py for tasks to queue
[2024-11-24T16:51:29.630+0000] {logging_mixin.py:190} INFO - [2024-11-24T16:51:29.630+0000] {dagbag.py:588} INFO - Filling up the DagBag from /opt/airflow/dags/framework/dwh.py
[2024-11-24T16:51:29.635+0000] {processor.py:927} WARNING - No viable dags retrieved from /opt/airflow/dags/framework/dwh.py
[2024-11-24T16:51:29.643+0000] {processor.py:208} INFO - Processing /opt/airflow/dags/framework/dwh.py took 0.020 seconds
[2024-11-24T16:52:00.131+0000] {processor.py:186} INFO - Started process (PID=9804) to work on /opt/airflow/dags/framework/dwh.py
[2024-11-24T16:52:00.131+0000] {processor.py:914} INFO - Processing file /opt/airflow/dags/framework/dwh.py for tasks to queue
[2024-11-24T16:52:00.132+0000] {logging_mixin.py:190} INFO - [2024-11-24T16:52:00.132+0000] {dagbag.py:588} INFO - Filling up the DagBag from /opt/airflow/dags/framework/dwh.py
[2024-11-24T16:52:00.136+0000] {processor.py:927} WARNING - No viable dags retrieved from /opt/airflow/dags/framework/dwh.py
[2024-11-24T16:52:00.145+0000] {processor.py:208} INFO - Processing /opt/airflow/dags/framework/dwh.py took 0.020 seconds
[2024-11-24T16:52:30.501+0000] {processor.py:186} INFO - Started process (PID=10160) to work on /opt/airflow/dags/framework/dwh.py
[2024-11-24T16:52:30.502+0000] {processor.py:914} INFO - Processing file /opt/airflow/dags/framework/dwh.py for tasks to queue
[2024-11-24T16:52:30.503+0000] {logging_mixin.py:190} INFO - [2024-11-24T16:52:30.503+0000] {dagbag.py:588} INFO - Filling up the DagBag from /opt/airflow/dags/framework/dwh.py
[2024-11-24T16:52:30.507+0000] {processor.py:927} WARNING - No viable dags retrieved from /opt/airflow/dags/framework/dwh.py
[2024-11-24T16:52:30.517+0000] {processor.py:208} INFO - Processing /opt/airflow/dags/framework/dwh.py took 0.022 seconds
[2024-11-24T16:53:00.805+0000] {processor.py:186} INFO - Started process (PID=10516) to work on /opt/airflow/dags/framework/dwh.py
[2024-11-24T16:53:00.807+0000] {processor.py:914} INFO - Processing file /opt/airflow/dags/framework/dwh.py for tasks to queue
[2024-11-24T16:53:00.809+0000] {logging_mixin.py:190} INFO - [2024-11-24T16:53:00.808+0000] {dagbag.py:588} INFO - Filling up the DagBag from /opt/airflow/dags/framework/dwh.py
[2024-11-24T16:53:00.812+0000] {processor.py:927} WARNING - No viable dags retrieved from /opt/airflow/dags/framework/dwh.py
[2024-11-24T16:53:00.821+0000] {processor.py:208} INFO - Processing /opt/airflow/dags/framework/dwh.py took 0.022 seconds
[2024-11-24T16:53:31.465+0000] {processor.py:186} INFO - Started process (PID=10892) to work on /opt/airflow/dags/framework/dwh.py
[2024-11-24T16:53:31.467+0000] {processor.py:914} INFO - Processing file /opt/airflow/dags/framework/dwh.py for tasks to queue
[2024-11-24T16:53:31.468+0000] {logging_mixin.py:190} INFO - [2024-11-24T16:53:31.468+0000] {dagbag.py:588} INFO - Filling up the DagBag from /opt/airflow/dags/framework/dwh.py
[2024-11-24T16:53:31.472+0000] {processor.py:927} WARNING - No viable dags retrieved from /opt/airflow/dags/framework/dwh.py
[2024-11-24T16:53:31.484+0000] {processor.py:208} INFO - Processing /opt/airflow/dags/framework/dwh.py took 0.024 seconds
[2024-11-24T16:54:01.954+0000] {processor.py:186} INFO - Started process (PID=11253) to work on /opt/airflow/dags/framework/dwh.py
[2024-11-24T16:54:01.956+0000] {processor.py:914} INFO - Processing file /opt/airflow/dags/framework/dwh.py for tasks to queue
[2024-11-24T16:54:01.956+0000] {logging_mixin.py:190} INFO - [2024-11-24T16:54:01.956+0000] {dagbag.py:588} INFO - Filling up the DagBag from /opt/airflow/dags/framework/dwh.py
[2024-11-24T16:54:01.963+0000] {processor.py:927} WARNING - No viable dags retrieved from /opt/airflow/dags/framework/dwh.py
[2024-11-24T16:54:01.974+0000] {processor.py:208} INFO - Processing /opt/airflow/dags/framework/dwh.py took 0.029 seconds
[2024-11-24T16:54:32.522+0000] {processor.py:186} INFO - Started process (PID=11613) to work on /opt/airflow/dags/framework/dwh.py
[2024-11-24T16:54:32.523+0000] {processor.py:914} INFO - Processing file /opt/airflow/dags/framework/dwh.py for tasks to queue
[2024-11-24T16:54:32.524+0000] {logging_mixin.py:190} INFO - [2024-11-24T16:54:32.524+0000] {dagbag.py:588} INFO - Filling up the DagBag from /opt/airflow/dags/framework/dwh.py
[2024-11-24T16:54:32.527+0000] {processor.py:927} WARNING - No viable dags retrieved from /opt/airflow/dags/framework/dwh.py
[2024-11-24T16:54:32.538+0000] {processor.py:208} INFO - Processing /opt/airflow/dags/framework/dwh.py took 0.022 seconds
[2024-11-24T16:55:02.999+0000] {processor.py:186} INFO - Started process (PID=11969) to work on /opt/airflow/dags/framework/dwh.py
[2024-11-24T16:55:02.999+0000] {processor.py:914} INFO - Processing file /opt/airflow/dags/framework/dwh.py for tasks to queue
[2024-11-24T16:55:03.000+0000] {logging_mixin.py:190} INFO - [2024-11-24T16:55:03.000+0000] {dagbag.py:588} INFO - Filling up the DagBag from /opt/airflow/dags/framework/dwh.py
[2024-11-24T16:55:03.002+0000] {processor.py:927} WARNING - No viable dags retrieved from /opt/airflow/dags/framework/dwh.py
[2024-11-24T16:55:03.012+0000] {processor.py:208} INFO - Processing /opt/airflow/dags/framework/dwh.py took 0.018 seconds
[2024-11-24T16:55:33.349+0000] {processor.py:186} INFO - Started process (PID=12325) to work on /opt/airflow/dags/framework/dwh.py
[2024-11-24T16:55:33.350+0000] {processor.py:914} INFO - Processing file /opt/airflow/dags/framework/dwh.py for tasks to queue
[2024-11-24T16:55:33.352+0000] {logging_mixin.py:190} INFO - [2024-11-24T16:55:33.351+0000] {dagbag.py:588} INFO - Filling up the DagBag from /opt/airflow/dags/framework/dwh.py
[2024-11-24T16:55:33.357+0000] {processor.py:927} WARNING - No viable dags retrieved from /opt/airflow/dags/framework/dwh.py
[2024-11-24T16:55:33.365+0000] {processor.py:208} INFO - Processing /opt/airflow/dags/framework/dwh.py took 0.023 seconds
[2024-11-24T16:56:03.846+0000] {processor.py:186} INFO - Started process (PID=12681) to work on /opt/airflow/dags/framework/dwh.py
[2024-11-24T16:56:03.847+0000] {processor.py:914} INFO - Processing file /opt/airflow/dags/framework/dwh.py for tasks to queue
[2024-11-24T16:56:03.848+0000] {logging_mixin.py:190} INFO - [2024-11-24T16:56:03.848+0000] {dagbag.py:588} INFO - Filling up the DagBag from /opt/airflow/dags/framework/dwh.py
[2024-11-24T16:56:03.851+0000] {processor.py:927} WARNING - No viable dags retrieved from /opt/airflow/dags/framework/dwh.py
[2024-11-24T16:56:03.861+0000] {processor.py:208} INFO - Processing /opt/airflow/dags/framework/dwh.py took 0.019 seconds
[2024-11-24T16:56:34.224+0000] {processor.py:186} INFO - Started process (PID=13037) to work on /opt/airflow/dags/framework/dwh.py
[2024-11-24T16:56:34.225+0000] {processor.py:914} INFO - Processing file /opt/airflow/dags/framework/dwh.py for tasks to queue
[2024-11-24T16:56:34.226+0000] {logging_mixin.py:190} INFO - [2024-11-24T16:56:34.226+0000] {dagbag.py:588} INFO - Filling up the DagBag from /opt/airflow/dags/framework/dwh.py
[2024-11-24T16:56:34.229+0000] {processor.py:927} WARNING - No viable dags retrieved from /opt/airflow/dags/framework/dwh.py
[2024-11-24T16:56:34.239+0000] {processor.py:208} INFO - Processing /opt/airflow/dags/framework/dwh.py took 0.020 seconds
[2024-11-24T16:57:04.622+0000] {processor.py:186} INFO - Started process (PID=13393) to work on /opt/airflow/dags/framework/dwh.py
[2024-11-24T16:57:04.622+0000] {processor.py:914} INFO - Processing file /opt/airflow/dags/framework/dwh.py for tasks to queue
[2024-11-24T16:57:04.623+0000] {logging_mixin.py:190} INFO - [2024-11-24T16:57:04.623+0000] {dagbag.py:588} INFO - Filling up the DagBag from /opt/airflow/dags/framework/dwh.py
[2024-11-24T16:57:04.627+0000] {processor.py:927} WARNING - No viable dags retrieved from /opt/airflow/dags/framework/dwh.py
[2024-11-24T16:57:04.635+0000] {processor.py:208} INFO - Processing /opt/airflow/dags/framework/dwh.py took 0.018 seconds
[2024-11-24T16:57:34.929+0000] {processor.py:186} INFO - Started process (PID=13749) to work on /opt/airflow/dags/framework/dwh.py
[2024-11-24T16:57:34.931+0000] {processor.py:914} INFO - Processing file /opt/airflow/dags/framework/dwh.py for tasks to queue
[2024-11-24T16:57:34.933+0000] {logging_mixin.py:190} INFO - [2024-11-24T16:57:34.932+0000] {dagbag.py:588} INFO - Filling up the DagBag from /opt/airflow/dags/framework/dwh.py
[2024-11-24T16:57:34.936+0000] {processor.py:927} WARNING - No viable dags retrieved from /opt/airflow/dags/framework/dwh.py
[2024-11-24T16:57:34.946+0000] {processor.py:208} INFO - Processing /opt/airflow/dags/framework/dwh.py took 0.021 seconds
[2024-11-24T16:58:05.346+0000] {processor.py:186} INFO - Started process (PID=14120) to work on /opt/airflow/dags/framework/dwh.py
[2024-11-24T16:58:05.347+0000] {processor.py:914} INFO - Processing file /opt/airflow/dags/framework/dwh.py for tasks to queue
[2024-11-24T16:58:05.347+0000] {logging_mixin.py:190} INFO - [2024-11-24T16:58:05.347+0000] {dagbag.py:588} INFO - Filling up the DagBag from /opt/airflow/dags/framework/dwh.py
[2024-11-24T16:58:05.350+0000] {processor.py:927} WARNING - No viable dags retrieved from /opt/airflow/dags/framework/dwh.py
[2024-11-24T16:58:05.359+0000] {processor.py:208} INFO - Processing /opt/airflow/dags/framework/dwh.py took 0.018 seconds
[2024-11-24T16:58:35.640+0000] {processor.py:186} INFO - Started process (PID=14479) to work on /opt/airflow/dags/framework/dwh.py
[2024-11-24T16:58:35.641+0000] {processor.py:914} INFO - Processing file /opt/airflow/dags/framework/dwh.py for tasks to queue
[2024-11-24T16:58:35.642+0000] {logging_mixin.py:190} INFO - [2024-11-24T16:58:35.641+0000] {dagbag.py:588} INFO - Filling up the DagBag from /opt/airflow/dags/framework/dwh.py
[2024-11-24T16:58:35.645+0000] {processor.py:927} WARNING - No viable dags retrieved from /opt/airflow/dags/framework/dwh.py
[2024-11-24T16:58:35.658+0000] {processor.py:208} INFO - Processing /opt/airflow/dags/framework/dwh.py took 0.024 seconds
[2024-11-24T16:59:06.411+0000] {processor.py:186} INFO - Started process (PID=14835) to work on /opt/airflow/dags/framework/dwh.py
[2024-11-24T16:59:06.412+0000] {processor.py:914} INFO - Processing file /opt/airflow/dags/framework/dwh.py for tasks to queue
[2024-11-24T16:59:06.413+0000] {logging_mixin.py:190} INFO - [2024-11-24T16:59:06.412+0000] {dagbag.py:588} INFO - Filling up the DagBag from /opt/airflow/dags/framework/dwh.py
[2024-11-24T16:59:06.416+0000] {processor.py:927} WARNING - No viable dags retrieved from /opt/airflow/dags/framework/dwh.py
[2024-11-24T16:59:06.428+0000] {processor.py:208} INFO - Processing /opt/airflow/dags/framework/dwh.py took 0.023 seconds
[2024-11-24T16:59:37.106+0000] {processor.py:186} INFO - Started process (PID=15205) to work on /opt/airflow/dags/framework/dwh.py
[2024-11-24T16:59:37.107+0000] {processor.py:914} INFO - Processing file /opt/airflow/dags/framework/dwh.py for tasks to queue
[2024-11-24T16:59:37.108+0000] {logging_mixin.py:190} INFO - [2024-11-24T16:59:37.107+0000] {dagbag.py:588} INFO - Filling up the DagBag from /opt/airflow/dags/framework/dwh.py
[2024-11-24T16:59:37.111+0000] {processor.py:927} WARNING - No viable dags retrieved from /opt/airflow/dags/framework/dwh.py
[2024-11-24T16:59:37.122+0000] {processor.py:208} INFO - Processing /opt/airflow/dags/framework/dwh.py took 0.021 seconds
[2024-11-24T17:00:07.773+0000] {processor.py:186} INFO - Started process (PID=15561) to work on /opt/airflow/dags/framework/dwh.py
[2024-11-24T17:00:07.773+0000] {processor.py:914} INFO - Processing file /opt/airflow/dags/framework/dwh.py for tasks to queue
[2024-11-24T17:00:07.775+0000] {logging_mixin.py:190} INFO - [2024-11-24T17:00:07.775+0000] {dagbag.py:588} INFO - Filling up the DagBag from /opt/airflow/dags/framework/dwh.py
[2024-11-24T17:00:07.778+0000] {processor.py:927} WARNING - No viable dags retrieved from /opt/airflow/dags/framework/dwh.py
[2024-11-24T17:00:07.787+0000] {processor.py:208} INFO - Processing /opt/airflow/dags/framework/dwh.py took 0.019 seconds
[2024-11-24T17:00:38.329+0000] {processor.py:186} INFO - Started process (PID=15917) to work on /opt/airflow/dags/framework/dwh.py
[2024-11-24T17:00:38.330+0000] {processor.py:914} INFO - Processing file /opt/airflow/dags/framework/dwh.py for tasks to queue
[2024-11-24T17:00:38.331+0000] {logging_mixin.py:190} INFO - [2024-11-24T17:00:38.330+0000] {dagbag.py:588} INFO - Filling up the DagBag from /opt/airflow/dags/framework/dwh.py
[2024-11-24T17:00:38.335+0000] {processor.py:927} WARNING - No viable dags retrieved from /opt/airflow/dags/framework/dwh.py
[2024-11-24T17:00:38.345+0000] {processor.py:208} INFO - Processing /opt/airflow/dags/framework/dwh.py took 0.021 seconds
[2024-11-24T17:01:08.731+0000] {processor.py:186} INFO - Started process (PID=16273) to work on /opt/airflow/dags/framework/dwh.py
[2024-11-24T17:01:08.732+0000] {processor.py:914} INFO - Processing file /opt/airflow/dags/framework/dwh.py for tasks to queue
[2024-11-24T17:01:08.733+0000] {logging_mixin.py:190} INFO - [2024-11-24T17:01:08.733+0000] {dagbag.py:588} INFO - Filling up the DagBag from /opt/airflow/dags/framework/dwh.py
[2024-11-24T17:01:08.738+0000] {processor.py:927} WARNING - No viable dags retrieved from /opt/airflow/dags/framework/dwh.py
[2024-11-24T17:01:08.748+0000] {processor.py:208} INFO - Processing /opt/airflow/dags/framework/dwh.py took 0.023 seconds
[2024-11-24T17:01:39.014+0000] {processor.py:186} INFO - Started process (PID=16629) to work on /opt/airflow/dags/framework/dwh.py
[2024-11-24T17:01:39.016+0000] {processor.py:914} INFO - Processing file /opt/airflow/dags/framework/dwh.py for tasks to queue
[2024-11-24T17:01:39.017+0000] {logging_mixin.py:190} INFO - [2024-11-24T17:01:39.017+0000] {dagbag.py:588} INFO - Filling up the DagBag from /opt/airflow/dags/framework/dwh.py
[2024-11-24T17:01:39.022+0000] {processor.py:927} WARNING - No viable dags retrieved from /opt/airflow/dags/framework/dwh.py
[2024-11-24T17:01:39.030+0000] {processor.py:208} INFO - Processing /opt/airflow/dags/framework/dwh.py took 0.020 seconds
[2024-11-24T17:02:09.402+0000] {processor.py:186} INFO - Started process (PID=16985) to work on /opt/airflow/dags/framework/dwh.py
[2024-11-24T17:02:09.402+0000] {processor.py:914} INFO - Processing file /opt/airflow/dags/framework/dwh.py for tasks to queue
[2024-11-24T17:02:09.404+0000] {logging_mixin.py:190} INFO - [2024-11-24T17:02:09.403+0000] {dagbag.py:588} INFO - Filling up the DagBag from /opt/airflow/dags/framework/dwh.py
[2024-11-24T17:02:09.409+0000] {processor.py:927} WARNING - No viable dags retrieved from /opt/airflow/dags/framework/dwh.py
[2024-11-24T17:02:09.419+0000] {processor.py:208} INFO - Processing /opt/airflow/dags/framework/dwh.py took 0.022 seconds
[2024-11-24T17:02:39.966+0000] {processor.py:186} INFO - Started process (PID=17341) to work on /opt/airflow/dags/framework/dwh.py
[2024-11-24T17:02:39.967+0000] {processor.py:914} INFO - Processing file /opt/airflow/dags/framework/dwh.py for tasks to queue
[2024-11-24T17:02:39.968+0000] {logging_mixin.py:190} INFO - [2024-11-24T17:02:39.967+0000] {dagbag.py:588} INFO - Filling up the DagBag from /opt/airflow/dags/framework/dwh.py
[2024-11-24T17:02:39.970+0000] {processor.py:927} WARNING - No viable dags retrieved from /opt/airflow/dags/framework/dwh.py
[2024-11-24T17:02:39.979+0000] {processor.py:208} INFO - Processing /opt/airflow/dags/framework/dwh.py took 0.016 seconds
[2024-11-24T17:03:10.409+0000] {processor.py:186} INFO - Started process (PID=17697) to work on /opt/airflow/dags/framework/dwh.py
[2024-11-24T17:03:10.410+0000] {processor.py:914} INFO - Processing file /opt/airflow/dags/framework/dwh.py for tasks to queue
[2024-11-24T17:03:10.411+0000] {logging_mixin.py:190} INFO - [2024-11-24T17:03:10.411+0000] {dagbag.py:588} INFO - Filling up the DagBag from /opt/airflow/dags/framework/dwh.py
[2024-11-24T17:03:10.413+0000] {processor.py:927} WARNING - No viable dags retrieved from /opt/airflow/dags/framework/dwh.py
[2024-11-24T17:03:10.420+0000] {processor.py:208} INFO - Processing /opt/airflow/dags/framework/dwh.py took 0.015 seconds
[2024-11-24T17:03:40.797+0000] {processor.py:186} INFO - Started process (PID=18053) to work on /opt/airflow/dags/framework/dwh.py
[2024-11-24T17:03:40.797+0000] {processor.py:914} INFO - Processing file /opt/airflow/dags/framework/dwh.py for tasks to queue
[2024-11-24T17:03:40.798+0000] {logging_mixin.py:190} INFO - [2024-11-24T17:03:40.798+0000] {dagbag.py:588} INFO - Filling up the DagBag from /opt/airflow/dags/framework/dwh.py
[2024-11-24T17:03:40.800+0000] {processor.py:927} WARNING - No viable dags retrieved from /opt/airflow/dags/framework/dwh.py
[2024-11-24T17:03:40.813+0000] {processor.py:208} INFO - Processing /opt/airflow/dags/framework/dwh.py took 0.018 seconds
[2024-11-24T17:04:11.175+0000] {processor.py:186} INFO - Started process (PID=18409) to work on /opt/airflow/dags/framework/dwh.py
[2024-11-24T17:04:11.176+0000] {processor.py:914} INFO - Processing file /opt/airflow/dags/framework/dwh.py for tasks to queue
[2024-11-24T17:04:11.177+0000] {logging_mixin.py:190} INFO - [2024-11-24T17:04:11.177+0000] {dagbag.py:588} INFO - Filling up the DagBag from /opt/airflow/dags/framework/dwh.py
[2024-11-24T17:04:11.182+0000] {processor.py:927} WARNING - No viable dags retrieved from /opt/airflow/dags/framework/dwh.py
[2024-11-24T17:04:11.195+0000] {processor.py:208} INFO - Processing /opt/airflow/dags/framework/dwh.py took 0.026 seconds
[2024-11-24T17:04:42.099+0000] {processor.py:186} INFO - Started process (PID=18775) to work on /opt/airflow/dags/framework/dwh.py
[2024-11-24T17:04:42.101+0000] {processor.py:914} INFO - Processing file /opt/airflow/dags/framework/dwh.py for tasks to queue
[2024-11-24T17:04:42.102+0000] {logging_mixin.py:190} INFO - [2024-11-24T17:04:42.102+0000] {dagbag.py:588} INFO - Filling up the DagBag from /opt/airflow/dags/framework/dwh.py
[2024-11-24T17:04:42.105+0000] {processor.py:927} WARNING - No viable dags retrieved from /opt/airflow/dags/framework/dwh.py
[2024-11-24T17:04:42.114+0000] {processor.py:208} INFO - Processing /opt/airflow/dags/framework/dwh.py took 0.021 seconds
[2024-11-24T17:05:12.871+0000] {processor.py:186} INFO - Started process (PID=19131) to work on /opt/airflow/dags/framework/dwh.py
[2024-11-24T17:05:12.872+0000] {processor.py:914} INFO - Processing file /opt/airflow/dags/framework/dwh.py for tasks to queue
[2024-11-24T17:05:12.873+0000] {logging_mixin.py:190} INFO - [2024-11-24T17:05:12.873+0000] {dagbag.py:588} INFO - Filling up the DagBag from /opt/airflow/dags/framework/dwh.py
[2024-11-24T17:05:12.875+0000] {processor.py:927} WARNING - No viable dags retrieved from /opt/airflow/dags/framework/dwh.py
[2024-11-24T17:05:12.883+0000] {processor.py:208} INFO - Processing /opt/airflow/dags/framework/dwh.py took 0.015 seconds
[2024-11-24T17:05:42.939+0000] {processor.py:186} INFO - Started process (PID=19493) to work on /opt/airflow/dags/framework/dwh.py
[2024-11-24T17:05:42.940+0000] {processor.py:914} INFO - Processing file /opt/airflow/dags/framework/dwh.py for tasks to queue
[2024-11-24T17:05:42.941+0000] {logging_mixin.py:190} INFO - [2024-11-24T17:05:42.940+0000] {dagbag.py:588} INFO - Filling up the DagBag from /opt/airflow/dags/framework/dwh.py
[2024-11-24T17:05:42.944+0000] {processor.py:927} WARNING - No viable dags retrieved from /opt/airflow/dags/framework/dwh.py
[2024-11-24T17:05:42.957+0000] {processor.py:208} INFO - Processing /opt/airflow/dags/framework/dwh.py took 0.022 seconds
[2024-11-24T17:06:13.716+0000] {processor.py:186} INFO - Started process (PID=19849) to work on /opt/airflow/dags/framework/dwh.py
[2024-11-24T17:06:13.717+0000] {processor.py:914} INFO - Processing file /opt/airflow/dags/framework/dwh.py for tasks to queue
[2024-11-24T17:06:13.718+0000] {logging_mixin.py:190} INFO - [2024-11-24T17:06:13.718+0000] {dagbag.py:588} INFO - Filling up the DagBag from /opt/airflow/dags/framework/dwh.py
[2024-11-24T17:06:13.721+0000] {processor.py:927} WARNING - No viable dags retrieved from /opt/airflow/dags/framework/dwh.py
[2024-11-24T17:06:13.730+0000] {processor.py:208} INFO - Processing /opt/airflow/dags/framework/dwh.py took 0.020 seconds
[2024-11-24T17:06:44.015+0000] {processor.py:186} INFO - Started process (PID=20205) to work on /opt/airflow/dags/framework/dwh.py
[2024-11-24T17:06:44.016+0000] {processor.py:914} INFO - Processing file /opt/airflow/dags/framework/dwh.py for tasks to queue
[2024-11-24T17:06:44.018+0000] {logging_mixin.py:190} INFO - [2024-11-24T17:06:44.017+0000] {dagbag.py:588} INFO - Filling up the DagBag from /opt/airflow/dags/framework/dwh.py
[2024-11-24T17:06:44.022+0000] {processor.py:927} WARNING - No viable dags retrieved from /opt/airflow/dags/framework/dwh.py
[2024-11-24T17:06:44.030+0000] {processor.py:208} INFO - Processing /opt/airflow/dags/framework/dwh.py took 0.021 seconds
[2024-11-24T17:07:14.264+0000] {processor.py:186} INFO - Started process (PID=20561) to work on /opt/airflow/dags/framework/dwh.py
[2024-11-24T17:07:14.265+0000] {processor.py:914} INFO - Processing file /opt/airflow/dags/framework/dwh.py for tasks to queue
[2024-11-24T17:07:14.266+0000] {logging_mixin.py:190} INFO - [2024-11-24T17:07:14.266+0000] {dagbag.py:588} INFO - Filling up the DagBag from /opt/airflow/dags/framework/dwh.py
[2024-11-24T17:07:14.268+0000] {processor.py:927} WARNING - No viable dags retrieved from /opt/airflow/dags/framework/dwh.py
[2024-11-24T17:07:14.277+0000] {processor.py:208} INFO - Processing /opt/airflow/dags/framework/dwh.py took 0.016 seconds
[2024-11-24T17:07:44.518+0000] {processor.py:186} INFO - Started process (PID=20917) to work on /opt/airflow/dags/framework/dwh.py
[2024-11-24T17:07:44.519+0000] {processor.py:914} INFO - Processing file /opt/airflow/dags/framework/dwh.py for tasks to queue
[2024-11-24T17:07:44.519+0000] {logging_mixin.py:190} INFO - [2024-11-24T17:07:44.519+0000] {dagbag.py:588} INFO - Filling up the DagBag from /opt/airflow/dags/framework/dwh.py
[2024-11-24T17:07:44.523+0000] {processor.py:927} WARNING - No viable dags retrieved from /opt/airflow/dags/framework/dwh.py
[2024-11-24T17:07:44.531+0000] {processor.py:208} INFO - Processing /opt/airflow/dags/framework/dwh.py took 0.019 seconds
[2024-11-24T17:08:14.905+0000] {processor.py:186} INFO - Started process (PID=21273) to work on /opt/airflow/dags/framework/dwh.py
[2024-11-24T17:08:14.906+0000] {processor.py:914} INFO - Processing file /opt/airflow/dags/framework/dwh.py for tasks to queue
[2024-11-24T17:08:14.907+0000] {logging_mixin.py:190} INFO - [2024-11-24T17:08:14.906+0000] {dagbag.py:588} INFO - Filling up the DagBag from /opt/airflow/dags/framework/dwh.py
[2024-11-24T17:08:14.911+0000] {processor.py:927} WARNING - No viable dags retrieved from /opt/airflow/dags/framework/dwh.py
[2024-11-24T17:08:14.919+0000] {processor.py:208} INFO - Processing /opt/airflow/dags/framework/dwh.py took 0.019 seconds
[2024-11-24T17:08:45.052+0000] {processor.py:186} INFO - Started process (PID=21629) to work on /opt/airflow/dags/framework/dwh.py
[2024-11-24T17:08:45.053+0000] {processor.py:914} INFO - Processing file /opt/airflow/dags/framework/dwh.py for tasks to queue
[2024-11-24T17:08:45.053+0000] {logging_mixin.py:190} INFO - [2024-11-24T17:08:45.053+0000] {dagbag.py:588} INFO - Filling up the DagBag from /opt/airflow/dags/framework/dwh.py
[2024-11-24T17:08:45.058+0000] {processor.py:927} WARNING - No viable dags retrieved from /opt/airflow/dags/framework/dwh.py
[2024-11-24T17:08:45.066+0000] {processor.py:208} INFO - Processing /opt/airflow/dags/framework/dwh.py took 0.018 seconds
[2024-11-24T17:09:15.160+0000] {processor.py:186} INFO - Started process (PID=21985) to work on /opt/airflow/dags/framework/dwh.py
[2024-11-24T17:09:15.161+0000] {processor.py:914} INFO - Processing file /opt/airflow/dags/framework/dwh.py for tasks to queue
[2024-11-24T17:09:15.162+0000] {logging_mixin.py:190} INFO - [2024-11-24T17:09:15.162+0000] {dagbag.py:588} INFO - Filling up the DagBag from /opt/airflow/dags/framework/dwh.py
[2024-11-24T17:09:15.165+0000] {processor.py:927} WARNING - No viable dags retrieved from /opt/airflow/dags/framework/dwh.py
[2024-11-24T17:09:15.174+0000] {processor.py:208} INFO - Processing /opt/airflow/dags/framework/dwh.py took 0.019 seconds
[2024-11-24T17:09:45.284+0000] {processor.py:186} INFO - Started process (PID=22341) to work on /opt/airflow/dags/framework/dwh.py
[2024-11-24T17:09:45.285+0000] {processor.py:914} INFO - Processing file /opt/airflow/dags/framework/dwh.py for tasks to queue
[2024-11-24T17:09:45.285+0000] {logging_mixin.py:190} INFO - [2024-11-24T17:09:45.285+0000] {dagbag.py:588} INFO - Filling up the DagBag from /opt/airflow/dags/framework/dwh.py
[2024-11-24T17:09:45.288+0000] {processor.py:927} WARNING - No viable dags retrieved from /opt/airflow/dags/framework/dwh.py
[2024-11-24T17:09:45.296+0000] {processor.py:208} INFO - Processing /opt/airflow/dags/framework/dwh.py took 0.014 seconds
[2024-11-24T17:18:30.423+0000] {processor.py:186} INFO - Started process (PID=22691) to work on /opt/airflow/dags/framework/dwh.py
[2024-11-24T17:18:30.423+0000] {processor.py:914} INFO - Processing file /opt/airflow/dags/framework/dwh.py for tasks to queue
[2024-11-24T17:18:30.424+0000] {logging_mixin.py:190} INFO - [2024-11-24T17:18:30.423+0000] {dagbag.py:588} INFO - Filling up the DagBag from /opt/airflow/dags/framework/dwh.py
[2024-11-24T17:18:30.425+0000] {processor.py:927} WARNING - No viable dags retrieved from /opt/airflow/dags/framework/dwh.py
[2024-11-24T17:18:30.429+0000] {processor.py:208} INFO - Processing /opt/airflow/dags/framework/dwh.py took 0.009 seconds
[2024-11-24T17:19:00.544+0000] {processor.py:186} INFO - Started process (PID=23047) to work on /opt/airflow/dags/framework/dwh.py
[2024-11-24T17:19:00.544+0000] {processor.py:914} INFO - Processing file /opt/airflow/dags/framework/dwh.py for tasks to queue
[2024-11-24T17:19:00.544+0000] {logging_mixin.py:190} INFO - [2024-11-24T17:19:00.544+0000] {dagbag.py:588} INFO - Filling up the DagBag from /opt/airflow/dags/framework/dwh.py
[2024-11-24T17:19:00.546+0000] {processor.py:927} WARNING - No viable dags retrieved from /opt/airflow/dags/framework/dwh.py
[2024-11-24T17:19:00.551+0000] {processor.py:208} INFO - Processing /opt/airflow/dags/framework/dwh.py took 0.009 seconds
[2024-11-24T17:19:30.808+0000] {processor.py:186} INFO - Started process (PID=23403) to work on /opt/airflow/dags/framework/dwh.py
[2024-11-24T17:19:30.808+0000] {processor.py:914} INFO - Processing file /opt/airflow/dags/framework/dwh.py for tasks to queue
[2024-11-24T17:19:30.809+0000] {logging_mixin.py:190} INFO - [2024-11-24T17:19:30.808+0000] {dagbag.py:588} INFO - Filling up the DagBag from /opt/airflow/dags/framework/dwh.py
[2024-11-24T17:19:30.810+0000] {processor.py:927} WARNING - No viable dags retrieved from /opt/airflow/dags/framework/dwh.py
[2024-11-24T17:19:30.815+0000] {processor.py:208} INFO - Processing /opt/airflow/dags/framework/dwh.py took 0.009 seconds
[2024-11-24T17:20:01.865+0000] {processor.py:186} INFO - Started process (PID=23759) to work on /opt/airflow/dags/framework/dwh.py
[2024-11-24T17:20:01.865+0000] {processor.py:914} INFO - Processing file /opt/airflow/dags/framework/dwh.py for tasks to queue
[2024-11-24T17:20:01.866+0000] {logging_mixin.py:190} INFO - [2024-11-24T17:20:01.866+0000] {dagbag.py:588} INFO - Filling up the DagBag from /opt/airflow/dags/framework/dwh.py
[2024-11-24T17:20:01.867+0000] {processor.py:927} WARNING - No viable dags retrieved from /opt/airflow/dags/framework/dwh.py
[2024-11-24T17:20:01.872+0000] {processor.py:208} INFO - Processing /opt/airflow/dags/framework/dwh.py took 0.010 seconds
[2024-11-24T17:20:32.006+0000] {processor.py:186} INFO - Started process (PID=24115) to work on /opt/airflow/dags/framework/dwh.py
[2024-11-24T17:20:32.006+0000] {processor.py:914} INFO - Processing file /opt/airflow/dags/framework/dwh.py for tasks to queue
[2024-11-24T17:20:32.007+0000] {logging_mixin.py:190} INFO - [2024-11-24T17:20:32.006+0000] {dagbag.py:588} INFO - Filling up the DagBag from /opt/airflow/dags/framework/dwh.py
[2024-11-24T17:20:32.008+0000] {processor.py:927} WARNING - No viable dags retrieved from /opt/airflow/dags/framework/dwh.py
[2024-11-24T17:20:32.013+0000] {processor.py:208} INFO - Processing /opt/airflow/dags/framework/dwh.py took 0.010 seconds
[2024-11-24T17:21:02.138+0000] {processor.py:186} INFO - Started process (PID=24471) to work on /opt/airflow/dags/framework/dwh.py
[2024-11-24T17:21:02.139+0000] {processor.py:914} INFO - Processing file /opt/airflow/dags/framework/dwh.py for tasks to queue
[2024-11-24T17:21:02.139+0000] {logging_mixin.py:190} INFO - [2024-11-24T17:21:02.139+0000] {dagbag.py:588} INFO - Filling up the DagBag from /opt/airflow/dags/framework/dwh.py
[2024-11-24T17:21:02.141+0000] {processor.py:927} WARNING - No viable dags retrieved from /opt/airflow/dags/framework/dwh.py
[2024-11-24T17:21:02.146+0000] {processor.py:208} INFO - Processing /opt/airflow/dags/framework/dwh.py took 0.010 seconds
[2024-11-24T17:21:32.397+0000] {processor.py:186} INFO - Started process (PID=24827) to work on /opt/airflow/dags/framework/dwh.py
[2024-11-24T17:21:32.397+0000] {processor.py:914} INFO - Processing file /opt/airflow/dags/framework/dwh.py for tasks to queue
[2024-11-24T17:21:32.397+0000] {logging_mixin.py:190} INFO - [2024-11-24T17:21:32.397+0000] {dagbag.py:588} INFO - Filling up the DagBag from /opt/airflow/dags/framework/dwh.py
[2024-11-24T17:21:32.399+0000] {processor.py:927} WARNING - No viable dags retrieved from /opt/airflow/dags/framework/dwh.py
[2024-11-24T17:21:32.404+0000] {processor.py:208} INFO - Processing /opt/airflow/dags/framework/dwh.py took 0.010 seconds
[2024-11-24T17:22:02.680+0000] {processor.py:186} INFO - Started process (PID=25183) to work on /opt/airflow/dags/framework/dwh.py
[2024-11-24T17:22:02.682+0000] {processor.py:914} INFO - Processing file /opt/airflow/dags/framework/dwh.py for tasks to queue
[2024-11-24T17:22:02.683+0000] {logging_mixin.py:190} INFO - [2024-11-24T17:22:02.683+0000] {dagbag.py:588} INFO - Filling up the DagBag from /opt/airflow/dags/framework/dwh.py
[2024-11-24T17:22:02.684+0000] {processor.py:927} WARNING - No viable dags retrieved from /opt/airflow/dags/framework/dwh.py
[2024-11-24T17:22:02.690+0000] {processor.py:208} INFO - Processing /opt/airflow/dags/framework/dwh.py took 0.012 seconds
[2024-11-24T17:22:32.793+0000] {processor.py:186} INFO - Started process (PID=25539) to work on /opt/airflow/dags/framework/dwh.py
[2024-11-24T17:22:32.794+0000] {processor.py:914} INFO - Processing file /opt/airflow/dags/framework/dwh.py for tasks to queue
[2024-11-24T17:22:32.794+0000] {logging_mixin.py:190} INFO - [2024-11-24T17:22:32.794+0000] {dagbag.py:588} INFO - Filling up the DagBag from /opt/airflow/dags/framework/dwh.py
[2024-11-24T17:22:32.795+0000] {processor.py:927} WARNING - No viable dags retrieved from /opt/airflow/dags/framework/dwh.py
[2024-11-24T17:22:32.800+0000] {processor.py:208} INFO - Processing /opt/airflow/dags/framework/dwh.py took 0.010 seconds
[2024-11-24T17:23:03.862+0000] {processor.py:186} INFO - Started process (PID=25895) to work on /opt/airflow/dags/framework/dwh.py
[2024-11-24T17:23:03.863+0000] {processor.py:914} INFO - Processing file /opt/airflow/dags/framework/dwh.py for tasks to queue
[2024-11-24T17:23:03.863+0000] {logging_mixin.py:190} INFO - [2024-11-24T17:23:03.863+0000] {dagbag.py:588} INFO - Filling up the DagBag from /opt/airflow/dags/framework/dwh.py
[2024-11-24T17:23:03.864+0000] {processor.py:927} WARNING - No viable dags retrieved from /opt/airflow/dags/framework/dwh.py
[2024-11-24T17:23:03.870+0000] {processor.py:208} INFO - Processing /opt/airflow/dags/framework/dwh.py took 0.010 seconds
[2024-11-24T17:23:34.009+0000] {processor.py:186} INFO - Started process (PID=26251) to work on /opt/airflow/dags/framework/dwh.py
[2024-11-24T17:23:34.009+0000] {processor.py:914} INFO - Processing file /opt/airflow/dags/framework/dwh.py for tasks to queue
[2024-11-24T17:23:34.010+0000] {logging_mixin.py:190} INFO - [2024-11-24T17:23:34.010+0000] {dagbag.py:588} INFO - Filling up the DagBag from /opt/airflow/dags/framework/dwh.py
[2024-11-24T17:23:34.011+0000] {processor.py:927} WARNING - No viable dags retrieved from /opt/airflow/dags/framework/dwh.py
[2024-11-24T17:23:34.016+0000] {processor.py:208} INFO - Processing /opt/airflow/dags/framework/dwh.py took 0.010 seconds
[2024-11-24T18:04:27.648+0000] {processor.py:186} INFO - Started process (PID=26607) to work on /opt/airflow/dags/framework/dwh.py
[2024-11-24T18:04:27.649+0000] {processor.py:914} INFO - Processing file /opt/airflow/dags/framework/dwh.py for tasks to queue
[2024-11-24T18:04:27.649+0000] {logging_mixin.py:190} INFO - [2024-11-24T18:04:27.649+0000] {dagbag.py:588} INFO - Filling up the DagBag from /opt/airflow/dags/framework/dwh.py
[2024-11-24T18:04:27.650+0000] {processor.py:927} WARNING - No viable dags retrieved from /opt/airflow/dags/framework/dwh.py
[2024-11-24T18:04:27.655+0000] {processor.py:208} INFO - Processing /opt/airflow/dags/framework/dwh.py took 0.009 seconds
